<?xml version="1.0" encoding="UTF-8"?>
<testsuites name="Run all test cases" time="1516.298" tests="40" failures="4" errors="0">
   <testsuite name="Run all test cases" tests="40" failures="4" errors="0" time="1516.298" skipped="0" timestamp="2022-01-11 20:35:04" hostname="Thanh Dang - DESKTOP-8IHK86T" id="Test Suites/Run all test cases">
      <properties>
         <property name="deviceName" value=""/>
         <property name="devicePlatform" value=""/>
         <property name="logFolder" value="D:\\Test-Automation---SE-Bonus\\Reports\\20220111_203453\\Run all test cases\\20220111_203453"/>
         <property name="logFiles" value="D:\\Test-Automation---SE-Bonus\\Reports\\20220111_203453\\Run all test cases\\20220111_203453\\execution0.log"/>
         <property name="attachments" value="D:\\Test-Automation---SE-Bonus\\Reports\\20220111_203453\\Run all test cases\\20220111_203453\\1641908761825.png, D:\\Test-Automation---SE-Bonus\\Reports\\20220111_203453\\Run all test cases\\20220111_203453\\1641908820940.png, D:\\Test-Automation---SE-Bonus\\Reports\\20220111_203453\\Run all test cases\\20220111_203453\\1641908828014.png, D:\\Test-Automation---SE-Bonus\\Reports\\20220111_203453\\Run all test cases\\20220111_203453\\1641909249021.png, D:\\Test-Automation---SE-Bonus\\Reports\\20220111_203453\\Run all test cases\\20220111_203453\\1641909471771.png, D:\\Test-Automation---SE-Bonus\\Reports\\20220111_203453\\Run all test cases\\20220111_203453\\1641909549982.png"/>
         <property name="hostName" value="Thanh Dang - DESKTOP-8IHK86T"/>
         <property name="os" value="Windows 10 64bit"/>
         <property name="katalonVersion" value="8.2.0.208"/>
         <property name="browser" value="Edge Chromium 97"/>
         <property name="hostAddress" value="192.168.1.173"/>
         <property name="sessionId" value="239a3d560be7f734975e9e7c6eccf903"/>
         <property name="seleniumVersion" value="3.141.59"/>
         <property name="proxyInformation" value="ProxyInformation { proxyOption=NO_PROXY, proxyServerType=HTTP, username=, password=********, proxyServerAddress=, proxyServerPort=0, executionList=&quot;&quot;, isApplyToDesiredCapabilities=true }"/>
         <property name="platform" value="Windows 10"/>
      </properties>
      <testcase name="Test Cases/Login as admin" time="22.567" classname="Test Cases/Login as admin" status="PASSED">
         <system-out><![CDATA[2022-01-11 20:35:04 - [TEST_CASE][PASSED] - Test Cases/Login as admin: Test Cases/Login as admin

2022-01-11 20:35:05 - [TEST_STEP][PASSED] - openBrowser(""): Browser is opened with url: ''

2022-01-11 20:35:05 - [MESSAGE][INFO] - Starting 'Edge Chromium' driver

2022-01-11 20:35:06 - [MESSAGE][INFO] - Action delay is set to 0 milliseconds

2022-01-11 20:35:08 - [MESSAGE][PASSED] - Browser is opened with url: ''

2022-01-11 20:35:08 - [TEST_STEP][PASSED] - navigateToUrl("http://localhost/"): Navigate to 'http://localhost/' successfully

2022-01-11 20:35:11 - [MESSAGE][PASSED] - Navigate to 'http://localhost/' successfully

2022-01-11 20:35:11 - [TEST_STEP][PASSED] - click(findTestObject("Object Repository/Page_My Moodle/a_Log in")): Object: 'Object Repository/Page_My Moodle/a_Log in' is clicked on

2022-01-11 20:35:12 - [MESSAGE][PASSED] - Object: 'Object Repository/Page_My Moodle/a_Log in' is clicked on

2022-01-11 20:35:12 - [TEST_STEP][PASSED] - setText(findTestObject("Object Repository/Page_My Moodle Log in to the site/input_Username_username"), "admin"): Text 'admin' is set on object 'Object Repository/Page_My Moodle Log in to the site/input_Username_username'

2022-01-11 20:35:13 - [MESSAGE][PASSED] - Text 'admin' is set on object 'Object Repository/Page_My Moodle Log in to the site/input_Username_username'

2022-01-11 20:35:13 - [TEST_STEP][PASSED] - setEncryptedText(findTestObject("Object Repository/Page_My Moodle Log in to the site/input_Password_password"), "7Dxoto1EjKfQbGop/Ov+1g=="): Text ****** has been set on object 'Object Repository/Page_My Moodle Log in to the site/input_Password_password'

2022-01-11 20:35:13 - [MESSAGE][PASSED] - Text ****** has been set on object 'Object Repository/Page_My Moodle Log in to the site/input_Password_password'

2022-01-11 20:35:13 - [TEST_STEP][PASSED] - click(findTestObject("Object Repository/Page_My Moodle Log in to the site/button_Log in")): Object: 'Object Repository/Page_My Moodle Log in to the site/button_Log in' is clicked on

2022-01-11 20:35:27 - [MESSAGE][PASSED] - Object: 'Object Repository/Page_My Moodle Log in to the site/button_Log in' is clicked on]]></system-out>
         <system-err><![CDATA[]]></system-err>
      </testcase>
      <testcase name="Test Cases/Admin config file system (create respositories)" time="30.646" classname="Test Cases/Admin config file system (create respositories)" status="PASSED">
         <system-out><![CDATA[2022-01-11 20:35:27 - [TEST_CASE][PASSED] - Test Cases/Admin config file system (create respositories): Test Cases/Admin config file system (create respositories)

2022-01-11 20:35:27 - [TEST_STEP][PASSED] - callTestCase(findTestCase("Login as admin"), [:], STOP_ON_FAILURE): Call Test Case 'Test Cases/Login as admin' successfully

2022-01-11 20:35:27 - [TEST_CASE][PASSED] - Test Cases/Login as admin: Test Cases/Login as admin

2022-01-11 20:35:27 - [TEST_STEP][PASSED] - openBrowser(""): Browser is opened with url: ''

2022-01-11 20:35:27 - [MESSAGE][WARNING] - A browser is already opened. Closing browser and opening a new one

2022-01-11 20:35:28 - [MESSAGE][INFO] - Starting 'Edge Chromium' driver

2022-01-11 20:35:29 - [MESSAGE][INFO] - Action delay is set to 0 milliseconds

2022-01-11 20:35:30 - [MESSAGE][PASSED] - Browser is opened with url: ''

2022-01-11 20:35:30 - [TEST_STEP][PASSED] - navigateToUrl("http://localhost/"): Navigate to 'http://localhost/' successfully

2022-01-11 20:35:31 - [MESSAGE][PASSED] - Navigate to 'http://localhost/' successfully

2022-01-11 20:35:31 - [TEST_STEP][PASSED] - click(findTestObject("Object Repository/Page_My Moodle/a_Log in")): Object: 'Object Repository/Page_My Moodle/a_Log in' is clicked on

2022-01-11 20:35:31 - [MESSAGE][PASSED] - Object: 'Object Repository/Page_My Moodle/a_Log in' is clicked on

2022-01-11 20:35:31 - [TEST_STEP][PASSED] - setText(findTestObject("Object Repository/Page_My Moodle Log in to the site/input_Username_username"), "admin"): Text 'admin' is set on object 'Object Repository/Page_My Moodle Log in to the site/input_Username_username'

2022-01-11 20:35:32 - [MESSAGE][PASSED] - Text 'admin' is set on object 'Object Repository/Page_My Moodle Log in to the site/input_Username_username'

2022-01-11 20:35:32 - [TEST_STEP][PASSED] - setEncryptedText(findTestObject("Object Repository/Page_My Moodle Log in to the site/input_Password_password"), "7Dxoto1EjKfQbGop/Ov+1g=="): Text ****** has been set on object 'Object Repository/Page_My Moodle Log in to the site/input_Password_password'

2022-01-11 20:35:33 - [MESSAGE][PASSED] - Text ****** has been set on object 'Object Repository/Page_My Moodle Log in to the site/input_Password_password'

2022-01-11 20:35:33 - [TEST_STEP][PASSED] - click(findTestObject("Object Repository/Page_My Moodle Log in to the site/button_Log in")): Object: 'Object Repository/Page_My Moodle Log in to the site/button_Log in' is clicked on

2022-01-11 20:35:34 - [MESSAGE][PASSED] - Object: 'Object Repository/Page_My Moodle Log in to the site/button_Log in' is clicked on

2022-01-11 20:35:34 - [MESSAGE][PASSED] - Call Test Case 'Test Cases/Login as admin' successfully

2022-01-11 20:35:34 - [TEST_STEP][PASSED] - click(findTestObject("Object Repository/Page_Dashboard/span_Site administration")): Object: 'Object Repository/Page_Dashboard/span_Site administration' is clicked on

2022-01-11 20:35:48 - [MESSAGE][PASSED] - Object: 'Object Repository/Page_Dashboard/span_Site administration' is clicked on

2022-01-11 20:35:48 - [TEST_STEP][PASSED] - navigateToUrl("http://localhost/admin/search.php"): Navigate to 'http://localhost/admin/search.php' successfully

2022-01-11 20:35:49 - [MESSAGE][PASSED] - Navigate to 'http://localhost/admin/search.php' successfully

2022-01-11 20:35:49 - [TEST_STEP][PASSED] - click(findTestObject("Object Repository/Page_Moodle Administration Search/a_Plugins")): Object: 'Object Repository/Page_Moodle Administration Search/a_Plugins' is clicked on

2022-01-11 20:35:50 - [MESSAGE][PASSED] - Object: 'Object Repository/Page_Moodle Administration Search/a_Plugins' is clicked on

2022-01-11 20:35:50 - [TEST_STEP][PASSED] - click(findTestObject("Object Repository/Page_Moodle Administration Search/a_Manage repositories")): Object: 'Object Repository/Page_Moodle Administration Search/a_Manage repositories' is clicked on

2022-01-11 20:35:53 - [MESSAGE][PASSED] - Object: 'Object Repository/Page_Moodle Administration Search/a_Manage repositories' is clicked on

2022-01-11 20:35:53 - [TEST_STEP][PASSED] - click(findTestObject("Object Repository/Page_Moodle Administration Plugins Reposito_4b46d1/a_Settings")): Object: 'Object Repository/Page_Moodle Administration Plugins Reposito_4b46d1/a_Settings' is clicked on

2022-01-11 20:35:54 - [MESSAGE][PASSED] - Object: 'Object Repository/Page_Moodle Administration Plugins Reposito_4b46d1/a_Settings' is clicked on

2022-01-11 20:35:54 - [TEST_STEP][PASSED] - click(findTestObject("Object Repository/Page_Moodle Administration Plugins Reposito_90c615/button_Create a repository instance")): Object: 'Object Repository/Page_Moodle Administration Plugins Reposito_90c615/button_Create a repository instance' is clicked on

2022-01-11 20:35:55 - [MESSAGE][PASSED] - Object: 'Object Repository/Page_Moodle Administration Plugins Reposito_90c615/button_Create a repository instance' is clicked on

2022-01-11 20:35:55 - [TEST_STEP][PASSED] - setText(findTestObject("Object Repository/Page_Moodle Administration Plugins Reposito_b84f2c/input_Name_name"), "csv"): Text 'csv' is set on object 'Object Repository/Page_Moodle Administration Plugins Reposito_b84f2c/input_Name_name'

2022-01-11 20:35:56 - [MESSAGE][PASSED] - Text 'csv' is set on object 'Object Repository/Page_Moodle Administration Plugins Reposito_b84f2c/input_Name_name'

2022-01-11 20:35:56 - [TEST_STEP][PASSED] - click(findTestObject("Object Repository/Page_Moodle Administration Plugins Reposito_b84f2c/input_Allow relative files_relativefiles")): Object: 'Object Repository/Page_Moodle Administration Plugins Reposito_b84f2c/input_Allow relative files_relativefiles' is clicked on

2022-01-11 20:35:57 - [MESSAGE][PASSED] - Object: 'Object Repository/Page_Moodle Administration Plugins Reposito_b84f2c/input_Allow relative files_relativefiles' is clicked on

2022-01-11 20:35:57 - [TEST_STEP][PASSED] - click(findTestObject("Object Repository/Page_Moodle Administration Plugins Reposito_b84f2c/input_This allows all files in the reposito_ba0d3d")): Object: 'Object Repository/Page_Moodle Administration Plugins Reposito_b84f2c/input_This allows all files in the reposito_ba0d3d' is clicked on

2022-01-11 20:35:57 - [MESSAGE][PASSED] - Object: 'Object Repository/Page_Moodle Administration Plugins Reposito_b84f2c/input_This allows all files in the reposito_ba0d3d' is clicked on]]></system-out>
         <system-err><![CDATA[]]></system-err>
      </testcase>
      <testcase name="Test Cases/Admin config outgoing email" time="19.065" classname="Test Cases/Admin config outgoing email" status="PASSED">
         <system-out><![CDATA[2022-01-11 20:35:58 - [TEST_CASE][PASSED] - Test Cases/Admin config outgoing email: Test Cases/Admin config outgoing email

2022-01-11 20:35:58 - [TEST_STEP][PASSED] - callTestCase(findTestCase("Login as admin"), [:], STOP_ON_FAILURE): Call Test Case 'Test Cases/Login as admin' successfully

2022-01-11 20:35:58 - [TEST_CASE][PASSED] - Test Cases/Login as admin: Test Cases/Login as admin

2022-01-11 20:35:58 - [TEST_STEP][PASSED] - openBrowser(""): Browser is opened with url: ''

2022-01-11 20:35:58 - [MESSAGE][WARNING] - A browser is already opened. Closing browser and opening a new one

2022-01-11 20:35:59 - [MESSAGE][INFO] - Starting 'Edge Chromium' driver

2022-01-11 20:35:59 - [MESSAGE][INFO] - Action delay is set to 0 milliseconds

2022-01-11 20:36:01 - [MESSAGE][PASSED] - Browser is opened with url: ''

2022-01-11 20:36:01 - [TEST_STEP][PASSED] - navigateToUrl("http://localhost/"): Navigate to 'http://localhost/' successfully

2022-01-11 20:36:01 - [MESSAGE][PASSED] - Navigate to 'http://localhost/' successfully

2022-01-11 20:36:01 - [TEST_STEP][PASSED] - click(findTestObject("Object Repository/Page_My Moodle/a_Log in")): Object: 'Object Repository/Page_My Moodle/a_Log in' is clicked on

2022-01-11 20:36:02 - [MESSAGE][PASSED] - Object: 'Object Repository/Page_My Moodle/a_Log in' is clicked on

2022-01-11 20:36:02 - [TEST_STEP][PASSED] - setText(findTestObject("Object Repository/Page_My Moodle Log in to the site/input_Username_username"), "admin"): Text 'admin' is set on object 'Object Repository/Page_My Moodle Log in to the site/input_Username_username'

2022-01-11 20:36:03 - [MESSAGE][PASSED] - Text 'admin' is set on object 'Object Repository/Page_My Moodle Log in to the site/input_Username_username'

2022-01-11 20:36:03 - [TEST_STEP][PASSED] - setEncryptedText(findTestObject("Object Repository/Page_My Moodle Log in to the site/input_Password_password"), "7Dxoto1EjKfQbGop/Ov+1g=="): Text ****** has been set on object 'Object Repository/Page_My Moodle Log in to the site/input_Password_password'

2022-01-11 20:36:03 - [MESSAGE][PASSED] - Text ****** has been set on object 'Object Repository/Page_My Moodle Log in to the site/input_Password_password'

2022-01-11 20:36:03 - [TEST_STEP][PASSED] - click(findTestObject("Object Repository/Page_My Moodle Log in to the site/button_Log in")): Object: 'Object Repository/Page_My Moodle Log in to the site/button_Log in' is clicked on

2022-01-11 20:36:04 - [MESSAGE][PASSED] - Object: 'Object Repository/Page_My Moodle Log in to the site/button_Log in' is clicked on

2022-01-11 20:36:04 - [MESSAGE][PASSED] - Call Test Case 'Test Cases/Login as admin' successfully

2022-01-11 20:36:04 - [TEST_STEP][PASSED] - click(findTestObject("Object Repository/Page_Dashboard/span_Site administration")): Object: 'Object Repository/Page_Dashboard/span_Site administration' is clicked on

2022-01-11 20:36:06 - [MESSAGE][PASSED] - Object: 'Object Repository/Page_Dashboard/span_Site administration' is clicked on

2022-01-11 20:36:06 - [TEST_STEP][PASSED] - navigateToUrl("http://localhost/admin/search.php"): Navigate to 'http://localhost/admin/search.php' successfully

2022-01-11 20:36:07 - [MESSAGE][PASSED] - Navigate to 'http://localhost/admin/search.php' successfully

2022-01-11 20:36:07 - [TEST_STEP][PASSED] - click(findTestObject("Object Repository/Page_Moodle Administration Search/a_Server")): Object: 'Object Repository/Page_Moodle Administration Search/a_Server' is clicked on

2022-01-11 20:36:07 - [MESSAGE][PASSED] - Object: 'Object Repository/Page_Moodle Administration Search/a_Server' is clicked on

2022-01-11 20:36:07 - [TEST_STEP][PASSED] - click(findTestObject("Object Repository/Page_Moodle Administration Search/a_Outgoing mail configuration")): Object: 'Object Repository/Page_Moodle Administration Search/a_Outgoing mail configuration' is clicked on

2022-01-11 20:36:08 - [MESSAGE][PASSED] - Object: 'Object Repository/Page_Moodle Administration Search/a_Outgoing mail configuration' is clicked on

2022-01-11 20:36:08 - [TEST_STEP][PASSED] - setText(findTestObject("Object Repository/Page_Moodle Administration Server Email Out_d1e642/input_smtphosts_s__smtphosts"), "smtp.gmail.com:587"): Text 'smtp.gmail.com:587' is set on object 'Object Repository/Page_Moodle Administration Server Email Out_d1e642/input_smtphosts_s__smtphosts'

2022-01-11 20:36:09 - [MESSAGE][PASSED] - Text 'smtp.gmail.com:587' is set on object 'Object Repository/Page_Moodle Administration Server Email Out_d1e642/input_smtphosts_s__smtphosts'

2022-01-11 20:36:09 - [TEST_STEP][PASSED] - selectOptionByValue(findTestObject("Object Repository/Page_Moodle Administration Server Email Out_d1e642/select_None            SSL            TLS"), "tls", true): All options with value 'tls' are selected in object 'Object Repository/Page_Moodle Administration Server Email Out_d1e642/select_None            SSL            TLS'  using regular expression

2022-01-11 20:36:11 - [MESSAGE][PASSED] - All options with value 'tls' are selected in object 'Object Repository/Page_Moodle Administration Server Email Out_d1e642/select_None            SSL            TLS'  using regular expression

2022-01-11 20:36:11 - [TEST_STEP][PASSED] - setText(findTestObject("Object Repository/Page_Moodle Administration Server Email Out_d1e642/input_smtpuser_s__smtpuser"), "moodle.testing.team@gmail.com"): Text 'moodle.testing.team@gmail.com' is set on object 'Object Repository/Page_Moodle Administration Server Email Out_d1e642/input_smtpuser_s__smtpuser'

2022-01-11 20:36:11 - [MESSAGE][PASSED] - Text 'moodle.testing.team@gmail.com' is set on object 'Object Repository/Page_Moodle Administration Server Email Out_d1e642/input_smtpuser_s__smtpuser'

2022-01-11 20:36:11 - [TEST_STEP][PASSED] - click(findTestObject("Object Repository/Page_Moodle Administration Server Email Out_d1e642/i_Click to enter text_icon fa fa-pencil fa-fw")): Object: 'Object Repository/Page_Moodle Administration Server Email Out_d1e642/i_Click to enter text_icon fa fa-pencil fa-fw' is clicked on

2022-01-11 20:36:12 - [MESSAGE][PASSED] - Object: 'Object Repository/Page_Moodle Administration Server Email Out_d1e642/i_Click to enter text_icon fa fa-pencil fa-fw' is clicked on

2022-01-11 20:36:12 - [TEST_STEP][PASSED] - setEncryptedText(findTestObject("Object Repository/Page_Moodle Administration Server Email Out_d1e642/input_smtppass_s__smtppass"), "vmGLb5mQ4V2AGvF7YR/3BQ=="): Text ****** has been set on object 'Object Repository/Page_Moodle Administration Server Email Out_d1e642/input_smtppass_s__smtppass'

2022-01-11 20:36:13 - [MESSAGE][PASSED] - Text ****** has been set on object 'Object Repository/Page_Moodle Administration Server Email Out_d1e642/input_smtppass_s__smtppass'

2022-01-11 20:36:13 - [TEST_STEP][PASSED] - setText(findTestObject("Object Repository/Page_Moodle Administration Server Email Out_d1e642/input_noreplyaddress_s__noreplyaddress"), "moodle.testing.team@gmail.com"): Text 'moodle.testing.team@gmail.com' is set on object 'Object Repository/Page_Moodle Administration Server Email Out_d1e642/input_noreplyaddress_s__noreplyaddress'

2022-01-11 20:36:14 - [MESSAGE][PASSED] - Text 'moodle.testing.team@gmail.com' is set on object 'Object Repository/Page_Moodle Administration Server Email Out_d1e642/input_noreplyaddress_s__noreplyaddress'

2022-01-11 20:36:14 - [TEST_STEP][PASSED] - click(findTestObject("Object Repository/Page_Moodle Administration Server Email Out_d1e642/button_Save changes")): Object: 'Object Repository/Page_Moodle Administration Server Email Out_d1e642/button_Save changes' is clicked on

2022-01-11 20:36:16 - [MESSAGE][PASSED] - Object: 'Object Repository/Page_Moodle Administration Server Email Out_d1e642/button_Save changes' is clicked on

2022-01-11 20:36:16 - [TEST_STEP][PASSED] - click(findTestObject("Object Repository/Page_Moodle Administration Server Email Out_d1e642/div_Changes saved")): Object: 'Object Repository/Page_Moodle Administration Server Email Out_d1e642/div_Changes saved' is clicked on

2022-01-11 20:36:17 - [MESSAGE][PASSED] - Object: 'Object Repository/Page_Moodle Administration Server Email Out_d1e642/div_Changes saved' is clicked on]]></system-out>
         <system-err><![CDATA[]]></system-err>
      </testcase>
      <testcase name="Test Cases/Admin edit profile (change email)" time="14.202" classname="Test Cases/Admin edit profile (change email)" status="PASSED">
         <system-out><![CDATA[2022-01-11 20:36:17 - [TEST_CASE][PASSED] - Test Cases/Admin edit profile (change email): Test Cases/Admin edit profile (change email)

2022-01-11 20:36:17 - [TEST_STEP][PASSED] - callTestCase(findTestCase("Login as admin"), [:], STOP_ON_FAILURE): Call Test Case 'Test Cases/Login as admin' successfully

2022-01-11 20:36:17 - [TEST_CASE][PASSED] - Test Cases/Login as admin: Test Cases/Login as admin

2022-01-11 20:36:17 - [TEST_STEP][PASSED] - openBrowser(""): Browser is opened with url: ''

2022-01-11 20:36:17 - [MESSAGE][WARNING] - A browser is already opened. Closing browser and opening a new one

2022-01-11 20:36:18 - [MESSAGE][INFO] - Starting 'Edge Chromium' driver

2022-01-11 20:36:18 - [MESSAGE][INFO] - Action delay is set to 0 milliseconds

2022-01-11 20:36:20 - [MESSAGE][PASSED] - Browser is opened with url: ''

2022-01-11 20:36:20 - [TEST_STEP][PASSED] - navigateToUrl("http://localhost/"): Navigate to 'http://localhost/' successfully

2022-01-11 20:36:20 - [MESSAGE][PASSED] - Navigate to 'http://localhost/' successfully

2022-01-11 20:36:20 - [TEST_STEP][PASSED] - click(findTestObject("Object Repository/Page_My Moodle/a_Log in")): Object: 'Object Repository/Page_My Moodle/a_Log in' is clicked on

2022-01-11 20:36:21 - [MESSAGE][PASSED] - Object: 'Object Repository/Page_My Moodle/a_Log in' is clicked on

2022-01-11 20:36:21 - [TEST_STEP][PASSED] - setText(findTestObject("Object Repository/Page_My Moodle Log in to the site/input_Username_username"), "admin"): Text 'admin' is set on object 'Object Repository/Page_My Moodle Log in to the site/input_Username_username'

2022-01-11 20:36:22 - [MESSAGE][PASSED] - Text 'admin' is set on object 'Object Repository/Page_My Moodle Log in to the site/input_Username_username'

2022-01-11 20:36:22 - [TEST_STEP][PASSED] - setEncryptedText(findTestObject("Object Repository/Page_My Moodle Log in to the site/input_Password_password"), "7Dxoto1EjKfQbGop/Ov+1g=="): Text ****** has been set on object 'Object Repository/Page_My Moodle Log in to the site/input_Password_password'

2022-01-11 20:36:22 - [MESSAGE][PASSED] - Text ****** has been set on object 'Object Repository/Page_My Moodle Log in to the site/input_Password_password'

2022-01-11 20:36:22 - [TEST_STEP][PASSED] - click(findTestObject("Object Repository/Page_My Moodle Log in to the site/button_Log in")): Object: 'Object Repository/Page_My Moodle Log in to the site/button_Log in' is clicked on

2022-01-11 20:36:23 - [MESSAGE][PASSED] - Object: 'Object Repository/Page_My Moodle Log in to the site/button_Log in' is clicked on

2022-01-11 20:36:24 - [MESSAGE][PASSED] - Call Test Case 'Test Cases/Login as admin' successfully

2022-01-11 20:36:24 - [TEST_STEP][PASSED] - click(findTestObject("Object Repository/Page_Dashboard/a_Admin Team")): Object: 'Object Repository/Page_Dashboard/a_Admin Team' is clicked on

2022-01-11 20:36:25 - [MESSAGE][PASSED] - Object: 'Object Repository/Page_Dashboard/a_Admin Team' is clicked on

2022-01-11 20:36:25 - [TEST_STEP][PASSED] - click(findTestObject("Object Repository/Page_Dashboard/span_Preferences")): Object: 'Object Repository/Page_Dashboard/span_Preferences' is clicked on

2022-01-11 20:36:25 - [MESSAGE][PASSED] - Object: 'Object Repository/Page_Dashboard/span_Preferences' is clicked on

2022-01-11 20:36:25 - [TEST_STEP][PASSED] - navigateToUrl("http://localhost/user/preferences.php"): Navigate to 'http://localhost/user/preferences.php' successfully

2022-01-11 20:36:26 - [MESSAGE][PASSED] - Navigate to 'http://localhost/user/preferences.php' successfully

2022-01-11 20:36:26 - [TEST_STEP][PASSED] - click(findTestObject("Object Repository/Page_Preferences/a_Edit profile")): Object: 'Object Repository/Page_Preferences/a_Edit profile' is clicked on

2022-01-11 20:36:29 - [MESSAGE][PASSED] - Object: 'Object Repository/Page_Preferences/a_Edit profile' is clicked on

2022-01-11 20:36:29 - [TEST_STEP][PASSED] - setText(findTestObject("Object Repository/Page_Moodle Edit profile/input_Email address_email"), "moodle.testing.team@gmail.com"): Text 'moodle.testing.team@gmail.com' is set on object 'Object Repository/Page_Moodle Edit profile/input_Email address_email'

2022-01-11 20:36:30 - [MESSAGE][PASSED] - Text 'moodle.testing.team@gmail.com' is set on object 'Object Repository/Page_Moodle Edit profile/input_Email address_email'

2022-01-11 20:36:30 - [TEST_STEP][PASSED] - click(findTestObject("Object Repository/Page_Moodle Edit profile/input_Address_submitbutton")): Object: 'Object Repository/Page_Moodle Edit profile/input_Address_submitbutton' is clicked on

2022-01-11 20:36:31 - [MESSAGE][PASSED] - Object: 'Object Repository/Page_Moodle Edit profile/input_Address_submitbutton' is clicked on]]></system-out>
         <system-err><![CDATA[]]></system-err>
      </testcase>
      <testcase name="Test Cases/Admin upload user with csv" time="26.725" classname="Test Cases/Admin upload user with csv" status="PASSED">
         <system-out><![CDATA[2022-01-11 20:36:31 - [TEST_CASE][PASSED] - Test Cases/Admin upload user with csv: Test Cases/Admin upload user with csv

2022-01-11 20:36:31 - [TEST_STEP][PASSED] - callTestCase(findTestCase("Login as admin"), [:], STOP_ON_FAILURE): Call Test Case 'Test Cases/Login as admin' successfully

2022-01-11 20:36:31 - [TEST_CASE][PASSED] - Test Cases/Login as admin: Test Cases/Login as admin

2022-01-11 20:36:31 - [TEST_STEP][PASSED] - openBrowser(""): Browser is opened with url: ''

2022-01-11 20:36:31 - [MESSAGE][WARNING] - A browser is already opened. Closing browser and opening a new one

2022-01-11 20:36:32 - [MESSAGE][INFO] - Starting 'Edge Chromium' driver

2022-01-11 20:36:33 - [MESSAGE][INFO] - Action delay is set to 0 milliseconds

2022-01-11 20:36:34 - [MESSAGE][PASSED] - Browser is opened with url: ''

2022-01-11 20:36:34 - [TEST_STEP][PASSED] - navigateToUrl("http://localhost/"): Navigate to 'http://localhost/' successfully

2022-01-11 20:36:35 - [MESSAGE][PASSED] - Navigate to 'http://localhost/' successfully

2022-01-11 20:36:35 - [TEST_STEP][PASSED] - click(findTestObject("Object Repository/Page_My Moodle/a_Log in")): Object: 'Object Repository/Page_My Moodle/a_Log in' is clicked on

2022-01-11 20:36:35 - [MESSAGE][PASSED] - Object: 'Object Repository/Page_My Moodle/a_Log in' is clicked on

2022-01-11 20:36:35 - [TEST_STEP][PASSED] - setText(findTestObject("Object Repository/Page_My Moodle Log in to the site/input_Username_username"), "admin"): Text 'admin' is set on object 'Object Repository/Page_My Moodle Log in to the site/input_Username_username'

2022-01-11 20:36:36 - [MESSAGE][PASSED] - Text 'admin' is set on object 'Object Repository/Page_My Moodle Log in to the site/input_Username_username'

2022-01-11 20:36:36 - [TEST_STEP][PASSED] - setEncryptedText(findTestObject("Object Repository/Page_My Moodle Log in to the site/input_Password_password"), "7Dxoto1EjKfQbGop/Ov+1g=="): Text ****** has been set on object 'Object Repository/Page_My Moodle Log in to the site/input_Password_password'

2022-01-11 20:36:36 - [MESSAGE][PASSED] - Text ****** has been set on object 'Object Repository/Page_My Moodle Log in to the site/input_Password_password'

2022-01-11 20:36:36 - [TEST_STEP][PASSED] - click(findTestObject("Object Repository/Page_My Moodle Log in to the site/button_Log in")): Object: 'Object Repository/Page_My Moodle Log in to the site/button_Log in' is clicked on

2022-01-11 20:36:38 - [MESSAGE][PASSED] - Object: 'Object Repository/Page_My Moodle Log in to the site/button_Log in' is clicked on

2022-01-11 20:36:38 - [MESSAGE][PASSED] - Call Test Case 'Test Cases/Login as admin' successfully

2022-01-11 20:36:38 - [TEST_STEP][PASSED] - click(findTestObject("Object Repository/Page_Dashboard/span_Site administration")): Object: 'Object Repository/Page_Dashboard/span_Site administration' is clicked on

2022-01-11 20:36:39 - [MESSAGE][PASSED] - Object: 'Object Repository/Page_Dashboard/span_Site administration' is clicked on

2022-01-11 20:36:39 - [TEST_STEP][PASSED] - click(findTestObject("Object Repository/Page_MT Administration Search/a_Users")): Object: 'Object Repository/Page_MT Administration Search/a_Users' is clicked on

2022-01-11 20:36:40 - [MESSAGE][PASSED] - Object: 'Object Repository/Page_MT Administration Search/a_Users' is clicked on

2022-01-11 20:36:40 - [TEST_STEP][PASSED] - click(findTestObject("Object Repository/Page_MT Administration Search/a_Upload users")): Object: 'Object Repository/Page_MT Administration Search/a_Upload users' is clicked on

2022-01-11 20:36:41 - [MESSAGE][PASSED] - Object: 'Object Repository/Page_MT Administration Search/a_Upload users' is clicked on

2022-01-11 20:36:41 - [TEST_STEP][PASSED] - click(findTestObject("Page_Moodle Administration Users Accounts Upload users/input_File_userfilechoose")): Object: 'Object Repository/Page_Moodle Administration Users Accounts Upload users/input_File_userfilechoose' is clicked on

2022-01-11 20:36:42 - [MESSAGE][PASSED] - Object: 'Object Repository/Page_Moodle Administration Users Accounts Upload users/input_File_userfilechoose' is clicked on

2022-01-11 20:36:42 - [TEST_STEP][PASSED] - click(findTestObject("Page_Moodle Administration Users Accounts Upload users/a_csv")): Object: 'Object Repository/Page_Moodle Administration Users Accounts Upload users/a_csv' is clicked on

2022-01-11 20:36:43 - [MESSAGE][PASSED] - Object: 'Object Repository/Page_Moodle Administration Users Accounts Upload users/a_csv' is clicked on

2022-01-11 20:36:43 - [TEST_STEP][PASSED] - click(findTestObject("Page_Moodle Administration Users Accounts Upload users/usercorrect")): Object: 'Object Repository/Page_Moodle Administration Users Accounts Upload users/usercorrect' is clicked on

2022-01-11 20:36:43 - [MESSAGE][PASSED] - Object: 'Object Repository/Page_Moodle Administration Users Accounts Upload users/usercorrect' is clicked on

2022-01-11 20:36:43 - [TEST_STEP][PASSED] - click(findTestObject("Page_Moodle Administration Users Accounts Upload users/button_Select this file")): Object: 'Object Repository/Page_Moodle Administration Users Accounts Upload users/button_Select this file' is clicked on

2022-01-11 20:36:44 - [MESSAGE][PASSED] - Object: 'Object Repository/Page_Moodle Administration Users Accounts Upload users/button_Select this file' is clicked on

2022-01-11 20:36:44 - [TEST_STEP][PASSED] - click(findTestObject("Object Repository/Page_MT Administration Users Accounts Upload users/input_Preview rows_submitbutton")): Object: 'Object Repository/Page_MT Administration Users Accounts Upload users/input_Preview rows_submitbutton' is clicked on

2022-01-11 20:36:45 - [MESSAGE][PASSED] - Object: 'Object Repository/Page_MT Administration Users Accounts Upload users/input_Preview rows_submitbutton' is clicked on

2022-01-11 20:36:45 - [TEST_STEP][PASSED] - selectOptionByValue(findTestObject("Object Repository/Page_MT Administration Users Accounts Upload users/select_Field required in file            Cr_517de1"), "0", true): All options with value '0' are selected in object 'Object Repository/Page_MT Administration Users Accounts Upload users/select_Field required in file            Cr_517de1'  using regular expression

2022-01-11 20:36:47 - [MESSAGE][PASSED] - All options with value '0' are selected in object 'Object Repository/Page_MT Administration Users Accounts Upload users/select_Field required in file            Cr_517de1'  using regular expression

2022-01-11 20:36:47 - [TEST_STEP][PASSED] - selectOptionByValue(findTestObject("Object Repository/Page_MT Administration Users Accounts Upload users/select_Users having a weak password        _b6a197"), "0", true): All options with value '0' are selected in object 'Object Repository/Page_MT Administration Users Accounts Upload users/select_Users having a weak password        _b6a197'  using regular expression

2022-01-11 20:36:48 - [MESSAGE][PASSED] - All options with value '0' are selected in object 'Object Repository/Page_MT Administration Users Accounts Upload users/select_Users having a weak password        _b6a197'  using regular expression

2022-01-11 20:36:48 - [TEST_STEP][PASSED] - click(findTestObject("Object Repository/Page_MT Administration Users Accounts Upload users/input_Preview rows_submitbutton")): Object: 'Object Repository/Page_MT Administration Users Accounts Upload users/input_Preview rows_submitbutton' is clicked on

2022-01-11 20:36:49 - [MESSAGE][PASSED] - Object: 'Object Repository/Page_MT Administration Users Accounts Upload users/input_Preview rows_submitbutton' is clicked on

2022-01-11 20:36:49 - [TEST_STEP][PASSED] - click(findTestObject("Object Repository/Page_MT Administration Users Accounts Upload users/button_Continue")): Object: 'Object Repository/Page_MT Administration Users Accounts Upload users/button_Continue' is clicked on

2022-01-11 20:36:51 - [MESSAGE][PASSED] - Object: 'Object Repository/Page_MT Administration Users Accounts Upload users/button_Continue' is clicked on

2022-01-11 20:36:51 - [TEST_STEP][PASSED] - click(findTestObject("Object Repository/Page_MT Administration Users Accounts Upload users/a_Admin User")): Object: 'Object Repository/Page_MT Administration Users Accounts Upload users/a_Admin User' is clicked on

2022-01-11 20:36:51 - [MESSAGE][PASSED] - Object: 'Object Repository/Page_MT Administration Users Accounts Upload users/a_Admin User' is clicked on

2022-01-11 20:36:51 - [TEST_STEP][PASSED] - click(findTestObject("Object Repository/Page_MT Administration Users Accounts Upload users/span_Log out")): Object: 'Object Repository/Page_MT Administration Users Accounts Upload users/span_Log out' is clicked on

2022-01-11 20:36:52 - [MESSAGE][PASSED] - Object: 'Object Repository/Page_MT Administration Users Accounts Upload users/span_Log out' is clicked on

2022-01-11 20:36:52 - [TEST_STEP][PASSED] - click(findTestObject("Object Repository/Page_Moodle Testing/a_Log in")): Object: 'Object Repository/Page_Moodle Testing/a_Log in' is clicked on

2022-01-11 20:36:53 - [MESSAGE][PASSED] - Object: 'Object Repository/Page_Moodle Testing/a_Log in' is clicked on

2022-01-11 20:36:53 - [TEST_STEP][PASSED] - setText(findTestObject("Object Repository/Page_Moodle Testing Log in to the site/input_Username_username"), "student1"): Text 'student1' is set on object 'Object Repository/Page_Moodle Testing Log in to the site/input_Username_username'

2022-01-11 20:36:54 - [MESSAGE][PASSED] - Text 'student1' is set on object 'Object Repository/Page_Moodle Testing Log in to the site/input_Username_username'

2022-01-11 20:36:54 - [TEST_STEP][PASSED] - setEncryptedText(findTestObject("Object Repository/Page_Moodle Testing Log in to the site/input_Password_password"), "HeCM15nHKBI="): Text ****** has been set on object 'Object Repository/Page_Moodle Testing Log in to the site/input_Password_password'

2022-01-11 20:36:54 - [MESSAGE][PASSED] - Text ****** has been set on object 'Object Repository/Page_Moodle Testing Log in to the site/input_Password_password'

2022-01-11 20:36:54 - [TEST_STEP][PASSED] - click(findTestObject("Object Repository/Page_Moodle Testing Log in to the site/button_Log in")): Object: 'Object Repository/Page_Moodle Testing Log in to the site/button_Log in' is clicked on

2022-01-11 20:36:55 - [MESSAGE][PASSED] - Object: 'Object Repository/Page_Moodle Testing Log in to the site/button_Log in' is clicked on

2022-01-11 20:36:55 - [TEST_STEP][PASSED] - click(findTestObject("Object Repository/Page_Dashboard/i_MT_icon fa fa-bell fa-fw")): Object: 'Object Repository/Page_Dashboard/i_MT_icon fa fa-bell fa-fw' is clicked on

2022-01-11 20:36:57 - [MESSAGE][PASSED] - Object: 'Object Repository/Page_Dashboard/i_MT_icon fa fa-bell fa-fw' is clicked on

2022-01-11 20:36:57 - [TEST_STEP][PASSED] - closeBrowser(): Browser is closed

2022-01-11 20:36:58 - [MESSAGE][PASSED] - Browser is closed]]></system-out>
         <system-err><![CDATA[]]></system-err>
      </testcase>
      <testcase name="Test Cases/Admin upload user wrong with csv" time="14.887" classname="Test Cases/Admin upload user wrong with csv" status="PASSED">
         <system-out><![CDATA[2022-01-11 20:36:58 - [TEST_CASE][PASSED] - Test Cases/Admin upload user wrong with csv: Test Cases/Admin upload user wrong with csv

2022-01-11 20:36:58 - [TEST_STEP][PASSED] - callTestCase(findTestCase("Login as admin"), [:], STOP_ON_FAILURE): Call Test Case 'Test Cases/Login as admin' successfully

2022-01-11 20:36:58 - [TEST_CASE][PASSED] - Test Cases/Login as admin: Test Cases/Login as admin

2022-01-11 20:36:58 - [TEST_STEP][PASSED] - openBrowser(""): Browser is opened with url: ''

2022-01-11 20:36:58 - [MESSAGE][INFO] - Starting 'Edge Chromium' driver

2022-01-11 20:36:58 - [MESSAGE][INFO] - Action delay is set to 0 milliseconds

2022-01-11 20:37:00 - [MESSAGE][PASSED] - Browser is opened with url: ''

2022-01-11 20:37:00 - [TEST_STEP][PASSED] - navigateToUrl("http://localhost/"): Navigate to 'http://localhost/' successfully

2022-01-11 20:37:00 - [MESSAGE][PASSED] - Navigate to 'http://localhost/' successfully

2022-01-11 20:37:00 - [TEST_STEP][PASSED] - click(findTestObject("Object Repository/Page_My Moodle/a_Log in")): Object: 'Object Repository/Page_My Moodle/a_Log in' is clicked on

2022-01-11 20:37:01 - [MESSAGE][PASSED] - Object: 'Object Repository/Page_My Moodle/a_Log in' is clicked on

2022-01-11 20:37:01 - [TEST_STEP][PASSED] - setText(findTestObject("Object Repository/Page_My Moodle Log in to the site/input_Username_username"), "admin"): Text 'admin' is set on object 'Object Repository/Page_My Moodle Log in to the site/input_Username_username'

2022-01-11 20:37:02 - [MESSAGE][PASSED] - Text 'admin' is set on object 'Object Repository/Page_My Moodle Log in to the site/input_Username_username'

2022-01-11 20:37:02 - [TEST_STEP][PASSED] - setEncryptedText(findTestObject("Object Repository/Page_My Moodle Log in to the site/input_Password_password"), "7Dxoto1EjKfQbGop/Ov+1g=="): Text ****** has been set on object 'Object Repository/Page_My Moodle Log in to the site/input_Password_password'

2022-01-11 20:37:02 - [MESSAGE][PASSED] - Text ****** has been set on object 'Object Repository/Page_My Moodle Log in to the site/input_Password_password'

2022-01-11 20:37:02 - [TEST_STEP][PASSED] - click(findTestObject("Object Repository/Page_My Moodle Log in to the site/button_Log in")): Object: 'Object Repository/Page_My Moodle Log in to the site/button_Log in' is clicked on

2022-01-11 20:37:03 - [MESSAGE][PASSED] - Object: 'Object Repository/Page_My Moodle Log in to the site/button_Log in' is clicked on

2022-01-11 20:37:03 - [MESSAGE][PASSED] - Call Test Case 'Test Cases/Login as admin' successfully

2022-01-11 20:37:03 - [TEST_STEP][PASSED] - click(findTestObject("Object Repository/Page_Dashboard/span_Site administration")): Object: 'Object Repository/Page_Dashboard/span_Site administration' is clicked on

2022-01-11 20:37:06 - [MESSAGE][PASSED] - Object: 'Object Repository/Page_Dashboard/span_Site administration' is clicked on

2022-01-11 20:37:06 - [TEST_STEP][PASSED] - click(findTestObject("Object Repository/Page_MT Administration Search/a_Users")): Object: 'Object Repository/Page_MT Administration Search/a_Users' is clicked on

2022-01-11 20:37:06 - [MESSAGE][PASSED] - Object: 'Object Repository/Page_MT Administration Search/a_Users' is clicked on

2022-01-11 20:37:06 - [TEST_STEP][PASSED] - click(findTestObject("Object Repository/Page_MT Administration Search/a_Upload users")): Object: 'Object Repository/Page_MT Administration Search/a_Upload users' is clicked on

2022-01-11 20:37:07 - [MESSAGE][PASSED] - Object: 'Object Repository/Page_MT Administration Search/a_Upload users' is clicked on

2022-01-11 20:37:07 - [TEST_STEP][PASSED] - click(findTestObject("Page_Moodle Administration Users Accounts Upload users/input_File_userfilechoose")): Object: 'Object Repository/Page_Moodle Administration Users Accounts Upload users/input_File_userfilechoose' is clicked on

2022-01-11 20:37:08 - [MESSAGE][PASSED] - Object: 'Object Repository/Page_Moodle Administration Users Accounts Upload users/input_File_userfilechoose' is clicked on

2022-01-11 20:37:08 - [TEST_STEP][PASSED] - click(findTestObject("Object Repository/Page_MT Administration Users Accounts Upload users/span_csv")): Object: 'Object Repository/Page_MT Administration Users Accounts Upload users/span_csv' is clicked on

2022-01-11 20:37:09 - [MESSAGE][PASSED] - Object: 'Object Repository/Page_MT Administration Users Accounts Upload users/span_csv' is clicked on

2022-01-11 20:37:09 - [TEST_STEP][PASSED] - click(findTestObject("Page_Moodle Administration Users Accounts Upload users/userwrong")): Object: 'Object Repository/Page_Moodle Administration Users Accounts Upload users/userwrong' is clicked on

2022-01-11 20:37:09 - [MESSAGE][PASSED] - Object: 'Object Repository/Page_Moodle Administration Users Accounts Upload users/userwrong' is clicked on

2022-01-11 20:37:09 - [TEST_STEP][PASSED] - click(findTestObject("Object Repository/Page_MT Administration Users Accounts Upload users/button_Select this file")): Object: 'Object Repository/Page_MT Administration Users Accounts Upload users/button_Select this file' is clicked on

2022-01-11 20:37:10 - [MESSAGE][PASSED] - Object: 'Object Repository/Page_MT Administration Users Accounts Upload users/button_Select this file' is clicked on

2022-01-11 20:37:10 - [TEST_STEP][PASSED] - click(findTestObject("Object Repository/Page_MT Administration Users Accounts Upload users/input_Preview rows_submitbutton")): Object: 'Object Repository/Page_MT Administration Users Accounts Upload users/input_Preview rows_submitbutton' is clicked on

2022-01-11 20:37:11 - [MESSAGE][PASSED] - Object: 'Object Repository/Page_MT Administration Users Accounts Upload users/input_Preview rows_submitbutton' is clicked on

2022-01-11 20:37:11 - [TEST_STEP][PASSED] - verifyEqual(getText(findTestObject("Object Repository/Page_Error/p_An error occurred while loading the CSV file Invalid CSV file format - number of columns is not constant")).toString(), "An error occurred while loading the CSV file: Invalid CSV file format - number of columns is not constant!"): Actual object 'An error occurred while loading the CSV file: Invalid CSV file format - number of columns is not constant!' and expected object 'An error occurred while loading the CSV file: Invalid CSV file format - number of columns is not constant!' are equal

2022-01-11 20:37:12 - [MESSAGE][PASSED] - Text of object 'Object Repository/Page_Error/p_An error occurred while loading the CSV file Invalid CSV file format - number of columns is not constant' is: 'An error occurred while loading the CSV file: Invalid CSV file format - number of columns is not constant!'

2022-01-11 20:37:12 - [MESSAGE][PASSED] - Actual object 'An error occurred while loading the CSV file: Invalid CSV file format - number of columns is not constant!' and expected object 'An error occurred while loading the CSV file: Invalid CSV file format - number of columns is not constant!' are equal

2022-01-11 20:37:12 - [TEST_STEP][PASSED] - closeBrowser(): Browser is closed

2022-01-11 20:37:12 - [MESSAGE][PASSED] - Browser is closed]]></system-out>
         <system-err><![CDATA[]]></system-err>
      </testcase>
      <testcase name="Test Cases/Admin create user" time="24.732" classname="Test Cases/Admin create user" status="PASSED">
         <system-out><![CDATA[2022-01-11 20:37:12 - [TEST_CASE][PASSED] - Test Cases/Admin create user: Test Cases/Admin create user

2022-01-11 20:37:13 - [TEST_STEP][PASSED] - callTestCase(findTestCase("Login as admin"), [:], STOP_ON_FAILURE): Call Test Case 'Test Cases/Login as admin' successfully

2022-01-11 20:37:13 - [TEST_CASE][PASSED] - Test Cases/Login as admin: Test Cases/Login as admin

2022-01-11 20:37:13 - [TEST_STEP][PASSED] - openBrowser(""): Browser is opened with url: ''

2022-01-11 20:37:13 - [MESSAGE][INFO] - Starting 'Edge Chromium' driver

2022-01-11 20:37:13 - [MESSAGE][INFO] - Action delay is set to 0 milliseconds

2022-01-11 20:37:15 - [MESSAGE][PASSED] - Browser is opened with url: ''

2022-01-11 20:37:15 - [TEST_STEP][PASSED] - navigateToUrl("http://localhost/"): Navigate to 'http://localhost/' successfully

2022-01-11 20:37:15 - [MESSAGE][PASSED] - Navigate to 'http://localhost/' successfully

2022-01-11 20:37:15 - [TEST_STEP][PASSED] - click(findTestObject("Object Repository/Page_My Moodle/a_Log in")): Object: 'Object Repository/Page_My Moodle/a_Log in' is clicked on

2022-01-11 20:37:16 - [MESSAGE][PASSED] - Object: 'Object Repository/Page_My Moodle/a_Log in' is clicked on

2022-01-11 20:37:16 - [TEST_STEP][PASSED] - setText(findTestObject("Object Repository/Page_My Moodle Log in to the site/input_Username_username"), "admin"): Text 'admin' is set on object 'Object Repository/Page_My Moodle Log in to the site/input_Username_username'

2022-01-11 20:37:17 - [MESSAGE][PASSED] - Text 'admin' is set on object 'Object Repository/Page_My Moodle Log in to the site/input_Username_username'

2022-01-11 20:37:17 - [TEST_STEP][PASSED] - setEncryptedText(findTestObject("Object Repository/Page_My Moodle Log in to the site/input_Password_password"), "7Dxoto1EjKfQbGop/Ov+1g=="): Text ****** has been set on object 'Object Repository/Page_My Moodle Log in to the site/input_Password_password'

2022-01-11 20:37:17 - [MESSAGE][PASSED] - Text ****** has been set on object 'Object Repository/Page_My Moodle Log in to the site/input_Password_password'

2022-01-11 20:37:17 - [TEST_STEP][PASSED] - click(findTestObject("Object Repository/Page_My Moodle Log in to the site/button_Log in")): Object: 'Object Repository/Page_My Moodle Log in to the site/button_Log in' is clicked on

2022-01-11 20:37:18 - [MESSAGE][PASSED] - Object: 'Object Repository/Page_My Moodle Log in to the site/button_Log in' is clicked on

2022-01-11 20:37:18 - [MESSAGE][PASSED] - Call Test Case 'Test Cases/Login as admin' successfully

2022-01-11 20:37:18 - [TEST_STEP][PASSED] - click(findTestObject("Object Repository/Page_Dashboard/a_Site administration")): Object: 'Object Repository/Page_Dashboard/a_Site administration' is clicked on

2022-01-11 20:37:20 - [MESSAGE][PASSED] - Object: 'Object Repository/Page_Dashboard/a_Site administration' is clicked on

2022-01-11 20:37:20 - [TEST_STEP][PASSED] - navigateToUrl("http://localhost/admin/search.php"): Navigate to 'http://localhost/admin/search.php' successfully

2022-01-11 20:37:20 - [MESSAGE][PASSED] - Navigate to 'http://localhost/admin/search.php' successfully

2022-01-11 20:37:20 - [TEST_STEP][PASSED] - click(findTestObject("Object Repository/Page_Moodle Administration Search/a_Users")): Object: 'Object Repository/Page_Moodle Administration Search/a_Users' is clicked on

2022-01-11 20:37:21 - [MESSAGE][PASSED] - Object: 'Object Repository/Page_Moodle Administration Search/a_Users' is clicked on

2022-01-11 20:37:21 - [TEST_STEP][PASSED] - click(findTestObject("Object Repository/Page_Moodle Administration Search/a_Add a new user")): Object: 'Object Repository/Page_Moodle Administration Search/a_Add a new user' is clicked on

2022-01-11 20:37:22 - [MESSAGE][PASSED] - Object: 'Object Repository/Page_Moodle Administration Search/a_Add a new user' is clicked on

2022-01-11 20:37:22 - [TEST_STEP][PASSED] - setText(findTestObject("Object Repository/Page_Moodle Administration Users Accounts A_0fbd97/input_Username_username"), "trongle"): Text 'trongle' is set on object 'Object Repository/Page_Moodle Administration Users Accounts A_0fbd97/input_Username_username'

2022-01-11 20:37:24 - [MESSAGE][PASSED] - Text 'trongle' is set on object 'Object Repository/Page_Moodle Administration Users Accounts A_0fbd97/input_Username_username'

2022-01-11 20:37:24 - [TEST_STEP][PASSED] - click(findTestObject("Page_Moodle Administration Users Accounts Add a new user/a_Click to enter text")): Object: 'Object Repository/Page_Moodle Administration Users Accounts Add a new user/a_Click to enter text' is clicked on

2022-01-11 20:37:24 - [MESSAGE][PASSED] - Object: 'Object Repository/Page_Moodle Administration Users Accounts Add a new user/a_Click to enter text' is clicked on

2022-01-11 20:37:24 - [TEST_STEP][PASSED] - setEncryptedText(findTestObject("Object Repository/Page_Moodle Administration Users Accounts A_0fbd97/input_New password_newpassword"), "Ta6u/19GniC0jLl2J4N0KA=="): Text ****** has been set on object 'Object Repository/Page_Moodle Administration Users Accounts A_0fbd97/input_New password_newpassword'

2022-01-11 20:37:25 - [MESSAGE][PASSED] - Text ****** has been set on object 'Object Repository/Page_Moodle Administration Users Accounts A_0fbd97/input_New password_newpassword'

2022-01-11 20:37:25 - [TEST_STEP][PASSED] - setText(findTestObject("Object Repository/Page_Moodle Administration Users Accounts A_0fbd97/input_First name_firstname"), "Trong"): Text 'Trong' is set on object 'Object Repository/Page_Moodle Administration Users Accounts A_0fbd97/input_First name_firstname'

2022-01-11 20:37:26 - [MESSAGE][PASSED] - Text 'Trong' is set on object 'Object Repository/Page_Moodle Administration Users Accounts A_0fbd97/input_First name_firstname'

2022-01-11 20:37:26 - [TEST_STEP][PASSED] - setText(findTestObject("Object Repository/Page_Moodle Administration Users Accounts A_0fbd97/input_Surname_lastname"), "Le"): Text 'Le' is set on object 'Object Repository/Page_Moodle Administration Users Accounts A_0fbd97/input_Surname_lastname'

2022-01-11 20:37:27 - [MESSAGE][PASSED] - Text 'Le' is set on object 'Object Repository/Page_Moodle Administration Users Accounts A_0fbd97/input_Surname_lastname'

2022-01-11 20:37:27 - [TEST_STEP][PASSED] - setText(findTestObject("Object Repository/Page_Moodle Administration Users Accounts A_0fbd97/input_Email address_email"), "quoctrongle2001@gmail.com"): Text 'quoctrongle2001@gmail.com' is set on object 'Object Repository/Page_Moodle Administration Users Accounts A_0fbd97/input_Email address_email'

2022-01-11 20:37:28 - [MESSAGE][PASSED] - Text 'quoctrongle2001@gmail.com' is set on object 'Object Repository/Page_Moodle Administration Users Accounts A_0fbd97/input_Email address_email'

2022-01-11 20:37:28 - [TEST_STEP][PASSED] - click(findTestObject("Object Repository/Page_Moodle Administration Users Accounts A_0fbd97/input_Address_submitbutton")): Object: 'Object Repository/Page_Moodle Administration Users Accounts A_0fbd97/input_Address_submitbutton' is clicked on

2022-01-11 20:37:30 - [MESSAGE][PASSED] - Object: 'Object Repository/Page_Moodle Administration Users Accounts A_0fbd97/input_Address_submitbutton' is clicked on

2022-01-11 20:37:30 - [TEST_STEP][PASSED] - click(findTestObject("Object Repository/Page_Moodle Administration Users Accounts B_4543d8/div_Changes saved")): Object: 'Object Repository/Page_Moodle Administration Users Accounts B_4543d8/div_Changes saved' is clicked on

2022-01-11 20:37:31 - [MESSAGE][PASSED] - Object: 'Object Repository/Page_Moodle Administration Users Accounts B_4543d8/div_Changes saved' is clicked on

2022-01-11 20:37:31 - [TEST_STEP][PASSED] - click(findTestObject("Object Repository/Page_MT Administration Users Accounts Upload users/a_Admin User")): Object: 'Object Repository/Page_MT Administration Users Accounts Upload users/a_Admin User' is clicked on

2022-01-11 20:37:31 - [MESSAGE][PASSED] - Object: 'Object Repository/Page_MT Administration Users Accounts Upload users/a_Admin User' is clicked on

2022-01-11 20:37:31 - [TEST_STEP][PASSED] - click(findTestObject("Object Repository/Page_MT Administration Users Accounts Upload users/span_Log out")): Object: 'Object Repository/Page_MT Administration Users Accounts Upload users/span_Log out' is clicked on

2022-01-11 20:37:32 - [MESSAGE][PASSED] - Object: 'Object Repository/Page_MT Administration Users Accounts Upload users/span_Log out' is clicked on

2022-01-11 20:37:32 - [TEST_STEP][PASSED] - click(findTestObject("Object Repository/Page_Moodle Testing/a_Log in")): Object: 'Object Repository/Page_Moodle Testing/a_Log in' is clicked on

2022-01-11 20:37:33 - [MESSAGE][PASSED] - Object: 'Object Repository/Page_Moodle Testing/a_Log in' is clicked on

2022-01-11 20:37:33 - [TEST_STEP][PASSED] - setText(findTestObject("Object Repository/Page_Moodle Testing Log in to the site/input_Username_username"), "trongle"): Text 'trongle' is set on object 'Object Repository/Page_Moodle Testing Log in to the site/input_Username_username'

2022-01-11 20:37:34 - [MESSAGE][PASSED] - Text 'trongle' is set on object 'Object Repository/Page_Moodle Testing Log in to the site/input_Username_username'

2022-01-11 20:37:34 - [TEST_STEP][PASSED] - setEncryptedText(findTestObject("Object Repository/Page_Moodle Testing Log in to the site/input_Password_password"), "Ta6u/19GniC0jLl2J4N0KA=="): Text ****** has been set on object 'Object Repository/Page_Moodle Testing Log in to the site/input_Password_password'

2022-01-11 20:37:34 - [MESSAGE][PASSED] - Text ****** has been set on object 'Object Repository/Page_Moodle Testing Log in to the site/input_Password_password'

2022-01-11 20:37:34 - [TEST_STEP][PASSED] - click(findTestObject("Object Repository/Page_Moodle Testing Log in to the site/button_Log in")): Object: 'Object Repository/Page_Moodle Testing Log in to the site/button_Log in' is clicked on

2022-01-11 20:37:36 - [MESSAGE][PASSED] - Object: 'Object Repository/Page_Moodle Testing Log in to the site/button_Log in' is clicked on

2022-01-11 20:37:36 - [TEST_STEP][PASSED] - click(findTestObject("Object Repository/Page_Dashboard/i_MT_icon fa fa-bell fa-fw")): Object: 'Object Repository/Page_Dashboard/i_MT_icon fa fa-bell fa-fw' is clicked on

2022-01-11 20:37:37 - [MESSAGE][PASSED] - Object: 'Object Repository/Page_Dashboard/i_MT_icon fa fa-bell fa-fw' is clicked on]]></system-out>
         <system-err><![CDATA[]]></system-err>
      </testcase>
      <testcase name="Test Cases/Admin create user (already exist)" time="19.531" classname="Test Cases/Admin create user (already exist)" status="PASSED">
         <system-out><![CDATA[2022-01-11 20:37:37 - [TEST_CASE][PASSED] - Test Cases/Admin create user (already exist): Test Cases/Admin create user (already exist)

2022-01-11 20:37:37 - [TEST_STEP][PASSED] - callTestCase(findTestCase("Login as admin"), [:], STOP_ON_FAILURE): Call Test Case 'Test Cases/Login as admin' successfully

2022-01-11 20:37:38 - [TEST_CASE][PASSED] - Test Cases/Login as admin: Test Cases/Login as admin

2022-01-11 20:37:38 - [TEST_STEP][PASSED] - openBrowser(""): Browser is opened with url: ''

2022-01-11 20:37:38 - [MESSAGE][WARNING] - A browser is already opened. Closing browser and opening a new one

2022-01-11 20:37:38 - [MESSAGE][INFO] - Starting 'Edge Chromium' driver

2022-01-11 20:37:39 - [MESSAGE][INFO] - Action delay is set to 0 milliseconds

2022-01-11 20:37:40 - [MESSAGE][PASSED] - Browser is opened with url: ''

2022-01-11 20:37:40 - [TEST_STEP][PASSED] - navigateToUrl("http://localhost/"): Navigate to 'http://localhost/' successfully

2022-01-11 20:37:41 - [MESSAGE][PASSED] - Navigate to 'http://localhost/' successfully

2022-01-11 20:37:41 - [TEST_STEP][PASSED] - click(findTestObject("Object Repository/Page_My Moodle/a_Log in")): Object: 'Object Repository/Page_My Moodle/a_Log in' is clicked on

2022-01-11 20:37:42 - [MESSAGE][PASSED] - Object: 'Object Repository/Page_My Moodle/a_Log in' is clicked on

2022-01-11 20:37:42 - [TEST_STEP][PASSED] - setText(findTestObject("Object Repository/Page_My Moodle Log in to the site/input_Username_username"), "admin"): Text 'admin' is set on object 'Object Repository/Page_My Moodle Log in to the site/input_Username_username'

2022-01-11 20:37:43 - [MESSAGE][PASSED] - Text 'admin' is set on object 'Object Repository/Page_My Moodle Log in to the site/input_Username_username'

2022-01-11 20:37:43 - [TEST_STEP][PASSED] - setEncryptedText(findTestObject("Object Repository/Page_My Moodle Log in to the site/input_Password_password"), "7Dxoto1EjKfQbGop/Ov+1g=="): Text ****** has been set on object 'Object Repository/Page_My Moodle Log in to the site/input_Password_password'

2022-01-11 20:37:43 - [MESSAGE][PASSED] - Text ****** has been set on object 'Object Repository/Page_My Moodle Log in to the site/input_Password_password'

2022-01-11 20:37:43 - [TEST_STEP][PASSED] - click(findTestObject("Object Repository/Page_My Moodle Log in to the site/button_Log in")): Object: 'Object Repository/Page_My Moodle Log in to the site/button_Log in' is clicked on

2022-01-11 20:37:45 - [MESSAGE][PASSED] - Object: 'Object Repository/Page_My Moodle Log in to the site/button_Log in' is clicked on

2022-01-11 20:37:45 - [MESSAGE][PASSED] - Call Test Case 'Test Cases/Login as admin' successfully

2022-01-11 20:37:45 - [TEST_STEP][PASSED] - click(findTestObject("Object Repository/Page_Dashboard/span_Site administration")): Object: 'Object Repository/Page_Dashboard/span_Site administration' is clicked on

2022-01-11 20:37:46 - [MESSAGE][PASSED] - Object: 'Object Repository/Page_Dashboard/span_Site administration' is clicked on

2022-01-11 20:37:46 - [TEST_STEP][PASSED] - navigateToUrl("http://localhost/admin/search.php"): Navigate to 'http://localhost/admin/search.php' successfully

2022-01-11 20:37:47 - [MESSAGE][PASSED] - Navigate to 'http://localhost/admin/search.php' successfully

2022-01-11 20:37:47 - [TEST_STEP][PASSED] - click(findTestObject("Object Repository/Page_Moodle Administration Search/a_Users")): Object: 'Object Repository/Page_Moodle Administration Search/a_Users' is clicked on

2022-01-11 20:37:47 - [MESSAGE][PASSED] - Object: 'Object Repository/Page_Moodle Administration Search/a_Users' is clicked on

2022-01-11 20:37:47 - [TEST_STEP][PASSED] - click(findTestObject("Object Repository/Page_Moodle Administration Search/a_Add a new user")): Object: 'Object Repository/Page_Moodle Administration Search/a_Add a new user' is clicked on

2022-01-11 20:37:49 - [MESSAGE][PASSED] - Object: 'Object Repository/Page_Moodle Administration Search/a_Add a new user' is clicked on

2022-01-11 20:37:49 - [TEST_STEP][PASSED] - setText(findTestObject("Object Repository/Page_Moodle Administration Users Accounts A_0fbd97/input_Username_username"), "trongle"): Text 'trongle' is set on object 'Object Repository/Page_Moodle Administration Users Accounts A_0fbd97/input_Username_username'

2022-01-11 20:37:50 - [MESSAGE][PASSED] - Text 'trongle' is set on object 'Object Repository/Page_Moodle Administration Users Accounts A_0fbd97/input_Username_username'

2022-01-11 20:37:50 - [TEST_STEP][PASSED] - click(findTestObject("Object Repository/Page_Moodle Administration Users Accounts Add a new user/a_Click to enter text")): Object: 'Object Repository/Page_Moodle Administration Users Accounts Add a new user/a_Click to enter text' is clicked on

2022-01-11 20:37:51 - [MESSAGE][PASSED] - Object: 'Object Repository/Page_Moodle Administration Users Accounts Add a new user/a_Click to enter text' is clicked on

2022-01-11 20:37:51 - [TEST_STEP][PASSED] - setEncryptedText(findTestObject("Object Repository/Page_Moodle Administration Users Accounts A_0fbd97/input_New password_newpassword"), "Ta6u/19GniC0jLl2J4N0KA=="): Text ****** has been set on object 'Object Repository/Page_Moodle Administration Users Accounts A_0fbd97/input_New password_newpassword'

2022-01-11 20:37:51 - [MESSAGE][PASSED] - Text ****** has been set on object 'Object Repository/Page_Moodle Administration Users Accounts A_0fbd97/input_New password_newpassword'

2022-01-11 20:37:51 - [TEST_STEP][PASSED] - setText(findTestObject("Object Repository/Page_Moodle Administration Users Accounts A_0fbd97/input_First name_firstname"), "Trong"): Text 'Trong' is set on object 'Object Repository/Page_Moodle Administration Users Accounts A_0fbd97/input_First name_firstname'

2022-01-11 20:37:52 - [MESSAGE][PASSED] - Text 'Trong' is set on object 'Object Repository/Page_Moodle Administration Users Accounts A_0fbd97/input_First name_firstname'

2022-01-11 20:37:52 - [TEST_STEP][PASSED] - setText(findTestObject("Object Repository/Page_Moodle Administration Users Accounts A_0fbd97/input_Surname_lastname"), "Le"): Text 'Le' is set on object 'Object Repository/Page_Moodle Administration Users Accounts A_0fbd97/input_Surname_lastname'

2022-01-11 20:37:53 - [MESSAGE][PASSED] - Text 'Le' is set on object 'Object Repository/Page_Moodle Administration Users Accounts A_0fbd97/input_Surname_lastname'

2022-01-11 20:37:53 - [TEST_STEP][PASSED] - setText(findTestObject("Object Repository/Page_Moodle Administration Users Accounts A_0fbd97/input_Email address_email"), "quoctrongle2001@gmail.com"): Text 'quoctrongle2001@gmail.com' is set on object 'Object Repository/Page_Moodle Administration Users Accounts A_0fbd97/input_Email address_email'

2022-01-11 20:37:54 - [MESSAGE][PASSED] - Text 'quoctrongle2001@gmail.com' is set on object 'Object Repository/Page_Moodle Administration Users Accounts A_0fbd97/input_Email address_email'

2022-01-11 20:37:54 - [TEST_STEP][PASSED] - click(findTestObject("Object Repository/Page_Moodle Administration Users Accounts A_0fbd97/input_Address_submitbutton")): Object: 'Object Repository/Page_Moodle Administration Users Accounts A_0fbd97/input_Address_submitbutton' is clicked on

2022-01-11 20:37:56 - [MESSAGE][PASSED] - Object: 'Object Repository/Page_Moodle Administration Users Accounts A_0fbd97/input_Address_submitbutton' is clicked on

2022-01-11 20:37:56 - [TEST_STEP][PASSED] - click(findTestObject("Object Repository/Page_Moodle Administration Users Accounts A_0fbd97/div_This username already exists, choose another")): Object: 'Object Repository/Page_Moodle Administration Users Accounts A_0fbd97/div_This username already exists, choose another' is clicked on

2022-01-11 20:37:57 - [MESSAGE][PASSED] - Object: 'Object Repository/Page_Moodle Administration Users Accounts A_0fbd97/div_This username already exists, choose another' is clicked on]]></system-out>
         <system-err><![CDATA[]]></system-err>
      </testcase>
      <testcase name="Test Cases/Admin create user (invalid password)" time="18.163" classname="Test Cases/Admin create user (invalid password)" status="PASSED">
         <system-out><![CDATA[2022-01-11 20:37:57 - [TEST_CASE][PASSED] - Test Cases/Admin create user (invalid password): Test Cases/Admin create user (invalid password)

2022-01-11 20:37:57 - [TEST_STEP][PASSED] - callTestCase(findTestCase("Login as admin"), [:], STOP_ON_FAILURE): Call Test Case 'Test Cases/Login as admin' successfully

2022-01-11 20:37:57 - [TEST_CASE][PASSED] - Test Cases/Login as admin: Test Cases/Login as admin

2022-01-11 20:37:57 - [TEST_STEP][PASSED] - openBrowser(""): Browser is opened with url: ''

2022-01-11 20:37:57 - [MESSAGE][WARNING] - A browser is already opened. Closing browser and opening a new one

2022-01-11 20:37:58 - [MESSAGE][INFO] - Starting 'Edge Chromium' driver

2022-01-11 20:37:58 - [MESSAGE][INFO] - Action delay is set to 0 milliseconds

2022-01-11 20:38:00 - [MESSAGE][PASSED] - Browser is opened with url: ''

2022-01-11 20:38:00 - [TEST_STEP][PASSED] - navigateToUrl("http://localhost/"): Navigate to 'http://localhost/' successfully

2022-01-11 20:38:00 - [MESSAGE][PASSED] - Navigate to 'http://localhost/' successfully

2022-01-11 20:38:00 - [TEST_STEP][PASSED] - click(findTestObject("Object Repository/Page_My Moodle/a_Log in")): Object: 'Object Repository/Page_My Moodle/a_Log in' is clicked on

2022-01-11 20:38:01 - [MESSAGE][PASSED] - Object: 'Object Repository/Page_My Moodle/a_Log in' is clicked on

2022-01-11 20:38:01 - [TEST_STEP][PASSED] - setText(findTestObject("Object Repository/Page_My Moodle Log in to the site/input_Username_username"), "admin"): Text 'admin' is set on object 'Object Repository/Page_My Moodle Log in to the site/input_Username_username'

2022-01-11 20:38:02 - [MESSAGE][PASSED] - Text 'admin' is set on object 'Object Repository/Page_My Moodle Log in to the site/input_Username_username'

2022-01-11 20:38:02 - [TEST_STEP][PASSED] - setEncryptedText(findTestObject("Object Repository/Page_My Moodle Log in to the site/input_Password_password"), "7Dxoto1EjKfQbGop/Ov+1g=="): Text ****** has been set on object 'Object Repository/Page_My Moodle Log in to the site/input_Password_password'

2022-01-11 20:38:02 - [MESSAGE][PASSED] - Text ****** has been set on object 'Object Repository/Page_My Moodle Log in to the site/input_Password_password'

2022-01-11 20:38:02 - [TEST_STEP][PASSED] - click(findTestObject("Object Repository/Page_My Moodle Log in to the site/button_Log in")): Object: 'Object Repository/Page_My Moodle Log in to the site/button_Log in' is clicked on

2022-01-11 20:38:03 - [MESSAGE][PASSED] - Object: 'Object Repository/Page_My Moodle Log in to the site/button_Log in' is clicked on

2022-01-11 20:38:03 - [MESSAGE][PASSED] - Call Test Case 'Test Cases/Login as admin' successfully

2022-01-11 20:38:03 - [TEST_STEP][PASSED] - click(findTestObject("Object Repository/Page_Dashboard/span_Site administration")): Object: 'Object Repository/Page_Dashboard/span_Site administration' is clicked on

2022-01-11 20:38:05 - [MESSAGE][PASSED] - Object: 'Object Repository/Page_Dashboard/span_Site administration' is clicked on

2022-01-11 20:38:05 - [TEST_STEP][PASSED] - navigateToUrl("http://localhost/admin/search.php"): Navigate to 'http://localhost/admin/search.php' successfully

2022-01-11 20:38:06 - [MESSAGE][PASSED] - Navigate to 'http://localhost/admin/search.php' successfully

2022-01-11 20:38:06 - [TEST_STEP][PASSED] - click(findTestObject("Object Repository/Page_Moodle Administration Search/a_Users")): Object: 'Object Repository/Page_Moodle Administration Search/a_Users' is clicked on

2022-01-11 20:38:06 - [MESSAGE][PASSED] - Object: 'Object Repository/Page_Moodle Administration Search/a_Users' is clicked on

2022-01-11 20:38:06 - [TEST_STEP][PASSED] - click(findTestObject("Object Repository/Page_Moodle Administration Search/a_Add a new user")): Object: 'Object Repository/Page_Moodle Administration Search/a_Add a new user' is clicked on

2022-01-11 20:38:07 - [MESSAGE][PASSED] - Object: 'Object Repository/Page_Moodle Administration Search/a_Add a new user' is clicked on

2022-01-11 20:38:07 - [TEST_STEP][PASSED] - setText(findTestObject("Object Repository/Page_Moodle Administration Users Accounts A_0fbd97/input_Username_username"), "trongle"): Text 'trongle' is set on object 'Object Repository/Page_Moodle Administration Users Accounts A_0fbd97/input_Username_username'

2022-01-11 20:38:09 - [MESSAGE][PASSED] - Text 'trongle' is set on object 'Object Repository/Page_Moodle Administration Users Accounts A_0fbd97/input_Username_username'

2022-01-11 20:38:09 - [TEST_STEP][PASSED] - click(findTestObject("Page_Moodle Administration Users Accounts Add a new user/a_Click to enter text")): Object: 'Object Repository/Page_Moodle Administration Users Accounts Add a new user/a_Click to enter text' is clicked on

2022-01-11 20:38:09 - [MESSAGE][PASSED] - Object: 'Object Repository/Page_Moodle Administration Users Accounts Add a new user/a_Click to enter text' is clicked on

2022-01-11 20:38:09 - [TEST_STEP][PASSED] - setEncryptedText(findTestObject("Object Repository/Page_Moodle Administration Users Accounts A_0fbd97/input_New password_newpassword"), "CsLZwaoQGhsWdKVDaGOwGg=="): Text ****** has been set on object 'Object Repository/Page_Moodle Administration Users Accounts A_0fbd97/input_New password_newpassword'

2022-01-11 20:38:10 - [MESSAGE][PASSED] - Text ****** has been set on object 'Object Repository/Page_Moodle Administration Users Accounts A_0fbd97/input_New password_newpassword'

2022-01-11 20:38:10 - [TEST_STEP][PASSED] - setText(findTestObject("Object Repository/Page_Moodle Administration Users Accounts A_0fbd97/input_First name_firstname"), "Trong"): Text 'Trong' is set on object 'Object Repository/Page_Moodle Administration Users Accounts A_0fbd97/input_First name_firstname'

2022-01-11 20:38:11 - [MESSAGE][PASSED] - Text 'Trong' is set on object 'Object Repository/Page_Moodle Administration Users Accounts A_0fbd97/input_First name_firstname'

2022-01-11 20:38:11 - [TEST_STEP][PASSED] - setText(findTestObject("Object Repository/Page_Moodle Administration Users Accounts A_0fbd97/input_Surname_lastname"), "Le"): Text 'Le' is set on object 'Object Repository/Page_Moodle Administration Users Accounts A_0fbd97/input_Surname_lastname'

2022-01-11 20:38:12 - [MESSAGE][PASSED] - Text 'Le' is set on object 'Object Repository/Page_Moodle Administration Users Accounts A_0fbd97/input_Surname_lastname'

2022-01-11 20:38:12 - [TEST_STEP][PASSED] - setText(findTestObject("Object Repository/Page_Moodle Administration Users Accounts A_0fbd97/input_Email address_email"), "quoctrongle2001@gmail.com"): Text 'quoctrongle2001@gmail.com' is set on object 'Object Repository/Page_Moodle Administration Users Accounts A_0fbd97/input_Email address_email'

2022-01-11 20:38:13 - [MESSAGE][PASSED] - Text 'quoctrongle2001@gmail.com' is set on object 'Object Repository/Page_Moodle Administration Users Accounts A_0fbd97/input_Email address_email'

2022-01-11 20:38:13 - [TEST_STEP][PASSED] - click(findTestObject("Object Repository/Page_Moodle Administration Users Accounts A_0fbd97/input_Address_submitbutton")): Object: 'Object Repository/Page_Moodle Administration Users Accounts A_0fbd97/input_Address_submitbutton' is clicked on

2022-01-11 20:38:14 - [MESSAGE][PASSED] - Object: 'Object Repository/Page_Moodle Administration Users Accounts A_0fbd97/input_Address_submitbutton' is clicked on

2022-01-11 20:38:14 - [TEST_STEP][PASSED] - click(findTestObject("Object Repository/Page_Moodle Administration Users Accounts A_0fbd97/div_Passwords must have at least 1 upper ca_8e926f")): Object: 'Object Repository/Page_Moodle Administration Users Accounts A_0fbd97/div_Passwords must have at least 1 upper ca_8e926f' is clicked on

2022-01-11 20:38:15 - [MESSAGE][PASSED] - Object: 'Object Repository/Page_Moodle Administration Users Accounts A_0fbd97/div_Passwords must have at least 1 upper ca_8e926f' is clicked on]]></system-out>
         <system-err><![CDATA[]]></system-err>
      </testcase>
      <testcase name="Test Cases/Admin create user (without special character)" time="18.403" classname="Test Cases/Admin create user (without special character)" status="PASSED">
         <system-out><![CDATA[2022-01-11 20:38:15 - [TEST_CASE][PASSED] - Test Cases/Admin create user (without special character): Test Cases/Admin create user (without special character)

2022-01-11 20:38:15 - [TEST_STEP][PASSED] - callTestCase(findTestCase("Login as admin"), [:], STOP_ON_FAILURE): Call Test Case 'Test Cases/Login as admin' successfully

2022-01-11 20:38:15 - [TEST_CASE][PASSED] - Test Cases/Login as admin: Test Cases/Login as admin

2022-01-11 20:38:15 - [TEST_STEP][PASSED] - openBrowser(""): Browser is opened with url: ''

2022-01-11 20:38:15 - [MESSAGE][WARNING] - A browser is already opened. Closing browser and opening a new one

2022-01-11 20:38:16 - [MESSAGE][INFO] - Starting 'Edge Chromium' driver

2022-01-11 20:38:17 - [MESSAGE][INFO] - Action delay is set to 0 milliseconds

2022-01-11 20:38:18 - [MESSAGE][PASSED] - Browser is opened with url: ''

2022-01-11 20:38:18 - [TEST_STEP][PASSED] - navigateToUrl("http://localhost/"): Navigate to 'http://localhost/' successfully

2022-01-11 20:38:18 - [MESSAGE][PASSED] - Navigate to 'http://localhost/' successfully

2022-01-11 20:38:18 - [TEST_STEP][PASSED] - click(findTestObject("Object Repository/Page_My Moodle/a_Log in")): Object: 'Object Repository/Page_My Moodle/a_Log in' is clicked on

2022-01-11 20:38:19 - [MESSAGE][PASSED] - Object: 'Object Repository/Page_My Moodle/a_Log in' is clicked on

2022-01-11 20:38:19 - [TEST_STEP][PASSED] - setText(findTestObject("Object Repository/Page_My Moodle Log in to the site/input_Username_username"), "admin"): Text 'admin' is set on object 'Object Repository/Page_My Moodle Log in to the site/input_Username_username'

2022-01-11 20:38:20 - [MESSAGE][PASSED] - Text 'admin' is set on object 'Object Repository/Page_My Moodle Log in to the site/input_Username_username'

2022-01-11 20:38:20 - [TEST_STEP][PASSED] - setEncryptedText(findTestObject("Object Repository/Page_My Moodle Log in to the site/input_Password_password"), "7Dxoto1EjKfQbGop/Ov+1g=="): Text ****** has been set on object 'Object Repository/Page_My Moodle Log in to the site/input_Password_password'

2022-01-11 20:38:20 - [MESSAGE][PASSED] - Text ****** has been set on object 'Object Repository/Page_My Moodle Log in to the site/input_Password_password'

2022-01-11 20:38:20 - [TEST_STEP][PASSED] - click(findTestObject("Object Repository/Page_My Moodle Log in to the site/button_Log in")): Object: 'Object Repository/Page_My Moodle Log in to the site/button_Log in' is clicked on

2022-01-11 20:38:22 - [MESSAGE][PASSED] - Object: 'Object Repository/Page_My Moodle Log in to the site/button_Log in' is clicked on

2022-01-11 20:38:22 - [MESSAGE][PASSED] - Call Test Case 'Test Cases/Login as admin' successfully

2022-01-11 20:38:22 - [TEST_STEP][PASSED] - click(findTestObject("Object Repository/Page_Dashboard/span_Site administration")): Object: 'Object Repository/Page_Dashboard/span_Site administration' is clicked on

2022-01-11 20:38:23 - [MESSAGE][PASSED] - Object: 'Object Repository/Page_Dashboard/span_Site administration' is clicked on

2022-01-11 20:38:23 - [TEST_STEP][PASSED] - navigateToUrl("http://localhost/admin/search.php"): Navigate to 'http://localhost/admin/search.php' successfully

2022-01-11 20:38:24 - [MESSAGE][PASSED] - Navigate to 'http://localhost/admin/search.php' successfully

2022-01-11 20:38:24 - [TEST_STEP][PASSED] - click(findTestObject("Object Repository/Page_Moodle Administration Search/a_Users")): Object: 'Object Repository/Page_Moodle Administration Search/a_Users' is clicked on

2022-01-11 20:38:24 - [MESSAGE][PASSED] - Object: 'Object Repository/Page_Moodle Administration Search/a_Users' is clicked on

2022-01-11 20:38:24 - [TEST_STEP][PASSED] - click(findTestObject("Object Repository/Page_Moodle Administration Search/a_Add a new user")): Object: 'Object Repository/Page_Moodle Administration Search/a_Add a new user' is clicked on

2022-01-11 20:38:26 - [MESSAGE][PASSED] - Object: 'Object Repository/Page_Moodle Administration Search/a_Add a new user' is clicked on

2022-01-11 20:38:26 - [TEST_STEP][PASSED] - setText(findTestObject("Object Repository/Page_Moodle Administration Users Accounts A_0fbd97/input_Username_username"), "trongle"): Text 'trongle' is set on object 'Object Repository/Page_Moodle Administration Users Accounts A_0fbd97/input_Username_username'

2022-01-11 20:38:27 - [MESSAGE][PASSED] - Text 'trongle' is set on object 'Object Repository/Page_Moodle Administration Users Accounts A_0fbd97/input_Username_username'

2022-01-11 20:38:27 - [TEST_STEP][PASSED] - click(findTestObject("Page_Moodle Administration Users Accounts Add a new user/a_Click to enter text")): Object: 'Object Repository/Page_Moodle Administration Users Accounts Add a new user/a_Click to enter text' is clicked on

2022-01-11 20:38:27 - [MESSAGE][PASSED] - Object: 'Object Repository/Page_Moodle Administration Users Accounts Add a new user/a_Click to enter text' is clicked on

2022-01-11 20:38:27 - [TEST_STEP][PASSED] - setEncryptedText(findTestObject("Object Repository/Page_Moodle Administration Users Accounts A_0fbd97/input_New password_newpassword"), "mCo/tqFMQKuexH2GqaxtIQ=="): Text ****** has been set on object 'Object Repository/Page_Moodle Administration Users Accounts A_0fbd97/input_New password_newpassword'

2022-01-11 20:38:28 - [MESSAGE][PASSED] - Text ****** has been set on object 'Object Repository/Page_Moodle Administration Users Accounts A_0fbd97/input_New password_newpassword'

2022-01-11 20:38:28 - [TEST_STEP][PASSED] - setText(findTestObject("Object Repository/Page_Moodle Administration Users Accounts A_0fbd97/input_First name_firstname"), "Trong"): Text 'Trong' is set on object 'Object Repository/Page_Moodle Administration Users Accounts A_0fbd97/input_First name_firstname'

2022-01-11 20:38:29 - [MESSAGE][PASSED] - Text 'Trong' is set on object 'Object Repository/Page_Moodle Administration Users Accounts A_0fbd97/input_First name_firstname'

2022-01-11 20:38:29 - [TEST_STEP][PASSED] - setText(findTestObject("Object Repository/Page_Moodle Administration Users Accounts A_0fbd97/input_Surname_lastname"), "Le"): Text 'Le' is set on object 'Object Repository/Page_Moodle Administration Users Accounts A_0fbd97/input_Surname_lastname'

2022-01-11 20:38:30 - [MESSAGE][PASSED] - Text 'Le' is set on object 'Object Repository/Page_Moodle Administration Users Accounts A_0fbd97/input_Surname_lastname'

2022-01-11 20:38:30 - [TEST_STEP][PASSED] - setText(findTestObject("Object Repository/Page_Moodle Administration Users Accounts A_0fbd97/input_Email address_email"), "quoctrongle2001@gmail.com"): Text 'quoctrongle2001@gmail.com' is set on object 'Object Repository/Page_Moodle Administration Users Accounts A_0fbd97/input_Email address_email'

2022-01-11 20:38:31 - [MESSAGE][PASSED] - Text 'quoctrongle2001@gmail.com' is set on object 'Object Repository/Page_Moodle Administration Users Accounts A_0fbd97/input_Email address_email'

2022-01-11 20:38:31 - [TEST_STEP][PASSED] - click(findTestObject("Object Repository/Page_Moodle Administration Users Accounts A_0fbd97/input_Address_submitbutton")): Object: 'Object Repository/Page_Moodle Administration Users Accounts A_0fbd97/input_Address_submitbutton' is clicked on

2022-01-11 20:38:32 - [MESSAGE][PASSED] - Object: 'Object Repository/Page_Moodle Administration Users Accounts A_0fbd97/input_Address_submitbutton' is clicked on

2022-01-11 20:38:32 - [TEST_STEP][PASSED] - click(findTestObject("Object Repository/Page_Moodle Administration Users Accounts A_0fbd97/div_The password must have at least 1 speci_80717b")): Object: 'Object Repository/Page_Moodle Administration Users Accounts A_0fbd97/div_The password must have at least 1 speci_80717b' is clicked on

2022-01-11 20:38:33 - [MESSAGE][PASSED] - Object: 'Object Repository/Page_Moodle Administration Users Accounts A_0fbd97/div_The password must have at least 1 speci_80717b' is clicked on]]></system-out>
         <system-err><![CDATA[]]></system-err>
      </testcase>
      <testcase name="Test Cases/Assgin system role" time="20.656" classname="Test Cases/Assgin system role" status="PASSED">
         <system-out><![CDATA[2022-01-11 20:38:33 - [TEST_CASE][PASSED] - Test Cases/Assgin system role: Test Cases/Assgin system role

2022-01-11 20:38:34 - [TEST_STEP][PASSED] - callTestCase(findTestCase("Login as admin"), [:], STOP_ON_FAILURE): Call Test Case 'Test Cases/Login as admin' successfully

2022-01-11 20:38:34 - [TEST_CASE][PASSED] - Test Cases/Login as admin: Test Cases/Login as admin

2022-01-11 20:38:34 - [TEST_STEP][PASSED] - openBrowser(""): Browser is opened with url: ''

2022-01-11 20:38:34 - [MESSAGE][WARNING] - A browser is already opened. Closing browser and opening a new one

2022-01-11 20:38:35 - [MESSAGE][INFO] - Starting 'Edge Chromium' driver

2022-01-11 20:38:35 - [MESSAGE][INFO] - Action delay is set to 0 milliseconds

2022-01-11 20:38:36 - [MESSAGE][PASSED] - Browser is opened with url: ''

2022-01-11 20:38:36 - [TEST_STEP][PASSED] - navigateToUrl("http://localhost/"): Navigate to 'http://localhost/' successfully

2022-01-11 20:38:37 - [MESSAGE][PASSED] - Navigate to 'http://localhost/' successfully

2022-01-11 20:38:37 - [TEST_STEP][PASSED] - click(findTestObject("Object Repository/Page_My Moodle/a_Log in")): Object: 'Object Repository/Page_My Moodle/a_Log in' is clicked on

2022-01-11 20:38:38 - [MESSAGE][PASSED] - Object: 'Object Repository/Page_My Moodle/a_Log in' is clicked on

2022-01-11 20:38:38 - [TEST_STEP][PASSED] - setText(findTestObject("Object Repository/Page_My Moodle Log in to the site/input_Username_username"), "admin"): Text 'admin' is set on object 'Object Repository/Page_My Moodle Log in to the site/input_Username_username'

2022-01-11 20:38:38 - [MESSAGE][PASSED] - Text 'admin' is set on object 'Object Repository/Page_My Moodle Log in to the site/input_Username_username'

2022-01-11 20:38:38 - [TEST_STEP][PASSED] - setEncryptedText(findTestObject("Object Repository/Page_My Moodle Log in to the site/input_Password_password"), "7Dxoto1EjKfQbGop/Ov+1g=="): Text ****** has been set on object 'Object Repository/Page_My Moodle Log in to the site/input_Password_password'

2022-01-11 20:38:39 - [MESSAGE][PASSED] - Text ****** has been set on object 'Object Repository/Page_My Moodle Log in to the site/input_Password_password'

2022-01-11 20:38:39 - [TEST_STEP][PASSED] - click(findTestObject("Object Repository/Page_My Moodle Log in to the site/button_Log in")): Object: 'Object Repository/Page_My Moodle Log in to the site/button_Log in' is clicked on

2022-01-11 20:38:40 - [MESSAGE][PASSED] - Object: 'Object Repository/Page_My Moodle Log in to the site/button_Log in' is clicked on

2022-01-11 20:38:40 - [MESSAGE][PASSED] - Call Test Case 'Test Cases/Login as admin' successfully

2022-01-11 20:38:40 - [TEST_STEP][PASSED] - click(findTestObject("Object Repository/Page_Dashboard/span_Site administration")): Object: 'Object Repository/Page_Dashboard/span_Site administration' is clicked on

2022-01-11 20:38:42 - [MESSAGE][PASSED] - Object: 'Object Repository/Page_Dashboard/span_Site administration' is clicked on

2022-01-11 20:38:42 - [TEST_STEP][PASSED] - navigateToUrl("http://localhost/admin/search.php"): Navigate to 'http://localhost/admin/search.php' successfully

2022-01-11 20:38:42 - [MESSAGE][PASSED] - Navigate to 'http://localhost/admin/search.php' successfully

2022-01-11 20:38:42 - [TEST_STEP][PASSED] - click(findTestObject("Object Repository/Page_Moodle Administration Search/a_Users")): Object: 'Object Repository/Page_Moodle Administration Search/a_Users' is clicked on

2022-01-11 20:38:43 - [MESSAGE][PASSED] - Object: 'Object Repository/Page_Moodle Administration Search/a_Users' is clicked on

2022-01-11 20:38:43 - [TEST_STEP][PASSED] - click(findTestObject("Object Repository/Page_Moodle Administration Search/a_Assign system roles")): Object: 'Object Repository/Page_Moodle Administration Search/a_Assign system roles' is clicked on

2022-01-11 20:38:44 - [MESSAGE][PASSED] - Object: 'Object Repository/Page_Moodle Administration Search/a_Assign system roles' is clicked on

2022-01-11 20:38:44 - [TEST_STEP][PASSED] - click(findTestObject("Object Repository/Page_Moodle Administration Users Permission_6fdc16/a_Manager")): Object: 'Object Repository/Page_Moodle Administration Users Permission_6fdc16/a_Manager' is clicked on

2022-01-11 20:38:45 - [MESSAGE][PASSED] - Object: 'Object Repository/Page_Moodle Administration Users Permission_6fdc16/a_Manager' is clicked on

2022-01-11 20:38:45 - [TEST_STEP][PASSED] - selectOptionByValue(findTestObject("Object Repository/Page_Moodle Administration Users Permission_6fdc16/select_V Duy (vhbaoduy0808gmail.com)    Adm_1c62ef"), "2", true): All options with value '2' are selected in object 'Object Repository/Page_Moodle Administration Users Permission_6fdc16/select_V Duy (vhbaoduy0808gmail.com)    Adm_1c62ef'  using regular expression

2022-01-11 20:38:46 - [MESSAGE][PASSED] - All options with value '2' are selected in object 'Object Repository/Page_Moodle Administration Users Permission_6fdc16/select_V Duy (vhbaoduy0808gmail.com)    Adm_1c62ef'  using regular expression

2022-01-11 20:38:46 - [TEST_STEP][PASSED] - click(findTestObject("Object Repository/Page_Moodle Administration Users Permission_6fdc16/input_Match the search text anywhere in the_89f7b5")): Object: 'Object Repository/Page_Moodle Administration Users Permission_6fdc16/input_Match the search text anywhere in the_89f7b5' is clicked on

2022-01-11 20:38:48 - [MESSAGE][PASSED] - Object: 'Object Repository/Page_Moodle Administration Users Permission_6fdc16/input_Match the search text anywhere in the_89f7b5' is clicked on

2022-01-11 20:38:48 - [TEST_STEP][PASSED] - click(findTestObject("Object Repository/Page_Moodle Administration Users Permission_6fdc16/a_Site administration")): Object: 'Object Repository/Page_Moodle Administration Users Permission_6fdc16/a_Site administration' is clicked on

2022-01-11 20:38:49 - [MESSAGE][PASSED] - Object: 'Object Repository/Page_Moodle Administration Users Permission_6fdc16/a_Site administration' is clicked on

2022-01-11 20:38:49 - [TEST_STEP][PASSED] - click(findTestObject("Object Repository/Page_Moodle Administration Search/a_Users")): Object: 'Object Repository/Page_Moodle Administration Search/a_Users' is clicked on

2022-01-11 20:38:50 - [MESSAGE][PASSED] - Object: 'Object Repository/Page_Moodle Administration Search/a_Users' is clicked on

2022-01-11 20:38:50 - [TEST_STEP][PASSED] - click(findTestObject("Object Repository/Page_Moodle Administration Search/a_Assign system roles")): Object: 'Object Repository/Page_Moodle Administration Search/a_Assign system roles' is clicked on

2022-01-11 20:38:51 - [MESSAGE][PASSED] - Object: 'Object Repository/Page_Moodle Administration Search/a_Assign system roles' is clicked on

2022-01-11 20:38:51 - [TEST_STEP][PASSED] - click(findTestObject("Object Repository/Page_Moodle Administration Users Permission_6fdc16/a_Course creator")): Object: 'Object Repository/Page_Moodle Administration Users Permission_6fdc16/a_Course creator' is clicked on

2022-01-11 20:38:52 - [MESSAGE][PASSED] - Object: 'Object Repository/Page_Moodle Administration Users Permission_6fdc16/a_Course creator' is clicked on

2022-01-11 20:38:52 - [TEST_STEP][PASSED] - selectOptionByValue(findTestObject("Object Repository/Page_Moodle Administration Users Permission_6fdc16/select_V Duy (vhbaoduy0808gmail.com)    Adm_1c62ef"), "2", true): All options with value '2' are selected in object 'Object Repository/Page_Moodle Administration Users Permission_6fdc16/select_V Duy (vhbaoduy0808gmail.com)    Adm_1c62ef'  using regular expression

2022-01-11 20:38:53 - [MESSAGE][PASSED] - All options with value '2' are selected in object 'Object Repository/Page_Moodle Administration Users Permission_6fdc16/select_V Duy (vhbaoduy0808gmail.com)    Adm_1c62ef'  using regular expression

2022-01-11 20:38:53 - [TEST_STEP][PASSED] - click(findTestObject("Object Repository/Page_Moodle Administration Users Permission_6fdc16/input_Match the search text anywhere in the_89f7b5")): Object: 'Object Repository/Page_Moodle Administration Users Permission_6fdc16/input_Match the search text anywhere in the_89f7b5' is clicked on

2022-01-11 20:38:54 - [MESSAGE][PASSED] - Object: 'Object Repository/Page_Moodle Administration Users Permission_6fdc16/input_Match the search text anywhere in the_89f7b5' is clicked on]]></system-out>
         <system-err><![CDATA[]]></system-err>
      </testcase>
      <testcase name="Test Cases/Admin assign system adminstators" time="20.699" classname="Test Cases/Admin assign system adminstators" status="PASSED">
         <system-out><![CDATA[2022-01-11 20:38:54 - [TEST_CASE][PASSED] - Test Cases/Admin assign system adminstators: Test Cases/Admin assign system adminstators

2022-01-11 20:38:54 - [TEST_STEP][PASSED] - callTestCase(findTestCase("Login as admin"), [:], STOP_ON_FAILURE): Call Test Case 'Test Cases/Login as admin' successfully

2022-01-11 20:38:54 - [TEST_CASE][PASSED] - Test Cases/Login as admin: Test Cases/Login as admin

2022-01-11 20:38:54 - [TEST_STEP][PASSED] - openBrowser(""): Browser is opened with url: ''

2022-01-11 20:38:54 - [MESSAGE][WARNING] - A browser is already opened. Closing browser and opening a new one

2022-01-11 20:38:55 - [MESSAGE][INFO] - Starting 'Edge Chromium' driver

2022-01-11 20:38:56 - [MESSAGE][INFO] - Action delay is set to 0 milliseconds

2022-01-11 20:38:57 - [MESSAGE][PASSED] - Browser is opened with url: ''

2022-01-11 20:38:57 - [TEST_STEP][PASSED] - navigateToUrl("http://localhost/"): Navigate to 'http://localhost/' successfully

2022-01-11 20:38:58 - [MESSAGE][PASSED] - Navigate to 'http://localhost/' successfully

2022-01-11 20:38:58 - [TEST_STEP][PASSED] - click(findTestObject("Object Repository/Page_My Moodle/a_Log in")): Object: 'Object Repository/Page_My Moodle/a_Log in' is clicked on

2022-01-11 20:38:58 - [MESSAGE][PASSED] - Object: 'Object Repository/Page_My Moodle/a_Log in' is clicked on

2022-01-11 20:38:58 - [TEST_STEP][PASSED] - setText(findTestObject("Object Repository/Page_My Moodle Log in to the site/input_Username_username"), "admin"): Text 'admin' is set on object 'Object Repository/Page_My Moodle Log in to the site/input_Username_username'

2022-01-11 20:38:59 - [MESSAGE][PASSED] - Text 'admin' is set on object 'Object Repository/Page_My Moodle Log in to the site/input_Username_username'

2022-01-11 20:38:59 - [TEST_STEP][PASSED] - setEncryptedText(findTestObject("Object Repository/Page_My Moodle Log in to the site/input_Password_password"), "7Dxoto1EjKfQbGop/Ov+1g=="): Text ****** has been set on object 'Object Repository/Page_My Moodle Log in to the site/input_Password_password'

2022-01-11 20:39:00 - [MESSAGE][PASSED] - Text ****** has been set on object 'Object Repository/Page_My Moodle Log in to the site/input_Password_password'

2022-01-11 20:39:00 - [TEST_STEP][PASSED] - click(findTestObject("Object Repository/Page_My Moodle Log in to the site/button_Log in")): Object: 'Object Repository/Page_My Moodle Log in to the site/button_Log in' is clicked on

2022-01-11 20:39:01 - [MESSAGE][PASSED] - Object: 'Object Repository/Page_My Moodle Log in to the site/button_Log in' is clicked on

2022-01-11 20:39:01 - [MESSAGE][PASSED] - Call Test Case 'Test Cases/Login as admin' successfully

2022-01-11 20:39:01 - [TEST_STEP][PASSED] - click(findTestObject("Object Repository/Page_Dashboard/span_Site administration")): Object: 'Object Repository/Page_Dashboard/span_Site administration' is clicked on

2022-01-11 20:39:03 - [MESSAGE][PASSED] - Object: 'Object Repository/Page_Dashboard/span_Site administration' is clicked on

2022-01-11 20:39:03 - [TEST_STEP][PASSED] - navigateToUrl("http://localhost/admin/search.php"): Navigate to 'http://localhost/admin/search.php' successfully

2022-01-11 20:39:03 - [MESSAGE][PASSED] - Navigate to 'http://localhost/admin/search.php' successfully

2022-01-11 20:39:03 - [TEST_STEP][PASSED] - click(findTestObject("Object Repository/Page_Moodle Administration Search/a_Users")): Object: 'Object Repository/Page_Moodle Administration Search/a_Users' is clicked on

2022-01-11 20:39:04 - [MESSAGE][PASSED] - Object: 'Object Repository/Page_Moodle Administration Search/a_Users' is clicked on

2022-01-11 20:39:04 - [TEST_STEP][PASSED] - click(findTestObject("Object Repository/Page_Moodle Administration Search/a_Site administrators")): Object: 'Object Repository/Page_Moodle Administration Search/a_Site administrators' is clicked on

2022-01-11 20:39:05 - [MESSAGE][PASSED] - Object: 'Object Repository/Page_Moodle Administration Search/a_Site administrators' is clicked on

2022-01-11 20:39:05 - [TEST_STEP][PASSED] - selectOptionByValue(findTestObject("Object Repository/Page_Moodle Administration Users Permission_a5c101/select_V Duy (vhbaoduy0808gmail.com)    Tro_952a8e"), "3", true): All options with value '3' are selected in object 'Object Repository/Page_Moodle Administration Users Permission_a5c101/select_V Duy (vhbaoduy0808gmail.com)    Tro_952a8e'  using regular expression

2022-01-11 20:39:06 - [MESSAGE][PASSED] - All options with value '3' are selected in object 'Object Repository/Page_Moodle Administration Users Permission_a5c101/select_V Duy (vhbaoduy0808gmail.com)    Tro_952a8e'  using regular expression

2022-01-11 20:39:06 - [TEST_STEP][PASSED] - click(findTestObject("Object Repository/Page_Moodle Administration Users Permission_a5c101/input_Match the search text anywhere in the_89f7b5")): Object: 'Object Repository/Page_Moodle Administration Users Permission_a5c101/input_Match the search text anywhere in the_89f7b5' is clicked on

2022-01-11 20:39:07 - [MESSAGE][PASSED] - Object: 'Object Repository/Page_Moodle Administration Users Permission_a5c101/input_Match the search text anywhere in the_89f7b5' is clicked on

2022-01-11 20:39:07 - [TEST_STEP][PASSED] - click(findTestObject("Object Repository/Page_Moodle Administration Users Permission_a5c101/button_Continue")): Object: 'Object Repository/Page_Moodle Administration Users Permission_a5c101/button_Continue' is clicked on

2022-01-11 20:39:08 - [MESSAGE][PASSED] - Object: 'Object Repository/Page_Moodle Administration Users Permission_a5c101/button_Continue' is clicked on

2022-01-11 20:39:08 - [TEST_STEP][PASSED] - click(findTestObject("Object Repository/Page_Moodle Administration Users Permission_a5c101/a_Admin Team")): Object: 'Object Repository/Page_Moodle Administration Users Permission_a5c101/a_Admin Team' is clicked on

2022-01-11 20:39:08 - [MESSAGE][PASSED] - Object: 'Object Repository/Page_Moodle Administration Users Permission_a5c101/a_Admin Team' is clicked on

2022-01-11 20:39:08 - [TEST_STEP][PASSED] - click(findTestObject("Object Repository/Page_Moodle Administration Users Permission_a5c101/span_Log out")): Object: 'Object Repository/Page_Moodle Administration Users Permission_a5c101/span_Log out' is clicked on

2022-01-11 20:39:09 - [MESSAGE][PASSED] - Object: 'Object Repository/Page_Moodle Administration Users Permission_a5c101/span_Log out' is clicked on

2022-01-11 20:39:09 - [TEST_STEP][PASSED] - click(findTestObject("Object Repository/Page_My Moodle/a_Log in")): Object: 'Object Repository/Page_My Moodle/a_Log in' is clicked on

2022-01-11 20:39:10 - [MESSAGE][PASSED] - Object: 'Object Repository/Page_My Moodle/a_Log in' is clicked on

2022-01-11 20:39:10 - [TEST_STEP][PASSED] - setText(findTestObject("Object Repository/Page_My Moodle Log in to the site/input_Username_username"), "voduy"): Text 'voduy' is set on object 'Object Repository/Page_My Moodle Log in to the site/input_Username_username'

2022-01-11 20:39:11 - [MESSAGE][PASSED] - Text 'voduy' is set on object 'Object Repository/Page_My Moodle Log in to the site/input_Username_username'

2022-01-11 20:39:11 - [TEST_STEP][PASSED] - setEncryptedText(findTestObject("Object Repository/Page_My Moodle Log in to the site/input_Password_password"), "j1ZzzeKf8NiE21d5rsNRrQ=="): Text ****** has been set on object 'Object Repository/Page_My Moodle Log in to the site/input_Password_password'

2022-01-11 20:39:11 - [MESSAGE][PASSED] - Text ****** has been set on object 'Object Repository/Page_My Moodle Log in to the site/input_Password_password'

2022-01-11 20:39:11 - [TEST_STEP][PASSED] - click(findTestObject("Object Repository/Page_My Moodle Log in to the site/button_Log in")): Object: 'Object Repository/Page_My Moodle Log in to the site/button_Log in' is clicked on

2022-01-11 20:39:12 - [MESSAGE][PASSED] - Object: 'Object Repository/Page_My Moodle Log in to the site/button_Log in' is clicked on

2022-01-11 20:39:12 - [TEST_STEP][PASSED] - click(findTestObject("Object Repository/Page_Dashboard/span_Site administration")): Object: 'Object Repository/Page_Dashboard/span_Site administration' is clicked on

2022-01-11 20:39:14 - [MESSAGE][PASSED] - Object: 'Object Repository/Page_Dashboard/span_Site administration' is clicked on

2022-01-11 20:39:14 - [TEST_STEP][PASSED] - click(findTestObject("Object Repository/Page_Moodle Administration Search/a_Users")): Object: 'Object Repository/Page_Moodle Administration Search/a_Users' is clicked on

2022-01-11 20:39:15 - [MESSAGE][PASSED] - Object: 'Object Repository/Page_Moodle Administration Search/a_Users' is clicked on]]></system-out>
         <system-err><![CDATA[]]></system-err>
      </testcase>
      <testcase name="Test Cases/Admin add new cohort (user)" time="20.999" classname="Test Cases/Admin add new cohort (user)" status="PASSED">
         <system-out><![CDATA[2022-01-11 20:39:15 - [TEST_CASE][PASSED] - Test Cases/Admin add new cohort (user): Test Cases/Admin add new cohort (user)

2022-01-11 20:39:15 - [TEST_STEP][PASSED] - callTestCase(findTestCase("Login as admin"), [:], STOP_ON_FAILURE): Call Test Case 'Test Cases/Login as admin' successfully

2022-01-11 20:39:15 - [TEST_CASE][PASSED] - Test Cases/Login as admin: Test Cases/Login as admin

2022-01-11 20:39:15 - [TEST_STEP][PASSED] - openBrowser(""): Browser is opened with url: ''

2022-01-11 20:39:15 - [MESSAGE][WARNING] - A browser is already opened. Closing browser and opening a new one

2022-01-11 20:39:16 - [MESSAGE][INFO] - Starting 'Edge Chromium' driver

2022-01-11 20:39:16 - [MESSAGE][INFO] - Action delay is set to 0 milliseconds

2022-01-11 20:39:18 - [MESSAGE][PASSED] - Browser is opened with url: ''

2022-01-11 20:39:18 - [TEST_STEP][PASSED] - navigateToUrl("http://localhost/"): Navigate to 'http://localhost/' successfully

2022-01-11 20:39:18 - [MESSAGE][PASSED] - Navigate to 'http://localhost/' successfully

2022-01-11 20:39:18 - [TEST_STEP][PASSED] - click(findTestObject("Object Repository/Page_My Moodle/a_Log in")): Object: 'Object Repository/Page_My Moodle/a_Log in' is clicked on

2022-01-11 20:39:19 - [MESSAGE][PASSED] - Object: 'Object Repository/Page_My Moodle/a_Log in' is clicked on

2022-01-11 20:39:19 - [TEST_STEP][PASSED] - setText(findTestObject("Object Repository/Page_My Moodle Log in to the site/input_Username_username"), "admin"): Text 'admin' is set on object 'Object Repository/Page_My Moodle Log in to the site/input_Username_username'

2022-01-11 20:39:20 - [MESSAGE][PASSED] - Text 'admin' is set on object 'Object Repository/Page_My Moodle Log in to the site/input_Username_username'

2022-01-11 20:39:20 - [TEST_STEP][PASSED] - setEncryptedText(findTestObject("Object Repository/Page_My Moodle Log in to the site/input_Password_password"), "7Dxoto1EjKfQbGop/Ov+1g=="): Text ****** has been set on object 'Object Repository/Page_My Moodle Log in to the site/input_Password_password'

2022-01-11 20:39:20 - [MESSAGE][PASSED] - Text ****** has been set on object 'Object Repository/Page_My Moodle Log in to the site/input_Password_password'

2022-01-11 20:39:20 - [TEST_STEP][PASSED] - click(findTestObject("Object Repository/Page_My Moodle Log in to the site/button_Log in")): Object: 'Object Repository/Page_My Moodle Log in to the site/button_Log in' is clicked on

2022-01-11 20:39:21 - [MESSAGE][PASSED] - Object: 'Object Repository/Page_My Moodle Log in to the site/button_Log in' is clicked on

2022-01-11 20:39:21 - [MESSAGE][PASSED] - Call Test Case 'Test Cases/Login as admin' successfully

2022-01-11 20:39:21 - [TEST_STEP][PASSED] - click(findTestObject("Object Repository/Page_Dashboard/a_Site administration")): Object: 'Object Repository/Page_Dashboard/a_Site administration' is clicked on

2022-01-11 20:39:23 - [MESSAGE][PASSED] - Object: 'Object Repository/Page_Dashboard/a_Site administration' is clicked on

2022-01-11 20:39:23 - [TEST_STEP][PASSED] - navigateToUrl("http://localhost/admin/search.php"): Navigate to 'http://localhost/admin/search.php' successfully

2022-01-11 20:39:24 - [MESSAGE][PASSED] - Navigate to 'http://localhost/admin/search.php' successfully

2022-01-11 20:39:24 - [TEST_STEP][PASSED] - click(findTestObject("Object Repository/Page_Moodle Administration Search/a_Users")): Object: 'Object Repository/Page_Moodle Administration Search/a_Users' is clicked on

2022-01-11 20:39:24 - [MESSAGE][PASSED] - Object: 'Object Repository/Page_Moodle Administration Search/a_Users' is clicked on

2022-01-11 20:39:24 - [TEST_STEP][PASSED] - click(findTestObject("Object Repository/Page_Moodle Administration Search/a_Cohorts")): Object: 'Object Repository/Page_Moodle Administration Search/a_Cohorts' is clicked on

2022-01-11 20:39:25 - [MESSAGE][PASSED] - Object: 'Object Repository/Page_Moodle Administration Search/a_Cohorts' is clicked on

2022-01-11 20:39:25 - [TEST_STEP][PASSED] - click(findTestObject("Object Repository/Page_Moodle Administration Users Accounts Cohorts/a_Add new cohort")): Object: 'Object Repository/Page_Moodle Administration Users Accounts Cohorts/a_Add new cohort' is clicked on

2022-01-11 20:39:27 - [MESSAGE][PASSED] - Object: 'Object Repository/Page_Moodle Administration Users Accounts Cohorts/a_Add new cohort' is clicked on

2022-01-11 20:39:27 - [TEST_STEP][PASSED] - setText(findTestObject("Object Repository/Page_Add new cohort/input_Name_name"), "Teachers"): Text 'Teachers' is set on object 'Object Repository/Page_Add new cohort/input_Name_name'

2022-01-11 20:39:28 - [MESSAGE][PASSED] - Text 'Teachers' is set on object 'Object Repository/Page_Add new cohort/input_Name_name'

2022-01-11 20:39:28 - [TEST_STEP][PASSED] - setText(findTestObject("Object Repository/Page_Add new cohort/input_Cohort ID_idnumber"), "01"): Text '01' is set on object 'Object Repository/Page_Add new cohort/input_Cohort ID_idnumber'

2022-01-11 20:39:29 - [MESSAGE][PASSED] - Text '01' is set on object 'Object Repository/Page_Add new cohort/input_Cohort ID_idnumber'

2022-01-11 20:39:29 - [TEST_STEP][PASSED] - click(findTestObject("Object Repository/Page_Add new cohort/input_Description_submitbutton")): Object: 'Object Repository/Page_Add new cohort/input_Description_submitbutton' is clicked on

2022-01-11 20:39:31 - [MESSAGE][PASSED] - Object: 'Object Repository/Page_Add new cohort/input_Description_submitbutton' is clicked on

2022-01-11 20:39:31 - [TEST_STEP][PASSED] - click(findTestObject("Object Repository/Page_Moodle Administration Users Accounts Cohorts/a_Add new cohort")): Object: 'Object Repository/Page_Moodle Administration Users Accounts Cohorts/a_Add new cohort' is clicked on

2022-01-11 20:39:32 - [MESSAGE][PASSED] - Object: 'Object Repository/Page_Moodle Administration Users Accounts Cohorts/a_Add new cohort' is clicked on

2022-01-11 20:39:32 - [TEST_STEP][PASSED] - setText(findTestObject("Object Repository/Page_Add new cohort/input_Name_name"), "Students"): Text 'Students' is set on object 'Object Repository/Page_Add new cohort/input_Name_name'

2022-01-11 20:39:33 - [MESSAGE][PASSED] - Text 'Students' is set on object 'Object Repository/Page_Add new cohort/input_Name_name'

2022-01-11 20:39:33 - [TEST_STEP][PASSED] - setText(findTestObject("Object Repository/Page_Add new cohort/input_Cohort ID_idnumber"), "02"): Text '02' is set on object 'Object Repository/Page_Add new cohort/input_Cohort ID_idnumber'

2022-01-11 20:39:34 - [MESSAGE][PASSED] - Text '02' is set on object 'Object Repository/Page_Add new cohort/input_Cohort ID_idnumber'

2022-01-11 20:39:34 - [TEST_STEP][PASSED] - click(findTestObject("Object Repository/Page_Add new cohort/input_Description_submitbutton")): Object: 'Object Repository/Page_Add new cohort/input_Description_submitbutton' is clicked on

2022-01-11 20:39:36 - [MESSAGE][PASSED] - Object: 'Object Repository/Page_Add new cohort/input_Description_submitbutton' is clicked on]]></system-out>
         <system-err><![CDATA[]]></system-err>
      </testcase>
      <testcase name="Test Cases/Admin assign cohorts" time="30.065" classname="Test Cases/Admin assign cohorts" status="PASSED">
         <system-out><![CDATA[2022-01-11 20:39:36 - [TEST_CASE][PASSED] - Test Cases/Admin assign cohorts: Test Cases/Admin assign cohorts

2022-01-11 20:39:36 - [TEST_STEP][PASSED] - callTestCase(findTestCase("Login as admin"), [:], STOP_ON_FAILURE): Call Test Case 'Test Cases/Login as admin' successfully

2022-01-11 20:39:36 - [TEST_CASE][PASSED] - Test Cases/Login as admin: Test Cases/Login as admin

2022-01-11 20:39:36 - [TEST_STEP][PASSED] - openBrowser(""): Browser is opened with url: ''

2022-01-11 20:39:36 - [MESSAGE][WARNING] - A browser is already opened. Closing browser and opening a new one

2022-01-11 20:39:37 - [MESSAGE][INFO] - Starting 'Edge Chromium' driver

2022-01-11 20:39:37 - [MESSAGE][INFO] - Action delay is set to 0 milliseconds

2022-01-11 20:39:38 - [MESSAGE][PASSED] - Browser is opened with url: ''

2022-01-11 20:39:38 - [TEST_STEP][PASSED] - navigateToUrl("http://localhost/"): Navigate to 'http://localhost/' successfully

2022-01-11 20:39:40 - [MESSAGE][PASSED] - Navigate to 'http://localhost/' successfully

2022-01-11 20:39:40 - [TEST_STEP][PASSED] - click(findTestObject("Object Repository/Page_My Moodle/a_Log in")): Object: 'Object Repository/Page_My Moodle/a_Log in' is clicked on

2022-01-11 20:39:41 - [MESSAGE][PASSED] - Object: 'Object Repository/Page_My Moodle/a_Log in' is clicked on

2022-01-11 20:39:41 - [TEST_STEP][PASSED] - setText(findTestObject("Object Repository/Page_My Moodle Log in to the site/input_Username_username"), "admin"): Text 'admin' is set on object 'Object Repository/Page_My Moodle Log in to the site/input_Username_username'

2022-01-11 20:39:41 - [MESSAGE][PASSED] - Text 'admin' is set on object 'Object Repository/Page_My Moodle Log in to the site/input_Username_username'

2022-01-11 20:39:41 - [TEST_STEP][PASSED] - setEncryptedText(findTestObject("Object Repository/Page_My Moodle Log in to the site/input_Password_password"), "7Dxoto1EjKfQbGop/Ov+1g=="): Text ****** has been set on object 'Object Repository/Page_My Moodle Log in to the site/input_Password_password'

2022-01-11 20:39:42 - [MESSAGE][PASSED] - Text ****** has been set on object 'Object Repository/Page_My Moodle Log in to the site/input_Password_password'

2022-01-11 20:39:42 - [TEST_STEP][PASSED] - click(findTestObject("Object Repository/Page_My Moodle Log in to the site/button_Log in")): Object: 'Object Repository/Page_My Moodle Log in to the site/button_Log in' is clicked on

2022-01-11 20:39:43 - [MESSAGE][PASSED] - Object: 'Object Repository/Page_My Moodle Log in to the site/button_Log in' is clicked on

2022-01-11 20:39:43 - [MESSAGE][PASSED] - Call Test Case 'Test Cases/Login as admin' successfully

2022-01-11 20:39:43 - [TEST_STEP][PASSED] - click(findTestObject("Object Repository/Page_Dashboard/a_Site administration")): Object: 'Object Repository/Page_Dashboard/a_Site administration' is clicked on

2022-01-11 20:39:45 - [MESSAGE][PASSED] - Object: 'Object Repository/Page_Dashboard/a_Site administration' is clicked on

2022-01-11 20:39:45 - [TEST_STEP][PASSED] - navigateToUrl("http://localhost/admin/search.php"): Navigate to 'http://localhost/admin/search.php' successfully

2022-01-11 20:39:45 - [MESSAGE][PASSED] - Navigate to 'http://localhost/admin/search.php' successfully

2022-01-11 20:39:45 - [TEST_STEP][PASSED] - click(findTestObject("Object Repository/Page_Moodle Administration Search/a_Users")): Object: 'Object Repository/Page_Moodle Administration Search/a_Users' is clicked on

2022-01-11 20:39:46 - [MESSAGE][PASSED] - Object: 'Object Repository/Page_Moodle Administration Search/a_Users' is clicked on

2022-01-11 20:39:46 - [TEST_STEP][PASSED] - click(findTestObject("Object Repository/Page_Moodle Administration Search/a_Cohorts")): Object: 'Object Repository/Page_Moodle Administration Search/a_Cohorts' is clicked on

2022-01-11 20:39:47 - [MESSAGE][PASSED] - Object: 'Object Repository/Page_Moodle Administration Search/a_Cohorts' is clicked on

2022-01-11 20:39:47 - [TEST_STEP][PASSED] - click(findTestObject("Object Repository/Page_Moodle Administration Users Accounts Cohorts/i_Created manually_icon fa fa-users fa-fw")): Object: 'Object Repository/Page_Moodle Administration Users Accounts Cohorts/i_Created manually_icon fa fa-users fa-fw' is clicked on

2022-01-11 20:39:48 - [MESSAGE][PASSED] - Object: 'Object Repository/Page_Moodle Administration Users Accounts Cohorts/i_Created manually_icon fa fa-users fa-fw' is clicked on

2022-01-11 20:39:48 - [TEST_STEP][PASSED] - selectOptionByValue(findTestObject("Object Repository/Page_Assign cohort members/select_V Duy (vhbaoduy0808gmail.com)    Stu_203805"), "7", true): All options with value '7' are selected in object 'Object Repository/Page_Assign cohort members/select_V Duy (vhbaoduy0808gmail.com)    Stu_203805'  using regular expression

2022-01-11 20:39:49 - [MESSAGE][PASSED] - All options with value '7' are selected in object 'Object Repository/Page_Assign cohort members/select_V Duy (vhbaoduy0808gmail.com)    Stu_203805'  using regular expression

2022-01-11 20:39:49 - [TEST_STEP][PASSED] - selectOptionByValue(findTestObject("Object Repository/Page_Assign cohort members/select_V Duy (vhbaoduy0808gmail.com)    Stu_203805"), "6", true): All options with value '6' are selected in object 'Object Repository/Page_Assign cohort members/select_V Duy (vhbaoduy0808gmail.com)    Stu_203805'  using regular expression

2022-01-11 20:39:50 - [MESSAGE][PASSED] - All options with value '6' are selected in object 'Object Repository/Page_Assign cohort members/select_V Duy (vhbaoduy0808gmail.com)    Stu_203805'  using regular expression

2022-01-11 20:39:50 - [TEST_STEP][PASSED] - click(findTestObject("Object Repository/Page_Assign cohort members/input_Match the search text anywhere in the_89f7b5")): Object: 'Object Repository/Page_Assign cohort members/input_Match the search text anywhere in the_89f7b5' is clicked on

2022-01-11 20:39:52 - [MESSAGE][PASSED] - Object: 'Object Repository/Page_Assign cohort members/input_Match the search text anywhere in the_89f7b5' is clicked on

2022-01-11 20:39:52 - [TEST_STEP][PASSED] - selectOptionByValue(findTestObject("Object Repository/Page_Assign cohort members/select_Teacher One (t1example.com)    Teach_962300"), "6", true): All options with value '6' are selected in object 'Object Repository/Page_Assign cohort members/select_Teacher One (t1example.com)    Teach_962300'  using regular expression

2022-01-11 20:39:53 - [MESSAGE][PASSED] - All options with value '6' are selected in object 'Object Repository/Page_Assign cohort members/select_Teacher One (t1example.com)    Teach_962300'  using regular expression

2022-01-11 20:39:53 - [TEST_STEP][PASSED] - selectOptionByValue(findTestObject("Object Repository/Page_Assign cohort members/select_Teacher One (t1example.com)    Teach_962300"), "7", true): All options with value '7' are selected in object 'Object Repository/Page_Assign cohort members/select_Teacher One (t1example.com)    Teach_962300'  using regular expression

2022-01-11 20:39:54 - [MESSAGE][PASSED] - All options with value '7' are selected in object 'Object Repository/Page_Assign cohort members/select_Teacher One (t1example.com)    Teach_962300'  using regular expression

2022-01-11 20:39:54 - [TEST_STEP][PASSED] - selectOptionByValue(findTestObject("Object Repository/Page_Assign cohort members/select_Teacher One (t1example.com)    Teach_962300"), "7", true): All options with value '7' are selected in object 'Object Repository/Page_Assign cohort members/select_Teacher One (t1example.com)    Teach_962300'  using regular expression

2022-01-11 20:39:55 - [MESSAGE][PASSED] - All options with value '7' are selected in object 'Object Repository/Page_Assign cohort members/select_Teacher One (t1example.com)    Teach_962300'  using regular expression

2022-01-11 20:39:55 - [TEST_STEP][PASSED] - click(findTestObject("Object Repository/Page_Assign cohort members/input_Search_cancel")): Object: 'Object Repository/Page_Assign cohort members/input_Search_cancel' is clicked on

2022-01-11 20:39:56 - [MESSAGE][PASSED] - Object: 'Object Repository/Page_Assign cohort members/input_Search_cancel' is clicked on

2022-01-11 20:39:56 - [TEST_STEP][PASSED] - click(findTestObject("Object Repository/Page_Moodle Administration Users Accounts Cohorts/i_Created manually_icon fa fa-users fa-fw")): Object: 'Object Repository/Page_Moodle Administration Users Accounts Cohorts/i_Created manually_icon fa fa-users fa-fw' is clicked on

2022-01-11 20:39:57 - [MESSAGE][PASSED] - Object: 'Object Repository/Page_Moodle Administration Users Accounts Cohorts/i_Created manually_icon fa fa-users fa-fw' is clicked on

2022-01-11 20:39:57 - [TEST_STEP][PASSED] - selectOptionByValue(findTestObject("Object Repository/Page_Assign cohort members/select_V Duy (vhbaoduy0808gmail.com)    Stu_203805"), "4", true): All options with value '4' are selected in object 'Object Repository/Page_Assign cohort members/select_V Duy (vhbaoduy0808gmail.com)    Stu_203805'  using regular expression

2022-01-11 20:39:58 - [MESSAGE][PASSED] - All options with value '4' are selected in object 'Object Repository/Page_Assign cohort members/select_V Duy (vhbaoduy0808gmail.com)    Stu_203805'  using regular expression

2022-01-11 20:39:58 - [TEST_STEP][PASSED] - selectOptionByValue(findTestObject("Object Repository/Page_Assign cohort members/select_V Duy (vhbaoduy0808gmail.com)    Stu_203805"), "8", true): All options with value '8' are selected in object 'Object Repository/Page_Assign cohort members/select_V Duy (vhbaoduy0808gmail.com)    Stu_203805'  using regular expression

2022-01-11 20:39:59 - [MESSAGE][PASSED] - All options with value '8' are selected in object 'Object Repository/Page_Assign cohort members/select_V Duy (vhbaoduy0808gmail.com)    Stu_203805'  using regular expression

2022-01-11 20:39:59 - [TEST_STEP][PASSED] - selectOptionByValue(findTestObject("Object Repository/Page_Assign cohort members/select_V Duy (vhbaoduy0808gmail.com)    Stu_203805"), "5", true): All options with value '5' are selected in object 'Object Repository/Page_Assign cohort members/select_V Duy (vhbaoduy0808gmail.com)    Stu_203805'  using regular expression

2022-01-11 20:40:00 - [MESSAGE][PASSED] - All options with value '5' are selected in object 'Object Repository/Page_Assign cohort members/select_V Duy (vhbaoduy0808gmail.com)    Stu_203805'  using regular expression

2022-01-11 20:40:00 - [TEST_STEP][PASSED] - click(findTestObject("Object Repository/Page_Assign cohort members/input_Match the search text anywhere in the_89f7b5")): Object: 'Object Repository/Page_Assign cohort members/input_Match the search text anywhere in the_89f7b5' is clicked on

2022-01-11 20:40:01 - [MESSAGE][PASSED] - Object: 'Object Repository/Page_Assign cohort members/input_Match the search text anywhere in the_89f7b5' is clicked on

2022-01-11 20:40:01 - [TEST_STEP][PASSED] - selectOptionByValue(findTestObject("Object Repository/Page_Assign cohort members/select_Student One (s1example.com)    Stude_8b3338"), "4", true): All options with value '4' are selected in object 'Object Repository/Page_Assign cohort members/select_Student One (s1example.com)    Stude_8b3338'  using regular expression

2022-01-11 20:40:03 - [MESSAGE][PASSED] - All options with value '4' are selected in object 'Object Repository/Page_Assign cohort members/select_Student One (s1example.com)    Stude_8b3338'  using regular expression

2022-01-11 20:40:03 - [TEST_STEP][PASSED] - selectOptionByValue(findTestObject("Object Repository/Page_Assign cohort members/select_Student One (s1example.com)    Stude_8b3338"), "8", true): All options with value '8' are selected in object 'Object Repository/Page_Assign cohort members/select_Student One (s1example.com)    Stude_8b3338'  using regular expression

2022-01-11 20:40:04 - [MESSAGE][PASSED] - All options with value '8' are selected in object 'Object Repository/Page_Assign cohort members/select_Student One (s1example.com)    Stude_8b3338'  using regular expression

2022-01-11 20:40:04 - [TEST_STEP][PASSED] - selectOptionByValue(findTestObject("Object Repository/Page_Assign cohort members/select_Student One (s1example.com)    Stude_8b3338"), "5", true): All options with value '5' are selected in object 'Object Repository/Page_Assign cohort members/select_Student One (s1example.com)    Stude_8b3338'  using regular expression

2022-01-11 20:40:05 - [MESSAGE][PASSED] - All options with value '5' are selected in object 'Object Repository/Page_Assign cohort members/select_Student One (s1example.com)    Stude_8b3338'  using regular expression

2022-01-11 20:40:05 - [TEST_STEP][PASSED] - click(findTestObject("Object Repository/Page_Assign cohort members/input_Search_cancel")): Object: 'Object Repository/Page_Assign cohort members/input_Search_cancel' is clicked on

2022-01-11 20:40:06 - [MESSAGE][PASSED] - Object: 'Object Repository/Page_Assign cohort members/input_Search_cancel' is clicked on]]></system-out>
         <system-err><![CDATA[]]></system-err>
      </testcase>
      <testcase name="Test Cases/Admin create course parent category" time="15.05" classname="Test Cases/Admin create course parent category" status="PASSED">
         <system-out><![CDATA[2022-01-11 20:40:06 - [TEST_CASE][PASSED] - Test Cases/Admin create course parent category: Test Cases/Admin create course parent category

2022-01-11 20:40:06 - [TEST_STEP][PASSED] - callTestCase(findTestCase("Login as admin"), [:], STOP_ON_FAILURE): Call Test Case 'Test Cases/Login as admin' successfully

2022-01-11 20:40:06 - [TEST_CASE][PASSED] - Test Cases/Login as admin: Test Cases/Login as admin

2022-01-11 20:40:06 - [TEST_STEP][PASSED] - openBrowser(""): Browser is opened with url: ''

2022-01-11 20:40:06 - [MESSAGE][WARNING] - A browser is already opened. Closing browser and opening a new one

2022-01-11 20:40:07 - [MESSAGE][INFO] - Starting 'Edge Chromium' driver

2022-01-11 20:40:08 - [MESSAGE][INFO] - Action delay is set to 0 milliseconds

2022-01-11 20:40:09 - [MESSAGE][PASSED] - Browser is opened with url: ''

2022-01-11 20:40:09 - [TEST_STEP][PASSED] - navigateToUrl("http://localhost/"): Navigate to 'http://localhost/' successfully

2022-01-11 20:40:09 - [MESSAGE][PASSED] - Navigate to 'http://localhost/' successfully

2022-01-11 20:40:09 - [TEST_STEP][PASSED] - click(findTestObject("Object Repository/Page_My Moodle/a_Log in")): Object: 'Object Repository/Page_My Moodle/a_Log in' is clicked on

2022-01-11 20:40:10 - [MESSAGE][PASSED] - Object: 'Object Repository/Page_My Moodle/a_Log in' is clicked on

2022-01-11 20:40:10 - [TEST_STEP][PASSED] - setText(findTestObject("Object Repository/Page_My Moodle Log in to the site/input_Username_username"), "admin"): Text 'admin' is set on object 'Object Repository/Page_My Moodle Log in to the site/input_Username_username'

2022-01-11 20:40:11 - [MESSAGE][PASSED] - Text 'admin' is set on object 'Object Repository/Page_My Moodle Log in to the site/input_Username_username'

2022-01-11 20:40:11 - [TEST_STEP][PASSED] - setEncryptedText(findTestObject("Object Repository/Page_My Moodle Log in to the site/input_Password_password"), "7Dxoto1EjKfQbGop/Ov+1g=="): Text ****** has been set on object 'Object Repository/Page_My Moodle Log in to the site/input_Password_password'

2022-01-11 20:40:11 - [MESSAGE][PASSED] - Text ****** has been set on object 'Object Repository/Page_My Moodle Log in to the site/input_Password_password'

2022-01-11 20:40:11 - [TEST_STEP][PASSED] - click(findTestObject("Object Repository/Page_My Moodle Log in to the site/button_Log in")): Object: 'Object Repository/Page_My Moodle Log in to the site/button_Log in' is clicked on

2022-01-11 20:40:13 - [MESSAGE][PASSED] - Object: 'Object Repository/Page_My Moodle Log in to the site/button_Log in' is clicked on

2022-01-11 20:40:13 - [MESSAGE][PASSED] - Call Test Case 'Test Cases/Login as admin' successfully

2022-01-11 20:40:13 - [TEST_STEP][PASSED] - click(findTestObject("Object Repository/Page_Dashboard/span_Site administration")): Object: 'Object Repository/Page_Dashboard/span_Site administration' is clicked on

2022-01-11 20:40:14 - [MESSAGE][PASSED] - Object: 'Object Repository/Page_Dashboard/span_Site administration' is clicked on

2022-01-11 20:40:14 - [TEST_STEP][PASSED] - navigateToUrl("http://localhost/admin/search.php"): Navigate to 'http://localhost/admin/search.php' successfully

2022-01-11 20:40:15 - [MESSAGE][PASSED] - Navigate to 'http://localhost/admin/search.php' successfully

2022-01-11 20:40:15 - [TEST_STEP][PASSED] - click(findTestObject("Object Repository/Page_Moodle Administration Search/a_Courses")): Object: 'Object Repository/Page_Moodle Administration Search/a_Courses' is clicked on

2022-01-11 20:40:15 - [MESSAGE][PASSED] - Object: 'Object Repository/Page_Moodle Administration Search/a_Courses' is clicked on

2022-01-11 20:40:15 - [TEST_STEP][PASSED] - click(findTestObject("Object Repository/Page_Moodle Administration Search/a_Add a category")): Object: 'Object Repository/Page_Moodle Administration Search/a_Add a category' is clicked on

2022-01-11 20:40:16 - [MESSAGE][PASSED] - Object: 'Object Repository/Page_Moodle Administration Search/a_Add a category' is clicked on

2022-01-11 20:40:16 - [TEST_STEP][PASSED] - setText(findTestObject("Object Repository/Page_Moodle Add new category/input_Category name_name"), "Công nghệ thông tin"): Text 'Công nghệ thông tin' is set on object 'Object Repository/Page_Moodle Add new category/input_Category name_name'

2022-01-11 20:40:18 - [MESSAGE][PASSED] - Text 'Công nghệ thông tin' is set on object 'Object Repository/Page_Moodle Add new category/input_Category name_name'

2022-01-11 20:40:18 - [TEST_STEP][PASSED] - setText(findTestObject("Object Repository/Page_Moodle Add new category/input_Category ID number_idnumber"), "1"): Text '1' is set on object 'Object Repository/Page_Moodle Add new category/input_Category ID number_idnumber'

2022-01-11 20:40:19 - [MESSAGE][PASSED] - Text '1' is set on object 'Object Repository/Page_Moodle Add new category/input_Category ID number_idnumber'

2022-01-11 20:40:19 - [TEST_STEP][PASSED] - click(findTestObject("Object Repository/Page_Moodle Add new category/input_Description_submitbutton")): Object: 'Object Repository/Page_Moodle Add new category/input_Description_submitbutton' is clicked on

2022-01-11 20:40:20 - [MESSAGE][PASSED] - Object: 'Object Repository/Page_Moodle Add new category/input_Description_submitbutton' is clicked on

2022-01-11 20:40:20 - [TEST_STEP][PASSED] - click(findTestObject("Object Repository/Page_Course and category management/h2_Course and category management")): Object: 'Object Repository/Page_Course and category management/h2_Course and category management' is clicked on

2022-01-11 20:40:21 - [MESSAGE][PASSED] - Object: 'Object Repository/Page_Course and category management/h2_Course and category management' is clicked on]]></system-out>
         <system-err><![CDATA[]]></system-err>
      </testcase>
      <testcase name="Test Cases/Admin create course child category" time="17.576" classname="Test Cases/Admin create course child category" status="PASSED">
         <system-out><![CDATA[2022-01-11 20:40:21 - [TEST_CASE][PASSED] - Test Cases/Admin create course child category: Test Cases/Admin create course child category

2022-01-11 20:40:21 - [TEST_STEP][PASSED] - callTestCase(findTestCase("Login as admin"), [:], STOP_ON_FAILURE): Call Test Case 'Test Cases/Login as admin' successfully

2022-01-11 20:40:21 - [TEST_CASE][PASSED] - Test Cases/Login as admin: Test Cases/Login as admin

2022-01-11 20:40:21 - [TEST_STEP][PASSED] - openBrowser(""): Browser is opened with url: ''

2022-01-11 20:40:21 - [MESSAGE][WARNING] - A browser is already opened. Closing browser and opening a new one

2022-01-11 20:40:22 - [MESSAGE][INFO] - Starting 'Edge Chromium' driver

2022-01-11 20:40:22 - [MESSAGE][INFO] - Action delay is set to 0 milliseconds

2022-01-11 20:40:24 - [MESSAGE][PASSED] - Browser is opened with url: ''

2022-01-11 20:40:24 - [TEST_STEP][PASSED] - navigateToUrl("http://localhost/"): Navigate to 'http://localhost/' successfully

2022-01-11 20:40:24 - [MESSAGE][PASSED] - Navigate to 'http://localhost/' successfully

2022-01-11 20:40:24 - [TEST_STEP][PASSED] - click(findTestObject("Object Repository/Page_My Moodle/a_Log in")): Object: 'Object Repository/Page_My Moodle/a_Log in' is clicked on

2022-01-11 20:40:25 - [MESSAGE][PASSED] - Object: 'Object Repository/Page_My Moodle/a_Log in' is clicked on

2022-01-11 20:40:25 - [TEST_STEP][PASSED] - setText(findTestObject("Object Repository/Page_My Moodle Log in to the site/input_Username_username"), "admin"): Text 'admin' is set on object 'Object Repository/Page_My Moodle Log in to the site/input_Username_username'

2022-01-11 20:40:26 - [MESSAGE][PASSED] - Text 'admin' is set on object 'Object Repository/Page_My Moodle Log in to the site/input_Username_username'

2022-01-11 20:40:26 - [TEST_STEP][PASSED] - setEncryptedText(findTestObject("Object Repository/Page_My Moodle Log in to the site/input_Password_password"), "7Dxoto1EjKfQbGop/Ov+1g=="): Text ****** has been set on object 'Object Repository/Page_My Moodle Log in to the site/input_Password_password'

2022-01-11 20:40:26 - [MESSAGE][PASSED] - Text ****** has been set on object 'Object Repository/Page_My Moodle Log in to the site/input_Password_password'

2022-01-11 20:40:26 - [TEST_STEP][PASSED] - click(findTestObject("Object Repository/Page_My Moodle Log in to the site/button_Log in")): Object: 'Object Repository/Page_My Moodle Log in to the site/button_Log in' is clicked on

2022-01-11 20:40:27 - [MESSAGE][PASSED] - Object: 'Object Repository/Page_My Moodle Log in to the site/button_Log in' is clicked on

2022-01-11 20:40:27 - [MESSAGE][PASSED] - Call Test Case 'Test Cases/Login as admin' successfully

2022-01-11 20:40:27 - [TEST_STEP][PASSED] - click(findTestObject("Object Repository/Page_Dashboard/span_Site administration")): Object: 'Object Repository/Page_Dashboard/span_Site administration' is clicked on

2022-01-11 20:40:29 - [MESSAGE][PASSED] - Object: 'Object Repository/Page_Dashboard/span_Site administration' is clicked on

2022-01-11 20:40:29 - [TEST_STEP][PASSED] - navigateToUrl("http://localhost/admin/search.php"): Navigate to 'http://localhost/admin/search.php' successfully

2022-01-11 20:40:30 - [MESSAGE][PASSED] - Navigate to 'http://localhost/admin/search.php' successfully

2022-01-11 20:40:30 - [TEST_STEP][PASSED] - click(findTestObject("Object Repository/Page_Moodle Administration Search/a_Courses")): Object: 'Object Repository/Page_Moodle Administration Search/a_Courses' is clicked on

2022-01-11 20:40:30 - [MESSAGE][PASSED] - Object: 'Object Repository/Page_Moodle Administration Search/a_Courses' is clicked on

2022-01-11 20:40:30 - [TEST_STEP][PASSED] - click(findTestObject("Object Repository/Page_Moodle Administration Search/a_Add a category")): Object: 'Object Repository/Page_Moodle Administration Search/a_Add a category' is clicked on

2022-01-11 20:40:32 - [MESSAGE][PASSED] - Object: 'Object Repository/Page_Moodle Administration Search/a_Add a category' is clicked on

2022-01-11 20:40:32 - [TEST_STEP][PASSED] - click(findTestObject("Object Repository/Page_Moodle Add new category/span_")): Object: 'Object Repository/Page_Moodle Add new category/span_' is clicked on

2022-01-11 20:40:33 - [MESSAGE][PASSED] - Object: 'Object Repository/Page_Moodle Add new category/span_' is clicked on

2022-01-11 20:40:33 - [TEST_STEP][PASSED] - click(findTestObject("Object Repository/Page_Moodle Add new category/li_Cng ngh thng tin")): Object: 'Object Repository/Page_Moodle Add new category/li_Cng ngh thng tin' is clicked on

2022-01-11 20:40:34 - [MESSAGE][PASSED] - Object: 'Object Repository/Page_Moodle Add new category/li_Cng ngh thng tin' is clicked on

2022-01-11 20:40:34 - [TEST_STEP][PASSED] - selectOptionByValue(findTestObject("Object Repository/Page_Moodle Add new category/select_Top            Miscellaneous        _a56d48"), "2", true): All options with value '2' are selected in object 'Object Repository/Page_Moodle Add new category/select_Top            Miscellaneous        _a56d48'  using regular expression

2022-01-11 20:40:35 - [MESSAGE][PASSED] - All options with value '2' are selected in object 'Object Repository/Page_Moodle Add new category/select_Top            Miscellaneous        _a56d48'  using regular expression

2022-01-11 20:40:35 - [TEST_STEP][PASSED] - setText(findTestObject("Object Repository/Page_Moodle Add new category/input_Category name_name"), "Kỹ thuật phần mềm"): Text 'Kỹ thuật phần mềm' is set on object 'Object Repository/Page_Moodle Add new category/input_Category name_name'

2022-01-11 20:40:36 - [MESSAGE][PASSED] - Text 'Kỹ thuật phần mềm' is set on object 'Object Repository/Page_Moodle Add new category/input_Category name_name'

2022-01-11 20:40:36 - [TEST_STEP][PASSED] - setText(findTestObject("Object Repository/Page_Moodle Add new category/input_Category ID number_idnumber"), "2"): Text '2' is set on object 'Object Repository/Page_Moodle Add new category/input_Category ID number_idnumber'

2022-01-11 20:40:36 - [MESSAGE][PASSED] - Text '2' is set on object 'Object Repository/Page_Moodle Add new category/input_Category ID number_idnumber'

2022-01-11 20:40:36 - [TEST_STEP][PASSED] - click(findTestObject("Object Repository/Page_Moodle Add new category/input_Description_submitbutton")): Object: 'Object Repository/Page_Moodle Add new category/input_Description_submitbutton' is clicked on

2022-01-11 20:40:38 - [MESSAGE][PASSED] - Object: 'Object Repository/Page_Moodle Add new category/input_Description_submitbutton' is clicked on

2022-01-11 20:40:38 - [TEST_STEP][PASSED] - click(findTestObject("Object Repository/Page_Course and category management/h2_Course and category management")): Object: 'Object Repository/Page_Course and category management/h2_Course and category management' is clicked on

2022-01-11 20:40:38 - [MESSAGE][PASSED] - Object: 'Object Repository/Page_Course and category management/h2_Course and category management' is clicked on]]></system-out>
         <system-err><![CDATA[]]></system-err>
      </testcase>
      <testcase name="Test Cases/Admin create course (with enddate)" time="19.792" classname="Test Cases/Admin create course (with enddate)" status="PASSED">
         <system-out><![CDATA[2022-01-11 20:40:38 - [TEST_CASE][PASSED] - Test Cases/Admin create course (with enddate): Test Cases/Admin create course (with enddate)

2022-01-11 20:40:39 - [TEST_STEP][PASSED] - callTestCase(findTestCase("Login as admin"), [:], STOP_ON_FAILURE): Call Test Case 'Test Cases/Login as admin' successfully

2022-01-11 20:40:39 - [TEST_CASE][PASSED] - Test Cases/Login as admin: Test Cases/Login as admin

2022-01-11 20:40:39 - [TEST_STEP][PASSED] - openBrowser(""): Browser is opened with url: ''

2022-01-11 20:40:39 - [MESSAGE][WARNING] - A browser is already opened. Closing browser and opening a new one

2022-01-11 20:40:40 - [MESSAGE][INFO] - Starting 'Edge Chromium' driver

2022-01-11 20:40:40 - [MESSAGE][INFO] - Action delay is set to 0 milliseconds

2022-01-11 20:40:41 - [MESSAGE][PASSED] - Browser is opened with url: ''

2022-01-11 20:40:41 - [TEST_STEP][PASSED] - navigateToUrl("http://localhost/"): Navigate to 'http://localhost/' successfully

2022-01-11 20:40:42 - [MESSAGE][PASSED] - Navigate to 'http://localhost/' successfully

2022-01-11 20:40:42 - [TEST_STEP][PASSED] - click(findTestObject("Object Repository/Page_My Moodle/a_Log in")): Object: 'Object Repository/Page_My Moodle/a_Log in' is clicked on

2022-01-11 20:40:43 - [MESSAGE][PASSED] - Object: 'Object Repository/Page_My Moodle/a_Log in' is clicked on

2022-01-11 20:40:43 - [TEST_STEP][PASSED] - setText(findTestObject("Object Repository/Page_My Moodle Log in to the site/input_Username_username"), "admin"): Text 'admin' is set on object 'Object Repository/Page_My Moodle Log in to the site/input_Username_username'

2022-01-11 20:40:44 - [MESSAGE][PASSED] - Text 'admin' is set on object 'Object Repository/Page_My Moodle Log in to the site/input_Username_username'

2022-01-11 20:40:44 - [TEST_STEP][PASSED] - setEncryptedText(findTestObject("Object Repository/Page_My Moodle Log in to the site/input_Password_password"), "7Dxoto1EjKfQbGop/Ov+1g=="): Text ****** has been set on object 'Object Repository/Page_My Moodle Log in to the site/input_Password_password'

2022-01-11 20:40:44 - [MESSAGE][PASSED] - Text ****** has been set on object 'Object Repository/Page_My Moodle Log in to the site/input_Password_password'

2022-01-11 20:40:44 - [TEST_STEP][PASSED] - click(findTestObject("Object Repository/Page_My Moodle Log in to the site/button_Log in")): Object: 'Object Repository/Page_My Moodle Log in to the site/button_Log in' is clicked on

2022-01-11 20:40:45 - [MESSAGE][PASSED] - Object: 'Object Repository/Page_My Moodle Log in to the site/button_Log in' is clicked on

2022-01-11 20:40:45 - [MESSAGE][PASSED] - Call Test Case 'Test Cases/Login as admin' successfully

2022-01-11 20:40:45 - [TEST_STEP][PASSED] - click(findTestObject("Object Repository/Page_Dashboard/span_Site administration")): Object: 'Object Repository/Page_Dashboard/span_Site administration' is clicked on

2022-01-11 20:40:47 - [MESSAGE][PASSED] - Object: 'Object Repository/Page_Dashboard/span_Site administration' is clicked on

2022-01-11 20:40:47 - [TEST_STEP][PASSED] - navigateToUrl("http://localhost/admin/search.php"): Navigate to 'http://localhost/admin/search.php' successfully

2022-01-11 20:40:48 - [MESSAGE][PASSED] - Navigate to 'http://localhost/admin/search.php' successfully

2022-01-11 20:40:48 - [TEST_STEP][PASSED] - click(findTestObject("Object Repository/Page_Moodle Administration Search/a_Courses")): Object: 'Object Repository/Page_Moodle Administration Search/a_Courses' is clicked on

2022-01-11 20:40:49 - [MESSAGE][PASSED] - Object: 'Object Repository/Page_Moodle Administration Search/a_Courses' is clicked on

2022-01-11 20:40:49 - [TEST_STEP][PASSED] - click(findTestObject("Object Repository/Page_Moodle Administration Search/a_Add a new course")): Object: 'Object Repository/Page_Moodle Administration Search/a_Add a new course' is clicked on

2022-01-11 20:40:50 - [MESSAGE][PASSED] - Object: 'Object Repository/Page_Moodle Administration Search/a_Add a new course' is clicked on

2022-01-11 20:40:50 - [TEST_STEP][PASSED] - setText(findTestObject("Object Repository/Page_Moodle Add a new course/input_Course full name_fullname"), "Phân tích và quản lý yêu cầu phần mềm"): Text 'Phân tích và quản lý yêu cầu phần mềm' is set on object 'Object Repository/Page_Moodle Add a new course/input_Course full name_fullname'

2022-01-11 20:40:52 - [MESSAGE][PASSED] - Text 'Phân tích và quản lý yêu cầu phần mềm' is set on object 'Object Repository/Page_Moodle Add a new course/input_Course full name_fullname'

2022-01-11 20:40:52 - [TEST_STEP][PASSED] - setText(findTestObject("Object Repository/Page_Moodle Add a new course/input_Course short name_shortname"), "CSC13005"): Text 'CSC13005' is set on object 'Object Repository/Page_Moodle Add a new course/input_Course short name_shortname'

2022-01-11 20:40:53 - [MESSAGE][PASSED] - Text 'CSC13005' is set on object 'Object Repository/Page_Moodle Add a new course/input_Course short name_shortname'

2022-01-11 20:40:53 - [TEST_STEP][PASSED] - click(findTestObject("Object Repository/Page_Moodle Add a new course/span_")): Object: 'Object Repository/Page_Moodle Add a new course/span_' is clicked on

2022-01-11 20:40:53 - [MESSAGE][PASSED] - Object: 'Object Repository/Page_Moodle Add a new course/span_' is clicked on

2022-01-11 20:40:53 - [TEST_STEP][PASSED] - click(findTestObject("Object Repository/Page_Moodle Add a new course/li_Cng ngh thng tin  K thut phn mm")): Object: 'Object Repository/Page_Moodle Add a new course/li_Cng ngh thng tin  K thut phn mm' is clicked on

2022-01-11 20:40:54 - [MESSAGE][PASSED] - Object: 'Object Repository/Page_Moodle Add a new course/li_Cng ngh thng tin  K thut phn mm' is clicked on

2022-01-11 20:40:54 - [TEST_STEP][PASSED] - selectOptionByValue(findTestObject("Object Repository/Page_Moodle Add a new course/select_Miscellaneous            Cng ngh thn_6d25f3"), "3", true): All options with value '3' are selected in object 'Object Repository/Page_Moodle Add a new course/select_Miscellaneous            Cng ngh thn_6d25f3'  using regular expression

2022-01-11 20:40:55 - [MESSAGE][PASSED] - All options with value '3' are selected in object 'Object Repository/Page_Moodle Add a new course/select_Miscellaneous            Cng ngh thn_6d25f3'  using regular expression

2022-01-11 20:40:55 - [TEST_STEP][PASSED] - click(findTestObject("Object Repository/Page_Moodle Add a new course/input__saveanddisplay")): Object: 'Object Repository/Page_Moodle Add a new course/input__saveanddisplay' is clicked on

2022-01-11 20:40:58 - [MESSAGE][PASSED] - Object: 'Object Repository/Page_Moodle Add a new course/input__saveanddisplay' is clicked on

2022-01-11 20:40:58 - [TEST_STEP][PASSED] - click(findTestObject("Object Repository/Page_CSC13005 Participants/h2_Participants")): Object: 'Object Repository/Page_CSC13005 Participants/h2_Participants' is clicked on

2022-01-11 20:40:58 - [MESSAGE][PASSED] - Object: 'Object Repository/Page_CSC13005 Participants/h2_Participants' is clicked on]]></system-out>
         <system-err><![CDATA[]]></system-err>
      </testcase>
      <testcase name="Test Cases/Admin create course (without enddate)" time="18.342" classname="Test Cases/Admin create course (without enddate)" status="PASSED">
         <system-out><![CDATA[2022-01-11 20:40:58 - [TEST_CASE][PASSED] - Test Cases/Admin create course (without enddate): Test Cases/Admin create course (without enddate)

2022-01-11 20:40:58 - [TEST_STEP][PASSED] - callTestCase(findTestCase("Login as admin"), [:], STOP_ON_FAILURE): Call Test Case 'Test Cases/Login as admin' successfully

2022-01-11 20:40:58 - [TEST_CASE][PASSED] - Test Cases/Login as admin: Test Cases/Login as admin

2022-01-11 20:40:58 - [TEST_STEP][PASSED] - openBrowser(""): Browser is opened with url: ''

2022-01-11 20:40:58 - [MESSAGE][WARNING] - A browser is already opened. Closing browser and opening a new one

2022-01-11 20:40:59 - [MESSAGE][INFO] - Starting 'Edge Chromium' driver

2022-01-11 20:41:00 - [MESSAGE][INFO] - Action delay is set to 0 milliseconds

2022-01-11 20:41:01 - [MESSAGE][PASSED] - Browser is opened with url: ''

2022-01-11 20:41:01 - [TEST_STEP][PASSED] - navigateToUrl("http://localhost/"): Navigate to 'http://localhost/' successfully

2022-01-11 20:41:02 - [MESSAGE][PASSED] - Navigate to 'http://localhost/' successfully

2022-01-11 20:41:02 - [TEST_STEP][PASSED] - click(findTestObject("Object Repository/Page_My Moodle/a_Log in")): Object: 'Object Repository/Page_My Moodle/a_Log in' is clicked on

2022-01-11 20:41:03 - [MESSAGE][PASSED] - Object: 'Object Repository/Page_My Moodle/a_Log in' is clicked on

2022-01-11 20:41:03 - [TEST_STEP][PASSED] - setText(findTestObject("Object Repository/Page_My Moodle Log in to the site/input_Username_username"), "admin"): Text 'admin' is set on object 'Object Repository/Page_My Moodle Log in to the site/input_Username_username'

2022-01-11 20:41:03 - [MESSAGE][PASSED] - Text 'admin' is set on object 'Object Repository/Page_My Moodle Log in to the site/input_Username_username'

2022-01-11 20:41:03 - [TEST_STEP][PASSED] - setEncryptedText(findTestObject("Object Repository/Page_My Moodle Log in to the site/input_Password_password"), "7Dxoto1EjKfQbGop/Ov+1g=="): Text ****** has been set on object 'Object Repository/Page_My Moodle Log in to the site/input_Password_password'

2022-01-11 20:41:04 - [MESSAGE][PASSED] - Text ****** has been set on object 'Object Repository/Page_My Moodle Log in to the site/input_Password_password'

2022-01-11 20:41:04 - [TEST_STEP][PASSED] - click(findTestObject("Object Repository/Page_My Moodle Log in to the site/button_Log in")): Object: 'Object Repository/Page_My Moodle Log in to the site/button_Log in' is clicked on

2022-01-11 20:41:05 - [MESSAGE][PASSED] - Object: 'Object Repository/Page_My Moodle Log in to the site/button_Log in' is clicked on

2022-01-11 20:41:05 - [MESSAGE][PASSED] - Call Test Case 'Test Cases/Login as admin' successfully

2022-01-11 20:41:05 - [TEST_STEP][PASSED] - click(findTestObject("Object Repository/Page_Dashboard/a_Site administration")): Object: 'Object Repository/Page_Dashboard/a_Site administration' is clicked on

2022-01-11 20:41:07 - [MESSAGE][PASSED] - Object: 'Object Repository/Page_Dashboard/a_Site administration' is clicked on

2022-01-11 20:41:07 - [TEST_STEP][PASSED] - navigateToUrl("http://localhost/admin/search.php"): Navigate to 'http://localhost/admin/search.php' successfully

2022-01-11 20:41:07 - [MESSAGE][PASSED] - Navigate to 'http://localhost/admin/search.php' successfully

2022-01-11 20:41:07 - [TEST_STEP][PASSED] - click(findTestObject("Object Repository/Page_Moodle Administration Search/a_Courses")): Object: 'Object Repository/Page_Moodle Administration Search/a_Courses' is clicked on

2022-01-11 20:41:08 - [MESSAGE][PASSED] - Object: 'Object Repository/Page_Moodle Administration Search/a_Courses' is clicked on

2022-01-11 20:41:08 - [TEST_STEP][PASSED] - click(findTestObject("Object Repository/Page_Moodle Administration Search/a_Add a new course")): Object: 'Object Repository/Page_Moodle Administration Search/a_Add a new course' is clicked on

2022-01-11 20:41:09 - [MESSAGE][PASSED] - Object: 'Object Repository/Page_Moodle Administration Search/a_Add a new course' is clicked on

2022-01-11 20:41:09 - [TEST_STEP][PASSED] - setText(findTestObject("Object Repository/Page_Moodle Add a new course/input_Course full name_fullname"), "Phát triển phần mềm cho thiết bị di động"): Text 'Phát triển phần mềm cho thiết bị di động' is set on object 'Object Repository/Page_Moodle Add a new course/input_Course full name_fullname'

2022-01-11 20:41:11 - [MESSAGE][PASSED] - Text 'Phát triển phần mềm cho thiết bị di động' is set on object 'Object Repository/Page_Moodle Add a new course/input_Course full name_fullname'

2022-01-11 20:41:11 - [TEST_STEP][PASSED] - setText(findTestObject("Object Repository/Page_Moodle Add a new course/input_Course short name_shortname"), "CSC13009"): Text 'CSC13009' is set on object 'Object Repository/Page_Moodle Add a new course/input_Course short name_shortname'

2022-01-11 20:41:12 - [MESSAGE][PASSED] - Text 'CSC13009' is set on object 'Object Repository/Page_Moodle Add a new course/input_Course short name_shortname'

2022-01-11 20:41:12 - [TEST_STEP][PASSED] - click(findTestObject("Object Repository/Page_Moodle Add a new course/span_")): Object: 'Object Repository/Page_Moodle Add a new course/span_' is clicked on

2022-01-11 20:41:12 - [MESSAGE][PASSED] - Object: 'Object Repository/Page_Moodle Add a new course/span_' is clicked on

2022-01-11 20:41:12 - [TEST_STEP][PASSED] - click(findTestObject("Object Repository/Page_Moodle Add a new course/li_Cng ngh thng tin  K thut phn mm")): Object: 'Object Repository/Page_Moodle Add a new course/li_Cng ngh thng tin  K thut phn mm' is clicked on

2022-01-11 20:41:13 - [MESSAGE][PASSED] - Object: 'Object Repository/Page_Moodle Add a new course/li_Cng ngh thng tin  K thut phn mm' is clicked on

2022-01-11 20:41:13 - [TEST_STEP][PASSED] - selectOptionByValue(findTestObject("Object Repository/Page_Moodle Add a new course/select_Miscellaneous            Cng ngh thn_6d25f3"), "3", true): All options with value '3' are selected in object 'Object Repository/Page_Moodle Add a new course/select_Miscellaneous            Cng ngh thn_6d25f3'  using regular expression

2022-01-11 20:41:14 - [MESSAGE][PASSED] - All options with value '3' are selected in object 'Object Repository/Page_Moodle Add a new course/select_Miscellaneous            Cng ngh thn_6d25f3'  using regular expression

2022-01-11 20:41:14 - [TEST_STEP][PASSED] - click(findTestObject("Object Repository/Page_Moodle Add a new course/input_Enable_enddateenabled")): Object: 'Object Repository/Page_Moodle Add a new course/input_Enable_enddateenabled' is clicked on

2022-01-11 20:41:15 - [MESSAGE][PASSED] - Object: 'Object Repository/Page_Moodle Add a new course/input_Enable_enddateenabled' is clicked on

2022-01-11 20:41:15 - [TEST_STEP][PASSED] - click(findTestObject("Object Repository/Page_Moodle Add a new course/input__saveanddisplay")): Object: 'Object Repository/Page_Moodle Add a new course/input__saveanddisplay' is clicked on

2022-01-11 20:41:16 - [MESSAGE][PASSED] - Object: 'Object Repository/Page_Moodle Add a new course/input__saveanddisplay' is clicked on

2022-01-11 20:41:16 - [TEST_STEP][PASSED] - click(findTestObject("Object Repository/Page_CSC13009 Participants/h2_Participants")): Object: 'Object Repository/Page_CSC13009 Participants/h2_Participants' is clicked on

2022-01-11 20:41:16 - [MESSAGE][PASSED] - Object: 'Object Repository/Page_CSC13009 Participants/h2_Participants' is clicked on]]></system-out>
         <system-err><![CDATA[]]></system-err>
      </testcase>
      <testcase name="Test Cases/Admin create course (invisible)" time="19.486" classname="Test Cases/Admin create course (invisible)" status="PASSED">
         <system-out><![CDATA[2022-01-11 20:41:16 - [TEST_CASE][PASSED] - Test Cases/Admin create course (invisible): Test Cases/Admin create course (invisible)

2022-01-11 20:41:17 - [TEST_STEP][PASSED] - callTestCase(findTestCase("Login as admin"), [:], STOP_ON_FAILURE): Call Test Case 'Test Cases/Login as admin' successfully

2022-01-11 20:41:17 - [TEST_CASE][PASSED] - Test Cases/Login as admin: Test Cases/Login as admin

2022-01-11 20:41:17 - [TEST_STEP][PASSED] - openBrowser(""): Browser is opened with url: ''

2022-01-11 20:41:17 - [MESSAGE][WARNING] - A browser is already opened. Closing browser and opening a new one

2022-01-11 20:41:18 - [MESSAGE][INFO] - Starting 'Edge Chromium' driver

2022-01-11 20:41:18 - [MESSAGE][INFO] - Action delay is set to 0 milliseconds

2022-01-11 20:41:20 - [MESSAGE][PASSED] - Browser is opened with url: ''

2022-01-11 20:41:20 - [TEST_STEP][PASSED] - navigateToUrl("http://localhost/"): Navigate to 'http://localhost/' successfully

2022-01-11 20:41:20 - [MESSAGE][PASSED] - Navigate to 'http://localhost/' successfully

2022-01-11 20:41:20 - [TEST_STEP][PASSED] - click(findTestObject("Object Repository/Page_My Moodle/a_Log in")): Object: 'Object Repository/Page_My Moodle/a_Log in' is clicked on

2022-01-11 20:41:21 - [MESSAGE][PASSED] - Object: 'Object Repository/Page_My Moodle/a_Log in' is clicked on

2022-01-11 20:41:21 - [TEST_STEP][PASSED] - setText(findTestObject("Object Repository/Page_My Moodle Log in to the site/input_Username_username"), "admin"): Text 'admin' is set on object 'Object Repository/Page_My Moodle Log in to the site/input_Username_username'

2022-01-11 20:41:22 - [MESSAGE][PASSED] - Text 'admin' is set on object 'Object Repository/Page_My Moodle Log in to the site/input_Username_username'

2022-01-11 20:41:22 - [TEST_STEP][PASSED] - setEncryptedText(findTestObject("Object Repository/Page_My Moodle Log in to the site/input_Password_password"), "7Dxoto1EjKfQbGop/Ov+1g=="): Text ****** has been set on object 'Object Repository/Page_My Moodle Log in to the site/input_Password_password'

2022-01-11 20:41:22 - [MESSAGE][PASSED] - Text ****** has been set on object 'Object Repository/Page_My Moodle Log in to the site/input_Password_password'

2022-01-11 20:41:22 - [TEST_STEP][PASSED] - click(findTestObject("Object Repository/Page_My Moodle Log in to the site/button_Log in")): Object: 'Object Repository/Page_My Moodle Log in to the site/button_Log in' is clicked on

2022-01-11 20:41:24 - [MESSAGE][PASSED] - Object: 'Object Repository/Page_My Moodle Log in to the site/button_Log in' is clicked on

2022-01-11 20:41:24 - [MESSAGE][PASSED] - Call Test Case 'Test Cases/Login as admin' successfully

2022-01-11 20:41:24 - [TEST_STEP][PASSED] - click(findTestObject("Object Repository/Page_Dashboard/span_Site administration")): Object: 'Object Repository/Page_Dashboard/span_Site administration' is clicked on

2022-01-11 20:41:25 - [MESSAGE][PASSED] - Object: 'Object Repository/Page_Dashboard/span_Site administration' is clicked on

2022-01-11 20:41:25 - [TEST_STEP][PASSED] - navigateToUrl("http://localhost/admin/search.php"): Navigate to 'http://localhost/admin/search.php' successfully

2022-01-11 20:41:26 - [MESSAGE][PASSED] - Navigate to 'http://localhost/admin/search.php' successfully

2022-01-11 20:41:26 - [TEST_STEP][PASSED] - click(findTestObject("Object Repository/Page_Moodle Administration Search/a_Courses")): Object: 'Object Repository/Page_Moodle Administration Search/a_Courses' is clicked on

2022-01-11 20:41:27 - [MESSAGE][PASSED] - Object: 'Object Repository/Page_Moodle Administration Search/a_Courses' is clicked on

2022-01-11 20:41:27 - [TEST_STEP][PASSED] - click(findTestObject("Object Repository/Page_Moodle Administration Search/a_Add a new course")): Object: 'Object Repository/Page_Moodle Administration Search/a_Add a new course' is clicked on

2022-01-11 20:41:28 - [MESSAGE][PASSED] - Object: 'Object Repository/Page_Moodle Administration Search/a_Add a new course' is clicked on

2022-01-11 20:41:28 - [TEST_STEP][PASSED] - setText(findTestObject("Object Repository/Page_Moodle Add a new course/input_Course full name_fullname"), "Thiết kế phần mềm"): Text 'Thiết kế phần mềm' is set on object 'Object Repository/Page_Moodle Add a new course/input_Course full name_fullname'

2022-01-11 20:41:30 - [MESSAGE][PASSED] - Text 'Thiết kế phần mềm' is set on object 'Object Repository/Page_Moodle Add a new course/input_Course full name_fullname'

2022-01-11 20:41:30 - [TEST_STEP][PASSED] - setText(findTestObject("Object Repository/Page_Moodle Add a new course/input_Course short name_shortname"), "CSC13010"): Text 'CSC13010' is set on object 'Object Repository/Page_Moodle Add a new course/input_Course short name_shortname'

2022-01-11 20:41:31 - [MESSAGE][PASSED] - Text 'CSC13010' is set on object 'Object Repository/Page_Moodle Add a new course/input_Course short name_shortname'

2022-01-11 20:41:31 - [TEST_STEP][PASSED] - click(findTestObject("Object Repository/Page_Moodle Add a new course/span_")): Object: 'Object Repository/Page_Moodle Add a new course/span_' is clicked on

2022-01-11 20:41:31 - [MESSAGE][PASSED] - Object: 'Object Repository/Page_Moodle Add a new course/span_' is clicked on

2022-01-11 20:41:31 - [TEST_STEP][PASSED] - click(findTestObject("Object Repository/Page_Moodle Add a new course/li_Cng ngh thng tin  K thut phn mm")): Object: 'Object Repository/Page_Moodle Add a new course/li_Cng ngh thng tin  K thut phn mm' is clicked on

2022-01-11 20:41:32 - [MESSAGE][PASSED] - Object: 'Object Repository/Page_Moodle Add a new course/li_Cng ngh thng tin  K thut phn mm' is clicked on

2022-01-11 20:41:32 - [TEST_STEP][PASSED] - selectOptionByValue(findTestObject("Object Repository/Page_Moodle Add a new course/select_Miscellaneous            Cng ngh thn_6d25f3"), "3", true): All options with value '3' are selected in object 'Object Repository/Page_Moodle Add a new course/select_Miscellaneous            Cng ngh thn_6d25f3'  using regular expression

2022-01-11 20:41:33 - [MESSAGE][PASSED] - All options with value '3' are selected in object 'Object Repository/Page_Moodle Add a new course/select_Miscellaneous            Cng ngh thn_6d25f3'  using regular expression

2022-01-11 20:41:33 - [TEST_STEP][PASSED] - selectOptionByValue(findTestObject("Object Repository/Page_Moodle Add a new course/select_Hide            Show"), "0", true): All options with value '0' are selected in object 'Object Repository/Page_Moodle Add a new course/select_Hide            Show'  using regular expression

2022-01-11 20:41:34 - [MESSAGE][PASSED] - All options with value '0' are selected in object 'Object Repository/Page_Moodle Add a new course/select_Hide            Show'  using regular expression

2022-01-11 20:41:34 - [TEST_STEP][PASSED] - click(findTestObject("Object Repository/Page_Moodle Add a new course/input__saveanddisplay")): Object: 'Object Repository/Page_Moodle Add a new course/input__saveanddisplay' is clicked on

2022-01-11 20:41:35 - [MESSAGE][PASSED] - Object: 'Object Repository/Page_Moodle Add a new course/input__saveanddisplay' is clicked on

2022-01-11 20:41:35 - [TEST_STEP][PASSED] - click(findTestObject("Object Repository/Page_CSC13010 Participants/h2_Participants")): Object: 'Object Repository/Page_CSC13010 Participants/h2_Participants' is clicked on

2022-01-11 20:41:36 - [MESSAGE][PASSED] - Object: 'Object Repository/Page_CSC13010 Participants/h2_Participants' is clicked on]]></system-out>
         <system-err><![CDATA[]]></system-err>
      </testcase>
      <testcase name="Test Cases/Admin create course (exists)" time="18.833" classname="Test Cases/Admin create course (exists)" status="PASSED">
         <system-out><![CDATA[2022-01-11 20:41:36 - [TEST_CASE][PASSED] - Test Cases/Admin create course (exists): Test Cases/Admin create course (exists)

2022-01-11 20:41:36 - [TEST_STEP][PASSED] - callTestCase(findTestCase("Login as admin"), [:], STOP_ON_FAILURE): Call Test Case 'Test Cases/Login as admin' successfully

2022-01-11 20:41:36 - [TEST_CASE][PASSED] - Test Cases/Login as admin: Test Cases/Login as admin

2022-01-11 20:41:36 - [TEST_STEP][PASSED] - openBrowser(""): Browser is opened with url: ''

2022-01-11 20:41:36 - [MESSAGE][WARNING] - A browser is already opened. Closing browser and opening a new one

2022-01-11 20:41:37 - [MESSAGE][INFO] - Starting 'Edge Chromium' driver

2022-01-11 20:41:38 - [MESSAGE][INFO] - Action delay is set to 0 milliseconds

2022-01-11 20:41:39 - [MESSAGE][PASSED] - Browser is opened with url: ''

2022-01-11 20:41:39 - [TEST_STEP][PASSED] - navigateToUrl("http://localhost/"): Navigate to 'http://localhost/' successfully

2022-01-11 20:41:40 - [MESSAGE][PASSED] - Navigate to 'http://localhost/' successfully

2022-01-11 20:41:40 - [TEST_STEP][PASSED] - click(findTestObject("Object Repository/Page_My Moodle/a_Log in")): Object: 'Object Repository/Page_My Moodle/a_Log in' is clicked on

2022-01-11 20:41:41 - [MESSAGE][PASSED] - Object: 'Object Repository/Page_My Moodle/a_Log in' is clicked on

2022-01-11 20:41:41 - [TEST_STEP][PASSED] - setText(findTestObject("Object Repository/Page_My Moodle Log in to the site/input_Username_username"), "admin"): Text 'admin' is set on object 'Object Repository/Page_My Moodle Log in to the site/input_Username_username'

2022-01-11 20:41:41 - [MESSAGE][PASSED] - Text 'admin' is set on object 'Object Repository/Page_My Moodle Log in to the site/input_Username_username'

2022-01-11 20:41:41 - [TEST_STEP][PASSED] - setEncryptedText(findTestObject("Object Repository/Page_My Moodle Log in to the site/input_Password_password"), "7Dxoto1EjKfQbGop/Ov+1g=="): Text ****** has been set on object 'Object Repository/Page_My Moodle Log in to the site/input_Password_password'

2022-01-11 20:41:42 - [MESSAGE][PASSED] - Text ****** has been set on object 'Object Repository/Page_My Moodle Log in to the site/input_Password_password'

2022-01-11 20:41:42 - [TEST_STEP][PASSED] - click(findTestObject("Object Repository/Page_My Moodle Log in to the site/button_Log in")): Object: 'Object Repository/Page_My Moodle Log in to the site/button_Log in' is clicked on

2022-01-11 20:41:43 - [MESSAGE][PASSED] - Object: 'Object Repository/Page_My Moodle Log in to the site/button_Log in' is clicked on

2022-01-11 20:41:43 - [MESSAGE][PASSED] - Call Test Case 'Test Cases/Login as admin' successfully

2022-01-11 20:41:43 - [TEST_STEP][PASSED] - click(findTestObject("Object Repository/Page_Dashboard/span_Site administration")): Object: 'Object Repository/Page_Dashboard/span_Site administration' is clicked on

2022-01-11 20:41:45 - [MESSAGE][PASSED] - Object: 'Object Repository/Page_Dashboard/span_Site administration' is clicked on

2022-01-11 20:41:45 - [TEST_STEP][PASSED] - navigateToUrl("http://localhost/admin/search.php"): Navigate to 'http://localhost/admin/search.php' successfully

2022-01-11 20:41:46 - [MESSAGE][PASSED] - Navigate to 'http://localhost/admin/search.php' successfully

2022-01-11 20:41:46 - [TEST_STEP][PASSED] - click(findTestObject("Object Repository/Page_Moodle Administration Search/a_Courses")): Object: 'Object Repository/Page_Moodle Administration Search/a_Courses' is clicked on

2022-01-11 20:41:46 - [MESSAGE][PASSED] - Object: 'Object Repository/Page_Moodle Administration Search/a_Courses' is clicked on

2022-01-11 20:41:46 - [TEST_STEP][PASSED] - click(findTestObject("Object Repository/Page_Moodle Administration Search/a_Add a new course")): Object: 'Object Repository/Page_Moodle Administration Search/a_Add a new course' is clicked on

2022-01-11 20:41:48 - [MESSAGE][PASSED] - Object: 'Object Repository/Page_Moodle Administration Search/a_Add a new course' is clicked on

2022-01-11 20:41:48 - [TEST_STEP][PASSED] - setText(findTestObject("Object Repository/Page_Moodle Add a new course/input_Course full name_fullname"), "Thiết kế phần mềm"): Text 'Thiết kế phần mềm' is set on object 'Object Repository/Page_Moodle Add a new course/input_Course full name_fullname'

2022-01-11 20:41:49 - [MESSAGE][PASSED] - Text 'Thiết kế phần mềm' is set on object 'Object Repository/Page_Moodle Add a new course/input_Course full name_fullname'

2022-01-11 20:41:49 - [TEST_STEP][PASSED] - setText(findTestObject("Object Repository/Page_Moodle Add a new course/input_Course short name_shortname"), "CSC13010"): Text 'CSC13010' is set on object 'Object Repository/Page_Moodle Add a new course/input_Course short name_shortname'

2022-01-11 20:41:50 - [MESSAGE][PASSED] - Text 'CSC13010' is set on object 'Object Repository/Page_Moodle Add a new course/input_Course short name_shortname'

2022-01-11 20:41:50 - [TEST_STEP][PASSED] - click(findTestObject("Object Repository/Page_Moodle Add a new course/span_")): Object: 'Object Repository/Page_Moodle Add a new course/span_' is clicked on

2022-01-11 20:41:50 - [MESSAGE][PASSED] - Object: 'Object Repository/Page_Moodle Add a new course/span_' is clicked on

2022-01-11 20:41:50 - [TEST_STEP][PASSED] - click(findTestObject("Object Repository/Page_Moodle Add a new course/li_Cng ngh thng tin  K thut phn mm")): Object: 'Object Repository/Page_Moodle Add a new course/li_Cng ngh thng tin  K thut phn mm' is clicked on

2022-01-11 20:41:51 - [MESSAGE][PASSED] - Object: 'Object Repository/Page_Moodle Add a new course/li_Cng ngh thng tin  K thut phn mm' is clicked on

2022-01-11 20:41:51 - [TEST_STEP][PASSED] - selectOptionByValue(findTestObject("Object Repository/Page_Moodle Add a new course/select_Miscellaneous            Cng ngh thn_6d25f3"), "3", true): All options with value '3' are selected in object 'Object Repository/Page_Moodle Add a new course/select_Miscellaneous            Cng ngh thn_6d25f3'  using regular expression

2022-01-11 20:41:52 - [MESSAGE][PASSED] - All options with value '3' are selected in object 'Object Repository/Page_Moodle Add a new course/select_Miscellaneous            Cng ngh thn_6d25f3'  using regular expression

2022-01-11 20:41:52 - [TEST_STEP][PASSED] - click(findTestObject("Object Repository/Page_Moodle Add a new course/input__saveanddisplay")): Object: 'Object Repository/Page_Moodle Add a new course/input__saveanddisplay' is clicked on

2022-01-11 20:41:54 - [MESSAGE][PASSED] - Object: 'Object Repository/Page_Moodle Add a new course/input__saveanddisplay' is clicked on

2022-01-11 20:41:54 - [TEST_STEP][PASSED] - click(findTestObject("Object Repository/Page_Moodle Add a new course/div_Short name is already used for another _588d57")): Object: 'Object Repository/Page_Moodle Add a new course/div_Short name is already used for another _588d57' is clicked on

2022-01-11 20:41:55 - [MESSAGE][PASSED] - Object: 'Object Repository/Page_Moodle Add a new course/div_Short name is already used for another _588d57' is clicked on]]></system-out>
         <system-err><![CDATA[]]></system-err>
      </testcase>
      <testcase name="Test Cases/Admin suspend user account" time="18.213" classname="Test Cases/Admin suspend user account" status="PASSED">
         <system-out><![CDATA[2022-01-11 20:41:55 - [TEST_CASE][PASSED] - Test Cases/Admin suspend user account: Test Cases/Admin suspend user account

2022-01-11 20:41:55 - [TEST_STEP][PASSED] - callTestCase(findTestCase("Login as admin"), [:], STOP_ON_FAILURE): Call Test Case 'Test Cases/Login as admin' successfully

2022-01-11 20:41:55 - [TEST_CASE][PASSED] - Test Cases/Login as admin: Test Cases/Login as admin

2022-01-11 20:41:55 - [TEST_STEP][PASSED] - openBrowser(""): Browser is opened with url: ''

2022-01-11 20:41:55 - [MESSAGE][WARNING] - A browser is already opened. Closing browser and opening a new one

2022-01-11 20:41:56 - [MESSAGE][INFO] - Starting 'Edge Chromium' driver

2022-01-11 20:41:56 - [MESSAGE][INFO] - Action delay is set to 0 milliseconds

2022-01-11 20:41:58 - [MESSAGE][PASSED] - Browser is opened with url: ''

2022-01-11 20:41:58 - [TEST_STEP][PASSED] - navigateToUrl("http://localhost/"): Navigate to 'http://localhost/' successfully

2022-01-11 20:41:59 - [MESSAGE][PASSED] - Navigate to 'http://localhost/' successfully

2022-01-11 20:41:59 - [TEST_STEP][PASSED] - click(findTestObject("Object Repository/Page_My Moodle/a_Log in")): Object: 'Object Repository/Page_My Moodle/a_Log in' is clicked on

2022-01-11 20:41:59 - [MESSAGE][PASSED] - Object: 'Object Repository/Page_My Moodle/a_Log in' is clicked on

2022-01-11 20:41:59 - [TEST_STEP][PASSED] - setText(findTestObject("Object Repository/Page_My Moodle Log in to the site/input_Username_username"), "admin"): Text 'admin' is set on object 'Object Repository/Page_My Moodle Log in to the site/input_Username_username'

2022-01-11 20:42:00 - [MESSAGE][PASSED] - Text 'admin' is set on object 'Object Repository/Page_My Moodle Log in to the site/input_Username_username'

2022-01-11 20:42:00 - [TEST_STEP][PASSED] - setEncryptedText(findTestObject("Object Repository/Page_My Moodle Log in to the site/input_Password_password"), "7Dxoto1EjKfQbGop/Ov+1g=="): Text ****** has been set on object 'Object Repository/Page_My Moodle Log in to the site/input_Password_password'

2022-01-11 20:42:01 - [MESSAGE][PASSED] - Text ****** has been set on object 'Object Repository/Page_My Moodle Log in to the site/input_Password_password'

2022-01-11 20:42:01 - [TEST_STEP][PASSED] - click(findTestObject("Object Repository/Page_My Moodle Log in to the site/button_Log in")): Object: 'Object Repository/Page_My Moodle Log in to the site/button_Log in' is clicked on

2022-01-11 20:42:02 - [MESSAGE][PASSED] - Object: 'Object Repository/Page_My Moodle Log in to the site/button_Log in' is clicked on

2022-01-11 20:42:02 - [MESSAGE][PASSED] - Call Test Case 'Test Cases/Login as admin' successfully

2022-01-11 20:42:02 - [TEST_STEP][PASSED] - click(findTestObject("Object Repository/Page_Dashboard/span_Site administration")): Object: 'Object Repository/Page_Dashboard/span_Site administration' is clicked on

2022-01-11 20:42:03 - [MESSAGE][PASSED] - Object: 'Object Repository/Page_Dashboard/span_Site administration' is clicked on

2022-01-11 20:42:03 - [TEST_STEP][PASSED] - navigateToUrl("http://localhost/admin/search.php"): Navigate to 'http://localhost/admin/search.php' successfully

2022-01-11 20:42:04 - [MESSAGE][PASSED] - Navigate to 'http://localhost/admin/search.php' successfully

2022-01-11 20:42:04 - [TEST_STEP][PASSED] - click(findTestObject("Object Repository/Page_Moodle Administration Search/a_Users")): Object: 'Object Repository/Page_Moodle Administration Search/a_Users' is clicked on

2022-01-11 20:42:05 - [MESSAGE][PASSED] - Object: 'Object Repository/Page_Moodle Administration Search/a_Users' is clicked on

2022-01-11 20:42:05 - [TEST_STEP][PASSED] - click(findTestObject("Object Repository/Page_Moodle Administration Search/a_Browse list of users")): Object: 'Object Repository/Page_Moodle Administration Search/a_Browse list of users' is clicked on

2022-01-11 20:42:06 - [MESSAGE][PASSED] - Object: 'Object Repository/Page_Moodle Administration Search/a_Browse list of users' is clicked on

2022-01-11 20:42:06 - [TEST_STEP][PASSED] - click(findTestObject("Object Repository/Page_Moodle Administration Users Accounts B_4543d8/i_vhbaoduy0808gmail.com_icon fa fa-eye fa-fw")): Object: 'Object Repository/Page_Moodle Administration Users Accounts B_4543d8/i_vhbaoduy0808gmail.com_icon fa fa-eye fa-fw' is clicked on

2022-01-11 20:42:07 - [MESSAGE][PASSED] - Object: 'Object Repository/Page_Moodle Administration Users Accounts B_4543d8/i_vhbaoduy0808gmail.com_icon fa fa-eye fa-fw' is clicked on

2022-01-11 20:42:07 - [TEST_STEP][PASSED] - click(findTestObject("Object Repository/Page_Moodle Administration Users Accounts B_4543d8/a_Admin Team")): Object: 'Object Repository/Page_Moodle Administration Users Accounts B_4543d8/a_Admin Team' is clicked on

2022-01-11 20:42:08 - [MESSAGE][PASSED] - Object: 'Object Repository/Page_Moodle Administration Users Accounts B_4543d8/a_Admin Team' is clicked on

2022-01-11 20:42:08 - [TEST_STEP][PASSED] - click(findTestObject("Object Repository/Page_Moodle Administration Users Accounts B_4543d8/span_Log out")): Object: 'Object Repository/Page_Moodle Administration Users Accounts B_4543d8/span_Log out' is clicked on

2022-01-11 20:42:09 - [MESSAGE][PASSED] - Object: 'Object Repository/Page_Moodle Administration Users Accounts B_4543d8/span_Log out' is clicked on

2022-01-11 20:42:09 - [TEST_STEP][PASSED] - click(findTestObject("Object Repository/Page_My Moodle/a_Log in")): Object: 'Object Repository/Page_My Moodle/a_Log in' is clicked on

2022-01-11 20:42:09 - [MESSAGE][PASSED] - Object: 'Object Repository/Page_My Moodle/a_Log in' is clicked on

2022-01-11 20:42:09 - [TEST_STEP][PASSED] - setText(findTestObject("Object Repository/Page_My Moodle Log in to the site/input_Username_username"), "voduy"): Text 'voduy' is set on object 'Object Repository/Page_My Moodle Log in to the site/input_Username_username'

2022-01-11 20:42:10 - [MESSAGE][PASSED] - Text 'voduy' is set on object 'Object Repository/Page_My Moodle Log in to the site/input_Username_username'

2022-01-11 20:42:10 - [TEST_STEP][PASSED] - setEncryptedText(findTestObject("Object Repository/Page_My Moodle Log in to the site/input_Password_password"), "j1ZzzeKf8NiE21d5rsNRrQ=="): Text ****** has been set on object 'Object Repository/Page_My Moodle Log in to the site/input_Password_password'

2022-01-11 20:42:11 - [MESSAGE][PASSED] - Text ****** has been set on object 'Object Repository/Page_My Moodle Log in to the site/input_Password_password'

2022-01-11 20:42:11 - [TEST_STEP][PASSED] - click(findTestObject("Object Repository/Page_My Moodle Log in to the site/button_Log in")): Object: 'Object Repository/Page_My Moodle Log in to the site/button_Log in' is clicked on

2022-01-11 20:42:12 - [MESSAGE][PASSED] - Object: 'Object Repository/Page_My Moodle Log in to the site/button_Log in' is clicked on

2022-01-11 20:42:12 - [TEST_STEP][PASSED] - click(findTestObject("Object Repository/Page_My Moodle Log in to the site/button_Log in")): Object: 'Object Repository/Page_My Moodle Log in to the site/button_Log in' is clicked on

2022-01-11 20:42:13 - [MESSAGE][PASSED] - Object: 'Object Repository/Page_My Moodle Log in to the site/button_Log in' is clicked on]]></system-out>
         <system-err><![CDATA[]]></system-err>
      </testcase>
      <testcase name="Test Cases/Admin create event on a course" time="63.446" classname="Test Cases/Admin create event on a course" status="PASSED">
         <system-out><![CDATA[2022-01-11 20:42:13 - [TEST_CASE][PASSED] - Test Cases/Admin create event on a course: Test Cases/Admin create event on a course

2022-01-11 20:42:13 - [TEST_STEP][PASSED] - callTestCase(findTestCase("Login as admin"), [:], STOP_ON_FAILURE): Call Test Case 'Test Cases/Login as admin' successfully

2022-01-11 20:42:14 - [TEST_CASE][PASSED] - Test Cases/Login as admin: Test Cases/Login as admin

2022-01-11 20:42:14 - [TEST_STEP][PASSED] - openBrowser(""): Browser is opened with url: ''

2022-01-11 20:42:14 - [MESSAGE][WARNING] - A browser is already opened. Closing browser and opening a new one

2022-01-11 20:42:14 - [MESSAGE][INFO] - Starting 'Edge Chromium' driver

2022-01-11 20:42:15 - [MESSAGE][INFO] - Action delay is set to 0 milliseconds

2022-01-11 20:42:16 - [MESSAGE][PASSED] - Browser is opened with url: ''

2022-01-11 20:42:16 - [TEST_STEP][PASSED] - navigateToUrl("http://localhost/"): Navigate to 'http://localhost/' successfully

2022-01-11 20:42:17 - [MESSAGE][PASSED] - Navigate to 'http://localhost/' successfully

2022-01-11 20:42:17 - [TEST_STEP][PASSED] - click(findTestObject("Object Repository/Page_My Moodle/a_Log in")): Object: 'Object Repository/Page_My Moodle/a_Log in' is clicked on

2022-01-11 20:42:18 - [MESSAGE][PASSED] - Object: 'Object Repository/Page_My Moodle/a_Log in' is clicked on

2022-01-11 20:42:18 - [TEST_STEP][PASSED] - setText(findTestObject("Object Repository/Page_My Moodle Log in to the site/input_Username_username"), "admin"): Text 'admin' is set on object 'Object Repository/Page_My Moodle Log in to the site/input_Username_username'

2022-01-11 20:42:18 - [MESSAGE][PASSED] - Text 'admin' is set on object 'Object Repository/Page_My Moodle Log in to the site/input_Username_username'

2022-01-11 20:42:18 - [TEST_STEP][PASSED] - setEncryptedText(findTestObject("Object Repository/Page_My Moodle Log in to the site/input_Password_password"), "7Dxoto1EjKfQbGop/Ov+1g=="): Text ****** has been set on object 'Object Repository/Page_My Moodle Log in to the site/input_Password_password'

2022-01-11 20:42:19 - [MESSAGE][PASSED] - Text ****** has been set on object 'Object Repository/Page_My Moodle Log in to the site/input_Password_password'

2022-01-11 20:42:19 - [TEST_STEP][PASSED] - click(findTestObject("Object Repository/Page_My Moodle Log in to the site/button_Log in")): Object: 'Object Repository/Page_My Moodle Log in to the site/button_Log in' is clicked on

2022-01-11 20:42:20 - [MESSAGE][PASSED] - Object: 'Object Repository/Page_My Moodle Log in to the site/button_Log in' is clicked on

2022-01-11 20:42:20 - [MESSAGE][PASSED] - Call Test Case 'Test Cases/Login as admin' successfully

2022-01-11 20:42:20 - [TEST_STEP][PASSED] - click(findTestObject("Object Repository/Page_Dashboard/a_Site home")): Object: 'Object Repository/Page_Dashboard/a_Site home' is clicked on

2022-01-11 20:42:22 - [MESSAGE][PASSED] - Object: 'Object Repository/Page_Dashboard/a_Site home' is clicked on

2022-01-11 20:42:22 - [TEST_STEP][PASSED] - navigateToUrl("http://localhost/?redirect=0"): Navigate to 'http://localhost/?redirect=0' successfully

2022-01-11 20:42:22 - [MESSAGE][PASSED] - Navigate to 'http://localhost/?redirect=0' successfully

2022-01-11 20:42:22 - [TEST_STEP][PASSED] - click(findTestObject("Object Repository/Page_My Moodle/a_Phn tch v qun l yu cu phn mm")): Object: 'Object Repository/Page_My Moodle/a_Phn tch v qun l yu cu phn mm' is clicked on

2022-01-11 20:42:23 - [MESSAGE][PASSED] - Object: 'Object Repository/Page_My Moodle/a_Phn tch v qun l yu cu phn mm' is clicked on

2022-01-11 20:42:23 - [TEST_STEP][PASSED] - click(findTestObject("Object Repository/Page_Course Phn tch v qun l yu cu phn mm/a_Calendar")): Object: 'Object Repository/Page_Course Phn tch v qun l yu cu phn mm/a_Calendar' is clicked on

2022-01-11 20:42:25 - [MESSAGE][PASSED] - Object: 'Object Repository/Page_Course Phn tch v qun l yu cu phn mm/a_Calendar' is clicked on

2022-01-11 20:42:25 - [TEST_STEP][PASSED] - click(findTestObject("Object Repository/Page_CSC13005 Calendar Detailed month view _53704a/button_New event")): Object: 'Object Repository/Page_CSC13005 Calendar Detailed month view _53704a/button_New event' is clicked on

2022-01-11 20:42:25 - [MESSAGE][PASSED] - Object: 'Object Repository/Page_CSC13005 Calendar Detailed month view _53704a/button_New event' is clicked on

2022-01-11 20:42:25 - [TEST_STEP][PASSED] - setText(findTestObject("Page_CSC13005 Calendar Detailed month view _53704a/input_Event title_name"), "Các bạn sẽ thi vào ngày 20/02/2022"): Text 'Các bạn sẽ thi vào ngày 20/02/2022' is set on object 'Object Repository/Page_CSC13005 Calendar Detailed month view _53704a/input_Event title_name'

2022-01-11 20:42:28 - [MESSAGE][PASSED] - Text 'Các bạn sẽ thi vào ngày 20/02/2022' is set on object 'Object Repository/Page_CSC13005 Calendar Detailed month view _53704a/input_Event title_name'

2022-01-11 20:42:28 - [TEST_STEP][PASSED] - selectOptionByValue(findTestObject("Object Repository/Page_CSC13005 Calendar Detailed month view _53704a/select_1        2        3        4        _45ea30"), "20", true): All options with value '20' are selected in object 'Object Repository/Page_CSC13005 Calendar Detailed month view _53704a/select_1        2        3        4        _45ea30'  using regular expression

2022-01-11 20:42:29 - [MESSAGE][PASSED] - All options with value '20' are selected in object 'Object Repository/Page_CSC13005 Calendar Detailed month view _53704a/select_1        2        3        4        _45ea30'  using regular expression

2022-01-11 20:42:29 - [TEST_STEP][PASSED] - selectOptionByValue(findTestObject("Object Repository/Page_CSC13005 Calendar Detailed month view _53704a/select_January        February        March_78ea2e"), "2", true): All options with value '2' are selected in object 'Object Repository/Page_CSC13005 Calendar Detailed month view _53704a/select_January        February        March_78ea2e'  using regular expression

2022-01-11 20:42:31 - [MESSAGE][PASSED] - All options with value '2' are selected in object 'Object Repository/Page_CSC13005 Calendar Detailed month view _53704a/select_January        February        March_78ea2e'  using regular expression

2022-01-11 20:42:31 - [TEST_STEP][PASSED] - selectOptionByValue(findTestObject("Object Repository/Page_CSC13005 Calendar Detailed month view _53704a/select_00        01        02        03    _f6e37b"), "7", true): All options with value '7' are selected in object 'Object Repository/Page_CSC13005 Calendar Detailed month view _53704a/select_00        01        02        03    _f6e37b'  using regular expression

2022-01-11 20:42:32 - [MESSAGE][PASSED] - All options with value '7' are selected in object 'Object Repository/Page_CSC13005 Calendar Detailed month view _53704a/select_00        01        02        03    _f6e37b'  using regular expression

2022-01-11 20:42:32 - [TEST_STEP][PASSED] - selectOptionByValue(findTestObject("Object Repository/Page_CSC13005 Calendar Detailed month view _53704a/select_00        01        02        03    _f6e37b_1"), "0", true): All options with value '0' are selected in object 'Object Repository/Page_CSC13005 Calendar Detailed month view _53704a/select_00        01        02        03    _f6e37b_1'  using regular expression

2022-01-11 20:42:34 - [MESSAGE][PASSED] - All options with value '0' are selected in object 'Object Repository/Page_CSC13005 Calendar Detailed month view _53704a/select_00        01        02        03    _f6e37b_1'  using regular expression

2022-01-11 20:42:34 - [TEST_STEP][PASSED] - click(findTestObject("Object Repository/Page_CSC13005 Calendar Detailed month view _53704a/button_Save")): Object: 'Object Repository/Page_CSC13005 Calendar Detailed month view _53704a/button_Save' is clicked on

2022-01-11 20:42:34 - [MESSAGE][PASSED] - Object: 'Object Repository/Page_CSC13005 Calendar Detailed month view _53704a/button_Save' is clicked on

2022-01-11 20:42:34 - [TEST_STEP][PASSED] - closeBrowser(): Browser is closed

2022-01-11 20:42:35 - [MESSAGE][PASSED] - Browser is closed

2022-01-11 20:42:35 - [TEST_STEP][PASSED] - callTestCase(findTestCase("Login as user (student)"), [:], STOP_ON_FAILURE): Call Test Case 'Test Cases/Login as user (student)' successfully

2022-01-11 20:42:35 - [TEST_CASE][PASSED] - Test Cases/Login as user (student): Test Cases/Login as user (student)

2022-01-11 20:42:36 - [TEST_STEP][PASSED] - openBrowser(""): Browser is opened with url: ''

2022-01-11 20:42:36 - [MESSAGE][INFO] - Starting 'Edge Chromium' driver

2022-01-11 20:42:36 - [MESSAGE][INFO] - Action delay is set to 0 milliseconds

2022-01-11 20:42:37 - [MESSAGE][PASSED] - Browser is opened with url: ''

2022-01-11 20:42:37 - [TEST_STEP][PASSED] - navigateToUrl("http://localhost/"): Navigate to 'http://localhost/' successfully

2022-01-11 20:42:38 - [MESSAGE][PASSED] - Navigate to 'http://localhost/' successfully

2022-01-11 20:42:38 - [TEST_STEP][PASSED] - click(findTestObject("Object Repository/Page_My Moodle/a_Log in")): Object: 'Object Repository/Page_My Moodle/a_Log in' is clicked on

2022-01-11 20:42:38 - [MESSAGE][PASSED] - Object: 'Object Repository/Page_My Moodle/a_Log in' is clicked on

2022-01-11 20:42:38 - [TEST_STEP][PASSED] - setText(findTestObject("Object Repository/Page_My Moodle Log in to the site/input_Username_username"), "student"): Text 'student' is set on object 'Object Repository/Page_My Moodle Log in to the site/input_Username_username'

2022-01-11 20:42:39 - [MESSAGE][PASSED] - Text 'student' is set on object 'Object Repository/Page_My Moodle Log in to the site/input_Username_username'

2022-01-11 20:42:39 - [TEST_STEP][PASSED] - setEncryptedText(findTestObject("Object Repository/Page_My Moodle Log in to the site/input_Password_password"), "3t5OwH/+bwwlEvOXGw7/rg=="): Text ****** has been set on object 'Object Repository/Page_My Moodle Log in to the site/input_Password_password'

2022-01-11 20:42:40 - [MESSAGE][PASSED] - Text ****** has been set on object 'Object Repository/Page_My Moodle Log in to the site/input_Password_password'

2022-01-11 20:42:40 - [TEST_STEP][PASSED] - click(findTestObject("Object Repository/Page_My Moodle Log in to the site/button_Log in")): Object: 'Object Repository/Page_My Moodle Log in to the site/button_Log in' is clicked on

2022-01-11 20:42:41 - [MESSAGE][PASSED] - Object: 'Object Repository/Page_My Moodle Log in to the site/button_Log in' is clicked on

2022-01-11 20:42:41 - [MESSAGE][PASSED] - Call Test Case 'Test Cases/Login as user (student)' successfully

2022-01-11 20:42:41 - [TEST_STEP][PASSED] - click(findTestObject("Object Repository/Page_Dashboard/a_Go to calendar")): Object: 'Object Repository/Page_Dashboard/a_Go to calendar' is clicked on

2022-01-11 20:42:42 - [MESSAGE][PASSED] - Object: 'Object Repository/Page_Dashboard/a_Go to calendar' is clicked on

2022-01-11 20:42:42 - [TEST_STEP][PASSED] - navigateToUrl("http://localhost/calendar/view.php?view=upcoming"): Navigate to 'http://localhost/calendar/view.php?view=upcoming' successfully

2022-01-11 20:42:43 - [MESSAGE][PASSED] - Navigate to 'http://localhost/calendar/view.php?view=upcoming' successfully

2022-01-11 20:42:43 - [TEST_STEP][PASSED] - click(findTestObject("Object Repository/Page_Moodle Calendar Upcoming events/a_February 2022")): Object: 'Object Repository/Page_Moodle Calendar Upcoming events/a_February 2022' is clicked on

2022-01-11 20:43:14 - [MESSAGE][INFO] - Unable to find the element located by 'By.xpath: //div[@id='month-mini-2022-2-3']/table/caption/h3/a'. Please recheck the objects properties to make sure the desired element is located. 

2022-01-11 20:43:14 - [MESSAGE][WARNING] - [SELF-HEALING] Failed to find element with id 'Object Repository/Page_Moodle Calendar Upcoming events/a_February 2022'. Try using Self-healing.

2022-01-11 20:43:14 - [MESSAGE][INFO] - [SELF-HEALING] Failed Locator: '//div[@id='month-mini-2022-2-3']/table/caption/h3/a'.

2022-01-11 20:43:15 - [MESSAGE][INFO] - [SELF-HEALING] Working Locator: '//a[contains(text(),'February 2022')]'.

2022-01-11 20:43:15 - [MESSAGE][INFO] - [SELF-HEALING] Screenshot: D:/Test-Automation---SE-Bonus/Reports/Self-healing/Object Repository/Page_Moodle Calendar Upcoming events/a_February 2022_link.png

2022-01-11 20:43:15 - [MESSAGE][WARNING] - [SELF-HEALING] The current locator of test object 'Object Repository/Page_Moodle Calendar Upcoming events/a_February 2022' was broken. Propose an alternative one: '//a[contains(text(),'February 2022')]'.

2022-01-11 20:43:16 - [MESSAGE][PASSED] - Object: 'Object Repository/Page_Moodle Calendar Upcoming events/a_February 2022' is clicked on

2022-01-11 20:43:16 - [TEST_STEP][PASSED] - click(findTestObject("Page_Moodle Calendar Detailed month view February 2022/span_Cc bn s thi vo ngy 20022022")): Object: 'Object Repository/Page_Moodle Calendar Detailed month view February 2022/span_Cc bn s thi vo ngy 20022022' is clicked on

2022-01-11 20:43:16 - [MESSAGE][PASSED] - Object: 'Object Repository/Page_Moodle Calendar Detailed month view February 2022/span_Cc bn s thi vo ngy 20022022' is clicked on]]></system-out>
         <system-err><![CDATA[]]></system-err>
      </testcase>
      <testcase name="Test Cases/Admin assign course teacher" time="20.271" classname="Test Cases/Admin assign course teacher" status="PASSED">
         <system-out><![CDATA[2022-01-11 20:43:16 - [TEST_CASE][PASSED] - Test Cases/Admin assign course teacher: Test Cases/Admin assign course teacher

2022-01-11 20:43:17 - [TEST_STEP][PASSED] - callTestCase(findTestCase("Login as admin"), [:], STOP_ON_FAILURE): Call Test Case 'Test Cases/Login as admin' successfully

2022-01-11 20:43:17 - [TEST_CASE][PASSED] - Test Cases/Login as admin: Test Cases/Login as admin

2022-01-11 20:43:17 - [TEST_STEP][PASSED] - openBrowser(""): Browser is opened with url: ''

2022-01-11 20:43:17 - [MESSAGE][WARNING] - A browser is already opened. Closing browser and opening a new one

2022-01-11 20:43:18 - [MESSAGE][INFO] - Starting 'Edge Chromium' driver

2022-01-11 20:43:19 - [MESSAGE][INFO] - Action delay is set to 0 milliseconds

2022-01-11 20:43:20 - [MESSAGE][PASSED] - Browser is opened with url: ''

2022-01-11 20:43:20 - [TEST_STEP][PASSED] - navigateToUrl("http://localhost/"): Navigate to 'http://localhost/' successfully

2022-01-11 20:43:20 - [MESSAGE][PASSED] - Navigate to 'http://localhost/' successfully

2022-01-11 20:43:20 - [TEST_STEP][PASSED] - click(findTestObject("Object Repository/Page_My Moodle/a_Log in")): Object: 'Object Repository/Page_My Moodle/a_Log in' is clicked on

2022-01-11 20:43:21 - [MESSAGE][PASSED] - Object: 'Object Repository/Page_My Moodle/a_Log in' is clicked on

2022-01-11 20:43:21 - [TEST_STEP][PASSED] - setText(findTestObject("Object Repository/Page_My Moodle Log in to the site/input_Username_username"), "admin"): Text 'admin' is set on object 'Object Repository/Page_My Moodle Log in to the site/input_Username_username'

2022-01-11 20:43:22 - [MESSAGE][PASSED] - Text 'admin' is set on object 'Object Repository/Page_My Moodle Log in to the site/input_Username_username'

2022-01-11 20:43:22 - [TEST_STEP][PASSED] - setEncryptedText(findTestObject("Object Repository/Page_My Moodle Log in to the site/input_Password_password"), "7Dxoto1EjKfQbGop/Ov+1g=="): Text ****** has been set on object 'Object Repository/Page_My Moodle Log in to the site/input_Password_password'

2022-01-11 20:43:23 - [MESSAGE][PASSED] - Text ****** has been set on object 'Object Repository/Page_My Moodle Log in to the site/input_Password_password'

2022-01-11 20:43:23 - [TEST_STEP][PASSED] - click(findTestObject("Object Repository/Page_My Moodle Log in to the site/button_Log in")): Object: 'Object Repository/Page_My Moodle Log in to the site/button_Log in' is clicked on

2022-01-11 20:43:24 - [MESSAGE][PASSED] - Object: 'Object Repository/Page_My Moodle Log in to the site/button_Log in' is clicked on

2022-01-11 20:43:24 - [MESSAGE][PASSED] - Call Test Case 'Test Cases/Login as admin' successfully

2022-01-11 20:43:24 - [TEST_STEP][PASSED] - click(findTestObject("Object Repository/Page_Dashboard/a_Site home")): Object: 'Object Repository/Page_Dashboard/a_Site home' is clicked on

2022-01-11 20:43:25 - [MESSAGE][PASSED] - Object: 'Object Repository/Page_Dashboard/a_Site home' is clicked on

2022-01-11 20:43:25 - [TEST_STEP][PASSED] - navigateToUrl("http://localhost/?redirect=0"): Navigate to 'http://localhost/?redirect=0' successfully

2022-01-11 20:43:25 - [MESSAGE][PASSED] - Navigate to 'http://localhost/?redirect=0' successfully

2022-01-11 20:43:25 - [TEST_STEP][PASSED] - click(findTestObject("Object Repository/Page_My Moodle/a_Phn tch v qun l yu cu phn mm")): Object: 'Object Repository/Page_My Moodle/a_Phn tch v qun l yu cu phn mm' is clicked on

2022-01-11 20:43:26 - [MESSAGE][PASSED] - Object: 'Object Repository/Page_My Moodle/a_Phn tch v qun l yu cu phn mm' is clicked on

2022-01-11 20:43:26 - [TEST_STEP][PASSED] - click(findTestObject("Object Repository/Page_Course Phn tch v qun l yu cu phn mm/span_Participants")): Object: 'Object Repository/Page_Course Phn tch v qun l yu cu phn mm/span_Participants' is clicked on

2022-01-11 20:43:27 - [MESSAGE][PASSED] - Object: 'Object Repository/Page_Course Phn tch v qun l yu cu phn mm/span_Participants' is clicked on

2022-01-11 20:43:27 - [TEST_STEP][PASSED] - click(findTestObject("Object Repository/Page_CSC13005 Participants/input_Participants_btn btn-secondary my-1")): Object: 'Object Repository/Page_CSC13005 Participants/input_Participants_btn btn-secondary my-1' is clicked on

2022-01-11 20:43:28 - [MESSAGE][PASSED] - Object: 'Object Repository/Page_CSC13005 Participants/input_Participants_btn btn-secondary my-1' is clicked on

2022-01-11 20:43:28 - [TEST_STEP][PASSED] - setText(findTestObject("Object Repository/Page_CSC13005 Participants/input_No selection_form_autocomplete_input-_86ed1a"), "teacher"): Text 'teacher' is set on object 'Object Repository/Page_CSC13005 Participants/input_No selection_form_autocomplete_input-_86ed1a'

2022-01-11 20:43:30 - [MESSAGE][PASSED] - Text 'teacher' is set on object 'Object Repository/Page_CSC13005 Participants/input_No selection_form_autocomplete_input-_86ed1a'

2022-01-11 20:43:30 - [TEST_STEP][PASSED] - click(findTestObject("Object Repository/Page_CSC13005 Participants/span_Teacher Testing")): Object: 'Object Repository/Page_CSC13005 Participants/span_Teacher Testing' is clicked on

2022-01-11 20:43:31 - [MESSAGE][PASSED] - Object: 'Object Repository/Page_CSC13005 Participants/span_Teacher Testing' is clicked on

2022-01-11 20:43:31 - [TEST_STEP][PASSED] - selectOptionByValue(findTestObject("Object Repository/Page_CSC13005 Participants/select_Teacher One    t1example.com        _0fad96"), "7", true): All options with value '7' are selected in object 'Object Repository/Page_CSC13005 Participants/select_Teacher One    t1example.com        _0fad96'  using regular expression

2022-01-11 20:43:32 - [MESSAGE][PASSED] - All options with value '7' are selected in object 'Object Repository/Page_CSC13005 Participants/select_Teacher One    t1example.com        _0fad96'  using regular expression

2022-01-11 20:43:32 - [TEST_STEP][PASSED] - selectOptionByValue(findTestObject("Object Repository/Page_CSC13005 Participants/select_Teacher One    t1example.com        _0fad96"), "7", true): All options with value '7' are selected in object 'Object Repository/Page_CSC13005 Participants/select_Teacher One    t1example.com        _0fad96'  using regular expression

2022-01-11 20:43:33 - [MESSAGE][PASSED] - All options with value '7' are selected in object 'Object Repository/Page_CSC13005 Participants/select_Teacher One    t1example.com        _0fad96'  using regular expression

2022-01-11 20:43:33 - [TEST_STEP][PASSED] - click(findTestObject("Object Repository/Page_CSC13005 Participants/span_Teacher One")): Object: 'Object Repository/Page_CSC13005 Participants/span_Teacher One' is clicked on

2022-01-11 20:43:34 - [MESSAGE][PASSED] - Object: 'Object Repository/Page_CSC13005 Participants/span_Teacher One' is clicked on

2022-01-11 20:43:34 - [TEST_STEP][PASSED] - selectOptionByValue(findTestObject("Object Repository/Page_CSC13005 Participants/select_Teacher One    t1example.com        _0fad96"), "6", true): All options with value '6' are selected in object 'Object Repository/Page_CSC13005 Participants/select_Teacher One    t1example.com        _0fad96'  using regular expression

2022-01-11 20:43:35 - [MESSAGE][PASSED] - All options with value '6' are selected in object 'Object Repository/Page_CSC13005 Participants/select_Teacher One    t1example.com        _0fad96'  using regular expression

2022-01-11 20:43:35 - [TEST_STEP][PASSED] - selectOptionByValue(findTestObject("Object Repository/Page_CSC13005 Participants/select_Manager            Teacher          _ffc00f"), "3", true): All options with value '3' are selected in object 'Object Repository/Page_CSC13005 Participants/select_Manager            Teacher          _ffc00f'  using regular expression

2022-01-11 20:43:36 - [MESSAGE][PASSED] - All options with value '3' are selected in object 'Object Repository/Page_CSC13005 Participants/select_Manager            Teacher          _ffc00f'  using regular expression

2022-01-11 20:43:36 - [TEST_STEP][PASSED] - click(findTestObject("Object Repository/Page_CSC13005 Participants/button_Enrol users")): Object: 'Object Repository/Page_CSC13005 Participants/button_Enrol users' is clicked on

2022-01-11 20:43:37 - [MESSAGE][PASSED] - Object: 'Object Repository/Page_CSC13005 Participants/button_Enrol users' is clicked on]]></system-out>
         <system-err><![CDATA[]]></system-err>
      </testcase>
      <testcase name="Test Cases/Admin assign student to course" time="28.288" classname="Test Cases/Admin assign student to course" status="PASSED">
         <system-out><![CDATA[2022-01-11 20:43:37 - [TEST_CASE][PASSED] - Test Cases/Admin assign student to course: Test Cases/Admin assign student to course

2022-01-11 20:43:37 - [TEST_STEP][PASSED] - callTestCase(findTestCase("Login as admin"), [:], STOP_ON_FAILURE): Call Test Case 'Test Cases/Login as admin' successfully

2022-01-11 20:43:37 - [TEST_CASE][PASSED] - Test Cases/Login as admin: Test Cases/Login as admin

2022-01-11 20:43:37 - [TEST_STEP][PASSED] - openBrowser(""): Browser is opened with url: ''

2022-01-11 20:43:37 - [MESSAGE][WARNING] - A browser is already opened. Closing browser and opening a new one

2022-01-11 20:43:38 - [MESSAGE][INFO] - Starting 'Edge Chromium' driver

2022-01-11 20:43:38 - [MESSAGE][INFO] - Action delay is set to 0 milliseconds

2022-01-11 20:43:40 - [MESSAGE][PASSED] - Browser is opened with url: ''

2022-01-11 20:43:40 - [TEST_STEP][PASSED] - navigateToUrl("http://localhost/"): Navigate to 'http://localhost/' successfully

2022-01-11 20:43:40 - [MESSAGE][PASSED] - Navigate to 'http://localhost/' successfully

2022-01-11 20:43:40 - [TEST_STEP][PASSED] - click(findTestObject("Object Repository/Page_My Moodle/a_Log in")): Object: 'Object Repository/Page_My Moodle/a_Log in' is clicked on

2022-01-11 20:43:41 - [MESSAGE][PASSED] - Object: 'Object Repository/Page_My Moodle/a_Log in' is clicked on

2022-01-11 20:43:41 - [TEST_STEP][PASSED] - setText(findTestObject("Object Repository/Page_My Moodle Log in to the site/input_Username_username"), "admin"): Text 'admin' is set on object 'Object Repository/Page_My Moodle Log in to the site/input_Username_username'

2022-01-11 20:43:42 - [MESSAGE][PASSED] - Text 'admin' is set on object 'Object Repository/Page_My Moodle Log in to the site/input_Username_username'

2022-01-11 20:43:42 - [TEST_STEP][PASSED] - setEncryptedText(findTestObject("Object Repository/Page_My Moodle Log in to the site/input_Password_password"), "7Dxoto1EjKfQbGop/Ov+1g=="): Text ****** has been set on object 'Object Repository/Page_My Moodle Log in to the site/input_Password_password'

2022-01-11 20:43:43 - [MESSAGE][PASSED] - Text ****** has been set on object 'Object Repository/Page_My Moodle Log in to the site/input_Password_password'

2022-01-11 20:43:43 - [TEST_STEP][PASSED] - click(findTestObject("Object Repository/Page_My Moodle Log in to the site/button_Log in")): Object: 'Object Repository/Page_My Moodle Log in to the site/button_Log in' is clicked on

2022-01-11 20:43:44 - [MESSAGE][PASSED] - Object: 'Object Repository/Page_My Moodle Log in to the site/button_Log in' is clicked on

2022-01-11 20:43:44 - [MESSAGE][PASSED] - Call Test Case 'Test Cases/Login as admin' successfully

2022-01-11 20:43:44 - [TEST_STEP][PASSED] - click(findTestObject("Object Repository/Page_Dashboard/span_Site home")): Object: 'Object Repository/Page_Dashboard/span_Site home' is clicked on

2022-01-11 20:43:46 - [MESSAGE][PASSED] - Object: 'Object Repository/Page_Dashboard/span_Site home' is clicked on

2022-01-11 20:43:46 - [TEST_STEP][PASSED] - navigateToUrl("http://localhost/?redirect=0"): Navigate to 'http://localhost/?redirect=0' successfully

2022-01-11 20:43:46 - [MESSAGE][PASSED] - Navigate to 'http://localhost/?redirect=0' successfully

2022-01-11 20:43:46 - [TEST_STEP][PASSED] - click(findTestObject("Object Repository/Page_My Moodle/a_Phn tch v qun l yu cu phn mm")): Object: 'Object Repository/Page_My Moodle/a_Phn tch v qun l yu cu phn mm' is clicked on

2022-01-11 20:43:47 - [MESSAGE][PASSED] - Object: 'Object Repository/Page_My Moodle/a_Phn tch v qun l yu cu phn mm' is clicked on

2022-01-11 20:43:47 - [TEST_STEP][PASSED] - click(findTestObject("Object Repository/Page_Course Phn tch v qun l yu cu phn mm/span_Participants")): Object: 'Object Repository/Page_Course Phn tch v qun l yu cu phn mm/span_Participants' is clicked on

2022-01-11 20:43:49 - [MESSAGE][PASSED] - Object: 'Object Repository/Page_Course Phn tch v qun l yu cu phn mm/span_Participants' is clicked on

2022-01-11 20:43:49 - [TEST_STEP][PASSED] - click(findTestObject("Object Repository/Page_CSC13005 Participants/input_Participants_yui_3_17_2_1_1641633890081_20")): Object: 'Object Repository/Page_CSC13005 Participants/input_Participants_yui_3_17_2_1_1641633890081_20' is clicked on

2022-01-11 20:43:49 - [MESSAGE][PASSED] - Object: 'Object Repository/Page_CSC13005 Participants/input_Participants_yui_3_17_2_1_1641633890081_20' is clicked on

2022-01-11 20:43:49 - [TEST_STEP][PASSED] - setText(findTestObject("Object Repository/Page_CSC13005 Participants/input_No selection_form_autocomplete_input-_2ce59e"), "student"): Text 'student' is set on object 'Object Repository/Page_CSC13005 Participants/input_No selection_form_autocomplete_input-_2ce59e'

2022-01-11 20:43:51 - [MESSAGE][PASSED] - Text 'student' is set on object 'Object Repository/Page_CSC13005 Participants/input_No selection_form_autocomplete_input-_2ce59e'

2022-01-11 20:43:51 - [TEST_STEP][PASSED] - click(findTestObject("Object Repository/Page_CSC13005 Participants/li_Student Testing    student.testingmail.com")): Object: 'Object Repository/Page_CSC13005 Participants/li_Student Testing    student.testingmail.com' is clicked on

2022-01-11 20:43:52 - [MESSAGE][PASSED] - Object: 'Object Repository/Page_CSC13005 Participants/li_Student Testing    student.testingmail.com' is clicked on

2022-01-11 20:43:52 - [TEST_STEP][PASSED] - selectOptionByValue(findTestObject("Object Repository/Page_CSC13005 Participants/select_Student One    s1example.com        _958eb3"), "8", true): All options with value '8' are selected in object 'Object Repository/Page_CSC13005 Participants/select_Student One    s1example.com        _958eb3'  using regular expression

2022-01-11 20:43:54 - [MESSAGE][PASSED] - All options with value '8' are selected in object 'Object Repository/Page_CSC13005 Participants/select_Student One    s1example.com        _958eb3'  using regular expression

2022-01-11 20:43:54 - [TEST_STEP][PASSED] - selectOptionByValue(findTestObject("Object Repository/Page_CSC13005 Participants/select_Student One    s1example.com        _958eb3"), "8", true): All options with value '8' are selected in object 'Object Repository/Page_CSC13005 Participants/select_Student One    s1example.com        _958eb3'  using regular expression

2022-01-11 20:43:55 - [MESSAGE][PASSED] - All options with value '8' are selected in object 'Object Repository/Page_CSC13005 Participants/select_Student One    s1example.com        _958eb3'  using regular expression

2022-01-11 20:43:55 - [TEST_STEP][PASSED] - selectOptionByValue(findTestObject("Object Repository/Page_CSC13005 Participants/select_Student One    s1example.com        _958eb3"), "8", true): All options with value '8' are selected in object 'Object Repository/Page_CSC13005 Participants/select_Student One    s1example.com        _958eb3'  using regular expression

2022-01-11 20:43:56 - [MESSAGE][PASSED] - All options with value '8' are selected in object 'Object Repository/Page_CSC13005 Participants/select_Student One    s1example.com        _958eb3'  using regular expression

2022-01-11 20:43:56 - [TEST_STEP][PASSED] - click(findTestObject("Object Repository/Page_CSC13005 Participants/li_Student One    s1example.com")): Object: 'Object Repository/Page_CSC13005 Participants/li_Student One    s1example.com' is clicked on

2022-01-11 20:43:56 - [MESSAGE][PASSED] - Object: 'Object Repository/Page_CSC13005 Participants/li_Student One    s1example.com' is clicked on

2022-01-11 20:43:56 - [TEST_STEP][PASSED] - selectOptionByValue(findTestObject("Object Repository/Page_CSC13005 Participants/select_Student One    s1example.com        _958eb3"), "4", true): All options with value '4' are selected in object 'Object Repository/Page_CSC13005 Participants/select_Student One    s1example.com        _958eb3'  using regular expression

2022-01-11 20:43:58 - [MESSAGE][PASSED] - All options with value '4' are selected in object 'Object Repository/Page_CSC13005 Participants/select_Student One    s1example.com        _958eb3'  using regular expression

2022-01-11 20:43:58 - [TEST_STEP][PASSED] - click(findTestObject("Object Repository/Page_CSC13005 Participants/li_Student Two    s2example.com")): Object: 'Object Repository/Page_CSC13005 Participants/li_Student Two    s2example.com' is clicked on

2022-01-11 20:43:58 - [MESSAGE][PASSED] - Object: 'Object Repository/Page_CSC13005 Participants/li_Student Two    s2example.com' is clicked on

2022-01-11 20:43:58 - [TEST_STEP][PASSED] - selectOptionByValue(findTestObject("Object Repository/Page_CSC13005 Participants/select_Student One    s1example.com        _958eb3"), "5", true): All options with value '5' are selected in object 'Object Repository/Page_CSC13005 Participants/select_Student One    s1example.com        _958eb3'  using regular expression

2022-01-11 20:43:59 - [MESSAGE][PASSED] - All options with value '5' are selected in object 'Object Repository/Page_CSC13005 Participants/select_Student One    s1example.com        _958eb3'  using regular expression

2022-01-11 20:43:59 - [TEST_STEP][PASSED] - click(findTestObject("Object Repository/Page_CSC13005 Participants/button_Enrol users")): Object: 'Object Repository/Page_CSC13005 Participants/button_Enrol users' is clicked on

2022-01-11 20:44:00 - [MESSAGE][PASSED] - Object: 'Object Repository/Page_CSC13005 Participants/button_Enrol users' is clicked on

2022-01-11 20:44:00 - [TEST_STEP][PASSED] - click(findTestObject("Object Repository/Page_CSC13005 Participants/a_Admin Team")): Object: 'Object Repository/Page_CSC13005 Participants/a_Admin Team' is clicked on

2022-01-11 20:44:01 - [MESSAGE][PASSED] - Object: 'Object Repository/Page_CSC13005 Participants/a_Admin Team' is clicked on

2022-01-11 20:44:01 - [TEST_STEP][PASSED] - click(findTestObject("Object Repository/Page_CSC13005 Participants/span_Log out")): Object: 'Object Repository/Page_CSC13005 Participants/span_Log out' is clicked on

2022-01-11 20:44:02 - [MESSAGE][PASSED] - Object: 'Object Repository/Page_CSC13005 Participants/span_Log out' is clicked on

2022-01-11 20:44:02 - [TEST_STEP][PASSED] - click(findTestObject("Object Repository/Page_My Moodle/a_Phn tch v qun l yu cu phn mm")): Object: 'Object Repository/Page_My Moodle/a_Phn tch v qun l yu cu phn mm' is clicked on

2022-01-11 20:44:03 - [MESSAGE][PASSED] - Object: 'Object Repository/Page_My Moodle/a_Phn tch v qun l yu cu phn mm' is clicked on

2022-01-11 20:44:03 - [TEST_STEP][PASSED] - setText(findTestObject("Object Repository/Page_My Moodle Log in to the site/input_Username_username"), "student"): Text 'student' is set on object 'Object Repository/Page_My Moodle Log in to the site/input_Username_username'

2022-01-11 20:44:04 - [MESSAGE][PASSED] - Text 'student' is set on object 'Object Repository/Page_My Moodle Log in to the site/input_Username_username'

2022-01-11 20:44:04 - [TEST_STEP][PASSED] - setEncryptedText(findTestObject("Object Repository/Page_My Moodle Log in to the site/input_Password_password"), "3t5OwH/+bwwlEvOXGw7/rg=="): Text ****** has been set on object 'Object Repository/Page_My Moodle Log in to the site/input_Password_password'

2022-01-11 20:44:04 - [MESSAGE][PASSED] - Text ****** has been set on object 'Object Repository/Page_My Moodle Log in to the site/input_Password_password'

2022-01-11 20:44:04 - [TEST_STEP][PASSED] - click(findTestObject("Object Repository/Page_My Moodle Log in to the site/button_Log in")): Object: 'Object Repository/Page_My Moodle Log in to the site/button_Log in' is clicked on

2022-01-11 20:44:05 - [MESSAGE][PASSED] - Object: 'Object Repository/Page_My Moodle Log in to the site/button_Log in' is clicked on]]></system-out>
         <system-err><![CDATA[]]></system-err>
      </testcase>
      <testcase name="Test Cases/Admin view grade of course" time="11.158" classname="Test Cases/Admin view grade of course" status="PASSED">
         <system-out><![CDATA[2022-01-11 20:44:05 - [TEST_CASE][PASSED] - Test Cases/Admin view grade of course: Test Cases/Admin view grade of course

2022-01-11 20:44:05 - [TEST_STEP][PASSED] - callTestCase(findTestCase("Login as admin"), [:], STOP_ON_FAILURE): Call Test Case 'Test Cases/Login as admin' successfully

2022-01-11 20:44:05 - [TEST_CASE][PASSED] - Test Cases/Login as admin: Test Cases/Login as admin

2022-01-11 20:44:05 - [TEST_STEP][PASSED] - openBrowser(""): Browser is opened with url: ''

2022-01-11 20:44:05 - [MESSAGE][WARNING] - A browser is already opened. Closing browser and opening a new one

2022-01-11 20:44:06 - [MESSAGE][INFO] - Starting 'Edge Chromium' driver

2022-01-11 20:44:07 - [MESSAGE][INFO] - Action delay is set to 0 milliseconds

2022-01-11 20:44:08 - [MESSAGE][PASSED] - Browser is opened with url: ''

2022-01-11 20:44:08 - [TEST_STEP][PASSED] - navigateToUrl("http://localhost/"): Navigate to 'http://localhost/' successfully

2022-01-11 20:44:09 - [MESSAGE][PASSED] - Navigate to 'http://localhost/' successfully

2022-01-11 20:44:09 - [TEST_STEP][PASSED] - click(findTestObject("Object Repository/Page_My Moodle/a_Log in")): Object: 'Object Repository/Page_My Moodle/a_Log in' is clicked on

2022-01-11 20:44:10 - [MESSAGE][PASSED] - Object: 'Object Repository/Page_My Moodle/a_Log in' is clicked on

2022-01-11 20:44:10 - [TEST_STEP][PASSED] - setText(findTestObject("Object Repository/Page_My Moodle Log in to the site/input_Username_username"), "admin"): Text 'admin' is set on object 'Object Repository/Page_My Moodle Log in to the site/input_Username_username'

2022-01-11 20:44:11 - [MESSAGE][PASSED] - Text 'admin' is set on object 'Object Repository/Page_My Moodle Log in to the site/input_Username_username'

2022-01-11 20:44:11 - [TEST_STEP][PASSED] - setEncryptedText(findTestObject("Object Repository/Page_My Moodle Log in to the site/input_Password_password"), "7Dxoto1EjKfQbGop/Ov+1g=="): Text ****** has been set on object 'Object Repository/Page_My Moodle Log in to the site/input_Password_password'

2022-01-11 20:44:11 - [MESSAGE][PASSED] - Text ****** has been set on object 'Object Repository/Page_My Moodle Log in to the site/input_Password_password'

2022-01-11 20:44:11 - [TEST_STEP][PASSED] - click(findTestObject("Object Repository/Page_My Moodle Log in to the site/button_Log in")): Object: 'Object Repository/Page_My Moodle Log in to the site/button_Log in' is clicked on

2022-01-11 20:44:12 - [MESSAGE][PASSED] - Object: 'Object Repository/Page_My Moodle Log in to the site/button_Log in' is clicked on

2022-01-11 20:44:12 - [MESSAGE][PASSED] - Call Test Case 'Test Cases/Login as admin' successfully

2022-01-11 20:44:12 - [TEST_STEP][PASSED] - click(findTestObject("Object Repository/Page_Dashboard/span_Site home")): Object: 'Object Repository/Page_Dashboard/span_Site home' is clicked on

2022-01-11 20:44:14 - [MESSAGE][PASSED] - Object: 'Object Repository/Page_Dashboard/span_Site home' is clicked on

2022-01-11 20:44:14 - [TEST_STEP][PASSED] - navigateToUrl("http://localhost/?redirect=0"): Navigate to 'http://localhost/?redirect=0' successfully

2022-01-11 20:44:14 - [MESSAGE][PASSED] - Navigate to 'http://localhost/?redirect=0' successfully

2022-01-11 20:44:14 - [TEST_STEP][PASSED] - click(findTestObject("Object Repository/Page_My Moodle/a_Phn tch v qun l yu cu phn mm")): Object: 'Object Repository/Page_My Moodle/a_Phn tch v qun l yu cu phn mm' is clicked on

2022-01-11 20:44:15 - [MESSAGE][PASSED] - Object: 'Object Repository/Page_My Moodle/a_Phn tch v qun l yu cu phn mm' is clicked on

2022-01-11 20:44:15 - [TEST_STEP][PASSED] - click(findTestObject("Object Repository/Page_Course Phn tch v qun l yu cu phn mm/span_Grades")): Object: 'Object Repository/Page_Course Phn tch v qun l yu cu phn mm/span_Grades' is clicked on

2022-01-11 20:44:16 - [MESSAGE][PASSED] - Object: 'Object Repository/Page_Course Phn tch v qun l yu cu phn mm/span_Grades' is clicked on]]></system-out>
         <system-err><![CDATA[]]></system-err>
      </testcase>
      <testcase name="Test Cases/Login as user (teacher)" time="6.759" classname="Test Cases/Login as user (teacher)" status="PASSED">
         <system-out><![CDATA[2022-01-11 20:44:16 - [TEST_CASE][PASSED] - Test Cases/Login as user (teacher): Test Cases/Login as user (teacher)

2022-01-11 20:44:16 - [TEST_STEP][PASSED] - openBrowser(""): Browser is opened with url: ''

2022-01-11 20:44:17 - [MESSAGE][WARNING] - A browser is already opened. Closing browser and opening a new one

2022-01-11 20:44:17 - [MESSAGE][INFO] - Starting 'Edge Chromium' driver

2022-01-11 20:44:18 - [MESSAGE][INFO] - Action delay is set to 0 milliseconds

2022-01-11 20:44:19 - [MESSAGE][PASSED] - Browser is opened with url: ''

2022-01-11 20:44:19 - [TEST_STEP][PASSED] - navigateToUrl("http://localhost/"): Navigate to 'http://localhost/' successfully

2022-01-11 20:44:20 - [MESSAGE][PASSED] - Navigate to 'http://localhost/' successfully

2022-01-11 20:44:20 - [TEST_STEP][PASSED] - click(findTestObject("Object Repository/Page_My Moodle/a_Log in")): Object: 'Object Repository/Page_My Moodle/a_Log in' is clicked on

2022-01-11 20:44:21 - [MESSAGE][PASSED] - Object: 'Object Repository/Page_My Moodle/a_Log in' is clicked on

2022-01-11 20:44:21 - [TEST_STEP][PASSED] - setText(findTestObject("Object Repository/Page_My Moodle Log in to the site/input_Username_username"), "teacher"): Text 'teacher' is set on object 'Object Repository/Page_My Moodle Log in to the site/input_Username_username'

2022-01-11 20:44:21 - [MESSAGE][PASSED] - Text 'teacher' is set on object 'Object Repository/Page_My Moodle Log in to the site/input_Username_username'

2022-01-11 20:44:21 - [TEST_STEP][PASSED] - setEncryptedText(findTestObject("Object Repository/Page_My Moodle Log in to the site/input_Password_password"), "3fJEwIvstDDnFTEIk7299A=="): Text ****** has been set on object 'Object Repository/Page_My Moodle Log in to the site/input_Password_password'

2022-01-11 20:44:22 - [MESSAGE][PASSED] - Text ****** has been set on object 'Object Repository/Page_My Moodle Log in to the site/input_Password_password'

2022-01-11 20:44:22 - [TEST_STEP][PASSED] - click(findTestObject("Object Repository/Page_My Moodle Log in to the site/button_Log in")): Object: 'Object Repository/Page_My Moodle Log in to the site/button_Log in' is clicked on

2022-01-11 20:44:23 - [MESSAGE][PASSED] - Object: 'Object Repository/Page_My Moodle Log in to the site/button_Log in' is clicked on]]></system-out>
         <system-err><![CDATA[]]></system-err>
      </testcase>
      <testcase name="Test Cases/Teacher create announcement" time="16.443" classname="Test Cases/Teacher create announcement" status="PASSED">
         <system-out><![CDATA[2022-01-11 20:44:23 - [TEST_CASE][PASSED] - Test Cases/Teacher create announcement: Test Cases/Teacher create announcement

2022-01-11 20:44:23 - [TEST_STEP][PASSED] - callTestCase(findTestCase("Login as user (teacher)"), [:], STOP_ON_FAILURE): Call Test Case 'Test Cases/Login as user (teacher)' successfully

2022-01-11 20:44:23 - [TEST_CASE][PASSED] - Test Cases/Login as user (teacher): Test Cases/Login as user (teacher)

2022-01-11 20:44:23 - [TEST_STEP][PASSED] - openBrowser(""): Browser is opened with url: ''

2022-01-11 20:44:23 - [MESSAGE][WARNING] - A browser is already opened. Closing browser and opening a new one

2022-01-11 20:44:24 - [MESSAGE][INFO] - Starting 'Edge Chromium' driver

2022-01-11 20:44:25 - [MESSAGE][INFO] - Action delay is set to 0 milliseconds

2022-01-11 20:44:26 - [MESSAGE][PASSED] - Browser is opened with url: ''

2022-01-11 20:44:26 - [TEST_STEP][PASSED] - navigateToUrl("http://localhost/"): Navigate to 'http://localhost/' successfully

2022-01-11 20:44:26 - [MESSAGE][PASSED] - Navigate to 'http://localhost/' successfully

2022-01-11 20:44:26 - [TEST_STEP][PASSED] - click(findTestObject("Object Repository/Page_My Moodle/a_Log in")): Object: 'Object Repository/Page_My Moodle/a_Log in' is clicked on

2022-01-11 20:44:27 - [MESSAGE][PASSED] - Object: 'Object Repository/Page_My Moodle/a_Log in' is clicked on

2022-01-11 20:44:27 - [TEST_STEP][PASSED] - setText(findTestObject("Object Repository/Page_My Moodle Log in to the site/input_Username_username"), "teacher"): Text 'teacher' is set on object 'Object Repository/Page_My Moodle Log in to the site/input_Username_username'

2022-01-11 20:44:28 - [MESSAGE][PASSED] - Text 'teacher' is set on object 'Object Repository/Page_My Moodle Log in to the site/input_Username_username'

2022-01-11 20:44:28 - [TEST_STEP][PASSED] - setEncryptedText(findTestObject("Object Repository/Page_My Moodle Log in to the site/input_Password_password"), "3fJEwIvstDDnFTEIk7299A=="): Text ****** has been set on object 'Object Repository/Page_My Moodle Log in to the site/input_Password_password'

2022-01-11 20:44:28 - [MESSAGE][PASSED] - Text ****** has been set on object 'Object Repository/Page_My Moodle Log in to the site/input_Password_password'

2022-01-11 20:44:28 - [TEST_STEP][PASSED] - click(findTestObject("Object Repository/Page_My Moodle Log in to the site/button_Log in")): Object: 'Object Repository/Page_My Moodle Log in to the site/button_Log in' is clicked on

2022-01-11 20:44:29 - [MESSAGE][PASSED] - Object: 'Object Repository/Page_My Moodle Log in to the site/button_Log in' is clicked on

2022-01-11 20:44:29 - [MESSAGE][PASSED] - Call Test Case 'Test Cases/Login as user (teacher)' successfully

2022-01-11 20:44:29 - [TEST_STEP][PASSED] - click(findTestObject("Object Repository/Page_Dashboard/span_Site home")): Object: 'Object Repository/Page_Dashboard/span_Site home' is clicked on

2022-01-11 20:44:31 - [MESSAGE][PASSED] - Object: 'Object Repository/Page_Dashboard/span_Site home' is clicked on

2022-01-11 20:44:31 - [TEST_STEP][PASSED] - navigateToUrl("http://localhost/?redirect=0"): Navigate to 'http://localhost/?redirect=0' successfully

2022-01-11 20:44:31 - [MESSAGE][PASSED] - Navigate to 'http://localhost/?redirect=0' successfully

2022-01-11 20:44:31 - [TEST_STEP][PASSED] - click(findTestObject("Object Repository/Page_My Moodle/a_Phn tch v qun l yu cu phn mm")): Object: 'Object Repository/Page_My Moodle/a_Phn tch v qun l yu cu phn mm' is clicked on

2022-01-11 20:44:32 - [MESSAGE][PASSED] - Object: 'Object Repository/Page_My Moodle/a_Phn tch v qun l yu cu phn mm' is clicked on

2022-01-11 20:44:32 - [TEST_STEP][PASSED] - click(findTestObject("Object Repository/Page_Course Phn tch v qun l yu cu phn mm/span_Announcements Forum")): Object: 'Object Repository/Page_Course Phn tch v qun l yu cu phn mm/span_Announcements Forum' is clicked on

2022-01-11 20:44:35 - [MESSAGE][PASSED] - Object: 'Object Repository/Page_Course Phn tch v qun l yu cu phn mm/span_Announcements Forum' is clicked on

2022-01-11 20:44:35 - [TEST_STEP][PASSED] - click(findTestObject("Object Repository/Page_Announcements/a_Add a new topic")): Object: 'Object Repository/Page_Announcements/a_Add a new topic' is clicked on

2022-01-11 20:44:35 - [MESSAGE][PASSED] - Object: 'Object Repository/Page_Announcements/a_Add a new topic' is clicked on

2022-01-11 20:44:35 - [TEST_STEP][PASSED] - setText(findTestObject("Object Repository/Page_Announcements/input_Subject_subject"), "Testing"): Text 'Testing' is set on object 'Object Repository/Page_Announcements/input_Subject_subject'

2022-01-11 20:44:36 - [MESSAGE][PASSED] - Text 'Testing' is set on object 'Object Repository/Page_Announcements/input_Subject_subject'

2022-01-11 20:44:36 - [TEST_STEP][PASSED] - setText(findTestObject("Object Repository/Page_Announcements/div_Testing"), "<p dir="ltr" style="text-align: left;">Testing</p>"): Text '<p dir="ltr" style="text-align: left;">Testing</p>' is set on object 'Object Repository/Page_Announcements/div_Testing'

2022-01-11 20:44:37 - [MESSAGE][PASSED] - Text '<p dir="ltr" style="text-align: left;">Testing</p>' is set on object 'Object Repository/Page_Announcements/div_Testing'

2022-01-11 20:44:37 - [TEST_STEP][PASSED] - click(findTestObject("Object Repository/Page_Announcements/input_Message_submitbutton")): Object: 'Object Repository/Page_Announcements/input_Message_submitbutton' is clicked on

2022-01-11 20:44:39 - [MESSAGE][PASSED] - Object: 'Object Repository/Page_Announcements/input_Message_submitbutton' is clicked on

2022-01-11 20:44:39 - [TEST_STEP][PASSED] - click(findTestObject("Object Repository/Page_Announcements/p_Your post was successfully added")): Object: 'Object Repository/Page_Announcements/p_Your post was successfully added' is clicked on

2022-01-11 20:44:39 - [MESSAGE][PASSED] - Object: 'Object Repository/Page_Announcements/p_Your post was successfully added' is clicked on]]></system-out>
         <system-err><![CDATA[]]></system-err>
      </testcase>
      <testcase name="Test Cases/Teacher create announcement (image)" time="18.702" classname="Test Cases/Teacher create announcement (image)" status="PASSED">
         <system-out><![CDATA[2022-01-11 20:44:39 - [TEST_CASE][PASSED] - Test Cases/Teacher create announcement (image): Test Cases/Teacher create announcement (image)

2022-01-11 20:44:40 - [TEST_STEP][PASSED] - callTestCase(findTestCase("Login as user (teacher)"), [:], STOP_ON_FAILURE): Call Test Case 'Test Cases/Login as user (teacher)' successfully

2022-01-11 20:44:40 - [TEST_CASE][PASSED] - Test Cases/Login as user (teacher): Test Cases/Login as user (teacher)

2022-01-11 20:44:40 - [TEST_STEP][PASSED] - openBrowser(""): Browser is opened with url: ''

2022-01-11 20:44:40 - [MESSAGE][WARNING] - A browser is already opened. Closing browser and opening a new one

2022-01-11 20:44:41 - [MESSAGE][INFO] - Starting 'Edge Chromium' driver

2022-01-11 20:44:41 - [MESSAGE][INFO] - Action delay is set to 0 milliseconds

2022-01-11 20:44:42 - [MESSAGE][PASSED] - Browser is opened with url: ''

2022-01-11 20:44:42 - [TEST_STEP][PASSED] - navigateToUrl("http://localhost/"): Navigate to 'http://localhost/' successfully

2022-01-11 20:44:43 - [MESSAGE][PASSED] - Navigate to 'http://localhost/' successfully

2022-01-11 20:44:43 - [TEST_STEP][PASSED] - click(findTestObject("Object Repository/Page_My Moodle/a_Log in")): Object: 'Object Repository/Page_My Moodle/a_Log in' is clicked on

2022-01-11 20:44:44 - [MESSAGE][PASSED] - Object: 'Object Repository/Page_My Moodle/a_Log in' is clicked on

2022-01-11 20:44:44 - [TEST_STEP][PASSED] - setText(findTestObject("Object Repository/Page_My Moodle Log in to the site/input_Username_username"), "teacher"): Text 'teacher' is set on object 'Object Repository/Page_My Moodle Log in to the site/input_Username_username'

2022-01-11 20:44:45 - [MESSAGE][PASSED] - Text 'teacher' is set on object 'Object Repository/Page_My Moodle Log in to the site/input_Username_username'

2022-01-11 20:44:45 - [TEST_STEP][PASSED] - setEncryptedText(findTestObject("Object Repository/Page_My Moodle Log in to the site/input_Password_password"), "3fJEwIvstDDnFTEIk7299A=="): Text ****** has been set on object 'Object Repository/Page_My Moodle Log in to the site/input_Password_password'

2022-01-11 20:44:45 - [MESSAGE][PASSED] - Text ****** has been set on object 'Object Repository/Page_My Moodle Log in to the site/input_Password_password'

2022-01-11 20:44:45 - [TEST_STEP][PASSED] - click(findTestObject("Object Repository/Page_My Moodle Log in to the site/button_Log in")): Object: 'Object Repository/Page_My Moodle Log in to the site/button_Log in' is clicked on

2022-01-11 20:44:46 - [MESSAGE][PASSED] - Object: 'Object Repository/Page_My Moodle Log in to the site/button_Log in' is clicked on

2022-01-11 20:44:46 - [MESSAGE][PASSED] - Call Test Case 'Test Cases/Login as user (teacher)' successfully

2022-01-11 20:44:46 - [TEST_STEP][PASSED] - click(findTestObject("Object Repository/Page_Dashboard/a_Site home")): Object: 'Object Repository/Page_Dashboard/a_Site home' is clicked on

2022-01-11 20:44:48 - [MESSAGE][PASSED] - Object: 'Object Repository/Page_Dashboard/a_Site home' is clicked on

2022-01-11 20:44:48 - [TEST_STEP][PASSED] - navigateToUrl("http://localhost/?redirect=0"): Navigate to 'http://localhost/?redirect=0' successfully

2022-01-11 20:44:48 - [MESSAGE][PASSED] - Navigate to 'http://localhost/?redirect=0' successfully

2022-01-11 20:44:48 - [TEST_STEP][PASSED] - click(findTestObject("Page_My Moodle/a_Phn tch v qun l yu cu phn mm")): Object: 'Object Repository/Page_My Moodle/a_Phn tch v qun l yu cu phn mm' is clicked on

2022-01-11 20:44:49 - [MESSAGE][PASSED] - Object: 'Object Repository/Page_My Moodle/a_Phn tch v qun l yu cu phn mm' is clicked on

2022-01-11 20:44:49 - [TEST_STEP][PASSED] - click(findTestObject("Object Repository/Page_Course Phn tch v qun l yu cu phn mm/a_Announcements Forum")): Object: 'Object Repository/Page_Course Phn tch v qun l yu cu phn mm/a_Announcements Forum' is clicked on

2022-01-11 20:44:50 - [MESSAGE][PASSED] - Object: 'Object Repository/Page_Course Phn tch v qun l yu cu phn mm/a_Announcements Forum' is clicked on

2022-01-11 20:44:50 - [TEST_STEP][PASSED] - click(findTestObject("Object Repository/Page_Announcements/a_Add a new topic")): Object: 'Object Repository/Page_Announcements/a_Add a new topic' is clicked on

2022-01-11 20:44:51 - [MESSAGE][PASSED] - Object: 'Object Repository/Page_Announcements/a_Add a new topic' is clicked on

2022-01-11 20:44:51 - [TEST_STEP][PASSED] - setText(findTestObject("Object Repository/Page_Announcements/input_Subject_subject"), "Testing image"): Text 'Testing image' is set on object 'Object Repository/Page_Announcements/input_Subject_subject'

2022-01-11 20:44:52 - [MESSAGE][PASSED] - Text 'Testing image' is set on object 'Object Repository/Page_Announcements/input_Subject_subject'

2022-01-11 20:44:52 - [TEST_STEP][PASSED] - click(findTestObject("Object Repository/Page_Announcements/i_Message_icon fa fa-picture-o fa-fw")): Object: 'Object Repository/Page_Announcements/i_Message_icon fa fa-picture-o fa-fw' is clicked on

2022-01-11 20:44:52 - [MESSAGE][PASSED] - Object: 'Object Repository/Page_Announcements/i_Message_icon fa fa-picture-o fa-fw' is clicked on

2022-01-11 20:44:52 - [TEST_STEP][PASSED] - click(findTestObject("Object Repository/Page_Announcements/button_Browse repositories")): Object: 'Object Repository/Page_Announcements/button_Browse repositories' is clicked on

2022-01-11 20:44:53 - [MESSAGE][PASSED] - Object: 'Object Repository/Page_Announcements/button_Browse repositories' is clicked on

2022-01-11 20:44:53 - [TEST_STEP][PASSED] - click(findTestObject("Object Repository/Page_Announcements/a_csv")): Object: 'Object Repository/Page_Announcements/a_csv' is clicked on

2022-01-11 20:44:53 - [MESSAGE][PASSED] - Object: 'Object Repository/Page_Announcements/a_csv' is clicked on

2022-01-11 20:44:53 - [TEST_STEP][PASSED] - click(findTestObject("Object Repository/Page_Announcements/p_image.png")): Object: 'Object Repository/Page_Announcements/p_image.png' is clicked on

2022-01-11 20:44:54 - [MESSAGE][PASSED] - Object: 'Object Repository/Page_Announcements/p_image.png' is clicked on

2022-01-11 20:44:54 - [TEST_STEP][PASSED] - click(findTestObject("Object Repository/Page_Announcements/button_Select this file")): Object: 'Object Repository/Page_Announcements/button_Select this file' is clicked on

2022-01-11 20:44:55 - [MESSAGE][PASSED] - Object: 'Object Repository/Page_Announcements/button_Select this file' is clicked on

2022-01-11 20:44:55 - [TEST_STEP][PASSED] - click(findTestObject("Object Repository/Page_Announcements/input_125_id_message_atto_image_presentation")): Object: 'Object Repository/Page_Announcements/input_125_id_message_atto_image_presentation' is clicked on

2022-01-11 20:44:55 - [MESSAGE][PASSED] - Object: 'Object Repository/Page_Announcements/input_125_id_message_atto_image_presentation' is clicked on

2022-01-11 20:44:55 - [TEST_STEP][PASSED] - click(findTestObject("Object Repository/Page_Announcements/button_Save image")): Object: 'Object Repository/Page_Announcements/button_Save image' is clicked on

2022-01-11 20:44:56 - [MESSAGE][PASSED] - Object: 'Object Repository/Page_Announcements/button_Save image' is clicked on

2022-01-11 20:44:56 - [TEST_STEP][PASSED] - click(findTestObject("Object Repository/Page_Announcements/input_Message_submitbutton")): Object: 'Object Repository/Page_Announcements/input_Message_submitbutton' is clicked on

2022-01-11 20:44:58 - [MESSAGE][PASSED] - Object: 'Object Repository/Page_Announcements/input_Message_submitbutton' is clicked on

2022-01-11 20:44:58 - [TEST_STEP][PASSED] - click(findTestObject("Object Repository/Page_Announcements/p_Your post was successfully added")): Object: 'Object Repository/Page_Announcements/p_Your post was successfully added' is clicked on

2022-01-11 20:44:58 - [MESSAGE][PASSED] - Object: 'Object Repository/Page_Announcements/p_Your post was successfully added' is clicked on]]></system-out>
         <system-err><![CDATA[]]></system-err>
      </testcase>
      <testcase name="Test Cases/Teacher create announcement (video)" time="18.344" classname="Test Cases/Teacher create announcement (video)" status="PASSED">
         <system-out><![CDATA[2022-01-11 20:44:58 - [TEST_CASE][PASSED] - Test Cases/Teacher create announcement (video): Test Cases/Teacher create announcement (video)

2022-01-11 20:44:58 - [TEST_STEP][PASSED] - callTestCase(findTestCase("Login as user (teacher)"), [:], STOP_ON_FAILURE): Call Test Case 'Test Cases/Login as user (teacher)' successfully

2022-01-11 20:44:58 - [TEST_CASE][PASSED] - Test Cases/Login as user (teacher): Test Cases/Login as user (teacher)

2022-01-11 20:44:58 - [TEST_STEP][PASSED] - openBrowser(""): Browser is opened with url: ''

2022-01-11 20:44:58 - [MESSAGE][WARNING] - A browser is already opened. Closing browser and opening a new one

2022-01-11 20:44:59 - [MESSAGE][INFO] - Starting 'Edge Chromium' driver

2022-01-11 20:45:00 - [MESSAGE][INFO] - Action delay is set to 0 milliseconds

2022-01-11 20:45:01 - [MESSAGE][PASSED] - Browser is opened with url: ''

2022-01-11 20:45:01 - [TEST_STEP][PASSED] - navigateToUrl("http://localhost/"): Navigate to 'http://localhost/' successfully

2022-01-11 20:45:02 - [MESSAGE][PASSED] - Navigate to 'http://localhost/' successfully

2022-01-11 20:45:02 - [TEST_STEP][PASSED] - click(findTestObject("Object Repository/Page_My Moodle/a_Log in")): Object: 'Object Repository/Page_My Moodle/a_Log in' is clicked on

2022-01-11 20:45:03 - [MESSAGE][PASSED] - Object: 'Object Repository/Page_My Moodle/a_Log in' is clicked on

2022-01-11 20:45:03 - [TEST_STEP][PASSED] - setText(findTestObject("Object Repository/Page_My Moodle Log in to the site/input_Username_username"), "teacher"): Text 'teacher' is set on object 'Object Repository/Page_My Moodle Log in to the site/input_Username_username'

2022-01-11 20:45:03 - [MESSAGE][PASSED] - Text 'teacher' is set on object 'Object Repository/Page_My Moodle Log in to the site/input_Username_username'

2022-01-11 20:45:03 - [TEST_STEP][PASSED] - setEncryptedText(findTestObject("Object Repository/Page_My Moodle Log in to the site/input_Password_password"), "3fJEwIvstDDnFTEIk7299A=="): Text ****** has been set on object 'Object Repository/Page_My Moodle Log in to the site/input_Password_password'

2022-01-11 20:45:04 - [MESSAGE][PASSED] - Text ****** has been set on object 'Object Repository/Page_My Moodle Log in to the site/input_Password_password'

2022-01-11 20:45:04 - [TEST_STEP][PASSED] - click(findTestObject("Object Repository/Page_My Moodle Log in to the site/button_Log in")): Object: 'Object Repository/Page_My Moodle Log in to the site/button_Log in' is clicked on

2022-01-11 20:45:05 - [MESSAGE][PASSED] - Object: 'Object Repository/Page_My Moodle Log in to the site/button_Log in' is clicked on

2022-01-11 20:45:05 - [MESSAGE][PASSED] - Call Test Case 'Test Cases/Login as user (teacher)' successfully

2022-01-11 20:45:05 - [TEST_STEP][PASSED] - click(findTestObject("Object Repository/Page_Dashboard/a_Site home")): Object: 'Object Repository/Page_Dashboard/a_Site home' is clicked on

2022-01-11 20:45:07 - [MESSAGE][PASSED] - Object: 'Object Repository/Page_Dashboard/a_Site home' is clicked on

2022-01-11 20:45:07 - [TEST_STEP][PASSED] - navigateToUrl("http://localhost/?redirect=0"): Navigate to 'http://localhost/?redirect=0' successfully

2022-01-11 20:45:07 - [MESSAGE][PASSED] - Navigate to 'http://localhost/?redirect=0' successfully

2022-01-11 20:45:07 - [TEST_STEP][PASSED] - click(findTestObject("Object Repository/Page_My Moodle/a_Phn tch v qun l yu cu phn mm")): Object: 'Object Repository/Page_My Moodle/a_Phn tch v qun l yu cu phn mm' is clicked on

2022-01-11 20:45:08 - [MESSAGE][PASSED] - Object: 'Object Repository/Page_My Moodle/a_Phn tch v qun l yu cu phn mm' is clicked on

2022-01-11 20:45:08 - [TEST_STEP][PASSED] - click(findTestObject("Object Repository/Page_Course Phn tch v qun l yu cu phn mm/span_Announcements Forum")): Object: 'Object Repository/Page_Course Phn tch v qun l yu cu phn mm/span_Announcements Forum' is clicked on

2022-01-11 20:45:09 - [MESSAGE][PASSED] - Object: 'Object Repository/Page_Course Phn tch v qun l yu cu phn mm/span_Announcements Forum' is clicked on

2022-01-11 20:45:09 - [TEST_STEP][PASSED] - click(findTestObject("Object Repository/Page_Announcements/a_Add a new topic")): Object: 'Object Repository/Page_Announcements/a_Add a new topic' is clicked on

2022-01-11 20:45:10 - [MESSAGE][PASSED] - Object: 'Object Repository/Page_Announcements/a_Add a new topic' is clicked on

2022-01-11 20:45:10 - [TEST_STEP][PASSED] - click(findTestObject("Object Repository/Page_Announcements/i_Message_icon fa fa-file-video-o fa-fw")): Object: 'Object Repository/Page_Announcements/i_Message_icon fa fa-file-video-o fa-fw' is clicked on

2022-01-11 20:45:10 - [MESSAGE][PASSED] - Object: 'Object Repository/Page_Announcements/i_Message_icon fa fa-file-video-o fa-fw' is clicked on

2022-01-11 20:45:10 - [TEST_STEP][PASSED] - click(findTestObject("Object Repository/Page_Announcements/button_Browse repositories")): Object: 'Object Repository/Page_Announcements/button_Browse repositories' is clicked on

2022-01-11 20:45:11 - [MESSAGE][PASSED] - Object: 'Object Repository/Page_Announcements/button_Browse repositories' is clicked on

2022-01-11 20:45:11 - [TEST_STEP][PASSED] - click(findTestObject("Object Repository/Page_Announcements/a_csv")): Object: 'Object Repository/Page_Announcements/a_csv' is clicked on

2022-01-11 20:45:12 - [MESSAGE][PASSED] - Object: 'Object Repository/Page_Announcements/a_csv' is clicked on

2022-01-11 20:45:12 - [TEST_STEP][PASSED] - click(findTestObject("Object Repository/Page_Announcements/div_Search repository_yui_3_17_2_1_16416081_a9d5b1")): Object: 'Object Repository/Page_Announcements/div_Search repository_yui_3_17_2_1_16416081_a9d5b1' is clicked on

2022-01-11 20:45:13 - [MESSAGE][PASSED] - Object: 'Object Repository/Page_Announcements/div_Search repository_yui_3_17_2_1_16416081_a9d5b1' is clicked on

2022-01-11 20:45:13 - [TEST_STEP][PASSED] - click(findTestObject("Object Repository/Page_Announcements/button_Select this file")): Object: 'Object Repository/Page_Announcements/button_Select this file' is clicked on

2022-01-11 20:45:13 - [MESSAGE][PASSED] - Object: 'Object Repository/Page_Announcements/button_Select this file' is clicked on

2022-01-11 20:45:13 - [TEST_STEP][PASSED] - click(findTestObject("Object Repository/Page_Announcements/button_Insert media")): Object: 'Object Repository/Page_Announcements/button_Insert media' is clicked on

2022-01-11 20:45:14 - [MESSAGE][PASSED] - Object: 'Object Repository/Page_Announcements/button_Insert media' is clicked on

2022-01-11 20:45:14 - [TEST_STEP][PASSED] - setText(findTestObject("Object Repository/Page_Announcements/input_Subject_subject"), "Video testing"): Text 'Video testing' is set on object 'Object Repository/Page_Announcements/input_Subject_subject'

2022-01-11 20:45:15 - [MESSAGE][PASSED] - Text 'Video testing' is set on object 'Object Repository/Page_Announcements/input_Subject_subject'

2022-01-11 20:45:15 - [TEST_STEP][PASSED] - click(findTestObject("Object Repository/Page_Announcements/input_file_example_MP4_480_1_5MG.mp4_submitbutton")): Object: 'Object Repository/Page_Announcements/input_file_example_MP4_480_1_5MG.mp4_submitbutton' is clicked on

2022-01-11 20:45:16 - [MESSAGE][PASSED] - Object: 'Object Repository/Page_Announcements/input_file_example_MP4_480_1_5MG.mp4_submitbutton' is clicked on

2022-01-11 20:45:16 - [TEST_STEP][PASSED] - click(findTestObject("Object Repository/Page_Announcements/p_Your post was successfully added")): Object: 'Object Repository/Page_Announcements/p_Your post was successfully added' is clicked on

2022-01-11 20:45:16 - [MESSAGE][PASSED] - Object: 'Object Repository/Page_Announcements/p_Your post was successfully added' is clicked on]]></system-out>
         <system-err><![CDATA[]]></system-err>
      </testcase>
      <testcase name="Test Cases/Teacher create assignment" time="59.33" classname="Test Cases/Teacher create assignment" status="PASSED">
         <system-out><![CDATA[2022-01-11 20:45:16 - [TEST_CASE][PASSED] - Test Cases/Teacher create assignment: Test Cases/Teacher create assignment

2022-01-11 20:45:17 - [TEST_STEP][PASSED] - callTestCase(findTestCase("Login as user (teacher)"), [:], STOP_ON_FAILURE): Call Test Case 'Test Cases/Login as user (teacher)' successfully

2022-01-11 20:45:17 - [TEST_CASE][PASSED] - Test Cases/Login as user (teacher): Test Cases/Login as user (teacher)

2022-01-11 20:45:17 - [TEST_STEP][PASSED] - openBrowser(""): Browser is opened with url: ''

2022-01-11 20:45:17 - [MESSAGE][WARNING] - A browser is already opened. Closing browser and opening a new one

2022-01-11 20:45:18 - [MESSAGE][INFO] - Starting 'Edge Chromium' driver

2022-01-11 20:45:18 - [MESSAGE][INFO] - Action delay is set to 0 milliseconds

2022-01-11 20:45:20 - [MESSAGE][PASSED] - Browser is opened with url: ''

2022-01-11 20:45:20 - [TEST_STEP][PASSED] - navigateToUrl("http://localhost/"): Navigate to 'http://localhost/' successfully

2022-01-11 20:45:20 - [MESSAGE][PASSED] - Navigate to 'http://localhost/' successfully

2022-01-11 20:45:20 - [TEST_STEP][PASSED] - click(findTestObject("Object Repository/Page_My Moodle/a_Log in")): Object: 'Object Repository/Page_My Moodle/a_Log in' is clicked on

2022-01-11 20:45:21 - [MESSAGE][PASSED] - Object: 'Object Repository/Page_My Moodle/a_Log in' is clicked on

2022-01-11 20:45:21 - [TEST_STEP][PASSED] - setText(findTestObject("Object Repository/Page_My Moodle Log in to the site/input_Username_username"), "teacher"): Text 'teacher' is set on object 'Object Repository/Page_My Moodle Log in to the site/input_Username_username'

2022-01-11 20:45:22 - [MESSAGE][PASSED] - Text 'teacher' is set on object 'Object Repository/Page_My Moodle Log in to the site/input_Username_username'

2022-01-11 20:45:22 - [TEST_STEP][PASSED] - setEncryptedText(findTestObject("Object Repository/Page_My Moodle Log in to the site/input_Password_password"), "3fJEwIvstDDnFTEIk7299A=="): Text ****** has been set on object 'Object Repository/Page_My Moodle Log in to the site/input_Password_password'

2022-01-11 20:45:22 - [MESSAGE][PASSED] - Text ****** has been set on object 'Object Repository/Page_My Moodle Log in to the site/input_Password_password'

2022-01-11 20:45:22 - [TEST_STEP][PASSED] - click(findTestObject("Object Repository/Page_My Moodle Log in to the site/button_Log in")): Object: 'Object Repository/Page_My Moodle Log in to the site/button_Log in' is clicked on

2022-01-11 20:45:23 - [MESSAGE][PASSED] - Object: 'Object Repository/Page_My Moodle Log in to the site/button_Log in' is clicked on

2022-01-11 20:45:23 - [MESSAGE][PASSED] - Call Test Case 'Test Cases/Login as user (teacher)' successfully

2022-01-11 20:45:23 - [TEST_STEP][PASSED] - click(findTestObject("Object Repository/Page_Dashboard/a_Site home")): Object: 'Object Repository/Page_Dashboard/a_Site home' is clicked on

2022-01-11 20:45:25 - [MESSAGE][PASSED] - Object: 'Object Repository/Page_Dashboard/a_Site home' is clicked on

2022-01-11 20:45:25 - [TEST_STEP][PASSED] - navigateToUrl("http://localhost/?redirect=0"): Navigate to 'http://localhost/?redirect=0' successfully

2022-01-11 20:45:26 - [MESSAGE][PASSED] - Navigate to 'http://localhost/?redirect=0' successfully

2022-01-11 20:45:26 - [TEST_STEP][PASSED] - click(findTestObject("Object Repository/Page_My Moodle/a_Phn tch v qun l yu cu phn mm")): Object: 'Object Repository/Page_My Moodle/a_Phn tch v qun l yu cu phn mm' is clicked on

2022-01-11 20:45:26 - [MESSAGE][PASSED] - Object: 'Object Repository/Page_My Moodle/a_Phn tch v qun l yu cu phn mm' is clicked on

2022-01-11 20:45:26 - [TEST_STEP][PASSED] - click(findTestObject("Page_Course Phn tch v qun l yu cu phn mm/button_End tour"), OPTIONAL): Unable to click on object 'Object Repository/Page_Course Phn tch v qun l yu cu phn mm/button_End tour' (Root cause: com.kms.katalon.core.exception.StepFailedException: Unable to click on object 'Object Repository/Page_Course Phn tch v qun l yu cu phn mm/button_End tour'
	at com.kms.katalon.core.webui.keyword.internal.WebUIKeywordMain.stepFailed(WebUIKeywordMain.groovy:64)
	at com.kms.katalon.core.webui.keyword.internal.WebUIKeywordMain.runKeyword(WebUIKeywordMain.groovy:26)
	at com.kms.katalon.core.webui.keyword.builtin.ClickKeyword.click(ClickKeyword.groovy:74)
	at com.kms.katalon.core.webui.keyword.builtin.ClickKeyword.execute(ClickKeyword.groovy:40)
	at com.kms.katalon.core.keyword.internal.KeywordExecutor.executeKeywordForPlatform(KeywordExecutor.groovy:74)
	at com.kms.katalon.core.webui.keyword.WebUiBuiltInKeywords.click(WebUiBuiltInKeywords.groovy:608)
	at com.kms.katalon.core.webui.keyword.WebUiBuiltInKeywords$click$7.call(Unknown Source)
	at Teacher create assignment.run(Teacher create assignment:28)
	at com.kms.katalon.core.main.ScriptEngine.run(ScriptEngine.java:194)
	at com.kms.katalon.core.main.ScriptEngine.runScriptAsRawText(ScriptEngine.java:119)
	at com.kms.katalon.core.main.TestCaseExecutor.runScript(TestCaseExecutor.java:442)
	at com.kms.katalon.core.main.TestCaseExecutor.doExecute(TestCaseExecutor.java:433)
	at com.kms.katalon.core.main.TestCaseExecutor.processExecutionPhase(TestCaseExecutor.java:412)
	at com.kms.katalon.core.main.TestCaseExecutor.accessMainPhase(TestCaseExecutor.java:404)
	at com.kms.katalon.core.main.TestCaseExecutor.execute(TestCaseExecutor.java:281)
	at com.kms.katalon.core.main.TestSuiteExecutor.accessTestCaseMainPhase(TestSuiteExecutor.java:202)
	at com.kms.katalon.core.main.TestSuiteExecutor.accessTestSuiteMainPhase(TestSuiteExecutor.java:164)
	at com.kms.katalon.core.main.TestSuiteExecutor.execute(TestSuiteExecutor.java:105)
	at com.kms.katalon.core.main.TestCaseMain.startTestSuite(TestCaseMain.java:181)
	at com.kms.katalon.core.main.TestCaseMain$startTestSuite$0.call(Unknown Source)
	at TempTestSuite1641908093334.run(TempTestSuite1641908093334.groovy:36)
Caused by: com.kms.katalon.core.webui.exception.WebElementNotFoundException: Web element with id: 'Object Repository/Page_Course Phn tch v qun l yu cu phn mm/button_End tour' located by '(.//*[normalize-space(text()) and normalize-space(.)='Next'])[1]/following::button[1]' not found
	at com.kms.katalon.core.webui.common.WebUiCommonHelper.findWebElement(WebUiCommonHelper.java:1368)
	at com.kms.katalon.core.webui.keyword.internal.WebUIAbstractKeyword.findWebElement(WebUIAbstractKeyword.groovy:27)
	at com.kms.katalon.core.webui.keyword.builtin.ClickKeyword$_click_closure1.doCall(ClickKeyword.groovy:65)
	at com.kms.katalon.core.webui.keyword.builtin.ClickKeyword$_click_closure1.call(ClickKeyword.groovy)
	at com.kms.katalon.core.webui.keyword.internal.WebUIKeywordMain.runKeyword(WebUIKeywordMain.groovy:20)
	at com.kms.katalon.core.webui.keyword.builtin.ClickKeyword.click(ClickKeyword.groovy:74)
	at com.kms.katalon.core.webui.keyword.builtin.ClickKeyword.execute(ClickKeyword.groovy:40)
	at com.kms.katalon.core.keyword.internal.KeywordExecutor.executeKeywordForPlatform(KeywordExecutor.groovy:74)
	at com.kms.katalon.core.webui.keyword.WebUiBuiltInKeywords.click(WebUiBuiltInKeywords.groovy:608)
	at com.kms.katalon.core.webui.keyword.WebUiBuiltInKeywords$click$7.call(Unknown Source)
	at Script1641610973707.run(Script1641610973707.groovy:28)
	... 13 more
)

2022-01-11 20:45:58 - [MESSAGE][INFO] - Unable to find the element located by 'By.xpath: (.//*[normalize-space(text()) and normalize-space(.)='Next'])[1]/following::button[1]'. Please recheck the objects properties to make sure the desired element is located. 

2022-01-11 20:45:58 - [MESSAGE][WARNING] - [SELF-HEALING] Failed to find element with id 'Object Repository/Page_Course Phn tch v qun l yu cu phn mm/button_End tour'. Try using Self-healing.

2022-01-11 20:45:58 - [MESSAGE][INFO] - [SELF-HEALING] Failed Locator: '//span[@id='tour-step-tool_usertours_8_2_1620109487-0']/div/div/div[4]/button[3]'.

2022-01-11 20:45:58 - [MESSAGE][INFO] - [SELF-HEALING] Failed Locator: '(.//*[normalize-space(text()) and normalize-space(.)='Next'])[1]/following::button[1]'.

2022-01-11 20:45:58 - [MESSAGE][INFO] - [SELF-HEALING] Failed Locator: '(.//*[normalize-space(text()) and normalize-space(.)='Previous'])[1]/following::button[2]'.

2022-01-11 20:45:59 - [MESSAGE][INFO] - [SELF-HEALING] Failed Locator: '//*/text()[normalize-space(.)='End tour']/parent::*'.

2022-01-11 20:45:59 - [MESSAGE][INFO] - [SELF-HEALING] Failed Locator: '//div[4]/button[3]'.

2022-01-11 20:45:59 - [MESSAGE][INFO] - [SELF-HEALING] Failed Locator: '//span[@id='tour-step-tool_usertours_6_1_1620109487-0']/div/div/div[4]/button[3]'.

2022-01-11 20:46:00 - [MESSAGE][INFO] - Unable to find the element located by 'By.xpath: //*[(text() = ' End tour ' or . = ' End tour ')]'. Please recheck the objects properties to make sure the desired element is located. 

2022-01-11 20:46:01 - [MESSAGE][INFO] - Unable to find the element located by 'By.cssSelector: '. Please recheck the objects properties to make sure the desired element is located. 

2022-01-11 20:46:01 - [MESSAGE][WARNING] - Unable to click on object 'Object Repository/Page_Course Phn tch v qun l yu cu phn mm/button_End tour' (Root cause: com.kms.katalon.core.exception.StepFailedException: Unable to click on object 'Object Repository/Page_Course Phn tch v qun l yu cu phn mm/button_End tour'
	at com.kms.katalon.core.webui.keyword.internal.WebUIKeywordMain.stepFailed(WebUIKeywordMain.groovy:64)
	at com.kms.katalon.core.webui.keyword.internal.WebUIKeywordMain.runKeyword(WebUIKeywordMain.groovy:26)
	at com.kms.katalon.core.webui.keyword.builtin.ClickKeyword.click(ClickKeyword.groovy:74)
	at com.kms.katalon.core.webui.keyword.builtin.ClickKeyword.execute(ClickKeyword.groovy:40)
	at com.kms.katalon.core.keyword.internal.KeywordExecutor.executeKeywordForPlatform(KeywordExecutor.groovy:74)
	at com.kms.katalon.core.webui.keyword.WebUiBuiltInKeywords.click(WebUiBuiltInKeywords.groovy:608)
	at com.kms.katalon.core.webui.keyword.WebUiBuiltInKeywords$click$7.call(Unknown Source)
	at Teacher create assignment.run(Teacher create assignment:28)
	at com.kms.katalon.core.main.ScriptEngine.run(ScriptEngine.java:194)
	at com.kms.katalon.core.main.ScriptEngine.runScriptAsRawText(ScriptEngine.java:119)
	at com.kms.katalon.core.main.TestCaseExecutor.runScript(TestCaseExecutor.java:442)
	at com.kms.katalon.core.main.TestCaseExecutor.doExecute(TestCaseExecutor.java:433)
	at com.kms.katalon.core.main.TestCaseExecutor.processExecutionPhase(TestCaseExecutor.java:412)
	at com.kms.katalon.core.main.TestCaseExecutor.accessMainPhase(TestCaseExecutor.java:404)
	at com.kms.katalon.core.main.TestCaseExecutor.execute(TestCaseExecutor.java:281)
	at com.kms.katalon.core.main.TestSuiteExecutor.accessTestCaseMainPhase(TestSuiteExecutor.java:202)
	at com.kms.katalon.core.main.TestSuiteExecutor.accessTestSuiteMainPhase(TestSuiteExecutor.java:164)
	at com.kms.katalon.core.main.TestSuiteExecutor.execute(TestSuiteExecutor.java:105)
	at com.kms.katalon.core.main.TestCaseMain.startTestSuite(TestCaseMain.java:181)
	at com.kms.katalon.core.main.TestCaseMain$startTestSuite$0.call(Unknown Source)
	at TempTestSuite1641908093334.run(TempTestSuite1641908093334.groovy:36)
Caused by: com.kms.katalon.core.webui.exception.WebElementNotFoundException: Web element with id: 'Object Repository/Page_Course Phn tch v qun l yu cu phn mm/button_End tour' located by '(.//*[normalize-space(text()) and normalize-space(.)='Next'])[1]/following::button[1]' not found
	at com.kms.katalon.core.webui.common.WebUiCommonHelper.findWebElement(WebUiCommonHelper.java:1368)
	at com.kms.katalon.core.webui.keyword.internal.WebUIAbstractKeyword.findWebElement(WebUIAbstractKeyword.groovy:27)
	at com.kms.katalon.core.webui.keyword.builtin.ClickKeyword$_click_closure1.doCall(ClickKeyword.groovy:65)
	at com.kms.katalon.core.webui.keyword.builtin.ClickKeyword$_click_closure1.call(ClickKeyword.groovy)
	at com.kms.katalon.core.webui.keyword.internal.WebUIKeywordMain.runKeyword(WebUIKeywordMain.groovy:20)
	at com.kms.katalon.core.webui.keyword.builtin.ClickKeyword.click(ClickKeyword.groovy:74)
	at com.kms.katalon.core.webui.keyword.builtin.ClickKeyword.execute(ClickKeyword.groovy:40)
	at com.kms.katalon.core.keyword.internal.KeywordExecutor.executeKeywordForPlatform(KeywordExecutor.groovy:74)
	at com.kms.katalon.core.webui.keyword.WebUiBuiltInKeywords.click(WebUiBuiltInKeywords.groovy:608)
	at com.kms.katalon.core.webui.keyword.WebUiBuiltInKeywords$click$7.call(Unknown Source)
	at Script1641610973707.run(Script1641610973707.groovy:28)
	... 13 more
)
[[ATTACHMENT|D:\\Test-Automation---SE-Bonus\\Reports\\20220111_203453\\Run all test cases\\20220111_203453\\1641908761825.png]]

2022-01-11 20:46:01 - [TEST_STEP][PASSED] - click(findTestObject("Page_Course Thit k phn mm/button_Turn editing on")): Object: 'Object Repository/Page_Course Thit k phn mm/button_Turn editing on' is clicked on

2022-01-11 20:46:02 - [MESSAGE][PASSED] - Object: 'Object Repository/Page_Course Thit k phn mm/button_Turn editing on' is clicked on

2022-01-11 20:46:02 - [TEST_STEP][PASSED] - click(findTestObject("Object Repository/Page_Course Phn tch v qun l yu cu phn mm/span_Add an activity or resource")): Object: 'Object Repository/Page_Course Phn tch v qun l yu cu phn mm/span_Add an activity or resource' is clicked on

2022-01-11 20:46:03 - [MESSAGE][PASSED] - Object: 'Object Repository/Page_Course Phn tch v qun l yu cu phn mm/span_Add an activity or resource' is clicked on

2022-01-11 20:46:03 - [TEST_STEP][PASSED] - click(findTestObject("Page_Course Thit k phn mm/a_Assignment")): Object: 'Object Repository/Page_Course Thit k phn mm/a_Assignment' is clicked on

2022-01-11 20:46:07 - [MESSAGE][PASSED] - Object: 'Object Repository/Page_Course Thit k phn mm/a_Assignment' is clicked on

2022-01-11 20:46:07 - [TEST_STEP][PASSED] - setText(findTestObject("Object Repository/Page_Editing Assignment/input_Assignment name_name"), "Assignment #1"): Text 'Assignment #1' is set on object 'Object Repository/Page_Editing Assignment/input_Assignment name_name'

2022-01-11 20:46:09 - [MESSAGE][PASSED] - Text 'Assignment #1' is set on object 'Object Repository/Page_Editing Assignment/input_Assignment name_name'

2022-01-11 20:46:09 - [TEST_STEP][PASSED] - click(findTestObject("Object Repository/Page_Editing Assignment/input_Upon activity completion_submitbutton2")): Object: 'Object Repository/Page_Editing Assignment/input_Upon activity completion_submitbutton2' is clicked on

2022-01-11 20:46:10 - [MESSAGE][PASSED] - Object: 'Object Repository/Page_Editing Assignment/input_Upon activity completion_submitbutton2' is clicked on

2022-01-11 20:46:10 - [TEST_STEP][PASSED] - click(findTestObject("Page_Course Phn tch v qun l yu cu phn mm/button_End tour"), OPTIONAL): Object: 'Object Repository/Page_Course Phn tch v qun l yu cu phn mm/button_End tour' is clicked on

2022-01-11 20:46:12 - [MESSAGE][PASSED] - Object: 'Object Repository/Page_Course Phn tch v qun l yu cu phn mm/button_End tour' is clicked on

2022-01-11 20:46:12 - [TEST_STEP][PASSED] - click(findTestObject("Object Repository/Page_Course Phn tch v qun l yu cu phn mm/a_Trong Le")): Object: 'Object Repository/Page_Course Phn tch v qun l yu cu phn mm/a_Trong Le' is clicked on

2022-01-11 20:46:13 - [MESSAGE][PASSED] - Object: 'Object Repository/Page_Course Phn tch v qun l yu cu phn mm/a_Trong Le' is clicked on

2022-01-11 20:46:13 - [TEST_STEP][PASSED] - click(findTestObject("Object Repository/Page_Course Phn tch v qun l yu cu phn mm/span_Switch role to")): Object: 'Object Repository/Page_Course Phn tch v qun l yu cu phn mm/span_Switch role to' is clicked on

2022-01-11 20:46:14 - [MESSAGE][PASSED] - Object: 'Object Repository/Page_Course Phn tch v qun l yu cu phn mm/span_Switch role to' is clicked on

2022-01-11 20:46:14 - [TEST_STEP][PASSED] - click(findTestObject("Object Repository/Page_Switch role to/button_Student")): Object: 'Object Repository/Page_Switch role to/button_Student' is clicked on

2022-01-11 20:46:15 - [MESSAGE][PASSED] - Object: 'Object Repository/Page_Switch role to/button_Student' is clicked on

2022-01-11 20:46:15 - [TEST_STEP][PASSED] - click(findTestObject("Object Repository/Page_Course Phn tch v qun l yu cu phn mm/span_Assignment 1")): Object: 'Object Repository/Page_Course Phn tch v qun l yu cu phn mm/span_Assignment 1' is clicked on

2022-01-11 20:46:16 - [MESSAGE][PASSED] - Object: 'Object Repository/Page_Course Phn tch v qun l yu cu phn mm/span_Assignment 1' is clicked on]]></system-out>
         <system-err><![CDATA[]]></system-err>
      </testcase>
      <testcase name="Test Cases/Teacher create assignment ( with file attached )" time="51.819" classname="Test Cases/Teacher create assignment ( with file attached )" status="FAILED">
         <failure type="FAILED" message="Test Cases/Teacher create assignment ( with file attached ) FAILED.
Reason:
com.kms.katalon.core.exception.StepFailedException: Unable to click on object 'Object Repository/Page_Editing Assignment/a_- drag and drop not supported_yui_3_17_2__950dc8'
	at com.kms.katalon.core.webui.keyword.internal.WebUIKeywordMain.stepFailed(WebUIKeywordMain.groovy:64)
	at com.kms.katalon.core.webui.keyword.internal.WebUIKeywordMain.runKeyword(WebUIKeywordMain.groovy:26)
	at com.kms.katalon.core.webui.keyword.builtin.ClickKeyword.click(ClickKeyword.groovy:74)
	at com.kms.katalon.core.webui.keyword.builtin.ClickKeyword.execute(ClickKeyword.groovy:40)
	at com.kms.katalon.core.keyword.internal.KeywordExecutor.executeKeywordForPlatform(KeywordExecutor.groovy:74)
	at com.kms.katalon.core.webui.keyword.WebUiBuiltInKeywords.click(WebUiBuiltInKeywords.groovy:620)
	at com.kms.katalon.core.webui.keyword.WebUiBuiltInKeywords$click$1.call(Unknown Source)
	at Teacher create assignment ( with file attached ).run(Teacher create assignment ( with file attached ):38)
	at com.kms.katalon.core.main.ScriptEngine.run(ScriptEngine.java:194)
	at com.kms.katalon.core.main.ScriptEngine.runScriptAsRawText(ScriptEngine.java:119)
	at com.kms.katalon.core.main.TestCaseExecutor.runScript(TestCaseExecutor.java:442)
	at com.kms.katalon.core.main.TestCaseExecutor.doExecute(TestCaseExecutor.java:433)
	at com.kms.katalon.core.main.TestCaseExecutor.processExecutionPhase(TestCaseExecutor.java:412)
	at com.kms.katalon.core.main.TestCaseExecutor.accessMainPhase(TestCaseExecutor.java:404)
	at com.kms.katalon.core.main.TestCaseExecutor.execute(TestCaseExecutor.java:281)
	at com.kms.katalon.core.main.TestSuiteExecutor.accessTestCaseMainPhase(TestSuiteExecutor.java:202)
	at com.kms.katalon.core.main.TestSuiteExecutor.accessTestSuiteMainPhase(TestSuiteExecutor.java:164)
	at com.kms.katalon.core.main.TestSuiteExecutor.execute(TestSuiteExecutor.java:105)
	at com.kms.katalon.core.main.TestCaseMain.startTestSuite(TestCaseMain.java:181)
	at com.kms.katalon.core.main.TestCaseMain$startTestSuite$0.call(Unknown Source)
	at TempTestSuite1641908093334.run(TempTestSuite1641908093334.groovy:36)
Caused by: org.openqa.selenium.ElementNotInteractableException: element not interactable
  (Session info: MicrosoftEdge=97.0.1072.55)
Build info: version: '3.141.59', revision: 'e82be7d358', time: '2018-11-14T08:25:53'
System info: host: 'DESKTOP-8IHK86T', ip: '192.168.1.173', os.name: 'Windows 10', os.arch: 'amd64', os.version: '10.0', java.version: '1.8.0_282'
Driver info: com.kms.katalon.selenium.driver.CEdgeDriver
Capabilities {acceptInsecureCerts: false, browserName: msedge, browserVersion: 97.0.1072.55, javascriptEnabled: true, ms:edgeOptions: {debuggerAddress: localhost:50353}, msedge: {msedgedriverVersion: 97.0.1072.55 (ce3bf33648805..., userDataDir: C:\Users\THANHD~1\AppData\L...}, networkConnectionEnabled: false, pageLoadStrategy: normal, platform: WINDOWS, platformName: WINDOWS, proxy: Proxy(), setWindowRect: true, strictFileInteractability: false, timeouts: {implicit: 0, pageLoad: 300000, script: 30000}, unhandledPromptBehavior: dismiss and notify, webauthn:extension:credBlob: true, webauthn:extension:largeBlob: true, webauthn:virtualAuthenticators: true}
Session ID: 9fc5e8f7df0c0693323a57c1eb5a280d
	at org.openqa.selenium.remote.http.W3CHttpResponseCodec.createException(W3CHttpResponseCodec.java:187)
	at org.openqa.selenium.remote.http.W3CHttpResponseCodec.decode(W3CHttpResponseCodec.java:122)
	at org.openqa.selenium.remote.http.W3CHttpResponseCodec.decode(W3CHttpResponseCodec.java:49)
	at org.openqa.selenium.remote.HttpCommandExecutor.execute(HttpCommandExecutor.java:158)
	at org.openqa.selenium.remote.service.DriverCommandExecutor.execute(DriverCommandExecutor.java:83)
	at org.openqa.selenium.remote.RemoteWebDriver.execute(RemoteWebDriver.java:552)
	at com.kms.katalon.selenium.driver.CEdgeDriver.execute(CEdgeDriver.java:20)
	at org.openqa.selenium.remote.RemoteWebElement.execute(RemoteWebElement.java:285)
	at org.openqa.selenium.remote.RemoteWebElement.click(RemoteWebElement.java:84)
	at org.openqa.selenium.support.events.EventFiringWebDriver$EventFiringWebElement.lambda$new$0(EventFiringWebDriver.java:404)
	at com.sun.proxy.$Proxy11.click(Unknown Source)
	at org.openqa.selenium.support.events.EventFiringWebDriver$EventFiringWebElement.click(EventFiringWebDriver.java:417)
	at org.openqa.selenium.WebElement$click.call(Unknown Source)
	at com.kms.katalon.core.webui.keyword.builtin.ClickKeyword.clickUntilSuccessWithTimeout(ClickKeyword.groovy:81)
	at com.kms.katalon.core.webui.keyword.builtin.ClickKeyword.clickUntilSuccessWithTimeout(ClickKeyword.groovy)
	at com.kms.katalon.core.webui.keyword.builtin.ClickKeyword$_click_closure1.doCall(ClickKeyword.groovy:67)
	at com.kms.katalon.core.webui.keyword.builtin.ClickKeyword$_click_closure1.call(ClickKeyword.groovy)
	at com.kms.katalon.core.webui.keyword.internal.WebUIKeywordMain.runKeyword(WebUIKeywordMain.groovy:20)
	... 19 more
"/>
         <system-out><![CDATA[2022-01-11 20:46:16 - [TEST_CASE][FAILED] - Test Cases/Teacher create assignment ( with file attached ): Test Cases/Teacher create assignment ( with file attached ) FAILED.
Reason:
com.kms.katalon.core.exception.StepFailedException: Unable to click on object 'Object Repository/Page_Editing Assignment/a_- drag and drop not supported_yui_3_17_2__950dc8'
	at com.kms.katalon.core.webui.keyword.internal.WebUIKeywordMain.stepFailed(WebUIKeywordMain.groovy:64)
	at com.kms.katalon.core.webui.keyword.internal.WebUIKeywordMain.runKeyword(WebUIKeywordMain.groovy:26)
	at com.kms.katalon.core.webui.keyword.builtin.ClickKeyword.click(ClickKeyword.groovy:74)
	at com.kms.katalon.core.webui.keyword.builtin.ClickKeyword.execute(ClickKeyword.groovy:40)
	at com.kms.katalon.core.keyword.internal.KeywordExecutor.executeKeywordForPlatform(KeywordExecutor.groovy:74)
	at com.kms.katalon.core.webui.keyword.WebUiBuiltInKeywords.click(WebUiBuiltInKeywords.groovy:620)
	at com.kms.katalon.core.webui.keyword.WebUiBuiltInKeywords$click$1.call(Unknown Source)
	at Teacher create assignment ( with file attached ).run(Teacher create assignment ( with file attached ):38)
	at com.kms.katalon.core.main.ScriptEngine.run(ScriptEngine.java:194)
	at com.kms.katalon.core.main.ScriptEngine.runScriptAsRawText(ScriptEngine.java:119)
	at com.kms.katalon.core.main.TestCaseExecutor.runScript(TestCaseExecutor.java:442)
	at com.kms.katalon.core.main.TestCaseExecutor.doExecute(TestCaseExecutor.java:433)
	at com.kms.katalon.core.main.TestCaseExecutor.processExecutionPhase(TestCaseExecutor.java:412)
	at com.kms.katalon.core.main.TestCaseExecutor.accessMainPhase(TestCaseExecutor.java:404)
	at com.kms.katalon.core.main.TestCaseExecutor.execute(TestCaseExecutor.java:281)
	at com.kms.katalon.core.main.TestSuiteExecutor.accessTestCaseMainPhase(TestSuiteExecutor.java:202)
	at com.kms.katalon.core.main.TestSuiteExecutor.accessTestSuiteMainPhase(TestSuiteExecutor.java:164)
	at com.kms.katalon.core.main.TestSuiteExecutor.execute(TestSuiteExecutor.java:105)
	at com.kms.katalon.core.main.TestCaseMain.startTestSuite(TestCaseMain.java:181)
	at com.kms.katalon.core.main.TestCaseMain$startTestSuite$0.call(Unknown Source)
	at TempTestSuite1641908093334.run(TempTestSuite1641908093334.groovy:36)
Caused by: org.openqa.selenium.ElementNotInteractableException: element not interactable
  (Session info: MicrosoftEdge=97.0.1072.55)
Build info: version: '3.141.59', revision: 'e82be7d358', time: '2018-11-14T08:25:53'
System info: host: 'DESKTOP-8IHK86T', ip: '192.168.1.173', os.name: 'Windows 10', os.arch: 'amd64', os.version: '10.0', java.version: '1.8.0_282'
Driver info: com.kms.katalon.selenium.driver.CEdgeDriver
Capabilities {acceptInsecureCerts: false, browserName: msedge, browserVersion: 97.0.1072.55, javascriptEnabled: true, ms:edgeOptions: {debuggerAddress: localhost:50353}, msedge: {msedgedriverVersion: 97.0.1072.55 (ce3bf33648805..., userDataDir: C:\Users\THANHD~1\AppData\L...}, networkConnectionEnabled: false, pageLoadStrategy: normal, platform: WINDOWS, platformName: WINDOWS, proxy: Proxy(), setWindowRect: true, strictFileInteractability: false, timeouts: {implicit: 0, pageLoad: 300000, script: 30000}, unhandledPromptBehavior: dismiss and notify, webauthn:extension:credBlob: true, webauthn:extension:largeBlob: true, webauthn:virtualAuthenticators: true}
Session ID: 9fc5e8f7df0c0693323a57c1eb5a280d
	at org.openqa.selenium.remote.http.W3CHttpResponseCodec.createException(W3CHttpResponseCodec.java:187)
	at org.openqa.selenium.remote.http.W3CHttpResponseCodec.decode(W3CHttpResponseCodec.java:122)
	at org.openqa.selenium.remote.http.W3CHttpResponseCodec.decode(W3CHttpResponseCodec.java:49)
	at org.openqa.selenium.remote.HttpCommandExecutor.execute(HttpCommandExecutor.java:158)
	at org.openqa.selenium.remote.service.DriverCommandExecutor.execute(DriverCommandExecutor.java:83)
	at org.openqa.selenium.remote.RemoteWebDriver.execute(RemoteWebDriver.java:552)
	at com.kms.katalon.selenium.driver.CEdgeDriver.execute(CEdgeDriver.java:20)
	at org.openqa.selenium.remote.RemoteWebElement.execute(RemoteWebElement.java:285)
	at org.openqa.selenium.remote.RemoteWebElement.click(RemoteWebElement.java:84)
	at org.openqa.selenium.support.events.EventFiringWebDriver$EventFiringWebElement.lambda$new$0(EventFiringWebDriver.java:404)
	at com.sun.proxy.$Proxy11.click(Unknown Source)
	at org.openqa.selenium.support.events.EventFiringWebDriver$EventFiringWebElement.click(EventFiringWebDriver.java:417)
	at org.openqa.selenium.WebElement$click.call(Unknown Source)
	at com.kms.katalon.core.webui.keyword.builtin.ClickKeyword.clickUntilSuccessWithTimeout(ClickKeyword.groovy:81)
	at com.kms.katalon.core.webui.keyword.builtin.ClickKeyword.clickUntilSuccessWithTimeout(ClickKeyword.groovy)
	at com.kms.katalon.core.webui.keyword.builtin.ClickKeyword$_click_closure1.doCall(ClickKeyword.groovy:67)
	at com.kms.katalon.core.webui.keyword.builtin.ClickKeyword$_click_closure1.call(ClickKeyword.groovy)
	at com.kms.katalon.core.webui.keyword.internal.WebUIKeywordMain.runKeyword(WebUIKeywordMain.groovy:20)
	... 19 more


2022-01-11 20:46:16 - [TEST_STEP][PASSED] - callTestCase(findTestCase("Login as user (teacher)"), [:], STOP_ON_FAILURE): Call Test Case 'Test Cases/Login as user (teacher)' successfully

2022-01-11 20:46:16 - [TEST_CASE][PASSED] - Test Cases/Login as user (teacher): Test Cases/Login as user (teacher)

2022-01-11 20:46:16 - [TEST_STEP][PASSED] - openBrowser(""): Browser is opened with url: ''

2022-01-11 20:46:16 - [MESSAGE][WARNING] - A browser is already opened. Closing browser and opening a new one

2022-01-11 20:46:17 - [MESSAGE][INFO] - Starting 'Edge Chromium' driver

2022-01-11 20:46:18 - [MESSAGE][INFO] - Action delay is set to 0 milliseconds

2022-01-11 20:46:19 - [MESSAGE][PASSED] - Browser is opened with url: ''

2022-01-11 20:46:19 - [TEST_STEP][PASSED] - navigateToUrl("http://localhost/"): Navigate to 'http://localhost/' successfully

2022-01-11 20:46:20 - [MESSAGE][PASSED] - Navigate to 'http://localhost/' successfully

2022-01-11 20:46:20 - [TEST_STEP][PASSED] - click(findTestObject("Object Repository/Page_My Moodle/a_Log in")): Object: 'Object Repository/Page_My Moodle/a_Log in' is clicked on

2022-01-11 20:46:20 - [MESSAGE][PASSED] - Object: 'Object Repository/Page_My Moodle/a_Log in' is clicked on

2022-01-11 20:46:20 - [TEST_STEP][PASSED] - setText(findTestObject("Object Repository/Page_My Moodle Log in to the site/input_Username_username"), "teacher"): Text 'teacher' is set on object 'Object Repository/Page_My Moodle Log in to the site/input_Username_username'

2022-01-11 20:46:21 - [MESSAGE][PASSED] - Text 'teacher' is set on object 'Object Repository/Page_My Moodle Log in to the site/input_Username_username'

2022-01-11 20:46:21 - [TEST_STEP][PASSED] - setEncryptedText(findTestObject("Object Repository/Page_My Moodle Log in to the site/input_Password_password"), "3fJEwIvstDDnFTEIk7299A=="): Text ****** has been set on object 'Object Repository/Page_My Moodle Log in to the site/input_Password_password'

2022-01-11 20:46:22 - [MESSAGE][PASSED] - Text ****** has been set on object 'Object Repository/Page_My Moodle Log in to the site/input_Password_password'

2022-01-11 20:46:22 - [TEST_STEP][PASSED] - click(findTestObject("Object Repository/Page_My Moodle Log in to the site/button_Log in")): Object: 'Object Repository/Page_My Moodle Log in to the site/button_Log in' is clicked on

2022-01-11 20:46:23 - [MESSAGE][PASSED] - Object: 'Object Repository/Page_My Moodle Log in to the site/button_Log in' is clicked on

2022-01-11 20:46:23 - [MESSAGE][PASSED] - Call Test Case 'Test Cases/Login as user (teacher)' successfully

2022-01-11 20:46:23 - [TEST_STEP][PASSED] - click(findTestObject("Object Repository/Page_Dashboard/span_Site home")): Object: 'Object Repository/Page_Dashboard/span_Site home' is clicked on

2022-01-11 20:46:24 - [MESSAGE][PASSED] - Object: 'Object Repository/Page_Dashboard/span_Site home' is clicked on

2022-01-11 20:46:24 - [TEST_STEP][PASSED] - navigateToUrl("http://localhost/?redirect=0"): Navigate to 'http://localhost/?redirect=0' successfully

2022-01-11 20:46:25 - [MESSAGE][PASSED] - Navigate to 'http://localhost/?redirect=0' successfully

2022-01-11 20:46:25 - [TEST_STEP][PASSED] - click(findTestObject("Object Repository/Page_My Moodle/a_Phn tch v qun l yu cu phn mm")): Object: 'Object Repository/Page_My Moodle/a_Phn tch v qun l yu cu phn mm' is clicked on

2022-01-11 20:46:25 - [MESSAGE][PASSED] - Object: 'Object Repository/Page_My Moodle/a_Phn tch v qun l yu cu phn mm' is clicked on

2022-01-11 20:46:25 - [TEST_STEP][PASSED] - click(findTestObject("Page_Course Phn tch v qun l yu cu phn mm/button_End tour"), OPTIONAL): Unable to click on object 'Object Repository/Page_Course Phn tch v qun l yu cu phn mm/button_End tour' (Root cause: com.kms.katalon.core.exception.StepFailedException: Unable to click on object 'Object Repository/Page_Course Phn tch v qun l yu cu phn mm/button_End tour'
	at com.kms.katalon.core.webui.keyword.internal.WebUIKeywordMain.stepFailed(WebUIKeywordMain.groovy:64)
	at com.kms.katalon.core.webui.keyword.internal.WebUIKeywordMain.runKeyword(WebUIKeywordMain.groovy:26)
	at com.kms.katalon.core.webui.keyword.builtin.ClickKeyword.click(ClickKeyword.groovy:74)
	at com.kms.katalon.core.webui.keyword.builtin.ClickKeyword.execute(ClickKeyword.groovy:40)
	at com.kms.katalon.core.keyword.internal.KeywordExecutor.executeKeywordForPlatform(KeywordExecutor.groovy:74)
	at com.kms.katalon.core.webui.keyword.WebUiBuiltInKeywords.click(WebUiBuiltInKeywords.groovy:608)
	at com.kms.katalon.core.webui.keyword.WebUiBuiltInKeywords$click$7.call(Unknown Source)
	at Teacher create assignment ( with file attached ).run(Teacher create assignment ( with file attached ):28)
	at com.kms.katalon.core.main.ScriptEngine.run(ScriptEngine.java:194)
	at com.kms.katalon.core.main.ScriptEngine.runScriptAsRawText(ScriptEngine.java:119)
	at com.kms.katalon.core.main.TestCaseExecutor.runScript(TestCaseExecutor.java:442)
	at com.kms.katalon.core.main.TestCaseExecutor.doExecute(TestCaseExecutor.java:433)
	at com.kms.katalon.core.main.TestCaseExecutor.processExecutionPhase(TestCaseExecutor.java:412)
	at com.kms.katalon.core.main.TestCaseExecutor.accessMainPhase(TestCaseExecutor.java:404)
	at com.kms.katalon.core.main.TestCaseExecutor.execute(TestCaseExecutor.java:281)
	at com.kms.katalon.core.main.TestSuiteExecutor.accessTestCaseMainPhase(TestSuiteExecutor.java:202)
	at com.kms.katalon.core.main.TestSuiteExecutor.accessTestSuiteMainPhase(TestSuiteExecutor.java:164)
	at com.kms.katalon.core.main.TestSuiteExecutor.execute(TestSuiteExecutor.java:105)
	at com.kms.katalon.core.main.TestCaseMain.startTestSuite(TestCaseMain.java:181)
	at com.kms.katalon.core.main.TestCaseMain$startTestSuite$0.call(Unknown Source)
	at TempTestSuite1641908093334.run(TempTestSuite1641908093334.groovy:36)
Caused by: com.kms.katalon.core.webui.exception.WebElementNotFoundException: Web element with id: 'Object Repository/Page_Course Phn tch v qun l yu cu phn mm/button_End tour' located by '(.//*[normalize-space(text()) and normalize-space(.)='Next'])[1]/following::button[1]' not found
	at com.kms.katalon.core.webui.common.WebUiCommonHelper.findWebElement(WebUiCommonHelper.java:1368)
	at com.kms.katalon.core.webui.keyword.internal.WebUIAbstractKeyword.findWebElement(WebUIAbstractKeyword.groovy:27)
	at com.kms.katalon.core.webui.keyword.builtin.ClickKeyword$_click_closure1.doCall(ClickKeyword.groovy:65)
	at com.kms.katalon.core.webui.keyword.builtin.ClickKeyword$_click_closure1.call(ClickKeyword.groovy)
	at com.kms.katalon.core.webui.keyword.internal.WebUIKeywordMain.runKeyword(WebUIKeywordMain.groovy:20)
	at com.kms.katalon.core.webui.keyword.builtin.ClickKeyword.click(ClickKeyword.groovy:74)
	at com.kms.katalon.core.webui.keyword.builtin.ClickKeyword.execute(ClickKeyword.groovy:40)
	at com.kms.katalon.core.keyword.internal.KeywordExecutor.executeKeywordForPlatform(KeywordExecutor.groovy:74)
	at com.kms.katalon.core.webui.keyword.WebUiBuiltInKeywords.click(WebUiBuiltInKeywords.groovy:608)
	at com.kms.katalon.core.webui.keyword.WebUiBuiltInKeywords$click$7.call(Unknown Source)
	at Script1641611500614.run(Script1641611500614.groovy:28)
	... 13 more
)

2022-01-11 20:46:57 - [MESSAGE][INFO] - Unable to find the element located by 'By.xpath: (.//*[normalize-space(text()) and normalize-space(.)='Next'])[1]/following::button[1]'. Please recheck the objects properties to make sure the desired element is located. 

2022-01-11 20:46:57 - [MESSAGE][WARNING] - [SELF-HEALING] Failed to find element with id 'Object Repository/Page_Course Phn tch v qun l yu cu phn mm/button_End tour'. Try using Self-healing.

2022-01-11 20:46:57 - [MESSAGE][INFO] - [SELF-HEALING] Failed Locator: '//span[@id='tour-step-tool_usertours_8_2_1620109487-0']/div/div/div[4]/button[3]'.

2022-01-11 20:46:57 - [MESSAGE][INFO] - [SELF-HEALING] Failed Locator: '(.//*[normalize-space(text()) and normalize-space(.)='Next'])[1]/following::button[1]'.

2022-01-11 20:46:57 - [MESSAGE][INFO] - [SELF-HEALING] Failed Locator: '(.//*[normalize-space(text()) and normalize-space(.)='Previous'])[1]/following::button[2]'.

2022-01-11 20:46:58 - [MESSAGE][INFO] - [SELF-HEALING] Failed Locator: '//*/text()[normalize-space(.)='End tour']/parent::*'.

2022-01-11 20:46:58 - [MESSAGE][INFO] - [SELF-HEALING] Failed Locator: '//div[4]/button[3]'.

2022-01-11 20:46:58 - [MESSAGE][INFO] - [SELF-HEALING] Failed Locator: '//span[@id='tour-step-tool_usertours_6_1_1620109487-0']/div/div/div[4]/button[3]'.

2022-01-11 20:46:59 - [MESSAGE][INFO] - Unable to find the element located by 'By.xpath: //*[(text() = ' End tour ' or . = ' End tour ')]'. Please recheck the objects properties to make sure the desired element is located. 

2022-01-11 20:47:00 - [MESSAGE][INFO] - Unable to find the element located by 'By.cssSelector: '. Please recheck the objects properties to make sure the desired element is located. 

2022-01-11 20:47:01 - [MESSAGE][WARNING] - Unable to click on object 'Object Repository/Page_Course Phn tch v qun l yu cu phn mm/button_End tour' (Root cause: com.kms.katalon.core.exception.StepFailedException: Unable to click on object 'Object Repository/Page_Course Phn tch v qun l yu cu phn mm/button_End tour'
	at com.kms.katalon.core.webui.keyword.internal.WebUIKeywordMain.stepFailed(WebUIKeywordMain.groovy:64)
	at com.kms.katalon.core.webui.keyword.internal.WebUIKeywordMain.runKeyword(WebUIKeywordMain.groovy:26)
	at com.kms.katalon.core.webui.keyword.builtin.ClickKeyword.click(ClickKeyword.groovy:74)
	at com.kms.katalon.core.webui.keyword.builtin.ClickKeyword.execute(ClickKeyword.groovy:40)
	at com.kms.katalon.core.keyword.internal.KeywordExecutor.executeKeywordForPlatform(KeywordExecutor.groovy:74)
	at com.kms.katalon.core.webui.keyword.WebUiBuiltInKeywords.click(WebUiBuiltInKeywords.groovy:608)
	at com.kms.katalon.core.webui.keyword.WebUiBuiltInKeywords$click$7.call(Unknown Source)
	at Teacher create assignment ( with file attached ).run(Teacher create assignment ( with file attached ):28)
	at com.kms.katalon.core.main.ScriptEngine.run(ScriptEngine.java:194)
	at com.kms.katalon.core.main.ScriptEngine.runScriptAsRawText(ScriptEngine.java:119)
	at com.kms.katalon.core.main.TestCaseExecutor.runScript(TestCaseExecutor.java:442)
	at com.kms.katalon.core.main.TestCaseExecutor.doExecute(TestCaseExecutor.java:433)
	at com.kms.katalon.core.main.TestCaseExecutor.processExecutionPhase(TestCaseExecutor.java:412)
	at com.kms.katalon.core.main.TestCaseExecutor.accessMainPhase(TestCaseExecutor.java:404)
	at com.kms.katalon.core.main.TestCaseExecutor.execute(TestCaseExecutor.java:281)
	at com.kms.katalon.core.main.TestSuiteExecutor.accessTestCaseMainPhase(TestSuiteExecutor.java:202)
	at com.kms.katalon.core.main.TestSuiteExecutor.accessTestSuiteMainPhase(TestSuiteExecutor.java:164)
	at com.kms.katalon.core.main.TestSuiteExecutor.execute(TestSuiteExecutor.java:105)
	at com.kms.katalon.core.main.TestCaseMain.startTestSuite(TestCaseMain.java:181)
	at com.kms.katalon.core.main.TestCaseMain$startTestSuite$0.call(Unknown Source)
	at TempTestSuite1641908093334.run(TempTestSuite1641908093334.groovy:36)
Caused by: com.kms.katalon.core.webui.exception.WebElementNotFoundException: Web element with id: 'Object Repository/Page_Course Phn tch v qun l yu cu phn mm/button_End tour' located by '(.//*[normalize-space(text()) and normalize-space(.)='Next'])[1]/following::button[1]' not found
	at com.kms.katalon.core.webui.common.WebUiCommonHelper.findWebElement(WebUiCommonHelper.java:1368)
	at com.kms.katalon.core.webui.keyword.internal.WebUIAbstractKeyword.findWebElement(WebUIAbstractKeyword.groovy:27)
	at com.kms.katalon.core.webui.keyword.builtin.ClickKeyword$_click_closure1.doCall(ClickKeyword.groovy:65)
	at com.kms.katalon.core.webui.keyword.builtin.ClickKeyword$_click_closure1.call(ClickKeyword.groovy)
	at com.kms.katalon.core.webui.keyword.internal.WebUIKeywordMain.runKeyword(WebUIKeywordMain.groovy:20)
	at com.kms.katalon.core.webui.keyword.builtin.ClickKeyword.click(ClickKeyword.groovy:74)
	at com.kms.katalon.core.webui.keyword.builtin.ClickKeyword.execute(ClickKeyword.groovy:40)
	at com.kms.katalon.core.keyword.internal.KeywordExecutor.executeKeywordForPlatform(KeywordExecutor.groovy:74)
	at com.kms.katalon.core.webui.keyword.WebUiBuiltInKeywords.click(WebUiBuiltInKeywords.groovy:608)
	at com.kms.katalon.core.webui.keyword.WebUiBuiltInKeywords$click$7.call(Unknown Source)
	at Script1641611500614.run(Script1641611500614.groovy:28)
	... 13 more
)
[[ATTACHMENT|D:\\Test-Automation---SE-Bonus\\Reports\\20220111_203453\\Run all test cases\\20220111_203453\\1641908820940.png]]

2022-01-11 20:47:01 - [TEST_STEP][PASSED] - click(findTestObject("Object Repository/Page_Course Phn tch v qun l yu cu phn mm/button_Turn editing on")): Object: 'Object Repository/Page_Course Phn tch v qun l yu cu phn mm/button_Turn editing on' is clicked on

2022-01-11 20:47:01 - [MESSAGE][PASSED] - Object: 'Object Repository/Page_Course Phn tch v qun l yu cu phn mm/button_Turn editing on' is clicked on

2022-01-11 20:47:01 - [TEST_STEP][PASSED] - click(findTestObject("Object Repository/Page_Course Phn tch v qun l yu cu phn mm/span_Add an activity or resource")): Object: 'Object Repository/Page_Course Phn tch v qun l yu cu phn mm/span_Add an activity or resource' is clicked on

2022-01-11 20:47:02 - [MESSAGE][PASSED] - Object: 'Object Repository/Page_Course Phn tch v qun l yu cu phn mm/span_Add an activity or resource' is clicked on

2022-01-11 20:47:02 - [TEST_STEP][PASSED] - click(findTestObject("Page_Course Phn tch v qun l yu cu phn mm/img_Information about the Page activity_icon icon")): Object: 'Object Repository/Page_Course Phn tch v qun l yu cu phn mm/img_Information about the Page activity_icon icon' is clicked on

2022-01-11 20:47:06 - [MESSAGE][PASSED] - Object: 'Object Repository/Page_Course Phn tch v qun l yu cu phn mm/img_Information about the Page activity_icon icon' is clicked on

2022-01-11 20:47:06 - [TEST_STEP][PASSED] - setText(findTestObject("Object Repository/Page_Editing Assignment/input_Assignment name_name"), "Assignment with file"): Text 'Assignment with file' is set on object 'Object Repository/Page_Editing Assignment/input_Assignment name_name'

2022-01-11 20:47:07 - [MESSAGE][PASSED] - Text 'Assignment with file' is set on object 'Object Repository/Page_Editing Assignment/input_Assignment name_name'

2022-01-11 20:47:07 - [TEST_STEP][FAILED] - click(findTestObject("Object Repository/Page_Editing Assignment/a_- drag and drop not supported_yui_3_17_2__950dc8")): Unable to click on object 'Object Repository/Page_Editing Assignment/a_- drag and drop not supported_yui_3_17_2__950dc8' (Root cause: com.kms.katalon.core.exception.StepFailedException: Unable to click on object 'Object Repository/Page_Editing Assignment/a_- drag and drop not supported_yui_3_17_2__950dc8'
	at com.kms.katalon.core.webui.keyword.internal.WebUIKeywordMain.stepFailed(WebUIKeywordMain.groovy:64)
	at com.kms.katalon.core.webui.keyword.internal.WebUIKeywordMain.runKeyword(WebUIKeywordMain.groovy:26)
	at com.kms.katalon.core.webui.keyword.builtin.ClickKeyword.click(ClickKeyword.groovy:74)
	at com.kms.katalon.core.webui.keyword.builtin.ClickKeyword.execute(ClickKeyword.groovy:40)
	at com.kms.katalon.core.keyword.internal.KeywordExecutor.executeKeywordForPlatform(KeywordExecutor.groovy:74)
	at com.kms.katalon.core.webui.keyword.WebUiBuiltInKeywords.click(WebUiBuiltInKeywords.groovy:620)
	at com.kms.katalon.core.webui.keyword.WebUiBuiltInKeywords$click$1.call(Unknown Source)
	at Teacher create assignment ( with file attached ).run(Teacher create assignment ( with file attached ):38)
	at com.kms.katalon.core.main.ScriptEngine.run(ScriptEngine.java:194)
	at com.kms.katalon.core.main.ScriptEngine.runScriptAsRawText(ScriptEngine.java:119)
	at com.kms.katalon.core.main.TestCaseExecutor.runScript(TestCaseExecutor.java:442)
	at com.kms.katalon.core.main.TestCaseExecutor.doExecute(TestCaseExecutor.java:433)
	at com.kms.katalon.core.main.TestCaseExecutor.processExecutionPhase(TestCaseExecutor.java:412)
	at com.kms.katalon.core.main.TestCaseExecutor.accessMainPhase(TestCaseExecutor.java:404)
	at com.kms.katalon.core.main.TestCaseExecutor.execute(TestCaseExecutor.java:281)
	at com.kms.katalon.core.main.TestSuiteExecutor.accessTestCaseMainPhase(TestSuiteExecutor.java:202)
	at com.kms.katalon.core.main.TestSuiteExecutor.accessTestSuiteMainPhase(TestSuiteExecutor.java:164)
	at com.kms.katalon.core.main.TestSuiteExecutor.execute(TestSuiteExecutor.java:105)
	at com.kms.katalon.core.main.TestCaseMain.startTestSuite(TestCaseMain.java:181)
	at com.kms.katalon.core.main.TestCaseMain$startTestSuite$0.call(Unknown Source)
	at TempTestSuite1641908093334.run(TempTestSuite1641908093334.groovy:36)
Caused by: org.openqa.selenium.ElementNotInteractableException: element not interactable
  (Session info: MicrosoftEdge=97.0.1072.55)
Build info: version: '3.141.59', revision: 'e82be7d358', time: '2018-11-14T08:25:53'
System info: host: 'DESKTOP-8IHK86T', ip: '192.168.1.173', os.name: 'Windows 10', os.arch: 'amd64', os.version: '10.0', java.version: '1.8.0_282'
Driver info: com.kms.katalon.selenium.driver.CEdgeDriver
Capabilities {acceptInsecureCerts: false, browserName: msedge, browserVersion: 97.0.1072.55, javascriptEnabled: true, ms:edgeOptions: {debuggerAddress: localhost:50353}, msedge: {msedgedriverVersion: 97.0.1072.55 (ce3bf33648805..., userDataDir: C:\Users\THANHD~1\AppData\L...}, networkConnectionEnabled: false, pageLoadStrategy: normal, platform: WINDOWS, platformName: WINDOWS, proxy: Proxy(), setWindowRect: true, strictFileInteractability: false, timeouts: {implicit: 0, pageLoad: 300000, script: 30000}, unhandledPromptBehavior: dismiss and notify, webauthn:extension:credBlob: true, webauthn:extension:largeBlob: true, webauthn:virtualAuthenticators: true}
Session ID: 9fc5e8f7df0c0693323a57c1eb5a280d
	at org.openqa.selenium.remote.http.W3CHttpResponseCodec.createException(W3CHttpResponseCodec.java:187)
	at org.openqa.selenium.remote.http.W3CHttpResponseCodec.decode(W3CHttpResponseCodec.java:122)
	at org.openqa.selenium.remote.http.W3CHttpResponseCodec.decode(W3CHttpResponseCodec.java:49)
	at org.openqa.selenium.remote.HttpCommandExecutor.execute(HttpCommandExecutor.java:158)
	at org.openqa.selenium.remote.service.DriverCommandExecutor.execute(DriverCommandExecutor.java:83)
	at org.openqa.selenium.remote.RemoteWebDriver.execute(RemoteWebDriver.java:552)
	at com.kms.katalon.selenium.driver.CEdgeDriver.execute(CEdgeDriver.java:20)
	at org.openqa.selenium.remote.RemoteWebElement.execute(RemoteWebElement.java:285)
	at org.openqa.selenium.remote.RemoteWebElement.click(RemoteWebElement.java:84)
	at org.openqa.selenium.support.events.EventFiringWebDriver$EventFiringWebElement.lambda$new$0(EventFiringWebDriver.java:404)
	at com.sun.proxy.$Proxy11.click(Unknown Source)
	at org.openqa.selenium.support.events.EventFiringWebDriver$EventFiringWebElement.click(EventFiringWebDriver.java:417)
	at org.openqa.selenium.WebElement$click.call(Unknown Source)
	at com.kms.katalon.core.webui.keyword.builtin.ClickKeyword.clickUntilSuccessWithTimeout(ClickKeyword.groovy:81)
	at com.kms.katalon.core.webui.keyword.builtin.ClickKeyword.clickUntilSuccessWithTimeout(ClickKeyword.groovy)
	at com.kms.katalon.core.webui.keyword.builtin.ClickKeyword$_click_closure1.doCall(ClickKeyword.groovy:67)
	at com.kms.katalon.core.webui.keyword.builtin.ClickKeyword$_click_closure1.call(ClickKeyword.groovy)
	at com.kms.katalon.core.webui.keyword.internal.WebUIKeywordMain.runKeyword(WebUIKeywordMain.groovy:20)
	at com.kms.katalon.core.webui.keyword.builtin.ClickKeyword.click(ClickKeyword.groovy:74)
	at com.kms.katalon.core.webui.keyword.builtin.ClickKeyword.execute(ClickKeyword.groovy:40)
	at com.kms.katalon.core.keyword.internal.KeywordExecutor.executeKeywordForPlatform(KeywordExecutor.groovy:74)
	at com.kms.katalon.core.webui.keyword.WebUiBuiltInKeywords.click(WebUiBuiltInKeywords.groovy:620)
	at com.kms.katalon.core.webui.keyword.WebUiBuiltInKeywords$click$1.call(Unknown Source)
	at Script1641611500614.run(Script1641611500614.groovy:38)
	... 13 more
)

2022-01-11 20:47:08 - [MESSAGE][FAILED] - Unable to click on object 'Object Repository/Page_Editing Assignment/a_- drag and drop not supported_yui_3_17_2__950dc8' (Root cause: com.kms.katalon.core.exception.StepFailedException: Unable to click on object 'Object Repository/Page_Editing Assignment/a_- drag and drop not supported_yui_3_17_2__950dc8'
	at com.kms.katalon.core.webui.keyword.internal.WebUIKeywordMain.stepFailed(WebUIKeywordMain.groovy:64)
	at com.kms.katalon.core.webui.keyword.internal.WebUIKeywordMain.runKeyword(WebUIKeywordMain.groovy:26)
	at com.kms.katalon.core.webui.keyword.builtin.ClickKeyword.click(ClickKeyword.groovy:74)
	at com.kms.katalon.core.webui.keyword.builtin.ClickKeyword.execute(ClickKeyword.groovy:40)
	at com.kms.katalon.core.keyword.internal.KeywordExecutor.executeKeywordForPlatform(KeywordExecutor.groovy:74)
	at com.kms.katalon.core.webui.keyword.WebUiBuiltInKeywords.click(WebUiBuiltInKeywords.groovy:620)
	at com.kms.katalon.core.webui.keyword.WebUiBuiltInKeywords$click$1.call(Unknown Source)
	at Teacher create assignment ( with file attached ).run(Teacher create assignment ( with file attached ):38)
	at com.kms.katalon.core.main.ScriptEngine.run(ScriptEngine.java:194)
	at com.kms.katalon.core.main.ScriptEngine.runScriptAsRawText(ScriptEngine.java:119)
	at com.kms.katalon.core.main.TestCaseExecutor.runScript(TestCaseExecutor.java:442)
	at com.kms.katalon.core.main.TestCaseExecutor.doExecute(TestCaseExecutor.java:433)
	at com.kms.katalon.core.main.TestCaseExecutor.processExecutionPhase(TestCaseExecutor.java:412)
	at com.kms.katalon.core.main.TestCaseExecutor.accessMainPhase(TestCaseExecutor.java:404)
	at com.kms.katalon.core.main.TestCaseExecutor.execute(TestCaseExecutor.java:281)
	at com.kms.katalon.core.main.TestSuiteExecutor.accessTestCaseMainPhase(TestSuiteExecutor.java:202)
	at com.kms.katalon.core.main.TestSuiteExecutor.accessTestSuiteMainPhase(TestSuiteExecutor.java:164)
	at com.kms.katalon.core.main.TestSuiteExecutor.execute(TestSuiteExecutor.java:105)
	at com.kms.katalon.core.main.TestCaseMain.startTestSuite(TestCaseMain.java:181)
	at com.kms.katalon.core.main.TestCaseMain$startTestSuite$0.call(Unknown Source)
	at TempTestSuite1641908093334.run(TempTestSuite1641908093334.groovy:36)
Caused by: org.openqa.selenium.ElementNotInteractableException: element not interactable
  (Session info: MicrosoftEdge=97.0.1072.55)
Build info: version: '3.141.59', revision: 'e82be7d358', time: '2018-11-14T08:25:53'
System info: host: 'DESKTOP-8IHK86T', ip: '192.168.1.173', os.name: 'Windows 10', os.arch: 'amd64', os.version: '10.0', java.version: '1.8.0_282'
Driver info: com.kms.katalon.selenium.driver.CEdgeDriver
Capabilities {acceptInsecureCerts: false, browserName: msedge, browserVersion: 97.0.1072.55, javascriptEnabled: true, ms:edgeOptions: {debuggerAddress: localhost:50353}, msedge: {msedgedriverVersion: 97.0.1072.55 (ce3bf33648805..., userDataDir: C:\Users\THANHD~1\AppData\L...}, networkConnectionEnabled: false, pageLoadStrategy: normal, platform: WINDOWS, platformName: WINDOWS, proxy: Proxy(), setWindowRect: true, strictFileInteractability: false, timeouts: {implicit: 0, pageLoad: 300000, script: 30000}, unhandledPromptBehavior: dismiss and notify, webauthn:extension:credBlob: true, webauthn:extension:largeBlob: true, webauthn:virtualAuthenticators: true}
Session ID: 9fc5e8f7df0c0693323a57c1eb5a280d
	at org.openqa.selenium.remote.http.W3CHttpResponseCodec.createException(W3CHttpResponseCodec.java:187)
	at org.openqa.selenium.remote.http.W3CHttpResponseCodec.decode(W3CHttpResponseCodec.java:122)
	at org.openqa.selenium.remote.http.W3CHttpResponseCodec.decode(W3CHttpResponseCodec.java:49)
	at org.openqa.selenium.remote.HttpCommandExecutor.execute(HttpCommandExecutor.java:158)
	at org.openqa.selenium.remote.service.DriverCommandExecutor.execute(DriverCommandExecutor.java:83)
	at org.openqa.selenium.remote.RemoteWebDriver.execute(RemoteWebDriver.java:552)
	at com.kms.katalon.selenium.driver.CEdgeDriver.execute(CEdgeDriver.java:20)
	at org.openqa.selenium.remote.RemoteWebElement.execute(RemoteWebElement.java:285)
	at org.openqa.selenium.remote.RemoteWebElement.click(RemoteWebElement.java:84)
	at org.openqa.selenium.support.events.EventFiringWebDriver$EventFiringWebElement.lambda$new$0(EventFiringWebDriver.java:404)
	at com.sun.proxy.$Proxy11.click(Unknown Source)
	at org.openqa.selenium.support.events.EventFiringWebDriver$EventFiringWebElement.click(EventFiringWebDriver.java:417)
	at org.openqa.selenium.WebElement$click.call(Unknown Source)
	at com.kms.katalon.core.webui.keyword.builtin.ClickKeyword.clickUntilSuccessWithTimeout(ClickKeyword.groovy:81)
	at com.kms.katalon.core.webui.keyword.builtin.ClickKeyword.clickUntilSuccessWithTimeout(ClickKeyword.groovy)
	at com.kms.katalon.core.webui.keyword.builtin.ClickKeyword$_click_closure1.doCall(ClickKeyword.groovy:67)
	at com.kms.katalon.core.webui.keyword.builtin.ClickKeyword$_click_closure1.call(ClickKeyword.groovy)
	at com.kms.katalon.core.webui.keyword.internal.WebUIKeywordMain.runKeyword(WebUIKeywordMain.groovy:20)
	at com.kms.katalon.core.webui.keyword.builtin.ClickKeyword.click(ClickKeyword.groovy:74)
	at com.kms.katalon.core.webui.keyword.builtin.ClickKeyword.execute(ClickKeyword.groovy:40)
	at com.kms.katalon.core.keyword.internal.KeywordExecutor.executeKeywordForPlatform(KeywordExecutor.groovy:74)
	at com.kms.katalon.core.webui.keyword.WebUiBuiltInKeywords.click(WebUiBuiltInKeywords.groovy:620)
	at com.kms.katalon.core.webui.keyword.WebUiBuiltInKeywords$click$1.call(Unknown Source)
	at Script1641611500614.run(Script1641611500614.groovy:38)
	... 13 more
)
[[ATTACHMENT|D:\\Test-Automation---SE-Bonus\\Reports\\20220111_203453\\Run all test cases\\20220111_203453\\1641908828014.png]]]]></system-out>
         <system-err><![CDATA[2022-01-11 20:46:16 - [TEST_CASE][FAILED] - Test Cases/Teacher create assignment ( with file attached ): Test Cases/Teacher create assignment ( with file attached ) FAILED.
Reason:
com.kms.katalon.core.exception.StepFailedException: Unable to click on object 'Object Repository/Page_Editing Assignment/a_- drag and drop not supported_yui_3_17_2__950dc8'
	at com.kms.katalon.core.webui.keyword.internal.WebUIKeywordMain.stepFailed(WebUIKeywordMain.groovy:64)
	at com.kms.katalon.core.webui.keyword.internal.WebUIKeywordMain.runKeyword(WebUIKeywordMain.groovy:26)
	at com.kms.katalon.core.webui.keyword.builtin.ClickKeyword.click(ClickKeyword.groovy:74)
	at com.kms.katalon.core.webui.keyword.builtin.ClickKeyword.execute(ClickKeyword.groovy:40)
	at com.kms.katalon.core.keyword.internal.KeywordExecutor.executeKeywordForPlatform(KeywordExecutor.groovy:74)
	at com.kms.katalon.core.webui.keyword.WebUiBuiltInKeywords.click(WebUiBuiltInKeywords.groovy:620)
	at com.kms.katalon.core.webui.keyword.WebUiBuiltInKeywords$click$1.call(Unknown Source)
	at Teacher create assignment ( with file attached ).run(Teacher create assignment ( with file attached ):38)
	at com.kms.katalon.core.main.ScriptEngine.run(ScriptEngine.java:194)
	at com.kms.katalon.core.main.ScriptEngine.runScriptAsRawText(ScriptEngine.java:119)
	at com.kms.katalon.core.main.TestCaseExecutor.runScript(TestCaseExecutor.java:442)
	at com.kms.katalon.core.main.TestCaseExecutor.doExecute(TestCaseExecutor.java:433)
	at com.kms.katalon.core.main.TestCaseExecutor.processExecutionPhase(TestCaseExecutor.java:412)
	at com.kms.katalon.core.main.TestCaseExecutor.accessMainPhase(TestCaseExecutor.java:404)
	at com.kms.katalon.core.main.TestCaseExecutor.execute(TestCaseExecutor.java:281)
	at com.kms.katalon.core.main.TestSuiteExecutor.accessTestCaseMainPhase(TestSuiteExecutor.java:202)
	at com.kms.katalon.core.main.TestSuiteExecutor.accessTestSuiteMainPhase(TestSuiteExecutor.java:164)
	at com.kms.katalon.core.main.TestSuiteExecutor.execute(TestSuiteExecutor.java:105)
	at com.kms.katalon.core.main.TestCaseMain.startTestSuite(TestCaseMain.java:181)
	at com.kms.katalon.core.main.TestCaseMain$startTestSuite$0.call(Unknown Source)
	at TempTestSuite1641908093334.run(TempTestSuite1641908093334.groovy:36)
Caused by: org.openqa.selenium.ElementNotInteractableException: element not interactable
  (Session info: MicrosoftEdge=97.0.1072.55)
Build info: version: '3.141.59', revision: 'e82be7d358', time: '2018-11-14T08:25:53'
System info: host: 'DESKTOP-8IHK86T', ip: '192.168.1.173', os.name: 'Windows 10', os.arch: 'amd64', os.version: '10.0', java.version: '1.8.0_282'
Driver info: com.kms.katalon.selenium.driver.CEdgeDriver
Capabilities {acceptInsecureCerts: false, browserName: msedge, browserVersion: 97.0.1072.55, javascriptEnabled: true, ms:edgeOptions: {debuggerAddress: localhost:50353}, msedge: {msedgedriverVersion: 97.0.1072.55 (ce3bf33648805..., userDataDir: C:\Users\THANHD~1\AppData\L...}, networkConnectionEnabled: false, pageLoadStrategy: normal, platform: WINDOWS, platformName: WINDOWS, proxy: Proxy(), setWindowRect: true, strictFileInteractability: false, timeouts: {implicit: 0, pageLoad: 300000, script: 30000}, unhandledPromptBehavior: dismiss and notify, webauthn:extension:credBlob: true, webauthn:extension:largeBlob: true, webauthn:virtualAuthenticators: true}
Session ID: 9fc5e8f7df0c0693323a57c1eb5a280d
	at org.openqa.selenium.remote.http.W3CHttpResponseCodec.createException(W3CHttpResponseCodec.java:187)
	at org.openqa.selenium.remote.http.W3CHttpResponseCodec.decode(W3CHttpResponseCodec.java:122)
	at org.openqa.selenium.remote.http.W3CHttpResponseCodec.decode(W3CHttpResponseCodec.java:49)
	at org.openqa.selenium.remote.HttpCommandExecutor.execute(HttpCommandExecutor.java:158)
	at org.openqa.selenium.remote.service.DriverCommandExecutor.execute(DriverCommandExecutor.java:83)
	at org.openqa.selenium.remote.RemoteWebDriver.execute(RemoteWebDriver.java:552)
	at com.kms.katalon.selenium.driver.CEdgeDriver.execute(CEdgeDriver.java:20)
	at org.openqa.selenium.remote.RemoteWebElement.execute(RemoteWebElement.java:285)
	at org.openqa.selenium.remote.RemoteWebElement.click(RemoteWebElement.java:84)
	at org.openqa.selenium.support.events.EventFiringWebDriver$EventFiringWebElement.lambda$new$0(EventFiringWebDriver.java:404)
	at com.sun.proxy.$Proxy11.click(Unknown Source)
	at org.openqa.selenium.support.events.EventFiringWebDriver$EventFiringWebElement.click(EventFiringWebDriver.java:417)
	at org.openqa.selenium.WebElement$click.call(Unknown Source)
	at com.kms.katalon.core.webui.keyword.builtin.ClickKeyword.clickUntilSuccessWithTimeout(ClickKeyword.groovy:81)
	at com.kms.katalon.core.webui.keyword.builtin.ClickKeyword.clickUntilSuccessWithTimeout(ClickKeyword.groovy)
	at com.kms.katalon.core.webui.keyword.builtin.ClickKeyword$_click_closure1.doCall(ClickKeyword.groovy:67)
	at com.kms.katalon.core.webui.keyword.builtin.ClickKeyword$_click_closure1.call(ClickKeyword.groovy)
	at com.kms.katalon.core.webui.keyword.internal.WebUIKeywordMain.runKeyword(WebUIKeywordMain.groovy:20)
	... 19 more]]></system-err>
      </testcase>
      <testcase name="Test Cases/Teacher create forum" time="79.794" classname="Test Cases/Teacher create forum" status="PASSED">
         <system-out><![CDATA[2022-01-11 20:47:08 - [TEST_CASE][PASSED] - Test Cases/Teacher create forum: Test Cases/Teacher create forum

2022-01-11 20:47:08 - [TEST_STEP][PASSED] - callTestCase(findTestCase("Login as user (teacher)"), [:], STOP_ON_FAILURE): Call Test Case 'Test Cases/Login as user (teacher)' successfully

2022-01-11 20:47:08 - [TEST_CASE][PASSED] - Test Cases/Login as user (teacher): Test Cases/Login as user (teacher)

2022-01-11 20:47:08 - [TEST_STEP][PASSED] - openBrowser(""): Browser is opened with url: ''

2022-01-11 20:47:08 - [MESSAGE][WARNING] - A browser is already opened. Closing browser and opening a new one

2022-01-11 20:47:09 - [MESSAGE][INFO] - Starting 'Edge Chromium' driver

2022-01-11 20:47:10 - [MESSAGE][INFO] - Action delay is set to 0 milliseconds

2022-01-11 20:47:11 - [MESSAGE][PASSED] - Browser is opened with url: ''

2022-01-11 20:47:11 - [TEST_STEP][PASSED] - navigateToUrl("http://localhost/"): Navigate to 'http://localhost/' successfully

2022-01-11 20:47:12 - [MESSAGE][PASSED] - Navigate to 'http://localhost/' successfully

2022-01-11 20:47:12 - [TEST_STEP][PASSED] - click(findTestObject("Object Repository/Page_My Moodle/a_Log in")): Object: 'Object Repository/Page_My Moodle/a_Log in' is clicked on

2022-01-11 20:47:12 - [MESSAGE][PASSED] - Object: 'Object Repository/Page_My Moodle/a_Log in' is clicked on

2022-01-11 20:47:12 - [TEST_STEP][PASSED] - setText(findTestObject("Object Repository/Page_My Moodle Log in to the site/input_Username_username"), "teacher"): Text 'teacher' is set on object 'Object Repository/Page_My Moodle Log in to the site/input_Username_username'

2022-01-11 20:47:13 - [MESSAGE][PASSED] - Text 'teacher' is set on object 'Object Repository/Page_My Moodle Log in to the site/input_Username_username'

2022-01-11 20:47:13 - [TEST_STEP][PASSED] - setEncryptedText(findTestObject("Object Repository/Page_My Moodle Log in to the site/input_Password_password"), "3fJEwIvstDDnFTEIk7299A=="): Text ****** has been set on object 'Object Repository/Page_My Moodle Log in to the site/input_Password_password'

2022-01-11 20:47:13 - [MESSAGE][PASSED] - Text ****** has been set on object 'Object Repository/Page_My Moodle Log in to the site/input_Password_password'

2022-01-11 20:47:13 - [TEST_STEP][PASSED] - click(findTestObject("Object Repository/Page_My Moodle Log in to the site/button_Log in")): Object: 'Object Repository/Page_My Moodle Log in to the site/button_Log in' is clicked on

2022-01-11 20:47:15 - [MESSAGE][PASSED] - Object: 'Object Repository/Page_My Moodle Log in to the site/button_Log in' is clicked on

2022-01-11 20:47:15 - [MESSAGE][PASSED] - Call Test Case 'Test Cases/Login as user (teacher)' successfully

2022-01-11 20:47:15 - [TEST_STEP][PASSED] - click(findTestObject("Object Repository/Page_Dashboard/span_Site home")): Object: 'Object Repository/Page_Dashboard/span_Site home' is clicked on

2022-01-11 20:47:17 - [MESSAGE][PASSED] - Object: 'Object Repository/Page_Dashboard/span_Site home' is clicked on

2022-01-11 20:47:17 - [TEST_STEP][PASSED] - navigateToUrl("http://localhost/?redirect=0"): Navigate to 'http://localhost/?redirect=0' successfully

2022-01-11 20:47:17 - [MESSAGE][PASSED] - Navigate to 'http://localhost/?redirect=0' successfully

2022-01-11 20:47:17 - [TEST_STEP][PASSED] - click(findTestObject("Object Repository/Page_My Moodle/a_Phn tch v qun l yu cu phn mm")): Object: 'Object Repository/Page_My Moodle/a_Phn tch v qun l yu cu phn mm' is clicked on

2022-01-11 20:47:18 - [MESSAGE][PASSED] - Object: 'Object Repository/Page_My Moodle/a_Phn tch v qun l yu cu phn mm' is clicked on

2022-01-11 20:47:18 - [TEST_STEP][PASSED] - click(findTestObject("Object Repository/Page_Course Phn tch v qun l yu cu phn mm/button_Turn editing on")): Object: 'Object Repository/Page_Course Phn tch v qun l yu cu phn mm/button_Turn editing on' is clicked on

2022-01-11 20:47:19 - [MESSAGE][PASSED] - Object: 'Object Repository/Page_Course Phn tch v qun l yu cu phn mm/button_Turn editing on' is clicked on

2022-01-11 20:47:19 - [TEST_STEP][PASSED] - click(findTestObject("Object Repository/Page_Course Phn tch v qun l yu cu phn mm/span_Add an activity or resource")): Object: 'Object Repository/Page_Course Phn tch v qun l yu cu phn mm/span_Add an activity or resource' is clicked on

2022-01-11 20:47:20 - [MESSAGE][PASSED] - Object: 'Object Repository/Page_Course Phn tch v qun l yu cu phn mm/span_Add an activity or resource' is clicked on

2022-01-11 20:47:20 - [TEST_STEP][PASSED] - click(findTestObject("Object Repository/Page_Course Phn tch v qun l yu cu phn mm/img_Information about the Folder activity_i_e12f9c")): Object: 'Object Repository/Page_Course Phn tch v qun l yu cu phn mm/img_Information about the Folder activity_i_e12f9c' is clicked on

2022-01-11 20:47:51 - [MESSAGE][INFO] - Unable to find the element located by 'By.xpath: //div[@id='all-4']/div/div[10]/div/a/div/img'. Please recheck the objects properties to make sure the desired element is located. 

2022-01-11 20:47:51 - [MESSAGE][WARNING] - [SELF-HEALING] Failed to find element with id 'Object Repository/Page_Course Phn tch v qun l yu cu phn mm/img_Information about the Folder activity_i_e12f9c'. Try using Self-healing.

2022-01-11 20:47:51 - [MESSAGE][INFO] - [SELF-HEALING] Failed Locator: '//div[@id='all-4']/div/div[10]/div/a/div/img'.

2022-01-11 20:47:52 - [MESSAGE][INFO] - [SELF-HEALING] Working Locator: '(//img[contains(@src,'http://localhost/theme/image.php/boost/forum/1641027644/icon')])[2]'.

2022-01-11 20:47:52 - [MESSAGE][INFO] - [SELF-HEALING] Screenshot: D:/Test-Automation---SE-Bonus/Reports/Self-healing/Object Repository/Page_Course Phn tch v qun l yu cu phn mm/img_Information about the Folder activity_i_e12f9c_img.png

2022-01-11 20:47:52 - [MESSAGE][WARNING] - [SELF-HEALING] The current locator of test object 'Object Repository/Page_Course Phn tch v qun l yu cu phn mm/img_Information about the Folder activity_i_e12f9c' was broken. Propose an alternative one: '(//img[contains(@src,'http://localhost/theme/image.php/boost/forum/1641027644/icon')])[2]'.

2022-01-11 20:47:53 - [MESSAGE][PASSED] - Object: 'Object Repository/Page_Course Phn tch v qun l yu cu phn mm/img_Information about the Folder activity_i_e12f9c' is clicked on

2022-01-11 20:47:53 - [TEST_STEP][PASSED] - setText(findTestObject("Object Repository/Page_Editing Forum/input_Forum name_name"), "New Forum"): Text 'New Forum' is set on object 'Object Repository/Page_Editing Forum/input_Forum name_name'

2022-01-11 20:47:54 - [MESSAGE][PASSED] - Text 'New Forum' is set on object 'Object Repository/Page_Editing Forum/input_Forum name_name'

2022-01-11 20:47:54 - [TEST_STEP][PASSED] - click(findTestObject("Object Repository/Page_Editing Forum/input_Upon activity completion_submitbutton2")): Object: 'Object Repository/Page_Editing Forum/input_Upon activity completion_submitbutton2' is clicked on

2022-01-11 20:47:55 - [MESSAGE][PASSED] - Object: 'Object Repository/Page_Editing Forum/input_Upon activity completion_submitbutton2' is clicked on

2022-01-11 20:47:55 - [TEST_STEP][PASSED] - click(findTestObject("Object Repository/Page_Course Phn tch v qun l yu cu phn mm/span_New Forum")): Object: 'Object Repository/Page_Course Phn tch v qun l yu cu phn mm/span_New Forum' is clicked on

2022-01-11 20:48:27 - [MESSAGE][INFO] - Unable to find the element located by 'By.xpath: //li[@id='module-2']/div/div/div[2]/div/a/span'. Please recheck the objects properties to make sure the desired element is located. 

2022-01-11 20:48:27 - [MESSAGE][WARNING] - [SELF-HEALING] Failed to find element with id 'Object Repository/Page_Course Phn tch v qun l yu cu phn mm/span_New Forum'. Try using Self-healing.

2022-01-11 20:48:27 - [MESSAGE][INFO] - [SELF-HEALING] Failed Locator: '//li[@id='module-2']/div/div/div[2]/div/a/span'.

2022-01-11 20:48:27 - [MESSAGE][INFO] - [SELF-HEALING] Working Locator: '(.//*[normalize-space(text()) and normalize-space(.)='Forum'])[1]/following::span[1]'.

2022-01-11 20:48:27 - [MESSAGE][INFO] - [SELF-HEALING] Screenshot: D:/Test-Automation---SE-Bonus/Reports/Self-healing/Object Repository/Page_Course Phn tch v qun l yu cu phn mm/span_New Forum_neighbor.png

2022-01-11 20:48:27 - [MESSAGE][WARNING] - [SELF-HEALING] The current locator of test object 'Object Repository/Page_Course Phn tch v qun l yu cu phn mm/span_New Forum' was broken. Propose an alternative one: '(.//*[normalize-space(text()) and normalize-space(.)='Forum'])[1]/following::span[1]'.

2022-01-11 20:48:27 - [MESSAGE][PASSED] - Object: 'Object Repository/Page_Course Phn tch v qun l yu cu phn mm/span_New Forum' is clicked on]]></system-out>
         <system-err><![CDATA[]]></system-err>
      </testcase>
      <testcase name="Test Cases/Teacher create group in course" time="58.362" classname="Test Cases/Teacher create group in course" status="PASSED">
         <system-out><![CDATA[2022-01-11 20:48:27 - [TEST_CASE][PASSED] - Test Cases/Teacher create group in course: Test Cases/Teacher create group in course

2022-01-11 20:48:28 - [TEST_STEP][PASSED] - callTestCase(findTestCase("Login as user (teacher)"), [:], STOP_ON_FAILURE): Call Test Case 'Test Cases/Login as user (teacher)' successfully

2022-01-11 20:48:28 - [TEST_CASE][PASSED] - Test Cases/Login as user (teacher): Test Cases/Login as user (teacher)

2022-01-11 20:48:28 - [TEST_STEP][PASSED] - openBrowser(""): Browser is opened with url: ''

2022-01-11 20:48:28 - [MESSAGE][WARNING] - A browser is already opened. Closing browser and opening a new one

2022-01-11 20:48:29 - [MESSAGE][INFO] - Starting 'Edge Chromium' driver

2022-01-11 20:48:29 - [MESSAGE][INFO] - Action delay is set to 0 milliseconds

2022-01-11 20:48:31 - [MESSAGE][PASSED] - Browser is opened with url: ''

2022-01-11 20:48:31 - [TEST_STEP][PASSED] - navigateToUrl("http://localhost/"): Navigate to 'http://localhost/' successfully

2022-01-11 20:48:31 - [MESSAGE][PASSED] - Navigate to 'http://localhost/' successfully

2022-01-11 20:48:31 - [TEST_STEP][PASSED] - click(findTestObject("Object Repository/Page_My Moodle/a_Log in")): Object: 'Object Repository/Page_My Moodle/a_Log in' is clicked on

2022-01-11 20:48:32 - [MESSAGE][PASSED] - Object: 'Object Repository/Page_My Moodle/a_Log in' is clicked on

2022-01-11 20:48:32 - [TEST_STEP][PASSED] - setText(findTestObject("Object Repository/Page_My Moodle Log in to the site/input_Username_username"), "teacher"): Text 'teacher' is set on object 'Object Repository/Page_My Moodle Log in to the site/input_Username_username'

2022-01-11 20:48:33 - [MESSAGE][PASSED] - Text 'teacher' is set on object 'Object Repository/Page_My Moodle Log in to the site/input_Username_username'

2022-01-11 20:48:33 - [TEST_STEP][PASSED] - setEncryptedText(findTestObject("Object Repository/Page_My Moodle Log in to the site/input_Password_password"), "3fJEwIvstDDnFTEIk7299A=="): Text ****** has been set on object 'Object Repository/Page_My Moodle Log in to the site/input_Password_password'

2022-01-11 20:48:33 - [MESSAGE][PASSED] - Text ****** has been set on object 'Object Repository/Page_My Moodle Log in to the site/input_Password_password'

2022-01-11 20:48:33 - [TEST_STEP][PASSED] - click(findTestObject("Object Repository/Page_My Moodle Log in to the site/button_Log in")): Object: 'Object Repository/Page_My Moodle Log in to the site/button_Log in' is clicked on

2022-01-11 20:48:34 - [MESSAGE][PASSED] - Object: 'Object Repository/Page_My Moodle Log in to the site/button_Log in' is clicked on

2022-01-11 20:48:34 - [MESSAGE][PASSED] - Call Test Case 'Test Cases/Login as user (teacher)' successfully

2022-01-11 20:48:34 - [TEST_STEP][PASSED] - click(findTestObject("Object Repository/Page_Dashboard/span_Site home")): Object: 'Object Repository/Page_Dashboard/span_Site home' is clicked on

2022-01-11 20:48:36 - [MESSAGE][PASSED] - Object: 'Object Repository/Page_Dashboard/span_Site home' is clicked on

2022-01-11 20:48:36 - [TEST_STEP][PASSED] - navigateToUrl("http://localhost/?redirect=0"): Navigate to 'http://localhost/?redirect=0' successfully

2022-01-11 20:48:37 - [MESSAGE][PASSED] - Navigate to 'http://localhost/?redirect=0' successfully

2022-01-11 20:48:37 - [TEST_STEP][PASSED] - click(findTestObject("Object Repository/Page_My Moodle/a_Phn tch v qun l yu cu phn mm")): Object: 'Object Repository/Page_My Moodle/a_Phn tch v qun l yu cu phn mm' is clicked on

2022-01-11 20:48:37 - [MESSAGE][PASSED] - Object: 'Object Repository/Page_My Moodle/a_Phn tch v qun l yu cu phn mm' is clicked on

2022-01-11 20:48:37 - [TEST_STEP][PASSED] - click(findTestObject("Object Repository/Page_Course Phn tch v qun l yu cu phn mm/span_Participants")): Object: 'Object Repository/Page_Course Phn tch v qun l yu cu phn mm/span_Participants' is clicked on

2022-01-11 20:48:39 - [MESSAGE][PASSED] - Object: 'Object Repository/Page_Course Phn tch v qun l yu cu phn mm/span_Participants' is clicked on

2022-01-11 20:48:39 - [TEST_STEP][PASSED] - click(findTestObject("Object Repository/Page_CSC13005 Participants/a_Participants_action-menu-toggle-3")): Object: 'Object Repository/Page_CSC13005 Participants/a_Participants_action-menu-toggle-3' is clicked on

2022-01-11 20:48:39 - [MESSAGE][PASSED] - Object: 'Object Repository/Page_CSC13005 Participants/a_Participants_action-menu-toggle-3' is clicked on

2022-01-11 20:48:39 - [TEST_STEP][PASSED] - click(findTestObject("Object Repository/Page_CSC13005 Participants/a_Groups")): Object: 'Object Repository/Page_CSC13005 Participants/a_Groups' is clicked on

2022-01-11 20:49:10 - [MESSAGE][INFO] - Unable to find the element located by 'By.xpath: //a[@id='action_link61d9b5d7738e421']'. Please recheck the objects properties to make sure the desired element is located. 

2022-01-11 20:49:10 - [MESSAGE][WARNING] - [SELF-HEALING] Failed to find element with id 'Object Repository/Page_CSC13005 Participants/a_Groups'. Try using Self-healing.

2022-01-11 20:49:10 - [MESSAGE][INFO] - [SELF-HEALING] Failed Locator: '//a[@id='action_link61d9b5d7738e421']'.

2022-01-11 20:49:11 - [MESSAGE][INFO] - [SELF-HEALING] Working Locator: '//div[@id='action-menu-3-menu']/div[3]/a'.

2022-01-11 20:49:11 - [MESSAGE][INFO] - [SELF-HEALING] Screenshot: D:/Test-Automation---SE-Bonus/Reports/Self-healing/Object Repository/Page_CSC13005 Participants/a_Groups_idRelative.png

2022-01-11 20:49:11 - [MESSAGE][WARNING] - [SELF-HEALING] The current locator of test object 'Object Repository/Page_CSC13005 Participants/a_Groups' was broken. Propose an alternative one: '//div[@id='action-menu-3-menu']/div[3]/a'.

2022-01-11 20:49:11 - [MESSAGE][PASSED] - Object: 'Object Repository/Page_CSC13005 Participants/a_Groups' is clicked on

2022-01-11 20:49:11 - [TEST_STEP][PASSED] - click(findTestObject("Object Repository/Page_Groups/input_Groups_act_showcreateorphangroupform")): Object: 'Object Repository/Page_Groups/input_Groups_act_showcreateorphangroupform' is clicked on

2022-01-11 20:49:13 - [MESSAGE][PASSED] - Object: 'Object Repository/Page_Groups/input_Groups_act_showcreateorphangroupform' is clicked on

2022-01-11 20:49:13 - [TEST_STEP][PASSED] - setText(findTestObject("Object Repository/Page_Groups/input_Group name_name"), "Group Testing"): Text 'Group Testing' is set on object 'Object Repository/Page_Groups/input_Group name_name'

2022-01-11 20:49:14 - [MESSAGE][PASSED] - Text 'Group Testing' is set on object 'Object Repository/Page_Groups/input_Group name_name'

2022-01-11 20:49:14 - [TEST_STEP][PASSED] - setText(findTestObject("Object Repository/Page_Groups/input_Group ID number_idnumber"), "01"): Text '01' is set on object 'Object Repository/Page_Groups/input_Group ID number_idnumber'

2022-01-11 20:49:15 - [MESSAGE][PASSED] - Text '01' is set on object 'Object Repository/Page_Groups/input_Group ID number_idnumber'

2022-01-11 20:49:15 - [TEST_STEP][PASSED] - click(findTestObject("Object Repository/Page_Groups/input_Drop files here to upload_submitbutton")): Object: 'Object Repository/Page_Groups/input_Drop files here to upload_submitbutton' is clicked on

2022-01-11 20:49:16 - [MESSAGE][PASSED] - Object: 'Object Repository/Page_Groups/input_Drop files here to upload_submitbutton' is clicked on

2022-01-11 20:49:16 - [TEST_STEP][PASSED] - click(findTestObject("Object Repository/Page_Groups/input_Group Testing (0)_act_showaddmembersform")): Object: 'Object Repository/Page_Groups/input_Group Testing (0)_act_showaddmembersform' is clicked on

2022-01-11 20:49:17 - [MESSAGE][PASSED] - Object: 'Object Repository/Page_Groups/input_Group Testing (0)_act_showaddmembersform' is clicked on

2022-01-11 20:49:17 - [TEST_STEP][PASSED] - selectOptionByValue(findTestObject("Object Repository/Page_CSC13005 Groups/select_Student One (s1example.com) (0)    S_fbd5dc"), "7", true): All options with value '7' are selected in object 'Object Repository/Page_CSC13005 Groups/select_Student One (s1example.com) (0)    S_fbd5dc'  using regular expression

2022-01-11 20:49:18 - [MESSAGE][PASSED] - All options with value '7' are selected in object 'Object Repository/Page_CSC13005 Groups/select_Student One (s1example.com) (0)    S_fbd5dc'  using regular expression

2022-01-11 20:49:18 - [TEST_STEP][PASSED] - selectOptionByValue(findTestObject("Object Repository/Page_CSC13005 Groups/select_Student One (s1example.com) (0)    S_fbd5dc"), "8", true): All options with value '8' are selected in object 'Object Repository/Page_CSC13005 Groups/select_Student One (s1example.com) (0)    S_fbd5dc'  using regular expression

2022-01-11 20:49:19 - [MESSAGE][PASSED] - All options with value '8' are selected in object 'Object Repository/Page_CSC13005 Groups/select_Student One (s1example.com) (0)    S_fbd5dc'  using regular expression

2022-01-11 20:49:19 - [TEST_STEP][PASSED] - selectOptionByValue(findTestObject("Object Repository/Page_CSC13005 Groups/select_Student One (s1example.com) (0)    S_fbd5dc"), "4", true): All options with value '4' are selected in object 'Object Repository/Page_CSC13005 Groups/select_Student One (s1example.com) (0)    S_fbd5dc'  using regular expression

2022-01-11 20:49:20 - [MESSAGE][PASSED] - All options with value '4' are selected in object 'Object Repository/Page_CSC13005 Groups/select_Student One (s1example.com) (0)    S_fbd5dc'  using regular expression

2022-01-11 20:49:20 - [TEST_STEP][PASSED] - click(findTestObject("Object Repository/Page_CSC13005 Groups/input_Match the search text anywhere in the_89f7b5")): Object: 'Object Repository/Page_CSC13005 Groups/input_Match the search text anywhere in the_89f7b5' is clicked on

2022-01-11 20:49:22 - [MESSAGE][PASSED] - Object: 'Object Repository/Page_CSC13005 Groups/input_Match the search text anywhere in the_89f7b5' is clicked on

2022-01-11 20:49:22 - [TEST_STEP][PASSED] - selectOptionByValue(findTestObject("Object Repository/Page_CSC13005 Groups/select_Teacher Testing (teacher.testingmail_a817a3"), "8", true): All options with value '8' are selected in object 'Object Repository/Page_CSC13005 Groups/select_Teacher Testing (teacher.testingmail_a817a3'  using regular expression

2022-01-11 20:49:23 - [MESSAGE][PASSED] - All options with value '8' are selected in object 'Object Repository/Page_CSC13005 Groups/select_Teacher Testing (teacher.testingmail_a817a3'  using regular expression

2022-01-11 20:49:23 - [TEST_STEP][PASSED] - selectOptionByValue(findTestObject("Object Repository/Page_CSC13005 Groups/select_Teacher Testing (teacher.testingmail_a817a3"), "4", true): All options with value '4' are selected in object 'Object Repository/Page_CSC13005 Groups/select_Teacher Testing (teacher.testingmail_a817a3'  using regular expression

2022-01-11 20:49:24 - [MESSAGE][PASSED] - All options with value '4' are selected in object 'Object Repository/Page_CSC13005 Groups/select_Teacher Testing (teacher.testingmail_a817a3'  using regular expression

2022-01-11 20:49:24 - [TEST_STEP][PASSED] - selectOptionByValue(findTestObject("Object Repository/Page_CSC13005 Groups/select_Teacher Testing (teacher.testingmail_a817a3"), "7", true): All options with value '7' are selected in object 'Object Repository/Page_CSC13005 Groups/select_Teacher Testing (teacher.testingmail_a817a3'  using regular expression

2022-01-11 20:49:25 - [MESSAGE][PASSED] - All options with value '7' are selected in object 'Object Repository/Page_CSC13005 Groups/select_Teacher Testing (teacher.testingmail_a817a3'  using regular expression

2022-01-11 20:49:25 - [TEST_STEP][PASSED] - click(findTestObject("Object Repository/Page_CSC13005 Groups/input_Search_cancel")): Object: 'Object Repository/Page_CSC13005 Groups/input_Search_cancel' is clicked on

2022-01-11 20:49:26 - [MESSAGE][PASSED] - Object: 'Object Repository/Page_CSC13005 Groups/input_Search_cancel' is clicked on]]></system-out>
         <system-err><![CDATA[]]></system-err>
      </testcase>
      <testcase name="Test Cases/Teacher create new badge" time="176.08" classname="Test Cases/Teacher create new badge" status="PASSED">
         <system-out><![CDATA[2022-01-11 20:49:26 - [TEST_CASE][PASSED] - Test Cases/Teacher create new badge: Test Cases/Teacher create new badge

2022-01-11 20:49:26 - [TEST_STEP][PASSED] - callTestCase(findTestCase("Login as user (teacher)"), [:], STOP_ON_FAILURE): Call Test Case 'Test Cases/Login as user (teacher)' successfully

2022-01-11 20:49:26 - [TEST_CASE][PASSED] - Test Cases/Login as user (teacher): Test Cases/Login as user (teacher)

2022-01-11 20:49:26 - [TEST_STEP][PASSED] - openBrowser(""): Browser is opened with url: ''

2022-01-11 20:49:26 - [MESSAGE][WARNING] - A browser is already opened. Closing browser and opening a new one

2022-01-11 20:49:27 - [MESSAGE][INFO] - Starting 'Edge Chromium' driver

2022-01-11 20:49:28 - [MESSAGE][INFO] - Action delay is set to 0 milliseconds

2022-01-11 20:49:29 - [MESSAGE][PASSED] - Browser is opened with url: ''

2022-01-11 20:49:29 - [TEST_STEP][PASSED] - navigateToUrl("http://localhost/"): Navigate to 'http://localhost/' successfully

2022-01-11 20:49:30 - [MESSAGE][PASSED] - Navigate to 'http://localhost/' successfully

2022-01-11 20:49:30 - [TEST_STEP][PASSED] - click(findTestObject("Object Repository/Page_My Moodle/a_Log in")): Object: 'Object Repository/Page_My Moodle/a_Log in' is clicked on

2022-01-11 20:49:31 - [MESSAGE][PASSED] - Object: 'Object Repository/Page_My Moodle/a_Log in' is clicked on

2022-01-11 20:49:31 - [TEST_STEP][PASSED] - setText(findTestObject("Object Repository/Page_My Moodle Log in to the site/input_Username_username"), "teacher"): Text 'teacher' is set on object 'Object Repository/Page_My Moodle Log in to the site/input_Username_username'

2022-01-11 20:49:31 - [MESSAGE][PASSED] - Text 'teacher' is set on object 'Object Repository/Page_My Moodle Log in to the site/input_Username_username'

2022-01-11 20:49:31 - [TEST_STEP][PASSED] - setEncryptedText(findTestObject("Object Repository/Page_My Moodle Log in to the site/input_Password_password"), "3fJEwIvstDDnFTEIk7299A=="): Text ****** has been set on object 'Object Repository/Page_My Moodle Log in to the site/input_Password_password'

2022-01-11 20:49:32 - [MESSAGE][PASSED] - Text ****** has been set on object 'Object Repository/Page_My Moodle Log in to the site/input_Password_password'

2022-01-11 20:49:32 - [TEST_STEP][PASSED] - click(findTestObject("Object Repository/Page_My Moodle Log in to the site/button_Log in")): Object: 'Object Repository/Page_My Moodle Log in to the site/button_Log in' is clicked on

2022-01-11 20:49:33 - [MESSAGE][PASSED] - Object: 'Object Repository/Page_My Moodle Log in to the site/button_Log in' is clicked on

2022-01-11 20:49:33 - [MESSAGE][PASSED] - Call Test Case 'Test Cases/Login as user (teacher)' successfully

2022-01-11 20:49:33 - [TEST_STEP][PASSED] - click(findTestObject("Object Repository/Page_Dashboard/span_Site home")): Object: 'Object Repository/Page_Dashboard/span_Site home' is clicked on

2022-01-11 20:49:35 - [MESSAGE][PASSED] - Object: 'Object Repository/Page_Dashboard/span_Site home' is clicked on

2022-01-11 20:49:35 - [TEST_STEP][PASSED] - navigateToUrl("http://localhost/?redirect=0"): Navigate to 'http://localhost/?redirect=0' successfully

2022-01-11 20:49:35 - [MESSAGE][PASSED] - Navigate to 'http://localhost/?redirect=0' successfully

2022-01-11 20:49:35 - [TEST_STEP][PASSED] - click(findTestObject("Object Repository/Page_My Moodle/a_Phn tch v qun l yu cu phn mm")): Object: 'Object Repository/Page_My Moodle/a_Phn tch v qun l yu cu phn mm' is clicked on

2022-01-11 20:49:36 - [MESSAGE][PASSED] - Object: 'Object Repository/Page_My Moodle/a_Phn tch v qun l yu cu phn mm' is clicked on

2022-01-11 20:49:36 - [TEST_STEP][PASSED] - click(findTestObject("Object Repository/Page_Course Phn tch v qun l yu cu phn mm/span_Badges")): Object: 'Object Repository/Page_Course Phn tch v qun l yu cu phn mm/span_Badges' is clicked on

2022-01-11 20:49:37 - [MESSAGE][PASSED] - Object: 'Object Repository/Page_Course Phn tch v qun l yu cu phn mm/span_Badges' is clicked on

2022-01-11 20:49:37 - [TEST_STEP][PASSED] - click(findTestObject("Object Repository/Page_Phn tch v qun l yu cu phn mm Badges/button_Add a new badge")): Object: 'Object Repository/Page_Phn tch v qun l yu cu phn mm Badges/button_Add a new badge' is clicked on

2022-01-11 20:50:08 - [MESSAGE][INFO] - Unable to find the element located by 'By.xpath: //button[@id='single_button61dae33e1e83915']'. Please recheck the objects properties to make sure the desired element is located. 

2022-01-11 20:50:08 - [MESSAGE][WARNING] - [SELF-HEALING] Failed to find element with id 'Object Repository/Page_Phn tch v qun l yu cu phn mm Badges/button_Add a new badge'. Try using Self-healing.

2022-01-11 20:50:08 - [MESSAGE][INFO] - [SELF-HEALING] Failed Locator: '//button[@id='single_button61dae33e1e83915']'.

2022-01-11 20:50:09 - [MESSAGE][INFO] - [SELF-HEALING] Working Locator: '//section[@id='region-main']/div/div[3]/form/button'.

2022-01-11 20:50:09 - [MESSAGE][INFO] - [SELF-HEALING] Screenshot: D:/Test-Automation---SE-Bonus/Reports/Self-healing/Object Repository/Page_Phn tch v qun l yu cu phn mm Badges/button_Add a new badge_idRelative.png

2022-01-11 20:50:09 - [MESSAGE][WARNING] - [SELF-HEALING] The current locator of test object 'Object Repository/Page_Phn tch v qun l yu cu phn mm Badges/button_Add a new badge' was broken. Propose an alternative one: '//section[@id='region-main']/div/div[3]/form/button'.

2022-01-11 20:50:10 - [MESSAGE][PASSED] - Object: 'Object Repository/Page_Phn tch v qun l yu cu phn mm Badges/button_Add a new badge' is clicked on

2022-01-11 20:50:10 - [TEST_STEP][PASSED] - setText(findTestObject("Object Repository/Page_Phn tch v qun l yu cu phn mm New badge/input_Name_name"), "Badge"): Text 'Badge' is set on object 'Object Repository/Page_Phn tch v qun l yu cu phn mm New badge/input_Name_name'

2022-01-11 20:50:11 - [MESSAGE][PASSED] - Text 'Badge' is set on object 'Object Repository/Page_Phn tch v qun l yu cu phn mm New badge/input_Name_name'

2022-01-11 20:50:11 - [TEST_STEP][PASSED] - setText(findTestObject("Object Repository/Page_Phn tch v qun l yu cu phn mm New badge/textarea_Description_description"), "Badge for good students"): Text 'Badge for good students' is set on object 'Object Repository/Page_Phn tch v qun l yu cu phn mm New badge/textarea_Description_description'

2022-01-11 20:50:11 - [MESSAGE][PASSED] - Text 'Badge for good students' is set on object 'Object Repository/Page_Phn tch v qun l yu cu phn mm New badge/textarea_Description_description'

2022-01-11 20:50:11 - [TEST_STEP][PASSED] - click(findTestObject("Object Repository/Page_Phn tch v qun l yu cu phn mm New badge/input_Image_imagechoose")): Object: 'Object Repository/Page_Phn tch v qun l yu cu phn mm New badge/input_Image_imagechoose' is clicked on

2022-01-11 20:50:42 - [MESSAGE][INFO] - Unable to find the element located by 'By.xpath: //input[@id='filepicker-button-61dae34149e33']'. Please recheck the objects properties to make sure the desired element is located. 

2022-01-11 20:50:42 - [MESSAGE][WARNING] - [SELF-HEALING] Failed to find element with id 'Object Repository/Page_Phn tch v qun l yu cu phn mm New badge/input_Image_imagechoose'. Try using Self-healing.

2022-01-11 20:50:43 - [MESSAGE][INFO] - [SELF-HEALING] Failed Locator: '//input[@id='filepicker-button-61dae34149e33']'.

2022-01-11 20:50:43 - [MESSAGE][INFO] - [SELF-HEALING] Failed Locator: '//div[@id='yui_3_17_2_1_1641734977361_320']/input'.

2022-01-11 20:50:43 - [MESSAGE][INFO] - [SELF-HEALING] Working Locator: '//fieldset/div[2]/div/input'.

2022-01-11 20:50:43 - [MESSAGE][INFO] - [SELF-HEALING] Screenshot: D:/Test-Automation---SE-Bonus/Reports/Self-healing/Object Repository/Page_Phn tch v qun l yu cu phn mm New badge/input_Image_imagechoose_position.png

2022-01-11 20:50:43 - [MESSAGE][WARNING] - [SELF-HEALING] The current locator of test object 'Object Repository/Page_Phn tch v qun l yu cu phn mm New badge/input_Image_imagechoose' was broken. Propose an alternative one: '//fieldset/div[2]/div/input'.

2022-01-11 20:50:44 - [MESSAGE][PASSED] - Object: 'Object Repository/Page_Phn tch v qun l yu cu phn mm New badge/input_Image_imagechoose' is clicked on

2022-01-11 20:50:44 - [TEST_STEP][PASSED] - click(findTestObject("Object Repository/Page_Phn tch v qun l yu cu phn mm New badge/a_csv")): Object: 'Object Repository/Page_Phn tch v qun l yu cu phn mm New badge/a_csv' is clicked on

2022-01-11 20:51:15 - [MESSAGE][INFO] - Unable to find the element located by 'By.xpath: //a[@id='yui_3_17_2_1_1641734977361_811']'. Please recheck the objects properties to make sure the desired element is located. 

2022-01-11 20:51:15 - [MESSAGE][WARNING] - [SELF-HEALING] Failed to find element with id 'Object Repository/Page_Phn tch v qun l yu cu phn mm New badge/a_csv'. Try using Self-healing.

2022-01-11 20:51:15 - [MESSAGE][INFO] - [SELF-HEALING] Failed Locator: '//a[@id='yui_3_17_2_1_1641734977361_811']'.

2022-01-11 20:51:15 - [MESSAGE][INFO] - [SELF-HEALING] Failed Locator: '//div[@id='fp-repo-61dae34149e33-9']/a'.

2022-01-11 20:51:16 - [MESSAGE][INFO] - [SELF-HEALING] Working Locator: '(.//*[normalize-space(text()) and normalize-space(.)='Wikimedia'])[1]/following::a[1]'.

2022-01-11 20:51:16 - [MESSAGE][INFO] - [SELF-HEALING] Screenshot: D:/Test-Automation---SE-Bonus/Reports/Self-healing/Object Repository/Page_Phn tch v qun l yu cu phn mm New badge/a_csv_neighbor.png

2022-01-11 20:51:16 - [MESSAGE][WARNING] - [SELF-HEALING] The current locator of test object 'Object Repository/Page_Phn tch v qun l yu cu phn mm New badge/a_csv' was broken. Propose an alternative one: '(.//*[normalize-space(text()) and normalize-space(.)='Wikimedia'])[1]/following::a[1]'.

2022-01-11 20:51:16 - [MESSAGE][PASSED] - Object: 'Object Repository/Page_Phn tch v qun l yu cu phn mm New badge/a_csv' is clicked on

2022-01-11 20:51:16 - [TEST_STEP][PASSED] - click(findTestObject("Object Repository/Page_Phn tch v qun l yu cu phn mm New badge/div_Search repository_yui_3_17_2_1_16417349_9d5124")): Object: 'Object Repository/Page_Phn tch v qun l yu cu phn mm New badge/div_Search repository_yui_3_17_2_1_16417349_9d5124' is clicked on

2022-01-11 20:51:47 - [MESSAGE][INFO] - Unable to find the element located by 'By.xpath: //div[@id='yui_3_17_2_1_1641734977361_845']'. Please recheck the objects properties to make sure the desired element is located. 

2022-01-11 20:51:47 - [MESSAGE][WARNING] - [SELF-HEALING] Failed to find element with id 'Object Repository/Page_Phn tch v qun l yu cu phn mm New badge/div_Search repository_yui_3_17_2_1_16417349_9d5124'. Try using Self-healing.

2022-01-11 20:51:47 - [MESSAGE][INFO] - [SELF-HEALING] Failed Locator: '//div[@id='yui_3_17_2_1_1641734977361_845']'.

2022-01-11 20:51:47 - [MESSAGE][INFO] - [SELF-HEALING] Failed Locator: '//div[@id='yui_3_17_2_1_1641734977361_846']/div[3]'.

2022-01-11 20:51:48 - [MESSAGE][INFO] - [SELF-HEALING] Working Locator: '//a/div/div[3]'.

2022-01-11 20:51:48 - [MESSAGE][INFO] - [SELF-HEALING] Screenshot: D:/Test-Automation---SE-Bonus/Reports/Self-healing/Object Repository/Page_Phn tch v qun l yu cu phn mm New badge/div_Search repository_yui_3_17_2_1_16417349_9d5124_position.png

2022-01-11 20:51:48 - [MESSAGE][WARNING] - [SELF-HEALING] The current locator of test object 'Object Repository/Page_Phn tch v qun l yu cu phn mm New badge/div_Search repository_yui_3_17_2_1_16417349_9d5124' was broken. Propose an alternative one: '//a/div/div[3]'.

2022-01-11 20:51:48 - [MESSAGE][PASSED] - Object: 'Object Repository/Page_Phn tch v qun l yu cu phn mm New badge/div_Search repository_yui_3_17_2_1_16417349_9d5124' is clicked on

2022-01-11 20:51:48 - [TEST_STEP][PASSED] - click(findTestObject("Object Repository/Page_Phn tch v qun l yu cu phn mm New badge/button_Select this file")): Object: 'Object Repository/Page_Phn tch v qun l yu cu phn mm New badge/button_Select this file' is clicked on

2022-01-11 20:52:19 - [MESSAGE][INFO] - Unable to find the element located by 'By.xpath: //button[@id='yui_3_17_2_1_1641734977361_926']'. Please recheck the objects properties to make sure the desired element is located. 

2022-01-11 20:52:19 - [MESSAGE][WARNING] - [SELF-HEALING] Failed to find element with id 'Object Repository/Page_Phn tch v qun l yu cu phn mm New badge/button_Select this file'. Try using Self-healing.

2022-01-11 20:52:19 - [MESSAGE][INFO] - [SELF-HEALING] Failed Locator: '//button[@id='yui_3_17_2_1_1641734977361_926']'.

2022-01-11 20:52:20 - [MESSAGE][INFO] - [SELF-HEALING] Failed Locator: '//div[@id='yui_3_17_2_1_1641734977361_927']/button'.

2022-01-11 20:52:20 - [MESSAGE][INFO] - [SELF-HEALING] Working Locator: '(.//*[normalize-space(text()) and normalize-space(.)='Choose licence'])[1]/following::button[1]'.

2022-01-11 20:52:20 - [MESSAGE][INFO] - [SELF-HEALING] Screenshot: D:/Test-Automation---SE-Bonus/Reports/Self-healing/Object Repository/Page_Phn tch v qun l yu cu phn mm New badge/button_Select this file_neighbor.png

2022-01-11 20:52:20 - [MESSAGE][WARNING] - [SELF-HEALING] The current locator of test object 'Object Repository/Page_Phn tch v qun l yu cu phn mm New badge/button_Select this file' was broken. Propose an alternative one: '(.//*[normalize-space(text()) and normalize-space(.)='Choose licence'])[1]/following::button[1]'.

2022-01-11 20:52:20 - [MESSAGE][PASSED] - Object: 'Object Repository/Page_Phn tch v qun l yu cu phn mm New badge/button_Select this file' is clicked on

2022-01-11 20:52:20 - [TEST_STEP][PASSED] - click(findTestObject("Object Repository/Page_Phn tch v qun l yu cu phn mm New badge/input_Time unit_submitbutton")): Object: 'Object Repository/Page_Phn tch v qun l yu cu phn mm New badge/input_Time unit_submitbutton' is clicked on

2022-01-11 20:52:21 - [MESSAGE][PASSED] - Object: 'Object Repository/Page_Phn tch v qun l yu cu phn mm New badge/input_Time unit_submitbutton' is clicked on

2022-01-11 20:52:21 - [TEST_STEP][PASSED] - click(findTestObject("Object Repository/Page_Badge/h2_Badge")): Object: 'Object Repository/Page_Badge/h2_Badge' is clicked on

2022-01-11 20:52:22 - [MESSAGE][PASSED] - Object: 'Object Repository/Page_Badge/h2_Badge' is clicked on]]></system-out>
         <system-err><![CDATA[]]></system-err>
      </testcase>
      <testcase name="Test Cases/Teacher create new dicussion forum" time="106.772" classname="Test Cases/Teacher create new dicussion forum" status="FAILED">
         <failure type="FAILED" message="Test Cases/Teacher create new dicussion forum FAILED.
Reason:
com.kms.katalon.core.exception.StepFailedException: Unable to click on object 'Object Repository/Page_New Forum/a_Add a new discussion topic'
	at com.kms.katalon.core.webui.keyword.internal.WebUIKeywordMain.stepFailed(WebUIKeywordMain.groovy:64)
	at com.kms.katalon.core.webui.keyword.internal.WebUIKeywordMain.runKeyword(WebUIKeywordMain.groovy:26)
	at com.kms.katalon.core.webui.keyword.builtin.ClickKeyword.click(ClickKeyword.groovy:74)
	at com.kms.katalon.core.webui.keyword.builtin.ClickKeyword.execute(ClickKeyword.groovy:40)
	at com.kms.katalon.core.keyword.internal.KeywordExecutor.executeKeywordForPlatform(KeywordExecutor.groovy:74)
	at com.kms.katalon.core.webui.keyword.WebUiBuiltInKeywords.click(WebUiBuiltInKeywords.groovy:620)
	at com.kms.katalon.core.webui.keyword.WebUiBuiltInKeywords$click$1.call(Unknown Source)
	at Teacher create new dicussion forum.run(Teacher create new dicussion forum:30)
	at com.kms.katalon.core.main.ScriptEngine.run(ScriptEngine.java:194)
	at com.kms.katalon.core.main.ScriptEngine.runScriptAsRawText(ScriptEngine.java:119)
	at com.kms.katalon.core.main.TestCaseExecutor.runScript(TestCaseExecutor.java:442)
	at com.kms.katalon.core.main.TestCaseExecutor.doExecute(TestCaseExecutor.java:433)
	at com.kms.katalon.core.main.TestCaseExecutor.processExecutionPhase(TestCaseExecutor.java:412)
	at com.kms.katalon.core.main.TestCaseExecutor.accessMainPhase(TestCaseExecutor.java:404)
	at com.kms.katalon.core.main.TestCaseExecutor.execute(TestCaseExecutor.java:281)
	at com.kms.katalon.core.main.TestSuiteExecutor.accessTestCaseMainPhase(TestSuiteExecutor.java:202)
	at com.kms.katalon.core.main.TestSuiteExecutor.accessTestSuiteMainPhase(TestSuiteExecutor.java:164)
	at com.kms.katalon.core.main.TestSuiteExecutor.execute(TestSuiteExecutor.java:105)
	at com.kms.katalon.core.main.TestCaseMain.startTestSuite(TestCaseMain.java:181)
	at com.kms.katalon.core.main.TestCaseMain$startTestSuite$0.call(Unknown Source)
	at TempTestSuite1641908093334.run(TempTestSuite1641908093334.groovy:36)
Caused by: org.openqa.selenium.ElementClickInterceptedException: element click intercepted: Element &lt;a class=&quot;btn btn-secondary&quot; href=&quot;http://localhost/mod/assign/view.php?id=4&amp;amp;action=grading&quot; data-aria-hidden-tab-index=&quot;&quot; tabindex=&quot;-1&quot;>...&lt;/a> is not clickable at point (617, 656). Other element would receive the click: &lt;div data-flexitour=&quot;backdrop&quot; data-has-hidden=&quot;true&quot; aria-hidden=&quot;true&quot;>&lt;/div>
  (Session info: MicrosoftEdge=97.0.1072.55)
Build info: version: '3.141.59', revision: 'e82be7d358', time: '2018-11-14T08:25:53'
System info: host: 'DESKTOP-8IHK86T', ip: '192.168.1.173', os.name: 'Windows 10', os.arch: 'amd64', os.version: '10.0', java.version: '1.8.0_282'
Driver info: com.kms.katalon.selenium.driver.CEdgeDriver
Capabilities {acceptInsecureCerts: false, browserName: msedge, browserVersion: 97.0.1072.55, javascriptEnabled: true, ms:edgeOptions: {debuggerAddress: localhost:50868}, msedge: {msedgedriverVersion: 97.0.1072.55 (ce3bf33648805..., userDataDir: C:\Users\THANHD~1\AppData\L...}, networkConnectionEnabled: false, pageLoadStrategy: normal, platform: WINDOWS, platformName: WINDOWS, proxy: Proxy(), setWindowRect: true, strictFileInteractability: false, timeouts: {implicit: 0, pageLoad: 300000, script: 30000}, unhandledPromptBehavior: dismiss and notify, webauthn:extension:credBlob: true, webauthn:extension:largeBlob: true, webauthn:virtualAuthenticators: true}
Session ID: 26c4950254804acd06025c8b2957f01d
	at org.openqa.selenium.remote.http.W3CHttpResponseCodec.createException(W3CHttpResponseCodec.java:187)
	at org.openqa.selenium.remote.http.W3CHttpResponseCodec.decode(W3CHttpResponseCodec.java:122)
	at org.openqa.selenium.remote.http.W3CHttpResponseCodec.decode(W3CHttpResponseCodec.java:49)
	at org.openqa.selenium.remote.HttpCommandExecutor.execute(HttpCommandExecutor.java:158)
	at org.openqa.selenium.remote.service.DriverCommandExecutor.execute(DriverCommandExecutor.java:83)
	at org.openqa.selenium.remote.RemoteWebDriver.execute(RemoteWebDriver.java:552)
	at com.kms.katalon.selenium.driver.CEdgeDriver.execute(CEdgeDriver.java:20)
	at org.openqa.selenium.remote.RemoteWebElement.execute(RemoteWebElement.java:285)
	at org.openqa.selenium.remote.RemoteWebElement.click(RemoteWebElement.java:84)
	at org.openqa.selenium.support.events.EventFiringWebDriver$EventFiringWebElement.lambda$new$0(EventFiringWebDriver.java:404)
	at com.sun.proxy.$Proxy11.click(Unknown Source)
	at org.openqa.selenium.support.events.EventFiringWebDriver$EventFiringWebElement.click(EventFiringWebDriver.java:417)
	at org.openqa.selenium.WebElement$click.call(Unknown Source)
	at com.kms.katalon.core.webui.keyword.builtin.ClickKeyword.clickUntilSuccessWithTimeout(ClickKeyword.groovy:81)
	at com.kms.katalon.core.webui.keyword.builtin.ClickKeyword.clickUntilSuccessWithTimeout(ClickKeyword.groovy)
	at com.kms.katalon.core.webui.keyword.builtin.ClickKeyword$_click_closure1.doCall(ClickKeyword.groovy:67)
	at com.kms.katalon.core.webui.keyword.builtin.ClickKeyword$_click_closure1.call(ClickKeyword.groovy)
	at com.kms.katalon.core.webui.keyword.internal.WebUIKeywordMain.runKeyword(WebUIKeywordMain.groovy:20)
	... 19 more
"/>
         <system-out><![CDATA[2022-01-11 20:52:22 - [TEST_CASE][FAILED] - Test Cases/Teacher create new dicussion forum: Test Cases/Teacher create new dicussion forum FAILED.
Reason:
com.kms.katalon.core.exception.StepFailedException: Unable to click on object 'Object Repository/Page_New Forum/a_Add a new discussion topic'
	at com.kms.katalon.core.webui.keyword.internal.WebUIKeywordMain.stepFailed(WebUIKeywordMain.groovy:64)
	at com.kms.katalon.core.webui.keyword.internal.WebUIKeywordMain.runKeyword(WebUIKeywordMain.groovy:26)
	at com.kms.katalon.core.webui.keyword.builtin.ClickKeyword.click(ClickKeyword.groovy:74)
	at com.kms.katalon.core.webui.keyword.builtin.ClickKeyword.execute(ClickKeyword.groovy:40)
	at com.kms.katalon.core.keyword.internal.KeywordExecutor.executeKeywordForPlatform(KeywordExecutor.groovy:74)
	at com.kms.katalon.core.webui.keyword.WebUiBuiltInKeywords.click(WebUiBuiltInKeywords.groovy:620)
	at com.kms.katalon.core.webui.keyword.WebUiBuiltInKeywords$click$1.call(Unknown Source)
	at Teacher create new dicussion forum.run(Teacher create new dicussion forum:30)
	at com.kms.katalon.core.main.ScriptEngine.run(ScriptEngine.java:194)
	at com.kms.katalon.core.main.ScriptEngine.runScriptAsRawText(ScriptEngine.java:119)
	at com.kms.katalon.core.main.TestCaseExecutor.runScript(TestCaseExecutor.java:442)
	at com.kms.katalon.core.main.TestCaseExecutor.doExecute(TestCaseExecutor.java:433)
	at com.kms.katalon.core.main.TestCaseExecutor.processExecutionPhase(TestCaseExecutor.java:412)
	at com.kms.katalon.core.main.TestCaseExecutor.accessMainPhase(TestCaseExecutor.java:404)
	at com.kms.katalon.core.main.TestCaseExecutor.execute(TestCaseExecutor.java:281)
	at com.kms.katalon.core.main.TestSuiteExecutor.accessTestCaseMainPhase(TestSuiteExecutor.java:202)
	at com.kms.katalon.core.main.TestSuiteExecutor.accessTestSuiteMainPhase(TestSuiteExecutor.java:164)
	at com.kms.katalon.core.main.TestSuiteExecutor.execute(TestSuiteExecutor.java:105)
	at com.kms.katalon.core.main.TestCaseMain.startTestSuite(TestCaseMain.java:181)
	at com.kms.katalon.core.main.TestCaseMain$startTestSuite$0.call(Unknown Source)
	at TempTestSuite1641908093334.run(TempTestSuite1641908093334.groovy:36)
Caused by: org.openqa.selenium.ElementClickInterceptedException: element click intercepted: Element <a class="btn btn-secondary" href="http://localhost/mod/assign/view.php?id=4&amp;action=grading" data-aria-hidden-tab-index="" tabindex="-1">...</a> is not clickable at point (617, 656). Other element would receive the click: <div data-flexitour="backdrop" data-has-hidden="true" aria-hidden="true"></div>
  (Session info: MicrosoftEdge=97.0.1072.55)
Build info: version: '3.141.59', revision: 'e82be7d358', time: '2018-11-14T08:25:53'
System info: host: 'DESKTOP-8IHK86T', ip: '192.168.1.173', os.name: 'Windows 10', os.arch: 'amd64', os.version: '10.0', java.version: '1.8.0_282'
Driver info: com.kms.katalon.selenium.driver.CEdgeDriver
Capabilities {acceptInsecureCerts: false, browserName: msedge, browserVersion: 97.0.1072.55, javascriptEnabled: true, ms:edgeOptions: {debuggerAddress: localhost:50868}, msedge: {msedgedriverVersion: 97.0.1072.55 (ce3bf33648805..., userDataDir: C:\Users\THANHD~1\AppData\L...}, networkConnectionEnabled: false, pageLoadStrategy: normal, platform: WINDOWS, platformName: WINDOWS, proxy: Proxy(), setWindowRect: true, strictFileInteractability: false, timeouts: {implicit: 0, pageLoad: 300000, script: 30000}, unhandledPromptBehavior: dismiss and notify, webauthn:extension:credBlob: true, webauthn:extension:largeBlob: true, webauthn:virtualAuthenticators: true}
Session ID: 26c4950254804acd06025c8b2957f01d
	at org.openqa.selenium.remote.http.W3CHttpResponseCodec.createException(W3CHttpResponseCodec.java:187)
	at org.openqa.selenium.remote.http.W3CHttpResponseCodec.decode(W3CHttpResponseCodec.java:122)
	at org.openqa.selenium.remote.http.W3CHttpResponseCodec.decode(W3CHttpResponseCodec.java:49)
	at org.openqa.selenium.remote.HttpCommandExecutor.execute(HttpCommandExecutor.java:158)
	at org.openqa.selenium.remote.service.DriverCommandExecutor.execute(DriverCommandExecutor.java:83)
	at org.openqa.selenium.remote.RemoteWebDriver.execute(RemoteWebDriver.java:552)
	at com.kms.katalon.selenium.driver.CEdgeDriver.execute(CEdgeDriver.java:20)
	at org.openqa.selenium.remote.RemoteWebElement.execute(RemoteWebElement.java:285)
	at org.openqa.selenium.remote.RemoteWebElement.click(RemoteWebElement.java:84)
	at org.openqa.selenium.support.events.EventFiringWebDriver$EventFiringWebElement.lambda$new$0(EventFiringWebDriver.java:404)
	at com.sun.proxy.$Proxy11.click(Unknown Source)
	at org.openqa.selenium.support.events.EventFiringWebDriver$EventFiringWebElement.click(EventFiringWebDriver.java:417)
	at org.openqa.selenium.WebElement$click.call(Unknown Source)
	at com.kms.katalon.core.webui.keyword.builtin.ClickKeyword.clickUntilSuccessWithTimeout(ClickKeyword.groovy:81)
	at com.kms.katalon.core.webui.keyword.builtin.ClickKeyword.clickUntilSuccessWithTimeout(ClickKeyword.groovy)
	at com.kms.katalon.core.webui.keyword.builtin.ClickKeyword$_click_closure1.doCall(ClickKeyword.groovy:67)
	at com.kms.katalon.core.webui.keyword.builtin.ClickKeyword$_click_closure1.call(ClickKeyword.groovy)
	at com.kms.katalon.core.webui.keyword.internal.WebUIKeywordMain.runKeyword(WebUIKeywordMain.groovy:20)
	... 19 more


2022-01-11 20:52:22 - [TEST_STEP][PASSED] - callTestCase(findTestCase("Login as user (teacher)"), [:], STOP_ON_FAILURE): Call Test Case 'Test Cases/Login as user (teacher)' successfully

2022-01-11 20:52:22 - [TEST_CASE][PASSED] - Test Cases/Login as user (teacher): Test Cases/Login as user (teacher)

2022-01-11 20:52:22 - [TEST_STEP][PASSED] - openBrowser(""): Browser is opened with url: ''

2022-01-11 20:52:22 - [MESSAGE][WARNING] - A browser is already opened. Closing browser and opening a new one

2022-01-11 20:52:23 - [MESSAGE][INFO] - Starting 'Edge Chromium' driver

2022-01-11 20:52:24 - [MESSAGE][INFO] - Action delay is set to 0 milliseconds

2022-01-11 20:52:25 - [MESSAGE][PASSED] - Browser is opened with url: ''

2022-01-11 20:52:25 - [TEST_STEP][PASSED] - navigateToUrl("http://localhost/"): Navigate to 'http://localhost/' successfully

2022-01-11 20:52:26 - [MESSAGE][PASSED] - Navigate to 'http://localhost/' successfully

2022-01-11 20:52:26 - [TEST_STEP][PASSED] - click(findTestObject("Object Repository/Page_My Moodle/a_Log in")): Object: 'Object Repository/Page_My Moodle/a_Log in' is clicked on

2022-01-11 20:52:27 - [MESSAGE][PASSED] - Object: 'Object Repository/Page_My Moodle/a_Log in' is clicked on

2022-01-11 20:52:27 - [TEST_STEP][PASSED] - setText(findTestObject("Object Repository/Page_My Moodle Log in to the site/input_Username_username"), "teacher"): Text 'teacher' is set on object 'Object Repository/Page_My Moodle Log in to the site/input_Username_username'

2022-01-11 20:52:27 - [MESSAGE][PASSED] - Text 'teacher' is set on object 'Object Repository/Page_My Moodle Log in to the site/input_Username_username'

2022-01-11 20:52:27 - [TEST_STEP][PASSED] - setEncryptedText(findTestObject("Object Repository/Page_My Moodle Log in to the site/input_Password_password"), "3fJEwIvstDDnFTEIk7299A=="): Text ****** has been set on object 'Object Repository/Page_My Moodle Log in to the site/input_Password_password'

2022-01-11 20:52:28 - [MESSAGE][PASSED] - Text ****** has been set on object 'Object Repository/Page_My Moodle Log in to the site/input_Password_password'

2022-01-11 20:52:28 - [TEST_STEP][PASSED] - click(findTestObject("Object Repository/Page_My Moodle Log in to the site/button_Log in")): Object: 'Object Repository/Page_My Moodle Log in to the site/button_Log in' is clicked on

2022-01-11 20:52:29 - [MESSAGE][PASSED] - Object: 'Object Repository/Page_My Moodle Log in to the site/button_Log in' is clicked on

2022-01-11 20:52:29 - [MESSAGE][PASSED] - Call Test Case 'Test Cases/Login as user (teacher)' successfully

2022-01-11 20:52:29 - [TEST_STEP][PASSED] - click(findTestObject("Object Repository/Page_Dashboard/span_Site home")): Object: 'Object Repository/Page_Dashboard/span_Site home' is clicked on

2022-01-11 20:52:30 - [MESSAGE][PASSED] - Object: 'Object Repository/Page_Dashboard/span_Site home' is clicked on

2022-01-11 20:52:30 - [TEST_STEP][PASSED] - navigateToUrl("http://localhost/?redirect=0"): Navigate to 'http://localhost/?redirect=0' successfully

2022-01-11 20:52:31 - [MESSAGE][PASSED] - Navigate to 'http://localhost/?redirect=0' successfully

2022-01-11 20:52:31 - [TEST_STEP][PASSED] - click(findTestObject("Object Repository/Page_My Moodle/a_Phn tch v qun l yu cu phn mm")): Object: 'Object Repository/Page_My Moodle/a_Phn tch v qun l yu cu phn mm' is clicked on

2022-01-11 20:52:32 - [MESSAGE][PASSED] - Object: 'Object Repository/Page_My Moodle/a_Phn tch v qun l yu cu phn mm' is clicked on

2022-01-11 20:52:32 - [TEST_STEP][PASSED] - click(findTestObject("Object Repository/Page_Course Phn tch v qun l yu cu phn mm/span_New Forum")): Object: 'Object Repository/Page_Course Phn tch v qun l yu cu phn mm/span_New Forum' is clicked on

2022-01-11 20:53:03 - [MESSAGE][INFO] - Unable to find the element located by 'By.xpath: //li[@id='module-2']/div/div/div[2]/div/a/span'. Please recheck the objects properties to make sure the desired element is located. 

2022-01-11 20:53:03 - [MESSAGE][WARNING] - [SELF-HEALING] Failed to find element with id 'Object Repository/Page_Course Phn tch v qun l yu cu phn mm/span_New Forum'. Try using Self-healing.

2022-01-11 20:53:03 - [MESSAGE][WARNING] - [SELF-HEALING] The current locator of test object 'Object Repository/Page_Course Phn tch v qun l yu cu phn mm/span_New Forum' was broken. Propose an alternative one: '(.//*[normalize-space(text()) and normalize-space(.)='Forum'])[1]/following::span[1]'.

2022-01-11 20:53:04 - [MESSAGE][PASSED] - Object: 'Object Repository/Page_Course Phn tch v qun l yu cu phn mm/span_New Forum' is clicked on

2022-01-11 20:53:04 - [TEST_STEP][FAILED] - click(findTestObject("Object Repository/Page_New Forum/a_Add a new discussion topic")): Unable to click on object 'Object Repository/Page_New Forum/a_Add a new discussion topic' (Root cause: com.kms.katalon.core.exception.StepFailedException: Unable to click on object 'Object Repository/Page_New Forum/a_Add a new discussion topic'
	at com.kms.katalon.core.webui.keyword.internal.WebUIKeywordMain.stepFailed(WebUIKeywordMain.groovy:64)
	at com.kms.katalon.core.webui.keyword.internal.WebUIKeywordMain.runKeyword(WebUIKeywordMain.groovy:26)
	at com.kms.katalon.core.webui.keyword.builtin.ClickKeyword.click(ClickKeyword.groovy:74)
	at com.kms.katalon.core.webui.keyword.builtin.ClickKeyword.execute(ClickKeyword.groovy:40)
	at com.kms.katalon.core.keyword.internal.KeywordExecutor.executeKeywordForPlatform(KeywordExecutor.groovy:74)
	at com.kms.katalon.core.webui.keyword.WebUiBuiltInKeywords.click(WebUiBuiltInKeywords.groovy:620)
	at com.kms.katalon.core.webui.keyword.WebUiBuiltInKeywords$click$1.call(Unknown Source)
	at Teacher create new dicussion forum.run(Teacher create new dicussion forum:30)
	at com.kms.katalon.core.main.ScriptEngine.run(ScriptEngine.java:194)
	at com.kms.katalon.core.main.ScriptEngine.runScriptAsRawText(ScriptEngine.java:119)
	at com.kms.katalon.core.main.TestCaseExecutor.runScript(TestCaseExecutor.java:442)
	at com.kms.katalon.core.main.TestCaseExecutor.doExecute(TestCaseExecutor.java:433)
	at com.kms.katalon.core.main.TestCaseExecutor.processExecutionPhase(TestCaseExecutor.java:412)
	at com.kms.katalon.core.main.TestCaseExecutor.accessMainPhase(TestCaseExecutor.java:404)
	at com.kms.katalon.core.main.TestCaseExecutor.execute(TestCaseExecutor.java:281)
	at com.kms.katalon.core.main.TestSuiteExecutor.accessTestCaseMainPhase(TestSuiteExecutor.java:202)
	at com.kms.katalon.core.main.TestSuiteExecutor.accessTestSuiteMainPhase(TestSuiteExecutor.java:164)
	at com.kms.katalon.core.main.TestSuiteExecutor.execute(TestSuiteExecutor.java:105)
	at com.kms.katalon.core.main.TestCaseMain.startTestSuite(TestCaseMain.java:181)
	at com.kms.katalon.core.main.TestCaseMain$startTestSuite$0.call(Unknown Source)
	at TempTestSuite1641908093334.run(TempTestSuite1641908093334.groovy:36)
Caused by: org.openqa.selenium.ElementClickInterceptedException: element click intercepted: Element <a class="btn btn-secondary" href="http://localhost/mod/assign/view.php?id=4&amp;action=grading" data-aria-hidden-tab-index="" tabindex="-1">...</a> is not clickable at point (617, 656). Other element would receive the click: <div data-flexitour="backdrop" data-has-hidden="true" aria-hidden="true"></div>
  (Session info: MicrosoftEdge=97.0.1072.55)
Build info: version: '3.141.59', revision: 'e82be7d358', time: '2018-11-14T08:25:53'
System info: host: 'DESKTOP-8IHK86T', ip: '192.168.1.173', os.name: 'Windows 10', os.arch: 'amd64', os.version: '10.0', java.version: '1.8.0_282'
Driver info: com.kms.katalon.selenium.driver.CEdgeDriver
Capabilities {acceptInsecureCerts: false, browserName: msedge, browserVersion: 97.0.1072.55, javascriptEnabled: true, ms:edgeOptions: {debuggerAddress: localhost:50868}, msedge: {msedgedriverVersion: 97.0.1072.55 (ce3bf33648805..., userDataDir: C:\Users\THANHD~1\AppData\L...}, networkConnectionEnabled: false, pageLoadStrategy: normal, platform: WINDOWS, platformName: WINDOWS, proxy: Proxy(), setWindowRect: true, strictFileInteractability: false, timeouts: {implicit: 0, pageLoad: 300000, script: 30000}, unhandledPromptBehavior: dismiss and notify, webauthn:extension:credBlob: true, webauthn:extension:largeBlob: true, webauthn:virtualAuthenticators: true}
Session ID: 26c4950254804acd06025c8b2957f01d
	at org.openqa.selenium.remote.http.W3CHttpResponseCodec.createException(W3CHttpResponseCodec.java:187)
	at org.openqa.selenium.remote.http.W3CHttpResponseCodec.decode(W3CHttpResponseCodec.java:122)
	at org.openqa.selenium.remote.http.W3CHttpResponseCodec.decode(W3CHttpResponseCodec.java:49)
	at org.openqa.selenium.remote.HttpCommandExecutor.execute(HttpCommandExecutor.java:158)
	at org.openqa.selenium.remote.service.DriverCommandExecutor.execute(DriverCommandExecutor.java:83)
	at org.openqa.selenium.remote.RemoteWebDriver.execute(RemoteWebDriver.java:552)
	at com.kms.katalon.selenium.driver.CEdgeDriver.execute(CEdgeDriver.java:20)
	at org.openqa.selenium.remote.RemoteWebElement.execute(RemoteWebElement.java:285)
	at org.openqa.selenium.remote.RemoteWebElement.click(RemoteWebElement.java:84)
	at org.openqa.selenium.support.events.EventFiringWebDriver$EventFiringWebElement.lambda$new$0(EventFiringWebDriver.java:404)
	at com.sun.proxy.$Proxy11.click(Unknown Source)
	at org.openqa.selenium.support.events.EventFiringWebDriver$EventFiringWebElement.click(EventFiringWebDriver.java:417)
	at org.openqa.selenium.WebElement$click.call(Unknown Source)
	at com.kms.katalon.core.webui.keyword.builtin.ClickKeyword.clickUntilSuccessWithTimeout(ClickKeyword.groovy:81)
	at com.kms.katalon.core.webui.keyword.builtin.ClickKeyword.clickUntilSuccessWithTimeout(ClickKeyword.groovy)
	at com.kms.katalon.core.webui.keyword.builtin.ClickKeyword$_click_closure1.doCall(ClickKeyword.groovy:67)
	at com.kms.katalon.core.webui.keyword.builtin.ClickKeyword$_click_closure1.call(ClickKeyword.groovy)
	at com.kms.katalon.core.webui.keyword.internal.WebUIKeywordMain.runKeyword(WebUIKeywordMain.groovy:20)
	at com.kms.katalon.core.webui.keyword.builtin.ClickKeyword.click(ClickKeyword.groovy:74)
	at com.kms.katalon.core.webui.keyword.builtin.ClickKeyword.execute(ClickKeyword.groovy:40)
	at com.kms.katalon.core.keyword.internal.KeywordExecutor.executeKeywordForPlatform(KeywordExecutor.groovy:74)
	at com.kms.katalon.core.webui.keyword.WebUiBuiltInKeywords.click(WebUiBuiltInKeywords.groovy:620)
	at com.kms.katalon.core.webui.keyword.WebUiBuiltInKeywords$click$1.call(Unknown Source)
	at Script1641734049840.run(Script1641734049840.groovy:30)
	... 13 more
)

2022-01-11 20:53:35 - [MESSAGE][INFO] - Unable to find the element located by 'By.xpath: //a[@id='yui_3_17_2_1_1641734103423_496']'. Please recheck the objects properties to make sure the desired element is located. 

2022-01-11 20:53:35 - [MESSAGE][WARNING] - [SELF-HEALING] Failed to find element with id 'Object Repository/Page_New Forum/a_Add a new discussion topic'. Try using Self-healing.

2022-01-11 20:53:35 - [MESSAGE][INFO] - [SELF-HEALING] Failed Locator: '//a[@id='yui_3_17_2_1_1641734103423_496']'.

2022-01-11 20:53:35 - [MESSAGE][INFO] - [SELF-HEALING] Failed Locator: '//div[@id='yui_3_17_2_1_1641734103423_497']/a'.

2022-01-11 20:53:36 - [MESSAGE][INFO] - [SELF-HEALING] Failed Locator: '//a[contains(text(),'Add a new discussion topic')]'.

2022-01-11 20:53:36 - [MESSAGE][INFO] - [SELF-HEALING] Working Locator: '(.//*[normalize-space(text()) and normalize-space(.)='Mark as done'])[1]/following::a[1]'.

2022-01-11 20:53:36 - [MESSAGE][INFO] - [SELF-HEALING] Screenshot: D:/Test-Automation---SE-Bonus/Reports/Self-healing/Object Repository/Page_New Forum/a_Add a new discussion topic_neighbor.png

2022-01-11 20:53:36 - [MESSAGE][WARNING] - [SELF-HEALING] The current locator of test object 'Object Repository/Page_New Forum/a_Add a new discussion topic' was broken. Propose an alternative one: '(.//*[normalize-space(text()) and normalize-space(.)='Mark as done'])[1]/following::a[1]'.

2022-01-11 20:54:09 - [MESSAGE][FAILED] - Unable to click on object 'Object Repository/Page_New Forum/a_Add a new discussion topic' (Root cause: com.kms.katalon.core.exception.StepFailedException: Unable to click on object 'Object Repository/Page_New Forum/a_Add a new discussion topic'
	at com.kms.katalon.core.webui.keyword.internal.WebUIKeywordMain.stepFailed(WebUIKeywordMain.groovy:64)
	at com.kms.katalon.core.webui.keyword.internal.WebUIKeywordMain.runKeyword(WebUIKeywordMain.groovy:26)
	at com.kms.katalon.core.webui.keyword.builtin.ClickKeyword.click(ClickKeyword.groovy:74)
	at com.kms.katalon.core.webui.keyword.builtin.ClickKeyword.execute(ClickKeyword.groovy:40)
	at com.kms.katalon.core.keyword.internal.KeywordExecutor.executeKeywordForPlatform(KeywordExecutor.groovy:74)
	at com.kms.katalon.core.webui.keyword.WebUiBuiltInKeywords.click(WebUiBuiltInKeywords.groovy:620)
	at com.kms.katalon.core.webui.keyword.WebUiBuiltInKeywords$click$1.call(Unknown Source)
	at Teacher create new dicussion forum.run(Teacher create new dicussion forum:30)
	at com.kms.katalon.core.main.ScriptEngine.run(ScriptEngine.java:194)
	at com.kms.katalon.core.main.ScriptEngine.runScriptAsRawText(ScriptEngine.java:119)
	at com.kms.katalon.core.main.TestCaseExecutor.runScript(TestCaseExecutor.java:442)
	at com.kms.katalon.core.main.TestCaseExecutor.doExecute(TestCaseExecutor.java:433)
	at com.kms.katalon.core.main.TestCaseExecutor.processExecutionPhase(TestCaseExecutor.java:412)
	at com.kms.katalon.core.main.TestCaseExecutor.accessMainPhase(TestCaseExecutor.java:404)
	at com.kms.katalon.core.main.TestCaseExecutor.execute(TestCaseExecutor.java:281)
	at com.kms.katalon.core.main.TestSuiteExecutor.accessTestCaseMainPhase(TestSuiteExecutor.java:202)
	at com.kms.katalon.core.main.TestSuiteExecutor.accessTestSuiteMainPhase(TestSuiteExecutor.java:164)
	at com.kms.katalon.core.main.TestSuiteExecutor.execute(TestSuiteExecutor.java:105)
	at com.kms.katalon.core.main.TestCaseMain.startTestSuite(TestCaseMain.java:181)
	at com.kms.katalon.core.main.TestCaseMain$startTestSuite$0.call(Unknown Source)
	at TempTestSuite1641908093334.run(TempTestSuite1641908093334.groovy:36)
Caused by: org.openqa.selenium.ElementClickInterceptedException: element click intercepted: Element <a class="btn btn-secondary" href="http://localhost/mod/assign/view.php?id=4&amp;action=grading" data-aria-hidden-tab-index="" tabindex="-1">...</a> is not clickable at point (617, 656). Other element would receive the click: <div data-flexitour="backdrop" data-has-hidden="true" aria-hidden="true"></div>
  (Session info: MicrosoftEdge=97.0.1072.55)
Build info: version: '3.141.59', revision: 'e82be7d358', time: '2018-11-14T08:25:53'
System info: host: 'DESKTOP-8IHK86T', ip: '192.168.1.173', os.name: 'Windows 10', os.arch: 'amd64', os.version: '10.0', java.version: '1.8.0_282'
Driver info: com.kms.katalon.selenium.driver.CEdgeDriver
Capabilities {acceptInsecureCerts: false, browserName: msedge, browserVersion: 97.0.1072.55, javascriptEnabled: true, ms:edgeOptions: {debuggerAddress: localhost:50868}, msedge: {msedgedriverVersion: 97.0.1072.55 (ce3bf33648805..., userDataDir: C:\Users\THANHD~1\AppData\L...}, networkConnectionEnabled: false, pageLoadStrategy: normal, platform: WINDOWS, platformName: WINDOWS, proxy: Proxy(), setWindowRect: true, strictFileInteractability: false, timeouts: {implicit: 0, pageLoad: 300000, script: 30000}, unhandledPromptBehavior: dismiss and notify, webauthn:extension:credBlob: true, webauthn:extension:largeBlob: true, webauthn:virtualAuthenticators: true}
Session ID: 26c4950254804acd06025c8b2957f01d
	at org.openqa.selenium.remote.http.W3CHttpResponseCodec.createException(W3CHttpResponseCodec.java:187)
	at org.openqa.selenium.remote.http.W3CHttpResponseCodec.decode(W3CHttpResponseCodec.java:122)
	at org.openqa.selenium.remote.http.W3CHttpResponseCodec.decode(W3CHttpResponseCodec.java:49)
	at org.openqa.selenium.remote.HttpCommandExecutor.execute(HttpCommandExecutor.java:158)
	at org.openqa.selenium.remote.service.DriverCommandExecutor.execute(DriverCommandExecutor.java:83)
	at org.openqa.selenium.remote.RemoteWebDriver.execute(RemoteWebDriver.java:552)
	at com.kms.katalon.selenium.driver.CEdgeDriver.execute(CEdgeDriver.java:20)
	at org.openqa.selenium.remote.RemoteWebElement.execute(RemoteWebElement.java:285)
	at org.openqa.selenium.remote.RemoteWebElement.click(RemoteWebElement.java:84)
	at org.openqa.selenium.support.events.EventFiringWebDriver$EventFiringWebElement.lambda$new$0(EventFiringWebDriver.java:404)
	at com.sun.proxy.$Proxy11.click(Unknown Source)
	at org.openqa.selenium.support.events.EventFiringWebDriver$EventFiringWebElement.click(EventFiringWebDriver.java:417)
	at org.openqa.selenium.WebElement$click.call(Unknown Source)
	at com.kms.katalon.core.webui.keyword.builtin.ClickKeyword.clickUntilSuccessWithTimeout(ClickKeyword.groovy:81)
	at com.kms.katalon.core.webui.keyword.builtin.ClickKeyword.clickUntilSuccessWithTimeout(ClickKeyword.groovy)
	at com.kms.katalon.core.webui.keyword.builtin.ClickKeyword$_click_closure1.doCall(ClickKeyword.groovy:67)
	at com.kms.katalon.core.webui.keyword.builtin.ClickKeyword$_click_closure1.call(ClickKeyword.groovy)
	at com.kms.katalon.core.webui.keyword.internal.WebUIKeywordMain.runKeyword(WebUIKeywordMain.groovy:20)
	at com.kms.katalon.core.webui.keyword.builtin.ClickKeyword.click(ClickKeyword.groovy:74)
	at com.kms.katalon.core.webui.keyword.builtin.ClickKeyword.execute(ClickKeyword.groovy:40)
	at com.kms.katalon.core.keyword.internal.KeywordExecutor.executeKeywordForPlatform(KeywordExecutor.groovy:74)
	at com.kms.katalon.core.webui.keyword.WebUiBuiltInKeywords.click(WebUiBuiltInKeywords.groovy:620)
	at com.kms.katalon.core.webui.keyword.WebUiBuiltInKeywords$click$1.call(Unknown Source)
	at Script1641734049840.run(Script1641734049840.groovy:30)
	... 13 more
)
[[ATTACHMENT|D:\\Test-Automation---SE-Bonus\\Reports\\20220111_203453\\Run all test cases\\20220111_203453\\1641909249021.png]]]]></system-out>
         <system-err><![CDATA[2022-01-11 20:52:22 - [TEST_CASE][FAILED] - Test Cases/Teacher create new dicussion forum: Test Cases/Teacher create new dicussion forum FAILED.
Reason:
com.kms.katalon.core.exception.StepFailedException: Unable to click on object 'Object Repository/Page_New Forum/a_Add a new discussion topic'
	at com.kms.katalon.core.webui.keyword.internal.WebUIKeywordMain.stepFailed(WebUIKeywordMain.groovy:64)
	at com.kms.katalon.core.webui.keyword.internal.WebUIKeywordMain.runKeyword(WebUIKeywordMain.groovy:26)
	at com.kms.katalon.core.webui.keyword.builtin.ClickKeyword.click(ClickKeyword.groovy:74)
	at com.kms.katalon.core.webui.keyword.builtin.ClickKeyword.execute(ClickKeyword.groovy:40)
	at com.kms.katalon.core.keyword.internal.KeywordExecutor.executeKeywordForPlatform(KeywordExecutor.groovy:74)
	at com.kms.katalon.core.webui.keyword.WebUiBuiltInKeywords.click(WebUiBuiltInKeywords.groovy:620)
	at com.kms.katalon.core.webui.keyword.WebUiBuiltInKeywords$click$1.call(Unknown Source)
	at Teacher create new dicussion forum.run(Teacher create new dicussion forum:30)
	at com.kms.katalon.core.main.ScriptEngine.run(ScriptEngine.java:194)
	at com.kms.katalon.core.main.ScriptEngine.runScriptAsRawText(ScriptEngine.java:119)
	at com.kms.katalon.core.main.TestCaseExecutor.runScript(TestCaseExecutor.java:442)
	at com.kms.katalon.core.main.TestCaseExecutor.doExecute(TestCaseExecutor.java:433)
	at com.kms.katalon.core.main.TestCaseExecutor.processExecutionPhase(TestCaseExecutor.java:412)
	at com.kms.katalon.core.main.TestCaseExecutor.accessMainPhase(TestCaseExecutor.java:404)
	at com.kms.katalon.core.main.TestCaseExecutor.execute(TestCaseExecutor.java:281)
	at com.kms.katalon.core.main.TestSuiteExecutor.accessTestCaseMainPhase(TestSuiteExecutor.java:202)
	at com.kms.katalon.core.main.TestSuiteExecutor.accessTestSuiteMainPhase(TestSuiteExecutor.java:164)
	at com.kms.katalon.core.main.TestSuiteExecutor.execute(TestSuiteExecutor.java:105)
	at com.kms.katalon.core.main.TestCaseMain.startTestSuite(TestCaseMain.java:181)
	at com.kms.katalon.core.main.TestCaseMain$startTestSuite$0.call(Unknown Source)
	at TempTestSuite1641908093334.run(TempTestSuite1641908093334.groovy:36)
Caused by: org.openqa.selenium.ElementClickInterceptedException: element click intercepted: Element <a class="btn btn-secondary" href="http://localhost/mod/assign/view.php?id=4&amp;action=grading" data-aria-hidden-tab-index="" tabindex="-1">...</a> is not clickable at point (617, 656). Other element would receive the click: <div data-flexitour="backdrop" data-has-hidden="true" aria-hidden="true"></div>
  (Session info: MicrosoftEdge=97.0.1072.55)
Build info: version: '3.141.59', revision: 'e82be7d358', time: '2018-11-14T08:25:53'
System info: host: 'DESKTOP-8IHK86T', ip: '192.168.1.173', os.name: 'Windows 10', os.arch: 'amd64', os.version: '10.0', java.version: '1.8.0_282'
Driver info: com.kms.katalon.selenium.driver.CEdgeDriver
Capabilities {acceptInsecureCerts: false, browserName: msedge, browserVersion: 97.0.1072.55, javascriptEnabled: true, ms:edgeOptions: {debuggerAddress: localhost:50868}, msedge: {msedgedriverVersion: 97.0.1072.55 (ce3bf33648805..., userDataDir: C:\Users\THANHD~1\AppData\L...}, networkConnectionEnabled: false, pageLoadStrategy: normal, platform: WINDOWS, platformName: WINDOWS, proxy: Proxy(), setWindowRect: true, strictFileInteractability: false, timeouts: {implicit: 0, pageLoad: 300000, script: 30000}, unhandledPromptBehavior: dismiss and notify, webauthn:extension:credBlob: true, webauthn:extension:largeBlob: true, webauthn:virtualAuthenticators: true}
Session ID: 26c4950254804acd06025c8b2957f01d
	at org.openqa.selenium.remote.http.W3CHttpResponseCodec.createException(W3CHttpResponseCodec.java:187)
	at org.openqa.selenium.remote.http.W3CHttpResponseCodec.decode(W3CHttpResponseCodec.java:122)
	at org.openqa.selenium.remote.http.W3CHttpResponseCodec.decode(W3CHttpResponseCodec.java:49)
	at org.openqa.selenium.remote.HttpCommandExecutor.execute(HttpCommandExecutor.java:158)
	at org.openqa.selenium.remote.service.DriverCommandExecutor.execute(DriverCommandExecutor.java:83)
	at org.openqa.selenium.remote.RemoteWebDriver.execute(RemoteWebDriver.java:552)
	at com.kms.katalon.selenium.driver.CEdgeDriver.execute(CEdgeDriver.java:20)
	at org.openqa.selenium.remote.RemoteWebElement.execute(RemoteWebElement.java:285)
	at org.openqa.selenium.remote.RemoteWebElement.click(RemoteWebElement.java:84)
	at org.openqa.selenium.support.events.EventFiringWebDriver$EventFiringWebElement.lambda$new$0(EventFiringWebDriver.java:404)
	at com.sun.proxy.$Proxy11.click(Unknown Source)
	at org.openqa.selenium.support.events.EventFiringWebDriver$EventFiringWebElement.click(EventFiringWebDriver.java:417)
	at org.openqa.selenium.WebElement$click.call(Unknown Source)
	at com.kms.katalon.core.webui.keyword.builtin.ClickKeyword.clickUntilSuccessWithTimeout(ClickKeyword.groovy:81)
	at com.kms.katalon.core.webui.keyword.builtin.ClickKeyword.clickUntilSuccessWithTimeout(ClickKeyword.groovy)
	at com.kms.katalon.core.webui.keyword.builtin.ClickKeyword$_click_closure1.doCall(ClickKeyword.groovy:67)
	at com.kms.katalon.core.webui.keyword.builtin.ClickKeyword$_click_closure1.call(ClickKeyword.groovy)
	at com.kms.katalon.core.webui.keyword.internal.WebUIKeywordMain.runKeyword(WebUIKeywordMain.groovy:20)
	... 19 more]]></system-err>
      </testcase>
      <testcase name="Test Cases/Teacher create quiz" time="222.744" classname="Test Cases/Teacher create quiz" status="FAILED">
         <failure type="FAILED" message="Test Cases/Teacher create quiz FAILED.
Reason:
com.kms.katalon.core.exception.StepFailedException: Unable to click on object 'Object Repository/Page_CSC13005 Quiz Testing 01/button_Edit quiz'
	at com.kms.katalon.core.webui.keyword.internal.WebUIKeywordMain.stepFailed(WebUIKeywordMain.groovy:64)
	at com.kms.katalon.core.webui.keyword.internal.WebUIKeywordMain.runKeyword(WebUIKeywordMain.groovy:26)
	at com.kms.katalon.core.webui.keyword.builtin.ClickKeyword.click(ClickKeyword.groovy:74)
	at com.kms.katalon.core.webui.keyword.builtin.ClickKeyword.execute(ClickKeyword.groovy:40)
	at com.kms.katalon.core.keyword.internal.KeywordExecutor.executeKeywordForPlatform(KeywordExecutor.groovy:74)
	at com.kms.katalon.core.webui.keyword.WebUiBuiltInKeywords.click(WebUiBuiltInKeywords.groovy:620)
	at com.kms.katalon.core.webui.keyword.WebUiBuiltInKeywords$click$1.call(Unknown Source)
	at Teacher create quiz.run(Teacher create quiz:63)
	at com.kms.katalon.core.main.ScriptEngine.run(ScriptEngine.java:194)
	at com.kms.katalon.core.main.ScriptEngine.runScriptAsRawText(ScriptEngine.java:119)
	at com.kms.katalon.core.main.TestCaseExecutor.runScript(TestCaseExecutor.java:442)
	at com.kms.katalon.core.main.TestCaseExecutor.doExecute(TestCaseExecutor.java:433)
	at com.kms.katalon.core.main.TestCaseExecutor.processExecutionPhase(TestCaseExecutor.java:412)
	at com.kms.katalon.core.main.TestCaseExecutor.accessMainPhase(TestCaseExecutor.java:404)
	at com.kms.katalon.core.main.TestCaseExecutor.execute(TestCaseExecutor.java:281)
	at com.kms.katalon.core.main.TestSuiteExecutor.accessTestCaseMainPhase(TestSuiteExecutor.java:202)
	at com.kms.katalon.core.main.TestSuiteExecutor.accessTestSuiteMainPhase(TestSuiteExecutor.java:164)
	at com.kms.katalon.core.main.TestSuiteExecutor.execute(TestSuiteExecutor.java:105)
	at com.kms.katalon.core.main.TestCaseMain.startTestSuite(TestCaseMain.java:181)
	at com.kms.katalon.core.main.TestCaseMain$startTestSuite$0.call(Unknown Source)
	at TempTestSuite1641908093334.run(TempTestSuite1641908093334.groovy:36)
Caused by: org.openqa.selenium.ElementClickInterceptedException: element click intercepted: Element &lt;button type=&quot;submit&quot; class=&quot;btn btn-secondary&quot; id=&quot;single_button61dd8c9ad713261&quot; title=&quot;&quot; data-aria-hidden-tab-index=&quot;&quot; tabindex=&quot;-1&quot;>...&lt;/button> is not clickable at point (652, 571). Other element would receive the click: &lt;div class=&quot;modal-footer&quot;>...&lt;/div>
  (Session info: MicrosoftEdge=97.0.1072.55)
Build info: version: '3.141.59', revision: 'e82be7d358', time: '2018-11-14T08:25:53'
System info: host: 'DESKTOP-8IHK86T', ip: '192.168.1.173', os.name: 'Windows 10', os.arch: 'amd64', os.version: '10.0', java.version: '1.8.0_282'
Driver info: com.kms.katalon.selenium.driver.CEdgeDriver
Capabilities {acceptInsecureCerts: false, browserName: msedge, browserVersion: 97.0.1072.55, javascriptEnabled: true, ms:edgeOptions: {debuggerAddress: localhost:50970}, msedge: {msedgedriverVersion: 97.0.1072.55 (ce3bf33648805..., userDataDir: C:\Users\THANHD~1\AppData\L...}, networkConnectionEnabled: false, pageLoadStrategy: normal, platform: WINDOWS, platformName: WINDOWS, proxy: Proxy(), setWindowRect: true, strictFileInteractability: false, timeouts: {implicit: 0, pageLoad: 300000, script: 30000}, unhandledPromptBehavior: dismiss and notify, webauthn:extension:credBlob: true, webauthn:extension:largeBlob: true, webauthn:virtualAuthenticators: true}
Session ID: f52530a36d68a31e035dc315c22ba09f
	at org.openqa.selenium.remote.http.W3CHttpResponseCodec.createException(W3CHttpResponseCodec.java:187)
	at org.openqa.selenium.remote.http.W3CHttpResponseCodec.decode(W3CHttpResponseCodec.java:122)
	at org.openqa.selenium.remote.http.W3CHttpResponseCodec.decode(W3CHttpResponseCodec.java:49)
	at org.openqa.selenium.remote.HttpCommandExecutor.execute(HttpCommandExecutor.java:158)
	at org.openqa.selenium.remote.service.DriverCommandExecutor.execute(DriverCommandExecutor.java:83)
	at org.openqa.selenium.remote.RemoteWebDriver.execute(RemoteWebDriver.java:552)
	at com.kms.katalon.selenium.driver.CEdgeDriver.execute(CEdgeDriver.java:20)
	at org.openqa.selenium.remote.RemoteWebElement.execute(RemoteWebElement.java:285)
	at org.openqa.selenium.remote.RemoteWebElement.click(RemoteWebElement.java:84)
	at org.openqa.selenium.support.events.EventFiringWebDriver$EventFiringWebElement.lambda$new$0(EventFiringWebDriver.java:404)
	at com.sun.proxy.$Proxy11.click(Unknown Source)
	at org.openqa.selenium.support.events.EventFiringWebDriver$EventFiringWebElement.click(EventFiringWebDriver.java:417)
	at org.openqa.selenium.WebElement$click.call(Unknown Source)
	at com.kms.katalon.core.webui.keyword.builtin.ClickKeyword.clickUntilSuccessWithTimeout(ClickKeyword.groovy:81)
	at com.kms.katalon.core.webui.keyword.builtin.ClickKeyword.clickUntilSuccessWithTimeout(ClickKeyword.groovy)
	at com.kms.katalon.core.webui.keyword.builtin.ClickKeyword$_click_closure1.doCall(ClickKeyword.groovy:67)
	at com.kms.katalon.core.webui.keyword.builtin.ClickKeyword$_click_closure1.call(ClickKeyword.groovy)
	at com.kms.katalon.core.webui.keyword.internal.WebUIKeywordMain.runKeyword(WebUIKeywordMain.groovy:20)
	... 19 more
"/>
         <system-out><![CDATA[2022-01-11 20:54:09 - [TEST_CASE][FAILED] - Test Cases/Teacher create quiz: Test Cases/Teacher create quiz FAILED.
Reason:
com.kms.katalon.core.exception.StepFailedException: Unable to click on object 'Object Repository/Page_CSC13005 Quiz Testing 01/button_Edit quiz'
	at com.kms.katalon.core.webui.keyword.internal.WebUIKeywordMain.stepFailed(WebUIKeywordMain.groovy:64)
	at com.kms.katalon.core.webui.keyword.internal.WebUIKeywordMain.runKeyword(WebUIKeywordMain.groovy:26)
	at com.kms.katalon.core.webui.keyword.builtin.ClickKeyword.click(ClickKeyword.groovy:74)
	at com.kms.katalon.core.webui.keyword.builtin.ClickKeyword.execute(ClickKeyword.groovy:40)
	at com.kms.katalon.core.keyword.internal.KeywordExecutor.executeKeywordForPlatform(KeywordExecutor.groovy:74)
	at com.kms.katalon.core.webui.keyword.WebUiBuiltInKeywords.click(WebUiBuiltInKeywords.groovy:620)
	at com.kms.katalon.core.webui.keyword.WebUiBuiltInKeywords$click$1.call(Unknown Source)
	at Teacher create quiz.run(Teacher create quiz:63)
	at com.kms.katalon.core.main.ScriptEngine.run(ScriptEngine.java:194)
	at com.kms.katalon.core.main.ScriptEngine.runScriptAsRawText(ScriptEngine.java:119)
	at com.kms.katalon.core.main.TestCaseExecutor.runScript(TestCaseExecutor.java:442)
	at com.kms.katalon.core.main.TestCaseExecutor.doExecute(TestCaseExecutor.java:433)
	at com.kms.katalon.core.main.TestCaseExecutor.processExecutionPhase(TestCaseExecutor.java:412)
	at com.kms.katalon.core.main.TestCaseExecutor.accessMainPhase(TestCaseExecutor.java:404)
	at com.kms.katalon.core.main.TestCaseExecutor.execute(TestCaseExecutor.java:281)
	at com.kms.katalon.core.main.TestSuiteExecutor.accessTestCaseMainPhase(TestSuiteExecutor.java:202)
	at com.kms.katalon.core.main.TestSuiteExecutor.accessTestSuiteMainPhase(TestSuiteExecutor.java:164)
	at com.kms.katalon.core.main.TestSuiteExecutor.execute(TestSuiteExecutor.java:105)
	at com.kms.katalon.core.main.TestCaseMain.startTestSuite(TestCaseMain.java:181)
	at com.kms.katalon.core.main.TestCaseMain$startTestSuite$0.call(Unknown Source)
	at TempTestSuite1641908093334.run(TempTestSuite1641908093334.groovy:36)
Caused by: org.openqa.selenium.ElementClickInterceptedException: element click intercepted: Element <button type="submit" class="btn btn-secondary" id="single_button61dd8c9ad713261" title="" data-aria-hidden-tab-index="" tabindex="-1">...</button> is not clickable at point (652, 571). Other element would receive the click: <div class="modal-footer">...</div>
  (Session info: MicrosoftEdge=97.0.1072.55)
Build info: version: '3.141.59', revision: 'e82be7d358', time: '2018-11-14T08:25:53'
System info: host: 'DESKTOP-8IHK86T', ip: '192.168.1.173', os.name: 'Windows 10', os.arch: 'amd64', os.version: '10.0', java.version: '1.8.0_282'
Driver info: com.kms.katalon.selenium.driver.CEdgeDriver
Capabilities {acceptInsecureCerts: false, browserName: msedge, browserVersion: 97.0.1072.55, javascriptEnabled: true, ms:edgeOptions: {debuggerAddress: localhost:50970}, msedge: {msedgedriverVersion: 97.0.1072.55 (ce3bf33648805..., userDataDir: C:\Users\THANHD~1\AppData\L...}, networkConnectionEnabled: false, pageLoadStrategy: normal, platform: WINDOWS, platformName: WINDOWS, proxy: Proxy(), setWindowRect: true, strictFileInteractability: false, timeouts: {implicit: 0, pageLoad: 300000, script: 30000}, unhandledPromptBehavior: dismiss and notify, webauthn:extension:credBlob: true, webauthn:extension:largeBlob: true, webauthn:virtualAuthenticators: true}
Session ID: f52530a36d68a31e035dc315c22ba09f
	at org.openqa.selenium.remote.http.W3CHttpResponseCodec.createException(W3CHttpResponseCodec.java:187)
	at org.openqa.selenium.remote.http.W3CHttpResponseCodec.decode(W3CHttpResponseCodec.java:122)
	at org.openqa.selenium.remote.http.W3CHttpResponseCodec.decode(W3CHttpResponseCodec.java:49)
	at org.openqa.selenium.remote.HttpCommandExecutor.execute(HttpCommandExecutor.java:158)
	at org.openqa.selenium.remote.service.DriverCommandExecutor.execute(DriverCommandExecutor.java:83)
	at org.openqa.selenium.remote.RemoteWebDriver.execute(RemoteWebDriver.java:552)
	at com.kms.katalon.selenium.driver.CEdgeDriver.execute(CEdgeDriver.java:20)
	at org.openqa.selenium.remote.RemoteWebElement.execute(RemoteWebElement.java:285)
	at org.openqa.selenium.remote.RemoteWebElement.click(RemoteWebElement.java:84)
	at org.openqa.selenium.support.events.EventFiringWebDriver$EventFiringWebElement.lambda$new$0(EventFiringWebDriver.java:404)
	at com.sun.proxy.$Proxy11.click(Unknown Source)
	at org.openqa.selenium.support.events.EventFiringWebDriver$EventFiringWebElement.click(EventFiringWebDriver.java:417)
	at org.openqa.selenium.WebElement$click.call(Unknown Source)
	at com.kms.katalon.core.webui.keyword.builtin.ClickKeyword.clickUntilSuccessWithTimeout(ClickKeyword.groovy:81)
	at com.kms.katalon.core.webui.keyword.builtin.ClickKeyword.clickUntilSuccessWithTimeout(ClickKeyword.groovy)
	at com.kms.katalon.core.webui.keyword.builtin.ClickKeyword$_click_closure1.doCall(ClickKeyword.groovy:67)
	at com.kms.katalon.core.webui.keyword.builtin.ClickKeyword$_click_closure1.call(ClickKeyword.groovy)
	at com.kms.katalon.core.webui.keyword.internal.WebUIKeywordMain.runKeyword(WebUIKeywordMain.groovy:20)
	... 19 more


2022-01-11 20:54:09 - [TEST_STEP][PASSED] - callTestCase(findTestCase("Login as user (teacher)"), [:], STOP_ON_FAILURE): Call Test Case 'Test Cases/Login as user (teacher)' successfully

2022-01-11 20:54:09 - [TEST_CASE][PASSED] - Test Cases/Login as user (teacher): Test Cases/Login as user (teacher)

2022-01-11 20:54:09 - [TEST_STEP][PASSED] - openBrowser(""): Browser is opened with url: ''

2022-01-11 20:54:09 - [MESSAGE][WARNING] - A browser is already opened. Closing browser and opening a new one

2022-01-11 20:54:10 - [MESSAGE][INFO] - Starting 'Edge Chromium' driver

2022-01-11 20:54:11 - [MESSAGE][INFO] - Action delay is set to 0 milliseconds

2022-01-11 20:54:12 - [MESSAGE][PASSED] - Browser is opened with url: ''

2022-01-11 20:54:12 - [TEST_STEP][PASSED] - navigateToUrl("http://localhost/"): Navigate to 'http://localhost/' successfully

2022-01-11 20:54:13 - [MESSAGE][PASSED] - Navigate to 'http://localhost/' successfully

2022-01-11 20:54:13 - [TEST_STEP][PASSED] - click(findTestObject("Object Repository/Page_My Moodle/a_Log in")): Object: 'Object Repository/Page_My Moodle/a_Log in' is clicked on

2022-01-11 20:54:13 - [MESSAGE][PASSED] - Object: 'Object Repository/Page_My Moodle/a_Log in' is clicked on

2022-01-11 20:54:13 - [TEST_STEP][PASSED] - setText(findTestObject("Object Repository/Page_My Moodle Log in to the site/input_Username_username"), "teacher"): Text 'teacher' is set on object 'Object Repository/Page_My Moodle Log in to the site/input_Username_username'

2022-01-11 20:54:14 - [MESSAGE][PASSED] - Text 'teacher' is set on object 'Object Repository/Page_My Moodle Log in to the site/input_Username_username'

2022-01-11 20:54:14 - [TEST_STEP][PASSED] - setEncryptedText(findTestObject("Object Repository/Page_My Moodle Log in to the site/input_Password_password"), "3fJEwIvstDDnFTEIk7299A=="): Text ****** has been set on object 'Object Repository/Page_My Moodle Log in to the site/input_Password_password'

2022-01-11 20:54:15 - [MESSAGE][PASSED] - Text ****** has been set on object 'Object Repository/Page_My Moodle Log in to the site/input_Password_password'

2022-01-11 20:54:15 - [TEST_STEP][PASSED] - click(findTestObject("Object Repository/Page_My Moodle Log in to the site/button_Log in")): Object: 'Object Repository/Page_My Moodle Log in to the site/button_Log in' is clicked on

2022-01-11 20:54:16 - [MESSAGE][PASSED] - Object: 'Object Repository/Page_My Moodle Log in to the site/button_Log in' is clicked on

2022-01-11 20:54:16 - [MESSAGE][PASSED] - Call Test Case 'Test Cases/Login as user (teacher)' successfully

2022-01-11 20:54:16 - [TEST_STEP][PASSED] - click(findTestObject("Object Repository/Page_Dashboard/span_Site home")): Object: 'Object Repository/Page_Dashboard/span_Site home' is clicked on

2022-01-11 20:54:17 - [MESSAGE][PASSED] - Object: 'Object Repository/Page_Dashboard/span_Site home' is clicked on

2022-01-11 20:54:17 - [TEST_STEP][PASSED] - navigateToUrl("http://localhost/?redirect=0"): Navigate to 'http://localhost/?redirect=0' successfully

2022-01-11 20:54:18 - [MESSAGE][PASSED] - Navigate to 'http://localhost/?redirect=0' successfully

2022-01-11 20:54:18 - [TEST_STEP][PASSED] - click(findTestObject("Object Repository/Page_My Moodle/a_Phn tch v qun l yu cu phn mm")): Object: 'Object Repository/Page_My Moodle/a_Phn tch v qun l yu cu phn mm' is clicked on

2022-01-11 20:54:18 - [MESSAGE][PASSED] - Object: 'Object Repository/Page_My Moodle/a_Phn tch v qun l yu cu phn mm' is clicked on

2022-01-11 20:54:18 - [TEST_STEP][PASSED] - click(findTestObject("Object Repository/Page_Course Phn tch v qun l yu cu phn mm/button_Turn editing on")): Object: 'Object Repository/Page_Course Phn tch v qun l yu cu phn mm/button_Turn editing on' is clicked on

2022-01-11 20:54:19 - [MESSAGE][PASSED] - Object: 'Object Repository/Page_Course Phn tch v qun l yu cu phn mm/button_Turn editing on' is clicked on

2022-01-11 20:54:19 - [TEST_STEP][PASSED] - click(findTestObject("Object Repository/Page_Course Phn tch v qun l yu cu phn mm/a_Edit")): Object: 'Object Repository/Page_Course Phn tch v qun l yu cu phn mm/a_Edit' is clicked on

2022-01-11 20:54:20 - [MESSAGE][PASSED] - Object: 'Object Repository/Page_Course Phn tch v qun l yu cu phn mm/a_Edit' is clicked on

2022-01-11 20:54:20 - [TEST_STEP][PASSED] - click(findTestObject("Object Repository/Page_Course Phn tch v qun l yu cu phn mm/span_Edit topic")): Object: 'Object Repository/Page_Course Phn tch v qun l yu cu phn mm/span_Edit topic' is clicked on

2022-01-11 20:54:51 - [MESSAGE][INFO] - Unable to find the element located by 'By.xpath: //span[@id='actionmenuaction-17']'. Please recheck the objects properties to make sure the desired element is located. 

2022-01-11 20:54:51 - [MESSAGE][WARNING] - [SELF-HEALING] Failed to find element with id 'Object Repository/Page_Course Phn tch v qun l yu cu phn mm/span_Edit topic'. Try using Self-healing.

2022-01-11 20:54:52 - [MESSAGE][INFO] - [SELF-HEALING] Failed Locator: '//span[@id='actionmenuaction-17']'.

2022-01-11 20:54:52 - [MESSAGE][INFO] - [SELF-HEALING] Failed Locator: '//a[@id='yui_3_17_2_1_1641634336469_182']/span'.

2022-01-11 20:54:52 - [MESSAGE][INFO] - [SELF-HEALING] Working Locator: '(.//*[normalize-space(text()) and normalize-space(.)='Add an activity or resource'])[1]/following::span[2]'.

2022-01-11 20:54:52 - [MESSAGE][INFO] - [SELF-HEALING] Screenshot: D:/Test-Automation---SE-Bonus/Reports/Self-healing/Object Repository/Page_Course Phn tch v qun l yu cu phn mm/span_Edit topic_neighbor.png

2022-01-11 20:54:52 - [MESSAGE][WARNING] - [SELF-HEALING] The current locator of test object 'Object Repository/Page_Course Phn tch v qun l yu cu phn mm/span_Edit topic' was broken. Propose an alternative one: '(.//*[normalize-space(text()) and normalize-space(.)='Add an activity or resource'])[1]/following::span[2]'.

2022-01-11 20:54:53 - [MESSAGE][PASSED] - Object: 'Object Repository/Page_Course Phn tch v qun l yu cu phn mm/span_Edit topic' is clicked on

2022-01-11 20:54:53 - [TEST_STEP][PASSED] - click(findTestObject("Object Repository/Page_Edit Topic 1/legend_General")): Object: 'Object Repository/Page_Edit Topic 1/legend_General' is clicked on

2022-01-11 20:54:54 - [MESSAGE][PASSED] - Object: 'Object Repository/Page_Edit Topic 1/legend_General' is clicked on

2022-01-11 20:54:54 - [TEST_STEP][PASSED] - click(findTestObject("Page_Edit Topic 1/input_Custom_namecustomize")): Object: 'Object Repository/Page_Edit Topic 1/input_Custom_namecustomize' is clicked on

2022-01-11 20:54:54 - [MESSAGE][PASSED] - Object: 'Object Repository/Page_Edit Topic 1/input_Custom_namecustomize' is clicked on

2022-01-11 20:54:54 - [TEST_STEP][PASSED] - setText(findTestObject("Object Repository/Page_Edit Topic 1/input_New value for Section name_namevalue"), "Testing Topic"): Text 'Testing Topic' is set on object 'Object Repository/Page_Edit Topic 1/input_New value for Section name_namevalue'

2022-01-11 20:54:55 - [MESSAGE][PASSED] - Text 'Testing Topic' is set on object 'Object Repository/Page_Edit Topic 1/input_New value for Section name_namevalue'

2022-01-11 20:54:55 - [TEST_STEP][PASSED] - click(findTestObject("Object Repository/Page_Edit Topic 1/input_Add restriction_submitbutton")): Object: 'Object Repository/Page_Edit Topic 1/input_Add restriction_submitbutton' is clicked on

2022-01-11 20:54:56 - [MESSAGE][PASSED] - Object: 'Object Repository/Page_Edit Topic 1/input_Add restriction_submitbutton' is clicked on

2022-01-11 20:54:56 - [TEST_STEP][PASSED] - click(findTestObject("Object Repository/Page_Course Phn tch v qun l yu cu phn mm/span_Add an activity or resource_1")): Object: 'Object Repository/Page_Course Phn tch v qun l yu cu phn mm/span_Add an activity or resource_1' is clicked on

2022-01-11 20:55:28 - [MESSAGE][INFO] - Unable to find the element located by 'By.xpath: //span[@id='yui_3_17_2_1_1641634407714_548']'. Please recheck the objects properties to make sure the desired element is located. 

2022-01-11 20:55:28 - [MESSAGE][WARNING] - [SELF-HEALING] Failed to find element with id 'Object Repository/Page_Course Phn tch v qun l yu cu phn mm/span_Add an activity or resource_1'. Try using Self-healing.

2022-01-11 20:55:28 - [MESSAGE][INFO] - [SELF-HEALING] Failed Locator: '//span[@id='yui_3_17_2_1_1641634407714_548']'.

2022-01-11 20:55:28 - [MESSAGE][INFO] - [SELF-HEALING] Failed Locator: '//button[@id='yui_3_17_2_1_1641634407714_549']/span'.

2022-01-11 20:55:28 - [MESSAGE][INFO] - [SELF-HEALING] Working Locator: '(.//*[normalize-space(text()) and normalize-space(.)='Add file(s) here'])[2]/following::span[1]'.

2022-01-11 20:55:29 - [MESSAGE][INFO] - [SELF-HEALING] Screenshot: D:/Test-Automation---SE-Bonus/Reports/Self-healing/Object Repository/Page_Course Phn tch v qun l yu cu phn mm/span_Add an activity or resource_1_neighbor.png

2022-01-11 20:55:29 - [MESSAGE][WARNING] - [SELF-HEALING] The current locator of test object 'Object Repository/Page_Course Phn tch v qun l yu cu phn mm/span_Add an activity or resource_1' was broken. Propose an alternative one: '(.//*[normalize-space(text()) and normalize-space(.)='Add file(s) here'])[2]/following::span[1]'.

2022-01-11 20:55:29 - [MESSAGE][PASSED] - Object: 'Object Repository/Page_Course Phn tch v qun l yu cu phn mm/span_Add an activity or resource_1' is clicked on

2022-01-11 20:55:29 - [TEST_STEP][PASSED] - click(findTestObject("Object Repository/Page_Course Phn tch v qun l yu cu phn mm/img_Information about the Page activity_icon icon")): Object: 'Object Repository/Page_Course Phn tch v qun l yu cu phn mm/img_Information about the Page activity_icon icon' is clicked on

2022-01-11 20:55:31 - [MESSAGE][PASSED] - Object: 'Object Repository/Page_Course Phn tch v qun l yu cu phn mm/img_Information about the Page activity_icon icon' is clicked on

2022-01-11 20:55:31 - [TEST_STEP][PASSED] - setText(findTestObject("Object Repository/Page_Editing Quiz/input_Name_name"), "Quiz Testing 01"): Text 'Quiz Testing 01' is set on object 'Object Repository/Page_Editing Quiz/input_Name_name'

2022-01-11 20:55:33 - [MESSAGE][PASSED] - Text 'Quiz Testing 01' is set on object 'Object Repository/Page_Editing Quiz/input_Name_name'

2022-01-11 20:55:33 - [TEST_STEP][PASSED] - click(findTestObject("Object Repository/Page_Editing Quiz/a_Timing")): Object: 'Object Repository/Page_Editing Quiz/a_Timing' is clicked on

2022-01-11 20:56:04 - [MESSAGE][INFO] - Unable to find the element located by 'By.xpath: //a[@id='yui_3_17_2_1_1641634413571_67']'. Please recheck the objects properties to make sure the desired element is located. 

2022-01-11 20:56:04 - [MESSAGE][WARNING] - [SELF-HEALING] Failed to find element with id 'Object Repository/Page_Editing Quiz/a_Timing'. Try using Self-healing.

2022-01-11 20:56:04 - [MESSAGE][INFO] - [SELF-HEALING] Failed Locator: '//a[@id='yui_3_17_2_1_1641634413571_67']'.

2022-01-11 20:56:04 - [MESSAGE][INFO] - [SELF-HEALING] Failed Locator: '//legend[@id='yui_3_17_2_1_1641634413571_2444']/a'.

2022-01-11 20:56:05 - [MESSAGE][INFO] - [SELF-HEALING] Working Locator: '//a[contains(text(),'Timing')]'.

2022-01-11 20:56:05 - [MESSAGE][INFO] - [SELF-HEALING] Screenshot: D:/Test-Automation---SE-Bonus/Reports/Self-healing/Object Repository/Page_Editing Quiz/a_Timing_link.png

2022-01-11 20:56:05 - [MESSAGE][WARNING] - [SELF-HEALING] The current locator of test object 'Object Repository/Page_Editing Quiz/a_Timing' was broken. Propose an alternative one: '//a[contains(text(),'Timing')]'.

2022-01-11 20:56:05 - [MESSAGE][PASSED] - Object: 'Object Repository/Page_Editing Quiz/a_Timing' is clicked on

2022-01-11 20:56:05 - [TEST_STEP][PASSED] - click(findTestObject("Object Repository/Page_Editing Quiz/input_Enable_timelimitenabled")): Object: 'Object Repository/Page_Editing Quiz/input_Enable_timelimitenabled' is clicked on

2022-01-11 20:56:05 - [MESSAGE][PASSED] - Object: 'Object Repository/Page_Editing Quiz/input_Enable_timelimitenabled' is clicked on

2022-01-11 20:56:05 - [TEST_STEP][PASSED] - setText(findTestObject("Object Repository/Page_Editing Quiz/input_Time_timelimitnumber"), "5"): Text '5' is set on object 'Object Repository/Page_Editing Quiz/input_Time_timelimitnumber'

2022-01-11 20:56:06 - [MESSAGE][PASSED] - Text '5' is set on object 'Object Repository/Page_Editing Quiz/input_Time_timelimitnumber'

2022-01-11 20:56:06 - [TEST_STEP][PASSED] - click(findTestObject("Object Repository/Page_Editing Quiz/a_Grade")): Object: 'Object Repository/Page_Editing Quiz/a_Grade' is clicked on

2022-01-11 20:56:37 - [MESSAGE][INFO] - Unable to find the element located by 'By.xpath: //a[@id='yui_3_17_2_1_1641634413571_71']'. Please recheck the objects properties to make sure the desired element is located. 

2022-01-11 20:56:37 - [MESSAGE][WARNING] - [SELF-HEALING] Failed to find element with id 'Object Repository/Page_Editing Quiz/a_Grade'. Try using Self-healing.

2022-01-11 20:56:38 - [MESSAGE][INFO] - [SELF-HEALING] Failed Locator: '//a[@id='yui_3_17_2_1_1641634413571_71']'.

2022-01-11 20:56:38 - [MESSAGE][INFO] - [SELF-HEALING] Failed Locator: '//legend[@id='yui_3_17_2_1_1641634413571_2465']/a'.

2022-01-11 20:56:38 - [MESSAGE][INFO] - [SELF-HEALING] Working Locator: '//a[contains(text(),'Grade')]'.

2022-01-11 20:56:38 - [MESSAGE][INFO] - [SELF-HEALING] Screenshot: D:/Test-Automation---SE-Bonus/Reports/Self-healing/Object Repository/Page_Editing Quiz/a_Grade_link.png

2022-01-11 20:56:38 - [MESSAGE][WARNING] - [SELF-HEALING] The current locator of test object 'Object Repository/Page_Editing Quiz/a_Grade' was broken. Propose an alternative one: '//a[contains(text(),'Grade')]'.

2022-01-11 20:56:38 - [MESSAGE][PASSED] - Object: 'Object Repository/Page_Editing Quiz/a_Grade' is clicked on

2022-01-11 20:56:38 - [TEST_STEP][PASSED] - selectOptionByValue(findTestObject("Object Repository/Page_Editing Quiz/select_Unlimited            1            2 _13fc15"), "1", true): All options with value '1' are selected in object 'Object Repository/Page_Editing Quiz/select_Unlimited            1            2 _13fc15'  using regular expression

2022-01-11 20:56:40 - [MESSAGE][PASSED] - All options with value '1' are selected in object 'Object Repository/Page_Editing Quiz/select_Unlimited            1            2 _13fc15'  using regular expression

2022-01-11 20:56:40 - [TEST_STEP][PASSED] - click(findTestObject("Object Repository/Page_Editing Quiz/input_Upon activity completion_submitbutton2")): Object: 'Object Repository/Page_Editing Quiz/input_Upon activity completion_submitbutton2' is clicked on

2022-01-11 20:56:41 - [MESSAGE][PASSED] - Object: 'Object Repository/Page_Editing Quiz/input_Upon activity completion_submitbutton2' is clicked on

2022-01-11 20:56:41 - [TEST_STEP][PASSED] - click(findTestObject("Object Repository/Page_Course Phn tch v qun l yu cu phn mm/span_Quiz testing 01")): Object: 'Object Repository/Page_Course Phn tch v qun l yu cu phn mm/span_Quiz testing 01' is clicked on

2022-01-11 20:56:43 - [MESSAGE][PASSED] - Object: 'Object Repository/Page_Course Phn tch v qun l yu cu phn mm/span_Quiz testing 01' is clicked on

2022-01-11 20:56:43 - [TEST_STEP][FAILED] - click(findTestObject("Object Repository/Page_CSC13005 Quiz Testing 01/button_Edit quiz")): Unable to click on object 'Object Repository/Page_CSC13005 Quiz Testing 01/button_Edit quiz' (Root cause: com.kms.katalon.core.exception.StepFailedException: Unable to click on object 'Object Repository/Page_CSC13005 Quiz Testing 01/button_Edit quiz'
	at com.kms.katalon.core.webui.keyword.internal.WebUIKeywordMain.stepFailed(WebUIKeywordMain.groovy:64)
	at com.kms.katalon.core.webui.keyword.internal.WebUIKeywordMain.runKeyword(WebUIKeywordMain.groovy:26)
	at com.kms.katalon.core.webui.keyword.builtin.ClickKeyword.click(ClickKeyword.groovy:74)
	at com.kms.katalon.core.webui.keyword.builtin.ClickKeyword.execute(ClickKeyword.groovy:40)
	at com.kms.katalon.core.keyword.internal.KeywordExecutor.executeKeywordForPlatform(KeywordExecutor.groovy:74)
	at com.kms.katalon.core.webui.keyword.WebUiBuiltInKeywords.click(WebUiBuiltInKeywords.groovy:620)
	at com.kms.katalon.core.webui.keyword.WebUiBuiltInKeywords$click$1.call(Unknown Source)
	at Teacher create quiz.run(Teacher create quiz:63)
	at com.kms.katalon.core.main.ScriptEngine.run(ScriptEngine.java:194)
	at com.kms.katalon.core.main.ScriptEngine.runScriptAsRawText(ScriptEngine.java:119)
	at com.kms.katalon.core.main.TestCaseExecutor.runScript(TestCaseExecutor.java:442)
	at com.kms.katalon.core.main.TestCaseExecutor.doExecute(TestCaseExecutor.java:433)
	at com.kms.katalon.core.main.TestCaseExecutor.processExecutionPhase(TestCaseExecutor.java:412)
	at com.kms.katalon.core.main.TestCaseExecutor.accessMainPhase(TestCaseExecutor.java:404)
	at com.kms.katalon.core.main.TestCaseExecutor.execute(TestCaseExecutor.java:281)
	at com.kms.katalon.core.main.TestSuiteExecutor.accessTestCaseMainPhase(TestSuiteExecutor.java:202)
	at com.kms.katalon.core.main.TestSuiteExecutor.accessTestSuiteMainPhase(TestSuiteExecutor.java:164)
	at com.kms.katalon.core.main.TestSuiteExecutor.execute(TestSuiteExecutor.java:105)
	at com.kms.katalon.core.main.TestCaseMain.startTestSuite(TestCaseMain.java:181)
	at com.kms.katalon.core.main.TestCaseMain$startTestSuite$0.call(Unknown Source)
	at TempTestSuite1641908093334.run(TempTestSuite1641908093334.groovy:36)
Caused by: org.openqa.selenium.ElementClickInterceptedException: element click intercepted: Element <button type="submit" class="btn btn-secondary" id="single_button61dd8c9ad713261" title="" data-aria-hidden-tab-index="" tabindex="-1">...</button> is not clickable at point (652, 571). Other element would receive the click: <div class="modal-footer">...</div>
  (Session info: MicrosoftEdge=97.0.1072.55)
Build info: version: '3.141.59', revision: 'e82be7d358', time: '2018-11-14T08:25:53'
System info: host: 'DESKTOP-8IHK86T', ip: '192.168.1.173', os.name: 'Windows 10', os.arch: 'amd64', os.version: '10.0', java.version: '1.8.0_282'
Driver info: com.kms.katalon.selenium.driver.CEdgeDriver
Capabilities {acceptInsecureCerts: false, browserName: msedge, browserVersion: 97.0.1072.55, javascriptEnabled: true, ms:edgeOptions: {debuggerAddress: localhost:50970}, msedge: {msedgedriverVersion: 97.0.1072.55 (ce3bf33648805..., userDataDir: C:\Users\THANHD~1\AppData\L...}, networkConnectionEnabled: false, pageLoadStrategy: normal, platform: WINDOWS, platformName: WINDOWS, proxy: Proxy(), setWindowRect: true, strictFileInteractability: false, timeouts: {implicit: 0, pageLoad: 300000, script: 30000}, unhandledPromptBehavior: dismiss and notify, webauthn:extension:credBlob: true, webauthn:extension:largeBlob: true, webauthn:virtualAuthenticators: true}
Session ID: f52530a36d68a31e035dc315c22ba09f
	at org.openqa.selenium.remote.http.W3CHttpResponseCodec.createException(W3CHttpResponseCodec.java:187)
	at org.openqa.selenium.remote.http.W3CHttpResponseCodec.decode(W3CHttpResponseCodec.java:122)
	at org.openqa.selenium.remote.http.W3CHttpResponseCodec.decode(W3CHttpResponseCodec.java:49)
	at org.openqa.selenium.remote.HttpCommandExecutor.execute(HttpCommandExecutor.java:158)
	at org.openqa.selenium.remote.service.DriverCommandExecutor.execute(DriverCommandExecutor.java:83)
	at org.openqa.selenium.remote.RemoteWebDriver.execute(RemoteWebDriver.java:552)
	at com.kms.katalon.selenium.driver.CEdgeDriver.execute(CEdgeDriver.java:20)
	at org.openqa.selenium.remote.RemoteWebElement.execute(RemoteWebElement.java:285)
	at org.openqa.selenium.remote.RemoteWebElement.click(RemoteWebElement.java:84)
	at org.openqa.selenium.support.events.EventFiringWebDriver$EventFiringWebElement.lambda$new$0(EventFiringWebDriver.java:404)
	at com.sun.proxy.$Proxy11.click(Unknown Source)
	at org.openqa.selenium.support.events.EventFiringWebDriver$EventFiringWebElement.click(EventFiringWebDriver.java:417)
	at org.openqa.selenium.WebElement$click.call(Unknown Source)
	at com.kms.katalon.core.webui.keyword.builtin.ClickKeyword.clickUntilSuccessWithTimeout(ClickKeyword.groovy:81)
	at com.kms.katalon.core.webui.keyword.builtin.ClickKeyword.clickUntilSuccessWithTimeout(ClickKeyword.groovy)
	at com.kms.katalon.core.webui.keyword.builtin.ClickKeyword$_click_closure1.doCall(ClickKeyword.groovy:67)
	at com.kms.katalon.core.webui.keyword.builtin.ClickKeyword$_click_closure1.call(ClickKeyword.groovy)
	at com.kms.katalon.core.webui.keyword.internal.WebUIKeywordMain.runKeyword(WebUIKeywordMain.groovy:20)
	at com.kms.katalon.core.webui.keyword.builtin.ClickKeyword.click(ClickKeyword.groovy:74)
	at com.kms.katalon.core.webui.keyword.builtin.ClickKeyword.execute(ClickKeyword.groovy:40)
	at com.kms.katalon.core.keyword.internal.KeywordExecutor.executeKeywordForPlatform(KeywordExecutor.groovy:74)
	at com.kms.katalon.core.webui.keyword.WebUiBuiltInKeywords.click(WebUiBuiltInKeywords.groovy:620)
	at com.kms.katalon.core.webui.keyword.WebUiBuiltInKeywords$click$1.call(Unknown Source)
	at Script1641624163108.run(Script1641624163108.groovy:63)
	... 13 more
)

2022-01-11 20:57:15 - [MESSAGE][INFO] - Unable to find the element located by 'By.xpath: //button[@id='single_button61d95aba9428c61']'. Please recheck the objects properties to make sure the desired element is located. 

2022-01-11 20:57:15 - [MESSAGE][WARNING] - [SELF-HEALING] Failed to find element with id 'Object Repository/Page_CSC13005 Quiz Testing 01/button_Edit quiz'. Try using Self-healing.

2022-01-11 20:57:17 - [MESSAGE][INFO] - [SELF-HEALING] Failed Locator: '//button[@id='single_button61d95aba9428c61']'.

2022-01-11 20:57:19 - [MESSAGE][INFO] - [SELF-HEALING] Working Locator: '//section[@id='region-main']/div[2]/div[3]/div/div/div[2]/form/button'.

2022-01-11 20:57:19 - [MESSAGE][INFO] - [SELF-HEALING] Screenshot: D:/Test-Automation---SE-Bonus/Reports/Self-healing/Object Repository/Page_CSC13005 Quiz Testing 01/button_Edit quiz_idRelative.png

2022-01-11 20:57:19 - [MESSAGE][WARNING] - [SELF-HEALING] The current locator of test object 'Object Repository/Page_CSC13005 Quiz Testing 01/button_Edit quiz' was broken. Propose an alternative one: '//section[@id='region-main']/div[2]/div[3]/div/div/div[2]/form/button'.

2022-01-11 20:57:51 - [MESSAGE][FAILED] - Unable to click on object 'Object Repository/Page_CSC13005 Quiz Testing 01/button_Edit quiz' (Root cause: com.kms.katalon.core.exception.StepFailedException: Unable to click on object 'Object Repository/Page_CSC13005 Quiz Testing 01/button_Edit quiz'
	at com.kms.katalon.core.webui.keyword.internal.WebUIKeywordMain.stepFailed(WebUIKeywordMain.groovy:64)
	at com.kms.katalon.core.webui.keyword.internal.WebUIKeywordMain.runKeyword(WebUIKeywordMain.groovy:26)
	at com.kms.katalon.core.webui.keyword.builtin.ClickKeyword.click(ClickKeyword.groovy:74)
	at com.kms.katalon.core.webui.keyword.builtin.ClickKeyword.execute(ClickKeyword.groovy:40)
	at com.kms.katalon.core.keyword.internal.KeywordExecutor.executeKeywordForPlatform(KeywordExecutor.groovy:74)
	at com.kms.katalon.core.webui.keyword.WebUiBuiltInKeywords.click(WebUiBuiltInKeywords.groovy:620)
	at com.kms.katalon.core.webui.keyword.WebUiBuiltInKeywords$click$1.call(Unknown Source)
	at Teacher create quiz.run(Teacher create quiz:63)
	at com.kms.katalon.core.main.ScriptEngine.run(ScriptEngine.java:194)
	at com.kms.katalon.core.main.ScriptEngine.runScriptAsRawText(ScriptEngine.java:119)
	at com.kms.katalon.core.main.TestCaseExecutor.runScript(TestCaseExecutor.java:442)
	at com.kms.katalon.core.main.TestCaseExecutor.doExecute(TestCaseExecutor.java:433)
	at com.kms.katalon.core.main.TestCaseExecutor.processExecutionPhase(TestCaseExecutor.java:412)
	at com.kms.katalon.core.main.TestCaseExecutor.accessMainPhase(TestCaseExecutor.java:404)
	at com.kms.katalon.core.main.TestCaseExecutor.execute(TestCaseExecutor.java:281)
	at com.kms.katalon.core.main.TestSuiteExecutor.accessTestCaseMainPhase(TestSuiteExecutor.java:202)
	at com.kms.katalon.core.main.TestSuiteExecutor.accessTestSuiteMainPhase(TestSuiteExecutor.java:164)
	at com.kms.katalon.core.main.TestSuiteExecutor.execute(TestSuiteExecutor.java:105)
	at com.kms.katalon.core.main.TestCaseMain.startTestSuite(TestCaseMain.java:181)
	at com.kms.katalon.core.main.TestCaseMain$startTestSuite$0.call(Unknown Source)
	at TempTestSuite1641908093334.run(TempTestSuite1641908093334.groovy:36)
Caused by: org.openqa.selenium.ElementClickInterceptedException: element click intercepted: Element <button type="submit" class="btn btn-secondary" id="single_button61dd8c9ad713261" title="" data-aria-hidden-tab-index="" tabindex="-1">...</button> is not clickable at point (652, 571). Other element would receive the click: <div class="modal-footer">...</div>
  (Session info: MicrosoftEdge=97.0.1072.55)
Build info: version: '3.141.59', revision: 'e82be7d358', time: '2018-11-14T08:25:53'
System info: host: 'DESKTOP-8IHK86T', ip: '192.168.1.173', os.name: 'Windows 10', os.arch: 'amd64', os.version: '10.0', java.version: '1.8.0_282'
Driver info: com.kms.katalon.selenium.driver.CEdgeDriver
Capabilities {acceptInsecureCerts: false, browserName: msedge, browserVersion: 97.0.1072.55, javascriptEnabled: true, ms:edgeOptions: {debuggerAddress: localhost:50970}, msedge: {msedgedriverVersion: 97.0.1072.55 (ce3bf33648805..., userDataDir: C:\Users\THANHD~1\AppData\L...}, networkConnectionEnabled: false, pageLoadStrategy: normal, platform: WINDOWS, platformName: WINDOWS, proxy: Proxy(), setWindowRect: true, strictFileInteractability: false, timeouts: {implicit: 0, pageLoad: 300000, script: 30000}, unhandledPromptBehavior: dismiss and notify, webauthn:extension:credBlob: true, webauthn:extension:largeBlob: true, webauthn:virtualAuthenticators: true}
Session ID: f52530a36d68a31e035dc315c22ba09f
	at org.openqa.selenium.remote.http.W3CHttpResponseCodec.createException(W3CHttpResponseCodec.java:187)
	at org.openqa.selenium.remote.http.W3CHttpResponseCodec.decode(W3CHttpResponseCodec.java:122)
	at org.openqa.selenium.remote.http.W3CHttpResponseCodec.decode(W3CHttpResponseCodec.java:49)
	at org.openqa.selenium.remote.HttpCommandExecutor.execute(HttpCommandExecutor.java:158)
	at org.openqa.selenium.remote.service.DriverCommandExecutor.execute(DriverCommandExecutor.java:83)
	at org.openqa.selenium.remote.RemoteWebDriver.execute(RemoteWebDriver.java:552)
	at com.kms.katalon.selenium.driver.CEdgeDriver.execute(CEdgeDriver.java:20)
	at org.openqa.selenium.remote.RemoteWebElement.execute(RemoteWebElement.java:285)
	at org.openqa.selenium.remote.RemoteWebElement.click(RemoteWebElement.java:84)
	at org.openqa.selenium.support.events.EventFiringWebDriver$EventFiringWebElement.lambda$new$0(EventFiringWebDriver.java:404)
	at com.sun.proxy.$Proxy11.click(Unknown Source)
	at org.openqa.selenium.support.events.EventFiringWebDriver$EventFiringWebElement.click(EventFiringWebDriver.java:417)
	at org.openqa.selenium.WebElement$click.call(Unknown Source)
	at com.kms.katalon.core.webui.keyword.builtin.ClickKeyword.clickUntilSuccessWithTimeout(ClickKeyword.groovy:81)
	at com.kms.katalon.core.webui.keyword.builtin.ClickKeyword.clickUntilSuccessWithTimeout(ClickKeyword.groovy)
	at com.kms.katalon.core.webui.keyword.builtin.ClickKeyword$_click_closure1.doCall(ClickKeyword.groovy:67)
	at com.kms.katalon.core.webui.keyword.builtin.ClickKeyword$_click_closure1.call(ClickKeyword.groovy)
	at com.kms.katalon.core.webui.keyword.internal.WebUIKeywordMain.runKeyword(WebUIKeywordMain.groovy:20)
	at com.kms.katalon.core.webui.keyword.builtin.ClickKeyword.click(ClickKeyword.groovy:74)
	at com.kms.katalon.core.webui.keyword.builtin.ClickKeyword.execute(ClickKeyword.groovy:40)
	at com.kms.katalon.core.keyword.internal.KeywordExecutor.executeKeywordForPlatform(KeywordExecutor.groovy:74)
	at com.kms.katalon.core.webui.keyword.WebUiBuiltInKeywords.click(WebUiBuiltInKeywords.groovy:620)
	at com.kms.katalon.core.webui.keyword.WebUiBuiltInKeywords$click$1.call(Unknown Source)
	at Script1641624163108.run(Script1641624163108.groovy:63)
	... 13 more
)
[[ATTACHMENT|D:\\Test-Automation---SE-Bonus\\Reports\\20220111_203453\\Run all test cases\\20220111_203453\\1641909471771.png]]]]></system-out>
         <system-err><![CDATA[2022-01-11 20:54:09 - [TEST_CASE][FAILED] - Test Cases/Teacher create quiz: Test Cases/Teacher create quiz FAILED.
Reason:
com.kms.katalon.core.exception.StepFailedException: Unable to click on object 'Object Repository/Page_CSC13005 Quiz Testing 01/button_Edit quiz'
	at com.kms.katalon.core.webui.keyword.internal.WebUIKeywordMain.stepFailed(WebUIKeywordMain.groovy:64)
	at com.kms.katalon.core.webui.keyword.internal.WebUIKeywordMain.runKeyword(WebUIKeywordMain.groovy:26)
	at com.kms.katalon.core.webui.keyword.builtin.ClickKeyword.click(ClickKeyword.groovy:74)
	at com.kms.katalon.core.webui.keyword.builtin.ClickKeyword.execute(ClickKeyword.groovy:40)
	at com.kms.katalon.core.keyword.internal.KeywordExecutor.executeKeywordForPlatform(KeywordExecutor.groovy:74)
	at com.kms.katalon.core.webui.keyword.WebUiBuiltInKeywords.click(WebUiBuiltInKeywords.groovy:620)
	at com.kms.katalon.core.webui.keyword.WebUiBuiltInKeywords$click$1.call(Unknown Source)
	at Teacher create quiz.run(Teacher create quiz:63)
	at com.kms.katalon.core.main.ScriptEngine.run(ScriptEngine.java:194)
	at com.kms.katalon.core.main.ScriptEngine.runScriptAsRawText(ScriptEngine.java:119)
	at com.kms.katalon.core.main.TestCaseExecutor.runScript(TestCaseExecutor.java:442)
	at com.kms.katalon.core.main.TestCaseExecutor.doExecute(TestCaseExecutor.java:433)
	at com.kms.katalon.core.main.TestCaseExecutor.processExecutionPhase(TestCaseExecutor.java:412)
	at com.kms.katalon.core.main.TestCaseExecutor.accessMainPhase(TestCaseExecutor.java:404)
	at com.kms.katalon.core.main.TestCaseExecutor.execute(TestCaseExecutor.java:281)
	at com.kms.katalon.core.main.TestSuiteExecutor.accessTestCaseMainPhase(TestSuiteExecutor.java:202)
	at com.kms.katalon.core.main.TestSuiteExecutor.accessTestSuiteMainPhase(TestSuiteExecutor.java:164)
	at com.kms.katalon.core.main.TestSuiteExecutor.execute(TestSuiteExecutor.java:105)
	at com.kms.katalon.core.main.TestCaseMain.startTestSuite(TestCaseMain.java:181)
	at com.kms.katalon.core.main.TestCaseMain$startTestSuite$0.call(Unknown Source)
	at TempTestSuite1641908093334.run(TempTestSuite1641908093334.groovy:36)
Caused by: org.openqa.selenium.ElementClickInterceptedException: element click intercepted: Element <button type="submit" class="btn btn-secondary" id="single_button61dd8c9ad713261" title="" data-aria-hidden-tab-index="" tabindex="-1">...</button> is not clickable at point (652, 571). Other element would receive the click: <div class="modal-footer">...</div>
  (Session info: MicrosoftEdge=97.0.1072.55)
Build info: version: '3.141.59', revision: 'e82be7d358', time: '2018-11-14T08:25:53'
System info: host: 'DESKTOP-8IHK86T', ip: '192.168.1.173', os.name: 'Windows 10', os.arch: 'amd64', os.version: '10.0', java.version: '1.8.0_282'
Driver info: com.kms.katalon.selenium.driver.CEdgeDriver
Capabilities {acceptInsecureCerts: false, browserName: msedge, browserVersion: 97.0.1072.55, javascriptEnabled: true, ms:edgeOptions: {debuggerAddress: localhost:50970}, msedge: {msedgedriverVersion: 97.0.1072.55 (ce3bf33648805..., userDataDir: C:\Users\THANHD~1\AppData\L...}, networkConnectionEnabled: false, pageLoadStrategy: normal, platform: WINDOWS, platformName: WINDOWS, proxy: Proxy(), setWindowRect: true, strictFileInteractability: false, timeouts: {implicit: 0, pageLoad: 300000, script: 30000}, unhandledPromptBehavior: dismiss and notify, webauthn:extension:credBlob: true, webauthn:extension:largeBlob: true, webauthn:virtualAuthenticators: true}
Session ID: f52530a36d68a31e035dc315c22ba09f
	at org.openqa.selenium.remote.http.W3CHttpResponseCodec.createException(W3CHttpResponseCodec.java:187)
	at org.openqa.selenium.remote.http.W3CHttpResponseCodec.decode(W3CHttpResponseCodec.java:122)
	at org.openqa.selenium.remote.http.W3CHttpResponseCodec.decode(W3CHttpResponseCodec.java:49)
	at org.openqa.selenium.remote.HttpCommandExecutor.execute(HttpCommandExecutor.java:158)
	at org.openqa.selenium.remote.service.DriverCommandExecutor.execute(DriverCommandExecutor.java:83)
	at org.openqa.selenium.remote.RemoteWebDriver.execute(RemoteWebDriver.java:552)
	at com.kms.katalon.selenium.driver.CEdgeDriver.execute(CEdgeDriver.java:20)
	at org.openqa.selenium.remote.RemoteWebElement.execute(RemoteWebElement.java:285)
	at org.openqa.selenium.remote.RemoteWebElement.click(RemoteWebElement.java:84)
	at org.openqa.selenium.support.events.EventFiringWebDriver$EventFiringWebElement.lambda$new$0(EventFiringWebDriver.java:404)
	at com.sun.proxy.$Proxy11.click(Unknown Source)
	at org.openqa.selenium.support.events.EventFiringWebDriver$EventFiringWebElement.click(EventFiringWebDriver.java:417)
	at org.openqa.selenium.WebElement$click.call(Unknown Source)
	at com.kms.katalon.core.webui.keyword.builtin.ClickKeyword.clickUntilSuccessWithTimeout(ClickKeyword.groovy:81)
	at com.kms.katalon.core.webui.keyword.builtin.ClickKeyword.clickUntilSuccessWithTimeout(ClickKeyword.groovy)
	at com.kms.katalon.core.webui.keyword.builtin.ClickKeyword$_click_closure1.doCall(ClickKeyword.groovy:67)
	at com.kms.katalon.core.webui.keyword.builtin.ClickKeyword$_click_closure1.call(ClickKeyword.groovy)
	at com.kms.katalon.core.webui.keyword.internal.WebUIKeywordMain.runKeyword(WebUIKeywordMain.groovy:20)
	... 19 more]]></system-err>
      </testcase>
      <testcase name="Test Cases/Teacher edit topic" time="78.184" classname="Test Cases/Teacher edit topic" status="FAILED">
         <failure type="FAILED" message="Test Cases/Teacher edit topic FAILED.
Reason:
com.kms.katalon.core.exception.StepFailedException: Unable to set text 'Lecture 01' of object 'Object Repository/Page_Course Phn tch v qun l yu cu phn mm/input_New name for topic Topic 1_id_inplace_ba18e1'
	at com.kms.katalon.core.webui.keyword.internal.WebUIKeywordMain.stepFailed(WebUIKeywordMain.groovy:64)
	at com.kms.katalon.core.webui.keyword.internal.WebUIKeywordMain.runKeyword(WebUIKeywordMain.groovy:26)
	at com.kms.katalon.core.webui.keyword.builtin.SetTextKeyword.setText(SetTextKeyword.groovy:66)
	at com.kms.katalon.core.webui.keyword.builtin.SetTextKeyword.execute(SetTextKeyword.groovy:37)
	at com.kms.katalon.core.keyword.internal.KeywordExecutor.executeKeywordForPlatform(KeywordExecutor.groovy:74)
	at com.kms.katalon.core.webui.keyword.WebUiBuiltInKeywords.setText(WebUiBuiltInKeywords.groovy:980)
	at com.kms.katalon.core.webui.keyword.WebUiBuiltInKeywords$setText$2.call(Unknown Source)
	at Teacher edit topic.run(Teacher edit topic:32)
	at com.kms.katalon.core.main.ScriptEngine.run(ScriptEngine.java:194)
	at com.kms.katalon.core.main.ScriptEngine.runScriptAsRawText(ScriptEngine.java:119)
	at com.kms.katalon.core.main.TestCaseExecutor.runScript(TestCaseExecutor.java:442)
	at com.kms.katalon.core.main.TestCaseExecutor.doExecute(TestCaseExecutor.java:433)
	at com.kms.katalon.core.main.TestCaseExecutor.processExecutionPhase(TestCaseExecutor.java:412)
	at com.kms.katalon.core.main.TestCaseExecutor.accessMainPhase(TestCaseExecutor.java:404)
	at com.kms.katalon.core.main.TestCaseExecutor.execute(TestCaseExecutor.java:281)
	at com.kms.katalon.core.main.TestSuiteExecutor.accessTestCaseMainPhase(TestSuiteExecutor.java:202)
	at com.kms.katalon.core.main.TestSuiteExecutor.accessTestSuiteMainPhase(TestSuiteExecutor.java:164)
	at com.kms.katalon.core.main.TestSuiteExecutor.execute(TestSuiteExecutor.java:105)
	at com.kms.katalon.core.main.TestCaseMain.startTestSuite(TestCaseMain.java:181)
	at com.kms.katalon.core.main.TestCaseMain$startTestSuite$0.call(Unknown Source)
	at TempTestSuite1641908093334.run(TempTestSuite1641908093334.groovy:36)
Caused by: com.kms.katalon.core.webui.exception.WebElementNotFoundException: Web element with id: 'Object Repository/Page_Course Phn tch v qun l yu cu phn mm/input_New name for topic Topic 1_id_inplace_ba18e1' located by '//input[@id='id_inplacevalue_30995584801983719841']' not found
	at com.kms.katalon.core.webui.common.WebUiCommonHelper.findWebElement(WebUiCommonHelper.java:1368)
	at com.kms.katalon.core.webui.keyword.internal.WebUIAbstractKeyword.findWebElement(WebUIAbstractKeyword.groovy:27)
	at com.kms.katalon.core.webui.keyword.internal.WebUIAbstractKeyword.findWebElement(WebUIAbstractKeyword.groovy:26)
	at com.kms.katalon.core.webui.keyword.builtin.SetTextKeyword$_setText_closure1.doCall(SetTextKeyword.groovy:51)
	at com.kms.katalon.core.webui.keyword.builtin.SetTextKeyword$_setText_closure1.call(SetTextKeyword.groovy)
	at com.kms.katalon.core.webui.keyword.internal.WebUIKeywordMain.runKeyword(WebUIKeywordMain.groovy:20)
	... 19 more
"/>
         <system-out><![CDATA[2022-01-11 20:57:51 - [TEST_CASE][FAILED] - Test Cases/Teacher edit topic: Test Cases/Teacher edit topic FAILED.
Reason:
com.kms.katalon.core.exception.StepFailedException: Unable to set text 'Lecture 01' of object 'Object Repository/Page_Course Phn tch v qun l yu cu phn mm/input_New name for topic Topic 1_id_inplace_ba18e1'
	at com.kms.katalon.core.webui.keyword.internal.WebUIKeywordMain.stepFailed(WebUIKeywordMain.groovy:64)
	at com.kms.katalon.core.webui.keyword.internal.WebUIKeywordMain.runKeyword(WebUIKeywordMain.groovy:26)
	at com.kms.katalon.core.webui.keyword.builtin.SetTextKeyword.setText(SetTextKeyword.groovy:66)
	at com.kms.katalon.core.webui.keyword.builtin.SetTextKeyword.execute(SetTextKeyword.groovy:37)
	at com.kms.katalon.core.keyword.internal.KeywordExecutor.executeKeywordForPlatform(KeywordExecutor.groovy:74)
	at com.kms.katalon.core.webui.keyword.WebUiBuiltInKeywords.setText(WebUiBuiltInKeywords.groovy:980)
	at com.kms.katalon.core.webui.keyword.WebUiBuiltInKeywords$setText$2.call(Unknown Source)
	at Teacher edit topic.run(Teacher edit topic:32)
	at com.kms.katalon.core.main.ScriptEngine.run(ScriptEngine.java:194)
	at com.kms.katalon.core.main.ScriptEngine.runScriptAsRawText(ScriptEngine.java:119)
	at com.kms.katalon.core.main.TestCaseExecutor.runScript(TestCaseExecutor.java:442)
	at com.kms.katalon.core.main.TestCaseExecutor.doExecute(TestCaseExecutor.java:433)
	at com.kms.katalon.core.main.TestCaseExecutor.processExecutionPhase(TestCaseExecutor.java:412)
	at com.kms.katalon.core.main.TestCaseExecutor.accessMainPhase(TestCaseExecutor.java:404)
	at com.kms.katalon.core.main.TestCaseExecutor.execute(TestCaseExecutor.java:281)
	at com.kms.katalon.core.main.TestSuiteExecutor.accessTestCaseMainPhase(TestSuiteExecutor.java:202)
	at com.kms.katalon.core.main.TestSuiteExecutor.accessTestSuiteMainPhase(TestSuiteExecutor.java:164)
	at com.kms.katalon.core.main.TestSuiteExecutor.execute(TestSuiteExecutor.java:105)
	at com.kms.katalon.core.main.TestCaseMain.startTestSuite(TestCaseMain.java:181)
	at com.kms.katalon.core.main.TestCaseMain$startTestSuite$0.call(Unknown Source)
	at TempTestSuite1641908093334.run(TempTestSuite1641908093334.groovy:36)
Caused by: com.kms.katalon.core.webui.exception.WebElementNotFoundException: Web element with id: 'Object Repository/Page_Course Phn tch v qun l yu cu phn mm/input_New name for topic Topic 1_id_inplace_ba18e1' located by '//input[@id='id_inplacevalue_30995584801983719841']' not found
	at com.kms.katalon.core.webui.common.WebUiCommonHelper.findWebElement(WebUiCommonHelper.java:1368)
	at com.kms.katalon.core.webui.keyword.internal.WebUIAbstractKeyword.findWebElement(WebUIAbstractKeyword.groovy:27)
	at com.kms.katalon.core.webui.keyword.internal.WebUIAbstractKeyword.findWebElement(WebUIAbstractKeyword.groovy:26)
	at com.kms.katalon.core.webui.keyword.builtin.SetTextKeyword$_setText_closure1.doCall(SetTextKeyword.groovy:51)
	at com.kms.katalon.core.webui.keyword.builtin.SetTextKeyword$_setText_closure1.call(SetTextKeyword.groovy)
	at com.kms.katalon.core.webui.keyword.internal.WebUIKeywordMain.runKeyword(WebUIKeywordMain.groovy:20)
	... 19 more


2022-01-11 20:57:52 - [TEST_STEP][PASSED] - callTestCase(findTestCase("Login as user (teacher)"), [:], STOP_ON_FAILURE): Call Test Case 'Test Cases/Login as user (teacher)' successfully

2022-01-11 20:57:52 - [TEST_CASE][PASSED] - Test Cases/Login as user (teacher): Test Cases/Login as user (teacher)

2022-01-11 20:57:52 - [TEST_STEP][PASSED] - openBrowser(""): Browser is opened with url: ''

2022-01-11 20:57:52 - [MESSAGE][WARNING] - A browser is already opened. Closing browser and opening a new one

2022-01-11 20:57:53 - [MESSAGE][INFO] - Starting 'Edge Chromium' driver

2022-01-11 20:57:53 - [MESSAGE][INFO] - Action delay is set to 0 milliseconds

2022-01-11 20:57:55 - [MESSAGE][PASSED] - Browser is opened with url: ''

2022-01-11 20:57:55 - [TEST_STEP][PASSED] - navigateToUrl("http://localhost/"): Navigate to 'http://localhost/' successfully

2022-01-11 20:57:55 - [MESSAGE][PASSED] - Navigate to 'http://localhost/' successfully

2022-01-11 20:57:55 - [TEST_STEP][PASSED] - click(findTestObject("Object Repository/Page_My Moodle/a_Log in")): Object: 'Object Repository/Page_My Moodle/a_Log in' is clicked on

2022-01-11 20:57:56 - [MESSAGE][PASSED] - Object: 'Object Repository/Page_My Moodle/a_Log in' is clicked on

2022-01-11 20:57:56 - [TEST_STEP][PASSED] - setText(findTestObject("Object Repository/Page_My Moodle Log in to the site/input_Username_username"), "teacher"): Text 'teacher' is set on object 'Object Repository/Page_My Moodle Log in to the site/input_Username_username'

2022-01-11 20:57:57 - [MESSAGE][PASSED] - Text 'teacher' is set on object 'Object Repository/Page_My Moodle Log in to the site/input_Username_username'

2022-01-11 20:57:57 - [TEST_STEP][PASSED] - setEncryptedText(findTestObject("Object Repository/Page_My Moodle Log in to the site/input_Password_password"), "3fJEwIvstDDnFTEIk7299A=="): Text ****** has been set on object 'Object Repository/Page_My Moodle Log in to the site/input_Password_password'

2022-01-11 20:57:57 - [MESSAGE][PASSED] - Text ****** has been set on object 'Object Repository/Page_My Moodle Log in to the site/input_Password_password'

2022-01-11 20:57:57 - [TEST_STEP][PASSED] - click(findTestObject("Object Repository/Page_My Moodle Log in to the site/button_Log in")): Object: 'Object Repository/Page_My Moodle Log in to the site/button_Log in' is clicked on

2022-01-11 20:57:58 - [MESSAGE][PASSED] - Object: 'Object Repository/Page_My Moodle Log in to the site/button_Log in' is clicked on

2022-01-11 20:57:58 - [MESSAGE][PASSED] - Call Test Case 'Test Cases/Login as user (teacher)' successfully

2022-01-11 20:57:58 - [TEST_STEP][PASSED] - click(findTestObject("Object Repository/Page_Dashboard/span_Site home")): Object: 'Object Repository/Page_Dashboard/span_Site home' is clicked on

2022-01-11 20:58:00 - [MESSAGE][PASSED] - Object: 'Object Repository/Page_Dashboard/span_Site home' is clicked on

2022-01-11 20:58:00 - [TEST_STEP][PASSED] - navigateToUrl("http://localhost/?redirect=0"): Navigate to 'http://localhost/?redirect=0' successfully

2022-01-11 20:58:00 - [MESSAGE][PASSED] - Navigate to 'http://localhost/?redirect=0' successfully

2022-01-11 20:58:00 - [TEST_STEP][PASSED] - click(findTestObject("Object Repository/Page_My Moodle/a_Phn tch v qun l yu cu phn mm")): Object: 'Object Repository/Page_My Moodle/a_Phn tch v qun l yu cu phn mm' is clicked on

2022-01-11 20:58:01 - [MESSAGE][PASSED] - Object: 'Object Repository/Page_My Moodle/a_Phn tch v qun l yu cu phn mm' is clicked on

2022-01-11 20:58:01 - [TEST_STEP][PASSED] - click(findTestObject("Object Repository/Page_Course Phn tch v qun l yu cu phn mm/button_Turn editing on")): Object: 'Object Repository/Page_Course Phn tch v qun l yu cu phn mm/button_Turn editing on' is clicked on

2022-01-11 20:58:02 - [MESSAGE][PASSED] - Object: 'Object Repository/Page_Course Phn tch v qun l yu cu phn mm/button_Turn editing on' is clicked on

2022-01-11 20:58:02 - [TEST_STEP][PASSED] - click(findTestObject("Object Repository/Page_Course Phn tch v qun l yu cu phn mm/i_Topic 1_yui_3_17_2_1_1641734369355_650")): Object: 'Object Repository/Page_Course Phn tch v qun l yu cu phn mm/i_Topic 1_yui_3_17_2_1_1641734369355_650' is clicked on

2022-01-11 20:58:34 - [MESSAGE][INFO] - Unable to find the element located by 'By.xpath: //i[@id='yui_3_17_2_1_1641734369355_650']'. Please recheck the objects properties to make sure the desired element is located. 

2022-01-11 20:58:34 - [MESSAGE][WARNING] - [SELF-HEALING] Failed to find element with id 'Object Repository/Page_Course Phn tch v qun l yu cu phn mm/i_Topic 1_yui_3_17_2_1_1641734369355_650'. Try using Self-healing.

2022-01-11 20:58:34 - [MESSAGE][INFO] - [SELF-HEALING] Failed Locator: '//i[@id='yui_3_17_2_1_1641734369355_650']'.

2022-01-11 20:58:34 - [MESSAGE][INFO] - [SELF-HEALING] Failed Locator: '//span[@id='yui_3_17_2_1_1641734369355_651']/i'.

2022-01-11 20:58:34 - [MESSAGE][INFO] - [SELF-HEALING] Working Locator: '//li[2]/div[3]/h3/span/span/a[2]/span/i'.

2022-01-11 20:58:35 - [MESSAGE][INFO] - [SELF-HEALING] Screenshot: D:/Test-Automation---SE-Bonus/Reports/Self-healing/Object Repository/Page_Course Phn tch v qun l yu cu phn mm/i_Topic 1_yui_3_17_2_1_1641734369355_650_position.png

2022-01-11 20:58:35 - [MESSAGE][WARNING] - [SELF-HEALING] The current locator of test object 'Object Repository/Page_Course Phn tch v qun l yu cu phn mm/i_Topic 1_yui_3_17_2_1_1641734369355_650' was broken. Propose an alternative one: '//li[2]/div[3]/h3/span/span/a[2]/span/i'.

2022-01-11 20:58:35 - [MESSAGE][PASSED] - Object: 'Object Repository/Page_Course Phn tch v qun l yu cu phn mm/i_Topic 1_yui_3_17_2_1_1641734369355_650' is clicked on

2022-01-11 20:58:35 - [TEST_STEP][FAILED] - setText(findTestObject("Object Repository/Page_Course Phn tch v qun l yu cu phn mm/input_New name for topic Topic 1_id_inplace_ba18e1"), "Lecture 01"): Unable to set text 'Lecture 01' of object 'Object Repository/Page_Course Phn tch v qun l yu cu phn mm/input_New name for topic Topic 1_id_inplace_ba18e1' (Root cause: com.kms.katalon.core.exception.StepFailedException: Unable to set text 'Lecture 01' of object 'Object Repository/Page_Course Phn tch v qun l yu cu phn mm/input_New name for topic Topic 1_id_inplace_ba18e1'
	at com.kms.katalon.core.webui.keyword.internal.WebUIKeywordMain.stepFailed(WebUIKeywordMain.groovy:64)
	at com.kms.katalon.core.webui.keyword.internal.WebUIKeywordMain.runKeyword(WebUIKeywordMain.groovy:26)
	at com.kms.katalon.core.webui.keyword.builtin.SetTextKeyword.setText(SetTextKeyword.groovy:66)
	at com.kms.katalon.core.webui.keyword.builtin.SetTextKeyword.execute(SetTextKeyword.groovy:37)
	at com.kms.katalon.core.keyword.internal.KeywordExecutor.executeKeywordForPlatform(KeywordExecutor.groovy:74)
	at com.kms.katalon.core.webui.keyword.WebUiBuiltInKeywords.setText(WebUiBuiltInKeywords.groovy:980)
	at com.kms.katalon.core.webui.keyword.WebUiBuiltInKeywords$setText$2.call(Unknown Source)
	at Teacher edit topic.run(Teacher edit topic:32)
	at com.kms.katalon.core.main.ScriptEngine.run(ScriptEngine.java:194)
	at com.kms.katalon.core.main.ScriptEngine.runScriptAsRawText(ScriptEngine.java:119)
	at com.kms.katalon.core.main.TestCaseExecutor.runScript(TestCaseExecutor.java:442)
	at com.kms.katalon.core.main.TestCaseExecutor.doExecute(TestCaseExecutor.java:433)
	at com.kms.katalon.core.main.TestCaseExecutor.processExecutionPhase(TestCaseExecutor.java:412)
	at com.kms.katalon.core.main.TestCaseExecutor.accessMainPhase(TestCaseExecutor.java:404)
	at com.kms.katalon.core.main.TestCaseExecutor.execute(TestCaseExecutor.java:281)
	at com.kms.katalon.core.main.TestSuiteExecutor.accessTestCaseMainPhase(TestSuiteExecutor.java:202)
	at com.kms.katalon.core.main.TestSuiteExecutor.accessTestSuiteMainPhase(TestSuiteExecutor.java:164)
	at com.kms.katalon.core.main.TestSuiteExecutor.execute(TestSuiteExecutor.java:105)
	at com.kms.katalon.core.main.TestCaseMain.startTestSuite(TestCaseMain.java:181)
	at com.kms.katalon.core.main.TestCaseMain$startTestSuite$0.call(Unknown Source)
	at TempTestSuite1641908093334.run(TempTestSuite1641908093334.groovy:36)
Caused by: com.kms.katalon.core.webui.exception.WebElementNotFoundException: Web element with id: 'Object Repository/Page_Course Phn tch v qun l yu cu phn mm/input_New name for topic Topic 1_id_inplace_ba18e1' located by '//input[@id='id_inplacevalue_30995584801983719841']' not found
	at com.kms.katalon.core.webui.common.WebUiCommonHelper.findWebElement(WebUiCommonHelper.java:1368)
	at com.kms.katalon.core.webui.keyword.internal.WebUIAbstractKeyword.findWebElement(WebUIAbstractKeyword.groovy:27)
	at com.kms.katalon.core.webui.keyword.internal.WebUIAbstractKeyword.findWebElement(WebUIAbstractKeyword.groovy:26)
	at com.kms.katalon.core.webui.keyword.builtin.SetTextKeyword$_setText_closure1.doCall(SetTextKeyword.groovy:51)
	at com.kms.katalon.core.webui.keyword.builtin.SetTextKeyword$_setText_closure1.call(SetTextKeyword.groovy)
	at com.kms.katalon.core.webui.keyword.internal.WebUIKeywordMain.runKeyword(WebUIKeywordMain.groovy:20)
	at com.kms.katalon.core.webui.keyword.builtin.SetTextKeyword.setText(SetTextKeyword.groovy:66)
	at com.kms.katalon.core.webui.keyword.builtin.SetTextKeyword.execute(SetTextKeyword.groovy:37)
	at com.kms.katalon.core.keyword.internal.KeywordExecutor.executeKeywordForPlatform(KeywordExecutor.groovy:74)
	at com.kms.katalon.core.webui.keyword.WebUiBuiltInKeywords.setText(WebUiBuiltInKeywords.groovy:980)
	at com.kms.katalon.core.webui.keyword.WebUiBuiltInKeywords$setText$2.call(Unknown Source)
	at Script1641734280422.run(Script1641734280422.groovy:32)
	... 13 more
)

2022-01-11 20:59:06 - [MESSAGE][INFO] - Unable to find the element located by 'By.xpath: //input[@id='id_inplacevalue_30995584801983719841']'. Please recheck the objects properties to make sure the desired element is located. 

2022-01-11 20:59:06 - [MESSAGE][WARNING] - [SELF-HEALING] Failed to find element with id 'Object Repository/Page_Course Phn tch v qun l yu cu phn mm/input_New name for topic Topic 1_id_inplace_ba18e1'. Try using Self-healing.

2022-01-11 20:59:06 - [MESSAGE][INFO] - [SELF-HEALING] Failed Locator: '//input[@id='id_inplacevalue_30995584801983719841']'.

2022-01-11 20:59:06 - [MESSAGE][INFO] - [SELF-HEALING] Failed Locator: '//span[@id='yui_3_17_2_1_1641734369355_653']/input'.

2022-01-11 20:59:07 - [MESSAGE][INFO] - [SELF-HEALING] Failed Locator: '//span/input'.

2022-01-11 20:59:07 - [MESSAGE][INFO] - [SELF-HEALING] Failed Locator: '//input[@id='id_inplacevalue_30995584801983719841']'.

2022-01-11 20:59:07 - [MESSAGE][INFO] - [SELF-HEALING] Failed Locator: '//span[@id='yui_3_17_2_1_1641734369355_653']/input'.

2022-01-11 20:59:07 - [MESSAGE][INFO] - [SELF-HEALING] Failed Locator: '//span/input'.

2022-01-11 20:59:08 - [MESSAGE][INFO] - Unable to find the element located by 'By.xpath: //*[@type = 'text' and @id = 'id_inplacevalue_30995584801983719841']'. Please recheck the objects properties to make sure the desired element is located. 

2022-01-11 20:59:09 - [MESSAGE][INFO] - Unable to find the element located by 'By.cssSelector: #id_inplacevalue_30995584801983719841'. Please recheck the objects properties to make sure the desired element is located. 

2022-01-11 20:59:10 - [MESSAGE][FAILED] - Unable to set text 'Lecture 01' of object 'Object Repository/Page_Course Phn tch v qun l yu cu phn mm/input_New name for topic Topic 1_id_inplace_ba18e1' (Root cause: com.kms.katalon.core.exception.StepFailedException: Unable to set text 'Lecture 01' of object 'Object Repository/Page_Course Phn tch v qun l yu cu phn mm/input_New name for topic Topic 1_id_inplace_ba18e1'
	at com.kms.katalon.core.webui.keyword.internal.WebUIKeywordMain.stepFailed(WebUIKeywordMain.groovy:64)
	at com.kms.katalon.core.webui.keyword.internal.WebUIKeywordMain.runKeyword(WebUIKeywordMain.groovy:26)
	at com.kms.katalon.core.webui.keyword.builtin.SetTextKeyword.setText(SetTextKeyword.groovy:66)
	at com.kms.katalon.core.webui.keyword.builtin.SetTextKeyword.execute(SetTextKeyword.groovy:37)
	at com.kms.katalon.core.keyword.internal.KeywordExecutor.executeKeywordForPlatform(KeywordExecutor.groovy:74)
	at com.kms.katalon.core.webui.keyword.WebUiBuiltInKeywords.setText(WebUiBuiltInKeywords.groovy:980)
	at com.kms.katalon.core.webui.keyword.WebUiBuiltInKeywords$setText$2.call(Unknown Source)
	at Teacher edit topic.run(Teacher edit topic:32)
	at com.kms.katalon.core.main.ScriptEngine.run(ScriptEngine.java:194)
	at com.kms.katalon.core.main.ScriptEngine.runScriptAsRawText(ScriptEngine.java:119)
	at com.kms.katalon.core.main.TestCaseExecutor.runScript(TestCaseExecutor.java:442)
	at com.kms.katalon.core.main.TestCaseExecutor.doExecute(TestCaseExecutor.java:433)
	at com.kms.katalon.core.main.TestCaseExecutor.processExecutionPhase(TestCaseExecutor.java:412)
	at com.kms.katalon.core.main.TestCaseExecutor.accessMainPhase(TestCaseExecutor.java:404)
	at com.kms.katalon.core.main.TestCaseExecutor.execute(TestCaseExecutor.java:281)
	at com.kms.katalon.core.main.TestSuiteExecutor.accessTestCaseMainPhase(TestSuiteExecutor.java:202)
	at com.kms.katalon.core.main.TestSuiteExecutor.accessTestSuiteMainPhase(TestSuiteExecutor.java:164)
	at com.kms.katalon.core.main.TestSuiteExecutor.execute(TestSuiteExecutor.java:105)
	at com.kms.katalon.core.main.TestCaseMain.startTestSuite(TestCaseMain.java:181)
	at com.kms.katalon.core.main.TestCaseMain$startTestSuite$0.call(Unknown Source)
	at TempTestSuite1641908093334.run(TempTestSuite1641908093334.groovy:36)
Caused by: com.kms.katalon.core.webui.exception.WebElementNotFoundException: Web element with id: 'Object Repository/Page_Course Phn tch v qun l yu cu phn mm/input_New name for topic Topic 1_id_inplace_ba18e1' located by '//input[@id='id_inplacevalue_30995584801983719841']' not found
	at com.kms.katalon.core.webui.common.WebUiCommonHelper.findWebElement(WebUiCommonHelper.java:1368)
	at com.kms.katalon.core.webui.keyword.internal.WebUIAbstractKeyword.findWebElement(WebUIAbstractKeyword.groovy:27)
	at com.kms.katalon.core.webui.keyword.internal.WebUIAbstractKeyword.findWebElement(WebUIAbstractKeyword.groovy:26)
	at com.kms.katalon.core.webui.keyword.builtin.SetTextKeyword$_setText_closure1.doCall(SetTextKeyword.groovy:51)
	at com.kms.katalon.core.webui.keyword.builtin.SetTextKeyword$_setText_closure1.call(SetTextKeyword.groovy)
	at com.kms.katalon.core.webui.keyword.internal.WebUIKeywordMain.runKeyword(WebUIKeywordMain.groovy:20)
	at com.kms.katalon.core.webui.keyword.builtin.SetTextKeyword.setText(SetTextKeyword.groovy:66)
	at com.kms.katalon.core.webui.keyword.builtin.SetTextKeyword.execute(SetTextKeyword.groovy:37)
	at com.kms.katalon.core.keyword.internal.KeywordExecutor.executeKeywordForPlatform(KeywordExecutor.groovy:74)
	at com.kms.katalon.core.webui.keyword.WebUiBuiltInKeywords.setText(WebUiBuiltInKeywords.groovy:980)
	at com.kms.katalon.core.webui.keyword.WebUiBuiltInKeywords$setText$2.call(Unknown Source)
	at Script1641734280422.run(Script1641734280422.groovy:32)
	... 13 more
)
[[ATTACHMENT|D:\\Test-Automation---SE-Bonus\\Reports\\20220111_203453\\Run all test cases\\20220111_203453\\1641909549982.png]]]]></system-out>
         <system-err><![CDATA[2022-01-11 20:57:51 - [TEST_CASE][FAILED] - Test Cases/Teacher edit topic: Test Cases/Teacher edit topic FAILED.
Reason:
com.kms.katalon.core.exception.StepFailedException: Unable to set text 'Lecture 01' of object 'Object Repository/Page_Course Phn tch v qun l yu cu phn mm/input_New name for topic Topic 1_id_inplace_ba18e1'
	at com.kms.katalon.core.webui.keyword.internal.WebUIKeywordMain.stepFailed(WebUIKeywordMain.groovy:64)
	at com.kms.katalon.core.webui.keyword.internal.WebUIKeywordMain.runKeyword(WebUIKeywordMain.groovy:26)
	at com.kms.katalon.core.webui.keyword.builtin.SetTextKeyword.setText(SetTextKeyword.groovy:66)
	at com.kms.katalon.core.webui.keyword.builtin.SetTextKeyword.execute(SetTextKeyword.groovy:37)
	at com.kms.katalon.core.keyword.internal.KeywordExecutor.executeKeywordForPlatform(KeywordExecutor.groovy:74)
	at com.kms.katalon.core.webui.keyword.WebUiBuiltInKeywords.setText(WebUiBuiltInKeywords.groovy:980)
	at com.kms.katalon.core.webui.keyword.WebUiBuiltInKeywords$setText$2.call(Unknown Source)
	at Teacher edit topic.run(Teacher edit topic:32)
	at com.kms.katalon.core.main.ScriptEngine.run(ScriptEngine.java:194)
	at com.kms.katalon.core.main.ScriptEngine.runScriptAsRawText(ScriptEngine.java:119)
	at com.kms.katalon.core.main.TestCaseExecutor.runScript(TestCaseExecutor.java:442)
	at com.kms.katalon.core.main.TestCaseExecutor.doExecute(TestCaseExecutor.java:433)
	at com.kms.katalon.core.main.TestCaseExecutor.processExecutionPhase(TestCaseExecutor.java:412)
	at com.kms.katalon.core.main.TestCaseExecutor.accessMainPhase(TestCaseExecutor.java:404)
	at com.kms.katalon.core.main.TestCaseExecutor.execute(TestCaseExecutor.java:281)
	at com.kms.katalon.core.main.TestSuiteExecutor.accessTestCaseMainPhase(TestSuiteExecutor.java:202)
	at com.kms.katalon.core.main.TestSuiteExecutor.accessTestSuiteMainPhase(TestSuiteExecutor.java:164)
	at com.kms.katalon.core.main.TestSuiteExecutor.execute(TestSuiteExecutor.java:105)
	at com.kms.katalon.core.main.TestCaseMain.startTestSuite(TestCaseMain.java:181)
	at com.kms.katalon.core.main.TestCaseMain$startTestSuite$0.call(Unknown Source)
	at TempTestSuite1641908093334.run(TempTestSuite1641908093334.groovy:36)
Caused by: com.kms.katalon.core.webui.exception.WebElementNotFoundException: Web element with id: 'Object Repository/Page_Course Phn tch v qun l yu cu phn mm/input_New name for topic Topic 1_id_inplace_ba18e1' located by '//input[@id='id_inplacevalue_30995584801983719841']' not found
	at com.kms.katalon.core.webui.common.WebUiCommonHelper.findWebElement(WebUiCommonHelper.java:1368)
	at com.kms.katalon.core.webui.keyword.internal.WebUIAbstractKeyword.findWebElement(WebUIAbstractKeyword.groovy:27)
	at com.kms.katalon.core.webui.keyword.internal.WebUIAbstractKeyword.findWebElement(WebUIAbstractKeyword.groovy:26)
	at com.kms.katalon.core.webui.keyword.builtin.SetTextKeyword$_setText_closure1.doCall(SetTextKeyword.groovy:51)
	at com.kms.katalon.core.webui.keyword.builtin.SetTextKeyword$_setText_closure1.call(SetTextKeyword.groovy)
	at com.kms.katalon.core.webui.keyword.internal.WebUIKeywordMain.runKeyword(WebUIKeywordMain.groovy:20)
	... 19 more]]></system-err>
      </testcase>
      <testcase name="Test Cases/Teacher delete topic" time="12.413" classname="Test Cases/Teacher delete topic" status="PASSED">
         <system-out><![CDATA[2022-01-11 20:59:10 - [TEST_CASE][PASSED] - Test Cases/Teacher delete topic: Test Cases/Teacher delete topic

2022-01-11 20:59:10 - [TEST_STEP][PASSED] - callTestCase(findTestCase("Login as user (teacher)"), [:], STOP_ON_FAILURE): Call Test Case 'Test Cases/Login as user (teacher)' successfully

2022-01-11 20:59:10 - [TEST_CASE][PASSED] - Test Cases/Login as user (teacher): Test Cases/Login as user (teacher)

2022-01-11 20:59:10 - [TEST_STEP][PASSED] - openBrowser(""): Browser is opened with url: ''

2022-01-11 20:59:10 - [MESSAGE][WARNING] - A browser is already opened. Closing browser and opening a new one

2022-01-11 20:59:11 - [MESSAGE][INFO] - Starting 'Edge Chromium' driver

2022-01-11 20:59:12 - [MESSAGE][INFO] - Action delay is set to 0 milliseconds

2022-01-11 20:59:13 - [MESSAGE][PASSED] - Browser is opened with url: ''

2022-01-11 20:59:13 - [TEST_STEP][PASSED] - navigateToUrl("http://localhost/"): Navigate to 'http://localhost/' successfully

2022-01-11 20:59:13 - [MESSAGE][PASSED] - Navigate to 'http://localhost/' successfully

2022-01-11 20:59:13 - [TEST_STEP][PASSED] - click(findTestObject("Object Repository/Page_My Moodle/a_Log in")): Object: 'Object Repository/Page_My Moodle/a_Log in' is clicked on

2022-01-11 20:59:14 - [MESSAGE][PASSED] - Object: 'Object Repository/Page_My Moodle/a_Log in' is clicked on

2022-01-11 20:59:14 - [TEST_STEP][PASSED] - setText(findTestObject("Object Repository/Page_My Moodle Log in to the site/input_Username_username"), "teacher"): Text 'teacher' is set on object 'Object Repository/Page_My Moodle Log in to the site/input_Username_username'

2022-01-11 20:59:15 - [MESSAGE][PASSED] - Text 'teacher' is set on object 'Object Repository/Page_My Moodle Log in to the site/input_Username_username'

2022-01-11 20:59:15 - [TEST_STEP][PASSED] - setEncryptedText(findTestObject("Object Repository/Page_My Moodle Log in to the site/input_Password_password"), "3fJEwIvstDDnFTEIk7299A=="): Text ****** has been set on object 'Object Repository/Page_My Moodle Log in to the site/input_Password_password'

2022-01-11 20:59:15 - [MESSAGE][PASSED] - Text ****** has been set on object 'Object Repository/Page_My Moodle Log in to the site/input_Password_password'

2022-01-11 20:59:15 - [TEST_STEP][PASSED] - click(findTestObject("Object Repository/Page_My Moodle Log in to the site/button_Log in")): Object: 'Object Repository/Page_My Moodle Log in to the site/button_Log in' is clicked on

2022-01-11 20:59:17 - [MESSAGE][PASSED] - Object: 'Object Repository/Page_My Moodle Log in to the site/button_Log in' is clicked on

2022-01-11 20:59:17 - [MESSAGE][PASSED] - Call Test Case 'Test Cases/Login as user (teacher)' successfully

2022-01-11 20:59:17 - [TEST_STEP][PASSED] - click(findTestObject("Object Repository/Page_Dashboard/span_Site home")): Object: 'Object Repository/Page_Dashboard/span_Site home' is clicked on

2022-01-11 20:59:18 - [MESSAGE][PASSED] - Object: 'Object Repository/Page_Dashboard/span_Site home' is clicked on

2022-01-11 20:59:18 - [TEST_STEP][PASSED] - navigateToUrl("http://localhost/?redirect=0"): Navigate to 'http://localhost/?redirect=0' successfully

2022-01-11 20:59:19 - [MESSAGE][PASSED] - Navigate to 'http://localhost/?redirect=0' successfully

2022-01-11 20:59:19 - [TEST_STEP][PASSED] - click(findTestObject("Object Repository/Page_My Moodle/a_Phn tch v qun l yu cu phn mm")): Object: 'Object Repository/Page_My Moodle/a_Phn tch v qun l yu cu phn mm' is clicked on

2022-01-11 20:59:20 - [MESSAGE][PASSED] - Object: 'Object Repository/Page_My Moodle/a_Phn tch v qun l yu cu phn mm' is clicked on

2022-01-11 20:59:20 - [TEST_STEP][PASSED] - click(findTestObject("Object Repository/Page_Course Phn tch v qun l yu cu phn mm/button_Turn editing on")): Object: 'Object Repository/Page_Course Phn tch v qun l yu cu phn mm/button_Turn editing on' is clicked on

2022-01-11 20:59:21 - [MESSAGE][PASSED] - Object: 'Object Repository/Page_Course Phn tch v qun l yu cu phn mm/button_Turn editing on' is clicked on

2022-01-11 20:59:21 - [TEST_STEP][PASSED] - click(findTestObject("Object Repository/Page_Course Phn tch v qun l yu cu phn mm/a_Edit")): Object: 'Object Repository/Page_Course Phn tch v qun l yu cu phn mm/a_Edit' is clicked on

2022-01-11 20:59:22 - [MESSAGE][PASSED] - Object: 'Object Repository/Page_Course Phn tch v qun l yu cu phn mm/a_Edit' is clicked on

2022-01-11 20:59:22 - [TEST_STEP][PASSED] - click(findTestObject("Object Repository/Page_Course Phn tch v qun l yu cu phn mm/span_Delete topic")): Object: 'Object Repository/Page_Course Phn tch v qun l yu cu phn mm/span_Delete topic' is clicked on

2022-01-11 20:59:22 - [MESSAGE][PASSED] - Object: 'Object Repository/Page_Course Phn tch v qun l yu cu phn mm/span_Delete topic' is clicked on]]></system-out>
         <system-err><![CDATA[]]></system-err>
      </testcase>
      <testcase name="Test Cases/Teacher upload rescourse" time="51.541" classname="Test Cases/Teacher upload rescourse" status="PASSED">
         <system-out><![CDATA[2022-01-11 20:59:22 - [TEST_CASE][PASSED] - Test Cases/Teacher upload rescourse: Test Cases/Teacher upload rescourse

2022-01-11 20:59:22 - [TEST_STEP][PASSED] - callTestCase(findTestCase("Login as user (teacher)"), [:], STOP_ON_FAILURE): Call Test Case 'Test Cases/Login as user (teacher)' successfully

2022-01-11 20:59:22 - [TEST_CASE][PASSED] - Test Cases/Login as user (teacher): Test Cases/Login as user (teacher)

2022-01-11 20:59:22 - [TEST_STEP][PASSED] - openBrowser(""): Browser is opened with url: ''

2022-01-11 20:59:22 - [MESSAGE][WARNING] - A browser is already opened. Closing browser and opening a new one

2022-01-11 20:59:23 - [MESSAGE][INFO] - Starting 'Edge Chromium' driver

2022-01-11 20:59:24 - [MESSAGE][INFO] - Action delay is set to 0 milliseconds

2022-01-11 20:59:25 - [MESSAGE][PASSED] - Browser is opened with url: ''

2022-01-11 20:59:25 - [TEST_STEP][PASSED] - navigateToUrl("http://localhost/"): Navigate to 'http://localhost/' successfully

2022-01-11 20:59:26 - [MESSAGE][PASSED] - Navigate to 'http://localhost/' successfully

2022-01-11 20:59:26 - [TEST_STEP][PASSED] - click(findTestObject("Object Repository/Page_My Moodle/a_Log in")): Object: 'Object Repository/Page_My Moodle/a_Log in' is clicked on

2022-01-11 20:59:26 - [MESSAGE][PASSED] - Object: 'Object Repository/Page_My Moodle/a_Log in' is clicked on

2022-01-11 20:59:26 - [TEST_STEP][PASSED] - setText(findTestObject("Object Repository/Page_My Moodle Log in to the site/input_Username_username"), "teacher"): Text 'teacher' is set on object 'Object Repository/Page_My Moodle Log in to the site/input_Username_username'

2022-01-11 20:59:27 - [MESSAGE][PASSED] - Text 'teacher' is set on object 'Object Repository/Page_My Moodle Log in to the site/input_Username_username'

2022-01-11 20:59:27 - [TEST_STEP][PASSED] - setEncryptedText(findTestObject("Object Repository/Page_My Moodle Log in to the site/input_Password_password"), "3fJEwIvstDDnFTEIk7299A=="): Text ****** has been set on object 'Object Repository/Page_My Moodle Log in to the site/input_Password_password'

2022-01-11 20:59:28 - [MESSAGE][PASSED] - Text ****** has been set on object 'Object Repository/Page_My Moodle Log in to the site/input_Password_password'

2022-01-11 20:59:28 - [TEST_STEP][PASSED] - click(findTestObject("Object Repository/Page_My Moodle Log in to the site/button_Log in")): Object: 'Object Repository/Page_My Moodle Log in to the site/button_Log in' is clicked on

2022-01-11 20:59:29 - [MESSAGE][PASSED] - Object: 'Object Repository/Page_My Moodle Log in to the site/button_Log in' is clicked on

2022-01-11 20:59:29 - [MESSAGE][PASSED] - Call Test Case 'Test Cases/Login as user (teacher)' successfully

2022-01-11 20:59:29 - [TEST_STEP][PASSED] - click(findTestObject("Object Repository/Page_Dashboard/span_Site home")): Object: 'Object Repository/Page_Dashboard/span_Site home' is clicked on

2022-01-11 20:59:30 - [MESSAGE][PASSED] - Object: 'Object Repository/Page_Dashboard/span_Site home' is clicked on

2022-01-11 20:59:30 - [TEST_STEP][PASSED] - navigateToUrl("http://localhost/?redirect=0"): Navigate to 'http://localhost/?redirect=0' successfully

2022-01-11 20:59:31 - [MESSAGE][PASSED] - Navigate to 'http://localhost/?redirect=0' successfully

2022-01-11 20:59:31 - [TEST_STEP][PASSED] - click(findTestObject("Object Repository/Page_My Moodle/a_Phn tch v qun l yu cu phn mm")): Object: 'Object Repository/Page_My Moodle/a_Phn tch v qun l yu cu phn mm' is clicked on

2022-01-11 20:59:32 - [MESSAGE][PASSED] - Object: 'Object Repository/Page_My Moodle/a_Phn tch v qun l yu cu phn mm' is clicked on

2022-01-11 20:59:32 - [TEST_STEP][PASSED] - click(findTestObject("Object Repository/Page_Course Phn tch v qun l yu cu phn mm/button_Turn editing on")): Object: 'Object Repository/Page_Course Phn tch v qun l yu cu phn mm/button_Turn editing on' is clicked on

2022-01-11 20:59:33 - [MESSAGE][PASSED] - Object: 'Object Repository/Page_Course Phn tch v qun l yu cu phn mm/button_Turn editing on' is clicked on

2022-01-11 20:59:33 - [TEST_STEP][PASSED] - click(findTestObject("Object Repository/Page_Course Phn tch v qun l yu cu phn mm/span_Add an activity or resource")): Object: 'Object Repository/Page_Course Phn tch v qun l yu cu phn mm/span_Add an activity or resource' is clicked on

2022-01-11 20:59:34 - [MESSAGE][PASSED] - Object: 'Object Repository/Page_Course Phn tch v qun l yu cu phn mm/span_Add an activity or resource' is clicked on

2022-01-11 20:59:34 - [TEST_STEP][PASSED] - click(findTestObject("Object Repository/Page_Course Phn tch v qun l yu cu phn mm/img_Information about the Feedback activity_193521")): Object: 'Object Repository/Page_Course Phn tch v qun l yu cu phn mm/img_Information about the Feedback activity_193521' is clicked on

2022-01-11 21:00:05 - [MESSAGE][INFO] - Unable to find the element located by 'By.xpath: //div[@id='all-4']/div/div[8]/div/a/div/img'. Please recheck the objects properties to make sure the desired element is located. 

2022-01-11 21:00:05 - [MESSAGE][WARNING] - [SELF-HEALING] Failed to find element with id 'Object Repository/Page_Course Phn tch v qun l yu cu phn mm/img_Information about the Feedback activity_193521'. Try using Self-healing.

2022-01-11 21:00:05 - [MESSAGE][INFO] - [SELF-HEALING] Failed Locator: '//div[@id='all-4']/div/div[8]/div/a/div/img'.

2022-01-11 21:00:05 - [MESSAGE][INFO] - [SELF-HEALING] Working Locator: '//img[contains(@src,'http://localhost/theme/image.php/boost/resource/1641027644/icon')]'.

2022-01-11 21:00:05 - [MESSAGE][INFO] - [SELF-HEALING] Screenshot: D:/Test-Automation---SE-Bonus/Reports/Self-healing/Object Repository/Page_Course Phn tch v qun l yu cu phn mm/img_Information about the Feedback activity_193521_img.png

2022-01-11 21:00:05 - [MESSAGE][WARNING] - [SELF-HEALING] The current locator of test object 'Object Repository/Page_Course Phn tch v qun l yu cu phn mm/img_Information about the Feedback activity_193521' was broken. Propose an alternative one: '//img[contains(@src,'http://localhost/theme/image.php/boost/resource/1641027644/icon')]'.

2022-01-11 21:00:07 - [MESSAGE][PASSED] - Object: 'Object Repository/Page_Course Phn tch v qun l yu cu phn mm/img_Information about the Feedback activity_193521' is clicked on

2022-01-11 21:00:07 - [TEST_STEP][PASSED] - setText(findTestObject("Object Repository/Page_Editing File/input_Name_name"), "Document #1"): Text 'Document #1' is set on object 'Object Repository/Page_Editing File/input_Name_name'

2022-01-11 21:00:08 - [MESSAGE][PASSED] - Text 'Document #1' is set on object 'Object Repository/Page_Editing File/input_Name_name'

2022-01-11 21:00:08 - [TEST_STEP][PASSED] - click(findTestObject("Object Repository/Page_Editing File/a_- drag and drop not supported_yui_3_17_2__e13c54")): Object: 'Object Repository/Page_Editing File/a_- drag and drop not supported_yui_3_17_2__e13c54' is clicked on

2022-01-11 21:00:08 - [MESSAGE][PASSED] - Object: 'Object Repository/Page_Editing File/a_- drag and drop not supported_yui_3_17_2__e13c54' is clicked on

2022-01-11 21:00:08 - [TEST_STEP][PASSED] - click(findTestObject("Object Repository/Page_Editing File/a_csv")): Object: 'Object Repository/Page_Editing File/a_csv' is clicked on

2022-01-11 21:00:09 - [MESSAGE][PASSED] - Object: 'Object Repository/Page_Editing File/a_csv' is clicked on

2022-01-11 21:00:09 - [TEST_STEP][PASSED] - click(findTestObject("Object Repository/Page_Editing File/div_Search repository_yui_3_17_2_1_16416105_4c72fb")): Object: 'Object Repository/Page_Editing File/div_Search repository_yui_3_17_2_1_16416105_4c72fb' is clicked on

2022-01-11 21:00:10 - [MESSAGE][PASSED] - Object: 'Object Repository/Page_Editing File/div_Search repository_yui_3_17_2_1_16416105_4c72fb' is clicked on

2022-01-11 21:00:10 - [TEST_STEP][PASSED] - click(findTestObject("Object Repository/Page_Editing File/button_Select this file")): Object: 'Object Repository/Page_Editing File/button_Select this file' is clicked on

2022-01-11 21:00:10 - [MESSAGE][PASSED] - Object: 'Object Repository/Page_Editing File/button_Select this file' is clicked on

2022-01-11 21:00:10 - [TEST_STEP][PASSED] - click(findTestObject("Object Repository/Page_Editing File/input_Upon activity completion_submitbutton2")): Object: 'Object Repository/Page_Editing File/input_Upon activity completion_submitbutton2' is clicked on

2022-01-11 21:00:12 - [MESSAGE][PASSED] - Object: 'Object Repository/Page_Editing File/input_Upon activity completion_submitbutton2' is clicked on

2022-01-11 21:00:12 - [TEST_STEP][PASSED] - click(findTestObject("Object Repository/Page_Course Phn tch v qun l yu cu phn mm/div_Topic outline                          _a66451")): Object: 'Object Repository/Page_Course Phn tch v qun l yu cu phn mm/div_Topic outline                          _a66451' is clicked on

2022-01-11 21:00:12 - [MESSAGE][PASSED] - Object: 'Object Repository/Page_Course Phn tch v qun l yu cu phn mm/div_Topic outline                          _a66451' is clicked on

2022-01-11 21:00:12 - [TEST_STEP][PASSED] - click(findTestObject("Object Repository/Page_Course Phn tch v qun l yu cu phn mm/span_Document 1 File")): Object: 'Object Repository/Page_Course Phn tch v qun l yu cu phn mm/span_Document 1 File' is clicked on

2022-01-11 21:00:14 - [MESSAGE][PASSED] - Object: 'Object Repository/Page_Course Phn tch v qun l yu cu phn mm/span_Document 1 File' is clicked on]]></system-out>
         <system-err><![CDATA[]]></system-err>
      </testcase>
      <testcase name="Test Cases/Login as user (student)" time="6.584" classname="Test Cases/Login as user (student)" status="PASSED">
         <system-out><![CDATA[2022-01-11 21:00:14 - [TEST_CASE][PASSED] - Test Cases/Login as user (student): Test Cases/Login as user (student)

2022-01-11 21:00:14 - [TEST_STEP][PASSED] - openBrowser(""): Browser is opened with url: ''

2022-01-11 21:00:14 - [MESSAGE][WARNING] - A browser is already opened. Closing browser and opening a new one

2022-01-11 21:00:15 - [MESSAGE][INFO] - Starting 'Edge Chromium' driver

2022-01-11 21:00:15 - [MESSAGE][INFO] - Action delay is set to 0 milliseconds

2022-01-11 21:00:17 - [MESSAGE][PASSED] - Browser is opened with url: ''

2022-01-11 21:00:17 - [TEST_STEP][PASSED] - navigateToUrl("http://localhost/"): Navigate to 'http://localhost/' successfully

2022-01-11 21:00:17 - [MESSAGE][PASSED] - Navigate to 'http://localhost/' successfully

2022-01-11 21:00:17 - [TEST_STEP][PASSED] - click(findTestObject("Object Repository/Page_My Moodle/a_Log in")): Object: 'Object Repository/Page_My Moodle/a_Log in' is clicked on

2022-01-11 21:00:18 - [MESSAGE][PASSED] - Object: 'Object Repository/Page_My Moodle/a_Log in' is clicked on

2022-01-11 21:00:18 - [TEST_STEP][PASSED] - setText(findTestObject("Object Repository/Page_My Moodle Log in to the site/input_Username_username"), "student"): Text 'student' is set on object 'Object Repository/Page_My Moodle Log in to the site/input_Username_username'

2022-01-11 21:00:19 - [MESSAGE][PASSED] - Text 'student' is set on object 'Object Repository/Page_My Moodle Log in to the site/input_Username_username'

2022-01-11 21:00:19 - [TEST_STEP][PASSED] - setEncryptedText(findTestObject("Object Repository/Page_My Moodle Log in to the site/input_Password_password"), "3t5OwH/+bwwlEvOXGw7/rg=="): Text ****** has been set on object 'Object Repository/Page_My Moodle Log in to the site/input_Password_password'

2022-01-11 21:00:19 - [MESSAGE][PASSED] - Text ****** has been set on object 'Object Repository/Page_My Moodle Log in to the site/input_Password_password'

2022-01-11 21:00:19 - [TEST_STEP][PASSED] - click(findTestObject("Object Repository/Page_My Moodle Log in to the site/button_Log in")): Object: 'Object Repository/Page_My Moodle Log in to the site/button_Log in' is clicked on

2022-01-11 21:00:20 - [MESSAGE][PASSED] - Object: 'Object Repository/Page_My Moodle Log in to the site/button_Log in' is clicked on]]></system-out>
         <system-err><![CDATA[]]></system-err>
      </testcase>
      <system-out><![CDATA[2022-01-11 20:35:04 - [TEST_SUITE][FAILED] - Run all test cases: Test Cases/Teacher create assignment ( with file attached ) FAILED.
Reason:
com.kms.katalon.core.exception.StepFailedException: Unable to click on object 'Object Repository/Page_Editing Assignment/a_- drag and drop not supported_yui_3_17_2__950dc8'
	at com.kms.katalon.core.webui.keyword.internal.WebUIKeywordMain.stepFailed(WebUIKeywordMain.groovy:64)
	at com.kms.katalon.core.webui.keyword.internal.WebUIKeywordMain.runKeyword(WebUIKeywordMain.groovy:26)
	at com.kms.katalon.core.webui.keyword.builtin.ClickKeyword.click(ClickKeyword.groovy:74)
	at com.kms.katalon.core.webui.keyword.builtin.ClickKeyword.execute(ClickKeyword.groovy:40)
	at com.kms.katalon.core.keyword.internal.KeywordExecutor.executeKeywordForPlatform(KeywordExecutor.groovy:74)
	at com.kms.katalon.core.webui.keyword.WebUiBuiltInKeywords.click(WebUiBuiltInKeywords.groovy:620)
	at com.kms.katalon.core.webui.keyword.WebUiBuiltInKeywords$click$1.call(Unknown Source)
	at Teacher create assignment ( with file attached ).run(Teacher create assignment ( with file attached ):38)
	at com.kms.katalon.core.main.ScriptEngine.run(ScriptEngine.java:194)
	at com.kms.katalon.core.main.ScriptEngine.runScriptAsRawText(ScriptEngine.java:119)
	at com.kms.katalon.core.main.TestCaseExecutor.runScript(TestCaseExecutor.java:442)
	at com.kms.katalon.core.main.TestCaseExecutor.doExecute(TestCaseExecutor.java:433)
	at com.kms.katalon.core.main.TestCaseExecutor.processExecutionPhase(TestCaseExecutor.java:412)
	at com.kms.katalon.core.main.TestCaseExecutor.accessMainPhase(TestCaseExecutor.java:404)
	at com.kms.katalon.core.main.TestCaseExecutor.execute(TestCaseExecutor.java:281)
	at com.kms.katalon.core.main.TestSuiteExecutor.accessTestCaseMainPhase(TestSuiteExecutor.java:202)
	at com.kms.katalon.core.main.TestSuiteExecutor.accessTestSuiteMainPhase(TestSuiteExecutor.java:164)
	at com.kms.katalon.core.main.TestSuiteExecutor.execute(TestSuiteExecutor.java:105)
	at com.kms.katalon.core.main.TestCaseMain.startTestSuite(TestCaseMain.java:181)
	at com.kms.katalon.core.main.TestCaseMain$startTestSuite$0.call(Unknown Source)
	at TempTestSuite1641908093334.run(TempTestSuite1641908093334.groovy:36)
Caused by: org.openqa.selenium.ElementNotInteractableException: element not interactable
  (Session info: MicrosoftEdge=97.0.1072.55)
Build info: version: '3.141.59', revision: 'e82be7d358', time: '2018-11-14T08:25:53'
System info: host: 'DESKTOP-8IHK86T', ip: '192.168.1.173', os.name: 'Windows 10', os.arch: 'amd64', os.version: '10.0', java.version: '1.8.0_282'
Driver info: com.kms.katalon.selenium.driver.CEdgeDriver
Capabilities {acceptInsecureCerts: false, browserName: msedge, browserVersion: 97.0.1072.55, javascriptEnabled: true, ms:edgeOptions: {debuggerAddress: localhost:50353}, msedge: {msedgedriverVersion: 97.0.1072.55 (ce3bf33648805..., userDataDir: C:\Users\THANHD~1\AppData\L...}, networkConnectionEnabled: false, pageLoadStrategy: normal, platform: WINDOWS, platformName: WINDOWS, proxy: Proxy(), setWindowRect: true, strictFileInteractability: false, timeouts: {implicit: 0, pageLoad: 300000, script: 30000}, unhandledPromptBehavior: dismiss and notify, webauthn:extension:credBlob: true, webauthn:extension:largeBlob: true, webauthn:virtualAuthenticators: true}
Session ID: 9fc5e8f7df0c0693323a57c1eb5a280d
	at org.openqa.selenium.remote.http.W3CHttpResponseCodec.createException(W3CHttpResponseCodec.java:187)
	at org.openqa.selenium.remote.http.W3CHttpResponseCodec.decode(W3CHttpResponseCodec.java:122)
	at org.openqa.selenium.remote.http.W3CHttpResponseCodec.decode(W3CHttpResponseCodec.java:49)
	at org.openqa.selenium.remote.HttpCommandExecutor.execute(HttpCommandExecutor.java:158)
	at org.openqa.selenium.remote.service.DriverCommandExecutor.execute(DriverCommandExecutor.java:83)
	at org.openqa.selenium.remote.RemoteWebDriver.execute(RemoteWebDriver.java:552)
	at com.kms.katalon.selenium.driver.CEdgeDriver.execute(CEdgeDriver.java:20)
	at org.openqa.selenium.remote.RemoteWebElement.execute(RemoteWebElement.java:285)
	at org.openqa.selenium.remote.RemoteWebElement.click(RemoteWebElement.java:84)
	at org.openqa.selenium.support.events.EventFiringWebDriver$EventFiringWebElement.lambda$new$0(EventFiringWebDriver.java:404)
	at com.sun.proxy.$Proxy11.click(Unknown Source)
	at org.openqa.selenium.support.events.EventFiringWebDriver$EventFiringWebElement.click(EventFiringWebDriver.java:417)
	at org.openqa.selenium.WebElement$click.call(Unknown Source)
	at com.kms.katalon.core.webui.keyword.builtin.ClickKeyword.clickUntilSuccessWithTimeout(ClickKeyword.groovy:81)
	at com.kms.katalon.core.webui.keyword.builtin.ClickKeyword.clickUntilSuccessWithTimeout(ClickKeyword.groovy)
	at com.kms.katalon.core.webui.keyword.builtin.ClickKeyword$_click_closure1.doCall(ClickKeyword.groovy:67)
	at com.kms.katalon.core.webui.keyword.builtin.ClickKeyword$_click_closure1.call(ClickKeyword.groovy)
	at com.kms.katalon.core.webui.keyword.internal.WebUIKeywordMain.runKeyword(WebUIKeywordMain.groovy:20)
	... 19 more]]></system-out>
      <system-err><![CDATA[2022-01-11 20:35:04 - [TEST_SUITE][FAILED] - Run all test cases: Test Cases/Teacher create assignment ( with file attached ) FAILED.
Reason:
com.kms.katalon.core.exception.StepFailedException: Unable to click on object 'Object Repository/Page_Editing Assignment/a_- drag and drop not supported_yui_3_17_2__950dc8'
	at com.kms.katalon.core.webui.keyword.internal.WebUIKeywordMain.stepFailed(WebUIKeywordMain.groovy:64)
	at com.kms.katalon.core.webui.keyword.internal.WebUIKeywordMain.runKeyword(WebUIKeywordMain.groovy:26)
	at com.kms.katalon.core.webui.keyword.builtin.ClickKeyword.click(ClickKeyword.groovy:74)
	at com.kms.katalon.core.webui.keyword.builtin.ClickKeyword.execute(ClickKeyword.groovy:40)
	at com.kms.katalon.core.keyword.internal.KeywordExecutor.executeKeywordForPlatform(KeywordExecutor.groovy:74)
	at com.kms.katalon.core.webui.keyword.WebUiBuiltInKeywords.click(WebUiBuiltInKeywords.groovy:620)
	at com.kms.katalon.core.webui.keyword.WebUiBuiltInKeywords$click$1.call(Unknown Source)
	at Teacher create assignment ( with file attached ).run(Teacher create assignment ( with file attached ):38)
	at com.kms.katalon.core.main.ScriptEngine.run(ScriptEngine.java:194)
	at com.kms.katalon.core.main.ScriptEngine.runScriptAsRawText(ScriptEngine.java:119)
	at com.kms.katalon.core.main.TestCaseExecutor.runScript(TestCaseExecutor.java:442)
	at com.kms.katalon.core.main.TestCaseExecutor.doExecute(TestCaseExecutor.java:433)
	at com.kms.katalon.core.main.TestCaseExecutor.processExecutionPhase(TestCaseExecutor.java:412)
	at com.kms.katalon.core.main.TestCaseExecutor.accessMainPhase(TestCaseExecutor.java:404)
	at com.kms.katalon.core.main.TestCaseExecutor.execute(TestCaseExecutor.java:281)
	at com.kms.katalon.core.main.TestSuiteExecutor.accessTestCaseMainPhase(TestSuiteExecutor.java:202)
	at com.kms.katalon.core.main.TestSuiteExecutor.accessTestSuiteMainPhase(TestSuiteExecutor.java:164)
	at com.kms.katalon.core.main.TestSuiteExecutor.execute(TestSuiteExecutor.java:105)
	at com.kms.katalon.core.main.TestCaseMain.startTestSuite(TestCaseMain.java:181)
	at com.kms.katalon.core.main.TestCaseMain$startTestSuite$0.call(Unknown Source)
	at TempTestSuite1641908093334.run(TempTestSuite1641908093334.groovy:36)
Caused by: org.openqa.selenium.ElementNotInteractableException: element not interactable
  (Session info: MicrosoftEdge=97.0.1072.55)
Build info: version: '3.141.59', revision: 'e82be7d358', time: '2018-11-14T08:25:53'
System info: host: 'DESKTOP-8IHK86T', ip: '192.168.1.173', os.name: 'Windows 10', os.arch: 'amd64', os.version: '10.0', java.version: '1.8.0_282'
Driver info: com.kms.katalon.selenium.driver.CEdgeDriver
Capabilities {acceptInsecureCerts: false, browserName: msedge, browserVersion: 97.0.1072.55, javascriptEnabled: true, ms:edgeOptions: {debuggerAddress: localhost:50353}, msedge: {msedgedriverVersion: 97.0.1072.55 (ce3bf33648805..., userDataDir: C:\Users\THANHD~1\AppData\L...}, networkConnectionEnabled: false, pageLoadStrategy: normal, platform: WINDOWS, platformName: WINDOWS, proxy: Proxy(), setWindowRect: true, strictFileInteractability: false, timeouts: {implicit: 0, pageLoad: 300000, script: 30000}, unhandledPromptBehavior: dismiss and notify, webauthn:extension:credBlob: true, webauthn:extension:largeBlob: true, webauthn:virtualAuthenticators: true}
Session ID: 9fc5e8f7df0c0693323a57c1eb5a280d
	at org.openqa.selenium.remote.http.W3CHttpResponseCodec.createException(W3CHttpResponseCodec.java:187)
	at org.openqa.selenium.remote.http.W3CHttpResponseCodec.decode(W3CHttpResponseCodec.java:122)
	at org.openqa.selenium.remote.http.W3CHttpResponseCodec.decode(W3CHttpResponseCodec.java:49)
	at org.openqa.selenium.remote.HttpCommandExecutor.execute(HttpCommandExecutor.java:158)
	at org.openqa.selenium.remote.service.DriverCommandExecutor.execute(DriverCommandExecutor.java:83)
	at org.openqa.selenium.remote.RemoteWebDriver.execute(RemoteWebDriver.java:552)
	at com.kms.katalon.selenium.driver.CEdgeDriver.execute(CEdgeDriver.java:20)
	at org.openqa.selenium.remote.RemoteWebElement.execute(RemoteWebElement.java:285)
	at org.openqa.selenium.remote.RemoteWebElement.click(RemoteWebElement.java:84)
	at org.openqa.selenium.support.events.EventFiringWebDriver$EventFiringWebElement.lambda$new$0(EventFiringWebDriver.java:404)
	at com.sun.proxy.$Proxy11.click(Unknown Source)
	at org.openqa.selenium.support.events.EventFiringWebDriver$EventFiringWebElement.click(EventFiringWebDriver.java:417)
	at org.openqa.selenium.WebElement$click.call(Unknown Source)
	at com.kms.katalon.core.webui.keyword.builtin.ClickKeyword.clickUntilSuccessWithTimeout(ClickKeyword.groovy:81)
	at com.kms.katalon.core.webui.keyword.builtin.ClickKeyword.clickUntilSuccessWithTimeout(ClickKeyword.groovy)
	at com.kms.katalon.core.webui.keyword.builtin.ClickKeyword$_click_closure1.doCall(ClickKeyword.groovy:67)
	at com.kms.katalon.core.webui.keyword.builtin.ClickKeyword$_click_closure1.call(ClickKeyword.groovy)
	at com.kms.katalon.core.webui.keyword.internal.WebUIKeywordMain.runKeyword(WebUIKeywordMain.groovy:20)
	... 19 more]]></system-err>
   </testsuite>
</testsuites>
