<?xml version="1.0" encoding="UTF-8"?>
<testsuites name="Run all test cases" time="1146.07" tests="50" failures="8" errors="0">
   <testsuite name="Run all test cases" tests="50" failures="8" errors="0" time="1146.07" skipped="0" timestamp="2022-01-14 12:00:14" hostname="Thanh Dang - DESKTOP-8IHK86T" id="Test Suites/Run all test cases">
      <properties>
         <property name="deviceName" value=""/>
         <property name="devicePlatform" value=""/>
         <property name="logFolder" value="D:\\Test-Automation---SE-Bonus\\Reports\\20220114_120004\\Run all test cases\\20220114_120004"/>
         <property name="logFiles" value="D:\\Test-Automation---SE-Bonus\\Reports\\20220114_120004\\Run all test cases\\20220114_120004\\execution0.log"/>
         <property name="attachments" value="D:\\Test-Automation---SE-Bonus\\Reports\\20220114_120004\\Run all test cases\\20220114_120004\\1642136838059.png, D:\\Test-Automation---SE-Bonus\\Reports\\20220114_120004\\Run all test cases\\20220114_120004\\1642136941872.png, D:\\Test-Automation---SE-Bonus\\Reports\\20220114_120004\\Run all test cases\\20220114_120004\\1642136984966.png, D:\\Test-Automation---SE-Bonus\\Reports\\20220114_120004\\Run all test cases\\20220114_120004\\1642137027339.png, D:\\Test-Automation---SE-Bonus\\Reports\\20220114_120004\\Run all test cases\\20220114_120004\\1642137068689.png, D:\\Test-Automation---SE-Bonus\\Reports\\20220114_120004\\Run all test cases\\20220114_120004\\1642137166063.png, D:\\Test-Automation---SE-Bonus\\Reports\\20220114_120004\\Run all test cases\\20220114_120004\\1642137269400.png, D:\\Test-Automation---SE-Bonus\\Reports\\20220114_120004\\Run all test cases\\20220114_120004\\1642137332040.png, D:\\Test-Automation---SE-Bonus\\Reports\\20220114_120004\\Run all test cases\\20220114_120004\\1642137397092.png, D:\\Test-Automation---SE-Bonus\\Reports\\20220114_120004\\Run all test cases\\20220114_120004\\1642137429267.png, D:\\Test-Automation---SE-Bonus\\Reports\\20220114_120004\\Run all test cases\\20220114_120004\\1642137470263.png"/>
         <property name="hostName" value="Thanh Dang - DESKTOP-8IHK86T"/>
         <property name="os" value="Windows 10 64bit"/>
         <property name="katalonVersion" value="8.2.0.208"/>
         <property name="browser" value="Edge Chromium 97"/>
         <property name="hostAddress" value="192.168.1.173"/>
         <property name="sessionId" value="d040eebffaade387b56097424d72e698"/>
         <property name="seleniumVersion" value="3.141.59"/>
         <property name="proxyInformation" value="ProxyInformation { proxyOption=NO_PROXY, proxyServerType=HTTP, username=, password=********, proxyServerAddress=, proxyServerPort=0, executionList=&quot;&quot;, isApplyToDesiredCapabilities=true }"/>
         <property name="platform" value="Windows 10"/>
      </properties>
      <testcase name="Test Cases/Login as admin" time="11.273" classname="Test Cases/Login as admin" status="PASSED">
         <system-out><![CDATA[2022-01-14 12:00:14 - [TEST_CASE][PASSED] - Test Cases/Login as admin: Test Cases/Login as admin

2022-01-14 12:00:15 - [TEST_STEP][PASSED] - openBrowser(""): Browser is opened with url: ''

2022-01-14 12:00:15 - [MESSAGE][INFO] - Starting 'Edge Chromium' driver

2022-01-14 12:00:16 - [MESSAGE][INFO] - Action delay is set to 0 milliseconds

2022-01-14 12:00:18 - [MESSAGE][PASSED] - Browser is opened with url: ''

2022-01-14 12:00:18 - [TEST_STEP][PASSED] - navigateToUrl("http://localhost/"): Navigate to 'http://localhost/' successfully

2022-01-14 12:00:21 - [MESSAGE][PASSED] - Navigate to 'http://localhost/' successfully

2022-01-14 12:00:21 - [TEST_STEP][PASSED] - click(findTestObject("Object Repository/Page_My Moodle/a_Log in")): Object: 'Object Repository/Page_My Moodle/a_Log in' is clicked on

2022-01-14 12:00:22 - [MESSAGE][PASSED] - Object: 'Object Repository/Page_My Moodle/a_Log in' is clicked on

2022-01-14 12:00:22 - [TEST_STEP][PASSED] - setText(findTestObject("Object Repository/Page_My Moodle Log in to the site/input_Username_username"), "admin"): Text 'admin' is set on object 'Object Repository/Page_My Moodle Log in to the site/input_Username_username'

2022-01-14 12:00:23 - [MESSAGE][PASSED] - Text 'admin' is set on object 'Object Repository/Page_My Moodle Log in to the site/input_Username_username'

2022-01-14 12:00:23 - [TEST_STEP][PASSED] - setEncryptedText(findTestObject("Object Repository/Page_My Moodle Log in to the site/input_Password_password"), "7Dxoto1EjKfQbGop/Ov+1g=="): Text ****** has been set on object 'Object Repository/Page_My Moodle Log in to the site/input_Password_password'

2022-01-14 12:00:23 - [MESSAGE][PASSED] - Text ****** has been set on object 'Object Repository/Page_My Moodle Log in to the site/input_Password_password'

2022-01-14 12:00:23 - [TEST_STEP][PASSED] - click(findTestObject("Object Repository/Page_My Moodle Log in to the site/button_Log in")): Object: 'Object Repository/Page_My Moodle Log in to the site/button_Log in' is clicked on

2022-01-14 12:00:25 - [MESSAGE][PASSED] - Object: 'Object Repository/Page_My Moodle Log in to the site/button_Log in' is clicked on]]></system-out>
         <system-err><![CDATA[]]></system-err>
      </testcase>
      <testcase name="Test Cases/Admin config file system (create repositories)" time="18.931" classname="Test Cases/Admin config file system (create repositories)" status="PASSED">
         <system-out><![CDATA[2022-01-14 12:00:25 - [TEST_CASE][PASSED] - Test Cases/Admin config file system (create repositories): Test Cases/Admin config file system (create repositories)

2022-01-14 12:00:26 - [TEST_STEP][PASSED] - callTestCase(findTestCase("Login as admin"), [:], STOP_ON_FAILURE): Call Test Case 'Test Cases/Login as admin' successfully

2022-01-14 12:00:26 - [TEST_CASE][PASSED] - Test Cases/Login as admin: Test Cases/Login as admin

2022-01-14 12:00:26 - [TEST_STEP][PASSED] - openBrowser(""): Browser is opened with url: ''

2022-01-14 12:00:26 - [MESSAGE][WARNING] - A browser is already opened. Closing browser and opening a new one

2022-01-14 12:00:27 - [MESSAGE][INFO] - Starting 'Edge Chromium' driver

2022-01-14 12:00:27 - [MESSAGE][INFO] - Action delay is set to 0 milliseconds

2022-01-14 12:00:29 - [MESSAGE][PASSED] - Browser is opened with url: ''

2022-01-14 12:00:29 - [TEST_STEP][PASSED] - navigateToUrl("http://localhost/"): Navigate to 'http://localhost/' successfully

2022-01-14 12:00:29 - [MESSAGE][PASSED] - Navigate to 'http://localhost/' successfully

2022-01-14 12:00:29 - [TEST_STEP][PASSED] - click(findTestObject("Object Repository/Page_My Moodle/a_Log in")): Object: 'Object Repository/Page_My Moodle/a_Log in' is clicked on

2022-01-14 12:00:30 - [MESSAGE][PASSED] - Object: 'Object Repository/Page_My Moodle/a_Log in' is clicked on

2022-01-14 12:00:30 - [TEST_STEP][PASSED] - setText(findTestObject("Object Repository/Page_My Moodle Log in to the site/input_Username_username"), "admin"): Text 'admin' is set on object 'Object Repository/Page_My Moodle Log in to the site/input_Username_username'

2022-01-14 12:00:31 - [MESSAGE][PASSED] - Text 'admin' is set on object 'Object Repository/Page_My Moodle Log in to the site/input_Username_username'

2022-01-14 12:00:31 - [TEST_STEP][PASSED] - setEncryptedText(findTestObject("Object Repository/Page_My Moodle Log in to the site/input_Password_password"), "7Dxoto1EjKfQbGop/Ov+1g=="): Text ****** has been set on object 'Object Repository/Page_My Moodle Log in to the site/input_Password_password'

2022-01-14 12:00:31 - [MESSAGE][PASSED] - Text ****** has been set on object 'Object Repository/Page_My Moodle Log in to the site/input_Password_password'

2022-01-14 12:00:31 - [TEST_STEP][PASSED] - click(findTestObject("Object Repository/Page_My Moodle Log in to the site/button_Log in")): Object: 'Object Repository/Page_My Moodle Log in to the site/button_Log in' is clicked on

2022-01-14 12:00:32 - [MESSAGE][PASSED] - Object: 'Object Repository/Page_My Moodle Log in to the site/button_Log in' is clicked on

2022-01-14 12:00:32 - [MESSAGE][PASSED] - Call Test Case 'Test Cases/Login as admin' successfully

2022-01-14 12:00:32 - [TEST_STEP][PASSED] - click(findTestObject("Object Repository/Page_Dashboard/span_Site administration")): Object: 'Object Repository/Page_Dashboard/span_Site administration' is clicked on

2022-01-14 12:00:37 - [MESSAGE][PASSED] - Object: 'Object Repository/Page_Dashboard/span_Site administration' is clicked on

2022-01-14 12:00:37 - [TEST_STEP][PASSED] - navigateToUrl("http://localhost/admin/search.php"): Navigate to 'http://localhost/admin/search.php' successfully

2022-01-14 12:00:38 - [MESSAGE][PASSED] - Navigate to 'http://localhost/admin/search.php' successfully

2022-01-14 12:00:38 - [TEST_STEP][PASSED] - click(findTestObject("Object Repository/Page_Moodle Administration Search/a_Plugins")): Object: 'Object Repository/Page_Moodle Administration Search/a_Plugins' is clicked on

2022-01-14 12:00:38 - [MESSAGE][PASSED] - Object: 'Object Repository/Page_Moodle Administration Search/a_Plugins' is clicked on

2022-01-14 12:00:38 - [TEST_STEP][PASSED] - click(findTestObject("Object Repository/Page_Moodle Administration Search/a_Manage repositories")): Object: 'Object Repository/Page_Moodle Administration Search/a_Manage repositories' is clicked on

2022-01-14 12:00:40 - [MESSAGE][PASSED] - Object: 'Object Repository/Page_Moodle Administration Search/a_Manage repositories' is clicked on

2022-01-14 12:00:40 - [TEST_STEP][PASSED] - click(findTestObject("Object Repository/Page_Moodle Administration Plugins Reposito_4b46d1/a_Settings")): Object: 'Object Repository/Page_Moodle Administration Plugins Reposito_4b46d1/a_Settings' is clicked on

2022-01-14 12:00:41 - [MESSAGE][PASSED] - Object: 'Object Repository/Page_Moodle Administration Plugins Reposito_4b46d1/a_Settings' is clicked on

2022-01-14 12:00:41 - [TEST_STEP][PASSED] - click(findTestObject("Object Repository/Page_Moodle Administration Plugins Reposito_90c615/button_Create a repository instance")): Object: 'Object Repository/Page_Moodle Administration Plugins Reposito_90c615/button_Create a repository instance' is clicked on

2022-01-14 12:00:42 - [MESSAGE][PASSED] - Object: 'Object Repository/Page_Moodle Administration Plugins Reposito_90c615/button_Create a repository instance' is clicked on

2022-01-14 12:00:42 - [TEST_STEP][PASSED] - setText(findTestObject("Object Repository/Page_Moodle Administration Plugins Reposito_b84f2c/input_Name_name"), "csv"): Text 'csv' is set on object 'Object Repository/Page_Moodle Administration Plugins Reposito_b84f2c/input_Name_name'

2022-01-14 12:00:43 - [MESSAGE][PASSED] - Text 'csv' is set on object 'Object Repository/Page_Moodle Administration Plugins Reposito_b84f2c/input_Name_name'

2022-01-14 12:00:43 - [TEST_STEP][PASSED] - click(findTestObject("Object Repository/Page_Moodle Administration Plugins Reposito_b84f2c/input_Allow relative files_relativefiles")): Object: 'Object Repository/Page_Moodle Administration Plugins Reposito_b84f2c/input_Allow relative files_relativefiles' is clicked on

2022-01-14 12:00:43 - [MESSAGE][PASSED] - Object: 'Object Repository/Page_Moodle Administration Plugins Reposito_b84f2c/input_Allow relative files_relativefiles' is clicked on

2022-01-14 12:00:43 - [TEST_STEP][PASSED] - click(findTestObject("Object Repository/Page_Moodle Administration Plugins Reposito_b84f2c/input_This allows all files in the reposito_ba0d3d")): Object: 'Object Repository/Page_Moodle Administration Plugins Reposito_b84f2c/input_This allows all files in the reposito_ba0d3d' is clicked on

2022-01-14 12:00:44 - [MESSAGE][PASSED] - Object: 'Object Repository/Page_Moodle Administration Plugins Reposito_b84f2c/input_This allows all files in the reposito_ba0d3d' is clicked on]]></system-out>
         <system-err><![CDATA[]]></system-err>
      </testcase>
      <testcase name="Test Cases/Admin config outgoing email" time="17.959" classname="Test Cases/Admin config outgoing email" status="PASSED">
         <system-out><![CDATA[2022-01-14 12:00:44 - [TEST_CASE][PASSED] - Test Cases/Admin config outgoing email: Test Cases/Admin config outgoing email

2022-01-14 12:00:45 - [TEST_STEP][PASSED] - callTestCase(findTestCase("Login as admin"), [:], STOP_ON_FAILURE): Call Test Case 'Test Cases/Login as admin' successfully

2022-01-14 12:00:45 - [TEST_CASE][PASSED] - Test Cases/Login as admin: Test Cases/Login as admin

2022-01-14 12:00:45 - [TEST_STEP][PASSED] - openBrowser(""): Browser is opened with url: ''

2022-01-14 12:00:45 - [MESSAGE][WARNING] - A browser is already opened. Closing browser and opening a new one

2022-01-14 12:00:45 - [MESSAGE][INFO] - Starting 'Edge Chromium' driver

2022-01-14 12:00:46 - [MESSAGE][INFO] - Action delay is set to 0 milliseconds

2022-01-14 12:00:47 - [MESSAGE][PASSED] - Browser is opened with url: ''

2022-01-14 12:00:47 - [TEST_STEP][PASSED] - navigateToUrl("http://localhost/"): Navigate to 'http://localhost/' successfully

2022-01-14 12:00:48 - [MESSAGE][PASSED] - Navigate to 'http://localhost/' successfully

2022-01-14 12:00:48 - [TEST_STEP][PASSED] - click(findTestObject("Object Repository/Page_My Moodle/a_Log in")): Object: 'Object Repository/Page_My Moodle/a_Log in' is clicked on

2022-01-14 12:00:49 - [MESSAGE][PASSED] - Object: 'Object Repository/Page_My Moodle/a_Log in' is clicked on

2022-01-14 12:00:49 - [TEST_STEP][PASSED] - setText(findTestObject("Object Repository/Page_My Moodle Log in to the site/input_Username_username"), "admin"): Text 'admin' is set on object 'Object Repository/Page_My Moodle Log in to the site/input_Username_username'

2022-01-14 12:00:49 - [MESSAGE][PASSED] - Text 'admin' is set on object 'Object Repository/Page_My Moodle Log in to the site/input_Username_username'

2022-01-14 12:00:49 - [TEST_STEP][PASSED] - setEncryptedText(findTestObject("Object Repository/Page_My Moodle Log in to the site/input_Password_password"), "7Dxoto1EjKfQbGop/Ov+1g=="): Text ****** has been set on object 'Object Repository/Page_My Moodle Log in to the site/input_Password_password'

2022-01-14 12:00:50 - [MESSAGE][PASSED] - Text ****** has been set on object 'Object Repository/Page_My Moodle Log in to the site/input_Password_password'

2022-01-14 12:00:50 - [TEST_STEP][PASSED] - click(findTestObject("Object Repository/Page_My Moodle Log in to the site/button_Log in")): Object: 'Object Repository/Page_My Moodle Log in to the site/button_Log in' is clicked on

2022-01-14 12:00:51 - [MESSAGE][PASSED] - Object: 'Object Repository/Page_My Moodle Log in to the site/button_Log in' is clicked on

2022-01-14 12:00:51 - [MESSAGE][PASSED] - Call Test Case 'Test Cases/Login as admin' successfully

2022-01-14 12:00:51 - [TEST_STEP][PASSED] - click(findTestObject("Object Repository/Page_Dashboard/span_Site administration")): Object: 'Object Repository/Page_Dashboard/span_Site administration' is clicked on

2022-01-14 12:00:53 - [MESSAGE][PASSED] - Object: 'Object Repository/Page_Dashboard/span_Site administration' is clicked on

2022-01-14 12:00:53 - [TEST_STEP][PASSED] - navigateToUrl("http://localhost/admin/search.php"): Navigate to 'http://localhost/admin/search.php' successfully

2022-01-14 12:00:53 - [MESSAGE][PASSED] - Navigate to 'http://localhost/admin/search.php' successfully

2022-01-14 12:00:53 - [TEST_STEP][PASSED] - click(findTestObject("Object Repository/Page_Moodle Administration Search/a_Server")): Object: 'Object Repository/Page_Moodle Administration Search/a_Server' is clicked on

2022-01-14 12:00:54 - [MESSAGE][PASSED] - Object: 'Object Repository/Page_Moodle Administration Search/a_Server' is clicked on

2022-01-14 12:00:54 - [TEST_STEP][PASSED] - click(findTestObject("Object Repository/Page_Moodle Administration Search/a_Outgoing mail configuration")): Object: 'Object Repository/Page_Moodle Administration Search/a_Outgoing mail configuration' is clicked on

2022-01-14 12:00:55 - [MESSAGE][PASSED] - Object: 'Object Repository/Page_Moodle Administration Search/a_Outgoing mail configuration' is clicked on

2022-01-14 12:00:55 - [TEST_STEP][PASSED] - setText(findTestObject("Object Repository/Page_Moodle Administration Server Email Out_d1e642/input_smtphosts_s__smtphosts"), "smtp.gmail.com:587"): Text 'smtp.gmail.com:587' is set on object 'Object Repository/Page_Moodle Administration Server Email Out_d1e642/input_smtphosts_s__smtphosts'

2022-01-14 12:00:56 - [MESSAGE][PASSED] - Text 'smtp.gmail.com:587' is set on object 'Object Repository/Page_Moodle Administration Server Email Out_d1e642/input_smtphosts_s__smtphosts'

2022-01-14 12:00:56 - [TEST_STEP][PASSED] - selectOptionByValue(findTestObject("Object Repository/Page_Moodle Administration Server Email Out_d1e642/select_None            SSL            TLS"), "tls", true): All options with value 'tls' are selected in object 'Object Repository/Page_Moodle Administration Server Email Out_d1e642/select_None            SSL            TLS'  using regular expression

2022-01-14 12:00:57 - [MESSAGE][PASSED] - All options with value 'tls' are selected in object 'Object Repository/Page_Moodle Administration Server Email Out_d1e642/select_None            SSL            TLS'  using regular expression

2022-01-14 12:00:57 - [TEST_STEP][PASSED] - setText(findTestObject("Object Repository/Page_Moodle Administration Server Email Out_d1e642/input_smtpuser_s__smtpuser"), "moodle.testing.team@gmail.com"): Text 'moodle.testing.team@gmail.com' is set on object 'Object Repository/Page_Moodle Administration Server Email Out_d1e642/input_smtpuser_s__smtpuser'

2022-01-14 12:00:58 - [MESSAGE][PASSED] - Text 'moodle.testing.team@gmail.com' is set on object 'Object Repository/Page_Moodle Administration Server Email Out_d1e642/input_smtpuser_s__smtpuser'

2022-01-14 12:00:58 - [TEST_STEP][PASSED] - click(findTestObject("Object Repository/Page_Moodle Administration Server Email Out_d1e642/i_Click to enter text_icon fa fa-pencil fa-fw")): Object: 'Object Repository/Page_Moodle Administration Server Email Out_d1e642/i_Click to enter text_icon fa fa-pencil fa-fw' is clicked on

2022-01-14 12:00:58 - [MESSAGE][PASSED] - Object: 'Object Repository/Page_Moodle Administration Server Email Out_d1e642/i_Click to enter text_icon fa fa-pencil fa-fw' is clicked on

2022-01-14 12:00:58 - [TEST_STEP][PASSED] - setEncryptedText(findTestObject("Object Repository/Page_Moodle Administration Server Email Out_d1e642/input_smtppass_s__smtppass"), "vmGLb5mQ4V2AGvF7YR/3BQ=="): Text ****** has been set on object 'Object Repository/Page_Moodle Administration Server Email Out_d1e642/input_smtppass_s__smtppass'

2022-01-14 12:00:59 - [MESSAGE][PASSED] - Text ****** has been set on object 'Object Repository/Page_Moodle Administration Server Email Out_d1e642/input_smtppass_s__smtppass'

2022-01-14 12:00:59 - [TEST_STEP][PASSED] - setText(findTestObject("Object Repository/Page_Moodle Administration Server Email Out_d1e642/input_noreplyaddress_s__noreplyaddress"), "moodle.testing.team@gmail.com"): Text 'moodle.testing.team@gmail.com' is set on object 'Object Repository/Page_Moodle Administration Server Email Out_d1e642/input_noreplyaddress_s__noreplyaddress'

2022-01-14 12:01:00 - [MESSAGE][PASSED] - Text 'moodle.testing.team@gmail.com' is set on object 'Object Repository/Page_Moodle Administration Server Email Out_d1e642/input_noreplyaddress_s__noreplyaddress'

2022-01-14 12:01:00 - [TEST_STEP][PASSED] - click(findTestObject("Object Repository/Page_Moodle Administration Server Email Out_d1e642/button_Save changes")): Object: 'Object Repository/Page_Moodle Administration Server Email Out_d1e642/button_Save changes' is clicked on

2022-01-14 12:01:02 - [MESSAGE][PASSED] - Object: 'Object Repository/Page_Moodle Administration Server Email Out_d1e642/button_Save changes' is clicked on

2022-01-14 12:01:02 - [TEST_STEP][PASSED] - click(findTestObject("Object Repository/Page_Moodle Administration Server Email Out_d1e642/div_Changes saved")): Object: 'Object Repository/Page_Moodle Administration Server Email Out_d1e642/div_Changes saved' is clicked on

2022-01-14 12:01:02 - [MESSAGE][PASSED] - Object: 'Object Repository/Page_Moodle Administration Server Email Out_d1e642/div_Changes saved' is clicked on]]></system-out>
         <system-err><![CDATA[]]></system-err>
      </testcase>
      <testcase name="Test Cases/Admin edit profile (change email)" time="13.22" classname="Test Cases/Admin edit profile (change email)" status="PASSED">
         <system-out><![CDATA[2022-01-14 12:01:02 - [TEST_CASE][PASSED] - Test Cases/Admin edit profile (change email): Test Cases/Admin edit profile (change email)

2022-01-14 12:01:03 - [TEST_STEP][PASSED] - callTestCase(findTestCase("Login as admin"), [:], STOP_ON_FAILURE): Call Test Case 'Test Cases/Login as admin' successfully

2022-01-14 12:01:03 - [TEST_CASE][PASSED] - Test Cases/Login as admin: Test Cases/Login as admin

2022-01-14 12:01:03 - [TEST_STEP][PASSED] - openBrowser(""): Browser is opened with url: ''

2022-01-14 12:01:03 - [MESSAGE][WARNING] - A browser is already opened. Closing browser and opening a new one

2022-01-14 12:01:03 - [MESSAGE][INFO] - Starting 'Edge Chromium' driver

2022-01-14 12:01:04 - [MESSAGE][INFO] - Action delay is set to 0 milliseconds

2022-01-14 12:01:05 - [MESSAGE][PASSED] - Browser is opened with url: ''

2022-01-14 12:01:05 - [TEST_STEP][PASSED] - navigateToUrl("http://localhost/"): Navigate to 'http://localhost/' successfully

2022-01-14 12:01:06 - [MESSAGE][PASSED] - Navigate to 'http://localhost/' successfully

2022-01-14 12:01:06 - [TEST_STEP][PASSED] - click(findTestObject("Object Repository/Page_My Moodle/a_Log in")): Object: 'Object Repository/Page_My Moodle/a_Log in' is clicked on

2022-01-14 12:01:07 - [MESSAGE][PASSED] - Object: 'Object Repository/Page_My Moodle/a_Log in' is clicked on

2022-01-14 12:01:07 - [TEST_STEP][PASSED] - setText(findTestObject("Object Repository/Page_My Moodle Log in to the site/input_Username_username"), "admin"): Text 'admin' is set on object 'Object Repository/Page_My Moodle Log in to the site/input_Username_username'

2022-01-14 12:01:07 - [MESSAGE][PASSED] - Text 'admin' is set on object 'Object Repository/Page_My Moodle Log in to the site/input_Username_username'

2022-01-14 12:01:07 - [TEST_STEP][PASSED] - setEncryptedText(findTestObject("Object Repository/Page_My Moodle Log in to the site/input_Password_password"), "7Dxoto1EjKfQbGop/Ov+1g=="): Text ****** has been set on object 'Object Repository/Page_My Moodle Log in to the site/input_Password_password'

2022-01-14 12:01:08 - [MESSAGE][PASSED] - Text ****** has been set on object 'Object Repository/Page_My Moodle Log in to the site/input_Password_password'

2022-01-14 12:01:08 - [TEST_STEP][PASSED] - click(findTestObject("Object Repository/Page_My Moodle Log in to the site/button_Log in")): Object: 'Object Repository/Page_My Moodle Log in to the site/button_Log in' is clicked on

2022-01-14 12:01:09 - [MESSAGE][PASSED] - Object: 'Object Repository/Page_My Moodle Log in to the site/button_Log in' is clicked on

2022-01-14 12:01:09 - [MESSAGE][PASSED] - Call Test Case 'Test Cases/Login as admin' successfully

2022-01-14 12:01:09 - [TEST_STEP][PASSED] - click(findTestObject("Object Repository/Page_Dashboard/a_Admin Team")): Object: 'Object Repository/Page_Dashboard/a_Admin Team' is clicked on

2022-01-14 12:01:11 - [MESSAGE][PASSED] - Object: 'Object Repository/Page_Dashboard/a_Admin Team' is clicked on

2022-01-14 12:01:11 - [TEST_STEP][PASSED] - click(findTestObject("Object Repository/Page_Dashboard/span_Preferences")): Object: 'Object Repository/Page_Dashboard/span_Preferences' is clicked on

2022-01-14 12:01:12 - [MESSAGE][PASSED] - Object: 'Object Repository/Page_Dashboard/span_Preferences' is clicked on

2022-01-14 12:01:12 - [TEST_STEP][PASSED] - navigateToUrl("http://localhost/user/preferences.php"): Navigate to 'http://localhost/user/preferences.php' successfully

2022-01-14 12:01:12 - [MESSAGE][PASSED] - Navigate to 'http://localhost/user/preferences.php' successfully

2022-01-14 12:01:12 - [TEST_STEP][PASSED] - click(findTestObject("Object Repository/Page_Preferences/a_Edit profile")): Object: 'Object Repository/Page_Preferences/a_Edit profile' is clicked on

2022-01-14 12:01:13 - [MESSAGE][PASSED] - Object: 'Object Repository/Page_Preferences/a_Edit profile' is clicked on

2022-01-14 12:01:13 - [TEST_STEP][PASSED] - setText(findTestObject("Object Repository/Page_Moodle Edit profile/input_Email address_email"), "moodle.testing.team@gmail.com"): Text 'moodle.testing.team@gmail.com' is set on object 'Object Repository/Page_Moodle Edit profile/input_Email address_email'

2022-01-14 12:01:15 - [MESSAGE][PASSED] - Text 'moodle.testing.team@gmail.com' is set on object 'Object Repository/Page_Moodle Edit profile/input_Email address_email'

2022-01-14 12:01:15 - [TEST_STEP][PASSED] - click(findTestObject("Object Repository/Page_Moodle Edit profile/input_Address_submitbutton")): Object: 'Object Repository/Page_Moodle Edit profile/input_Address_submitbutton' is clicked on

2022-01-14 12:01:16 - [MESSAGE][PASSED] - Object: 'Object Repository/Page_Moodle Edit profile/input_Address_submitbutton' is clicked on]]></system-out>
         <system-err><![CDATA[]]></system-err>
      </testcase>
      <testcase name="Test Cases/Admin upload user with csv" time="26.847" classname="Test Cases/Admin upload user with csv" status="PASSED">
         <system-out><![CDATA[2022-01-14 12:01:16 - [TEST_CASE][PASSED] - Test Cases/Admin upload user with csv: Test Cases/Admin upload user with csv

2022-01-14 12:01:16 - [TEST_STEP][PASSED] - callTestCase(findTestCase("Login as admin"), [:], STOP_ON_FAILURE): Call Test Case 'Test Cases/Login as admin' successfully

2022-01-14 12:01:16 - [TEST_CASE][PASSED] - Test Cases/Login as admin: Test Cases/Login as admin

2022-01-14 12:01:16 - [TEST_STEP][PASSED] - openBrowser(""): Browser is opened with url: ''

2022-01-14 12:01:16 - [MESSAGE][WARNING] - A browser is already opened. Closing browser and opening a new one

2022-01-14 12:01:17 - [MESSAGE][INFO] - Starting 'Edge Chromium' driver

2022-01-14 12:01:17 - [MESSAGE][INFO] - Action delay is set to 0 milliseconds

2022-01-14 12:01:19 - [MESSAGE][PASSED] - Browser is opened with url: ''

2022-01-14 12:01:19 - [TEST_STEP][PASSED] - navigateToUrl("http://localhost/"): Navigate to 'http://localhost/' successfully

2022-01-14 12:01:19 - [MESSAGE][PASSED] - Navigate to 'http://localhost/' successfully

2022-01-14 12:01:19 - [TEST_STEP][PASSED] - click(findTestObject("Object Repository/Page_My Moodle/a_Log in")): Object: 'Object Repository/Page_My Moodle/a_Log in' is clicked on

2022-01-14 12:01:20 - [MESSAGE][PASSED] - Object: 'Object Repository/Page_My Moodle/a_Log in' is clicked on

2022-01-14 12:01:20 - [TEST_STEP][PASSED] - setText(findTestObject("Object Repository/Page_My Moodle Log in to the site/input_Username_username"), "admin"): Text 'admin' is set on object 'Object Repository/Page_My Moodle Log in to the site/input_Username_username'

2022-01-14 12:01:21 - [MESSAGE][PASSED] - Text 'admin' is set on object 'Object Repository/Page_My Moodle Log in to the site/input_Username_username'

2022-01-14 12:01:21 - [TEST_STEP][PASSED] - setEncryptedText(findTestObject("Object Repository/Page_My Moodle Log in to the site/input_Password_password"), "7Dxoto1EjKfQbGop/Ov+1g=="): Text ****** has been set on object 'Object Repository/Page_My Moodle Log in to the site/input_Password_password'

2022-01-14 12:01:21 - [MESSAGE][PASSED] - Text ****** has been set on object 'Object Repository/Page_My Moodle Log in to the site/input_Password_password'

2022-01-14 12:01:21 - [TEST_STEP][PASSED] - click(findTestObject("Object Repository/Page_My Moodle Log in to the site/button_Log in")): Object: 'Object Repository/Page_My Moodle Log in to the site/button_Log in' is clicked on

2022-01-14 12:01:22 - [MESSAGE][PASSED] - Object: 'Object Repository/Page_My Moodle Log in to the site/button_Log in' is clicked on

2022-01-14 12:01:22 - [MESSAGE][PASSED] - Call Test Case 'Test Cases/Login as admin' successfully

2022-01-14 12:01:22 - [TEST_STEP][PASSED] - click(findTestObject("Object Repository/Page_Dashboard/span_Site administration")): Object: 'Object Repository/Page_Dashboard/span_Site administration' is clicked on

2022-01-14 12:01:25 - [MESSAGE][PASSED] - Object: 'Object Repository/Page_Dashboard/span_Site administration' is clicked on

2022-01-14 12:01:25 - [TEST_STEP][PASSED] - click(findTestObject("Object Repository/Page_MT Administration Search/a_Users")): Object: 'Object Repository/Page_MT Administration Search/a_Users' is clicked on

2022-01-14 12:01:25 - [MESSAGE][PASSED] - Object: 'Object Repository/Page_MT Administration Search/a_Users' is clicked on

2022-01-14 12:01:25 - [TEST_STEP][PASSED] - click(findTestObject("Object Repository/Page_MT Administration Search/a_Upload users")): Object: 'Object Repository/Page_MT Administration Search/a_Upload users' is clicked on

2022-01-14 12:01:26 - [MESSAGE][PASSED] - Object: 'Object Repository/Page_MT Administration Search/a_Upload users' is clicked on

2022-01-14 12:01:26 - [TEST_STEP][PASSED] - click(findTestObject("Page_Moodle Administration Users Accounts Upload users/input_File_userfilechoose")): Object: 'Object Repository/Page_Moodle Administration Users Accounts Upload users/input_File_userfilechoose' is clicked on

2022-01-14 12:01:27 - [MESSAGE][PASSED] - Object: 'Object Repository/Page_Moodle Administration Users Accounts Upload users/input_File_userfilechoose' is clicked on

2022-01-14 12:01:27 - [TEST_STEP][PASSED] - click(findTestObject("Page_Moodle Administration Users Accounts Upload users/a_csv")): Object: 'Object Repository/Page_Moodle Administration Users Accounts Upload users/a_csv' is clicked on

2022-01-14 12:01:28 - [MESSAGE][PASSED] - Object: 'Object Repository/Page_Moodle Administration Users Accounts Upload users/a_csv' is clicked on

2022-01-14 12:01:28 - [TEST_STEP][PASSED] - click(findTestObject("Page_Moodle Administration Users Accounts Upload users/usercorrect")): Object: 'Object Repository/Page_Moodle Administration Users Accounts Upload users/usercorrect' is clicked on

2022-01-14 12:01:28 - [MESSAGE][PASSED] - Object: 'Object Repository/Page_Moodle Administration Users Accounts Upload users/usercorrect' is clicked on

2022-01-14 12:01:28 - [TEST_STEP][PASSED] - click(findTestObject("Page_Moodle Administration Users Accounts Upload users/button_Select this file")): Object: 'Object Repository/Page_Moodle Administration Users Accounts Upload users/button_Select this file' is clicked on

2022-01-14 12:01:29 - [MESSAGE][PASSED] - Object: 'Object Repository/Page_Moodle Administration Users Accounts Upload users/button_Select this file' is clicked on

2022-01-14 12:01:29 - [TEST_STEP][PASSED] - click(findTestObject("Object Repository/Page_MT Administration Users Accounts Upload users/input_Preview rows_submitbutton")): Object: 'Object Repository/Page_MT Administration Users Accounts Upload users/input_Preview rows_submitbutton' is clicked on

2022-01-14 12:01:30 - [MESSAGE][PASSED] - Object: 'Object Repository/Page_MT Administration Users Accounts Upload users/input_Preview rows_submitbutton' is clicked on

2022-01-14 12:01:30 - [TEST_STEP][PASSED] - selectOptionByValue(findTestObject("Object Repository/Page_MT Administration Users Accounts Upload users/select_Field required in file            Cr_517de1"), "0", true): All options with value '0' are selected in object 'Object Repository/Page_MT Administration Users Accounts Upload users/select_Field required in file            Cr_517de1'  using regular expression

2022-01-14 12:01:32 - [MESSAGE][PASSED] - All options with value '0' are selected in object 'Object Repository/Page_MT Administration Users Accounts Upload users/select_Field required in file            Cr_517de1'  using regular expression

2022-01-14 12:01:32 - [TEST_STEP][PASSED] - selectOptionByValue(findTestObject("Object Repository/Page_MT Administration Users Accounts Upload users/select_Users having a weak password        _b6a197"), "0", true): All options with value '0' are selected in object 'Object Repository/Page_MT Administration Users Accounts Upload users/select_Users having a weak password        _b6a197'  using regular expression

2022-01-14 12:01:33 - [MESSAGE][PASSED] - All options with value '0' are selected in object 'Object Repository/Page_MT Administration Users Accounts Upload users/select_Users having a weak password        _b6a197'  using regular expression

2022-01-14 12:01:33 - [TEST_STEP][PASSED] - click(findTestObject("Object Repository/Page_MT Administration Users Accounts Upload users/input_Preview rows_submitbutton")): Object: 'Object Repository/Page_MT Administration Users Accounts Upload users/input_Preview rows_submitbutton' is clicked on

2022-01-14 12:01:34 - [MESSAGE][PASSED] - Object: 'Object Repository/Page_MT Administration Users Accounts Upload users/input_Preview rows_submitbutton' is clicked on

2022-01-14 12:01:34 - [TEST_STEP][PASSED] - click(findTestObject("Object Repository/Page_MT Administration Users Accounts Upload users/button_Continue")): Object: 'Object Repository/Page_MT Administration Users Accounts Upload users/button_Continue' is clicked on

2022-01-14 12:01:36 - [MESSAGE][PASSED] - Object: 'Object Repository/Page_MT Administration Users Accounts Upload users/button_Continue' is clicked on

2022-01-14 12:01:36 - [TEST_STEP][PASSED] - click(findTestObject("Object Repository/Page_MT Administration Users Accounts Upload users/a_Admin User")): Object: 'Object Repository/Page_MT Administration Users Accounts Upload users/a_Admin User' is clicked on

2022-01-14 12:01:36 - [MESSAGE][PASSED] - Object: 'Object Repository/Page_MT Administration Users Accounts Upload users/a_Admin User' is clicked on

2022-01-14 12:01:36 - [TEST_STEP][PASSED] - click(findTestObject("Object Repository/Page_MT Administration Users Accounts Upload users/span_Log out")): Object: 'Object Repository/Page_MT Administration Users Accounts Upload users/span_Log out' is clicked on

2022-01-14 12:01:37 - [MESSAGE][PASSED] - Object: 'Object Repository/Page_MT Administration Users Accounts Upload users/span_Log out' is clicked on

2022-01-14 12:01:37 - [TEST_STEP][PASSED] - click(findTestObject("Object Repository/Page_Moodle Testing/a_Log in")): Object: 'Object Repository/Page_Moodle Testing/a_Log in' is clicked on

2022-01-14 12:01:38 - [MESSAGE][PASSED] - Object: 'Object Repository/Page_Moodle Testing/a_Log in' is clicked on

2022-01-14 12:01:38 - [TEST_STEP][PASSED] - setText(findTestObject("Object Repository/Page_Moodle Testing Log in to the site/input_Username_username"), "student1"): Text 'student1' is set on object 'Object Repository/Page_Moodle Testing Log in to the site/input_Username_username'

2022-01-14 12:01:38 - [MESSAGE][PASSED] - Text 'student1' is set on object 'Object Repository/Page_Moodle Testing Log in to the site/input_Username_username'

2022-01-14 12:01:38 - [TEST_STEP][PASSED] - setEncryptedText(findTestObject("Object Repository/Page_Moodle Testing Log in to the site/input_Password_password"), "HeCM15nHKBI="): Text ****** has been set on object 'Object Repository/Page_Moodle Testing Log in to the site/input_Password_password'

2022-01-14 12:01:39 - [MESSAGE][PASSED] - Text ****** has been set on object 'Object Repository/Page_Moodle Testing Log in to the site/input_Password_password'

2022-01-14 12:01:39 - [TEST_STEP][PASSED] - click(findTestObject("Object Repository/Page_Moodle Testing Log in to the site/button_Log in")): Object: 'Object Repository/Page_Moodle Testing Log in to the site/button_Log in' is clicked on

2022-01-14 12:01:40 - [MESSAGE][PASSED] - Object: 'Object Repository/Page_Moodle Testing Log in to the site/button_Log in' is clicked on

2022-01-14 12:01:40 - [TEST_STEP][PASSED] - click(findTestObject("Object Repository/Page_Dashboard/i_MT_icon fa fa-bell fa-fw")): Object: 'Object Repository/Page_Dashboard/i_MT_icon fa fa-bell fa-fw' is clicked on

2022-01-14 12:01:42 - [MESSAGE][PASSED] - Object: 'Object Repository/Page_Dashboard/i_MT_icon fa fa-bell fa-fw' is clicked on

2022-01-14 12:01:42 - [TEST_STEP][PASSED] - closeBrowser(): Browser is closed

2022-01-14 12:01:42 - [MESSAGE][PASSED] - Browser is closed]]></system-out>
         <system-err><![CDATA[]]></system-err>
      </testcase>
      <testcase name="Test Cases/Admin upload user wrong with csv" time="15.029" classname="Test Cases/Admin upload user wrong with csv" status="PASSED">
         <system-out><![CDATA[2022-01-14 12:01:42 - [TEST_CASE][PASSED] - Test Cases/Admin upload user wrong with csv: Test Cases/Admin upload user wrong with csv

2022-01-14 12:01:43 - [TEST_STEP][PASSED] - callTestCase(findTestCase("Login as admin"), [:], STOP_ON_FAILURE): Call Test Case 'Test Cases/Login as admin' successfully

2022-01-14 12:01:43 - [TEST_CASE][PASSED] - Test Cases/Login as admin: Test Cases/Login as admin

2022-01-14 12:01:43 - [TEST_STEP][PASSED] - openBrowser(""): Browser is opened with url: ''

2022-01-14 12:01:43 - [MESSAGE][INFO] - Starting 'Edge Chromium' driver

2022-01-14 12:01:43 - [MESSAGE][INFO] - Action delay is set to 0 milliseconds

2022-01-14 12:01:45 - [MESSAGE][PASSED] - Browser is opened with url: ''

2022-01-14 12:01:45 - [TEST_STEP][PASSED] - navigateToUrl("http://localhost/"): Navigate to 'http://localhost/' successfully

2022-01-14 12:01:45 - [MESSAGE][PASSED] - Navigate to 'http://localhost/' successfully

2022-01-14 12:01:45 - [TEST_STEP][PASSED] - click(findTestObject("Object Repository/Page_My Moodle/a_Log in")): Object: 'Object Repository/Page_My Moodle/a_Log in' is clicked on

2022-01-14 12:01:46 - [MESSAGE][PASSED] - Object: 'Object Repository/Page_My Moodle/a_Log in' is clicked on

2022-01-14 12:01:46 - [TEST_STEP][PASSED] - setText(findTestObject("Object Repository/Page_My Moodle Log in to the site/input_Username_username"), "admin"): Text 'admin' is set on object 'Object Repository/Page_My Moodle Log in to the site/input_Username_username'

2022-01-14 12:01:47 - [MESSAGE][PASSED] - Text 'admin' is set on object 'Object Repository/Page_My Moodle Log in to the site/input_Username_username'

2022-01-14 12:01:47 - [TEST_STEP][PASSED] - setEncryptedText(findTestObject("Object Repository/Page_My Moodle Log in to the site/input_Password_password"), "7Dxoto1EjKfQbGop/Ov+1g=="): Text ****** has been set on object 'Object Repository/Page_My Moodle Log in to the site/input_Password_password'

2022-01-14 12:01:47 - [MESSAGE][PASSED] - Text ****** has been set on object 'Object Repository/Page_My Moodle Log in to the site/input_Password_password'

2022-01-14 12:01:47 - [TEST_STEP][PASSED] - click(findTestObject("Object Repository/Page_My Moodle Log in to the site/button_Log in")): Object: 'Object Repository/Page_My Moodle Log in to the site/button_Log in' is clicked on

2022-01-14 12:01:48 - [MESSAGE][PASSED] - Object: 'Object Repository/Page_My Moodle Log in to the site/button_Log in' is clicked on

2022-01-14 12:01:48 - [MESSAGE][PASSED] - Call Test Case 'Test Cases/Login as admin' successfully

2022-01-14 12:01:48 - [TEST_STEP][PASSED] - click(findTestObject("Object Repository/Page_Dashboard/span_Site administration")): Object: 'Object Repository/Page_Dashboard/span_Site administration' is clicked on

2022-01-14 12:01:51 - [MESSAGE][PASSED] - Object: 'Object Repository/Page_Dashboard/span_Site administration' is clicked on

2022-01-14 12:01:51 - [TEST_STEP][PASSED] - click(findTestObject("Object Repository/Page_MT Administration Search/a_Users")): Object: 'Object Repository/Page_MT Administration Search/a_Users' is clicked on

2022-01-14 12:01:51 - [MESSAGE][PASSED] - Object: 'Object Repository/Page_MT Administration Search/a_Users' is clicked on

2022-01-14 12:01:51 - [TEST_STEP][PASSED] - click(findTestObject("Object Repository/Page_MT Administration Search/a_Upload users")): Object: 'Object Repository/Page_MT Administration Search/a_Upload users' is clicked on

2022-01-14 12:01:52 - [MESSAGE][PASSED] - Object: 'Object Repository/Page_MT Administration Search/a_Upload users' is clicked on

2022-01-14 12:01:52 - [TEST_STEP][PASSED] - click(findTestObject("Page_Moodle Administration Users Accounts Upload users/input_File_userfilechoose")): Object: 'Object Repository/Page_Moodle Administration Users Accounts Upload users/input_File_userfilechoose' is clicked on

2022-01-14 12:01:53 - [MESSAGE][PASSED] - Object: 'Object Repository/Page_Moodle Administration Users Accounts Upload users/input_File_userfilechoose' is clicked on

2022-01-14 12:01:53 - [TEST_STEP][PASSED] - click(findTestObject("Object Repository/Page_MT Administration Users Accounts Upload users/span_csv")): Object: 'Object Repository/Page_MT Administration Users Accounts Upload users/span_csv' is clicked on

2022-01-14 12:01:54 - [MESSAGE][PASSED] - Object: 'Object Repository/Page_MT Administration Users Accounts Upload users/span_csv' is clicked on

2022-01-14 12:01:54 - [TEST_STEP][PASSED] - click(findTestObject("Page_Moodle Administration Users Accounts Upload users/userwrong")): Object: 'Object Repository/Page_Moodle Administration Users Accounts Upload users/userwrong' is clicked on

2022-01-14 12:01:54 - [MESSAGE][PASSED] - Object: 'Object Repository/Page_Moodle Administration Users Accounts Upload users/userwrong' is clicked on

2022-01-14 12:01:54 - [TEST_STEP][PASSED] - click(findTestObject("Object Repository/Page_MT Administration Users Accounts Upload users/button_Select this file")): Object: 'Object Repository/Page_MT Administration Users Accounts Upload users/button_Select this file' is clicked on

2022-01-14 12:01:55 - [MESSAGE][PASSED] - Object: 'Object Repository/Page_MT Administration Users Accounts Upload users/button_Select this file' is clicked on

2022-01-14 12:01:55 - [TEST_STEP][PASSED] - click(findTestObject("Object Repository/Page_MT Administration Users Accounts Upload users/input_Preview rows_submitbutton")): Object: 'Object Repository/Page_MT Administration Users Accounts Upload users/input_Preview rows_submitbutton' is clicked on

2022-01-14 12:01:56 - [MESSAGE][PASSED] - Object: 'Object Repository/Page_MT Administration Users Accounts Upload users/input_Preview rows_submitbutton' is clicked on

2022-01-14 12:01:56 - [TEST_STEP][PASSED] - verifyEqual(getText(findTestObject("Object Repository/Page_Error/p_An error occurred while loading the CSV file Invalid CSV file format - number of columns is not constant")).toString(), "An error occurred while loading the CSV file: Invalid CSV file format - number of columns is not constant!"): Actual object 'An error occurred while loading the CSV file: Invalid CSV file format - number of columns is not constant!' and expected object 'An error occurred while loading the CSV file: Invalid CSV file format - number of columns is not constant!' are equal

2022-01-14 12:01:57 - [MESSAGE][PASSED] - Text of object 'Object Repository/Page_Error/p_An error occurred while loading the CSV file Invalid CSV file format - number of columns is not constant' is: 'An error occurred while loading the CSV file: Invalid CSV file format - number of columns is not constant!'

2022-01-14 12:01:57 - [MESSAGE][PASSED] - Actual object 'An error occurred while loading the CSV file: Invalid CSV file format - number of columns is not constant!' and expected object 'An error occurred while loading the CSV file: Invalid CSV file format - number of columns is not constant!' are equal

2022-01-14 12:01:57 - [TEST_STEP][PASSED] - closeBrowser(): Browser is closed

2022-01-14 12:01:57 - [MESSAGE][PASSED] - Browser is closed]]></system-out>
         <system-err><![CDATA[]]></system-err>
      </testcase>
      <testcase name="Test Cases/Admin create user" time="23.776" classname="Test Cases/Admin create user" status="PASSED">
         <system-out><![CDATA[2022-01-14 12:01:57 - [TEST_CASE][PASSED] - Test Cases/Admin create user: Test Cases/Admin create user

2022-01-14 12:01:58 - [TEST_STEP][PASSED] - callTestCase(findTestCase("Login as admin"), [:], STOP_ON_FAILURE): Call Test Case 'Test Cases/Login as admin' successfully

2022-01-14 12:01:58 - [TEST_CASE][PASSED] - Test Cases/Login as admin: Test Cases/Login as admin

2022-01-14 12:01:58 - [TEST_STEP][PASSED] - openBrowser(""): Browser is opened with url: ''

2022-01-14 12:01:58 - [MESSAGE][INFO] - Starting 'Edge Chromium' driver

2022-01-14 12:01:58 - [MESSAGE][INFO] - Action delay is set to 0 milliseconds

2022-01-14 12:02:00 - [MESSAGE][PASSED] - Browser is opened with url: ''

2022-01-14 12:02:00 - [TEST_STEP][PASSED] - navigateToUrl("http://localhost/"): Navigate to 'http://localhost/' successfully

2022-01-14 12:02:00 - [MESSAGE][PASSED] - Navigate to 'http://localhost/' successfully

2022-01-14 12:02:00 - [TEST_STEP][PASSED] - click(findTestObject("Object Repository/Page_My Moodle/a_Log in")): Object: 'Object Repository/Page_My Moodle/a_Log in' is clicked on

2022-01-14 12:02:01 - [MESSAGE][PASSED] - Object: 'Object Repository/Page_My Moodle/a_Log in' is clicked on

2022-01-14 12:02:01 - [TEST_STEP][PASSED] - setText(findTestObject("Object Repository/Page_My Moodle Log in to the site/input_Username_username"), "admin"): Text 'admin' is set on object 'Object Repository/Page_My Moodle Log in to the site/input_Username_username'

2022-01-14 12:02:02 - [MESSAGE][PASSED] - Text 'admin' is set on object 'Object Repository/Page_My Moodle Log in to the site/input_Username_username'

2022-01-14 12:02:02 - [TEST_STEP][PASSED] - setEncryptedText(findTestObject("Object Repository/Page_My Moodle Log in to the site/input_Password_password"), "7Dxoto1EjKfQbGop/Ov+1g=="): Text ****** has been set on object 'Object Repository/Page_My Moodle Log in to the site/input_Password_password'

2022-01-14 12:02:02 - [MESSAGE][PASSED] - Text ****** has been set on object 'Object Repository/Page_My Moodle Log in to the site/input_Password_password'

2022-01-14 12:02:02 - [TEST_STEP][PASSED] - click(findTestObject("Object Repository/Page_My Moodle Log in to the site/button_Log in")): Object: 'Object Repository/Page_My Moodle Log in to the site/button_Log in' is clicked on

2022-01-14 12:02:03 - [MESSAGE][PASSED] - Object: 'Object Repository/Page_My Moodle Log in to the site/button_Log in' is clicked on

2022-01-14 12:02:03 - [MESSAGE][PASSED] - Call Test Case 'Test Cases/Login as admin' successfully

2022-01-14 12:02:03 - [TEST_STEP][PASSED] - click(findTestObject("Object Repository/Page_Dashboard/a_Site administration")): Object: 'Object Repository/Page_Dashboard/a_Site administration' is clicked on

2022-01-14 12:02:05 - [MESSAGE][PASSED] - Object: 'Object Repository/Page_Dashboard/a_Site administration' is clicked on

2022-01-14 12:02:05 - [TEST_STEP][PASSED] - navigateToUrl("http://localhost/admin/search.php"): Navigate to 'http://localhost/admin/search.php' successfully

2022-01-14 12:02:06 - [MESSAGE][PASSED] - Navigate to 'http://localhost/admin/search.php' successfully

2022-01-14 12:02:06 - [TEST_STEP][PASSED] - click(findTestObject("Object Repository/Page_Moodle Administration Search/a_Users")): Object: 'Object Repository/Page_Moodle Administration Search/a_Users' is clicked on

2022-01-14 12:02:06 - [MESSAGE][PASSED] - Object: 'Object Repository/Page_Moodle Administration Search/a_Users' is clicked on

2022-01-14 12:02:06 - [TEST_STEP][PASSED] - click(findTestObject("Object Repository/Page_Moodle Administration Search/a_Add a new user")): Object: 'Object Repository/Page_Moodle Administration Search/a_Add a new user' is clicked on

2022-01-14 12:02:07 - [MESSAGE][PASSED] - Object: 'Object Repository/Page_Moodle Administration Search/a_Add a new user' is clicked on

2022-01-14 12:02:07 - [TEST_STEP][PASSED] - setText(findTestObject("Object Repository/Page_Moodle Administration Users Accounts A_0fbd97/input_Username_username"), "trongle"): Text 'trongle' is set on object 'Object Repository/Page_Moodle Administration Users Accounts A_0fbd97/input_Username_username'

2022-01-14 12:02:09 - [MESSAGE][PASSED] - Text 'trongle' is set on object 'Object Repository/Page_Moodle Administration Users Accounts A_0fbd97/input_Username_username'

2022-01-14 12:02:09 - [TEST_STEP][PASSED] - click(findTestObject("Page_Moodle Administration Users Accounts Add a new user/a_Click to enter text")): Object: 'Object Repository/Page_Moodle Administration Users Accounts Add a new user/a_Click to enter text' is clicked on

2022-01-14 12:02:09 - [MESSAGE][PASSED] - Object: 'Object Repository/Page_Moodle Administration Users Accounts Add a new user/a_Click to enter text' is clicked on

2022-01-14 12:02:09 - [TEST_STEP][PASSED] - setEncryptedText(findTestObject("Object Repository/Page_Moodle Administration Users Accounts A_0fbd97/input_New password_newpassword"), "Ta6u/19GniC0jLl2J4N0KA=="): Text ****** has been set on object 'Object Repository/Page_Moodle Administration Users Accounts A_0fbd97/input_New password_newpassword'

2022-01-14 12:02:10 - [MESSAGE][PASSED] - Text ****** has been set on object 'Object Repository/Page_Moodle Administration Users Accounts A_0fbd97/input_New password_newpassword'

2022-01-14 12:02:10 - [TEST_STEP][PASSED] - setText(findTestObject("Object Repository/Page_Moodle Administration Users Accounts A_0fbd97/input_First name_firstname"), "Trong"): Text 'Trong' is set on object 'Object Repository/Page_Moodle Administration Users Accounts A_0fbd97/input_First name_firstname'

2022-01-14 12:02:11 - [MESSAGE][PASSED] - Text 'Trong' is set on object 'Object Repository/Page_Moodle Administration Users Accounts A_0fbd97/input_First name_firstname'

2022-01-14 12:02:11 - [TEST_STEP][PASSED] - setText(findTestObject("Object Repository/Page_Moodle Administration Users Accounts A_0fbd97/input_Surname_lastname"), "Le"): Text 'Le' is set on object 'Object Repository/Page_Moodle Administration Users Accounts A_0fbd97/input_Surname_lastname'

2022-01-14 12:02:12 - [MESSAGE][PASSED] - Text 'Le' is set on object 'Object Repository/Page_Moodle Administration Users Accounts A_0fbd97/input_Surname_lastname'

2022-01-14 12:02:12 - [TEST_STEP][PASSED] - setText(findTestObject("Object Repository/Page_Moodle Administration Users Accounts A_0fbd97/input_Email address_email"), "quoctrongle2001@gmail.com"): Text 'quoctrongle2001@gmail.com' is set on object 'Object Repository/Page_Moodle Administration Users Accounts A_0fbd97/input_Email address_email'

2022-01-14 12:02:13 - [MESSAGE][PASSED] - Text 'quoctrongle2001@gmail.com' is set on object 'Object Repository/Page_Moodle Administration Users Accounts A_0fbd97/input_Email address_email'

2022-01-14 12:02:13 - [TEST_STEP][PASSED] - click(findTestObject("Object Repository/Page_Moodle Administration Users Accounts A_0fbd97/input_Address_submitbutton")): Object: 'Object Repository/Page_Moodle Administration Users Accounts A_0fbd97/input_Address_submitbutton' is clicked on

2022-01-14 12:02:15 - [MESSAGE][PASSED] - Object: 'Object Repository/Page_Moodle Administration Users Accounts A_0fbd97/input_Address_submitbutton' is clicked on

2022-01-14 12:02:15 - [TEST_STEP][PASSED] - click(findTestObject("Object Repository/Page_Moodle Administration Users Accounts B_4543d8/div_Changes saved")): Object: 'Object Repository/Page_Moodle Administration Users Accounts B_4543d8/div_Changes saved' is clicked on

2022-01-14 12:02:15 - [MESSAGE][PASSED] - Object: 'Object Repository/Page_Moodle Administration Users Accounts B_4543d8/div_Changes saved' is clicked on

2022-01-14 12:02:15 - [TEST_STEP][PASSED] - click(findTestObject("Object Repository/Page_MT Administration Users Accounts Upload users/a_Admin User")): Object: 'Object Repository/Page_MT Administration Users Accounts Upload users/a_Admin User' is clicked on

2022-01-14 12:02:16 - [MESSAGE][PASSED] - Object: 'Object Repository/Page_MT Administration Users Accounts Upload users/a_Admin User' is clicked on

2022-01-14 12:02:16 - [TEST_STEP][PASSED] - click(findTestObject("Object Repository/Page_MT Administration Users Accounts Upload users/span_Log out")): Object: 'Object Repository/Page_MT Administration Users Accounts Upload users/span_Log out' is clicked on

2022-01-14 12:02:17 - [MESSAGE][PASSED] - Object: 'Object Repository/Page_MT Administration Users Accounts Upload users/span_Log out' is clicked on

2022-01-14 12:02:17 - [TEST_STEP][PASSED] - click(findTestObject("Object Repository/Page_Moodle Testing/a_Log in")): Object: 'Object Repository/Page_Moodle Testing/a_Log in' is clicked on

2022-01-14 12:02:17 - [MESSAGE][PASSED] - Object: 'Object Repository/Page_Moodle Testing/a_Log in' is clicked on

2022-01-14 12:02:17 - [TEST_STEP][PASSED] - setText(findTestObject("Object Repository/Page_Moodle Testing Log in to the site/input_Username_username"), "trongle"): Text 'trongle' is set on object 'Object Repository/Page_Moodle Testing Log in to the site/input_Username_username'

2022-01-14 12:02:18 - [MESSAGE][PASSED] - Text 'trongle' is set on object 'Object Repository/Page_Moodle Testing Log in to the site/input_Username_username'

2022-01-14 12:02:18 - [TEST_STEP][PASSED] - setEncryptedText(findTestObject("Object Repository/Page_Moodle Testing Log in to the site/input_Password_password"), "Ta6u/19GniC0jLl2J4N0KA=="): Text ****** has been set on object 'Object Repository/Page_Moodle Testing Log in to the site/input_Password_password'

2022-01-14 12:02:19 - [MESSAGE][PASSED] - Text ****** has been set on object 'Object Repository/Page_Moodle Testing Log in to the site/input_Password_password'

2022-01-14 12:02:19 - [TEST_STEP][PASSED] - click(findTestObject("Object Repository/Page_Moodle Testing Log in to the site/button_Log in")): Object: 'Object Repository/Page_Moodle Testing Log in to the site/button_Log in' is clicked on

2022-01-14 12:02:20 - [MESSAGE][PASSED] - Object: 'Object Repository/Page_Moodle Testing Log in to the site/button_Log in' is clicked on

2022-01-14 12:02:20 - [TEST_STEP][PASSED] - click(findTestObject("Object Repository/Page_Dashboard/i_MT_icon fa fa-bell fa-fw")): Object: 'Object Repository/Page_Dashboard/i_MT_icon fa fa-bell fa-fw' is clicked on

2022-01-14 12:02:21 - [MESSAGE][PASSED] - Object: 'Object Repository/Page_Dashboard/i_MT_icon fa fa-bell fa-fw' is clicked on]]></system-out>
         <system-err><![CDATA[]]></system-err>
      </testcase>
      <testcase name="Test Cases/Admin create user (already exist)" time="18.991" classname="Test Cases/Admin create user (already exist)" status="PASSED">
         <system-out><![CDATA[2022-01-14 12:02:21 - [TEST_CASE][PASSED] - Test Cases/Admin create user (already exist): Test Cases/Admin create user (already exist)

2022-01-14 12:02:22 - [TEST_STEP][PASSED] - callTestCase(findTestCase("Login as admin"), [:], STOP_ON_FAILURE): Call Test Case 'Test Cases/Login as admin' successfully

2022-01-14 12:02:22 - [TEST_CASE][PASSED] - Test Cases/Login as admin: Test Cases/Login as admin

2022-01-14 12:02:22 - [TEST_STEP][PASSED] - openBrowser(""): Browser is opened with url: ''

2022-01-14 12:02:22 - [MESSAGE][WARNING] - A browser is already opened. Closing browser and opening a new one

2022-01-14 12:02:22 - [MESSAGE][INFO] - Starting 'Edge Chromium' driver

2022-01-14 12:02:23 - [MESSAGE][INFO] - Action delay is set to 0 milliseconds

2022-01-14 12:02:24 - [MESSAGE][PASSED] - Browser is opened with url: ''

2022-01-14 12:02:24 - [TEST_STEP][PASSED] - navigateToUrl("http://localhost/"): Navigate to 'http://localhost/' successfully

2022-01-14 12:02:25 - [MESSAGE][PASSED] - Navigate to 'http://localhost/' successfully

2022-01-14 12:02:25 - [TEST_STEP][PASSED] - click(findTestObject("Object Repository/Page_My Moodle/a_Log in")): Object: 'Object Repository/Page_My Moodle/a_Log in' is clicked on

2022-01-14 12:02:26 - [MESSAGE][PASSED] - Object: 'Object Repository/Page_My Moodle/a_Log in' is clicked on

2022-01-14 12:02:26 - [TEST_STEP][PASSED] - setText(findTestObject("Object Repository/Page_My Moodle Log in to the site/input_Username_username"), "admin"): Text 'admin' is set on object 'Object Repository/Page_My Moodle Log in to the site/input_Username_username'

2022-01-14 12:02:26 - [MESSAGE][PASSED] - Text 'admin' is set on object 'Object Repository/Page_My Moodle Log in to the site/input_Username_username'

2022-01-14 12:02:26 - [TEST_STEP][PASSED] - setEncryptedText(findTestObject("Object Repository/Page_My Moodle Log in to the site/input_Password_password"), "7Dxoto1EjKfQbGop/Ov+1g=="): Text ****** has been set on object 'Object Repository/Page_My Moodle Log in to the site/input_Password_password'

2022-01-14 12:02:27 - [MESSAGE][PASSED] - Text ****** has been set on object 'Object Repository/Page_My Moodle Log in to the site/input_Password_password'

2022-01-14 12:02:27 - [TEST_STEP][PASSED] - click(findTestObject("Object Repository/Page_My Moodle Log in to the site/button_Log in")): Object: 'Object Repository/Page_My Moodle Log in to the site/button_Log in' is clicked on

2022-01-14 12:02:28 - [MESSAGE][PASSED] - Object: 'Object Repository/Page_My Moodle Log in to the site/button_Log in' is clicked on

2022-01-14 12:02:28 - [MESSAGE][PASSED] - Call Test Case 'Test Cases/Login as admin' successfully

2022-01-14 12:02:28 - [TEST_STEP][PASSED] - click(findTestObject("Object Repository/Page_Dashboard/span_Site administration")): Object: 'Object Repository/Page_Dashboard/span_Site administration' is clicked on

2022-01-14 12:02:30 - [MESSAGE][PASSED] - Object: 'Object Repository/Page_Dashboard/span_Site administration' is clicked on

2022-01-14 12:02:30 - [TEST_STEP][PASSED] - navigateToUrl("http://localhost/admin/search.php"): Navigate to 'http://localhost/admin/search.php' successfully

2022-01-14 12:02:30 - [MESSAGE][PASSED] - Navigate to 'http://localhost/admin/search.php' successfully

2022-01-14 12:02:30 - [TEST_STEP][PASSED] - click(findTestObject("Object Repository/Page_Moodle Administration Search/a_Users")): Object: 'Object Repository/Page_Moodle Administration Search/a_Users' is clicked on

2022-01-14 12:02:31 - [MESSAGE][PASSED] - Object: 'Object Repository/Page_Moodle Administration Search/a_Users' is clicked on

2022-01-14 12:02:31 - [TEST_STEP][PASSED] - click(findTestObject("Object Repository/Page_Moodle Administration Search/a_Add a new user")): Object: 'Object Repository/Page_Moodle Administration Search/a_Add a new user' is clicked on

2022-01-14 12:02:32 - [MESSAGE][PASSED] - Object: 'Object Repository/Page_Moodle Administration Search/a_Add a new user' is clicked on

2022-01-14 12:02:32 - [TEST_STEP][PASSED] - setText(findTestObject("Object Repository/Page_Moodle Administration Users Accounts A_0fbd97/input_Username_username"), "trongle"): Text 'trongle' is set on object 'Object Repository/Page_Moodle Administration Users Accounts A_0fbd97/input_Username_username'

2022-01-14 12:02:34 - [MESSAGE][PASSED] - Text 'trongle' is set on object 'Object Repository/Page_Moodle Administration Users Accounts A_0fbd97/input_Username_username'

2022-01-14 12:02:34 - [TEST_STEP][PASSED] - click(findTestObject("Object Repository/Page_Moodle Administration Users Accounts Add a new user/a_Click to enter text")): Object: 'Object Repository/Page_Moodle Administration Users Accounts Add a new user/a_Click to enter text' is clicked on

2022-01-14 12:02:34 - [MESSAGE][PASSED] - Object: 'Object Repository/Page_Moodle Administration Users Accounts Add a new user/a_Click to enter text' is clicked on

2022-01-14 12:02:34 - [TEST_STEP][PASSED] - setEncryptedText(findTestObject("Object Repository/Page_Moodle Administration Users Accounts A_0fbd97/input_New password_newpassword"), "Ta6u/19GniC0jLl2J4N0KA=="): Text ****** has been set on object 'Object Repository/Page_Moodle Administration Users Accounts A_0fbd97/input_New password_newpassword'

2022-01-14 12:02:35 - [MESSAGE][PASSED] - Text ****** has been set on object 'Object Repository/Page_Moodle Administration Users Accounts A_0fbd97/input_New password_newpassword'

2022-01-14 12:02:35 - [TEST_STEP][PASSED] - setText(findTestObject("Object Repository/Page_Moodle Administration Users Accounts A_0fbd97/input_First name_firstname"), "Trong"): Text 'Trong' is set on object 'Object Repository/Page_Moodle Administration Users Accounts A_0fbd97/input_First name_firstname'

2022-01-14 12:02:35 - [MESSAGE][PASSED] - Text 'Trong' is set on object 'Object Repository/Page_Moodle Administration Users Accounts A_0fbd97/input_First name_firstname'

2022-01-14 12:02:35 - [TEST_STEP][PASSED] - setText(findTestObject("Object Repository/Page_Moodle Administration Users Accounts A_0fbd97/input_Surname_lastname"), "Le"): Text 'Le' is set on object 'Object Repository/Page_Moodle Administration Users Accounts A_0fbd97/input_Surname_lastname'

2022-01-14 12:02:36 - [MESSAGE][PASSED] - Text 'Le' is set on object 'Object Repository/Page_Moodle Administration Users Accounts A_0fbd97/input_Surname_lastname'

2022-01-14 12:02:36 - [TEST_STEP][PASSED] - setText(findTestObject("Object Repository/Page_Moodle Administration Users Accounts A_0fbd97/input_Email address_email"), "quoctrongle2001@gmail.com"): Text 'quoctrongle2001@gmail.com' is set on object 'Object Repository/Page_Moodle Administration Users Accounts A_0fbd97/input_Email address_email'

2022-01-14 12:02:37 - [MESSAGE][PASSED] - Text 'quoctrongle2001@gmail.com' is set on object 'Object Repository/Page_Moodle Administration Users Accounts A_0fbd97/input_Email address_email'

2022-01-14 12:02:37 - [TEST_STEP][PASSED] - click(findTestObject("Object Repository/Page_Moodle Administration Users Accounts A_0fbd97/input_Address_submitbutton")): Object: 'Object Repository/Page_Moodle Administration Users Accounts A_0fbd97/input_Address_submitbutton' is clicked on

2022-01-14 12:02:39 - [MESSAGE][PASSED] - Object: 'Object Repository/Page_Moodle Administration Users Accounts A_0fbd97/input_Address_submitbutton' is clicked on

2022-01-14 12:02:39 - [TEST_STEP][PASSED] - click(findTestObject("Object Repository/Page_Moodle Administration Users Accounts A_0fbd97/div_This username already exists, choose another")): Object: 'Object Repository/Page_Moodle Administration Users Accounts A_0fbd97/div_This username already exists, choose another' is clicked on

2022-01-14 12:02:40 - [MESSAGE][PASSED] - Object: 'Object Repository/Page_Moodle Administration Users Accounts A_0fbd97/div_This username already exists, choose another' is clicked on]]></system-out>
         <system-err><![CDATA[]]></system-err>
      </testcase>
      <testcase name="Test Cases/Admin create user (invalid password)" time="18.579" classname="Test Cases/Admin create user (invalid password)" status="PASSED">
         <system-out><![CDATA[2022-01-14 12:02:40 - [TEST_CASE][PASSED] - Test Cases/Admin create user (invalid password): Test Cases/Admin create user (invalid password)

2022-01-14 12:02:40 - [TEST_STEP][PASSED] - callTestCase(findTestCase("Login as admin"), [:], STOP_ON_FAILURE): Call Test Case 'Test Cases/Login as admin' successfully

2022-01-14 12:02:41 - [TEST_CASE][PASSED] - Test Cases/Login as admin: Test Cases/Login as admin

2022-01-14 12:02:41 - [TEST_STEP][PASSED] - openBrowser(""): Browser is opened with url: ''

2022-01-14 12:02:41 - [MESSAGE][WARNING] - A browser is already opened. Closing browser and opening a new one

2022-01-14 12:02:41 - [MESSAGE][INFO] - Starting 'Edge Chromium' driver

2022-01-14 12:02:42 - [MESSAGE][INFO] - Action delay is set to 0 milliseconds

2022-01-14 12:02:43 - [MESSAGE][PASSED] - Browser is opened with url: ''

2022-01-14 12:02:43 - [TEST_STEP][PASSED] - navigateToUrl("http://localhost/"): Navigate to 'http://localhost/' successfully

2022-01-14 12:02:44 - [MESSAGE][PASSED] - Navigate to 'http://localhost/' successfully

2022-01-14 12:02:44 - [TEST_STEP][PASSED] - click(findTestObject("Object Repository/Page_My Moodle/a_Log in")): Object: 'Object Repository/Page_My Moodle/a_Log in' is clicked on

2022-01-14 12:02:44 - [MESSAGE][PASSED] - Object: 'Object Repository/Page_My Moodle/a_Log in' is clicked on

2022-01-14 12:02:44 - [TEST_STEP][PASSED] - setText(findTestObject("Object Repository/Page_My Moodle Log in to the site/input_Username_username"), "admin"): Text 'admin' is set on object 'Object Repository/Page_My Moodle Log in to the site/input_Username_username'

2022-01-14 12:02:45 - [MESSAGE][PASSED] - Text 'admin' is set on object 'Object Repository/Page_My Moodle Log in to the site/input_Username_username'

2022-01-14 12:02:45 - [TEST_STEP][PASSED] - setEncryptedText(findTestObject("Object Repository/Page_My Moodle Log in to the site/input_Password_password"), "7Dxoto1EjKfQbGop/Ov+1g=="): Text ****** has been set on object 'Object Repository/Page_My Moodle Log in to the site/input_Password_password'

2022-01-14 12:02:46 - [MESSAGE][PASSED] - Text ****** has been set on object 'Object Repository/Page_My Moodle Log in to the site/input_Password_password'

2022-01-14 12:02:46 - [TEST_STEP][PASSED] - click(findTestObject("Object Repository/Page_My Moodle Log in to the site/button_Log in")): Object: 'Object Repository/Page_My Moodle Log in to the site/button_Log in' is clicked on

2022-01-14 12:02:47 - [MESSAGE][PASSED] - Object: 'Object Repository/Page_My Moodle Log in to the site/button_Log in' is clicked on

2022-01-14 12:02:47 - [MESSAGE][PASSED] - Call Test Case 'Test Cases/Login as admin' successfully

2022-01-14 12:02:47 - [TEST_STEP][PASSED] - click(findTestObject("Object Repository/Page_Dashboard/span_Site administration")): Object: 'Object Repository/Page_Dashboard/span_Site administration' is clicked on

2022-01-14 12:02:49 - [MESSAGE][PASSED] - Object: 'Object Repository/Page_Dashboard/span_Site administration' is clicked on

2022-01-14 12:02:49 - [TEST_STEP][PASSED] - navigateToUrl("http://localhost/admin/search.php"): Navigate to 'http://localhost/admin/search.php' successfully

2022-01-14 12:02:49 - [MESSAGE][PASSED] - Navigate to 'http://localhost/admin/search.php' successfully

2022-01-14 12:02:49 - [TEST_STEP][PASSED] - click(findTestObject("Object Repository/Page_Moodle Administration Search/a_Users")): Object: 'Object Repository/Page_Moodle Administration Search/a_Users' is clicked on

2022-01-14 12:02:50 - [MESSAGE][PASSED] - Object: 'Object Repository/Page_Moodle Administration Search/a_Users' is clicked on

2022-01-14 12:02:50 - [TEST_STEP][PASSED] - click(findTestObject("Object Repository/Page_Moodle Administration Search/a_Add a new user")): Object: 'Object Repository/Page_Moodle Administration Search/a_Add a new user' is clicked on

2022-01-14 12:02:51 - [MESSAGE][PASSED] - Object: 'Object Repository/Page_Moodle Administration Search/a_Add a new user' is clicked on

2022-01-14 12:02:51 - [TEST_STEP][PASSED] - setText(findTestObject("Object Repository/Page_Moodle Administration Users Accounts A_0fbd97/input_Username_username"), "trongle"): Text 'trongle' is set on object 'Object Repository/Page_Moodle Administration Users Accounts A_0fbd97/input_Username_username'

2022-01-14 12:02:52 - [MESSAGE][PASSED] - Text 'trongle' is set on object 'Object Repository/Page_Moodle Administration Users Accounts A_0fbd97/input_Username_username'

2022-01-14 12:02:52 - [TEST_STEP][PASSED] - click(findTestObject("Page_Moodle Administration Users Accounts Add a new user/a_Click to enter text")): Object: 'Object Repository/Page_Moodle Administration Users Accounts Add a new user/a_Click to enter text' is clicked on

2022-01-14 12:02:53 - [MESSAGE][PASSED] - Object: 'Object Repository/Page_Moodle Administration Users Accounts Add a new user/a_Click to enter text' is clicked on

2022-01-14 12:02:53 - [TEST_STEP][PASSED] - setEncryptedText(findTestObject("Object Repository/Page_Moodle Administration Users Accounts A_0fbd97/input_New password_newpassword"), "CsLZwaoQGhsWdKVDaGOwGg=="): Text ****** has been set on object 'Object Repository/Page_Moodle Administration Users Accounts A_0fbd97/input_New password_newpassword'

2022-01-14 12:02:53 - [MESSAGE][PASSED] - Text ****** has been set on object 'Object Repository/Page_Moodle Administration Users Accounts A_0fbd97/input_New password_newpassword'

2022-01-14 12:02:53 - [TEST_STEP][PASSED] - setText(findTestObject("Object Repository/Page_Moodle Administration Users Accounts A_0fbd97/input_First name_firstname"), "Trong"): Text 'Trong' is set on object 'Object Repository/Page_Moodle Administration Users Accounts A_0fbd97/input_First name_firstname'

2022-01-14 12:02:54 - [MESSAGE][PASSED] - Text 'Trong' is set on object 'Object Repository/Page_Moodle Administration Users Accounts A_0fbd97/input_First name_firstname'

2022-01-14 12:02:54 - [TEST_STEP][PASSED] - setText(findTestObject("Object Repository/Page_Moodle Administration Users Accounts A_0fbd97/input_Surname_lastname"), "Le"): Text 'Le' is set on object 'Object Repository/Page_Moodle Administration Users Accounts A_0fbd97/input_Surname_lastname'

2022-01-14 12:02:55 - [MESSAGE][PASSED] - Text 'Le' is set on object 'Object Repository/Page_Moodle Administration Users Accounts A_0fbd97/input_Surname_lastname'

2022-01-14 12:02:55 - [TEST_STEP][PASSED] - setText(findTestObject("Object Repository/Page_Moodle Administration Users Accounts A_0fbd97/input_Email address_email"), "quoctrongle2001@gmail.com"): Text 'quoctrongle2001@gmail.com' is set on object 'Object Repository/Page_Moodle Administration Users Accounts A_0fbd97/input_Email address_email'

2022-01-14 12:02:56 - [MESSAGE][PASSED] - Text 'quoctrongle2001@gmail.com' is set on object 'Object Repository/Page_Moodle Administration Users Accounts A_0fbd97/input_Email address_email'

2022-01-14 12:02:56 - [TEST_STEP][PASSED] - click(findTestObject("Object Repository/Page_Moodle Administration Users Accounts A_0fbd97/input_Address_submitbutton")): Object: 'Object Repository/Page_Moodle Administration Users Accounts A_0fbd97/input_Address_submitbutton' is clicked on

2022-01-14 12:02:58 - [MESSAGE][PASSED] - Object: 'Object Repository/Page_Moodle Administration Users Accounts A_0fbd97/input_Address_submitbutton' is clicked on

2022-01-14 12:02:58 - [TEST_STEP][PASSED] - click(findTestObject("Object Repository/Page_Moodle Administration Users Accounts A_0fbd97/div_Passwords must have at least 1 upper ca_8e926f")): Object: 'Object Repository/Page_Moodle Administration Users Accounts A_0fbd97/div_Passwords must have at least 1 upper ca_8e926f' is clicked on

2022-01-14 12:02:59 - [MESSAGE][PASSED] - Object: 'Object Repository/Page_Moodle Administration Users Accounts A_0fbd97/div_Passwords must have at least 1 upper ca_8e926f' is clicked on]]></system-out>
         <system-err><![CDATA[]]></system-err>
      </testcase>
      <testcase name="Test Cases/Admin create user (without special character)" time="18.398" classname="Test Cases/Admin create user (without special character)" status="PASSED">
         <system-out><![CDATA[2022-01-14 12:02:59 - [TEST_CASE][PASSED] - Test Cases/Admin create user (without special character): Test Cases/Admin create user (without special character)

2022-01-14 12:02:59 - [TEST_STEP][PASSED] - callTestCase(findTestCase("Login as admin"), [:], STOP_ON_FAILURE): Call Test Case 'Test Cases/Login as admin' successfully

2022-01-14 12:02:59 - [TEST_CASE][PASSED] - Test Cases/Login as admin: Test Cases/Login as admin

2022-01-14 12:02:59 - [TEST_STEP][PASSED] - openBrowser(""): Browser is opened with url: ''

2022-01-14 12:02:59 - [MESSAGE][WARNING] - A browser is already opened. Closing browser and opening a new one

2022-01-14 12:03:00 - [MESSAGE][INFO] - Starting 'Edge Chromium' driver

2022-01-14 12:03:00 - [MESSAGE][INFO] - Action delay is set to 0 milliseconds

2022-01-14 12:03:02 - [MESSAGE][PASSED] - Browser is opened with url: ''

2022-01-14 12:03:02 - [TEST_STEP][PASSED] - navigateToUrl("http://localhost/"): Navigate to 'http://localhost/' successfully

2022-01-14 12:03:02 - [MESSAGE][PASSED] - Navigate to 'http://localhost/' successfully

2022-01-14 12:03:02 - [TEST_STEP][PASSED] - click(findTestObject("Object Repository/Page_My Moodle/a_Log in")): Object: 'Object Repository/Page_My Moodle/a_Log in' is clicked on

2022-01-14 12:03:03 - [MESSAGE][PASSED] - Object: 'Object Repository/Page_My Moodle/a_Log in' is clicked on

2022-01-14 12:03:03 - [TEST_STEP][PASSED] - setText(findTestObject("Object Repository/Page_My Moodle Log in to the site/input_Username_username"), "admin"): Text 'admin' is set on object 'Object Repository/Page_My Moodle Log in to the site/input_Username_username'

2022-01-14 12:03:04 - [MESSAGE][PASSED] - Text 'admin' is set on object 'Object Repository/Page_My Moodle Log in to the site/input_Username_username'

2022-01-14 12:03:04 - [TEST_STEP][PASSED] - setEncryptedText(findTestObject("Object Repository/Page_My Moodle Log in to the site/input_Password_password"), "7Dxoto1EjKfQbGop/Ov+1g=="): Text ****** has been set on object 'Object Repository/Page_My Moodle Log in to the site/input_Password_password'

2022-01-14 12:03:04 - [MESSAGE][PASSED] - Text ****** has been set on object 'Object Repository/Page_My Moodle Log in to the site/input_Password_password'

2022-01-14 12:03:04 - [TEST_STEP][PASSED] - click(findTestObject("Object Repository/Page_My Moodle Log in to the site/button_Log in")): Object: 'Object Repository/Page_My Moodle Log in to the site/button_Log in' is clicked on

2022-01-14 12:03:05 - [MESSAGE][PASSED] - Object: 'Object Repository/Page_My Moodle Log in to the site/button_Log in' is clicked on

2022-01-14 12:03:05 - [MESSAGE][PASSED] - Call Test Case 'Test Cases/Login as admin' successfully

2022-01-14 12:03:05 - [TEST_STEP][PASSED] - click(findTestObject("Object Repository/Page_Dashboard/span_Site administration")): Object: 'Object Repository/Page_Dashboard/span_Site administration' is clicked on

2022-01-14 12:03:07 - [MESSAGE][PASSED] - Object: 'Object Repository/Page_Dashboard/span_Site administration' is clicked on

2022-01-14 12:03:07 - [TEST_STEP][PASSED] - navigateToUrl("http://localhost/admin/search.php"): Navigate to 'http://localhost/admin/search.php' successfully

2022-01-14 12:03:08 - [MESSAGE][PASSED] - Navigate to 'http://localhost/admin/search.php' successfully

2022-01-14 12:03:08 - [TEST_STEP][PASSED] - click(findTestObject("Object Repository/Page_Moodle Administration Search/a_Users")): Object: 'Object Repository/Page_Moodle Administration Search/a_Users' is clicked on

2022-01-14 12:03:08 - [MESSAGE][PASSED] - Object: 'Object Repository/Page_Moodle Administration Search/a_Users' is clicked on

2022-01-14 12:03:08 - [TEST_STEP][PASSED] - click(findTestObject("Object Repository/Page_Moodle Administration Search/a_Add a new user")): Object: 'Object Repository/Page_Moodle Administration Search/a_Add a new user' is clicked on

2022-01-14 12:03:09 - [MESSAGE][PASSED] - Object: 'Object Repository/Page_Moodle Administration Search/a_Add a new user' is clicked on

2022-01-14 12:03:09 - [TEST_STEP][PASSED] - setText(findTestObject("Object Repository/Page_Moodle Administration Users Accounts A_0fbd97/input_Username_username"), "trongle"): Text 'trongle' is set on object 'Object Repository/Page_Moodle Administration Users Accounts A_0fbd97/input_Username_username'

2022-01-14 12:03:11 - [MESSAGE][PASSED] - Text 'trongle' is set on object 'Object Repository/Page_Moodle Administration Users Accounts A_0fbd97/input_Username_username'

2022-01-14 12:03:11 - [TEST_STEP][PASSED] - click(findTestObject("Page_Moodle Administration Users Accounts Add a new user/a_Click to enter text")): Object: 'Object Repository/Page_Moodle Administration Users Accounts Add a new user/a_Click to enter text' is clicked on

2022-01-14 12:03:11 - [MESSAGE][PASSED] - Object: 'Object Repository/Page_Moodle Administration Users Accounts Add a new user/a_Click to enter text' is clicked on

2022-01-14 12:03:11 - [TEST_STEP][PASSED] - setEncryptedText(findTestObject("Object Repository/Page_Moodle Administration Users Accounts A_0fbd97/input_New password_newpassword"), "mCo/tqFMQKuexH2GqaxtIQ=="): Text ****** has been set on object 'Object Repository/Page_Moodle Administration Users Accounts A_0fbd97/input_New password_newpassword'

2022-01-14 12:03:12 - [MESSAGE][PASSED] - Text ****** has been set on object 'Object Repository/Page_Moodle Administration Users Accounts A_0fbd97/input_New password_newpassword'

2022-01-14 12:03:12 - [TEST_STEP][PASSED] - setText(findTestObject("Object Repository/Page_Moodle Administration Users Accounts A_0fbd97/input_First name_firstname"), "Trong"): Text 'Trong' is set on object 'Object Repository/Page_Moodle Administration Users Accounts A_0fbd97/input_First name_firstname'

2022-01-14 12:03:13 - [MESSAGE][PASSED] - Text 'Trong' is set on object 'Object Repository/Page_Moodle Administration Users Accounts A_0fbd97/input_First name_firstname'

2022-01-14 12:03:13 - [TEST_STEP][PASSED] - setText(findTestObject("Object Repository/Page_Moodle Administration Users Accounts A_0fbd97/input_Surname_lastname"), "Le"): Text 'Le' is set on object 'Object Repository/Page_Moodle Administration Users Accounts A_0fbd97/input_Surname_lastname'

2022-01-14 12:03:14 - [MESSAGE][PASSED] - Text 'Le' is set on object 'Object Repository/Page_Moodle Administration Users Accounts A_0fbd97/input_Surname_lastname'

2022-01-14 12:03:14 - [TEST_STEP][PASSED] - setText(findTestObject("Object Repository/Page_Moodle Administration Users Accounts A_0fbd97/input_Email address_email"), "quoctrongle2001@gmail.com"): Text 'quoctrongle2001@gmail.com' is set on object 'Object Repository/Page_Moodle Administration Users Accounts A_0fbd97/input_Email address_email'

2022-01-14 12:03:15 - [MESSAGE][PASSED] - Text 'quoctrongle2001@gmail.com' is set on object 'Object Repository/Page_Moodle Administration Users Accounts A_0fbd97/input_Email address_email'

2022-01-14 12:03:15 - [TEST_STEP][PASSED] - click(findTestObject("Object Repository/Page_Moodle Administration Users Accounts A_0fbd97/input_Address_submitbutton")): Object: 'Object Repository/Page_Moodle Administration Users Accounts A_0fbd97/input_Address_submitbutton' is clicked on

2022-01-14 12:03:16 - [MESSAGE][PASSED] - Object: 'Object Repository/Page_Moodle Administration Users Accounts A_0fbd97/input_Address_submitbutton' is clicked on

2022-01-14 12:03:16 - [TEST_STEP][PASSED] - click(findTestObject("Object Repository/Page_Moodle Administration Users Accounts A_0fbd97/div_The password must have at least 1 speci_80717b")): Object: 'Object Repository/Page_Moodle Administration Users Accounts A_0fbd97/div_The password must have at least 1 speci_80717b' is clicked on

2022-01-14 12:03:17 - [MESSAGE][PASSED] - Object: 'Object Repository/Page_Moodle Administration Users Accounts A_0fbd97/div_The password must have at least 1 speci_80717b' is clicked on]]></system-out>
         <system-err><![CDATA[]]></system-err>
      </testcase>
      <testcase name="Test Cases/Assgin system role" time="20.127" classname="Test Cases/Assgin system role" status="PASSED">
         <system-out><![CDATA[2022-01-14 12:03:17 - [TEST_CASE][PASSED] - Test Cases/Assgin system role: Test Cases/Assgin system role

2022-01-14 12:03:18 - [TEST_STEP][PASSED] - callTestCase(findTestCase("Login as admin"), [:], STOP_ON_FAILURE): Call Test Case 'Test Cases/Login as admin' successfully

2022-01-14 12:03:18 - [TEST_CASE][PASSED] - Test Cases/Login as admin: Test Cases/Login as admin

2022-01-14 12:03:18 - [TEST_STEP][PASSED] - openBrowser(""): Browser is opened with url: ''

2022-01-14 12:03:18 - [MESSAGE][WARNING] - A browser is already opened. Closing browser and opening a new one

2022-01-14 12:03:18 - [MESSAGE][INFO] - Starting 'Edge Chromium' driver

2022-01-14 12:03:19 - [MESSAGE][INFO] - Action delay is set to 0 milliseconds

2022-01-14 12:03:20 - [MESSAGE][PASSED] - Browser is opened with url: ''

2022-01-14 12:03:20 - [TEST_STEP][PASSED] - navigateToUrl("http://localhost/"): Navigate to 'http://localhost/' successfully

2022-01-14 12:03:21 - [MESSAGE][PASSED] - Navigate to 'http://localhost/' successfully

2022-01-14 12:03:21 - [TEST_STEP][PASSED] - click(findTestObject("Object Repository/Page_My Moodle/a_Log in")): Object: 'Object Repository/Page_My Moodle/a_Log in' is clicked on

2022-01-14 12:03:22 - [MESSAGE][PASSED] - Object: 'Object Repository/Page_My Moodle/a_Log in' is clicked on

2022-01-14 12:03:22 - [TEST_STEP][PASSED] - setText(findTestObject("Object Repository/Page_My Moodle Log in to the site/input_Username_username"), "admin"): Text 'admin' is set on object 'Object Repository/Page_My Moodle Log in to the site/input_Username_username'

2022-01-14 12:03:22 - [MESSAGE][PASSED] - Text 'admin' is set on object 'Object Repository/Page_My Moodle Log in to the site/input_Username_username'

2022-01-14 12:03:22 - [TEST_STEP][PASSED] - setEncryptedText(findTestObject("Object Repository/Page_My Moodle Log in to the site/input_Password_password"), "7Dxoto1EjKfQbGop/Ov+1g=="): Text ****** has been set on object 'Object Repository/Page_My Moodle Log in to the site/input_Password_password'

2022-01-14 12:03:23 - [MESSAGE][PASSED] - Text ****** has been set on object 'Object Repository/Page_My Moodle Log in to the site/input_Password_password'

2022-01-14 12:03:23 - [TEST_STEP][PASSED] - click(findTestObject("Object Repository/Page_My Moodle Log in to the site/button_Log in")): Object: 'Object Repository/Page_My Moodle Log in to the site/button_Log in' is clicked on

2022-01-14 12:03:24 - [MESSAGE][PASSED] - Object: 'Object Repository/Page_My Moodle Log in to the site/button_Log in' is clicked on

2022-01-14 12:03:24 - [MESSAGE][PASSED] - Call Test Case 'Test Cases/Login as admin' successfully

2022-01-14 12:03:24 - [TEST_STEP][PASSED] - click(findTestObject("Object Repository/Page_Dashboard/span_Site administration")): Object: 'Object Repository/Page_Dashboard/span_Site administration' is clicked on

2022-01-14 12:03:26 - [MESSAGE][PASSED] - Object: 'Object Repository/Page_Dashboard/span_Site administration' is clicked on

2022-01-14 12:03:26 - [TEST_STEP][PASSED] - navigateToUrl("http://localhost/admin/search.php"): Navigate to 'http://localhost/admin/search.php' successfully

2022-01-14 12:03:26 - [MESSAGE][PASSED] - Navigate to 'http://localhost/admin/search.php' successfully

2022-01-14 12:03:26 - [TEST_STEP][PASSED] - click(findTestObject("Object Repository/Page_Moodle Administration Search/a_Users")): Object: 'Object Repository/Page_Moodle Administration Search/a_Users' is clicked on

2022-01-14 12:03:27 - [MESSAGE][PASSED] - Object: 'Object Repository/Page_Moodle Administration Search/a_Users' is clicked on

2022-01-14 12:03:27 - [TEST_STEP][PASSED] - click(findTestObject("Object Repository/Page_Moodle Administration Search/a_Assign system roles")): Object: 'Object Repository/Page_Moodle Administration Search/a_Assign system roles' is clicked on

2022-01-14 12:03:28 - [MESSAGE][PASSED] - Object: 'Object Repository/Page_Moodle Administration Search/a_Assign system roles' is clicked on

2022-01-14 12:03:28 - [TEST_STEP][PASSED] - click(findTestObject("Object Repository/Page_Moodle Administration Users Permission_6fdc16/a_Manager")): Object: 'Object Repository/Page_Moodle Administration Users Permission_6fdc16/a_Manager' is clicked on

2022-01-14 12:03:29 - [MESSAGE][PASSED] - Object: 'Object Repository/Page_Moodle Administration Users Permission_6fdc16/a_Manager' is clicked on

2022-01-14 12:03:29 - [TEST_STEP][PASSED] - selectOptionByValue(findTestObject("Object Repository/Page_Moodle Administration Users Permission_6fdc16/select_V Duy (vhbaoduy0808gmail.com)    Adm_1c62ef"), "2", true): All options with value '2' are selected in object 'Object Repository/Page_Moodle Administration Users Permission_6fdc16/select_V Duy (vhbaoduy0808gmail.com)    Adm_1c62ef'  using regular expression

2022-01-14 12:03:30 - [MESSAGE][PASSED] - All options with value '2' are selected in object 'Object Repository/Page_Moodle Administration Users Permission_6fdc16/select_V Duy (vhbaoduy0808gmail.com)    Adm_1c62ef'  using regular expression

2022-01-14 12:03:30 - [TEST_STEP][PASSED] - click(findTestObject("Object Repository/Page_Moodle Administration Users Permission_6fdc16/input_Match the search text anywhere in the_89f7b5")): Object: 'Object Repository/Page_Moodle Administration Users Permission_6fdc16/input_Match the search text anywhere in the_89f7b5' is clicked on

2022-01-14 12:03:31 - [MESSAGE][PASSED] - Object: 'Object Repository/Page_Moodle Administration Users Permission_6fdc16/input_Match the search text anywhere in the_89f7b5' is clicked on

2022-01-14 12:03:31 - [TEST_STEP][PASSED] - click(findTestObject("Object Repository/Page_Moodle Administration Users Permission_6fdc16/a_Site administration")): Object: 'Object Repository/Page_Moodle Administration Users Permission_6fdc16/a_Site administration' is clicked on

2022-01-14 12:03:32 - [MESSAGE][PASSED] - Object: 'Object Repository/Page_Moodle Administration Users Permission_6fdc16/a_Site administration' is clicked on

2022-01-14 12:03:32 - [TEST_STEP][PASSED] - click(findTestObject("Object Repository/Page_Moodle Administration Search/a_Users")): Object: 'Object Repository/Page_Moodle Administration Search/a_Users' is clicked on

2022-01-14 12:03:33 - [MESSAGE][PASSED] - Object: 'Object Repository/Page_Moodle Administration Search/a_Users' is clicked on

2022-01-14 12:03:33 - [TEST_STEP][PASSED] - click(findTestObject("Object Repository/Page_Moodle Administration Search/a_Assign system roles")): Object: 'Object Repository/Page_Moodle Administration Search/a_Assign system roles' is clicked on

2022-01-14 12:03:34 - [MESSAGE][PASSED] - Object: 'Object Repository/Page_Moodle Administration Search/a_Assign system roles' is clicked on

2022-01-14 12:03:34 - [TEST_STEP][PASSED] - click(findTestObject("Object Repository/Page_Moodle Administration Users Permission_6fdc16/a_Course creator")): Object: 'Object Repository/Page_Moodle Administration Users Permission_6fdc16/a_Course creator' is clicked on

2022-01-14 12:03:35 - [MESSAGE][PASSED] - Object: 'Object Repository/Page_Moodle Administration Users Permission_6fdc16/a_Course creator' is clicked on

2022-01-14 12:03:35 - [TEST_STEP][PASSED] - selectOptionByValue(findTestObject("Object Repository/Page_Moodle Administration Users Permission_6fdc16/select_V Duy (vhbaoduy0808gmail.com)    Adm_1c62ef"), "2", true): All options with value '2' are selected in object 'Object Repository/Page_Moodle Administration Users Permission_6fdc16/select_V Duy (vhbaoduy0808gmail.com)    Adm_1c62ef'  using regular expression

2022-01-14 12:03:36 - [MESSAGE][PASSED] - All options with value '2' are selected in object 'Object Repository/Page_Moodle Administration Users Permission_6fdc16/select_V Duy (vhbaoduy0808gmail.com)    Adm_1c62ef'  using regular expression

2022-01-14 12:03:36 - [TEST_STEP][PASSED] - click(findTestObject("Object Repository/Page_Moodle Administration Users Permission_6fdc16/input_Match the search text anywhere in the_89f7b5")): Object: 'Object Repository/Page_Moodle Administration Users Permission_6fdc16/input_Match the search text anywhere in the_89f7b5' is clicked on

2022-01-14 12:03:37 - [MESSAGE][PASSED] - Object: 'Object Repository/Page_Moodle Administration Users Permission_6fdc16/input_Match the search text anywhere in the_89f7b5' is clicked on]]></system-out>
         <system-err><![CDATA[]]></system-err>
      </testcase>
      <testcase name="Test Cases/Admin assign system administrators" time="20.815" classname="Test Cases/Admin assign system administrators" status="PASSED">
         <system-out><![CDATA[2022-01-14 12:03:37 - [TEST_CASE][PASSED] - Test Cases/Admin assign system administrators: Test Cases/Admin assign system administrators

2022-01-14 12:03:38 - [TEST_STEP][PASSED] - callTestCase(findTestCase("Login as admin"), [:], STOP_ON_FAILURE): Call Test Case 'Test Cases/Login as admin' successfully

2022-01-14 12:03:38 - [TEST_CASE][PASSED] - Test Cases/Login as admin: Test Cases/Login as admin

2022-01-14 12:03:38 - [TEST_STEP][PASSED] - openBrowser(""): Browser is opened with url: ''

2022-01-14 12:03:38 - [MESSAGE][WARNING] - A browser is already opened. Closing browser and opening a new one

2022-01-14 12:03:39 - [MESSAGE][INFO] - Starting 'Edge Chromium' driver

2022-01-14 12:03:39 - [MESSAGE][INFO] - Action delay is set to 0 milliseconds

2022-01-14 12:03:40 - [MESSAGE][PASSED] - Browser is opened with url: ''

2022-01-14 12:03:40 - [TEST_STEP][PASSED] - navigateToUrl("http://localhost/"): Navigate to 'http://localhost/' successfully

2022-01-14 12:03:41 - [MESSAGE][PASSED] - Navigate to 'http://localhost/' successfully

2022-01-14 12:03:41 - [TEST_STEP][PASSED] - click(findTestObject("Object Repository/Page_My Moodle/a_Log in")): Object: 'Object Repository/Page_My Moodle/a_Log in' is clicked on

2022-01-14 12:03:42 - [MESSAGE][PASSED] - Object: 'Object Repository/Page_My Moodle/a_Log in' is clicked on

2022-01-14 12:03:42 - [TEST_STEP][PASSED] - setText(findTestObject("Object Repository/Page_My Moodle Log in to the site/input_Username_username"), "admin"): Text 'admin' is set on object 'Object Repository/Page_My Moodle Log in to the site/input_Username_username'

2022-01-14 12:03:42 - [MESSAGE][PASSED] - Text 'admin' is set on object 'Object Repository/Page_My Moodle Log in to the site/input_Username_username'

2022-01-14 12:03:42 - [TEST_STEP][PASSED] - setEncryptedText(findTestObject("Object Repository/Page_My Moodle Log in to the site/input_Password_password"), "7Dxoto1EjKfQbGop/Ov+1g=="): Text ****** has been set on object 'Object Repository/Page_My Moodle Log in to the site/input_Password_password'

2022-01-14 12:03:43 - [MESSAGE][PASSED] - Text ****** has been set on object 'Object Repository/Page_My Moodle Log in to the site/input_Password_password'

2022-01-14 12:03:43 - [TEST_STEP][PASSED] - click(findTestObject("Object Repository/Page_My Moodle Log in to the site/button_Log in")): Object: 'Object Repository/Page_My Moodle Log in to the site/button_Log in' is clicked on

2022-01-14 12:03:44 - [MESSAGE][PASSED] - Object: 'Object Repository/Page_My Moodle Log in to the site/button_Log in' is clicked on

2022-01-14 12:03:44 - [MESSAGE][PASSED] - Call Test Case 'Test Cases/Login as admin' successfully

2022-01-14 12:03:44 - [TEST_STEP][PASSED] - click(findTestObject("Object Repository/Page_Dashboard/span_Site administration")): Object: 'Object Repository/Page_Dashboard/span_Site administration' is clicked on

2022-01-14 12:03:46 - [MESSAGE][PASSED] - Object: 'Object Repository/Page_Dashboard/span_Site administration' is clicked on

2022-01-14 12:03:46 - [TEST_STEP][PASSED] - navigateToUrl("http://localhost/admin/search.php"): Navigate to 'http://localhost/admin/search.php' successfully

2022-01-14 12:03:46 - [MESSAGE][PASSED] - Navigate to 'http://localhost/admin/search.php' successfully

2022-01-14 12:03:46 - [TEST_STEP][PASSED] - click(findTestObject("Object Repository/Page_Moodle Administration Search/a_Users")): Object: 'Object Repository/Page_Moodle Administration Search/a_Users' is clicked on

2022-01-14 12:03:47 - [MESSAGE][PASSED] - Object: 'Object Repository/Page_Moodle Administration Search/a_Users' is clicked on

2022-01-14 12:03:47 - [TEST_STEP][PASSED] - click(findTestObject("Object Repository/Page_Moodle Administration Search/a_Site administrators")): Object: 'Object Repository/Page_Moodle Administration Search/a_Site administrators' is clicked on

2022-01-14 12:03:48 - [MESSAGE][PASSED] - Object: 'Object Repository/Page_Moodle Administration Search/a_Site administrators' is clicked on

2022-01-14 12:03:48 - [TEST_STEP][PASSED] - selectOptionByValue(findTestObject("Object Repository/Page_Moodle Administration Users Permission_a5c101/select_V Duy (vhbaoduy0808gmail.com)    Tro_952a8e"), "3", true): All options with value '3' are selected in object 'Object Repository/Page_Moodle Administration Users Permission_a5c101/select_V Duy (vhbaoduy0808gmail.com)    Tro_952a8e'  using regular expression

2022-01-14 12:03:49 - [MESSAGE][PASSED] - All options with value '3' are selected in object 'Object Repository/Page_Moodle Administration Users Permission_a5c101/select_V Duy (vhbaoduy0808gmail.com)    Tro_952a8e'  using regular expression

2022-01-14 12:03:49 - [TEST_STEP][PASSED] - click(findTestObject("Object Repository/Page_Moodle Administration Users Permission_a5c101/input_Match the search text anywhere in the_89f7b5")): Object: 'Object Repository/Page_Moodle Administration Users Permission_a5c101/input_Match the search text anywhere in the_89f7b5' is clicked on

2022-01-14 12:03:50 - [MESSAGE][PASSED] - Object: 'Object Repository/Page_Moodle Administration Users Permission_a5c101/input_Match the search text anywhere in the_89f7b5' is clicked on

2022-01-14 12:03:50 - [TEST_STEP][PASSED] - click(findTestObject("Object Repository/Page_Moodle Administration Users Permission_a5c101/button_Continue")): Object: 'Object Repository/Page_Moodle Administration Users Permission_a5c101/button_Continue' is clicked on

2022-01-14 12:03:51 - [MESSAGE][PASSED] - Object: 'Object Repository/Page_Moodle Administration Users Permission_a5c101/button_Continue' is clicked on

2022-01-14 12:03:51 - [TEST_STEP][PASSED] - click(findTestObject("Object Repository/Page_Moodle Administration Users Permission_a5c101/a_Admin Team")): Object: 'Object Repository/Page_Moodle Administration Users Permission_a5c101/a_Admin Team' is clicked on

2022-01-14 12:03:52 - [MESSAGE][PASSED] - Object: 'Object Repository/Page_Moodle Administration Users Permission_a5c101/a_Admin Team' is clicked on

2022-01-14 12:03:52 - [TEST_STEP][PASSED] - click(findTestObject("Object Repository/Page_Moodle Administration Users Permission_a5c101/span_Log out")): Object: 'Object Repository/Page_Moodle Administration Users Permission_a5c101/span_Log out' is clicked on

2022-01-14 12:03:52 - [MESSAGE][PASSED] - Object: 'Object Repository/Page_Moodle Administration Users Permission_a5c101/span_Log out' is clicked on

2022-01-14 12:03:52 - [TEST_STEP][PASSED] - click(findTestObject("Object Repository/Page_My Moodle/a_Log in")): Object: 'Object Repository/Page_My Moodle/a_Log in' is clicked on

2022-01-14 12:03:53 - [MESSAGE][PASSED] - Object: 'Object Repository/Page_My Moodle/a_Log in' is clicked on

2022-01-14 12:03:53 - [TEST_STEP][PASSED] - setText(findTestObject("Object Repository/Page_My Moodle Log in to the site/input_Username_username"), "voduy"): Text 'voduy' is set on object 'Object Repository/Page_My Moodle Log in to the site/input_Username_username'

2022-01-14 12:03:54 - [MESSAGE][PASSED] - Text 'voduy' is set on object 'Object Repository/Page_My Moodle Log in to the site/input_Username_username'

2022-01-14 12:03:54 - [TEST_STEP][PASSED] - setEncryptedText(findTestObject("Object Repository/Page_My Moodle Log in to the site/input_Password_password"), "j1ZzzeKf8NiE21d5rsNRrQ=="): Text ****** has been set on object 'Object Repository/Page_My Moodle Log in to the site/input_Password_password'

2022-01-14 12:03:54 - [MESSAGE][PASSED] - Text ****** has been set on object 'Object Repository/Page_My Moodle Log in to the site/input_Password_password'

2022-01-14 12:03:54 - [TEST_STEP][PASSED] - click(findTestObject("Object Repository/Page_My Moodle Log in to the site/button_Log in")): Object: 'Object Repository/Page_My Moodle Log in to the site/button_Log in' is clicked on

2022-01-14 12:03:56 - [MESSAGE][PASSED] - Object: 'Object Repository/Page_My Moodle Log in to the site/button_Log in' is clicked on

2022-01-14 12:03:56 - [TEST_STEP][PASSED] - click(findTestObject("Object Repository/Page_Dashboard/span_Site administration")): Object: 'Object Repository/Page_Dashboard/span_Site administration' is clicked on

2022-01-14 12:03:58 - [MESSAGE][PASSED] - Object: 'Object Repository/Page_Dashboard/span_Site administration' is clicked on

2022-01-14 12:03:58 - [TEST_STEP][PASSED] - click(findTestObject("Object Repository/Page_Moodle Administration Search/a_Users")): Object: 'Object Repository/Page_Moodle Administration Search/a_Users' is clicked on

2022-01-14 12:03:58 - [MESSAGE][PASSED] - Object: 'Object Repository/Page_Moodle Administration Search/a_Users' is clicked on]]></system-out>
         <system-err><![CDATA[]]></system-err>
      </testcase>
      <testcase name="Test Cases/Admin add new cohort (user)" time="19.375" classname="Test Cases/Admin add new cohort (user)" status="PASSED">
         <system-out><![CDATA[2022-01-14 12:03:58 - [TEST_CASE][PASSED] - Test Cases/Admin add new cohort (user): Test Cases/Admin add new cohort (user)

2022-01-14 12:03:58 - [TEST_STEP][PASSED] - callTestCase(findTestCase("Login as admin"), [:], STOP_ON_FAILURE): Call Test Case 'Test Cases/Login as admin' successfully

2022-01-14 12:03:58 - [TEST_CASE][PASSED] - Test Cases/Login as admin: Test Cases/Login as admin

2022-01-14 12:03:58 - [TEST_STEP][PASSED] - openBrowser(""): Browser is opened with url: ''

2022-01-14 12:03:58 - [MESSAGE][WARNING] - A browser is already opened. Closing browser and opening a new one

2022-01-14 12:03:59 - [MESSAGE][INFO] - Starting 'Edge Chromium' driver

2022-01-14 12:04:00 - [MESSAGE][INFO] - Action delay is set to 0 milliseconds

2022-01-14 12:04:01 - [MESSAGE][PASSED] - Browser is opened with url: ''

2022-01-14 12:04:01 - [TEST_STEP][PASSED] - navigateToUrl("http://localhost/"): Navigate to 'http://localhost/' successfully

2022-01-14 12:04:02 - [MESSAGE][PASSED] - Navigate to 'http://localhost/' successfully

2022-01-14 12:04:02 - [TEST_STEP][PASSED] - click(findTestObject("Object Repository/Page_My Moodle/a_Log in")): Object: 'Object Repository/Page_My Moodle/a_Log in' is clicked on

2022-01-14 12:04:02 - [MESSAGE][PASSED] - Object: 'Object Repository/Page_My Moodle/a_Log in' is clicked on

2022-01-14 12:04:02 - [TEST_STEP][PASSED] - setText(findTestObject("Object Repository/Page_My Moodle Log in to the site/input_Username_username"), "admin"): Text 'admin' is set on object 'Object Repository/Page_My Moodle Log in to the site/input_Username_username'

2022-01-14 12:04:03 - [MESSAGE][PASSED] - Text 'admin' is set on object 'Object Repository/Page_My Moodle Log in to the site/input_Username_username'

2022-01-14 12:04:03 - [TEST_STEP][PASSED] - setEncryptedText(findTestObject("Object Repository/Page_My Moodle Log in to the site/input_Password_password"), "7Dxoto1EjKfQbGop/Ov+1g=="): Text ****** has been set on object 'Object Repository/Page_My Moodle Log in to the site/input_Password_password'

2022-01-14 12:04:04 - [MESSAGE][PASSED] - Text ****** has been set on object 'Object Repository/Page_My Moodle Log in to the site/input_Password_password'

2022-01-14 12:04:04 - [TEST_STEP][PASSED] - click(findTestObject("Object Repository/Page_My Moodle Log in to the site/button_Log in")): Object: 'Object Repository/Page_My Moodle Log in to the site/button_Log in' is clicked on

2022-01-14 12:04:05 - [MESSAGE][PASSED] - Object: 'Object Repository/Page_My Moodle Log in to the site/button_Log in' is clicked on

2022-01-14 12:04:05 - [MESSAGE][PASSED] - Call Test Case 'Test Cases/Login as admin' successfully

2022-01-14 12:04:05 - [TEST_STEP][PASSED] - click(findTestObject("Object Repository/Page_Dashboard/a_Site administration")): Object: 'Object Repository/Page_Dashboard/a_Site administration' is clicked on

2022-01-14 12:04:07 - [MESSAGE][PASSED] - Object: 'Object Repository/Page_Dashboard/a_Site administration' is clicked on

2022-01-14 12:04:07 - [TEST_STEP][PASSED] - navigateToUrl("http://localhost/admin/search.php"): Navigate to 'http://localhost/admin/search.php' successfully

2022-01-14 12:04:07 - [MESSAGE][PASSED] - Navigate to 'http://localhost/admin/search.php' successfully

2022-01-14 12:04:07 - [TEST_STEP][PASSED] - click(findTestObject("Object Repository/Page_Moodle Administration Search/a_Users")): Object: 'Object Repository/Page_Moodle Administration Search/a_Users' is clicked on

2022-01-14 12:04:08 - [MESSAGE][PASSED] - Object: 'Object Repository/Page_Moodle Administration Search/a_Users' is clicked on

2022-01-14 12:04:08 - [TEST_STEP][PASSED] - click(findTestObject("Object Repository/Page_Moodle Administration Search/a_Cohorts")): Object: 'Object Repository/Page_Moodle Administration Search/a_Cohorts' is clicked on

2022-01-14 12:04:08 - [MESSAGE][PASSED] - Object: 'Object Repository/Page_Moodle Administration Search/a_Cohorts' is clicked on

2022-01-14 12:04:08 - [TEST_STEP][PASSED] - click(findTestObject("Object Repository/Page_Moodle Administration Users Accounts Cohorts/a_Add new cohort")): Object: 'Object Repository/Page_Moodle Administration Users Accounts Cohorts/a_Add new cohort' is clicked on

2022-01-14 12:04:10 - [MESSAGE][PASSED] - Object: 'Object Repository/Page_Moodle Administration Users Accounts Cohorts/a_Add new cohort' is clicked on

2022-01-14 12:04:10 - [TEST_STEP][PASSED] - setText(findTestObject("Object Repository/Page_Add new cohort/input_Name_name"), "Teachers"): Text 'Teachers' is set on object 'Object Repository/Page_Add new cohort/input_Name_name'

2022-01-14 12:04:11 - [MESSAGE][PASSED] - Text 'Teachers' is set on object 'Object Repository/Page_Add new cohort/input_Name_name'

2022-01-14 12:04:11 - [TEST_STEP][PASSED] - setText(findTestObject("Object Repository/Page_Add new cohort/input_Cohort ID_idnumber"), "01"): Text '01' is set on object 'Object Repository/Page_Add new cohort/input_Cohort ID_idnumber'

2022-01-14 12:04:12 - [MESSAGE][PASSED] - Text '01' is set on object 'Object Repository/Page_Add new cohort/input_Cohort ID_idnumber'

2022-01-14 12:04:12 - [TEST_STEP][PASSED] - click(findTestObject("Object Repository/Page_Add new cohort/input_Description_submitbutton")): Object: 'Object Repository/Page_Add new cohort/input_Description_submitbutton' is clicked on

2022-01-14 12:04:13 - [MESSAGE][PASSED] - Object: 'Object Repository/Page_Add new cohort/input_Description_submitbutton' is clicked on

2022-01-14 12:04:13 - [TEST_STEP][PASSED] - click(findTestObject("Object Repository/Page_Moodle Administration Users Accounts Cohorts/a_Add new cohort")): Object: 'Object Repository/Page_Moodle Administration Users Accounts Cohorts/a_Add new cohort' is clicked on

2022-01-14 12:04:14 - [MESSAGE][PASSED] - Object: 'Object Repository/Page_Moodle Administration Users Accounts Cohorts/a_Add new cohort' is clicked on

2022-01-14 12:04:14 - [TEST_STEP][PASSED] - setText(findTestObject("Object Repository/Page_Add new cohort/input_Name_name"), "Students"): Text 'Students' is set on object 'Object Repository/Page_Add new cohort/input_Name_name'

2022-01-14 12:04:16 - [MESSAGE][PASSED] - Text 'Students' is set on object 'Object Repository/Page_Add new cohort/input_Name_name'

2022-01-14 12:04:16 - [TEST_STEP][PASSED] - setText(findTestObject("Object Repository/Page_Add new cohort/input_Cohort ID_idnumber"), "02"): Text '02' is set on object 'Object Repository/Page_Add new cohort/input_Cohort ID_idnumber'

2022-01-14 12:04:16 - [MESSAGE][PASSED] - Text '02' is set on object 'Object Repository/Page_Add new cohort/input_Cohort ID_idnumber'

2022-01-14 12:04:16 - [TEST_STEP][PASSED] - click(findTestObject("Object Repository/Page_Add new cohort/input_Description_submitbutton")): Object: 'Object Repository/Page_Add new cohort/input_Description_submitbutton' is clicked on

2022-01-14 12:04:17 - [MESSAGE][PASSED] - Object: 'Object Repository/Page_Add new cohort/input_Description_submitbutton' is clicked on]]></system-out>
         <system-err><![CDATA[]]></system-err>
      </testcase>
      <testcase name="Test Cases/Admin assign cohorts" time="29.554" classname="Test Cases/Admin assign cohorts" status="PASSED">
         <system-out><![CDATA[2022-01-14 12:04:18 - [TEST_CASE][PASSED] - Test Cases/Admin assign cohorts: Test Cases/Admin assign cohorts

2022-01-14 12:04:18 - [TEST_STEP][PASSED] - callTestCase(findTestCase("Login as admin"), [:], STOP_ON_FAILURE): Call Test Case 'Test Cases/Login as admin' successfully

2022-01-14 12:04:18 - [TEST_CASE][PASSED] - Test Cases/Login as admin: Test Cases/Login as admin

2022-01-14 12:04:18 - [TEST_STEP][PASSED] - openBrowser(""): Browser is opened with url: ''

2022-01-14 12:04:18 - [MESSAGE][WARNING] - A browser is already opened. Closing browser and opening a new one

2022-01-14 12:04:19 - [MESSAGE][INFO] - Starting 'Edge Chromium' driver

2022-01-14 12:04:19 - [MESSAGE][INFO] - Action delay is set to 0 milliseconds

2022-01-14 12:04:21 - [MESSAGE][PASSED] - Browser is opened with url: ''

2022-01-14 12:04:21 - [TEST_STEP][PASSED] - navigateToUrl("http://localhost/"): Navigate to 'http://localhost/' successfully

2022-01-14 12:04:21 - [MESSAGE][PASSED] - Navigate to 'http://localhost/' successfully

2022-01-14 12:04:21 - [TEST_STEP][PASSED] - click(findTestObject("Object Repository/Page_My Moodle/a_Log in")): Object: 'Object Repository/Page_My Moodle/a_Log in' is clicked on

2022-01-14 12:04:22 - [MESSAGE][PASSED] - Object: 'Object Repository/Page_My Moodle/a_Log in' is clicked on

2022-01-14 12:04:22 - [TEST_STEP][PASSED] - setText(findTestObject("Object Repository/Page_My Moodle Log in to the site/input_Username_username"), "admin"): Text 'admin' is set on object 'Object Repository/Page_My Moodle Log in to the site/input_Username_username'

2022-01-14 12:04:23 - [MESSAGE][PASSED] - Text 'admin' is set on object 'Object Repository/Page_My Moodle Log in to the site/input_Username_username'

2022-01-14 12:04:23 - [TEST_STEP][PASSED] - setEncryptedText(findTestObject("Object Repository/Page_My Moodle Log in to the site/input_Password_password"), "7Dxoto1EjKfQbGop/Ov+1g=="): Text ****** has been set on object 'Object Repository/Page_My Moodle Log in to the site/input_Password_password'

2022-01-14 12:04:23 - [MESSAGE][PASSED] - Text ****** has been set on object 'Object Repository/Page_My Moodle Log in to the site/input_Password_password'

2022-01-14 12:04:23 - [TEST_STEP][PASSED] - click(findTestObject("Object Repository/Page_My Moodle Log in to the site/button_Log in")): Object: 'Object Repository/Page_My Moodle Log in to the site/button_Log in' is clicked on

2022-01-14 12:04:24 - [MESSAGE][PASSED] - Object: 'Object Repository/Page_My Moodle Log in to the site/button_Log in' is clicked on

2022-01-14 12:04:24 - [MESSAGE][PASSED] - Call Test Case 'Test Cases/Login as admin' successfully

2022-01-14 12:04:24 - [TEST_STEP][PASSED] - click(findTestObject("Object Repository/Page_Dashboard/a_Site administration")): Object: 'Object Repository/Page_Dashboard/a_Site administration' is clicked on

2022-01-14 12:04:27 - [MESSAGE][PASSED] - Object: 'Object Repository/Page_Dashboard/a_Site administration' is clicked on

2022-01-14 12:04:27 - [TEST_STEP][PASSED] - navigateToUrl("http://localhost/admin/search.php"): Navigate to 'http://localhost/admin/search.php' successfully

2022-01-14 12:04:27 - [MESSAGE][PASSED] - Navigate to 'http://localhost/admin/search.php' successfully

2022-01-14 12:04:27 - [TEST_STEP][PASSED] - click(findTestObject("Object Repository/Page_Moodle Administration Search/a_Users")): Object: 'Object Repository/Page_Moodle Administration Search/a_Users' is clicked on

2022-01-14 12:04:28 - [MESSAGE][PASSED] - Object: 'Object Repository/Page_Moodle Administration Search/a_Users' is clicked on

2022-01-14 12:04:28 - [TEST_STEP][PASSED] - click(findTestObject("Object Repository/Page_Moodle Administration Search/a_Cohorts")): Object: 'Object Repository/Page_Moodle Administration Search/a_Cohorts' is clicked on

2022-01-14 12:04:28 - [MESSAGE][PASSED] - Object: 'Object Repository/Page_Moodle Administration Search/a_Cohorts' is clicked on

2022-01-14 12:04:28 - [TEST_STEP][PASSED] - click(findTestObject("Object Repository/Page_Moodle Administration Users Accounts Cohorts/i_Created manually_icon fa fa-users fa-fw")): Object: 'Object Repository/Page_Moodle Administration Users Accounts Cohorts/i_Created manually_icon fa fa-users fa-fw' is clicked on

2022-01-14 12:04:29 - [MESSAGE][PASSED] - Object: 'Object Repository/Page_Moodle Administration Users Accounts Cohorts/i_Created manually_icon fa fa-users fa-fw' is clicked on

2022-01-14 12:04:29 - [TEST_STEP][PASSED] - selectOptionByValue(findTestObject("Object Repository/Page_Assign cohort members/select_V Duy (vhbaoduy0808gmail.com)    Stu_203805"), "7", true): All options with value '7' are selected in object 'Object Repository/Page_Assign cohort members/select_V Duy (vhbaoduy0808gmail.com)    Stu_203805'  using regular expression

2022-01-14 12:04:31 - [MESSAGE][PASSED] - All options with value '7' are selected in object 'Object Repository/Page_Assign cohort members/select_V Duy (vhbaoduy0808gmail.com)    Stu_203805'  using regular expression

2022-01-14 12:04:31 - [TEST_STEP][PASSED] - selectOptionByValue(findTestObject("Object Repository/Page_Assign cohort members/select_V Duy (vhbaoduy0808gmail.com)    Stu_203805"), "6", true): All options with value '6' are selected in object 'Object Repository/Page_Assign cohort members/select_V Duy (vhbaoduy0808gmail.com)    Stu_203805'  using regular expression

2022-01-14 12:04:32 - [MESSAGE][PASSED] - All options with value '6' are selected in object 'Object Repository/Page_Assign cohort members/select_V Duy (vhbaoduy0808gmail.com)    Stu_203805'  using regular expression

2022-01-14 12:04:32 - [TEST_STEP][PASSED] - click(findTestObject("Object Repository/Page_Assign cohort members/input_Match the search text anywhere in the_89f7b5")): Object: 'Object Repository/Page_Assign cohort members/input_Match the search text anywhere in the_89f7b5' is clicked on

2022-01-14 12:04:33 - [MESSAGE][PASSED] - Object: 'Object Repository/Page_Assign cohort members/input_Match the search text anywhere in the_89f7b5' is clicked on

2022-01-14 12:04:33 - [TEST_STEP][PASSED] - selectOptionByValue(findTestObject("Object Repository/Page_Assign cohort members/select_Teacher One (t1example.com)    Teach_962300"), "6", true): All options with value '6' are selected in object 'Object Repository/Page_Assign cohort members/select_Teacher One (t1example.com)    Teach_962300'  using regular expression

2022-01-14 12:04:34 - [MESSAGE][PASSED] - All options with value '6' are selected in object 'Object Repository/Page_Assign cohort members/select_Teacher One (t1example.com)    Teach_962300'  using regular expression

2022-01-14 12:04:34 - [TEST_STEP][PASSED] - selectOptionByValue(findTestObject("Object Repository/Page_Assign cohort members/select_Teacher One (t1example.com)    Teach_962300"), "7", true): All options with value '7' are selected in object 'Object Repository/Page_Assign cohort members/select_Teacher One (t1example.com)    Teach_962300'  using regular expression

2022-01-14 12:04:35 - [MESSAGE][PASSED] - All options with value '7' are selected in object 'Object Repository/Page_Assign cohort members/select_Teacher One (t1example.com)    Teach_962300'  using regular expression

2022-01-14 12:04:35 - [TEST_STEP][PASSED] - selectOptionByValue(findTestObject("Object Repository/Page_Assign cohort members/select_Teacher One (t1example.com)    Teach_962300"), "7", true): All options with value '7' are selected in object 'Object Repository/Page_Assign cohort members/select_Teacher One (t1example.com)    Teach_962300'  using regular expression

2022-01-14 12:04:36 - [MESSAGE][PASSED] - All options with value '7' are selected in object 'Object Repository/Page_Assign cohort members/select_Teacher One (t1example.com)    Teach_962300'  using regular expression

2022-01-14 12:04:36 - [TEST_STEP][PASSED] - click(findTestObject("Object Repository/Page_Assign cohort members/input_Search_cancel")): Object: 'Object Repository/Page_Assign cohort members/input_Search_cancel' is clicked on

2022-01-14 12:04:37 - [MESSAGE][PASSED] - Object: 'Object Repository/Page_Assign cohort members/input_Search_cancel' is clicked on

2022-01-14 12:04:37 - [TEST_STEP][PASSED] - click(findTestObject("Object Repository/Page_Moodle Administration Users Accounts Cohorts/i_Created manually_icon fa fa-users fa-fw")): Object: 'Object Repository/Page_Moodle Administration Users Accounts Cohorts/i_Created manually_icon fa fa-users fa-fw' is clicked on

2022-01-14 12:04:38 - [MESSAGE][PASSED] - Object: 'Object Repository/Page_Moodle Administration Users Accounts Cohorts/i_Created manually_icon fa fa-users fa-fw' is clicked on

2022-01-14 12:04:38 - [TEST_STEP][PASSED] - selectOptionByValue(findTestObject("Object Repository/Page_Assign cohort members/select_V Duy (vhbaoduy0808gmail.com)    Stu_203805"), "4", true): All options with value '4' are selected in object 'Object Repository/Page_Assign cohort members/select_V Duy (vhbaoduy0808gmail.com)    Stu_203805'  using regular expression

2022-01-14 12:04:39 - [MESSAGE][PASSED] - All options with value '4' are selected in object 'Object Repository/Page_Assign cohort members/select_V Duy (vhbaoduy0808gmail.com)    Stu_203805'  using regular expression

2022-01-14 12:04:39 - [TEST_STEP][PASSED] - selectOptionByValue(findTestObject("Object Repository/Page_Assign cohort members/select_V Duy (vhbaoduy0808gmail.com)    Stu_203805"), "8", true): All options with value '8' are selected in object 'Object Repository/Page_Assign cohort members/select_V Duy (vhbaoduy0808gmail.com)    Stu_203805'  using regular expression

2022-01-14 12:04:41 - [MESSAGE][PASSED] - All options with value '8' are selected in object 'Object Repository/Page_Assign cohort members/select_V Duy (vhbaoduy0808gmail.com)    Stu_203805'  using regular expression

2022-01-14 12:04:41 - [TEST_STEP][PASSED] - selectOptionByValue(findTestObject("Object Repository/Page_Assign cohort members/select_V Duy (vhbaoduy0808gmail.com)    Stu_203805"), "5", true): All options with value '5' are selected in object 'Object Repository/Page_Assign cohort members/select_V Duy (vhbaoduy0808gmail.com)    Stu_203805'  using regular expression

2022-01-14 12:04:42 - [MESSAGE][PASSED] - All options with value '5' are selected in object 'Object Repository/Page_Assign cohort members/select_V Duy (vhbaoduy0808gmail.com)    Stu_203805'  using regular expression

2022-01-14 12:04:42 - [TEST_STEP][PASSED] - click(findTestObject("Object Repository/Page_Assign cohort members/input_Match the search text anywhere in the_89f7b5")): Object: 'Object Repository/Page_Assign cohort members/input_Match the search text anywhere in the_89f7b5' is clicked on

2022-01-14 12:04:43 - [MESSAGE][PASSED] - Object: 'Object Repository/Page_Assign cohort members/input_Match the search text anywhere in the_89f7b5' is clicked on

2022-01-14 12:04:43 - [TEST_STEP][PASSED] - selectOptionByValue(findTestObject("Object Repository/Page_Assign cohort members/select_Student One (s1example.com)    Stude_8b3338"), "4", true): All options with value '4' are selected in object 'Object Repository/Page_Assign cohort members/select_Student One (s1example.com)    Stude_8b3338'  using regular expression

2022-01-14 12:04:44 - [MESSAGE][PASSED] - All options with value '4' are selected in object 'Object Repository/Page_Assign cohort members/select_Student One (s1example.com)    Stude_8b3338'  using regular expression

2022-01-14 12:04:44 - [TEST_STEP][PASSED] - selectOptionByValue(findTestObject("Object Repository/Page_Assign cohort members/select_Student One (s1example.com)    Stude_8b3338"), "8", true): All options with value '8' are selected in object 'Object Repository/Page_Assign cohort members/select_Student One (s1example.com)    Stude_8b3338'  using regular expression

2022-01-14 12:04:45 - [MESSAGE][PASSED] - All options with value '8' are selected in object 'Object Repository/Page_Assign cohort members/select_Student One (s1example.com)    Stude_8b3338'  using regular expression

2022-01-14 12:04:45 - [TEST_STEP][PASSED] - selectOptionByValue(findTestObject("Object Repository/Page_Assign cohort members/select_Student One (s1example.com)    Stude_8b3338"), "5", true): All options with value '5' are selected in object 'Object Repository/Page_Assign cohort members/select_Student One (s1example.com)    Stude_8b3338'  using regular expression

2022-01-14 12:04:46 - [MESSAGE][PASSED] - All options with value '5' are selected in object 'Object Repository/Page_Assign cohort members/select_Student One (s1example.com)    Stude_8b3338'  using regular expression

2022-01-14 12:04:46 - [TEST_STEP][PASSED] - click(findTestObject("Object Repository/Page_Assign cohort members/input_Search_cancel")): Object: 'Object Repository/Page_Assign cohort members/input_Search_cancel' is clicked on

2022-01-14 12:04:47 - [MESSAGE][PASSED] - Object: 'Object Repository/Page_Assign cohort members/input_Search_cancel' is clicked on]]></system-out>
         <system-err><![CDATA[]]></system-err>
      </testcase>
      <testcase name="Test Cases/Admin create course parent category" time="14.665" classname="Test Cases/Admin create course parent category" status="PASSED">
         <system-out><![CDATA[2022-01-14 12:04:47 - [TEST_CASE][PASSED] - Test Cases/Admin create course parent category: Test Cases/Admin create course parent category

2022-01-14 12:04:47 - [TEST_STEP][PASSED] - callTestCase(findTestCase("Login as admin"), [:], STOP_ON_FAILURE): Call Test Case 'Test Cases/Login as admin' successfully

2022-01-14 12:04:47 - [TEST_CASE][PASSED] - Test Cases/Login as admin: Test Cases/Login as admin

2022-01-14 12:04:47 - [TEST_STEP][PASSED] - openBrowser(""): Browser is opened with url: ''

2022-01-14 12:04:47 - [MESSAGE][WARNING] - A browser is already opened. Closing browser and opening a new one

2022-01-14 12:04:48 - [MESSAGE][INFO] - Starting 'Edge Chromium' driver

2022-01-14 12:04:49 - [MESSAGE][INFO] - Action delay is set to 0 milliseconds

2022-01-14 12:04:50 - [MESSAGE][PASSED] - Browser is opened with url: ''

2022-01-14 12:04:50 - [TEST_STEP][PASSED] - navigateToUrl("http://localhost/"): Navigate to 'http://localhost/' successfully

2022-01-14 12:04:51 - [MESSAGE][PASSED] - Navigate to 'http://localhost/' successfully

2022-01-14 12:04:51 - [TEST_STEP][PASSED] - click(findTestObject("Object Repository/Page_My Moodle/a_Log in")): Object: 'Object Repository/Page_My Moodle/a_Log in' is clicked on

2022-01-14 12:04:51 - [MESSAGE][PASSED] - Object: 'Object Repository/Page_My Moodle/a_Log in' is clicked on

2022-01-14 12:04:51 - [TEST_STEP][PASSED] - setText(findTestObject("Object Repository/Page_My Moodle Log in to the site/input_Username_username"), "admin"): Text 'admin' is set on object 'Object Repository/Page_My Moodle Log in to the site/input_Username_username'

2022-01-14 12:04:52 - [MESSAGE][PASSED] - Text 'admin' is set on object 'Object Repository/Page_My Moodle Log in to the site/input_Username_username'

2022-01-14 12:04:52 - [TEST_STEP][PASSED] - setEncryptedText(findTestObject("Object Repository/Page_My Moodle Log in to the site/input_Password_password"), "7Dxoto1EjKfQbGop/Ov+1g=="): Text ****** has been set on object 'Object Repository/Page_My Moodle Log in to the site/input_Password_password'

2022-01-14 12:04:53 - [MESSAGE][PASSED] - Text ****** has been set on object 'Object Repository/Page_My Moodle Log in to the site/input_Password_password'

2022-01-14 12:04:53 - [TEST_STEP][PASSED] - click(findTestObject("Object Repository/Page_My Moodle Log in to the site/button_Log in")): Object: 'Object Repository/Page_My Moodle Log in to the site/button_Log in' is clicked on

2022-01-14 12:04:54 - [MESSAGE][PASSED] - Object: 'Object Repository/Page_My Moodle Log in to the site/button_Log in' is clicked on

2022-01-14 12:04:54 - [MESSAGE][PASSED] - Call Test Case 'Test Cases/Login as admin' successfully

2022-01-14 12:04:54 - [TEST_STEP][PASSED] - click(findTestObject("Object Repository/Page_Dashboard/span_Site administration")): Object: 'Object Repository/Page_Dashboard/span_Site administration' is clicked on

2022-01-14 12:04:55 - [MESSAGE][PASSED] - Object: 'Object Repository/Page_Dashboard/span_Site administration' is clicked on

2022-01-14 12:04:55 - [TEST_STEP][PASSED] - navigateToUrl("http://localhost/admin/search.php"): Navigate to 'http://localhost/admin/search.php' successfully

2022-01-14 12:04:56 - [MESSAGE][PASSED] - Navigate to 'http://localhost/admin/search.php' successfully

2022-01-14 12:04:56 - [TEST_STEP][PASSED] - click(findTestObject("Object Repository/Page_Moodle Administration Search/a_Courses")): Object: 'Object Repository/Page_Moodle Administration Search/a_Courses' is clicked on

2022-01-14 12:04:56 - [MESSAGE][PASSED] - Object: 'Object Repository/Page_Moodle Administration Search/a_Courses' is clicked on

2022-01-14 12:04:56 - [TEST_STEP][PASSED] - click(findTestObject("Object Repository/Page_Moodle Administration Search/a_Add a category")): Object: 'Object Repository/Page_Moodle Administration Search/a_Add a category' is clicked on

2022-01-14 12:04:58 - [MESSAGE][PASSED] - Object: 'Object Repository/Page_Moodle Administration Search/a_Add a category' is clicked on

2022-01-14 12:04:58 - [TEST_STEP][PASSED] - setText(findTestObject("Object Repository/Page_Moodle Add new category/input_Category name_name"), "Công nghệ thông tin"): Text 'Công nghệ thông tin' is set on object 'Object Repository/Page_Moodle Add new category/input_Category name_name'

2022-01-14 12:04:59 - [MESSAGE][PASSED] - Text 'Công nghệ thông tin' is set on object 'Object Repository/Page_Moodle Add new category/input_Category name_name'

2022-01-14 12:04:59 - [TEST_STEP][PASSED] - setText(findTestObject("Object Repository/Page_Moodle Add new category/input_Category ID number_idnumber"), "1"): Text '1' is set on object 'Object Repository/Page_Moodle Add new category/input_Category ID number_idnumber'

2022-01-14 12:05:00 - [MESSAGE][PASSED] - Text '1' is set on object 'Object Repository/Page_Moodle Add new category/input_Category ID number_idnumber'

2022-01-14 12:05:00 - [TEST_STEP][PASSED] - click(findTestObject("Object Repository/Page_Moodle Add new category/input_Description_submitbutton")): Object: 'Object Repository/Page_Moodle Add new category/input_Description_submitbutton' is clicked on

2022-01-14 12:05:01 - [MESSAGE][PASSED] - Object: 'Object Repository/Page_Moodle Add new category/input_Description_submitbutton' is clicked on

2022-01-14 12:05:01 - [TEST_STEP][PASSED] - click(findTestObject("Object Repository/Page_Course and category management/h2_Course and category management")): Object: 'Object Repository/Page_Course and category management/h2_Course and category management' is clicked on

2022-01-14 12:05:02 - [MESSAGE][PASSED] - Object: 'Object Repository/Page_Course and category management/h2_Course and category management' is clicked on]]></system-out>
         <system-err><![CDATA[]]></system-err>
      </testcase>
      <testcase name="Test Cases/Admin create course child category" time="16.935" classname="Test Cases/Admin create course child category" status="PASSED">
         <system-out><![CDATA[2022-01-14 12:05:02 - [TEST_CASE][PASSED] - Test Cases/Admin create course child category: Test Cases/Admin create course child category

2022-01-14 12:05:02 - [TEST_STEP][PASSED] - callTestCase(findTestCase("Login as admin"), [:], STOP_ON_FAILURE): Call Test Case 'Test Cases/Login as admin' successfully

2022-01-14 12:05:02 - [TEST_CASE][PASSED] - Test Cases/Login as admin: Test Cases/Login as admin

2022-01-14 12:05:02 - [TEST_STEP][PASSED] - openBrowser(""): Browser is opened with url: ''

2022-01-14 12:05:02 - [MESSAGE][WARNING] - A browser is already opened. Closing browser and opening a new one

2022-01-14 12:05:03 - [MESSAGE][INFO] - Starting 'Edge Chromium' driver

2022-01-14 12:05:03 - [MESSAGE][INFO] - Action delay is set to 0 milliseconds

2022-01-14 12:05:05 - [MESSAGE][PASSED] - Browser is opened with url: ''

2022-01-14 12:05:05 - [TEST_STEP][PASSED] - navigateToUrl("http://localhost/"): Navigate to 'http://localhost/' successfully

2022-01-14 12:05:05 - [MESSAGE][PASSED] - Navigate to 'http://localhost/' successfully

2022-01-14 12:05:05 - [TEST_STEP][PASSED] - click(findTestObject("Object Repository/Page_My Moodle/a_Log in")): Object: 'Object Repository/Page_My Moodle/a_Log in' is clicked on

2022-01-14 12:05:06 - [MESSAGE][PASSED] - Object: 'Object Repository/Page_My Moodle/a_Log in' is clicked on

2022-01-14 12:05:06 - [TEST_STEP][PASSED] - setText(findTestObject("Object Repository/Page_My Moodle Log in to the site/input_Username_username"), "admin"): Text 'admin' is set on object 'Object Repository/Page_My Moodle Log in to the site/input_Username_username'

2022-01-14 12:05:07 - [MESSAGE][PASSED] - Text 'admin' is set on object 'Object Repository/Page_My Moodle Log in to the site/input_Username_username'

2022-01-14 12:05:07 - [TEST_STEP][PASSED] - setEncryptedText(findTestObject("Object Repository/Page_My Moodle Log in to the site/input_Password_password"), "7Dxoto1EjKfQbGop/Ov+1g=="): Text ****** has been set on object 'Object Repository/Page_My Moodle Log in to the site/input_Password_password'

2022-01-14 12:05:07 - [MESSAGE][PASSED] - Text ****** has been set on object 'Object Repository/Page_My Moodle Log in to the site/input_Password_password'

2022-01-14 12:05:07 - [TEST_STEP][PASSED] - click(findTestObject("Object Repository/Page_My Moodle Log in to the site/button_Log in")): Object: 'Object Repository/Page_My Moodle Log in to the site/button_Log in' is clicked on

2022-01-14 12:05:08 - [MESSAGE][PASSED] - Object: 'Object Repository/Page_My Moodle Log in to the site/button_Log in' is clicked on

2022-01-14 12:05:08 - [MESSAGE][PASSED] - Call Test Case 'Test Cases/Login as admin' successfully

2022-01-14 12:05:08 - [TEST_STEP][PASSED] - click(findTestObject("Object Repository/Page_Dashboard/span_Site administration")): Object: 'Object Repository/Page_Dashboard/span_Site administration' is clicked on

2022-01-14 12:05:10 - [MESSAGE][PASSED] - Object: 'Object Repository/Page_Dashboard/span_Site administration' is clicked on

2022-01-14 12:05:10 - [TEST_STEP][PASSED] - navigateToUrl("http://localhost/admin/search.php"): Navigate to 'http://localhost/admin/search.php' successfully

2022-01-14 12:05:11 - [MESSAGE][PASSED] - Navigate to 'http://localhost/admin/search.php' successfully

2022-01-14 12:05:11 - [TEST_STEP][PASSED] - click(findTestObject("Object Repository/Page_Moodle Administration Search/a_Courses")): Object: 'Object Repository/Page_Moodle Administration Search/a_Courses' is clicked on

2022-01-14 12:05:11 - [MESSAGE][PASSED] - Object: 'Object Repository/Page_Moodle Administration Search/a_Courses' is clicked on

2022-01-14 12:05:11 - [TEST_STEP][PASSED] - click(findTestObject("Object Repository/Page_Moodle Administration Search/a_Add a category")): Object: 'Object Repository/Page_Moodle Administration Search/a_Add a category' is clicked on

2022-01-14 12:05:12 - [MESSAGE][PASSED] - Object: 'Object Repository/Page_Moodle Administration Search/a_Add a category' is clicked on

2022-01-14 12:05:12 - [TEST_STEP][PASSED] - click(findTestObject("Object Repository/Page_Moodle Add new category/span_")): Object: 'Object Repository/Page_Moodle Add new category/span_' is clicked on

2022-01-14 12:05:13 - [MESSAGE][PASSED] - Object: 'Object Repository/Page_Moodle Add new category/span_' is clicked on

2022-01-14 12:05:13 - [TEST_STEP][PASSED] - click(findTestObject("Object Repository/Page_Moodle Add new category/li_Cng ngh thng tin")): Object: 'Object Repository/Page_Moodle Add new category/li_Cng ngh thng tin' is clicked on

2022-01-14 12:05:14 - [MESSAGE][PASSED] - Object: 'Object Repository/Page_Moodle Add new category/li_Cng ngh thng tin' is clicked on

2022-01-14 12:05:14 - [TEST_STEP][PASSED] - selectOptionByValue(findTestObject("Object Repository/Page_Moodle Add new category/select_Top            Miscellaneous        _a56d48"), "2", true, OPTIONAL): All options with value '2' are selected in object 'Object Repository/Page_Moodle Add new category/select_Top            Miscellaneous        _a56d48'  using regular expression

2022-01-14 12:05:15 - [MESSAGE][PASSED] - All options with value '2' are selected in object 'Object Repository/Page_Moodle Add new category/select_Top            Miscellaneous        _a56d48'  using regular expression

2022-01-14 12:05:15 - [TEST_STEP][PASSED] - setText(findTestObject("Object Repository/Page_Moodle Add new category/input_Category name_name"), "Kỹ thuật phần mềm"): Text 'Kỹ thuật phần mềm' is set on object 'Object Repository/Page_Moodle Add new category/input_Category name_name'

2022-01-14 12:05:16 - [MESSAGE][PASSED] - Text 'Kỹ thuật phần mềm' is set on object 'Object Repository/Page_Moodle Add new category/input_Category name_name'

2022-01-14 12:05:16 - [TEST_STEP][PASSED] - setText(findTestObject("Object Repository/Page_Moodle Add new category/input_Category ID number_idnumber"), "2"): Text '2' is set on object 'Object Repository/Page_Moodle Add new category/input_Category ID number_idnumber'

2022-01-14 12:05:17 - [MESSAGE][PASSED] - Text '2' is set on object 'Object Repository/Page_Moodle Add new category/input_Category ID number_idnumber'

2022-01-14 12:05:17 - [TEST_STEP][PASSED] - click(findTestObject("Object Repository/Page_Moodle Add new category/input_Description_submitbutton")): Object: 'Object Repository/Page_Moodle Add new category/input_Description_submitbutton' is clicked on

2022-01-14 12:05:18 - [MESSAGE][PASSED] - Object: 'Object Repository/Page_Moodle Add new category/input_Description_submitbutton' is clicked on

2022-01-14 12:05:18 - [TEST_STEP][PASSED] - click(findTestObject("Object Repository/Page_Course and category management/h2_Course and category management")): Object: 'Object Repository/Page_Course and category management/h2_Course and category management' is clicked on

2022-01-14 12:05:19 - [MESSAGE][PASSED] - Object: 'Object Repository/Page_Course and category management/h2_Course and category management' is clicked on]]></system-out>
         <system-err><![CDATA[]]></system-err>
      </testcase>
      <testcase name="Test Cases/Admin create course (with enddate)" time="17.817" classname="Test Cases/Admin create course (with enddate)" status="PASSED">
         <system-out><![CDATA[2022-01-14 12:05:19 - [TEST_CASE][PASSED] - Test Cases/Admin create course (with enddate): Test Cases/Admin create course (with enddate)

2022-01-14 12:05:19 - [TEST_STEP][PASSED] - callTestCase(findTestCase("Login as admin"), [:], STOP_ON_FAILURE): Call Test Case 'Test Cases/Login as admin' successfully

2022-01-14 12:05:19 - [TEST_CASE][PASSED] - Test Cases/Login as admin: Test Cases/Login as admin

2022-01-14 12:05:19 - [TEST_STEP][PASSED] - openBrowser(""): Browser is opened with url: ''

2022-01-14 12:05:19 - [MESSAGE][WARNING] - A browser is already opened. Closing browser and opening a new one

2022-01-14 12:05:20 - [MESSAGE][INFO] - Starting 'Edge Chromium' driver

2022-01-14 12:05:20 - [MESSAGE][INFO] - Action delay is set to 0 milliseconds

2022-01-14 12:05:22 - [MESSAGE][PASSED] - Browser is opened with url: ''

2022-01-14 12:05:22 - [TEST_STEP][PASSED] - navigateToUrl("http://localhost/"): Navigate to 'http://localhost/' successfully

2022-01-14 12:05:22 - [MESSAGE][PASSED] - Navigate to 'http://localhost/' successfully

2022-01-14 12:05:22 - [TEST_STEP][PASSED] - click(findTestObject("Object Repository/Page_My Moodle/a_Log in")): Object: 'Object Repository/Page_My Moodle/a_Log in' is clicked on

2022-01-14 12:05:23 - [MESSAGE][PASSED] - Object: 'Object Repository/Page_My Moodle/a_Log in' is clicked on

2022-01-14 12:05:23 - [TEST_STEP][PASSED] - setText(findTestObject("Object Repository/Page_My Moodle Log in to the site/input_Username_username"), "admin"): Text 'admin' is set on object 'Object Repository/Page_My Moodle Log in to the site/input_Username_username'

2022-01-14 12:05:24 - [MESSAGE][PASSED] - Text 'admin' is set on object 'Object Repository/Page_My Moodle Log in to the site/input_Username_username'

2022-01-14 12:05:24 - [TEST_STEP][PASSED] - setEncryptedText(findTestObject("Object Repository/Page_My Moodle Log in to the site/input_Password_password"), "7Dxoto1EjKfQbGop/Ov+1g=="): Text ****** has been set on object 'Object Repository/Page_My Moodle Log in to the site/input_Password_password'

2022-01-14 12:05:24 - [MESSAGE][PASSED] - Text ****** has been set on object 'Object Repository/Page_My Moodle Log in to the site/input_Password_password'

2022-01-14 12:05:24 - [TEST_STEP][PASSED] - click(findTestObject("Object Repository/Page_My Moodle Log in to the site/button_Log in")): Object: 'Object Repository/Page_My Moodle Log in to the site/button_Log in' is clicked on

2022-01-14 12:05:25 - [MESSAGE][PASSED] - Object: 'Object Repository/Page_My Moodle Log in to the site/button_Log in' is clicked on

2022-01-14 12:05:25 - [MESSAGE][PASSED] - Call Test Case 'Test Cases/Login as admin' successfully

2022-01-14 12:05:25 - [TEST_STEP][PASSED] - click(findTestObject("Object Repository/Page_Dashboard/span_Site administration")): Object: 'Object Repository/Page_Dashboard/span_Site administration' is clicked on

2022-01-14 12:05:27 - [MESSAGE][PASSED] - Object: 'Object Repository/Page_Dashboard/span_Site administration' is clicked on

2022-01-14 12:05:27 - [TEST_STEP][PASSED] - navigateToUrl("http://localhost/admin/search.php"): Navigate to 'http://localhost/admin/search.php' successfully

2022-01-14 12:05:27 - [MESSAGE][PASSED] - Navigate to 'http://localhost/admin/search.php' successfully

2022-01-14 12:05:27 - [TEST_STEP][PASSED] - click(findTestObject("Object Repository/Page_Moodle Administration Search/a_Courses")): Object: 'Object Repository/Page_Moodle Administration Search/a_Courses' is clicked on

2022-01-14 12:05:28 - [MESSAGE][PASSED] - Object: 'Object Repository/Page_Moodle Administration Search/a_Courses' is clicked on

2022-01-14 12:05:28 - [TEST_STEP][PASSED] - click(findTestObject("Object Repository/Page_Moodle Administration Search/a_Add a new course")): Object: 'Object Repository/Page_Moodle Administration Search/a_Add a new course' is clicked on

2022-01-14 12:05:29 - [MESSAGE][PASSED] - Object: 'Object Repository/Page_Moodle Administration Search/a_Add a new course' is clicked on

2022-01-14 12:05:29 - [TEST_STEP][PASSED] - setText(findTestObject("Object Repository/Page_Moodle Add a new course/input_Course full name_fullname"), "Phân tích và quản lý yêu cầu phần mềm"): Text 'Phân tích và quản lý yêu cầu phần mềm' is set on object 'Object Repository/Page_Moodle Add a new course/input_Course full name_fullname'

2022-01-14 12:05:31 - [MESSAGE][PASSED] - Text 'Phân tích và quản lý yêu cầu phần mềm' is set on object 'Object Repository/Page_Moodle Add a new course/input_Course full name_fullname'

2022-01-14 12:05:31 - [TEST_STEP][PASSED] - setText(findTestObject("Object Repository/Page_Moodle Add a new course/input_Course short name_shortname"), "CSC13005"): Text 'CSC13005' is set on object 'Object Repository/Page_Moodle Add a new course/input_Course short name_shortname'

2022-01-14 12:05:32 - [MESSAGE][PASSED] - Text 'CSC13005' is set on object 'Object Repository/Page_Moodle Add a new course/input_Course short name_shortname'

2022-01-14 12:05:32 - [TEST_STEP][PASSED] - click(findTestObject("Object Repository/Page_Moodle Add a new course/span_")): Object: 'Object Repository/Page_Moodle Add a new course/span_' is clicked on

2022-01-14 12:05:32 - [MESSAGE][PASSED] - Object: 'Object Repository/Page_Moodle Add a new course/span_' is clicked on

2022-01-14 12:05:32 - [TEST_STEP][PASSED] - click(findTestObject("Object Repository/Page_Moodle Add a new course/li_Cng ngh thng tin  K thut phn mm")): Object: 'Object Repository/Page_Moodle Add a new course/li_Cng ngh thng tin  K thut phn mm' is clicked on

2022-01-14 12:05:33 - [MESSAGE][PASSED] - Object: 'Object Repository/Page_Moodle Add a new course/li_Cng ngh thng tin  K thut phn mm' is clicked on

2022-01-14 12:05:33 - [TEST_STEP][PASSED] - selectOptionByValue(findTestObject("Object Repository/Page_Moodle Add a new course/select_Miscellaneous            Cng ngh thn_6d25f3"), "3", true, OPTIONAL): All options with value '3' are selected in object 'Object Repository/Page_Moodle Add a new course/select_Miscellaneous            Cng ngh thn_6d25f3'  using regular expression

2022-01-14 12:05:34 - [MESSAGE][PASSED] - All options with value '3' are selected in object 'Object Repository/Page_Moodle Add a new course/select_Miscellaneous            Cng ngh thn_6d25f3'  using regular expression

2022-01-14 12:05:34 - [TEST_STEP][PASSED] - click(findTestObject("Object Repository/Page_Moodle Add a new course/input__saveanddisplay")): Object: 'Object Repository/Page_Moodle Add a new course/input__saveanddisplay' is clicked on

2022-01-14 12:05:36 - [MESSAGE][PASSED] - Object: 'Object Repository/Page_Moodle Add a new course/input__saveanddisplay' is clicked on

2022-01-14 12:05:36 - [TEST_STEP][PASSED] - click(findTestObject("Object Repository/Page_CSC13005 Participants/h2_Participants")): Object: 'Object Repository/Page_CSC13005 Participants/h2_Participants' is clicked on

2022-01-14 12:05:36 - [MESSAGE][PASSED] - Object: 'Object Repository/Page_CSC13005 Participants/h2_Participants' is clicked on]]></system-out>
         <system-err><![CDATA[]]></system-err>
      </testcase>
      <testcase name="Test Cases/Admin create course (without enddate)" time="18.407" classname="Test Cases/Admin create course (without enddate)" status="PASSED">
         <system-out><![CDATA[2022-01-14 12:05:36 - [TEST_CASE][PASSED] - Test Cases/Admin create course (without enddate): Test Cases/Admin create course (without enddate)

2022-01-14 12:05:37 - [TEST_STEP][PASSED] - callTestCase(findTestCase("Login as admin"), [:], STOP_ON_FAILURE): Call Test Case 'Test Cases/Login as admin' successfully

2022-01-14 12:05:37 - [TEST_CASE][PASSED] - Test Cases/Login as admin: Test Cases/Login as admin

2022-01-14 12:05:37 - [TEST_STEP][PASSED] - openBrowser(""): Browser is opened with url: ''

2022-01-14 12:05:37 - [MESSAGE][WARNING] - A browser is already opened. Closing browser and opening a new one

2022-01-14 12:05:38 - [MESSAGE][INFO] - Starting 'Edge Chromium' driver

2022-01-14 12:05:38 - [MESSAGE][INFO] - Action delay is set to 0 milliseconds

2022-01-14 12:05:40 - [MESSAGE][PASSED] - Browser is opened with url: ''

2022-01-14 12:05:40 - [TEST_STEP][PASSED] - navigateToUrl("http://localhost/"): Navigate to 'http://localhost/' successfully

2022-01-14 12:05:40 - [MESSAGE][PASSED] - Navigate to 'http://localhost/' successfully

2022-01-14 12:05:40 - [TEST_STEP][PASSED] - click(findTestObject("Object Repository/Page_My Moodle/a_Log in")): Object: 'Object Repository/Page_My Moodle/a_Log in' is clicked on

2022-01-14 12:05:41 - [MESSAGE][PASSED] - Object: 'Object Repository/Page_My Moodle/a_Log in' is clicked on

2022-01-14 12:05:41 - [TEST_STEP][PASSED] - setText(findTestObject("Object Repository/Page_My Moodle Log in to the site/input_Username_username"), "admin"): Text 'admin' is set on object 'Object Repository/Page_My Moodle Log in to the site/input_Username_username'

2022-01-14 12:05:42 - [MESSAGE][PASSED] - Text 'admin' is set on object 'Object Repository/Page_My Moodle Log in to the site/input_Username_username'

2022-01-14 12:05:42 - [TEST_STEP][PASSED] - setEncryptedText(findTestObject("Object Repository/Page_My Moodle Log in to the site/input_Password_password"), "7Dxoto1EjKfQbGop/Ov+1g=="): Text ****** has been set on object 'Object Repository/Page_My Moodle Log in to the site/input_Password_password'

2022-01-14 12:05:42 - [MESSAGE][PASSED] - Text ****** has been set on object 'Object Repository/Page_My Moodle Log in to the site/input_Password_password'

2022-01-14 12:05:42 - [TEST_STEP][PASSED] - click(findTestObject("Object Repository/Page_My Moodle Log in to the site/button_Log in")): Object: 'Object Repository/Page_My Moodle Log in to the site/button_Log in' is clicked on

2022-01-14 12:05:43 - [MESSAGE][PASSED] - Object: 'Object Repository/Page_My Moodle Log in to the site/button_Log in' is clicked on

2022-01-14 12:05:43 - [MESSAGE][PASSED] - Call Test Case 'Test Cases/Login as admin' successfully

2022-01-14 12:05:43 - [TEST_STEP][PASSED] - click(findTestObject("Object Repository/Page_Dashboard/a_Site administration")): Object: 'Object Repository/Page_Dashboard/a_Site administration' is clicked on

2022-01-14 12:05:45 - [MESSAGE][PASSED] - Object: 'Object Repository/Page_Dashboard/a_Site administration' is clicked on

2022-01-14 12:05:45 - [TEST_STEP][PASSED] - navigateToUrl("http://localhost/admin/search.php"): Navigate to 'http://localhost/admin/search.php' successfully

2022-01-14 12:05:45 - [MESSAGE][PASSED] - Navigate to 'http://localhost/admin/search.php' successfully

2022-01-14 12:05:45 - [TEST_STEP][PASSED] - click(findTestObject("Object Repository/Page_Moodle Administration Search/a_Courses")): Object: 'Object Repository/Page_Moodle Administration Search/a_Courses' is clicked on

2022-01-14 12:05:46 - [MESSAGE][PASSED] - Object: 'Object Repository/Page_Moodle Administration Search/a_Courses' is clicked on

2022-01-14 12:05:46 - [TEST_STEP][PASSED] - click(findTestObject("Object Repository/Page_Moodle Administration Search/a_Add a new course")): Object: 'Object Repository/Page_Moodle Administration Search/a_Add a new course' is clicked on

2022-01-14 12:05:47 - [MESSAGE][PASSED] - Object: 'Object Repository/Page_Moodle Administration Search/a_Add a new course' is clicked on

2022-01-14 12:05:47 - [TEST_STEP][PASSED] - setText(findTestObject("Object Repository/Page_Moodle Add a new course/input_Course full name_fullname"), "Phát triển phần mềm cho thiết bị di động"): Text 'Phát triển phần mềm cho thiết bị di động' is set on object 'Object Repository/Page_Moodle Add a new course/input_Course full name_fullname'

2022-01-14 12:05:49 - [MESSAGE][PASSED] - Text 'Phát triển phần mềm cho thiết bị di động' is set on object 'Object Repository/Page_Moodle Add a new course/input_Course full name_fullname'

2022-01-14 12:05:49 - [TEST_STEP][PASSED] - setText(findTestObject("Object Repository/Page_Moodle Add a new course/input_Course short name_shortname"), "CSC13009"): Text 'CSC13009' is set on object 'Object Repository/Page_Moodle Add a new course/input_Course short name_shortname'

2022-01-14 12:05:50 - [MESSAGE][PASSED] - Text 'CSC13009' is set on object 'Object Repository/Page_Moodle Add a new course/input_Course short name_shortname'

2022-01-14 12:05:50 - [TEST_STEP][PASSED] - click(findTestObject("Object Repository/Page_Moodle Add a new course/span_")): Object: 'Object Repository/Page_Moodle Add a new course/span_' is clicked on

2022-01-14 12:05:50 - [MESSAGE][PASSED] - Object: 'Object Repository/Page_Moodle Add a new course/span_' is clicked on

2022-01-14 12:05:50 - [TEST_STEP][PASSED] - click(findTestObject("Object Repository/Page_Moodle Add a new course/li_Cng ngh thng tin  K thut phn mm")): Object: 'Object Repository/Page_Moodle Add a new course/li_Cng ngh thng tin  K thut phn mm' is clicked on

2022-01-14 12:05:51 - [MESSAGE][PASSED] - Object: 'Object Repository/Page_Moodle Add a new course/li_Cng ngh thng tin  K thut phn mm' is clicked on

2022-01-14 12:05:51 - [TEST_STEP][PASSED] - selectOptionByValue(findTestObject("Object Repository/Page_Moodle Add a new course/select_Miscellaneous            Cng ngh thn_6d25f3"), "3", true, OPTIONAL): All options with value '3' are selected in object 'Object Repository/Page_Moodle Add a new course/select_Miscellaneous            Cng ngh thn_6d25f3'  using regular expression

2022-01-14 12:05:52 - [MESSAGE][PASSED] - All options with value '3' are selected in object 'Object Repository/Page_Moodle Add a new course/select_Miscellaneous            Cng ngh thn_6d25f3'  using regular expression

2022-01-14 12:05:52 - [TEST_STEP][PASSED] - click(findTestObject("Object Repository/Page_Moodle Add a new course/input_Enable_enddateenabled")): Object: 'Object Repository/Page_Moodle Add a new course/input_Enable_enddateenabled' is clicked on

2022-01-14 12:05:53 - [MESSAGE][PASSED] - Object: 'Object Repository/Page_Moodle Add a new course/input_Enable_enddateenabled' is clicked on

2022-01-14 12:05:53 - [TEST_STEP][PASSED] - click(findTestObject("Object Repository/Page_Moodle Add a new course/input__saveanddisplay")): Object: 'Object Repository/Page_Moodle Add a new course/input__saveanddisplay' is clicked on

2022-01-14 12:05:54 - [MESSAGE][PASSED] - Object: 'Object Repository/Page_Moodle Add a new course/input__saveanddisplay' is clicked on

2022-01-14 12:05:54 - [TEST_STEP][PASSED] - click(findTestObject("Object Repository/Page_CSC13009 Participants/h2_Participants")): Object: 'Object Repository/Page_CSC13009 Participants/h2_Participants' is clicked on

2022-01-14 12:05:55 - [MESSAGE][PASSED] - Object: 'Object Repository/Page_CSC13009 Participants/h2_Participants' is clicked on]]></system-out>
         <system-err><![CDATA[]]></system-err>
      </testcase>
      <testcase name="Test Cases/Admin create course (invisible)" time="18.807" classname="Test Cases/Admin create course (invisible)" status="PASSED">
         <system-out><![CDATA[2022-01-14 12:05:55 - [TEST_CASE][PASSED] - Test Cases/Admin create course (invisible): Test Cases/Admin create course (invisible)

2022-01-14 12:05:55 - [TEST_STEP][PASSED] - callTestCase(findTestCase("Login as admin"), [:], STOP_ON_FAILURE): Call Test Case 'Test Cases/Login as admin' successfully

2022-01-14 12:05:55 - [TEST_CASE][PASSED] - Test Cases/Login as admin: Test Cases/Login as admin

2022-01-14 12:05:55 - [TEST_STEP][PASSED] - openBrowser(""): Browser is opened with url: ''

2022-01-14 12:05:55 - [MESSAGE][WARNING] - A browser is already opened. Closing browser and opening a new one

2022-01-14 12:05:56 - [MESSAGE][INFO] - Starting 'Edge Chromium' driver

2022-01-14 12:05:57 - [MESSAGE][INFO] - Action delay is set to 0 milliseconds

2022-01-14 12:05:58 - [MESSAGE][PASSED] - Browser is opened with url: ''

2022-01-14 12:05:58 - [TEST_STEP][PASSED] - navigateToUrl("http://localhost/"): Navigate to 'http://localhost/' successfully

2022-01-14 12:05:59 - [MESSAGE][PASSED] - Navigate to 'http://localhost/' successfully

2022-01-14 12:05:59 - [TEST_STEP][PASSED] - click(findTestObject("Object Repository/Page_My Moodle/a_Log in")): Object: 'Object Repository/Page_My Moodle/a_Log in' is clicked on

2022-01-14 12:05:59 - [MESSAGE][PASSED] - Object: 'Object Repository/Page_My Moodle/a_Log in' is clicked on

2022-01-14 12:05:59 - [TEST_STEP][PASSED] - setText(findTestObject("Object Repository/Page_My Moodle Log in to the site/input_Username_username"), "admin"): Text 'admin' is set on object 'Object Repository/Page_My Moodle Log in to the site/input_Username_username'

2022-01-14 12:06:00 - [MESSAGE][PASSED] - Text 'admin' is set on object 'Object Repository/Page_My Moodle Log in to the site/input_Username_username'

2022-01-14 12:06:00 - [TEST_STEP][PASSED] - setEncryptedText(findTestObject("Object Repository/Page_My Moodle Log in to the site/input_Password_password"), "7Dxoto1EjKfQbGop/Ov+1g=="): Text ****** has been set on object 'Object Repository/Page_My Moodle Log in to the site/input_Password_password'

2022-01-14 12:06:01 - [MESSAGE][PASSED] - Text ****** has been set on object 'Object Repository/Page_My Moodle Log in to the site/input_Password_password'

2022-01-14 12:06:01 - [TEST_STEP][PASSED] - click(findTestObject("Object Repository/Page_My Moodle Log in to the site/button_Log in")): Object: 'Object Repository/Page_My Moodle Log in to the site/button_Log in' is clicked on

2022-01-14 12:06:02 - [MESSAGE][PASSED] - Object: 'Object Repository/Page_My Moodle Log in to the site/button_Log in' is clicked on

2022-01-14 12:06:02 - [MESSAGE][PASSED] - Call Test Case 'Test Cases/Login as admin' successfully

2022-01-14 12:06:02 - [TEST_STEP][PASSED] - click(findTestObject("Object Repository/Page_Dashboard/span_Site administration")): Object: 'Object Repository/Page_Dashboard/span_Site administration' is clicked on

2022-01-14 12:06:03 - [MESSAGE][PASSED] - Object: 'Object Repository/Page_Dashboard/span_Site administration' is clicked on

2022-01-14 12:06:03 - [TEST_STEP][PASSED] - navigateToUrl("http://localhost/admin/search.php"): Navigate to 'http://localhost/admin/search.php' successfully

2022-01-14 12:06:04 - [MESSAGE][PASSED] - Navigate to 'http://localhost/admin/search.php' successfully

2022-01-14 12:06:04 - [TEST_STEP][PASSED] - click(findTestObject("Object Repository/Page_Moodle Administration Search/a_Courses")): Object: 'Object Repository/Page_Moodle Administration Search/a_Courses' is clicked on

2022-01-14 12:06:04 - [MESSAGE][PASSED] - Object: 'Object Repository/Page_Moodle Administration Search/a_Courses' is clicked on

2022-01-14 12:06:04 - [TEST_STEP][PASSED] - click(findTestObject("Object Repository/Page_Moodle Administration Search/a_Add a new course")): Object: 'Object Repository/Page_Moodle Administration Search/a_Add a new course' is clicked on

2022-01-14 12:06:06 - [MESSAGE][PASSED] - Object: 'Object Repository/Page_Moodle Administration Search/a_Add a new course' is clicked on

2022-01-14 12:06:06 - [TEST_STEP][PASSED] - setText(findTestObject("Object Repository/Page_Moodle Add a new course/input_Course full name_fullname"), "Thiết kế phần mềm"): Text 'Thiết kế phần mềm' is set on object 'Object Repository/Page_Moodle Add a new course/input_Course full name_fullname'

2022-01-14 12:06:07 - [MESSAGE][PASSED] - Text 'Thiết kế phần mềm' is set on object 'Object Repository/Page_Moodle Add a new course/input_Course full name_fullname'

2022-01-14 12:06:07 - [TEST_STEP][PASSED] - setText(findTestObject("Object Repository/Page_Moodle Add a new course/input_Course short name_shortname"), "CSC13010"): Text 'CSC13010' is set on object 'Object Repository/Page_Moodle Add a new course/input_Course short name_shortname'

2022-01-14 12:06:08 - [MESSAGE][PASSED] - Text 'CSC13010' is set on object 'Object Repository/Page_Moodle Add a new course/input_Course short name_shortname'

2022-01-14 12:06:08 - [TEST_STEP][PASSED] - click(findTestObject("Object Repository/Page_Moodle Add a new course/span_")): Object: 'Object Repository/Page_Moodle Add a new course/span_' is clicked on

2022-01-14 12:06:09 - [MESSAGE][PASSED] - Object: 'Object Repository/Page_Moodle Add a new course/span_' is clicked on

2022-01-14 12:06:09 - [TEST_STEP][PASSED] - click(findTestObject("Object Repository/Page_Moodle Add a new course/li_Cng ngh thng tin  K thut phn mm")): Object: 'Object Repository/Page_Moodle Add a new course/li_Cng ngh thng tin  K thut phn mm' is clicked on

2022-01-14 12:06:09 - [MESSAGE][PASSED] - Object: 'Object Repository/Page_Moodle Add a new course/li_Cng ngh thng tin  K thut phn mm' is clicked on

2022-01-14 12:06:09 - [TEST_STEP][PASSED] - selectOptionByValue(findTestObject("Object Repository/Page_Moodle Add a new course/select_Miscellaneous            Cng ngh thn_6d25f3"), "3", true, OPTIONAL): All options with value '3' are selected in object 'Object Repository/Page_Moodle Add a new course/select_Miscellaneous            Cng ngh thn_6d25f3'  using regular expression

2022-01-14 12:06:11 - [MESSAGE][PASSED] - All options with value '3' are selected in object 'Object Repository/Page_Moodle Add a new course/select_Miscellaneous            Cng ngh thn_6d25f3'  using regular expression

2022-01-14 12:06:11 - [TEST_STEP][PASSED] - selectOptionByValue(findTestObject("Object Repository/Page_Moodle Add a new course/select_Hide            Show"), "0", true): All options with value '0' are selected in object 'Object Repository/Page_Moodle Add a new course/select_Hide            Show'  using regular expression

2022-01-14 12:06:12 - [MESSAGE][PASSED] - All options with value '0' are selected in object 'Object Repository/Page_Moodle Add a new course/select_Hide            Show'  using regular expression

2022-01-14 12:06:12 - [TEST_STEP][PASSED] - click(findTestObject("Object Repository/Page_Moodle Add a new course/input__saveanddisplay")): Object: 'Object Repository/Page_Moodle Add a new course/input__saveanddisplay' is clicked on

2022-01-14 12:06:13 - [MESSAGE][PASSED] - Object: 'Object Repository/Page_Moodle Add a new course/input__saveanddisplay' is clicked on

2022-01-14 12:06:13 - [TEST_STEP][PASSED] - click(findTestObject("Object Repository/Page_CSC13010 Participants/h2_Participants")): Object: 'Object Repository/Page_CSC13010 Participants/h2_Participants' is clicked on

2022-01-14 12:06:14 - [MESSAGE][PASSED] - Object: 'Object Repository/Page_CSC13010 Participants/h2_Participants' is clicked on]]></system-out>
         <system-err><![CDATA[]]></system-err>
      </testcase>
      <testcase name="Test Cases/Admin create course (exists)" time="18.312" classname="Test Cases/Admin create course (exists)" status="PASSED">
         <system-out><![CDATA[2022-01-14 12:06:14 - [TEST_CASE][PASSED] - Test Cases/Admin create course (exists): Test Cases/Admin create course (exists)

2022-01-14 12:06:14 - [TEST_STEP][PASSED] - callTestCase(findTestCase("Login as admin"), [:], STOP_ON_FAILURE): Call Test Case 'Test Cases/Login as admin' successfully

2022-01-14 12:06:14 - [TEST_CASE][PASSED] - Test Cases/Login as admin: Test Cases/Login as admin

2022-01-14 12:06:14 - [TEST_STEP][PASSED] - openBrowser(""): Browser is opened with url: ''

2022-01-14 12:06:14 - [MESSAGE][WARNING] - A browser is already opened. Closing browser and opening a new one

2022-01-14 12:06:15 - [MESSAGE][INFO] - Starting 'Edge Chromium' driver

2022-01-14 12:06:15 - [MESSAGE][INFO] - Action delay is set to 0 milliseconds

2022-01-14 12:06:17 - [MESSAGE][PASSED] - Browser is opened with url: ''

2022-01-14 12:06:17 - [TEST_STEP][PASSED] - navigateToUrl("http://localhost/"): Navigate to 'http://localhost/' successfully

2022-01-14 12:06:17 - [MESSAGE][PASSED] - Navigate to 'http://localhost/' successfully

2022-01-14 12:06:17 - [TEST_STEP][PASSED] - click(findTestObject("Object Repository/Page_My Moodle/a_Log in")): Object: 'Object Repository/Page_My Moodle/a_Log in' is clicked on

2022-01-14 12:06:18 - [MESSAGE][PASSED] - Object: 'Object Repository/Page_My Moodle/a_Log in' is clicked on

2022-01-14 12:06:18 - [TEST_STEP][PASSED] - setText(findTestObject("Object Repository/Page_My Moodle Log in to the site/input_Username_username"), "admin"): Text 'admin' is set on object 'Object Repository/Page_My Moodle Log in to the site/input_Username_username'

2022-01-14 12:06:19 - [MESSAGE][PASSED] - Text 'admin' is set on object 'Object Repository/Page_My Moodle Log in to the site/input_Username_username'

2022-01-14 12:06:19 - [TEST_STEP][PASSED] - setEncryptedText(findTestObject("Object Repository/Page_My Moodle Log in to the site/input_Password_password"), "7Dxoto1EjKfQbGop/Ov+1g=="): Text ****** has been set on object 'Object Repository/Page_My Moodle Log in to the site/input_Password_password'

2022-01-14 12:06:19 - [MESSAGE][PASSED] - Text ****** has been set on object 'Object Repository/Page_My Moodle Log in to the site/input_Password_password'

2022-01-14 12:06:19 - [TEST_STEP][PASSED] - click(findTestObject("Object Repository/Page_My Moodle Log in to the site/button_Log in")): Object: 'Object Repository/Page_My Moodle Log in to the site/button_Log in' is clicked on

2022-01-14 12:06:20 - [MESSAGE][PASSED] - Object: 'Object Repository/Page_My Moodle Log in to the site/button_Log in' is clicked on

2022-01-14 12:06:20 - [MESSAGE][PASSED] - Call Test Case 'Test Cases/Login as admin' successfully

2022-01-14 12:06:20 - [TEST_STEP][PASSED] - click(findTestObject("Object Repository/Page_Dashboard/span_Site administration")): Object: 'Object Repository/Page_Dashboard/span_Site administration' is clicked on

2022-01-14 12:06:22 - [MESSAGE][PASSED] - Object: 'Object Repository/Page_Dashboard/span_Site administration' is clicked on

2022-01-14 12:06:22 - [TEST_STEP][PASSED] - navigateToUrl("http://localhost/admin/search.php"): Navigate to 'http://localhost/admin/search.php' successfully

2022-01-14 12:06:23 - [MESSAGE][PASSED] - Navigate to 'http://localhost/admin/search.php' successfully

2022-01-14 12:06:23 - [TEST_STEP][PASSED] - click(findTestObject("Object Repository/Page_Moodle Administration Search/a_Courses")): Object: 'Object Repository/Page_Moodle Administration Search/a_Courses' is clicked on

2022-01-14 12:06:24 - [MESSAGE][PASSED] - Object: 'Object Repository/Page_Moodle Administration Search/a_Courses' is clicked on

2022-01-14 12:06:24 - [TEST_STEP][PASSED] - click(findTestObject("Object Repository/Page_Moodle Administration Search/a_Add a new course")): Object: 'Object Repository/Page_Moodle Administration Search/a_Add a new course' is clicked on

2022-01-14 12:06:25 - [MESSAGE][PASSED] - Object: 'Object Repository/Page_Moodle Administration Search/a_Add a new course' is clicked on

2022-01-14 12:06:25 - [TEST_STEP][PASSED] - setText(findTestObject("Object Repository/Page_Moodle Add a new course/input_Course full name_fullname"), "Thiết kế phần mềm"): Text 'Thiết kế phần mềm' is set on object 'Object Repository/Page_Moodle Add a new course/input_Course full name_fullname'

2022-01-14 12:06:26 - [MESSAGE][PASSED] - Text 'Thiết kế phần mềm' is set on object 'Object Repository/Page_Moodle Add a new course/input_Course full name_fullname'

2022-01-14 12:06:26 - [TEST_STEP][PASSED] - setText(findTestObject("Object Repository/Page_Moodle Add a new course/input_Course short name_shortname"), "CSC13010"): Text 'CSC13010' is set on object 'Object Repository/Page_Moodle Add a new course/input_Course short name_shortname'

2022-01-14 12:06:27 - [MESSAGE][PASSED] - Text 'CSC13010' is set on object 'Object Repository/Page_Moodle Add a new course/input_Course short name_shortname'

2022-01-14 12:06:27 - [TEST_STEP][PASSED] - click(findTestObject("Object Repository/Page_Moodle Add a new course/span_")): Object: 'Object Repository/Page_Moodle Add a new course/span_' is clicked on

2022-01-14 12:06:27 - [MESSAGE][PASSED] - Object: 'Object Repository/Page_Moodle Add a new course/span_' is clicked on

2022-01-14 12:06:27 - [TEST_STEP][PASSED] - click(findTestObject("Object Repository/Page_Moodle Add a new course/li_Cng ngh thng tin  K thut phn mm")): Object: 'Object Repository/Page_Moodle Add a new course/li_Cng ngh thng tin  K thut phn mm' is clicked on

2022-01-14 12:06:28 - [MESSAGE][PASSED] - Object: 'Object Repository/Page_Moodle Add a new course/li_Cng ngh thng tin  K thut phn mm' is clicked on

2022-01-14 12:06:28 - [TEST_STEP][PASSED] - selectOptionByValue(findTestObject("Object Repository/Page_Moodle Add a new course/select_Miscellaneous            Cng ngh thn_6d25f3"), "3", true, OPTIONAL): All options with value '3' are selected in object 'Object Repository/Page_Moodle Add a new course/select_Miscellaneous            Cng ngh thn_6d25f3'  using regular expression

2022-01-14 12:06:30 - [MESSAGE][PASSED] - All options with value '3' are selected in object 'Object Repository/Page_Moodle Add a new course/select_Miscellaneous            Cng ngh thn_6d25f3'  using regular expression

2022-01-14 12:06:30 - [TEST_STEP][PASSED] - click(findTestObject("Object Repository/Page_Moodle Add a new course/input__saveanddisplay")): Object: 'Object Repository/Page_Moodle Add a new course/input__saveanddisplay' is clicked on

2022-01-14 12:06:31 - [MESSAGE][PASSED] - Object: 'Object Repository/Page_Moodle Add a new course/input__saveanddisplay' is clicked on

2022-01-14 12:06:31 - [TEST_STEP][PASSED] - click(findTestObject("Object Repository/Page_Moodle Add a new course/div_Short name is already used for another _588d57")): Object: 'Object Repository/Page_Moodle Add a new course/div_Short name is already used for another _588d57' is clicked on

2022-01-14 12:06:32 - [MESSAGE][PASSED] - Object: 'Object Repository/Page_Moodle Add a new course/div_Short name is already used for another _588d57' is clicked on]]></system-out>
         <system-err><![CDATA[]]></system-err>
      </testcase>
      <testcase name="Test Cases/Admin suspend user account" time="17.476" classname="Test Cases/Admin suspend user account" status="PASSED">
         <system-out><![CDATA[2022-01-14 12:06:32 - [TEST_CASE][PASSED] - Test Cases/Admin suspend user account: Test Cases/Admin suspend user account

2022-01-14 12:06:32 - [TEST_STEP][PASSED] - callTestCase(findTestCase("Login as admin"), [:], STOP_ON_FAILURE): Call Test Case 'Test Cases/Login as admin' successfully

2022-01-14 12:06:32 - [TEST_CASE][PASSED] - Test Cases/Login as admin: Test Cases/Login as admin

2022-01-14 12:06:32 - [TEST_STEP][PASSED] - openBrowser(""): Browser is opened with url: ''

2022-01-14 12:06:32 - [MESSAGE][WARNING] - A browser is already opened. Closing browser and opening a new one

2022-01-14 12:06:33 - [MESSAGE][INFO] - Starting 'Edge Chromium' driver

2022-01-14 12:06:34 - [MESSAGE][INFO] - Action delay is set to 0 milliseconds

2022-01-14 12:06:35 - [MESSAGE][PASSED] - Browser is opened with url: ''

2022-01-14 12:06:35 - [TEST_STEP][PASSED] - navigateToUrl("http://localhost/"): Navigate to 'http://localhost/' successfully

2022-01-14 12:06:36 - [MESSAGE][PASSED] - Navigate to 'http://localhost/' successfully

2022-01-14 12:06:36 - [TEST_STEP][PASSED] - click(findTestObject("Object Repository/Page_My Moodle/a_Log in")): Object: 'Object Repository/Page_My Moodle/a_Log in' is clicked on

2022-01-14 12:06:36 - [MESSAGE][PASSED] - Object: 'Object Repository/Page_My Moodle/a_Log in' is clicked on

2022-01-14 12:06:36 - [TEST_STEP][PASSED] - setText(findTestObject("Object Repository/Page_My Moodle Log in to the site/input_Username_username"), "admin"): Text 'admin' is set on object 'Object Repository/Page_My Moodle Log in to the site/input_Username_username'

2022-01-14 12:06:37 - [MESSAGE][PASSED] - Text 'admin' is set on object 'Object Repository/Page_My Moodle Log in to the site/input_Username_username'

2022-01-14 12:06:37 - [TEST_STEP][PASSED] - setEncryptedText(findTestObject("Object Repository/Page_My Moodle Log in to the site/input_Password_password"), "7Dxoto1EjKfQbGop/Ov+1g=="): Text ****** has been set on object 'Object Repository/Page_My Moodle Log in to the site/input_Password_password'

2022-01-14 12:06:38 - [MESSAGE][PASSED] - Text ****** has been set on object 'Object Repository/Page_My Moodle Log in to the site/input_Password_password'

2022-01-14 12:06:38 - [TEST_STEP][PASSED] - click(findTestObject("Object Repository/Page_My Moodle Log in to the site/button_Log in")): Object: 'Object Repository/Page_My Moodle Log in to the site/button_Log in' is clicked on

2022-01-14 12:06:39 - [MESSAGE][PASSED] - Object: 'Object Repository/Page_My Moodle Log in to the site/button_Log in' is clicked on

2022-01-14 12:06:39 - [MESSAGE][PASSED] - Call Test Case 'Test Cases/Login as admin' successfully

2022-01-14 12:06:39 - [TEST_STEP][PASSED] - click(findTestObject("Object Repository/Page_Dashboard/span_Site administration")): Object: 'Object Repository/Page_Dashboard/span_Site administration' is clicked on

2022-01-14 12:06:41 - [MESSAGE][PASSED] - Object: 'Object Repository/Page_Dashboard/span_Site administration' is clicked on

2022-01-14 12:06:41 - [TEST_STEP][PASSED] - navigateToUrl("http://localhost/admin/search.php"): Navigate to 'http://localhost/admin/search.php' successfully

2022-01-14 12:06:42 - [MESSAGE][PASSED] - Navigate to 'http://localhost/admin/search.php' successfully

2022-01-14 12:06:42 - [TEST_STEP][PASSED] - click(findTestObject("Object Repository/Page_Moodle Administration Search/a_Users")): Object: 'Object Repository/Page_Moodle Administration Search/a_Users' is clicked on

2022-01-14 12:06:42 - [MESSAGE][PASSED] - Object: 'Object Repository/Page_Moodle Administration Search/a_Users' is clicked on

2022-01-14 12:06:42 - [TEST_STEP][PASSED] - click(findTestObject("Object Repository/Page_Moodle Administration Search/a_Browse list of users")): Object: 'Object Repository/Page_Moodle Administration Search/a_Browse list of users' is clicked on

2022-01-14 12:06:43 - [MESSAGE][PASSED] - Object: 'Object Repository/Page_Moodle Administration Search/a_Browse list of users' is clicked on

2022-01-14 12:06:43 - [TEST_STEP][PASSED] - click(findTestObject("Object Repository/Page_Moodle Administration Users Accounts B_4543d8/i_vhbaoduy0808gmail.com_icon fa fa-eye fa-fw")): Object: 'Object Repository/Page_Moodle Administration Users Accounts B_4543d8/i_vhbaoduy0808gmail.com_icon fa fa-eye fa-fw' is clicked on

2022-01-14 12:06:45 - [MESSAGE][PASSED] - Object: 'Object Repository/Page_Moodle Administration Users Accounts B_4543d8/i_vhbaoduy0808gmail.com_icon fa fa-eye fa-fw' is clicked on

2022-01-14 12:06:45 - [TEST_STEP][PASSED] - click(findTestObject("Object Repository/Page_Moodle Administration Users Accounts B_4543d8/a_Admin Team")): Object: 'Object Repository/Page_Moodle Administration Users Accounts B_4543d8/a_Admin Team' is clicked on

2022-01-14 12:06:45 - [MESSAGE][PASSED] - Object: 'Object Repository/Page_Moodle Administration Users Accounts B_4543d8/a_Admin Team' is clicked on

2022-01-14 12:06:45 - [TEST_STEP][PASSED] - click(findTestObject("Object Repository/Page_Moodle Administration Users Accounts B_4543d8/span_Log out")): Object: 'Object Repository/Page_Moodle Administration Users Accounts B_4543d8/span_Log out' is clicked on

2022-01-14 12:06:46 - [MESSAGE][PASSED] - Object: 'Object Repository/Page_Moodle Administration Users Accounts B_4543d8/span_Log out' is clicked on

2022-01-14 12:06:46 - [TEST_STEP][PASSED] - click(findTestObject("Object Repository/Page_My Moodle/a_Log in")): Object: 'Object Repository/Page_My Moodle/a_Log in' is clicked on

2022-01-14 12:06:47 - [MESSAGE][PASSED] - Object: 'Object Repository/Page_My Moodle/a_Log in' is clicked on

2022-01-14 12:06:47 - [TEST_STEP][PASSED] - setText(findTestObject("Object Repository/Page_My Moodle Log in to the site/input_Username_username"), "student1"): Text 'student1' is set on object 'Object Repository/Page_My Moodle Log in to the site/input_Username_username'

2022-01-14 12:06:48 - [MESSAGE][PASSED] - Text 'student1' is set on object 'Object Repository/Page_My Moodle Log in to the site/input_Username_username'

2022-01-14 12:06:48 - [TEST_STEP][PASSED] - setEncryptedText(findTestObject("Object Repository/Page_My Moodle Log in to the site/input_Password_password"), "HeCM15nHKBI="): Text ****** has been set on object 'Object Repository/Page_My Moodle Log in to the site/input_Password_password'

2022-01-14 12:06:48 - [MESSAGE][PASSED] - Text ****** has been set on object 'Object Repository/Page_My Moodle Log in to the site/input_Password_password'

2022-01-14 12:06:48 - [TEST_STEP][PASSED] - click(findTestObject("Object Repository/Page_My Moodle Log in to the site/button_Log in")): Object: 'Object Repository/Page_My Moodle Log in to the site/button_Log in' is clicked on

2022-01-14 12:06:49 - [MESSAGE][PASSED] - Object: 'Object Repository/Page_My Moodle Log in to the site/button_Log in' is clicked on

2022-01-14 12:06:49 - [TEST_STEP][PASSED] - click(findTestObject("Object Repository/Page_My Moodle Log in to the site/button_Log in")): Object: 'Object Repository/Page_My Moodle Log in to the site/button_Log in' is clicked on

2022-01-14 12:06:50 - [MESSAGE][PASSED] - Object: 'Object Repository/Page_My Moodle Log in to the site/button_Log in' is clicked on]]></system-out>
         <system-err><![CDATA[]]></system-err>
      </testcase>
      <testcase name="Test Cases/Admin create event on a course" time="28.196" classname="Test Cases/Admin create event on a course" status="FAILED">
         <failure type="FAILED" message="Test Cases/Admin create event on a course FAILED.
Reason:
com.kms.katalon.core.exception.StepFailedException: Unable to click on object 'Object Repository/Page_Dashboard/a_Go to calendar'
	at com.kms.katalon.core.webui.keyword.internal.WebUIKeywordMain.stepFailed(WebUIKeywordMain.groovy:64)
	at com.kms.katalon.core.webui.keyword.internal.WebUIKeywordMain.runKeyword(WebUIKeywordMain.groovy:26)
	at com.kms.katalon.core.webui.keyword.builtin.ClickKeyword.click(ClickKeyword.groovy:74)
	at com.kms.katalon.core.webui.keyword.builtin.ClickKeyword.execute(ClickKeyword.groovy:40)
	at com.kms.katalon.core.keyword.internal.KeywordExecutor.executeKeywordForPlatform(KeywordExecutor.groovy:74)
	at com.kms.katalon.core.webui.keyword.WebUiBuiltInKeywords.click(WebUiBuiltInKeywords.groovy:620)
	at com.kms.katalon.core.webui.keyword.WebUiBuiltInKeywords$click$1.call(Unknown Source)
	at Admin create event on a course.run(Admin create event on a course:52)
	at com.kms.katalon.core.main.ScriptEngine.run(ScriptEngine.java:194)
	at com.kms.katalon.core.main.ScriptEngine.runScriptAsRawText(ScriptEngine.java:119)
	at com.kms.katalon.core.main.TestCaseExecutor.runScript(TestCaseExecutor.java:442)
	at com.kms.katalon.core.main.TestCaseExecutor.doExecute(TestCaseExecutor.java:433)
	at com.kms.katalon.core.main.TestCaseExecutor.processExecutionPhase(TestCaseExecutor.java:412)
	at com.kms.katalon.core.main.TestCaseExecutor.accessMainPhase(TestCaseExecutor.java:404)
	at com.kms.katalon.core.main.TestCaseExecutor.execute(TestCaseExecutor.java:281)
	at com.kms.katalon.core.main.TestSuiteExecutor.accessTestCaseMainPhase(TestSuiteExecutor.java:202)
	at com.kms.katalon.core.main.TestSuiteExecutor.accessTestSuiteMainPhase(TestSuiteExecutor.java:164)
	at com.kms.katalon.core.main.TestSuiteExecutor.execute(TestSuiteExecutor.java:105)
	at com.kms.katalon.core.main.TestCaseMain.startTestSuite(TestCaseMain.java:181)
	at com.kms.katalon.core.main.TestCaseMain$startTestSuite$0.call(Unknown Source)
	at TempTestSuite1642136404214.run(TempTestSuite1642136404214.groovy:36)
Caused by: org.openqa.selenium.ElementNotInteractableException: element not interactable
  (Session info: MicrosoftEdge=97.0.1072.55)
Build info: version: '3.141.59', revision: 'e82be7d358', time: '2018-11-14T08:25:53'
System info: host: 'DESKTOP-8IHK86T', ip: '192.168.1.173', os.name: 'Windows 10', os.arch: 'amd64', os.version: '10.0', java.version: '1.8.0_282'
Driver info: com.kms.katalon.selenium.driver.CEdgeDriver
Capabilities {acceptInsecureCerts: false, browserName: msedge, browserVersion: 97.0.1072.55, javascriptEnabled: true, ms:edgeOptions: {debuggerAddress: localhost:59425}, msedge: {msedgedriverVersion: 97.0.1072.55 (ce3bf33648805..., userDataDir: C:\Users\THANHD~1\AppData\L...}, networkConnectionEnabled: false, pageLoadStrategy: normal, platform: WINDOWS, platformName: WINDOWS, proxy: Proxy(), setWindowRect: true, strictFileInteractability: false, timeouts: {implicit: 0, pageLoad: 300000, script: 30000}, unhandledPromptBehavior: dismiss and notify, webauthn:extension:credBlob: true, webauthn:extension:largeBlob: true, webauthn:virtualAuthenticators: true}
Session ID: cb42c7c4f59fa8c50b44acc840a5c773
	at org.openqa.selenium.remote.http.W3CHttpResponseCodec.createException(W3CHttpResponseCodec.java:187)
	at org.openqa.selenium.remote.http.W3CHttpResponseCodec.decode(W3CHttpResponseCodec.java:122)
	at org.openqa.selenium.remote.http.W3CHttpResponseCodec.decode(W3CHttpResponseCodec.java:49)
	at org.openqa.selenium.remote.HttpCommandExecutor.execute(HttpCommandExecutor.java:158)
	at org.openqa.selenium.remote.service.DriverCommandExecutor.execute(DriverCommandExecutor.java:83)
	at org.openqa.selenium.remote.RemoteWebDriver.execute(RemoteWebDriver.java:552)
	at com.kms.katalon.selenium.driver.CEdgeDriver.execute(CEdgeDriver.java:20)
	at org.openqa.selenium.remote.RemoteWebElement.execute(RemoteWebElement.java:285)
	at org.openqa.selenium.remote.RemoteWebElement.click(RemoteWebElement.java:84)
	at org.openqa.selenium.support.events.EventFiringWebDriver$EventFiringWebElement.lambda$new$0(EventFiringWebDriver.java:404)
	at com.sun.proxy.$Proxy11.click(Unknown Source)
	at org.openqa.selenium.support.events.EventFiringWebDriver$EventFiringWebElement.click(EventFiringWebDriver.java:417)
	at org.openqa.selenium.WebElement$click.call(Unknown Source)
	at com.kms.katalon.core.webui.keyword.builtin.ClickKeyword.clickUntilSuccessWithTimeout(ClickKeyword.groovy:81)
	at com.kms.katalon.core.webui.keyword.builtin.ClickKeyword.clickUntilSuccessWithTimeout(ClickKeyword.groovy)
	at com.kms.katalon.core.webui.keyword.builtin.ClickKeyword$_click_closure1.doCall(ClickKeyword.groovy:67)
	at com.kms.katalon.core.webui.keyword.builtin.ClickKeyword$_click_closure1.call(ClickKeyword.groovy)
	at com.kms.katalon.core.webui.keyword.internal.WebUIKeywordMain.runKeyword(WebUIKeywordMain.groovy:20)
	... 19 more
"/>
         <system-out><![CDATA[2022-01-14 12:06:50 - [TEST_CASE][FAILED] - Test Cases/Admin create event on a course: Test Cases/Admin create event on a course FAILED.
Reason:
com.kms.katalon.core.exception.StepFailedException: Unable to click on object 'Object Repository/Page_Dashboard/a_Go to calendar'
	at com.kms.katalon.core.webui.keyword.internal.WebUIKeywordMain.stepFailed(WebUIKeywordMain.groovy:64)
	at com.kms.katalon.core.webui.keyword.internal.WebUIKeywordMain.runKeyword(WebUIKeywordMain.groovy:26)
	at com.kms.katalon.core.webui.keyword.builtin.ClickKeyword.click(ClickKeyword.groovy:74)
	at com.kms.katalon.core.webui.keyword.builtin.ClickKeyword.execute(ClickKeyword.groovy:40)
	at com.kms.katalon.core.keyword.internal.KeywordExecutor.executeKeywordForPlatform(KeywordExecutor.groovy:74)
	at com.kms.katalon.core.webui.keyword.WebUiBuiltInKeywords.click(WebUiBuiltInKeywords.groovy:620)
	at com.kms.katalon.core.webui.keyword.WebUiBuiltInKeywords$click$1.call(Unknown Source)
	at Admin create event on a course.run(Admin create event on a course:52)
	at com.kms.katalon.core.main.ScriptEngine.run(ScriptEngine.java:194)
	at com.kms.katalon.core.main.ScriptEngine.runScriptAsRawText(ScriptEngine.java:119)
	at com.kms.katalon.core.main.TestCaseExecutor.runScript(TestCaseExecutor.java:442)
	at com.kms.katalon.core.main.TestCaseExecutor.doExecute(TestCaseExecutor.java:433)
	at com.kms.katalon.core.main.TestCaseExecutor.processExecutionPhase(TestCaseExecutor.java:412)
	at com.kms.katalon.core.main.TestCaseExecutor.accessMainPhase(TestCaseExecutor.java:404)
	at com.kms.katalon.core.main.TestCaseExecutor.execute(TestCaseExecutor.java:281)
	at com.kms.katalon.core.main.TestSuiteExecutor.accessTestCaseMainPhase(TestSuiteExecutor.java:202)
	at com.kms.katalon.core.main.TestSuiteExecutor.accessTestSuiteMainPhase(TestSuiteExecutor.java:164)
	at com.kms.katalon.core.main.TestSuiteExecutor.execute(TestSuiteExecutor.java:105)
	at com.kms.katalon.core.main.TestCaseMain.startTestSuite(TestCaseMain.java:181)
	at com.kms.katalon.core.main.TestCaseMain$startTestSuite$0.call(Unknown Source)
	at TempTestSuite1642136404214.run(TempTestSuite1642136404214.groovy:36)
Caused by: org.openqa.selenium.ElementNotInteractableException: element not interactable
  (Session info: MicrosoftEdge=97.0.1072.55)
Build info: version: '3.141.59', revision: 'e82be7d358', time: '2018-11-14T08:25:53'
System info: host: 'DESKTOP-8IHK86T', ip: '192.168.1.173', os.name: 'Windows 10', os.arch: 'amd64', os.version: '10.0', java.version: '1.8.0_282'
Driver info: com.kms.katalon.selenium.driver.CEdgeDriver
Capabilities {acceptInsecureCerts: false, browserName: msedge, browserVersion: 97.0.1072.55, javascriptEnabled: true, ms:edgeOptions: {debuggerAddress: localhost:59425}, msedge: {msedgedriverVersion: 97.0.1072.55 (ce3bf33648805..., userDataDir: C:\Users\THANHD~1\AppData\L...}, networkConnectionEnabled: false, pageLoadStrategy: normal, platform: WINDOWS, platformName: WINDOWS, proxy: Proxy(), setWindowRect: true, strictFileInteractability: false, timeouts: {implicit: 0, pageLoad: 300000, script: 30000}, unhandledPromptBehavior: dismiss and notify, webauthn:extension:credBlob: true, webauthn:extension:largeBlob: true, webauthn:virtualAuthenticators: true}
Session ID: cb42c7c4f59fa8c50b44acc840a5c773
	at org.openqa.selenium.remote.http.W3CHttpResponseCodec.createException(W3CHttpResponseCodec.java:187)
	at org.openqa.selenium.remote.http.W3CHttpResponseCodec.decode(W3CHttpResponseCodec.java:122)
	at org.openqa.selenium.remote.http.W3CHttpResponseCodec.decode(W3CHttpResponseCodec.java:49)
	at org.openqa.selenium.remote.HttpCommandExecutor.execute(HttpCommandExecutor.java:158)
	at org.openqa.selenium.remote.service.DriverCommandExecutor.execute(DriverCommandExecutor.java:83)
	at org.openqa.selenium.remote.RemoteWebDriver.execute(RemoteWebDriver.java:552)
	at com.kms.katalon.selenium.driver.CEdgeDriver.execute(CEdgeDriver.java:20)
	at org.openqa.selenium.remote.RemoteWebElement.execute(RemoteWebElement.java:285)
	at org.openqa.selenium.remote.RemoteWebElement.click(RemoteWebElement.java:84)
	at org.openqa.selenium.support.events.EventFiringWebDriver$EventFiringWebElement.lambda$new$0(EventFiringWebDriver.java:404)
	at com.sun.proxy.$Proxy11.click(Unknown Source)
	at org.openqa.selenium.support.events.EventFiringWebDriver$EventFiringWebElement.click(EventFiringWebDriver.java:417)
	at org.openqa.selenium.WebElement$click.call(Unknown Source)
	at com.kms.katalon.core.webui.keyword.builtin.ClickKeyword.clickUntilSuccessWithTimeout(ClickKeyword.groovy:81)
	at com.kms.katalon.core.webui.keyword.builtin.ClickKeyword.clickUntilSuccessWithTimeout(ClickKeyword.groovy)
	at com.kms.katalon.core.webui.keyword.builtin.ClickKeyword$_click_closure1.doCall(ClickKeyword.groovy:67)
	at com.kms.katalon.core.webui.keyword.builtin.ClickKeyword$_click_closure1.call(ClickKeyword.groovy)
	at com.kms.katalon.core.webui.keyword.internal.WebUIKeywordMain.runKeyword(WebUIKeywordMain.groovy:20)
	... 19 more


2022-01-14 12:06:50 - [TEST_STEP][PASSED] - callTestCase(findTestCase("Login as admin"), [:], STOP_ON_FAILURE): Call Test Case 'Test Cases/Login as admin' successfully

2022-01-14 12:06:50 - [TEST_CASE][PASSED] - Test Cases/Login as admin: Test Cases/Login as admin

2022-01-14 12:06:50 - [TEST_STEP][PASSED] - openBrowser(""): Browser is opened with url: ''

2022-01-14 12:06:50 - [MESSAGE][WARNING] - A browser is already opened. Closing browser and opening a new one

2022-01-14 12:06:51 - [MESSAGE][INFO] - Starting 'Edge Chromium' driver

2022-01-14 12:06:51 - [MESSAGE][INFO] - Action delay is set to 0 milliseconds

2022-01-14 12:06:52 - [MESSAGE][PASSED] - Browser is opened with url: ''

2022-01-14 12:06:52 - [TEST_STEP][PASSED] - navigateToUrl("http://localhost/"): Navigate to 'http://localhost/' successfully

2022-01-14 12:06:53 - [MESSAGE][PASSED] - Navigate to 'http://localhost/' successfully

2022-01-14 12:06:53 - [TEST_STEP][PASSED] - click(findTestObject("Object Repository/Page_My Moodle/a_Log in")): Object: 'Object Repository/Page_My Moodle/a_Log in' is clicked on

2022-01-14 12:06:54 - [MESSAGE][PASSED] - Object: 'Object Repository/Page_My Moodle/a_Log in' is clicked on

2022-01-14 12:06:54 - [TEST_STEP][PASSED] - setText(findTestObject("Object Repository/Page_My Moodle Log in to the site/input_Username_username"), "admin"): Text 'admin' is set on object 'Object Repository/Page_My Moodle Log in to the site/input_Username_username'

2022-01-14 12:06:55 - [MESSAGE][PASSED] - Text 'admin' is set on object 'Object Repository/Page_My Moodle Log in to the site/input_Username_username'

2022-01-14 12:06:55 - [TEST_STEP][PASSED] - setEncryptedText(findTestObject("Object Repository/Page_My Moodle Log in to the site/input_Password_password"), "7Dxoto1EjKfQbGop/Ov+1g=="): Text ****** has been set on object 'Object Repository/Page_My Moodle Log in to the site/input_Password_password'

2022-01-14 12:06:55 - [MESSAGE][PASSED] - Text ****** has been set on object 'Object Repository/Page_My Moodle Log in to the site/input_Password_password'

2022-01-14 12:06:55 - [TEST_STEP][PASSED] - click(findTestObject("Object Repository/Page_My Moodle Log in to the site/button_Log in")): Object: 'Object Repository/Page_My Moodle Log in to the site/button_Log in' is clicked on

2022-01-14 12:06:56 - [MESSAGE][PASSED] - Object: 'Object Repository/Page_My Moodle Log in to the site/button_Log in' is clicked on

2022-01-14 12:06:56 - [MESSAGE][PASSED] - Call Test Case 'Test Cases/Login as admin' successfully

2022-01-14 12:06:56 - [TEST_STEP][PASSED] - click(findTestObject("Object Repository/Page_Dashboard/a_Site home")): Object: 'Object Repository/Page_Dashboard/a_Site home' is clicked on

2022-01-14 12:06:58 - [MESSAGE][PASSED] - Object: 'Object Repository/Page_Dashboard/a_Site home' is clicked on

2022-01-14 12:06:58 - [TEST_STEP][PASSED] - navigateToUrl("http://localhost/?redirect=0"): Navigate to 'http://localhost/?redirect=0' successfully

2022-01-14 12:06:58 - [MESSAGE][PASSED] - Navigate to 'http://localhost/?redirect=0' successfully

2022-01-14 12:06:58 - [TEST_STEP][PASSED] - click(findTestObject("Object Repository/Page_My Moodle/a_Phn tch v qun l yu cu phn mm")): Object: 'Object Repository/Page_My Moodle/a_Phn tch v qun l yu cu phn mm' is clicked on

2022-01-14 12:06:59 - [MESSAGE][PASSED] - Object: 'Object Repository/Page_My Moodle/a_Phn tch v qun l yu cu phn mm' is clicked on

2022-01-14 12:06:59 - [TEST_STEP][PASSED] - click(findTestObject("Object Repository/Page_Course Phn tch v qun l yu cu phn mm/a_Calendar")): Object: 'Object Repository/Page_Course Phn tch v qun l yu cu phn mm/a_Calendar' is clicked on

2022-01-14 12:07:00 - [MESSAGE][PASSED] - Object: 'Object Repository/Page_Course Phn tch v qun l yu cu phn mm/a_Calendar' is clicked on

2022-01-14 12:07:00 - [TEST_STEP][PASSED] - click(findTestObject("Object Repository/Page_CSC13005 Calendar Detailed month view _53704a/button_New event")): Object: 'Object Repository/Page_CSC13005 Calendar Detailed month view _53704a/button_New event' is clicked on

2022-01-14 12:07:01 - [MESSAGE][PASSED] - Object: 'Object Repository/Page_CSC13005 Calendar Detailed month view _53704a/button_New event' is clicked on

2022-01-14 12:07:01 - [TEST_STEP][PASSED] - setText(findTestObject("Page_CSC13005 Calendar Detailed month view _53704a/input_Event title_name"), "Các bạn sẽ thi vào ngày 20/02/2022"): Text 'Các bạn sẽ thi vào ngày 20/02/2022' is set on object 'Object Repository/Page_CSC13005 Calendar Detailed month view _53704a/input_Event title_name'

2022-01-14 12:07:03 - [MESSAGE][PASSED] - Text 'Các bạn sẽ thi vào ngày 20/02/2022' is set on object 'Object Repository/Page_CSC13005 Calendar Detailed month view _53704a/input_Event title_name'

2022-01-14 12:07:03 - [TEST_STEP][PASSED] - selectOptionByValue(findTestObject("Object Repository/Page_CSC13005 Calendar Detailed month view _53704a/select_1        2        3        4        _45ea30"), "20", true): All options with value '20' are selected in object 'Object Repository/Page_CSC13005 Calendar Detailed month view _53704a/select_1        2        3        4        _45ea30'  using regular expression

2022-01-14 12:07:05 - [MESSAGE][PASSED] - All options with value '20' are selected in object 'Object Repository/Page_CSC13005 Calendar Detailed month view _53704a/select_1        2        3        4        _45ea30'  using regular expression

2022-01-14 12:07:05 - [TEST_STEP][PASSED] - selectOptionByValue(findTestObject("Object Repository/Page_CSC13005 Calendar Detailed month view _53704a/select_January        February        March_78ea2e"), "2", true): All options with value '2' are selected in object 'Object Repository/Page_CSC13005 Calendar Detailed month view _53704a/select_January        February        March_78ea2e'  using regular expression

2022-01-14 12:07:06 - [MESSAGE][PASSED] - All options with value '2' are selected in object 'Object Repository/Page_CSC13005 Calendar Detailed month view _53704a/select_January        February        March_78ea2e'  using regular expression

2022-01-14 12:07:06 - [TEST_STEP][PASSED] - selectOptionByValue(findTestObject("Object Repository/Page_CSC13005 Calendar Detailed month view _53704a/select_00        01        02        03    _f6e37b"), "7", true): All options with value '7' are selected in object 'Object Repository/Page_CSC13005 Calendar Detailed month view _53704a/select_00        01        02        03    _f6e37b'  using regular expression

2022-01-14 12:07:07 - [MESSAGE][PASSED] - All options with value '7' are selected in object 'Object Repository/Page_CSC13005 Calendar Detailed month view _53704a/select_00        01        02        03    _f6e37b'  using regular expression

2022-01-14 12:07:07 - [TEST_STEP][PASSED] - selectOptionByValue(findTestObject("Object Repository/Page_CSC13005 Calendar Detailed month view _53704a/select_00        01        02        03    _f6e37b_1"), "0", true): All options with value '0' are selected in object 'Object Repository/Page_CSC13005 Calendar Detailed month view _53704a/select_00        01        02        03    _f6e37b_1'  using regular expression

2022-01-14 12:07:09 - [MESSAGE][PASSED] - All options with value '0' are selected in object 'Object Repository/Page_CSC13005 Calendar Detailed month view _53704a/select_00        01        02        03    _f6e37b_1'  using regular expression

2022-01-14 12:07:09 - [TEST_STEP][PASSED] - click(findTestObject("Object Repository/Page_CSC13005 Calendar Detailed month view _53704a/button_Save")): Object: 'Object Repository/Page_CSC13005 Calendar Detailed month view _53704a/button_Save' is clicked on

2022-01-14 12:07:10 - [MESSAGE][PASSED] - Object: 'Object Repository/Page_CSC13005 Calendar Detailed month view _53704a/button_Save' is clicked on

2022-01-14 12:07:10 - [TEST_STEP][PASSED] - closeBrowser(): Browser is closed

2022-01-14 12:07:11 - [MESSAGE][PASSED] - Browser is closed

2022-01-14 12:07:11 - [TEST_STEP][PASSED] - callTestCase(findTestCase("Login as user (student)"), [:], STOP_ON_FAILURE): Call Test Case 'Test Cases/Login as user (student)' successfully

2022-01-14 12:07:11 - [TEST_CASE][PASSED] - Test Cases/Login as user (student): Test Cases/Login as user (student)

2022-01-14 12:07:11 - [TEST_STEP][PASSED] - openBrowser(""): Browser is opened with url: ''

2022-01-14 12:07:11 - [MESSAGE][INFO] - Starting 'Edge Chromium' driver

2022-01-14 12:07:11 - [MESSAGE][INFO] - Action delay is set to 0 milliseconds

2022-01-14 12:07:13 - [MESSAGE][PASSED] - Browser is opened with url: ''

2022-01-14 12:07:13 - [TEST_STEP][PASSED] - maximizeWindow(): Current window maximized

2022-01-14 12:07:13 - [MESSAGE][PASSED] - Current window maximized

2022-01-14 12:07:13 - [TEST_STEP][PASSED] - navigateToUrl("http://localhost/"): Navigate to 'http://localhost/' successfully

2022-01-14 12:07:14 - [MESSAGE][PASSED] - Navigate to 'http://localhost/' successfully

2022-01-14 12:07:14 - [TEST_STEP][PASSED] - click(findTestObject("Object Repository/Page_My Moodle/a_Log in")): Object: 'Object Repository/Page_My Moodle/a_Log in' is clicked on

2022-01-14 12:07:14 - [MESSAGE][PASSED] - Object: 'Object Repository/Page_My Moodle/a_Log in' is clicked on

2022-01-14 12:07:14 - [TEST_STEP][PASSED] - setText(findTestObject("Object Repository/Page_My Moodle Log in to the site/input_Username_username"), "student"): Text 'student' is set on object 'Object Repository/Page_My Moodle Log in to the site/input_Username_username'

2022-01-14 12:07:15 - [MESSAGE][PASSED] - Text 'student' is set on object 'Object Repository/Page_My Moodle Log in to the site/input_Username_username'

2022-01-14 12:07:15 - [TEST_STEP][PASSED] - setEncryptedText(findTestObject("Object Repository/Page_My Moodle Log in to the site/input_Password_password"), "3t5OwH/+bwwlEvOXGw7/rg=="): Text ****** has been set on object 'Object Repository/Page_My Moodle Log in to the site/input_Password_password'

2022-01-14 12:07:16 - [MESSAGE][PASSED] - Text ****** has been set on object 'Object Repository/Page_My Moodle Log in to the site/input_Password_password'

2022-01-14 12:07:16 - [TEST_STEP][PASSED] - click(findTestObject("Object Repository/Page_My Moodle Log in to the site/button_Log in")): Object: 'Object Repository/Page_My Moodle Log in to the site/button_Log in' is clicked on

2022-01-14 12:07:17 - [MESSAGE][PASSED] - Object: 'Object Repository/Page_My Moodle Log in to the site/button_Log in' is clicked on

2022-01-14 12:07:17 - [MESSAGE][PASSED] - Call Test Case 'Test Cases/Login as user (student)' successfully

2022-01-14 12:07:17 - [TEST_STEP][FAILED] - click(findTestObject("Object Repository/Page_Dashboard/a_Go to calendar")): Unable to click on object 'Object Repository/Page_Dashboard/a_Go to calendar' (Root cause: com.kms.katalon.core.exception.StepFailedException: Unable to click on object 'Object Repository/Page_Dashboard/a_Go to calendar'
	at com.kms.katalon.core.webui.keyword.internal.WebUIKeywordMain.stepFailed(WebUIKeywordMain.groovy:64)
	at com.kms.katalon.core.webui.keyword.internal.WebUIKeywordMain.runKeyword(WebUIKeywordMain.groovy:26)
	at com.kms.katalon.core.webui.keyword.builtin.ClickKeyword.click(ClickKeyword.groovy:74)
	at com.kms.katalon.core.webui.keyword.builtin.ClickKeyword.execute(ClickKeyword.groovy:40)
	at com.kms.katalon.core.keyword.internal.KeywordExecutor.executeKeywordForPlatform(KeywordExecutor.groovy:74)
	at com.kms.katalon.core.webui.keyword.WebUiBuiltInKeywords.click(WebUiBuiltInKeywords.groovy:620)
	at com.kms.katalon.core.webui.keyword.WebUiBuiltInKeywords$click$1.call(Unknown Source)
	at Admin create event on a course.run(Admin create event on a course:52)
	at com.kms.katalon.core.main.ScriptEngine.run(ScriptEngine.java:194)
	at com.kms.katalon.core.main.ScriptEngine.runScriptAsRawText(ScriptEngine.java:119)
	at com.kms.katalon.core.main.TestCaseExecutor.runScript(TestCaseExecutor.java:442)
	at com.kms.katalon.core.main.TestCaseExecutor.doExecute(TestCaseExecutor.java:433)
	at com.kms.katalon.core.main.TestCaseExecutor.processExecutionPhase(TestCaseExecutor.java:412)
	at com.kms.katalon.core.main.TestCaseExecutor.accessMainPhase(TestCaseExecutor.java:404)
	at com.kms.katalon.core.main.TestCaseExecutor.execute(TestCaseExecutor.java:281)
	at com.kms.katalon.core.main.TestSuiteExecutor.accessTestCaseMainPhase(TestSuiteExecutor.java:202)
	at com.kms.katalon.core.main.TestSuiteExecutor.accessTestSuiteMainPhase(TestSuiteExecutor.java:164)
	at com.kms.katalon.core.main.TestSuiteExecutor.execute(TestSuiteExecutor.java:105)
	at com.kms.katalon.core.main.TestCaseMain.startTestSuite(TestCaseMain.java:181)
	at com.kms.katalon.core.main.TestCaseMain$startTestSuite$0.call(Unknown Source)
	at TempTestSuite1642136404214.run(TempTestSuite1642136404214.groovy:36)
Caused by: org.openqa.selenium.ElementNotInteractableException: element not interactable
  (Session info: MicrosoftEdge=97.0.1072.55)
Build info: version: '3.141.59', revision: 'e82be7d358', time: '2018-11-14T08:25:53'
System info: host: 'DESKTOP-8IHK86T', ip: '192.168.1.173', os.name: 'Windows 10', os.arch: 'amd64', os.version: '10.0', java.version: '1.8.0_282'
Driver info: com.kms.katalon.selenium.driver.CEdgeDriver
Capabilities {acceptInsecureCerts: false, browserName: msedge, browserVersion: 97.0.1072.55, javascriptEnabled: true, ms:edgeOptions: {debuggerAddress: localhost:59425}, msedge: {msedgedriverVersion: 97.0.1072.55 (ce3bf33648805..., userDataDir: C:\Users\THANHD~1\AppData\L...}, networkConnectionEnabled: false, pageLoadStrategy: normal, platform: WINDOWS, platformName: WINDOWS, proxy: Proxy(), setWindowRect: true, strictFileInteractability: false, timeouts: {implicit: 0, pageLoad: 300000, script: 30000}, unhandledPromptBehavior: dismiss and notify, webauthn:extension:credBlob: true, webauthn:extension:largeBlob: true, webauthn:virtualAuthenticators: true}
Session ID: cb42c7c4f59fa8c50b44acc840a5c773
	at org.openqa.selenium.remote.http.W3CHttpResponseCodec.createException(W3CHttpResponseCodec.java:187)
	at org.openqa.selenium.remote.http.W3CHttpResponseCodec.decode(W3CHttpResponseCodec.java:122)
	at org.openqa.selenium.remote.http.W3CHttpResponseCodec.decode(W3CHttpResponseCodec.java:49)
	at org.openqa.selenium.remote.HttpCommandExecutor.execute(HttpCommandExecutor.java:158)
	at org.openqa.selenium.remote.service.DriverCommandExecutor.execute(DriverCommandExecutor.java:83)
	at org.openqa.selenium.remote.RemoteWebDriver.execute(RemoteWebDriver.java:552)
	at com.kms.katalon.selenium.driver.CEdgeDriver.execute(CEdgeDriver.java:20)
	at org.openqa.selenium.remote.RemoteWebElement.execute(RemoteWebElement.java:285)
	at org.openqa.selenium.remote.RemoteWebElement.click(RemoteWebElement.java:84)
	at org.openqa.selenium.support.events.EventFiringWebDriver$EventFiringWebElement.lambda$new$0(EventFiringWebDriver.java:404)
	at com.sun.proxy.$Proxy11.click(Unknown Source)
	at org.openqa.selenium.support.events.EventFiringWebDriver$EventFiringWebElement.click(EventFiringWebDriver.java:417)
	at org.openqa.selenium.WebElement$click.call(Unknown Source)
	at com.kms.katalon.core.webui.keyword.builtin.ClickKeyword.clickUntilSuccessWithTimeout(ClickKeyword.groovy:81)
	at com.kms.katalon.core.webui.keyword.builtin.ClickKeyword.clickUntilSuccessWithTimeout(ClickKeyword.groovy)
	at com.kms.katalon.core.webui.keyword.builtin.ClickKeyword$_click_closure1.doCall(ClickKeyword.groovy:67)
	at com.kms.katalon.core.webui.keyword.builtin.ClickKeyword$_click_closure1.call(ClickKeyword.groovy)
	at com.kms.katalon.core.webui.keyword.internal.WebUIKeywordMain.runKeyword(WebUIKeywordMain.groovy:20)
	at com.kms.katalon.core.webui.keyword.builtin.ClickKeyword.click(ClickKeyword.groovy:74)
	at com.kms.katalon.core.webui.keyword.builtin.ClickKeyword.execute(ClickKeyword.groovy:40)
	at com.kms.katalon.core.keyword.internal.KeywordExecutor.executeKeywordForPlatform(KeywordExecutor.groovy:74)
	at com.kms.katalon.core.webui.keyword.WebUiBuiltInKeywords.click(WebUiBuiltInKeywords.groovy:620)
	at com.kms.katalon.core.webui.keyword.WebUiBuiltInKeywords$click$1.call(Unknown Source)
	at Script1641658593321.run(Script1641658593321.groovy:52)
	... 13 more
)

2022-01-14 12:07:18 - [MESSAGE][FAILED] - Unable to click on object 'Object Repository/Page_Dashboard/a_Go to calendar' (Root cause: com.kms.katalon.core.exception.StepFailedException: Unable to click on object 'Object Repository/Page_Dashboard/a_Go to calendar'
	at com.kms.katalon.core.webui.keyword.internal.WebUIKeywordMain.stepFailed(WebUIKeywordMain.groovy:64)
	at com.kms.katalon.core.webui.keyword.internal.WebUIKeywordMain.runKeyword(WebUIKeywordMain.groovy:26)
	at com.kms.katalon.core.webui.keyword.builtin.ClickKeyword.click(ClickKeyword.groovy:74)
	at com.kms.katalon.core.webui.keyword.builtin.ClickKeyword.execute(ClickKeyword.groovy:40)
	at com.kms.katalon.core.keyword.internal.KeywordExecutor.executeKeywordForPlatform(KeywordExecutor.groovy:74)
	at com.kms.katalon.core.webui.keyword.WebUiBuiltInKeywords.click(WebUiBuiltInKeywords.groovy:620)
	at com.kms.katalon.core.webui.keyword.WebUiBuiltInKeywords$click$1.call(Unknown Source)
	at Admin create event on a course.run(Admin create event on a course:52)
	at com.kms.katalon.core.main.ScriptEngine.run(ScriptEngine.java:194)
	at com.kms.katalon.core.main.ScriptEngine.runScriptAsRawText(ScriptEngine.java:119)
	at com.kms.katalon.core.main.TestCaseExecutor.runScript(TestCaseExecutor.java:442)
	at com.kms.katalon.core.main.TestCaseExecutor.doExecute(TestCaseExecutor.java:433)
	at com.kms.katalon.core.main.TestCaseExecutor.processExecutionPhase(TestCaseExecutor.java:412)
	at com.kms.katalon.core.main.TestCaseExecutor.accessMainPhase(TestCaseExecutor.java:404)
	at com.kms.katalon.core.main.TestCaseExecutor.execute(TestCaseExecutor.java:281)
	at com.kms.katalon.core.main.TestSuiteExecutor.accessTestCaseMainPhase(TestSuiteExecutor.java:202)
	at com.kms.katalon.core.main.TestSuiteExecutor.accessTestSuiteMainPhase(TestSuiteExecutor.java:164)
	at com.kms.katalon.core.main.TestSuiteExecutor.execute(TestSuiteExecutor.java:105)
	at com.kms.katalon.core.main.TestCaseMain.startTestSuite(TestCaseMain.java:181)
	at com.kms.katalon.core.main.TestCaseMain$startTestSuite$0.call(Unknown Source)
	at TempTestSuite1642136404214.run(TempTestSuite1642136404214.groovy:36)
Caused by: org.openqa.selenium.ElementNotInteractableException: element not interactable
  (Session info: MicrosoftEdge=97.0.1072.55)
Build info: version: '3.141.59', revision: 'e82be7d358', time: '2018-11-14T08:25:53'
System info: host: 'DESKTOP-8IHK86T', ip: '192.168.1.173', os.name: 'Windows 10', os.arch: 'amd64', os.version: '10.0', java.version: '1.8.0_282'
Driver info: com.kms.katalon.selenium.driver.CEdgeDriver
Capabilities {acceptInsecureCerts: false, browserName: msedge, browserVersion: 97.0.1072.55, javascriptEnabled: true, ms:edgeOptions: {debuggerAddress: localhost:59425}, msedge: {msedgedriverVersion: 97.0.1072.55 (ce3bf33648805..., userDataDir: C:\Users\THANHD~1\AppData\L...}, networkConnectionEnabled: false, pageLoadStrategy: normal, platform: WINDOWS, platformName: WINDOWS, proxy: Proxy(), setWindowRect: true, strictFileInteractability: false, timeouts: {implicit: 0, pageLoad: 300000, script: 30000}, unhandledPromptBehavior: dismiss and notify, webauthn:extension:credBlob: true, webauthn:extension:largeBlob: true, webauthn:virtualAuthenticators: true}
Session ID: cb42c7c4f59fa8c50b44acc840a5c773
	at org.openqa.selenium.remote.http.W3CHttpResponseCodec.createException(W3CHttpResponseCodec.java:187)
	at org.openqa.selenium.remote.http.W3CHttpResponseCodec.decode(W3CHttpResponseCodec.java:122)
	at org.openqa.selenium.remote.http.W3CHttpResponseCodec.decode(W3CHttpResponseCodec.java:49)
	at org.openqa.selenium.remote.HttpCommandExecutor.execute(HttpCommandExecutor.java:158)
	at org.openqa.selenium.remote.service.DriverCommandExecutor.execute(DriverCommandExecutor.java:83)
	at org.openqa.selenium.remote.RemoteWebDriver.execute(RemoteWebDriver.java:552)
	at com.kms.katalon.selenium.driver.CEdgeDriver.execute(CEdgeDriver.java:20)
	at org.openqa.selenium.remote.RemoteWebElement.execute(RemoteWebElement.java:285)
	at org.openqa.selenium.remote.RemoteWebElement.click(RemoteWebElement.java:84)
	at org.openqa.selenium.support.events.EventFiringWebDriver$EventFiringWebElement.lambda$new$0(EventFiringWebDriver.java:404)
	at com.sun.proxy.$Proxy11.click(Unknown Source)
	at org.openqa.selenium.support.events.EventFiringWebDriver$EventFiringWebElement.click(EventFiringWebDriver.java:417)
	at org.openqa.selenium.WebElement$click.call(Unknown Source)
	at com.kms.katalon.core.webui.keyword.builtin.ClickKeyword.clickUntilSuccessWithTimeout(ClickKeyword.groovy:81)
	at com.kms.katalon.core.webui.keyword.builtin.ClickKeyword.clickUntilSuccessWithTimeout(ClickKeyword.groovy)
	at com.kms.katalon.core.webui.keyword.builtin.ClickKeyword$_click_closure1.doCall(ClickKeyword.groovy:67)
	at com.kms.katalon.core.webui.keyword.builtin.ClickKeyword$_click_closure1.call(ClickKeyword.groovy)
	at com.kms.katalon.core.webui.keyword.internal.WebUIKeywordMain.runKeyword(WebUIKeywordMain.groovy:20)
	at com.kms.katalon.core.webui.keyword.builtin.ClickKeyword.click(ClickKeyword.groovy:74)
	at com.kms.katalon.core.webui.keyword.builtin.ClickKeyword.execute(ClickKeyword.groovy:40)
	at com.kms.katalon.core.keyword.internal.KeywordExecutor.executeKeywordForPlatform(KeywordExecutor.groovy:74)
	at com.kms.katalon.core.webui.keyword.WebUiBuiltInKeywords.click(WebUiBuiltInKeywords.groovy:620)
	at com.kms.katalon.core.webui.keyword.WebUiBuiltInKeywords$click$1.call(Unknown Source)
	at Script1641658593321.run(Script1641658593321.groovy:52)
	... 13 more
)
[[ATTACHMENT|D:\\Test-Automation---SE-Bonus\\Reports\\20220114_120004\\Run all test cases\\20220114_120004\\1642136838059.png]]]]></system-out>
         <system-err><![CDATA[2022-01-14 12:06:50 - [TEST_CASE][FAILED] - Test Cases/Admin create event on a course: Test Cases/Admin create event on a course FAILED.
Reason:
com.kms.katalon.core.exception.StepFailedException: Unable to click on object 'Object Repository/Page_Dashboard/a_Go to calendar'
	at com.kms.katalon.core.webui.keyword.internal.WebUIKeywordMain.stepFailed(WebUIKeywordMain.groovy:64)
	at com.kms.katalon.core.webui.keyword.internal.WebUIKeywordMain.runKeyword(WebUIKeywordMain.groovy:26)
	at com.kms.katalon.core.webui.keyword.builtin.ClickKeyword.click(ClickKeyword.groovy:74)
	at com.kms.katalon.core.webui.keyword.builtin.ClickKeyword.execute(ClickKeyword.groovy:40)
	at com.kms.katalon.core.keyword.internal.KeywordExecutor.executeKeywordForPlatform(KeywordExecutor.groovy:74)
	at com.kms.katalon.core.webui.keyword.WebUiBuiltInKeywords.click(WebUiBuiltInKeywords.groovy:620)
	at com.kms.katalon.core.webui.keyword.WebUiBuiltInKeywords$click$1.call(Unknown Source)
	at Admin create event on a course.run(Admin create event on a course:52)
	at com.kms.katalon.core.main.ScriptEngine.run(ScriptEngine.java:194)
	at com.kms.katalon.core.main.ScriptEngine.runScriptAsRawText(ScriptEngine.java:119)
	at com.kms.katalon.core.main.TestCaseExecutor.runScript(TestCaseExecutor.java:442)
	at com.kms.katalon.core.main.TestCaseExecutor.doExecute(TestCaseExecutor.java:433)
	at com.kms.katalon.core.main.TestCaseExecutor.processExecutionPhase(TestCaseExecutor.java:412)
	at com.kms.katalon.core.main.TestCaseExecutor.accessMainPhase(TestCaseExecutor.java:404)
	at com.kms.katalon.core.main.TestCaseExecutor.execute(TestCaseExecutor.java:281)
	at com.kms.katalon.core.main.TestSuiteExecutor.accessTestCaseMainPhase(TestSuiteExecutor.java:202)
	at com.kms.katalon.core.main.TestSuiteExecutor.accessTestSuiteMainPhase(TestSuiteExecutor.java:164)
	at com.kms.katalon.core.main.TestSuiteExecutor.execute(TestSuiteExecutor.java:105)
	at com.kms.katalon.core.main.TestCaseMain.startTestSuite(TestCaseMain.java:181)
	at com.kms.katalon.core.main.TestCaseMain$startTestSuite$0.call(Unknown Source)
	at TempTestSuite1642136404214.run(TempTestSuite1642136404214.groovy:36)
Caused by: org.openqa.selenium.ElementNotInteractableException: element not interactable
  (Session info: MicrosoftEdge=97.0.1072.55)
Build info: version: '3.141.59', revision: 'e82be7d358', time: '2018-11-14T08:25:53'
System info: host: 'DESKTOP-8IHK86T', ip: '192.168.1.173', os.name: 'Windows 10', os.arch: 'amd64', os.version: '10.0', java.version: '1.8.0_282'
Driver info: com.kms.katalon.selenium.driver.CEdgeDriver
Capabilities {acceptInsecureCerts: false, browserName: msedge, browserVersion: 97.0.1072.55, javascriptEnabled: true, ms:edgeOptions: {debuggerAddress: localhost:59425}, msedge: {msedgedriverVersion: 97.0.1072.55 (ce3bf33648805..., userDataDir: C:\Users\THANHD~1\AppData\L...}, networkConnectionEnabled: false, pageLoadStrategy: normal, platform: WINDOWS, platformName: WINDOWS, proxy: Proxy(), setWindowRect: true, strictFileInteractability: false, timeouts: {implicit: 0, pageLoad: 300000, script: 30000}, unhandledPromptBehavior: dismiss and notify, webauthn:extension:credBlob: true, webauthn:extension:largeBlob: true, webauthn:virtualAuthenticators: true}
Session ID: cb42c7c4f59fa8c50b44acc840a5c773
	at org.openqa.selenium.remote.http.W3CHttpResponseCodec.createException(W3CHttpResponseCodec.java:187)
	at org.openqa.selenium.remote.http.W3CHttpResponseCodec.decode(W3CHttpResponseCodec.java:122)
	at org.openqa.selenium.remote.http.W3CHttpResponseCodec.decode(W3CHttpResponseCodec.java:49)
	at org.openqa.selenium.remote.HttpCommandExecutor.execute(HttpCommandExecutor.java:158)
	at org.openqa.selenium.remote.service.DriverCommandExecutor.execute(DriverCommandExecutor.java:83)
	at org.openqa.selenium.remote.RemoteWebDriver.execute(RemoteWebDriver.java:552)
	at com.kms.katalon.selenium.driver.CEdgeDriver.execute(CEdgeDriver.java:20)
	at org.openqa.selenium.remote.RemoteWebElement.execute(RemoteWebElement.java:285)
	at org.openqa.selenium.remote.RemoteWebElement.click(RemoteWebElement.java:84)
	at org.openqa.selenium.support.events.EventFiringWebDriver$EventFiringWebElement.lambda$new$0(EventFiringWebDriver.java:404)
	at com.sun.proxy.$Proxy11.click(Unknown Source)
	at org.openqa.selenium.support.events.EventFiringWebDriver$EventFiringWebElement.click(EventFiringWebDriver.java:417)
	at org.openqa.selenium.WebElement$click.call(Unknown Source)
	at com.kms.katalon.core.webui.keyword.builtin.ClickKeyword.clickUntilSuccessWithTimeout(ClickKeyword.groovy:81)
	at com.kms.katalon.core.webui.keyword.builtin.ClickKeyword.clickUntilSuccessWithTimeout(ClickKeyword.groovy)
	at com.kms.katalon.core.webui.keyword.builtin.ClickKeyword$_click_closure1.doCall(ClickKeyword.groovy:67)
	at com.kms.katalon.core.webui.keyword.builtin.ClickKeyword$_click_closure1.call(ClickKeyword.groovy)
	at com.kms.katalon.core.webui.keyword.internal.WebUIKeywordMain.runKeyword(WebUIKeywordMain.groovy:20)
	... 19 more]]></system-err>
      </testcase>
      <testcase name="Test Cases/Admin assign course teacher" time="18.894" classname="Test Cases/Admin assign course teacher" status="PASSED">
         <system-out><![CDATA[2022-01-14 12:07:18 - [TEST_CASE][PASSED] - Test Cases/Admin assign course teacher: Test Cases/Admin assign course teacher

2022-01-14 12:07:18 - [TEST_STEP][PASSED] - callTestCase(findTestCase("Login as admin"), [:], STOP_ON_FAILURE): Call Test Case 'Test Cases/Login as admin' successfully

2022-01-14 12:07:18 - [TEST_CASE][PASSED] - Test Cases/Login as admin: Test Cases/Login as admin

2022-01-14 12:07:18 - [TEST_STEP][PASSED] - openBrowser(""): Browser is opened with url: ''

2022-01-14 12:07:18 - [MESSAGE][WARNING] - A browser is already opened. Closing browser and opening a new one

2022-01-14 12:07:19 - [MESSAGE][INFO] - Starting 'Edge Chromium' driver

2022-01-14 12:07:19 - [MESSAGE][INFO] - Action delay is set to 0 milliseconds

2022-01-14 12:07:20 - [MESSAGE][PASSED] - Browser is opened with url: ''

2022-01-14 12:07:20 - [TEST_STEP][PASSED] - navigateToUrl("http://localhost/"): Navigate to 'http://localhost/' successfully

2022-01-14 12:07:21 - [MESSAGE][PASSED] - Navigate to 'http://localhost/' successfully

2022-01-14 12:07:21 - [TEST_STEP][PASSED] - click(findTestObject("Object Repository/Page_My Moodle/a_Log in")): Object: 'Object Repository/Page_My Moodle/a_Log in' is clicked on

2022-01-14 12:07:21 - [MESSAGE][PASSED] - Object: 'Object Repository/Page_My Moodle/a_Log in' is clicked on

2022-01-14 12:07:21 - [TEST_STEP][PASSED] - setText(findTestObject("Object Repository/Page_My Moodle Log in to the site/input_Username_username"), "admin"): Text 'admin' is set on object 'Object Repository/Page_My Moodle Log in to the site/input_Username_username'

2022-01-14 12:07:22 - [MESSAGE][PASSED] - Text 'admin' is set on object 'Object Repository/Page_My Moodle Log in to the site/input_Username_username'

2022-01-14 12:07:22 - [TEST_STEP][PASSED] - setEncryptedText(findTestObject("Object Repository/Page_My Moodle Log in to the site/input_Password_password"), "7Dxoto1EjKfQbGop/Ov+1g=="): Text ****** has been set on object 'Object Repository/Page_My Moodle Log in to the site/input_Password_password'

2022-01-14 12:07:23 - [MESSAGE][PASSED] - Text ****** has been set on object 'Object Repository/Page_My Moodle Log in to the site/input_Password_password'

2022-01-14 12:07:23 - [TEST_STEP][PASSED] - click(findTestObject("Object Repository/Page_My Moodle Log in to the site/button_Log in")): Object: 'Object Repository/Page_My Moodle Log in to the site/button_Log in' is clicked on

2022-01-14 12:07:24 - [MESSAGE][PASSED] - Object: 'Object Repository/Page_My Moodle Log in to the site/button_Log in' is clicked on

2022-01-14 12:07:24 - [MESSAGE][PASSED] - Call Test Case 'Test Cases/Login as admin' successfully

2022-01-14 12:07:24 - [TEST_STEP][PASSED] - click(findTestObject("Object Repository/Page_Dashboard/a_Site home")): Object: 'Object Repository/Page_Dashboard/a_Site home' is clicked on

2022-01-14 12:07:25 - [MESSAGE][PASSED] - Object: 'Object Repository/Page_Dashboard/a_Site home' is clicked on

2022-01-14 12:07:25 - [TEST_STEP][PASSED] - navigateToUrl("http://localhost/?redirect=0"): Navigate to 'http://localhost/?redirect=0' successfully

2022-01-14 12:07:26 - [MESSAGE][PASSED] - Navigate to 'http://localhost/?redirect=0' successfully

2022-01-14 12:07:26 - [TEST_STEP][PASSED] - click(findTestObject("Object Repository/Page_My Moodle/a_Phn tch v qun l yu cu phn mm")): Object: 'Object Repository/Page_My Moodle/a_Phn tch v qun l yu cu phn mm' is clicked on

2022-01-14 12:07:26 - [MESSAGE][PASSED] - Object: 'Object Repository/Page_My Moodle/a_Phn tch v qun l yu cu phn mm' is clicked on

2022-01-14 12:07:26 - [TEST_STEP][PASSED] - click(findTestObject("Object Repository/Page_Course Phn tch v qun l yu cu phn mm/span_Participants")): Object: 'Object Repository/Page_Course Phn tch v qun l yu cu phn mm/span_Participants' is clicked on

2022-01-14 12:07:27 - [MESSAGE][PASSED] - Object: 'Object Repository/Page_Course Phn tch v qun l yu cu phn mm/span_Participants' is clicked on

2022-01-14 12:07:27 - [TEST_STEP][PASSED] - click(findTestObject("Object Repository/Page_CSC13005 Participants/input_Participants_btn btn-secondary my-1")): Object: 'Object Repository/Page_CSC13005 Participants/input_Participants_btn btn-secondary my-1' is clicked on

2022-01-14 12:07:28 - [MESSAGE][PASSED] - Object: 'Object Repository/Page_CSC13005 Participants/input_Participants_btn btn-secondary my-1' is clicked on

2022-01-14 12:07:28 - [TEST_STEP][PASSED] - setText(findTestObject("Object Repository/Page_CSC13005 Participants/input_No selection_form_autocomplete_input-_86ed1a"), "teacher"): Text 'teacher' is set on object 'Object Repository/Page_CSC13005 Participants/input_No selection_form_autocomplete_input-_86ed1a'

2022-01-14 12:07:30 - [MESSAGE][PASSED] - Text 'teacher' is set on object 'Object Repository/Page_CSC13005 Participants/input_No selection_form_autocomplete_input-_86ed1a'

2022-01-14 12:07:30 - [TEST_STEP][PASSED] - click(findTestObject("Object Repository/Page_CSC13005 Participants/span_Teacher Testing")): Object: 'Object Repository/Page_CSC13005 Participants/span_Teacher Testing' is clicked on

2022-01-14 12:07:31 - [MESSAGE][PASSED] - Object: 'Object Repository/Page_CSC13005 Participants/span_Teacher Testing' is clicked on

2022-01-14 12:07:31 - [TEST_STEP][PASSED] - selectOptionByValue(findTestObject("Object Repository/Page_CSC13005 Participants/select_Teacher One    t1example.com        _0fad96"), "7", true): All options with value '7' are selected in object 'Object Repository/Page_CSC13005 Participants/select_Teacher One    t1example.com        _0fad96'  using regular expression

2022-01-14 12:07:32 - [MESSAGE][PASSED] - All options with value '7' are selected in object 'Object Repository/Page_CSC13005 Participants/select_Teacher One    t1example.com        _0fad96'  using regular expression

2022-01-14 12:07:32 - [TEST_STEP][PASSED] - selectOptionByValue(findTestObject("Object Repository/Page_CSC13005 Participants/select_Teacher One    t1example.com        _0fad96"), "7", true): All options with value '7' are selected in object 'Object Repository/Page_CSC13005 Participants/select_Teacher One    t1example.com        _0fad96'  using regular expression

2022-01-14 12:07:33 - [MESSAGE][PASSED] - All options with value '7' are selected in object 'Object Repository/Page_CSC13005 Participants/select_Teacher One    t1example.com        _0fad96'  using regular expression

2022-01-14 12:07:33 - [TEST_STEP][PASSED] - click(findTestObject("Object Repository/Page_CSC13005 Participants/span_Teacher One")): Object: 'Object Repository/Page_CSC13005 Participants/span_Teacher One' is clicked on

2022-01-14 12:07:34 - [MESSAGE][PASSED] - Object: 'Object Repository/Page_CSC13005 Participants/span_Teacher One' is clicked on

2022-01-14 12:07:34 - [TEST_STEP][PASSED] - selectOptionByValue(findTestObject("Object Repository/Page_CSC13005 Participants/select_Teacher One    t1example.com        _0fad96"), "6", true): All options with value '6' are selected in object 'Object Repository/Page_CSC13005 Participants/select_Teacher One    t1example.com        _0fad96'  using regular expression

2022-01-14 12:07:35 - [MESSAGE][PASSED] - All options with value '6' are selected in object 'Object Repository/Page_CSC13005 Participants/select_Teacher One    t1example.com        _0fad96'  using regular expression

2022-01-14 12:07:35 - [TEST_STEP][PASSED] - selectOptionByValue(findTestObject("Object Repository/Page_CSC13005 Participants/select_Manager            Teacher          _ffc00f"), "3", true): All options with value '3' are selected in object 'Object Repository/Page_CSC13005 Participants/select_Manager            Teacher          _ffc00f'  using regular expression

2022-01-14 12:07:36 - [MESSAGE][PASSED] - All options with value '3' are selected in object 'Object Repository/Page_CSC13005 Participants/select_Manager            Teacher          _ffc00f'  using regular expression

2022-01-14 12:07:36 - [TEST_STEP][PASSED] - click(findTestObject("Object Repository/Page_CSC13005 Participants/button_Enrol users")): Object: 'Object Repository/Page_CSC13005 Participants/button_Enrol users' is clicked on

2022-01-14 12:07:37 - [MESSAGE][PASSED] - Object: 'Object Repository/Page_CSC13005 Participants/button_Enrol users' is clicked on]]></system-out>
         <system-err><![CDATA[]]></system-err>
      </testcase>
      <testcase name="Test Cases/Admin assign student to course" time="26.067" classname="Test Cases/Admin assign student to course" status="PASSED">
         <system-out><![CDATA[2022-01-14 12:07:37 - [TEST_CASE][PASSED] - Test Cases/Admin assign student to course: Test Cases/Admin assign student to course

2022-01-14 12:07:37 - [TEST_STEP][PASSED] - callTestCase(findTestCase("Login as admin"), [:], STOP_ON_FAILURE): Call Test Case 'Test Cases/Login as admin' successfully

2022-01-14 12:07:37 - [TEST_CASE][PASSED] - Test Cases/Login as admin: Test Cases/Login as admin

2022-01-14 12:07:37 - [TEST_STEP][PASSED] - openBrowser(""): Browser is opened with url: ''

2022-01-14 12:07:37 - [MESSAGE][WARNING] - A browser is already opened. Closing browser and opening a new one

2022-01-14 12:07:38 - [MESSAGE][INFO] - Starting 'Edge Chromium' driver

2022-01-14 12:07:38 - [MESSAGE][INFO] - Action delay is set to 0 milliseconds

2022-01-14 12:07:40 - [MESSAGE][PASSED] - Browser is opened with url: ''

2022-01-14 12:07:40 - [TEST_STEP][PASSED] - navigateToUrl("http://localhost/"): Navigate to 'http://localhost/' successfully

2022-01-14 12:07:40 - [MESSAGE][PASSED] - Navigate to 'http://localhost/' successfully

2022-01-14 12:07:40 - [TEST_STEP][PASSED] - click(findTestObject("Object Repository/Page_My Moodle/a_Log in")): Object: 'Object Repository/Page_My Moodle/a_Log in' is clicked on

2022-01-14 12:07:41 - [MESSAGE][PASSED] - Object: 'Object Repository/Page_My Moodle/a_Log in' is clicked on

2022-01-14 12:07:41 - [TEST_STEP][PASSED] - setText(findTestObject("Object Repository/Page_My Moodle Log in to the site/input_Username_username"), "admin"): Text 'admin' is set on object 'Object Repository/Page_My Moodle Log in to the site/input_Username_username'

2022-01-14 12:07:42 - [MESSAGE][PASSED] - Text 'admin' is set on object 'Object Repository/Page_My Moodle Log in to the site/input_Username_username'

2022-01-14 12:07:42 - [TEST_STEP][PASSED] - setEncryptedText(findTestObject("Object Repository/Page_My Moodle Log in to the site/input_Password_password"), "7Dxoto1EjKfQbGop/Ov+1g=="): Text ****** has been set on object 'Object Repository/Page_My Moodle Log in to the site/input_Password_password'

2022-01-14 12:07:42 - [MESSAGE][PASSED] - Text ****** has been set on object 'Object Repository/Page_My Moodle Log in to the site/input_Password_password'

2022-01-14 12:07:42 - [TEST_STEP][PASSED] - click(findTestObject("Object Repository/Page_My Moodle Log in to the site/button_Log in")): Object: 'Object Repository/Page_My Moodle Log in to the site/button_Log in' is clicked on

2022-01-14 12:07:43 - [MESSAGE][PASSED] - Object: 'Object Repository/Page_My Moodle Log in to the site/button_Log in' is clicked on

2022-01-14 12:07:43 - [MESSAGE][PASSED] - Call Test Case 'Test Cases/Login as admin' successfully

2022-01-14 12:07:43 - [TEST_STEP][PASSED] - click(findTestObject("Object Repository/Page_Dashboard/span_Site home")): Object: 'Object Repository/Page_Dashboard/span_Site home' is clicked on

2022-01-14 12:07:45 - [MESSAGE][PASSED] - Object: 'Object Repository/Page_Dashboard/span_Site home' is clicked on

2022-01-14 12:07:45 - [TEST_STEP][PASSED] - navigateToUrl("http://localhost/?redirect=0"): Navigate to 'http://localhost/?redirect=0' successfully

2022-01-14 12:07:45 - [MESSAGE][PASSED] - Navigate to 'http://localhost/?redirect=0' successfully

2022-01-14 12:07:45 - [TEST_STEP][PASSED] - click(findTestObject("Object Repository/Page_My Moodle/a_Phn tch v qun l yu cu phn mm")): Object: 'Object Repository/Page_My Moodle/a_Phn tch v qun l yu cu phn mm' is clicked on

2022-01-14 12:07:46 - [MESSAGE][PASSED] - Object: 'Object Repository/Page_My Moodle/a_Phn tch v qun l yu cu phn mm' is clicked on

2022-01-14 12:07:46 - [TEST_STEP][PASSED] - click(findTestObject("Object Repository/Page_Course Phn tch v qun l yu cu phn mm/span_Participants")): Object: 'Object Repository/Page_Course Phn tch v qun l yu cu phn mm/span_Participants' is clicked on

2022-01-14 12:07:47 - [MESSAGE][PASSED] - Object: 'Object Repository/Page_Course Phn tch v qun l yu cu phn mm/span_Participants' is clicked on

2022-01-14 12:07:47 - [TEST_STEP][PASSED] - click(findTestObject("Object Repository/Page_CSC13005 Participants/input_Participants_yui_3_17_2_1_1641633890081_20")): Object: 'Object Repository/Page_CSC13005 Participants/input_Participants_yui_3_17_2_1_1641633890081_20' is clicked on

2022-01-14 12:07:47 - [MESSAGE][PASSED] - Object: 'Object Repository/Page_CSC13005 Participants/input_Participants_yui_3_17_2_1_1641633890081_20' is clicked on

2022-01-14 12:07:47 - [TEST_STEP][PASSED] - setText(findTestObject("Object Repository/Page_CSC13005 Participants/input_No selection_form_autocomplete_input-_2ce59e"), "student"): Text 'student' is set on object 'Object Repository/Page_CSC13005 Participants/input_No selection_form_autocomplete_input-_2ce59e'

2022-01-14 12:07:49 - [MESSAGE][PASSED] - Text 'student' is set on object 'Object Repository/Page_CSC13005 Participants/input_No selection_form_autocomplete_input-_2ce59e'

2022-01-14 12:07:49 - [TEST_STEP][PASSED] - click(findTestObject("Object Repository/Page_CSC13005 Participants/li_Student Testing    student.testingmail.com")): Object: 'Object Repository/Page_CSC13005 Participants/li_Student Testing    student.testingmail.com' is clicked on

2022-01-14 12:07:51 - [MESSAGE][PASSED] - Object: 'Object Repository/Page_CSC13005 Participants/li_Student Testing    student.testingmail.com' is clicked on

2022-01-14 12:07:51 - [TEST_STEP][PASSED] - selectOptionByValue(findTestObject("Object Repository/Page_CSC13005 Participants/select_Student One    s1example.com        _958eb3"), "8", true): All options with value '8' are selected in object 'Object Repository/Page_CSC13005 Participants/select_Student One    s1example.com        _958eb3'  using regular expression

2022-01-14 12:07:52 - [MESSAGE][PASSED] - All options with value '8' are selected in object 'Object Repository/Page_CSC13005 Participants/select_Student One    s1example.com        _958eb3'  using regular expression

2022-01-14 12:07:52 - [TEST_STEP][PASSED] - selectOptionByValue(findTestObject("Object Repository/Page_CSC13005 Participants/select_Student One    s1example.com        _958eb3"), "8", true): All options with value '8' are selected in object 'Object Repository/Page_CSC13005 Participants/select_Student One    s1example.com        _958eb3'  using regular expression

2022-01-14 12:07:53 - [MESSAGE][PASSED] - All options with value '8' are selected in object 'Object Repository/Page_CSC13005 Participants/select_Student One    s1example.com        _958eb3'  using regular expression

2022-01-14 12:07:53 - [TEST_STEP][PASSED] - selectOptionByValue(findTestObject("Object Repository/Page_CSC13005 Participants/select_Student One    s1example.com        _958eb3"), "8", true): All options with value '8' are selected in object 'Object Repository/Page_CSC13005 Participants/select_Student One    s1example.com        _958eb3'  using regular expression

2022-01-14 12:07:54 - [MESSAGE][PASSED] - All options with value '8' are selected in object 'Object Repository/Page_CSC13005 Participants/select_Student One    s1example.com        _958eb3'  using regular expression

2022-01-14 12:07:54 - [TEST_STEP][PASSED] - click(findTestObject("Object Repository/Page_CSC13005 Participants/li_Student One    s1example.com")): Object: 'Object Repository/Page_CSC13005 Participants/li_Student One    s1example.com' is clicked on

2022-01-14 12:07:54 - [MESSAGE][PASSED] - Object: 'Object Repository/Page_CSC13005 Participants/li_Student One    s1example.com' is clicked on

2022-01-14 12:07:54 - [TEST_STEP][PASSED] - selectOptionByValue(findTestObject("Object Repository/Page_CSC13005 Participants/select_Student One    s1example.com        _958eb3"), "4", true): All options with value '4' are selected in object 'Object Repository/Page_CSC13005 Participants/select_Student One    s1example.com        _958eb3'  using regular expression

2022-01-14 12:07:56 - [MESSAGE][PASSED] - All options with value '4' are selected in object 'Object Repository/Page_CSC13005 Participants/select_Student One    s1example.com        _958eb3'  using regular expression

2022-01-14 12:07:56 - [TEST_STEP][PASSED] - click(findTestObject("Object Repository/Page_CSC13005 Participants/li_Student Two    s2example.com")): Object: 'Object Repository/Page_CSC13005 Participants/li_Student Two    s2example.com' is clicked on

2022-01-14 12:07:56 - [MESSAGE][PASSED] - Object: 'Object Repository/Page_CSC13005 Participants/li_Student Two    s2example.com' is clicked on

2022-01-14 12:07:56 - [TEST_STEP][PASSED] - selectOptionByValue(findTestObject("Object Repository/Page_CSC13005 Participants/select_Student One    s1example.com        _958eb3"), "5", true): All options with value '5' are selected in object 'Object Repository/Page_CSC13005 Participants/select_Student One    s1example.com        _958eb3'  using regular expression

2022-01-14 12:07:58 - [MESSAGE][PASSED] - All options with value '5' are selected in object 'Object Repository/Page_CSC13005 Participants/select_Student One    s1example.com        _958eb3'  using regular expression

2022-01-14 12:07:58 - [TEST_STEP][PASSED] - click(findTestObject("Object Repository/Page_CSC13005 Participants/button_Enrol users")): Object: 'Object Repository/Page_CSC13005 Participants/button_Enrol users' is clicked on

2022-01-14 12:07:58 - [MESSAGE][PASSED] - Object: 'Object Repository/Page_CSC13005 Participants/button_Enrol users' is clicked on

2022-01-14 12:07:58 - [TEST_STEP][PASSED] - click(findTestObject("Object Repository/Page_CSC13005 Participants/a_Admin Team")): Object: 'Object Repository/Page_CSC13005 Participants/a_Admin Team' is clicked on

2022-01-14 12:07:59 - [MESSAGE][PASSED] - Object: 'Object Repository/Page_CSC13005 Participants/a_Admin Team' is clicked on

2022-01-14 12:07:59 - [TEST_STEP][PASSED] - click(findTestObject("Object Repository/Page_CSC13005 Participants/span_Log out")): Object: 'Object Repository/Page_CSC13005 Participants/span_Log out' is clicked on

2022-01-14 12:08:00 - [MESSAGE][PASSED] - Object: 'Object Repository/Page_CSC13005 Participants/span_Log out' is clicked on

2022-01-14 12:08:00 - [TEST_STEP][PASSED] - click(findTestObject("Object Repository/Page_My Moodle/a_Phn tch v qun l yu cu phn mm")): Object: 'Object Repository/Page_My Moodle/a_Phn tch v qun l yu cu phn mm' is clicked on

2022-01-14 12:08:00 - [MESSAGE][PASSED] - Object: 'Object Repository/Page_My Moodle/a_Phn tch v qun l yu cu phn mm' is clicked on

2022-01-14 12:08:00 - [TEST_STEP][PASSED] - setText(findTestObject("Object Repository/Page_My Moodle Log in to the site/input_Username_username"), "student"): Text 'student' is set on object 'Object Repository/Page_My Moodle Log in to the site/input_Username_username'

2022-01-14 12:08:01 - [MESSAGE][PASSED] - Text 'student' is set on object 'Object Repository/Page_My Moodle Log in to the site/input_Username_username'

2022-01-14 12:08:01 - [TEST_STEP][PASSED] - setEncryptedText(findTestObject("Object Repository/Page_My Moodle Log in to the site/input_Password_password"), "3t5OwH/+bwwlEvOXGw7/rg=="): Text ****** has been set on object 'Object Repository/Page_My Moodle Log in to the site/input_Password_password'

2022-01-14 12:08:02 - [MESSAGE][PASSED] - Text ****** has been set on object 'Object Repository/Page_My Moodle Log in to the site/input_Password_password'

2022-01-14 12:08:02 - [TEST_STEP][PASSED] - click(findTestObject("Object Repository/Page_My Moodle Log in to the site/button_Log in")): Object: 'Object Repository/Page_My Moodle Log in to the site/button_Log in' is clicked on

2022-01-14 12:08:03 - [MESSAGE][PASSED] - Object: 'Object Repository/Page_My Moodle Log in to the site/button_Log in' is clicked on]]></system-out>
         <system-err><![CDATA[]]></system-err>
      </testcase>
      <testcase name="Test Cases/Admin view grade of course" time="10.461" classname="Test Cases/Admin view grade of course" status="PASSED">
         <system-out><![CDATA[2022-01-14 12:08:03 - [TEST_CASE][PASSED] - Test Cases/Admin view grade of course: Test Cases/Admin view grade of course

2022-01-14 12:08:03 - [TEST_STEP][PASSED] - callTestCase(findTestCase("Login as admin"), [:], STOP_ON_FAILURE): Call Test Case 'Test Cases/Login as admin' successfully

2022-01-14 12:08:03 - [TEST_CASE][PASSED] - Test Cases/Login as admin: Test Cases/Login as admin

2022-01-14 12:08:03 - [TEST_STEP][PASSED] - openBrowser(""): Browser is opened with url: ''

2022-01-14 12:08:03 - [MESSAGE][WARNING] - A browser is already opened. Closing browser and opening a new one

2022-01-14 12:08:04 - [MESSAGE][INFO] - Starting 'Edge Chromium' driver

2022-01-14 12:08:04 - [MESSAGE][INFO] - Action delay is set to 0 milliseconds

2022-01-14 12:08:06 - [MESSAGE][PASSED] - Browser is opened with url: ''

2022-01-14 12:08:06 - [TEST_STEP][PASSED] - navigateToUrl("http://localhost/"): Navigate to 'http://localhost/' successfully

2022-01-14 12:08:06 - [MESSAGE][PASSED] - Navigate to 'http://localhost/' successfully

2022-01-14 12:08:06 - [TEST_STEP][PASSED] - click(findTestObject("Object Repository/Page_My Moodle/a_Log in")): Object: 'Object Repository/Page_My Moodle/a_Log in' is clicked on

2022-01-14 12:08:07 - [MESSAGE][PASSED] - Object: 'Object Repository/Page_My Moodle/a_Log in' is clicked on

2022-01-14 12:08:07 - [TEST_STEP][PASSED] - setText(findTestObject("Object Repository/Page_My Moodle Log in to the site/input_Username_username"), "admin"): Text 'admin' is set on object 'Object Repository/Page_My Moodle Log in to the site/input_Username_username'

2022-01-14 12:08:08 - [MESSAGE][PASSED] - Text 'admin' is set on object 'Object Repository/Page_My Moodle Log in to the site/input_Username_username'

2022-01-14 12:08:08 - [TEST_STEP][PASSED] - setEncryptedText(findTestObject("Object Repository/Page_My Moodle Log in to the site/input_Password_password"), "7Dxoto1EjKfQbGop/Ov+1g=="): Text ****** has been set on object 'Object Repository/Page_My Moodle Log in to the site/input_Password_password'

2022-01-14 12:08:08 - [MESSAGE][PASSED] - Text ****** has been set on object 'Object Repository/Page_My Moodle Log in to the site/input_Password_password'

2022-01-14 12:08:08 - [TEST_STEP][PASSED] - click(findTestObject("Object Repository/Page_My Moodle Log in to the site/button_Log in")): Object: 'Object Repository/Page_My Moodle Log in to the site/button_Log in' is clicked on

2022-01-14 12:08:09 - [MESSAGE][PASSED] - Object: 'Object Repository/Page_My Moodle Log in to the site/button_Log in' is clicked on

2022-01-14 12:08:09 - [MESSAGE][PASSED] - Call Test Case 'Test Cases/Login as admin' successfully

2022-01-14 12:08:09 - [TEST_STEP][PASSED] - click(findTestObject("Object Repository/Page_Dashboard/span_Site home")): Object: 'Object Repository/Page_Dashboard/span_Site home' is clicked on

2022-01-14 12:08:11 - [MESSAGE][PASSED] - Object: 'Object Repository/Page_Dashboard/span_Site home' is clicked on

2022-01-14 12:08:11 - [TEST_STEP][PASSED] - navigateToUrl("http://localhost/?redirect=0"): Navigate to 'http://localhost/?redirect=0' successfully

2022-01-14 12:08:11 - [MESSAGE][PASSED] - Navigate to 'http://localhost/?redirect=0' successfully

2022-01-14 12:08:11 - [TEST_STEP][PASSED] - click(findTestObject("Object Repository/Page_My Moodle/a_Phn tch v qun l yu cu phn mm")): Object: 'Object Repository/Page_My Moodle/a_Phn tch v qun l yu cu phn mm' is clicked on

2022-01-14 12:08:12 - [MESSAGE][PASSED] - Object: 'Object Repository/Page_My Moodle/a_Phn tch v qun l yu cu phn mm' is clicked on

2022-01-14 12:08:12 - [TEST_STEP][PASSED] - click(findTestObject("Object Repository/Page_Course Phn tch v qun l yu cu phn mm/span_Grades")): Object: 'Object Repository/Page_Course Phn tch v qun l yu cu phn mm/span_Grades' is clicked on

2022-01-14 12:08:13 - [MESSAGE][PASSED] - Object: 'Object Repository/Page_Course Phn tch v qun l yu cu phn mm/span_Grades' is clicked on]]></system-out>
         <system-err><![CDATA[]]></system-err>
      </testcase>
      <testcase name="Test Cases/Login as user (teacher)" time="6.564" classname="Test Cases/Login as user (teacher)" status="PASSED">
         <system-out><![CDATA[2022-01-14 12:08:13 - [TEST_CASE][PASSED] - Test Cases/Login as user (teacher): Test Cases/Login as user (teacher)

2022-01-14 12:08:13 - [TEST_STEP][PASSED] - openBrowser(""): Browser is opened with url: ''

2022-01-14 12:08:13 - [MESSAGE][WARNING] - A browser is already opened. Closing browser and opening a new one

2022-01-14 12:08:14 - [MESSAGE][INFO] - Starting 'Edge Chromium' driver

2022-01-14 12:08:15 - [MESSAGE][INFO] - Action delay is set to 0 milliseconds

2022-01-14 12:08:16 - [MESSAGE][PASSED] - Browser is opened with url: ''

2022-01-14 12:08:16 - [TEST_STEP][PASSED] - maximizeWindow(): Current window maximized

2022-01-14 12:08:16 - [MESSAGE][PASSED] - Current window maximized

2022-01-14 12:08:16 - [TEST_STEP][PASSED] - navigateToUrl("http://localhost/"): Navigate to 'http://localhost/' successfully

2022-01-14 12:08:17 - [MESSAGE][PASSED] - Navigate to 'http://localhost/' successfully

2022-01-14 12:08:17 - [TEST_STEP][PASSED] - click(findTestObject("Object Repository/Page_My Moodle/a_Log in")): Object: 'Object Repository/Page_My Moodle/a_Log in' is clicked on

2022-01-14 12:08:17 - [MESSAGE][PASSED] - Object: 'Object Repository/Page_My Moodle/a_Log in' is clicked on

2022-01-14 12:08:17 - [TEST_STEP][PASSED] - setText(findTestObject("Object Repository/Page_My Moodle Log in to the site/input_Username_username"), "teacher"): Text 'teacher' is set on object 'Object Repository/Page_My Moodle Log in to the site/input_Username_username'

2022-01-14 12:08:18 - [MESSAGE][PASSED] - Text 'teacher' is set on object 'Object Repository/Page_My Moodle Log in to the site/input_Username_username'

2022-01-14 12:08:18 - [TEST_STEP][PASSED] - setEncryptedText(findTestObject("Object Repository/Page_My Moodle Log in to the site/input_Password_password"), "3fJEwIvstDDnFTEIk7299A=="): Text ****** has been set on object 'Object Repository/Page_My Moodle Log in to the site/input_Password_password'

2022-01-14 12:08:19 - [MESSAGE][PASSED] - Text ****** has been set on object 'Object Repository/Page_My Moodle Log in to the site/input_Password_password'

2022-01-14 12:08:19 - [TEST_STEP][PASSED] - click(findTestObject("Object Repository/Page_My Moodle Log in to the site/button_Log in")): Object: 'Object Repository/Page_My Moodle Log in to the site/button_Log in' is clicked on

2022-01-14 12:08:20 - [MESSAGE][PASSED] - Object: 'Object Repository/Page_My Moodle Log in to the site/button_Log in' is clicked on]]></system-out>
         <system-err><![CDATA[]]></system-err>
      </testcase>
      <testcase name="Test Cases/Teacher create announcement" time="41.823" classname="Test Cases/Teacher create announcement" status="FAILED">
         <failure type="FAILED" message="Test Cases/Teacher create announcement FAILED.
Reason:
com.kms.katalon.core.exception.StepFailedException: Unable to click on object 'Object Repository/Page_Announcements/a_Add a new topic'
	at com.kms.katalon.core.webui.keyword.internal.WebUIKeywordMain.stepFailed(WebUIKeywordMain.groovy:64)
	at com.kms.katalon.core.webui.keyword.internal.WebUIKeywordMain.runKeyword(WebUIKeywordMain.groovy:26)
	at com.kms.katalon.core.webui.keyword.builtin.ClickKeyword.click(ClickKeyword.groovy:74)
	at com.kms.katalon.core.webui.keyword.builtin.ClickKeyword.execute(ClickKeyword.groovy:40)
	at com.kms.katalon.core.keyword.internal.KeywordExecutor.executeKeywordForPlatform(KeywordExecutor.groovy:74)
	at com.kms.katalon.core.webui.keyword.WebUiBuiltInKeywords.click(WebUiBuiltInKeywords.groovy:620)
	at com.kms.katalon.core.webui.keyword.WebUiBuiltInKeywords$click$1.call(Unknown Source)
	at Teacher create announcement.run(Teacher create announcement:30)
	at com.kms.katalon.core.main.ScriptEngine.run(ScriptEngine.java:194)
	at com.kms.katalon.core.main.ScriptEngine.runScriptAsRawText(ScriptEngine.java:119)
	at com.kms.katalon.core.main.TestCaseExecutor.runScript(TestCaseExecutor.java:442)
	at com.kms.katalon.core.main.TestCaseExecutor.doExecute(TestCaseExecutor.java:433)
	at com.kms.katalon.core.main.TestCaseExecutor.processExecutionPhase(TestCaseExecutor.java:412)
	at com.kms.katalon.core.main.TestCaseExecutor.accessMainPhase(TestCaseExecutor.java:404)
	at com.kms.katalon.core.main.TestCaseExecutor.execute(TestCaseExecutor.java:281)
	at com.kms.katalon.core.main.TestSuiteExecutor.accessTestCaseMainPhase(TestSuiteExecutor.java:202)
	at com.kms.katalon.core.main.TestSuiteExecutor.accessTestSuiteMainPhase(TestSuiteExecutor.java:164)
	at com.kms.katalon.core.main.TestSuiteExecutor.execute(TestSuiteExecutor.java:105)
	at com.kms.katalon.core.main.TestCaseMain.startTestSuite(TestCaseMain.java:181)
	at com.kms.katalon.core.main.TestCaseMain$startTestSuite$0.call(Unknown Source)
	at TempTestSuite1642136404214.run(TempTestSuite1642136404214.groovy:36)
Caused by: com.kms.katalon.core.webui.exception.WebElementNotFoundException: Web element with id: 'Object Repository/Page_Announcements/a_Add a new topic' located by '//a[contains(text(),'Add a new topic')]' not found
	at com.kms.katalon.core.webui.common.WebUiCommonHelper.findWebElement(WebUiCommonHelper.java:1368)
	at com.kms.katalon.core.webui.keyword.internal.WebUIAbstractKeyword.findWebElement(WebUIAbstractKeyword.groovy:27)
	at com.kms.katalon.core.webui.keyword.builtin.ClickKeyword$_click_closure1.doCall(ClickKeyword.groovy:65)
	at com.kms.katalon.core.webui.keyword.builtin.ClickKeyword$_click_closure1.call(ClickKeyword.groovy)
	at com.kms.katalon.core.webui.keyword.internal.WebUIKeywordMain.runKeyword(WebUIKeywordMain.groovy:20)
	... 19 more
"/>
         <system-out><![CDATA[2022-01-14 12:08:20 - [TEST_CASE][FAILED] - Test Cases/Teacher create announcement: Test Cases/Teacher create announcement FAILED.
Reason:
com.kms.katalon.core.exception.StepFailedException: Unable to click on object 'Object Repository/Page_Announcements/a_Add a new topic'
	at com.kms.katalon.core.webui.keyword.internal.WebUIKeywordMain.stepFailed(WebUIKeywordMain.groovy:64)
	at com.kms.katalon.core.webui.keyword.internal.WebUIKeywordMain.runKeyword(WebUIKeywordMain.groovy:26)
	at com.kms.katalon.core.webui.keyword.builtin.ClickKeyword.click(ClickKeyword.groovy:74)
	at com.kms.katalon.core.webui.keyword.builtin.ClickKeyword.execute(ClickKeyword.groovy:40)
	at com.kms.katalon.core.keyword.internal.KeywordExecutor.executeKeywordForPlatform(KeywordExecutor.groovy:74)
	at com.kms.katalon.core.webui.keyword.WebUiBuiltInKeywords.click(WebUiBuiltInKeywords.groovy:620)
	at com.kms.katalon.core.webui.keyword.WebUiBuiltInKeywords$click$1.call(Unknown Source)
	at Teacher create announcement.run(Teacher create announcement:30)
	at com.kms.katalon.core.main.ScriptEngine.run(ScriptEngine.java:194)
	at com.kms.katalon.core.main.ScriptEngine.runScriptAsRawText(ScriptEngine.java:119)
	at com.kms.katalon.core.main.TestCaseExecutor.runScript(TestCaseExecutor.java:442)
	at com.kms.katalon.core.main.TestCaseExecutor.doExecute(TestCaseExecutor.java:433)
	at com.kms.katalon.core.main.TestCaseExecutor.processExecutionPhase(TestCaseExecutor.java:412)
	at com.kms.katalon.core.main.TestCaseExecutor.accessMainPhase(TestCaseExecutor.java:404)
	at com.kms.katalon.core.main.TestCaseExecutor.execute(TestCaseExecutor.java:281)
	at com.kms.katalon.core.main.TestSuiteExecutor.accessTestCaseMainPhase(TestSuiteExecutor.java:202)
	at com.kms.katalon.core.main.TestSuiteExecutor.accessTestSuiteMainPhase(TestSuiteExecutor.java:164)
	at com.kms.katalon.core.main.TestSuiteExecutor.execute(TestSuiteExecutor.java:105)
	at com.kms.katalon.core.main.TestCaseMain.startTestSuite(TestCaseMain.java:181)
	at com.kms.katalon.core.main.TestCaseMain$startTestSuite$0.call(Unknown Source)
	at TempTestSuite1642136404214.run(TempTestSuite1642136404214.groovy:36)
Caused by: com.kms.katalon.core.webui.exception.WebElementNotFoundException: Web element with id: 'Object Repository/Page_Announcements/a_Add a new topic' located by '//a[contains(text(),'Add a new topic')]' not found
	at com.kms.katalon.core.webui.common.WebUiCommonHelper.findWebElement(WebUiCommonHelper.java:1368)
	at com.kms.katalon.core.webui.keyword.internal.WebUIAbstractKeyword.findWebElement(WebUIAbstractKeyword.groovy:27)
	at com.kms.katalon.core.webui.keyword.builtin.ClickKeyword$_click_closure1.doCall(ClickKeyword.groovy:65)
	at com.kms.katalon.core.webui.keyword.builtin.ClickKeyword$_click_closure1.call(ClickKeyword.groovy)
	at com.kms.katalon.core.webui.keyword.internal.WebUIKeywordMain.runKeyword(WebUIKeywordMain.groovy:20)
	... 19 more


2022-01-14 12:08:20 - [TEST_STEP][PASSED] - callTestCase(findTestCase("Login as user (teacher)"), [:], STOP_ON_FAILURE): Call Test Case 'Test Cases/Login as user (teacher)' successfully

2022-01-14 12:08:20 - [TEST_CASE][PASSED] - Test Cases/Login as user (teacher): Test Cases/Login as user (teacher)

2022-01-14 12:08:20 - [TEST_STEP][PASSED] - openBrowser(""): Browser is opened with url: ''

2022-01-14 12:08:20 - [MESSAGE][WARNING] - A browser is already opened. Closing browser and opening a new one

2022-01-14 12:08:21 - [MESSAGE][INFO] - Starting 'Edge Chromium' driver

2022-01-14 12:08:21 - [MESSAGE][INFO] - Action delay is set to 0 milliseconds

2022-01-14 12:08:22 - [MESSAGE][PASSED] - Browser is opened with url: ''

2022-01-14 12:08:22 - [TEST_STEP][PASSED] - maximizeWindow(): Current window maximized

2022-01-14 12:08:22 - [MESSAGE][PASSED] - Current window maximized

2022-01-14 12:08:22 - [TEST_STEP][PASSED] - navigateToUrl("http://localhost/"): Navigate to 'http://localhost/' successfully

2022-01-14 12:08:23 - [MESSAGE][PASSED] - Navigate to 'http://localhost/' successfully

2022-01-14 12:08:23 - [TEST_STEP][PASSED] - click(findTestObject("Object Repository/Page_My Moodle/a_Log in")): Object: 'Object Repository/Page_My Moodle/a_Log in' is clicked on

2022-01-14 12:08:24 - [MESSAGE][PASSED] - Object: 'Object Repository/Page_My Moodle/a_Log in' is clicked on

2022-01-14 12:08:24 - [TEST_STEP][PASSED] - setText(findTestObject("Object Repository/Page_My Moodle Log in to the site/input_Username_username"), "teacher"): Text 'teacher' is set on object 'Object Repository/Page_My Moodle Log in to the site/input_Username_username'

2022-01-14 12:08:24 - [MESSAGE][PASSED] - Text 'teacher' is set on object 'Object Repository/Page_My Moodle Log in to the site/input_Username_username'

2022-01-14 12:08:24 - [TEST_STEP][PASSED] - setEncryptedText(findTestObject("Object Repository/Page_My Moodle Log in to the site/input_Password_password"), "3fJEwIvstDDnFTEIk7299A=="): Text ****** has been set on object 'Object Repository/Page_My Moodle Log in to the site/input_Password_password'

2022-01-14 12:08:25 - [MESSAGE][PASSED] - Text ****** has been set on object 'Object Repository/Page_My Moodle Log in to the site/input_Password_password'

2022-01-14 12:08:25 - [TEST_STEP][PASSED] - click(findTestObject("Object Repository/Page_My Moodle Log in to the site/button_Log in")): Object: 'Object Repository/Page_My Moodle Log in to the site/button_Log in' is clicked on

2022-01-14 12:08:26 - [MESSAGE][PASSED] - Object: 'Object Repository/Page_My Moodle Log in to the site/button_Log in' is clicked on

2022-01-14 12:08:26 - [MESSAGE][PASSED] - Call Test Case 'Test Cases/Login as user (teacher)' successfully

2022-01-14 12:08:26 - [TEST_STEP][PASSED] - click(findTestObject("Object Repository/Page_Dashboard/span_Site home")): Object: 'Object Repository/Page_Dashboard/span_Site home' is clicked on

2022-01-14 12:08:28 - [MESSAGE][PASSED] - Object: 'Object Repository/Page_Dashboard/span_Site home' is clicked on

2022-01-14 12:08:28 - [TEST_STEP][PASSED] - navigateToUrl("http://localhost/?redirect=0"): Navigate to 'http://localhost/?redirect=0' successfully

2022-01-14 12:08:28 - [MESSAGE][PASSED] - Navigate to 'http://localhost/?redirect=0' successfully

2022-01-14 12:08:28 - [TEST_STEP][PASSED] - click(findTestObject("Object Repository/Page_My Moodle/a_Phn tch v qun l yu cu phn mm")): Object: 'Object Repository/Page_My Moodle/a_Phn tch v qun l yu cu phn mm' is clicked on

2022-01-14 12:08:29 - [MESSAGE][PASSED] - Object: 'Object Repository/Page_My Moodle/a_Phn tch v qun l yu cu phn mm' is clicked on

2022-01-14 12:08:29 - [TEST_STEP][PASSED] - click(findTestObject("Object Repository/Page_Course Phn tch v qun l yu cu phn mm/span_Announcements Forum")): Object: 'Object Repository/Page_Course Phn tch v qun l yu cu phn mm/span_Announcements Forum' is clicked on

2022-01-14 12:08:30 - [MESSAGE][PASSED] - Object: 'Object Repository/Page_Course Phn tch v qun l yu cu phn mm/span_Announcements Forum' is clicked on

2022-01-14 12:08:30 - [TEST_STEP][FAILED] - click(findTestObject("Object Repository/Page_Announcements/a_Add a new topic")): Unable to click on object 'Object Repository/Page_Announcements/a_Add a new topic' (Root cause: com.kms.katalon.core.exception.StepFailedException: Unable to click on object 'Object Repository/Page_Announcements/a_Add a new topic'
	at com.kms.katalon.core.webui.keyword.internal.WebUIKeywordMain.stepFailed(WebUIKeywordMain.groovy:64)
	at com.kms.katalon.core.webui.keyword.internal.WebUIKeywordMain.runKeyword(WebUIKeywordMain.groovy:26)
	at com.kms.katalon.core.webui.keyword.builtin.ClickKeyword.click(ClickKeyword.groovy:74)
	at com.kms.katalon.core.webui.keyword.builtin.ClickKeyword.execute(ClickKeyword.groovy:40)
	at com.kms.katalon.core.keyword.internal.KeywordExecutor.executeKeywordForPlatform(KeywordExecutor.groovy:74)
	at com.kms.katalon.core.webui.keyword.WebUiBuiltInKeywords.click(WebUiBuiltInKeywords.groovy:620)
	at com.kms.katalon.core.webui.keyword.WebUiBuiltInKeywords$click$1.call(Unknown Source)
	at Teacher create announcement.run(Teacher create announcement:30)
	at com.kms.katalon.core.main.ScriptEngine.run(ScriptEngine.java:194)
	at com.kms.katalon.core.main.ScriptEngine.runScriptAsRawText(ScriptEngine.java:119)
	at com.kms.katalon.core.main.TestCaseExecutor.runScript(TestCaseExecutor.java:442)
	at com.kms.katalon.core.main.TestCaseExecutor.doExecute(TestCaseExecutor.java:433)
	at com.kms.katalon.core.main.TestCaseExecutor.processExecutionPhase(TestCaseExecutor.java:412)
	at com.kms.katalon.core.main.TestCaseExecutor.accessMainPhase(TestCaseExecutor.java:404)
	at com.kms.katalon.core.main.TestCaseExecutor.execute(TestCaseExecutor.java:281)
	at com.kms.katalon.core.main.TestSuiteExecutor.accessTestCaseMainPhase(TestSuiteExecutor.java:202)
	at com.kms.katalon.core.main.TestSuiteExecutor.accessTestSuiteMainPhase(TestSuiteExecutor.java:164)
	at com.kms.katalon.core.main.TestSuiteExecutor.execute(TestSuiteExecutor.java:105)
	at com.kms.katalon.core.main.TestCaseMain.startTestSuite(TestCaseMain.java:181)
	at com.kms.katalon.core.main.TestCaseMain$startTestSuite$0.call(Unknown Source)
	at TempTestSuite1642136404214.run(TempTestSuite1642136404214.groovy:36)
Caused by: com.kms.katalon.core.webui.exception.WebElementNotFoundException: Web element with id: 'Object Repository/Page_Announcements/a_Add a new topic' located by '//a[contains(text(),'Add a new topic')]' not found
	at com.kms.katalon.core.webui.common.WebUiCommonHelper.findWebElement(WebUiCommonHelper.java:1368)
	at com.kms.katalon.core.webui.keyword.internal.WebUIAbstractKeyword.findWebElement(WebUIAbstractKeyword.groovy:27)
	at com.kms.katalon.core.webui.keyword.builtin.ClickKeyword$_click_closure1.doCall(ClickKeyword.groovy:65)
	at com.kms.katalon.core.webui.keyword.builtin.ClickKeyword$_click_closure1.call(ClickKeyword.groovy)
	at com.kms.katalon.core.webui.keyword.internal.WebUIKeywordMain.runKeyword(WebUIKeywordMain.groovy:20)
	at com.kms.katalon.core.webui.keyword.builtin.ClickKeyword.click(ClickKeyword.groovy:74)
	at com.kms.katalon.core.webui.keyword.builtin.ClickKeyword.execute(ClickKeyword.groovy:40)
	at com.kms.katalon.core.keyword.internal.KeywordExecutor.executeKeywordForPlatform(KeywordExecutor.groovy:74)
	at com.kms.katalon.core.webui.keyword.WebUiBuiltInKeywords.click(WebUiBuiltInKeywords.groovy:620)
	at com.kms.katalon.core.webui.keyword.WebUiBuiltInKeywords$click$1.call(Unknown Source)
	at Script1641607454996.run(Script1641607454996.groovy:30)
	... 13 more
)

2022-01-14 12:09:01 - [MESSAGE][INFO] - Unable to find the element located by 'By.xpath: //a[contains(text(),'Add a new topic')]'. Please recheck the objects properties to make sure the desired element is located. 

2022-01-14 12:09:02 - [MESSAGE][FAILED] - Unable to click on object 'Object Repository/Page_Announcements/a_Add a new topic' (Root cause: com.kms.katalon.core.exception.StepFailedException: Unable to click on object 'Object Repository/Page_Announcements/a_Add a new topic'
	at com.kms.katalon.core.webui.keyword.internal.WebUIKeywordMain.stepFailed(WebUIKeywordMain.groovy:64)
	at com.kms.katalon.core.webui.keyword.internal.WebUIKeywordMain.runKeyword(WebUIKeywordMain.groovy:26)
	at com.kms.katalon.core.webui.keyword.builtin.ClickKeyword.click(ClickKeyword.groovy:74)
	at com.kms.katalon.core.webui.keyword.builtin.ClickKeyword.execute(ClickKeyword.groovy:40)
	at com.kms.katalon.core.keyword.internal.KeywordExecutor.executeKeywordForPlatform(KeywordExecutor.groovy:74)
	at com.kms.katalon.core.webui.keyword.WebUiBuiltInKeywords.click(WebUiBuiltInKeywords.groovy:620)
	at com.kms.katalon.core.webui.keyword.WebUiBuiltInKeywords$click$1.call(Unknown Source)
	at Teacher create announcement.run(Teacher create announcement:30)
	at com.kms.katalon.core.main.ScriptEngine.run(ScriptEngine.java:194)
	at com.kms.katalon.core.main.ScriptEngine.runScriptAsRawText(ScriptEngine.java:119)
	at com.kms.katalon.core.main.TestCaseExecutor.runScript(TestCaseExecutor.java:442)
	at com.kms.katalon.core.main.TestCaseExecutor.doExecute(TestCaseExecutor.java:433)
	at com.kms.katalon.core.main.TestCaseExecutor.processExecutionPhase(TestCaseExecutor.java:412)
	at com.kms.katalon.core.main.TestCaseExecutor.accessMainPhase(TestCaseExecutor.java:404)
	at com.kms.katalon.core.main.TestCaseExecutor.execute(TestCaseExecutor.java:281)
	at com.kms.katalon.core.main.TestSuiteExecutor.accessTestCaseMainPhase(TestSuiteExecutor.java:202)
	at com.kms.katalon.core.main.TestSuiteExecutor.accessTestSuiteMainPhase(TestSuiteExecutor.java:164)
	at com.kms.katalon.core.main.TestSuiteExecutor.execute(TestSuiteExecutor.java:105)
	at com.kms.katalon.core.main.TestCaseMain.startTestSuite(TestCaseMain.java:181)
	at com.kms.katalon.core.main.TestCaseMain$startTestSuite$0.call(Unknown Source)
	at TempTestSuite1642136404214.run(TempTestSuite1642136404214.groovy:36)
Caused by: com.kms.katalon.core.webui.exception.WebElementNotFoundException: Web element with id: 'Object Repository/Page_Announcements/a_Add a new topic' located by '//a[contains(text(),'Add a new topic')]' not found
	at com.kms.katalon.core.webui.common.WebUiCommonHelper.findWebElement(WebUiCommonHelper.java:1368)
	at com.kms.katalon.core.webui.keyword.internal.WebUIAbstractKeyword.findWebElement(WebUIAbstractKeyword.groovy:27)
	at com.kms.katalon.core.webui.keyword.builtin.ClickKeyword$_click_closure1.doCall(ClickKeyword.groovy:65)
	at com.kms.katalon.core.webui.keyword.builtin.ClickKeyword$_click_closure1.call(ClickKeyword.groovy)
	at com.kms.katalon.core.webui.keyword.internal.WebUIKeywordMain.runKeyword(WebUIKeywordMain.groovy:20)
	at com.kms.katalon.core.webui.keyword.builtin.ClickKeyword.click(ClickKeyword.groovy:74)
	at com.kms.katalon.core.webui.keyword.builtin.ClickKeyword.execute(ClickKeyword.groovy:40)
	at com.kms.katalon.core.keyword.internal.KeywordExecutor.executeKeywordForPlatform(KeywordExecutor.groovy:74)
	at com.kms.katalon.core.webui.keyword.WebUiBuiltInKeywords.click(WebUiBuiltInKeywords.groovy:620)
	at com.kms.katalon.core.webui.keyword.WebUiBuiltInKeywords$click$1.call(Unknown Source)
	at Script1641607454996.run(Script1641607454996.groovy:30)
	... 13 more
)
[[ATTACHMENT|D:\\Test-Automation---SE-Bonus\\Reports\\20220114_120004\\Run all test cases\\20220114_120004\\1642136941872.png]]]]></system-out>
         <system-err><![CDATA[2022-01-14 12:08:20 - [TEST_CASE][FAILED] - Test Cases/Teacher create announcement: Test Cases/Teacher create announcement FAILED.
Reason:
com.kms.katalon.core.exception.StepFailedException: Unable to click on object 'Object Repository/Page_Announcements/a_Add a new topic'
	at com.kms.katalon.core.webui.keyword.internal.WebUIKeywordMain.stepFailed(WebUIKeywordMain.groovy:64)
	at com.kms.katalon.core.webui.keyword.internal.WebUIKeywordMain.runKeyword(WebUIKeywordMain.groovy:26)
	at com.kms.katalon.core.webui.keyword.builtin.ClickKeyword.click(ClickKeyword.groovy:74)
	at com.kms.katalon.core.webui.keyword.builtin.ClickKeyword.execute(ClickKeyword.groovy:40)
	at com.kms.katalon.core.keyword.internal.KeywordExecutor.executeKeywordForPlatform(KeywordExecutor.groovy:74)
	at com.kms.katalon.core.webui.keyword.WebUiBuiltInKeywords.click(WebUiBuiltInKeywords.groovy:620)
	at com.kms.katalon.core.webui.keyword.WebUiBuiltInKeywords$click$1.call(Unknown Source)
	at Teacher create announcement.run(Teacher create announcement:30)
	at com.kms.katalon.core.main.ScriptEngine.run(ScriptEngine.java:194)
	at com.kms.katalon.core.main.ScriptEngine.runScriptAsRawText(ScriptEngine.java:119)
	at com.kms.katalon.core.main.TestCaseExecutor.runScript(TestCaseExecutor.java:442)
	at com.kms.katalon.core.main.TestCaseExecutor.doExecute(TestCaseExecutor.java:433)
	at com.kms.katalon.core.main.TestCaseExecutor.processExecutionPhase(TestCaseExecutor.java:412)
	at com.kms.katalon.core.main.TestCaseExecutor.accessMainPhase(TestCaseExecutor.java:404)
	at com.kms.katalon.core.main.TestCaseExecutor.execute(TestCaseExecutor.java:281)
	at com.kms.katalon.core.main.TestSuiteExecutor.accessTestCaseMainPhase(TestSuiteExecutor.java:202)
	at com.kms.katalon.core.main.TestSuiteExecutor.accessTestSuiteMainPhase(TestSuiteExecutor.java:164)
	at com.kms.katalon.core.main.TestSuiteExecutor.execute(TestSuiteExecutor.java:105)
	at com.kms.katalon.core.main.TestCaseMain.startTestSuite(TestCaseMain.java:181)
	at com.kms.katalon.core.main.TestCaseMain$startTestSuite$0.call(Unknown Source)
	at TempTestSuite1642136404214.run(TempTestSuite1642136404214.groovy:36)
Caused by: com.kms.katalon.core.webui.exception.WebElementNotFoundException: Web element with id: 'Object Repository/Page_Announcements/a_Add a new topic' located by '//a[contains(text(),'Add a new topic')]' not found
	at com.kms.katalon.core.webui.common.WebUiCommonHelper.findWebElement(WebUiCommonHelper.java:1368)
	at com.kms.katalon.core.webui.keyword.internal.WebUIAbstractKeyword.findWebElement(WebUIAbstractKeyword.groovy:27)
	at com.kms.katalon.core.webui.keyword.builtin.ClickKeyword$_click_closure1.doCall(ClickKeyword.groovy:65)
	at com.kms.katalon.core.webui.keyword.builtin.ClickKeyword$_click_closure1.call(ClickKeyword.groovy)
	at com.kms.katalon.core.webui.keyword.internal.WebUIKeywordMain.runKeyword(WebUIKeywordMain.groovy:20)
	... 19 more]]></system-err>
      </testcase>
      <testcase name="Test Cases/Teacher create announcement (image)" time="43.084" classname="Test Cases/Teacher create announcement (image)" status="FAILED">
         <failure type="FAILED" message="Test Cases/Teacher create announcement (image) FAILED.
Reason:
com.kms.katalon.core.exception.StepFailedException: Unable to click on object 'Object Repository/Page_Announcements/a_Add a new topic'
	at com.kms.katalon.core.webui.keyword.internal.WebUIKeywordMain.stepFailed(WebUIKeywordMain.groovy:64)
	at com.kms.katalon.core.webui.keyword.internal.WebUIKeywordMain.runKeyword(WebUIKeywordMain.groovy:26)
	at com.kms.katalon.core.webui.keyword.builtin.ClickKeyword.click(ClickKeyword.groovy:74)
	at com.kms.katalon.core.webui.keyword.builtin.ClickKeyword.execute(ClickKeyword.groovy:40)
	at com.kms.katalon.core.keyword.internal.KeywordExecutor.executeKeywordForPlatform(KeywordExecutor.groovy:74)
	at com.kms.katalon.core.webui.keyword.WebUiBuiltInKeywords.click(WebUiBuiltInKeywords.groovy:620)
	at com.kms.katalon.core.webui.keyword.WebUiBuiltInKeywords$click$1.call(Unknown Source)
	at Teacher create announcement (image).run(Teacher create announcement (image):30)
	at com.kms.katalon.core.main.ScriptEngine.run(ScriptEngine.java:194)
	at com.kms.katalon.core.main.ScriptEngine.runScriptAsRawText(ScriptEngine.java:119)
	at com.kms.katalon.core.main.TestCaseExecutor.runScript(TestCaseExecutor.java:442)
	at com.kms.katalon.core.main.TestCaseExecutor.doExecute(TestCaseExecutor.java:433)
	at com.kms.katalon.core.main.TestCaseExecutor.processExecutionPhase(TestCaseExecutor.java:412)
	at com.kms.katalon.core.main.TestCaseExecutor.accessMainPhase(TestCaseExecutor.java:404)
	at com.kms.katalon.core.main.TestCaseExecutor.execute(TestCaseExecutor.java:281)
	at com.kms.katalon.core.main.TestSuiteExecutor.accessTestCaseMainPhase(TestSuiteExecutor.java:202)
	at com.kms.katalon.core.main.TestSuiteExecutor.accessTestSuiteMainPhase(TestSuiteExecutor.java:164)
	at com.kms.katalon.core.main.TestSuiteExecutor.execute(TestSuiteExecutor.java:105)
	at com.kms.katalon.core.main.TestCaseMain.startTestSuite(TestCaseMain.java:181)
	at com.kms.katalon.core.main.TestCaseMain$startTestSuite$0.call(Unknown Source)
	at TempTestSuite1642136404214.run(TempTestSuite1642136404214.groovy:36)
Caused by: com.kms.katalon.core.webui.exception.WebElementNotFoundException: Web element with id: 'Object Repository/Page_Announcements/a_Add a new topic' located by '//a[contains(text(),'Add a new topic')]' not found
	at com.kms.katalon.core.webui.common.WebUiCommonHelper.findWebElement(WebUiCommonHelper.java:1368)
	at com.kms.katalon.core.webui.keyword.internal.WebUIAbstractKeyword.findWebElement(WebUIAbstractKeyword.groovy:27)
	at com.kms.katalon.core.webui.keyword.builtin.ClickKeyword$_click_closure1.doCall(ClickKeyword.groovy:65)
	at com.kms.katalon.core.webui.keyword.builtin.ClickKeyword$_click_closure1.call(ClickKeyword.groovy)
	at com.kms.katalon.core.webui.keyword.internal.WebUIKeywordMain.runKeyword(WebUIKeywordMain.groovy:20)
	... 19 more
"/>
         <system-out><![CDATA[2022-01-14 12:09:02 - [TEST_CASE][FAILED] - Test Cases/Teacher create announcement (image): Test Cases/Teacher create announcement (image) FAILED.
Reason:
com.kms.katalon.core.exception.StepFailedException: Unable to click on object 'Object Repository/Page_Announcements/a_Add a new topic'
	at com.kms.katalon.core.webui.keyword.internal.WebUIKeywordMain.stepFailed(WebUIKeywordMain.groovy:64)
	at com.kms.katalon.core.webui.keyword.internal.WebUIKeywordMain.runKeyword(WebUIKeywordMain.groovy:26)
	at com.kms.katalon.core.webui.keyword.builtin.ClickKeyword.click(ClickKeyword.groovy:74)
	at com.kms.katalon.core.webui.keyword.builtin.ClickKeyword.execute(ClickKeyword.groovy:40)
	at com.kms.katalon.core.keyword.internal.KeywordExecutor.executeKeywordForPlatform(KeywordExecutor.groovy:74)
	at com.kms.katalon.core.webui.keyword.WebUiBuiltInKeywords.click(WebUiBuiltInKeywords.groovy:620)
	at com.kms.katalon.core.webui.keyword.WebUiBuiltInKeywords$click$1.call(Unknown Source)
	at Teacher create announcement (image).run(Teacher create announcement (image):30)
	at com.kms.katalon.core.main.ScriptEngine.run(ScriptEngine.java:194)
	at com.kms.katalon.core.main.ScriptEngine.runScriptAsRawText(ScriptEngine.java:119)
	at com.kms.katalon.core.main.TestCaseExecutor.runScript(TestCaseExecutor.java:442)
	at com.kms.katalon.core.main.TestCaseExecutor.doExecute(TestCaseExecutor.java:433)
	at com.kms.katalon.core.main.TestCaseExecutor.processExecutionPhase(TestCaseExecutor.java:412)
	at com.kms.katalon.core.main.TestCaseExecutor.accessMainPhase(TestCaseExecutor.java:404)
	at com.kms.katalon.core.main.TestCaseExecutor.execute(TestCaseExecutor.java:281)
	at com.kms.katalon.core.main.TestSuiteExecutor.accessTestCaseMainPhase(TestSuiteExecutor.java:202)
	at com.kms.katalon.core.main.TestSuiteExecutor.accessTestSuiteMainPhase(TestSuiteExecutor.java:164)
	at com.kms.katalon.core.main.TestSuiteExecutor.execute(TestSuiteExecutor.java:105)
	at com.kms.katalon.core.main.TestCaseMain.startTestSuite(TestCaseMain.java:181)
	at com.kms.katalon.core.main.TestCaseMain$startTestSuite$0.call(Unknown Source)
	at TempTestSuite1642136404214.run(TempTestSuite1642136404214.groovy:36)
Caused by: com.kms.katalon.core.webui.exception.WebElementNotFoundException: Web element with id: 'Object Repository/Page_Announcements/a_Add a new topic' located by '//a[contains(text(),'Add a new topic')]' not found
	at com.kms.katalon.core.webui.common.WebUiCommonHelper.findWebElement(WebUiCommonHelper.java:1368)
	at com.kms.katalon.core.webui.keyword.internal.WebUIAbstractKeyword.findWebElement(WebUIAbstractKeyword.groovy:27)
	at com.kms.katalon.core.webui.keyword.builtin.ClickKeyword$_click_closure1.doCall(ClickKeyword.groovy:65)
	at com.kms.katalon.core.webui.keyword.builtin.ClickKeyword$_click_closure1.call(ClickKeyword.groovy)
	at com.kms.katalon.core.webui.keyword.internal.WebUIKeywordMain.runKeyword(WebUIKeywordMain.groovy:20)
	... 19 more


2022-01-14 12:09:02 - [TEST_STEP][PASSED] - callTestCase(findTestCase("Login as user (teacher)"), [:], STOP_ON_FAILURE): Call Test Case 'Test Cases/Login as user (teacher)' successfully

2022-01-14 12:09:02 - [TEST_CASE][PASSED] - Test Cases/Login as user (teacher): Test Cases/Login as user (teacher)

2022-01-14 12:09:02 - [TEST_STEP][PASSED] - openBrowser(""): Browser is opened with url: ''

2022-01-14 12:09:02 - [MESSAGE][WARNING] - A browser is already opened. Closing browser and opening a new one

2022-01-14 12:09:03 - [MESSAGE][INFO] - Starting 'Edge Chromium' driver

2022-01-14 12:09:03 - [MESSAGE][INFO] - Action delay is set to 0 milliseconds

2022-01-14 12:09:05 - [MESSAGE][PASSED] - Browser is opened with url: ''

2022-01-14 12:09:05 - [TEST_STEP][PASSED] - maximizeWindow(): Current window maximized

2022-01-14 12:09:05 - [MESSAGE][PASSED] - Current window maximized

2022-01-14 12:09:05 - [TEST_STEP][PASSED] - navigateToUrl("http://localhost/"): Navigate to 'http://localhost/' successfully

2022-01-14 12:09:05 - [MESSAGE][PASSED] - Navigate to 'http://localhost/' successfully

2022-01-14 12:09:05 - [TEST_STEP][PASSED] - click(findTestObject("Object Repository/Page_My Moodle/a_Log in")): Object: 'Object Repository/Page_My Moodle/a_Log in' is clicked on

2022-01-14 12:09:06 - [MESSAGE][PASSED] - Object: 'Object Repository/Page_My Moodle/a_Log in' is clicked on

2022-01-14 12:09:06 - [TEST_STEP][PASSED] - setText(findTestObject("Object Repository/Page_My Moodle Log in to the site/input_Username_username"), "teacher"): Text 'teacher' is set on object 'Object Repository/Page_My Moodle Log in to the site/input_Username_username'

2022-01-14 12:09:07 - [MESSAGE][PASSED] - Text 'teacher' is set on object 'Object Repository/Page_My Moodle Log in to the site/input_Username_username'

2022-01-14 12:09:07 - [TEST_STEP][PASSED] - setEncryptedText(findTestObject("Object Repository/Page_My Moodle Log in to the site/input_Password_password"), "3fJEwIvstDDnFTEIk7299A=="): Text ****** has been set on object 'Object Repository/Page_My Moodle Log in to the site/input_Password_password'

2022-01-14 12:09:07 - [MESSAGE][PASSED] - Text ****** has been set on object 'Object Repository/Page_My Moodle Log in to the site/input_Password_password'

2022-01-14 12:09:07 - [TEST_STEP][PASSED] - click(findTestObject("Object Repository/Page_My Moodle Log in to the site/button_Log in")): Object: 'Object Repository/Page_My Moodle Log in to the site/button_Log in' is clicked on

2022-01-14 12:09:08 - [MESSAGE][PASSED] - Object: 'Object Repository/Page_My Moodle Log in to the site/button_Log in' is clicked on

2022-01-14 12:09:08 - [MESSAGE][PASSED] - Call Test Case 'Test Cases/Login as user (teacher)' successfully

2022-01-14 12:09:08 - [TEST_STEP][PASSED] - click(findTestObject("Object Repository/Page_Dashboard/a_Site home")): Object: 'Object Repository/Page_Dashboard/a_Site home' is clicked on

2022-01-14 12:09:10 - [MESSAGE][PASSED] - Object: 'Object Repository/Page_Dashboard/a_Site home' is clicked on

2022-01-14 12:09:10 - [TEST_STEP][PASSED] - navigateToUrl("http://localhost/?redirect=0"): Navigate to 'http://localhost/?redirect=0' successfully

2022-01-14 12:09:11 - [MESSAGE][PASSED] - Navigate to 'http://localhost/?redirect=0' successfully

2022-01-14 12:09:11 - [TEST_STEP][PASSED] - click(findTestObject("Page_My Moodle/a_Phn tch v qun l yu cu phn mm")): Object: 'Object Repository/Page_My Moodle/a_Phn tch v qun l yu cu phn mm' is clicked on

2022-01-14 12:09:12 - [MESSAGE][PASSED] - Object: 'Object Repository/Page_My Moodle/a_Phn tch v qun l yu cu phn mm' is clicked on

2022-01-14 12:09:12 - [TEST_STEP][PASSED] - click(findTestObject("Object Repository/Page_Course Phn tch v qun l yu cu phn mm/a_Announcements Forum")): Object: 'Object Repository/Page_Course Phn tch v qun l yu cu phn mm/a_Announcements Forum' is clicked on

2022-01-14 12:09:13 - [MESSAGE][PASSED] - Object: 'Object Repository/Page_Course Phn tch v qun l yu cu phn mm/a_Announcements Forum' is clicked on

2022-01-14 12:09:13 - [TEST_STEP][FAILED] - click(findTestObject("Object Repository/Page_Announcements/a_Add a new topic")): Unable to click on object 'Object Repository/Page_Announcements/a_Add a new topic' (Root cause: com.kms.katalon.core.exception.StepFailedException: Unable to click on object 'Object Repository/Page_Announcements/a_Add a new topic'
	at com.kms.katalon.core.webui.keyword.internal.WebUIKeywordMain.stepFailed(WebUIKeywordMain.groovy:64)
	at com.kms.katalon.core.webui.keyword.internal.WebUIKeywordMain.runKeyword(WebUIKeywordMain.groovy:26)
	at com.kms.katalon.core.webui.keyword.builtin.ClickKeyword.click(ClickKeyword.groovy:74)
	at com.kms.katalon.core.webui.keyword.builtin.ClickKeyword.execute(ClickKeyword.groovy:40)
	at com.kms.katalon.core.keyword.internal.KeywordExecutor.executeKeywordForPlatform(KeywordExecutor.groovy:74)
	at com.kms.katalon.core.webui.keyword.WebUiBuiltInKeywords.click(WebUiBuiltInKeywords.groovy:620)
	at com.kms.katalon.core.webui.keyword.WebUiBuiltInKeywords$click$1.call(Unknown Source)
	at Teacher create announcement (image).run(Teacher create announcement (image):30)
	at com.kms.katalon.core.main.ScriptEngine.run(ScriptEngine.java:194)
	at com.kms.katalon.core.main.ScriptEngine.runScriptAsRawText(ScriptEngine.java:119)
	at com.kms.katalon.core.main.TestCaseExecutor.runScript(TestCaseExecutor.java:442)
	at com.kms.katalon.core.main.TestCaseExecutor.doExecute(TestCaseExecutor.java:433)
	at com.kms.katalon.core.main.TestCaseExecutor.processExecutionPhase(TestCaseExecutor.java:412)
	at com.kms.katalon.core.main.TestCaseExecutor.accessMainPhase(TestCaseExecutor.java:404)
	at com.kms.katalon.core.main.TestCaseExecutor.execute(TestCaseExecutor.java:281)
	at com.kms.katalon.core.main.TestSuiteExecutor.accessTestCaseMainPhase(TestSuiteExecutor.java:202)
	at com.kms.katalon.core.main.TestSuiteExecutor.accessTestSuiteMainPhase(TestSuiteExecutor.java:164)
	at com.kms.katalon.core.main.TestSuiteExecutor.execute(TestSuiteExecutor.java:105)
	at com.kms.katalon.core.main.TestCaseMain.startTestSuite(TestCaseMain.java:181)
	at com.kms.katalon.core.main.TestCaseMain$startTestSuite$0.call(Unknown Source)
	at TempTestSuite1642136404214.run(TempTestSuite1642136404214.groovy:36)
Caused by: com.kms.katalon.core.webui.exception.WebElementNotFoundException: Web element with id: 'Object Repository/Page_Announcements/a_Add a new topic' located by '//a[contains(text(),'Add a new topic')]' not found
	at com.kms.katalon.core.webui.common.WebUiCommonHelper.findWebElement(WebUiCommonHelper.java:1368)
	at com.kms.katalon.core.webui.keyword.internal.WebUIAbstractKeyword.findWebElement(WebUIAbstractKeyword.groovy:27)
	at com.kms.katalon.core.webui.keyword.builtin.ClickKeyword$_click_closure1.doCall(ClickKeyword.groovy:65)
	at com.kms.katalon.core.webui.keyword.builtin.ClickKeyword$_click_closure1.call(ClickKeyword.groovy)
	at com.kms.katalon.core.webui.keyword.internal.WebUIKeywordMain.runKeyword(WebUIKeywordMain.groovy:20)
	at com.kms.katalon.core.webui.keyword.builtin.ClickKeyword.click(ClickKeyword.groovy:74)
	at com.kms.katalon.core.webui.keyword.builtin.ClickKeyword.execute(ClickKeyword.groovy:40)
	at com.kms.katalon.core.keyword.internal.KeywordExecutor.executeKeywordForPlatform(KeywordExecutor.groovy:74)
	at com.kms.katalon.core.webui.keyword.WebUiBuiltInKeywords.click(WebUiBuiltInKeywords.groovy:620)
	at com.kms.katalon.core.webui.keyword.WebUiBuiltInKeywords$click$1.call(Unknown Source)
	at Script1641608091130.run(Script1641608091130.groovy:30)
	... 13 more
)

2022-01-14 12:09:44 - [MESSAGE][INFO] - Unable to find the element located by 'By.xpath: //a[contains(text(),'Add a new topic')]'. Please recheck the objects properties to make sure the desired element is located. 

2022-01-14 12:09:45 - [MESSAGE][FAILED] - Unable to click on object 'Object Repository/Page_Announcements/a_Add a new topic' (Root cause: com.kms.katalon.core.exception.StepFailedException: Unable to click on object 'Object Repository/Page_Announcements/a_Add a new topic'
	at com.kms.katalon.core.webui.keyword.internal.WebUIKeywordMain.stepFailed(WebUIKeywordMain.groovy:64)
	at com.kms.katalon.core.webui.keyword.internal.WebUIKeywordMain.runKeyword(WebUIKeywordMain.groovy:26)
	at com.kms.katalon.core.webui.keyword.builtin.ClickKeyword.click(ClickKeyword.groovy:74)
	at com.kms.katalon.core.webui.keyword.builtin.ClickKeyword.execute(ClickKeyword.groovy:40)
	at com.kms.katalon.core.keyword.internal.KeywordExecutor.executeKeywordForPlatform(KeywordExecutor.groovy:74)
	at com.kms.katalon.core.webui.keyword.WebUiBuiltInKeywords.click(WebUiBuiltInKeywords.groovy:620)
	at com.kms.katalon.core.webui.keyword.WebUiBuiltInKeywords$click$1.call(Unknown Source)
	at Teacher create announcement (image).run(Teacher create announcement (image):30)
	at com.kms.katalon.core.main.ScriptEngine.run(ScriptEngine.java:194)
	at com.kms.katalon.core.main.ScriptEngine.runScriptAsRawText(ScriptEngine.java:119)
	at com.kms.katalon.core.main.TestCaseExecutor.runScript(TestCaseExecutor.java:442)
	at com.kms.katalon.core.main.TestCaseExecutor.doExecute(TestCaseExecutor.java:433)
	at com.kms.katalon.core.main.TestCaseExecutor.processExecutionPhase(TestCaseExecutor.java:412)
	at com.kms.katalon.core.main.TestCaseExecutor.accessMainPhase(TestCaseExecutor.java:404)
	at com.kms.katalon.core.main.TestCaseExecutor.execute(TestCaseExecutor.java:281)
	at com.kms.katalon.core.main.TestSuiteExecutor.accessTestCaseMainPhase(TestSuiteExecutor.java:202)
	at com.kms.katalon.core.main.TestSuiteExecutor.accessTestSuiteMainPhase(TestSuiteExecutor.java:164)
	at com.kms.katalon.core.main.TestSuiteExecutor.execute(TestSuiteExecutor.java:105)
	at com.kms.katalon.core.main.TestCaseMain.startTestSuite(TestCaseMain.java:181)
	at com.kms.katalon.core.main.TestCaseMain$startTestSuite$0.call(Unknown Source)
	at TempTestSuite1642136404214.run(TempTestSuite1642136404214.groovy:36)
Caused by: com.kms.katalon.core.webui.exception.WebElementNotFoundException: Web element with id: 'Object Repository/Page_Announcements/a_Add a new topic' located by '//a[contains(text(),'Add a new topic')]' not found
	at com.kms.katalon.core.webui.common.WebUiCommonHelper.findWebElement(WebUiCommonHelper.java:1368)
	at com.kms.katalon.core.webui.keyword.internal.WebUIAbstractKeyword.findWebElement(WebUIAbstractKeyword.groovy:27)
	at com.kms.katalon.core.webui.keyword.builtin.ClickKeyword$_click_closure1.doCall(ClickKeyword.groovy:65)
	at com.kms.katalon.core.webui.keyword.builtin.ClickKeyword$_click_closure1.call(ClickKeyword.groovy)
	at com.kms.katalon.core.webui.keyword.internal.WebUIKeywordMain.runKeyword(WebUIKeywordMain.groovy:20)
	at com.kms.katalon.core.webui.keyword.builtin.ClickKeyword.click(ClickKeyword.groovy:74)
	at com.kms.katalon.core.webui.keyword.builtin.ClickKeyword.execute(ClickKeyword.groovy:40)
	at com.kms.katalon.core.keyword.internal.KeywordExecutor.executeKeywordForPlatform(KeywordExecutor.groovy:74)
	at com.kms.katalon.core.webui.keyword.WebUiBuiltInKeywords.click(WebUiBuiltInKeywords.groovy:620)
	at com.kms.katalon.core.webui.keyword.WebUiBuiltInKeywords$click$1.call(Unknown Source)
	at Script1641608091130.run(Script1641608091130.groovy:30)
	... 13 more
)
[[ATTACHMENT|D:\\Test-Automation---SE-Bonus\\Reports\\20220114_120004\\Run all test cases\\20220114_120004\\1642136984966.png]]]]></system-out>
         <system-err><![CDATA[2022-01-14 12:09:02 - [TEST_CASE][FAILED] - Test Cases/Teacher create announcement (image): Test Cases/Teacher create announcement (image) FAILED.
Reason:
com.kms.katalon.core.exception.StepFailedException: Unable to click on object 'Object Repository/Page_Announcements/a_Add a new topic'
	at com.kms.katalon.core.webui.keyword.internal.WebUIKeywordMain.stepFailed(WebUIKeywordMain.groovy:64)
	at com.kms.katalon.core.webui.keyword.internal.WebUIKeywordMain.runKeyword(WebUIKeywordMain.groovy:26)
	at com.kms.katalon.core.webui.keyword.builtin.ClickKeyword.click(ClickKeyword.groovy:74)
	at com.kms.katalon.core.webui.keyword.builtin.ClickKeyword.execute(ClickKeyword.groovy:40)
	at com.kms.katalon.core.keyword.internal.KeywordExecutor.executeKeywordForPlatform(KeywordExecutor.groovy:74)
	at com.kms.katalon.core.webui.keyword.WebUiBuiltInKeywords.click(WebUiBuiltInKeywords.groovy:620)
	at com.kms.katalon.core.webui.keyword.WebUiBuiltInKeywords$click$1.call(Unknown Source)
	at Teacher create announcement (image).run(Teacher create announcement (image):30)
	at com.kms.katalon.core.main.ScriptEngine.run(ScriptEngine.java:194)
	at com.kms.katalon.core.main.ScriptEngine.runScriptAsRawText(ScriptEngine.java:119)
	at com.kms.katalon.core.main.TestCaseExecutor.runScript(TestCaseExecutor.java:442)
	at com.kms.katalon.core.main.TestCaseExecutor.doExecute(TestCaseExecutor.java:433)
	at com.kms.katalon.core.main.TestCaseExecutor.processExecutionPhase(TestCaseExecutor.java:412)
	at com.kms.katalon.core.main.TestCaseExecutor.accessMainPhase(TestCaseExecutor.java:404)
	at com.kms.katalon.core.main.TestCaseExecutor.execute(TestCaseExecutor.java:281)
	at com.kms.katalon.core.main.TestSuiteExecutor.accessTestCaseMainPhase(TestSuiteExecutor.java:202)
	at com.kms.katalon.core.main.TestSuiteExecutor.accessTestSuiteMainPhase(TestSuiteExecutor.java:164)
	at com.kms.katalon.core.main.TestSuiteExecutor.execute(TestSuiteExecutor.java:105)
	at com.kms.katalon.core.main.TestCaseMain.startTestSuite(TestCaseMain.java:181)
	at com.kms.katalon.core.main.TestCaseMain$startTestSuite$0.call(Unknown Source)
	at TempTestSuite1642136404214.run(TempTestSuite1642136404214.groovy:36)
Caused by: com.kms.katalon.core.webui.exception.WebElementNotFoundException: Web element with id: 'Object Repository/Page_Announcements/a_Add a new topic' located by '//a[contains(text(),'Add a new topic')]' not found
	at com.kms.katalon.core.webui.common.WebUiCommonHelper.findWebElement(WebUiCommonHelper.java:1368)
	at com.kms.katalon.core.webui.keyword.internal.WebUIAbstractKeyword.findWebElement(WebUIAbstractKeyword.groovy:27)
	at com.kms.katalon.core.webui.keyword.builtin.ClickKeyword$_click_closure1.doCall(ClickKeyword.groovy:65)
	at com.kms.katalon.core.webui.keyword.builtin.ClickKeyword$_click_closure1.call(ClickKeyword.groovy)
	at com.kms.katalon.core.webui.keyword.internal.WebUIKeywordMain.runKeyword(WebUIKeywordMain.groovy:20)
	... 19 more]]></system-err>
      </testcase>
      <testcase name="Test Cases/Teacher create announcement (video)" time="42.366" classname="Test Cases/Teacher create announcement (video)" status="FAILED">
         <failure type="FAILED" message="Test Cases/Teacher create announcement (video) FAILED.
Reason:
com.kms.katalon.core.exception.StepFailedException: Unable to click on object 'Object Repository/Page_Announcements/a_Add a new topic'
	at com.kms.katalon.core.webui.keyword.internal.WebUIKeywordMain.stepFailed(WebUIKeywordMain.groovy:64)
	at com.kms.katalon.core.webui.keyword.internal.WebUIKeywordMain.runKeyword(WebUIKeywordMain.groovy:26)
	at com.kms.katalon.core.webui.keyword.builtin.ClickKeyword.click(ClickKeyword.groovy:74)
	at com.kms.katalon.core.webui.keyword.builtin.ClickKeyword.execute(ClickKeyword.groovy:40)
	at com.kms.katalon.core.keyword.internal.KeywordExecutor.executeKeywordForPlatform(KeywordExecutor.groovy:74)
	at com.kms.katalon.core.webui.keyword.WebUiBuiltInKeywords.click(WebUiBuiltInKeywords.groovy:620)
	at com.kms.katalon.core.webui.keyword.WebUiBuiltInKeywords$click$1.call(Unknown Source)
	at Teacher create announcement (video).run(Teacher create announcement (video):30)
	at com.kms.katalon.core.main.ScriptEngine.run(ScriptEngine.java:194)
	at com.kms.katalon.core.main.ScriptEngine.runScriptAsRawText(ScriptEngine.java:119)
	at com.kms.katalon.core.main.TestCaseExecutor.runScript(TestCaseExecutor.java:442)
	at com.kms.katalon.core.main.TestCaseExecutor.doExecute(TestCaseExecutor.java:433)
	at com.kms.katalon.core.main.TestCaseExecutor.processExecutionPhase(TestCaseExecutor.java:412)
	at com.kms.katalon.core.main.TestCaseExecutor.accessMainPhase(TestCaseExecutor.java:404)
	at com.kms.katalon.core.main.TestCaseExecutor.execute(TestCaseExecutor.java:281)
	at com.kms.katalon.core.main.TestSuiteExecutor.accessTestCaseMainPhase(TestSuiteExecutor.java:202)
	at com.kms.katalon.core.main.TestSuiteExecutor.accessTestSuiteMainPhase(TestSuiteExecutor.java:164)
	at com.kms.katalon.core.main.TestSuiteExecutor.execute(TestSuiteExecutor.java:105)
	at com.kms.katalon.core.main.TestCaseMain.startTestSuite(TestCaseMain.java:181)
	at com.kms.katalon.core.main.TestCaseMain$startTestSuite$0.call(Unknown Source)
	at TempTestSuite1642136404214.run(TempTestSuite1642136404214.groovy:36)
Caused by: com.kms.katalon.core.webui.exception.WebElementNotFoundException: Web element with id: 'Object Repository/Page_Announcements/a_Add a new topic' located by '//a[contains(text(),'Add a new topic')]' not found
	at com.kms.katalon.core.webui.common.WebUiCommonHelper.findWebElement(WebUiCommonHelper.java:1368)
	at com.kms.katalon.core.webui.keyword.internal.WebUIAbstractKeyword.findWebElement(WebUIAbstractKeyword.groovy:27)
	at com.kms.katalon.core.webui.keyword.builtin.ClickKeyword$_click_closure1.doCall(ClickKeyword.groovy:65)
	at com.kms.katalon.core.webui.keyword.builtin.ClickKeyword$_click_closure1.call(ClickKeyword.groovy)
	at com.kms.katalon.core.webui.keyword.internal.WebUIKeywordMain.runKeyword(WebUIKeywordMain.groovy:20)
	... 19 more
"/>
         <system-out><![CDATA[2022-01-14 12:09:45 - [TEST_CASE][FAILED] - Test Cases/Teacher create announcement (video): Test Cases/Teacher create announcement (video) FAILED.
Reason:
com.kms.katalon.core.exception.StepFailedException: Unable to click on object 'Object Repository/Page_Announcements/a_Add a new topic'
	at com.kms.katalon.core.webui.keyword.internal.WebUIKeywordMain.stepFailed(WebUIKeywordMain.groovy:64)
	at com.kms.katalon.core.webui.keyword.internal.WebUIKeywordMain.runKeyword(WebUIKeywordMain.groovy:26)
	at com.kms.katalon.core.webui.keyword.builtin.ClickKeyword.click(ClickKeyword.groovy:74)
	at com.kms.katalon.core.webui.keyword.builtin.ClickKeyword.execute(ClickKeyword.groovy:40)
	at com.kms.katalon.core.keyword.internal.KeywordExecutor.executeKeywordForPlatform(KeywordExecutor.groovy:74)
	at com.kms.katalon.core.webui.keyword.WebUiBuiltInKeywords.click(WebUiBuiltInKeywords.groovy:620)
	at com.kms.katalon.core.webui.keyword.WebUiBuiltInKeywords$click$1.call(Unknown Source)
	at Teacher create announcement (video).run(Teacher create announcement (video):30)
	at com.kms.katalon.core.main.ScriptEngine.run(ScriptEngine.java:194)
	at com.kms.katalon.core.main.ScriptEngine.runScriptAsRawText(ScriptEngine.java:119)
	at com.kms.katalon.core.main.TestCaseExecutor.runScript(TestCaseExecutor.java:442)
	at com.kms.katalon.core.main.TestCaseExecutor.doExecute(TestCaseExecutor.java:433)
	at com.kms.katalon.core.main.TestCaseExecutor.processExecutionPhase(TestCaseExecutor.java:412)
	at com.kms.katalon.core.main.TestCaseExecutor.accessMainPhase(TestCaseExecutor.java:404)
	at com.kms.katalon.core.main.TestCaseExecutor.execute(TestCaseExecutor.java:281)
	at com.kms.katalon.core.main.TestSuiteExecutor.accessTestCaseMainPhase(TestSuiteExecutor.java:202)
	at com.kms.katalon.core.main.TestSuiteExecutor.accessTestSuiteMainPhase(TestSuiteExecutor.java:164)
	at com.kms.katalon.core.main.TestSuiteExecutor.execute(TestSuiteExecutor.java:105)
	at com.kms.katalon.core.main.TestCaseMain.startTestSuite(TestCaseMain.java:181)
	at com.kms.katalon.core.main.TestCaseMain$startTestSuite$0.call(Unknown Source)
	at TempTestSuite1642136404214.run(TempTestSuite1642136404214.groovy:36)
Caused by: com.kms.katalon.core.webui.exception.WebElementNotFoundException: Web element with id: 'Object Repository/Page_Announcements/a_Add a new topic' located by '//a[contains(text(),'Add a new topic')]' not found
	at com.kms.katalon.core.webui.common.WebUiCommonHelper.findWebElement(WebUiCommonHelper.java:1368)
	at com.kms.katalon.core.webui.keyword.internal.WebUIAbstractKeyword.findWebElement(WebUIAbstractKeyword.groovy:27)
	at com.kms.katalon.core.webui.keyword.builtin.ClickKeyword$_click_closure1.doCall(ClickKeyword.groovy:65)
	at com.kms.katalon.core.webui.keyword.builtin.ClickKeyword$_click_closure1.call(ClickKeyword.groovy)
	at com.kms.katalon.core.webui.keyword.internal.WebUIKeywordMain.runKeyword(WebUIKeywordMain.groovy:20)
	... 19 more


2022-01-14 12:09:45 - [TEST_STEP][PASSED] - callTestCase(findTestCase("Login as user (teacher)"), [:], STOP_ON_FAILURE): Call Test Case 'Test Cases/Login as user (teacher)' successfully

2022-01-14 12:09:45 - [TEST_CASE][PASSED] - Test Cases/Login as user (teacher): Test Cases/Login as user (teacher)

2022-01-14 12:09:45 - [TEST_STEP][PASSED] - openBrowser(""): Browser is opened with url: ''

2022-01-14 12:09:45 - [MESSAGE][WARNING] - A browser is already opened. Closing browser and opening a new one

2022-01-14 12:09:46 - [MESSAGE][INFO] - Starting 'Edge Chromium' driver

2022-01-14 12:09:46 - [MESSAGE][INFO] - Action delay is set to 0 milliseconds

2022-01-14 12:09:48 - [MESSAGE][PASSED] - Browser is opened with url: ''

2022-01-14 12:09:48 - [TEST_STEP][PASSED] - maximizeWindow(): Current window maximized

2022-01-14 12:09:48 - [MESSAGE][PASSED] - Current window maximized

2022-01-14 12:09:48 - [TEST_STEP][PASSED] - navigateToUrl("http://localhost/"): Navigate to 'http://localhost/' successfully

2022-01-14 12:09:48 - [MESSAGE][PASSED] - Navigate to 'http://localhost/' successfully

2022-01-14 12:09:48 - [TEST_STEP][PASSED] - click(findTestObject("Object Repository/Page_My Moodle/a_Log in")): Object: 'Object Repository/Page_My Moodle/a_Log in' is clicked on

2022-01-14 12:09:49 - [MESSAGE][PASSED] - Object: 'Object Repository/Page_My Moodle/a_Log in' is clicked on

2022-01-14 12:09:49 - [TEST_STEP][PASSED] - setText(findTestObject("Object Repository/Page_My Moodle Log in to the site/input_Username_username"), "teacher"): Text 'teacher' is set on object 'Object Repository/Page_My Moodle Log in to the site/input_Username_username'

2022-01-14 12:09:50 - [MESSAGE][PASSED] - Text 'teacher' is set on object 'Object Repository/Page_My Moodle Log in to the site/input_Username_username'

2022-01-14 12:09:50 - [TEST_STEP][PASSED] - setEncryptedText(findTestObject("Object Repository/Page_My Moodle Log in to the site/input_Password_password"), "3fJEwIvstDDnFTEIk7299A=="): Text ****** has been set on object 'Object Repository/Page_My Moodle Log in to the site/input_Password_password'

2022-01-14 12:09:50 - [MESSAGE][PASSED] - Text ****** has been set on object 'Object Repository/Page_My Moodle Log in to the site/input_Password_password'

2022-01-14 12:09:50 - [TEST_STEP][PASSED] - click(findTestObject("Object Repository/Page_My Moodle Log in to the site/button_Log in")): Object: 'Object Repository/Page_My Moodle Log in to the site/button_Log in' is clicked on

2022-01-14 12:09:52 - [MESSAGE][PASSED] - Object: 'Object Repository/Page_My Moodle Log in to the site/button_Log in' is clicked on

2022-01-14 12:09:52 - [MESSAGE][PASSED] - Call Test Case 'Test Cases/Login as user (teacher)' successfully

2022-01-14 12:09:52 - [TEST_STEP][PASSED] - click(findTestObject("Object Repository/Page_Dashboard/a_Site home")): Object: 'Object Repository/Page_Dashboard/a_Site home' is clicked on

2022-01-14 12:09:53 - [MESSAGE][PASSED] - Object: 'Object Repository/Page_Dashboard/a_Site home' is clicked on

2022-01-14 12:09:53 - [TEST_STEP][PASSED] - navigateToUrl("http://localhost/?redirect=0"): Navigate to 'http://localhost/?redirect=0' successfully

2022-01-14 12:09:54 - [MESSAGE][PASSED] - Navigate to 'http://localhost/?redirect=0' successfully

2022-01-14 12:09:54 - [TEST_STEP][PASSED] - click(findTestObject("Object Repository/Page_My Moodle/a_Phn tch v qun l yu cu phn mm")): Object: 'Object Repository/Page_My Moodle/a_Phn tch v qun l yu cu phn mm' is clicked on

2022-01-14 12:09:55 - [MESSAGE][PASSED] - Object: 'Object Repository/Page_My Moodle/a_Phn tch v qun l yu cu phn mm' is clicked on

2022-01-14 12:09:55 - [TEST_STEP][PASSED] - click(findTestObject("Object Repository/Page_Course Phn tch v qun l yu cu phn mm/span_Announcements Forum")): Object: 'Object Repository/Page_Course Phn tch v qun l yu cu phn mm/span_Announcements Forum' is clicked on

2022-01-14 12:09:56 - [MESSAGE][PASSED] - Object: 'Object Repository/Page_Course Phn tch v qun l yu cu phn mm/span_Announcements Forum' is clicked on

2022-01-14 12:09:56 - [TEST_STEP][FAILED] - click(findTestObject("Object Repository/Page_Announcements/a_Add a new topic")): Unable to click on object 'Object Repository/Page_Announcements/a_Add a new topic' (Root cause: com.kms.katalon.core.exception.StepFailedException: Unable to click on object 'Object Repository/Page_Announcements/a_Add a new topic'
	at com.kms.katalon.core.webui.keyword.internal.WebUIKeywordMain.stepFailed(WebUIKeywordMain.groovy:64)
	at com.kms.katalon.core.webui.keyword.internal.WebUIKeywordMain.runKeyword(WebUIKeywordMain.groovy:26)
	at com.kms.katalon.core.webui.keyword.builtin.ClickKeyword.click(ClickKeyword.groovy:74)
	at com.kms.katalon.core.webui.keyword.builtin.ClickKeyword.execute(ClickKeyword.groovy:40)
	at com.kms.katalon.core.keyword.internal.KeywordExecutor.executeKeywordForPlatform(KeywordExecutor.groovy:74)
	at com.kms.katalon.core.webui.keyword.WebUiBuiltInKeywords.click(WebUiBuiltInKeywords.groovy:620)
	at com.kms.katalon.core.webui.keyword.WebUiBuiltInKeywords$click$1.call(Unknown Source)
	at Teacher create announcement (video).run(Teacher create announcement (video):30)
	at com.kms.katalon.core.main.ScriptEngine.run(ScriptEngine.java:194)
	at com.kms.katalon.core.main.ScriptEngine.runScriptAsRawText(ScriptEngine.java:119)
	at com.kms.katalon.core.main.TestCaseExecutor.runScript(TestCaseExecutor.java:442)
	at com.kms.katalon.core.main.TestCaseExecutor.doExecute(TestCaseExecutor.java:433)
	at com.kms.katalon.core.main.TestCaseExecutor.processExecutionPhase(TestCaseExecutor.java:412)
	at com.kms.katalon.core.main.TestCaseExecutor.accessMainPhase(TestCaseExecutor.java:404)
	at com.kms.katalon.core.main.TestCaseExecutor.execute(TestCaseExecutor.java:281)
	at com.kms.katalon.core.main.TestSuiteExecutor.accessTestCaseMainPhase(TestSuiteExecutor.java:202)
	at com.kms.katalon.core.main.TestSuiteExecutor.accessTestSuiteMainPhase(TestSuiteExecutor.java:164)
	at com.kms.katalon.core.main.TestSuiteExecutor.execute(TestSuiteExecutor.java:105)
	at com.kms.katalon.core.main.TestCaseMain.startTestSuite(TestCaseMain.java:181)
	at com.kms.katalon.core.main.TestCaseMain$startTestSuite$0.call(Unknown Source)
	at TempTestSuite1642136404214.run(TempTestSuite1642136404214.groovy:36)
Caused by: com.kms.katalon.core.webui.exception.WebElementNotFoundException: Web element with id: 'Object Repository/Page_Announcements/a_Add a new topic' located by '//a[contains(text(),'Add a new topic')]' not found
	at com.kms.katalon.core.webui.common.WebUiCommonHelper.findWebElement(WebUiCommonHelper.java:1368)
	at com.kms.katalon.core.webui.keyword.internal.WebUIAbstractKeyword.findWebElement(WebUIAbstractKeyword.groovy:27)
	at com.kms.katalon.core.webui.keyword.builtin.ClickKeyword$_click_closure1.doCall(ClickKeyword.groovy:65)
	at com.kms.katalon.core.webui.keyword.builtin.ClickKeyword$_click_closure1.call(ClickKeyword.groovy)
	at com.kms.katalon.core.webui.keyword.internal.WebUIKeywordMain.runKeyword(WebUIKeywordMain.groovy:20)
	at com.kms.katalon.core.webui.keyword.builtin.ClickKeyword.click(ClickKeyword.groovy:74)
	at com.kms.katalon.core.webui.keyword.builtin.ClickKeyword.execute(ClickKeyword.groovy:40)
	at com.kms.katalon.core.keyword.internal.KeywordExecutor.executeKeywordForPlatform(KeywordExecutor.groovy:74)
	at com.kms.katalon.core.webui.keyword.WebUiBuiltInKeywords.click(WebUiBuiltInKeywords.groovy:620)
	at com.kms.katalon.core.webui.keyword.WebUiBuiltInKeywords$click$1.call(Unknown Source)
	at Script1641608059542.run(Script1641608059542.groovy:30)
	... 13 more
)

2022-01-14 12:10:27 - [MESSAGE][INFO] - Unable to find the element located by 'By.xpath: //a[contains(text(),'Add a new topic')]'. Please recheck the objects properties to make sure the desired element is located. 

2022-01-14 12:10:27 - [MESSAGE][FAILED] - Unable to click on object 'Object Repository/Page_Announcements/a_Add a new topic' (Root cause: com.kms.katalon.core.exception.StepFailedException: Unable to click on object 'Object Repository/Page_Announcements/a_Add a new topic'
	at com.kms.katalon.core.webui.keyword.internal.WebUIKeywordMain.stepFailed(WebUIKeywordMain.groovy:64)
	at com.kms.katalon.core.webui.keyword.internal.WebUIKeywordMain.runKeyword(WebUIKeywordMain.groovy:26)
	at com.kms.katalon.core.webui.keyword.builtin.ClickKeyword.click(ClickKeyword.groovy:74)
	at com.kms.katalon.core.webui.keyword.builtin.ClickKeyword.execute(ClickKeyword.groovy:40)
	at com.kms.katalon.core.keyword.internal.KeywordExecutor.executeKeywordForPlatform(KeywordExecutor.groovy:74)
	at com.kms.katalon.core.webui.keyword.WebUiBuiltInKeywords.click(WebUiBuiltInKeywords.groovy:620)
	at com.kms.katalon.core.webui.keyword.WebUiBuiltInKeywords$click$1.call(Unknown Source)
	at Teacher create announcement (video).run(Teacher create announcement (video):30)
	at com.kms.katalon.core.main.ScriptEngine.run(ScriptEngine.java:194)
	at com.kms.katalon.core.main.ScriptEngine.runScriptAsRawText(ScriptEngine.java:119)
	at com.kms.katalon.core.main.TestCaseExecutor.runScript(TestCaseExecutor.java:442)
	at com.kms.katalon.core.main.TestCaseExecutor.doExecute(TestCaseExecutor.java:433)
	at com.kms.katalon.core.main.TestCaseExecutor.processExecutionPhase(TestCaseExecutor.java:412)
	at com.kms.katalon.core.main.TestCaseExecutor.accessMainPhase(TestCaseExecutor.java:404)
	at com.kms.katalon.core.main.TestCaseExecutor.execute(TestCaseExecutor.java:281)
	at com.kms.katalon.core.main.TestSuiteExecutor.accessTestCaseMainPhase(TestSuiteExecutor.java:202)
	at com.kms.katalon.core.main.TestSuiteExecutor.accessTestSuiteMainPhase(TestSuiteExecutor.java:164)
	at com.kms.katalon.core.main.TestSuiteExecutor.execute(TestSuiteExecutor.java:105)
	at com.kms.katalon.core.main.TestCaseMain.startTestSuite(TestCaseMain.java:181)
	at com.kms.katalon.core.main.TestCaseMain$startTestSuite$0.call(Unknown Source)
	at TempTestSuite1642136404214.run(TempTestSuite1642136404214.groovy:36)
Caused by: com.kms.katalon.core.webui.exception.WebElementNotFoundException: Web element with id: 'Object Repository/Page_Announcements/a_Add a new topic' located by '//a[contains(text(),'Add a new topic')]' not found
	at com.kms.katalon.core.webui.common.WebUiCommonHelper.findWebElement(WebUiCommonHelper.java:1368)
	at com.kms.katalon.core.webui.keyword.internal.WebUIAbstractKeyword.findWebElement(WebUIAbstractKeyword.groovy:27)
	at com.kms.katalon.core.webui.keyword.builtin.ClickKeyword$_click_closure1.doCall(ClickKeyword.groovy:65)
	at com.kms.katalon.core.webui.keyword.builtin.ClickKeyword$_click_closure1.call(ClickKeyword.groovy)
	at com.kms.katalon.core.webui.keyword.internal.WebUIKeywordMain.runKeyword(WebUIKeywordMain.groovy:20)
	at com.kms.katalon.core.webui.keyword.builtin.ClickKeyword.click(ClickKeyword.groovy:74)
	at com.kms.katalon.core.webui.keyword.builtin.ClickKeyword.execute(ClickKeyword.groovy:40)
	at com.kms.katalon.core.keyword.internal.KeywordExecutor.executeKeywordForPlatform(KeywordExecutor.groovy:74)
	at com.kms.katalon.core.webui.keyword.WebUiBuiltInKeywords.click(WebUiBuiltInKeywords.groovy:620)
	at com.kms.katalon.core.webui.keyword.WebUiBuiltInKeywords$click$1.call(Unknown Source)
	at Script1641608059542.run(Script1641608059542.groovy:30)
	... 13 more
)
[[ATTACHMENT|D:\\Test-Automation---SE-Bonus\\Reports\\20220114_120004\\Run all test cases\\20220114_120004\\1642137027339.png]]]]></system-out>
         <system-err><![CDATA[2022-01-14 12:09:45 - [TEST_CASE][FAILED] - Test Cases/Teacher create announcement (video): Test Cases/Teacher create announcement (video) FAILED.
Reason:
com.kms.katalon.core.exception.StepFailedException: Unable to click on object 'Object Repository/Page_Announcements/a_Add a new topic'
	at com.kms.katalon.core.webui.keyword.internal.WebUIKeywordMain.stepFailed(WebUIKeywordMain.groovy:64)
	at com.kms.katalon.core.webui.keyword.internal.WebUIKeywordMain.runKeyword(WebUIKeywordMain.groovy:26)
	at com.kms.katalon.core.webui.keyword.builtin.ClickKeyword.click(ClickKeyword.groovy:74)
	at com.kms.katalon.core.webui.keyword.builtin.ClickKeyword.execute(ClickKeyword.groovy:40)
	at com.kms.katalon.core.keyword.internal.KeywordExecutor.executeKeywordForPlatform(KeywordExecutor.groovy:74)
	at com.kms.katalon.core.webui.keyword.WebUiBuiltInKeywords.click(WebUiBuiltInKeywords.groovy:620)
	at com.kms.katalon.core.webui.keyword.WebUiBuiltInKeywords$click$1.call(Unknown Source)
	at Teacher create announcement (video).run(Teacher create announcement (video):30)
	at com.kms.katalon.core.main.ScriptEngine.run(ScriptEngine.java:194)
	at com.kms.katalon.core.main.ScriptEngine.runScriptAsRawText(ScriptEngine.java:119)
	at com.kms.katalon.core.main.TestCaseExecutor.runScript(TestCaseExecutor.java:442)
	at com.kms.katalon.core.main.TestCaseExecutor.doExecute(TestCaseExecutor.java:433)
	at com.kms.katalon.core.main.TestCaseExecutor.processExecutionPhase(TestCaseExecutor.java:412)
	at com.kms.katalon.core.main.TestCaseExecutor.accessMainPhase(TestCaseExecutor.java:404)
	at com.kms.katalon.core.main.TestCaseExecutor.execute(TestCaseExecutor.java:281)
	at com.kms.katalon.core.main.TestSuiteExecutor.accessTestCaseMainPhase(TestSuiteExecutor.java:202)
	at com.kms.katalon.core.main.TestSuiteExecutor.accessTestSuiteMainPhase(TestSuiteExecutor.java:164)
	at com.kms.katalon.core.main.TestSuiteExecutor.execute(TestSuiteExecutor.java:105)
	at com.kms.katalon.core.main.TestCaseMain.startTestSuite(TestCaseMain.java:181)
	at com.kms.katalon.core.main.TestCaseMain$startTestSuite$0.call(Unknown Source)
	at TempTestSuite1642136404214.run(TempTestSuite1642136404214.groovy:36)
Caused by: com.kms.katalon.core.webui.exception.WebElementNotFoundException: Web element with id: 'Object Repository/Page_Announcements/a_Add a new topic' located by '//a[contains(text(),'Add a new topic')]' not found
	at com.kms.katalon.core.webui.common.WebUiCommonHelper.findWebElement(WebUiCommonHelper.java:1368)
	at com.kms.katalon.core.webui.keyword.internal.WebUIAbstractKeyword.findWebElement(WebUIAbstractKeyword.groovy:27)
	at com.kms.katalon.core.webui.keyword.builtin.ClickKeyword$_click_closure1.doCall(ClickKeyword.groovy:65)
	at com.kms.katalon.core.webui.keyword.builtin.ClickKeyword$_click_closure1.call(ClickKeyword.groovy)
	at com.kms.katalon.core.webui.keyword.internal.WebUIKeywordMain.runKeyword(WebUIKeywordMain.groovy:20)
	... 19 more]]></system-err>
      </testcase>
      <testcase name="Test Cases/Teacher create assignment" time="53.988" classname="Test Cases/Teacher create assignment" status="PASSED">
         <system-out><![CDATA[2022-01-14 12:10:27 - [TEST_CASE][PASSED] - Test Cases/Teacher create assignment: Test Cases/Teacher create assignment

2022-01-14 12:10:27 - [TEST_STEP][PASSED] - callTestCase(findTestCase("Login as user (teacher)"), [:], STOP_ON_FAILURE): Call Test Case 'Test Cases/Login as user (teacher)' successfully

2022-01-14 12:10:27 - [TEST_CASE][PASSED] - Test Cases/Login as user (teacher): Test Cases/Login as user (teacher)

2022-01-14 12:10:27 - [TEST_STEP][PASSED] - openBrowser(""): Browser is opened with url: ''

2022-01-14 12:10:27 - [MESSAGE][WARNING] - A browser is already opened. Closing browser and opening a new one

2022-01-14 12:10:28 - [MESSAGE][INFO] - Starting 'Edge Chromium' driver

2022-01-14 12:10:29 - [MESSAGE][INFO] - Action delay is set to 0 milliseconds

2022-01-14 12:10:30 - [MESSAGE][PASSED] - Browser is opened with url: ''

2022-01-14 12:10:30 - [TEST_STEP][PASSED] - maximizeWindow(): Current window maximized

2022-01-14 12:10:30 - [MESSAGE][PASSED] - Current window maximized

2022-01-14 12:10:30 - [TEST_STEP][PASSED] - navigateToUrl("http://localhost/"): Navigate to 'http://localhost/' successfully

2022-01-14 12:10:31 - [MESSAGE][PASSED] - Navigate to 'http://localhost/' successfully

2022-01-14 12:10:31 - [TEST_STEP][PASSED] - click(findTestObject("Object Repository/Page_My Moodle/a_Log in")): Object: 'Object Repository/Page_My Moodle/a_Log in' is clicked on

2022-01-14 12:10:32 - [MESSAGE][PASSED] - Object: 'Object Repository/Page_My Moodle/a_Log in' is clicked on

2022-01-14 12:10:32 - [TEST_STEP][PASSED] - setText(findTestObject("Object Repository/Page_My Moodle Log in to the site/input_Username_username"), "teacher"): Text 'teacher' is set on object 'Object Repository/Page_My Moodle Log in to the site/input_Username_username'

2022-01-14 12:10:32 - [MESSAGE][PASSED] - Text 'teacher' is set on object 'Object Repository/Page_My Moodle Log in to the site/input_Username_username'

2022-01-14 12:10:32 - [TEST_STEP][PASSED] - setEncryptedText(findTestObject("Object Repository/Page_My Moodle Log in to the site/input_Password_password"), "3fJEwIvstDDnFTEIk7299A=="): Text ****** has been set on object 'Object Repository/Page_My Moodle Log in to the site/input_Password_password'

2022-01-14 12:10:33 - [MESSAGE][PASSED] - Text ****** has been set on object 'Object Repository/Page_My Moodle Log in to the site/input_Password_password'

2022-01-14 12:10:33 - [TEST_STEP][PASSED] - click(findTestObject("Object Repository/Page_My Moodle Log in to the site/button_Log in")): Object: 'Object Repository/Page_My Moodle Log in to the site/button_Log in' is clicked on

2022-01-14 12:10:34 - [MESSAGE][PASSED] - Object: 'Object Repository/Page_My Moodle Log in to the site/button_Log in' is clicked on

2022-01-14 12:10:34 - [MESSAGE][PASSED] - Call Test Case 'Test Cases/Login as user (teacher)' successfully

2022-01-14 12:10:34 - [TEST_STEP][PASSED] - click(findTestObject("Object Repository/Page_Dashboard/a_Site home")): Object: 'Object Repository/Page_Dashboard/a_Site home' is clicked on

2022-01-14 12:10:36 - [MESSAGE][PASSED] - Object: 'Object Repository/Page_Dashboard/a_Site home' is clicked on

2022-01-14 12:10:36 - [TEST_STEP][PASSED] - navigateToUrl("http://localhost/?redirect=0"): Navigate to 'http://localhost/?redirect=0' successfully

2022-01-14 12:10:36 - [MESSAGE][PASSED] - Navigate to 'http://localhost/?redirect=0' successfully

2022-01-14 12:10:36 - [TEST_STEP][PASSED] - click(findTestObject("Object Repository/Page_My Moodle/a_Phn tch v qun l yu cu phn mm")): Object: 'Object Repository/Page_My Moodle/a_Phn tch v qun l yu cu phn mm' is clicked on

2022-01-14 12:10:37 - [MESSAGE][PASSED] - Object: 'Object Repository/Page_My Moodle/a_Phn tch v qun l yu cu phn mm' is clicked on

2022-01-14 12:10:37 - [TEST_STEP][PASSED] - click(findTestObject("Page_Course Phn tch v qun l yu cu phn mm/button_End tour"), OPTIONAL): Unable to click on object 'Object Repository/Page_Course Phn tch v qun l yu cu phn mm/button_End tour' (Root cause: com.kms.katalon.core.exception.StepFailedException: Unable to click on object 'Object Repository/Page_Course Phn tch v qun l yu cu phn mm/button_End tour'
	at com.kms.katalon.core.webui.keyword.internal.WebUIKeywordMain.stepFailed(WebUIKeywordMain.groovy:64)
	at com.kms.katalon.core.webui.keyword.internal.WebUIKeywordMain.runKeyword(WebUIKeywordMain.groovy:26)
	at com.kms.katalon.core.webui.keyword.builtin.ClickKeyword.click(ClickKeyword.groovy:74)
	at com.kms.katalon.core.webui.keyword.builtin.ClickKeyword.execute(ClickKeyword.groovy:40)
	at com.kms.katalon.core.keyword.internal.KeywordExecutor.executeKeywordForPlatform(KeywordExecutor.groovy:74)
	at com.kms.katalon.core.webui.keyword.WebUiBuiltInKeywords.click(WebUiBuiltInKeywords.groovy:608)
	at com.kms.katalon.core.webui.keyword.WebUiBuiltInKeywords$click$9.call(Unknown Source)
	at Teacher create assignment.run(Teacher create assignment:28)
	at com.kms.katalon.core.main.ScriptEngine.run(ScriptEngine.java:194)
	at com.kms.katalon.core.main.ScriptEngine.runScriptAsRawText(ScriptEngine.java:119)
	at com.kms.katalon.core.main.TestCaseExecutor.runScript(TestCaseExecutor.java:442)
	at com.kms.katalon.core.main.TestCaseExecutor.doExecute(TestCaseExecutor.java:433)
	at com.kms.katalon.core.main.TestCaseExecutor.processExecutionPhase(TestCaseExecutor.java:412)
	at com.kms.katalon.core.main.TestCaseExecutor.accessMainPhase(TestCaseExecutor.java:404)
	at com.kms.katalon.core.main.TestCaseExecutor.execute(TestCaseExecutor.java:281)
	at com.kms.katalon.core.main.TestSuiteExecutor.accessTestCaseMainPhase(TestSuiteExecutor.java:202)
	at com.kms.katalon.core.main.TestSuiteExecutor.accessTestSuiteMainPhase(TestSuiteExecutor.java:164)
	at com.kms.katalon.core.main.TestSuiteExecutor.execute(TestSuiteExecutor.java:105)
	at com.kms.katalon.core.main.TestCaseMain.startTestSuite(TestCaseMain.java:181)
	at com.kms.katalon.core.main.TestCaseMain$startTestSuite$0.call(Unknown Source)
	at TempTestSuite1642136404214.run(TempTestSuite1642136404214.groovy:36)
Caused by: com.kms.katalon.core.webui.exception.WebElementNotFoundException: Web element with id: 'Object Repository/Page_Course Phn tch v qun l yu cu phn mm/button_End tour' located by '(.//*[normalize-space(text()) and normalize-space(.)='Next'])[1]/following::button[1]' not found
	at com.kms.katalon.core.webui.common.WebUiCommonHelper.findWebElement(WebUiCommonHelper.java:1368)
	at com.kms.katalon.core.webui.keyword.internal.WebUIAbstractKeyword.findWebElement(WebUIAbstractKeyword.groovy:27)
	at com.kms.katalon.core.webui.keyword.builtin.ClickKeyword$_click_closure1.doCall(ClickKeyword.groovy:65)
	at com.kms.katalon.core.webui.keyword.builtin.ClickKeyword$_click_closure1.call(ClickKeyword.groovy)
	at com.kms.katalon.core.webui.keyword.internal.WebUIKeywordMain.runKeyword(WebUIKeywordMain.groovy:20)
	at com.kms.katalon.core.webui.keyword.builtin.ClickKeyword.click(ClickKeyword.groovy:74)
	at com.kms.katalon.core.webui.keyword.builtin.ClickKeyword.execute(ClickKeyword.groovy:40)
	at com.kms.katalon.core.keyword.internal.KeywordExecutor.executeKeywordForPlatform(KeywordExecutor.groovy:74)
	at com.kms.katalon.core.webui.keyword.WebUiBuiltInKeywords.click(WebUiBuiltInKeywords.groovy:608)
	at com.kms.katalon.core.webui.keyword.WebUiBuiltInKeywords$click$9.call(Unknown Source)
	at Script1641610973707.run(Script1641610973707.groovy:28)
	... 13 more
)

2022-01-14 12:11:08 - [MESSAGE][INFO] - Unable to find the element located by 'By.xpath: (.//*[normalize-space(text()) and normalize-space(.)='Next'])[1]/following::button[1]'. Please recheck the objects properties to make sure the desired element is located. 

2022-01-14 12:11:08 - [MESSAGE][WARNING] - Unable to click on object 'Object Repository/Page_Course Phn tch v qun l yu cu phn mm/button_End tour' (Root cause: com.kms.katalon.core.exception.StepFailedException: Unable to click on object 'Object Repository/Page_Course Phn tch v qun l yu cu phn mm/button_End tour'
	at com.kms.katalon.core.webui.keyword.internal.WebUIKeywordMain.stepFailed(WebUIKeywordMain.groovy:64)
	at com.kms.katalon.core.webui.keyword.internal.WebUIKeywordMain.runKeyword(WebUIKeywordMain.groovy:26)
	at com.kms.katalon.core.webui.keyword.builtin.ClickKeyword.click(ClickKeyword.groovy:74)
	at com.kms.katalon.core.webui.keyword.builtin.ClickKeyword.execute(ClickKeyword.groovy:40)
	at com.kms.katalon.core.keyword.internal.KeywordExecutor.executeKeywordForPlatform(KeywordExecutor.groovy:74)
	at com.kms.katalon.core.webui.keyword.WebUiBuiltInKeywords.click(WebUiBuiltInKeywords.groovy:608)
	at com.kms.katalon.core.webui.keyword.WebUiBuiltInKeywords$click$9.call(Unknown Source)
	at Teacher create assignment.run(Teacher create assignment:28)
	at com.kms.katalon.core.main.ScriptEngine.run(ScriptEngine.java:194)
	at com.kms.katalon.core.main.ScriptEngine.runScriptAsRawText(ScriptEngine.java:119)
	at com.kms.katalon.core.main.TestCaseExecutor.runScript(TestCaseExecutor.java:442)
	at com.kms.katalon.core.main.TestCaseExecutor.doExecute(TestCaseExecutor.java:433)
	at com.kms.katalon.core.main.TestCaseExecutor.processExecutionPhase(TestCaseExecutor.java:412)
	at com.kms.katalon.core.main.TestCaseExecutor.accessMainPhase(TestCaseExecutor.java:404)
	at com.kms.katalon.core.main.TestCaseExecutor.execute(TestCaseExecutor.java:281)
	at com.kms.katalon.core.main.TestSuiteExecutor.accessTestCaseMainPhase(TestSuiteExecutor.java:202)
	at com.kms.katalon.core.main.TestSuiteExecutor.accessTestSuiteMainPhase(TestSuiteExecutor.java:164)
	at com.kms.katalon.core.main.TestSuiteExecutor.execute(TestSuiteExecutor.java:105)
	at com.kms.katalon.core.main.TestCaseMain.startTestSuite(TestCaseMain.java:181)
	at com.kms.katalon.core.main.TestCaseMain$startTestSuite$0.call(Unknown Source)
	at TempTestSuite1642136404214.run(TempTestSuite1642136404214.groovy:36)
Caused by: com.kms.katalon.core.webui.exception.WebElementNotFoundException: Web element with id: 'Object Repository/Page_Course Phn tch v qun l yu cu phn mm/button_End tour' located by '(.//*[normalize-space(text()) and normalize-space(.)='Next'])[1]/following::button[1]' not found
	at com.kms.katalon.core.webui.common.WebUiCommonHelper.findWebElement(WebUiCommonHelper.java:1368)
	at com.kms.katalon.core.webui.keyword.internal.WebUIAbstractKeyword.findWebElement(WebUIAbstractKeyword.groovy:27)
	at com.kms.katalon.core.webui.keyword.builtin.ClickKeyword$_click_closure1.doCall(ClickKeyword.groovy:65)
	at com.kms.katalon.core.webui.keyword.builtin.ClickKeyword$_click_closure1.call(ClickKeyword.groovy)
	at com.kms.katalon.core.webui.keyword.internal.WebUIKeywordMain.runKeyword(WebUIKeywordMain.groovy:20)
	at com.kms.katalon.core.webui.keyword.builtin.ClickKeyword.click(ClickKeyword.groovy:74)
	at com.kms.katalon.core.webui.keyword.builtin.ClickKeyword.execute(ClickKeyword.groovy:40)
	at com.kms.katalon.core.keyword.internal.KeywordExecutor.executeKeywordForPlatform(KeywordExecutor.groovy:74)
	at com.kms.katalon.core.webui.keyword.WebUiBuiltInKeywords.click(WebUiBuiltInKeywords.groovy:608)
	at com.kms.katalon.core.webui.keyword.WebUiBuiltInKeywords$click$9.call(Unknown Source)
	at Script1641610973707.run(Script1641610973707.groovy:28)
	... 13 more
)
[[ATTACHMENT|D:\\Test-Automation---SE-Bonus\\Reports\\20220114_120004\\Run all test cases\\20220114_120004\\1642137068689.png]]

2022-01-14 12:11:08 - [TEST_STEP][PASSED] - click(findTestObject("Page_Course Thit k phn mm/button_Turn editing on")): Object: 'Object Repository/Page_Course Thit k phn mm/button_Turn editing on' is clicked on

2022-01-14 12:11:09 - [MESSAGE][PASSED] - Object: 'Object Repository/Page_Course Thit k phn mm/button_Turn editing on' is clicked on

2022-01-14 12:11:09 - [TEST_STEP][PASSED] - click(findTestObject("Object Repository/Page_Course Phn tch v qun l yu cu phn mm/span_Add an activity or resource")): Object: 'Object Repository/Page_Course Phn tch v qun l yu cu phn mm/span_Add an activity or resource' is clicked on

2022-01-14 12:11:10 - [MESSAGE][PASSED] - Object: 'Object Repository/Page_Course Phn tch v qun l yu cu phn mm/span_Add an activity or resource' is clicked on

2022-01-14 12:11:10 - [TEST_STEP][PASSED] - click(findTestObject("Page_Course Thit k phn mm/a_Assignment")): Object: 'Object Repository/Page_Course Thit k phn mm/a_Assignment' is clicked on

2022-01-14 12:11:12 - [MESSAGE][PASSED] - Object: 'Object Repository/Page_Course Thit k phn mm/a_Assignment' is clicked on

2022-01-14 12:11:12 - [TEST_STEP][PASSED] - setText(findTestObject("Object Repository/Page_Editing Assignment/input_Assignment name_name"), "Assignment #1"): Text 'Assignment #1' is set on object 'Object Repository/Page_Editing Assignment/input_Assignment name_name'

2022-01-14 12:11:14 - [MESSAGE][PASSED] - Text 'Assignment #1' is set on object 'Object Repository/Page_Editing Assignment/input_Assignment name_name'

2022-01-14 12:11:14 - [TEST_STEP][PASSED] - click(findTestObject("Object Repository/Page_Editing Assignment/input_Upon activity completion_submitbutton2")): Object: 'Object Repository/Page_Editing Assignment/input_Upon activity completion_submitbutton2' is clicked on

2022-01-14 12:11:15 - [MESSAGE][PASSED] - Object: 'Object Repository/Page_Editing Assignment/input_Upon activity completion_submitbutton2' is clicked on

2022-01-14 12:11:15 - [TEST_STEP][PASSED] - click(findTestObject("Page_Course Phn tch v qun l yu cu phn mm/button_End tour"), OPTIONAL): Object: 'Object Repository/Page_Course Phn tch v qun l yu cu phn mm/button_End tour' is clicked on

2022-01-14 12:11:17 - [MESSAGE][PASSED] - Object: 'Object Repository/Page_Course Phn tch v qun l yu cu phn mm/button_End tour' is clicked on

2022-01-14 12:11:17 - [TEST_STEP][PASSED] - click(findTestObject("Object Repository/Page_Course Phn tch v qun l yu cu phn mm/a_Trong Le")): Object: 'Object Repository/Page_Course Phn tch v qun l yu cu phn mm/a_Trong Le' is clicked on

2022-01-14 12:11:18 - [MESSAGE][PASSED] - Object: 'Object Repository/Page_Course Phn tch v qun l yu cu phn mm/a_Trong Le' is clicked on

2022-01-14 12:11:18 - [TEST_STEP][PASSED] - click(findTestObject("Object Repository/Page_Course Phn tch v qun l yu cu phn mm/span_Switch role to")): Object: 'Object Repository/Page_Course Phn tch v qun l yu cu phn mm/span_Switch role to' is clicked on

2022-01-14 12:11:19 - [MESSAGE][PASSED] - Object: 'Object Repository/Page_Course Phn tch v qun l yu cu phn mm/span_Switch role to' is clicked on

2022-01-14 12:11:19 - [TEST_STEP][PASSED] - click(findTestObject("Object Repository/Page_Switch role to/button_Student")): Object: 'Object Repository/Page_Switch role to/button_Student' is clicked on

2022-01-14 12:11:20 - [MESSAGE][PASSED] - Object: 'Object Repository/Page_Switch role to/button_Student' is clicked on

2022-01-14 12:11:20 - [TEST_STEP][PASSED] - click(findTestObject("Object Repository/Page_Course Phn tch v qun l yu cu phn mm/span_Assignment 1")): Object: 'Object Repository/Page_Course Phn tch v qun l yu cu phn mm/span_Assignment 1' is clicked on

2022-01-14 12:11:21 - [MESSAGE][PASSED] - Object: 'Object Repository/Page_Course Phn tch v qun l yu cu phn mm/span_Assignment 1' is clicked on]]></system-out>
         <system-err><![CDATA[]]></system-err>
      </testcase>
      <testcase name="Test Cases/Teacher create assignment ( with file attached )" time="23.603" classname="Test Cases/Teacher create assignment ( with file attached )" status="PASSED">
         <system-out><![CDATA[2022-01-14 12:11:21 - [TEST_CASE][PASSED] - Test Cases/Teacher create assignment ( with file attached ): Test Cases/Teacher create assignment ( with file attached )

2022-01-14 12:11:21 - [TEST_STEP][PASSED] - callTestCase(findTestCase("Login as user (teacher)"), [:], STOP_ON_FAILURE): Call Test Case 'Test Cases/Login as user (teacher)' successfully

2022-01-14 12:11:21 - [TEST_CASE][PASSED] - Test Cases/Login as user (teacher): Test Cases/Login as user (teacher)

2022-01-14 12:11:21 - [TEST_STEP][PASSED] - openBrowser(""): Browser is opened with url: ''

2022-01-14 12:11:21 - [MESSAGE][WARNING] - A browser is already opened. Closing browser and opening a new one

2022-01-14 12:11:22 - [MESSAGE][INFO] - Starting 'Edge Chromium' driver

2022-01-14 12:11:23 - [MESSAGE][INFO] - Action delay is set to 0 milliseconds

2022-01-14 12:11:24 - [MESSAGE][PASSED] - Browser is opened with url: ''

2022-01-14 12:11:24 - [TEST_STEP][PASSED] - maximizeWindow(): Current window maximized

2022-01-14 12:11:24 - [MESSAGE][PASSED] - Current window maximized

2022-01-14 12:11:24 - [TEST_STEP][PASSED] - navigateToUrl("http://localhost/"): Navigate to 'http://localhost/' successfully

2022-01-14 12:11:25 - [MESSAGE][PASSED] - Navigate to 'http://localhost/' successfully

2022-01-14 12:11:25 - [TEST_STEP][PASSED] - click(findTestObject("Object Repository/Page_My Moodle/a_Log in")): Object: 'Object Repository/Page_My Moodle/a_Log in' is clicked on

2022-01-14 12:11:26 - [MESSAGE][PASSED] - Object: 'Object Repository/Page_My Moodle/a_Log in' is clicked on

2022-01-14 12:11:26 - [TEST_STEP][PASSED] - setText(findTestObject("Object Repository/Page_My Moodle Log in to the site/input_Username_username"), "teacher"): Text 'teacher' is set on object 'Object Repository/Page_My Moodle Log in to the site/input_Username_username'

2022-01-14 12:11:26 - [MESSAGE][PASSED] - Text 'teacher' is set on object 'Object Repository/Page_My Moodle Log in to the site/input_Username_username'

2022-01-14 12:11:26 - [TEST_STEP][PASSED] - setEncryptedText(findTestObject("Object Repository/Page_My Moodle Log in to the site/input_Password_password"), "3fJEwIvstDDnFTEIk7299A=="): Text ****** has been set on object 'Object Repository/Page_My Moodle Log in to the site/input_Password_password'

2022-01-14 12:11:27 - [MESSAGE][PASSED] - Text ****** has been set on object 'Object Repository/Page_My Moodle Log in to the site/input_Password_password'

2022-01-14 12:11:27 - [TEST_STEP][PASSED] - click(findTestObject("Object Repository/Page_My Moodle Log in to the site/button_Log in")): Object: 'Object Repository/Page_My Moodle Log in to the site/button_Log in' is clicked on

2022-01-14 12:11:28 - [MESSAGE][PASSED] - Object: 'Object Repository/Page_My Moodle Log in to the site/button_Log in' is clicked on

2022-01-14 12:11:28 - [MESSAGE][PASSED] - Call Test Case 'Test Cases/Login as user (teacher)' successfully

2022-01-14 12:11:28 - [TEST_STEP][PASSED] - click(findTestObject("Object Repository/Page_Dashboard/span_Site home")): Object: 'Object Repository/Page_Dashboard/span_Site home' is clicked on

2022-01-14 12:11:30 - [MESSAGE][PASSED] - Object: 'Object Repository/Page_Dashboard/span_Site home' is clicked on

2022-01-14 12:11:30 - [TEST_STEP][PASSED] - navigateToUrl("http://localhost/?redirect=0"): Navigate to 'http://localhost/?redirect=0' successfully

2022-01-14 12:11:30 - [MESSAGE][PASSED] - Navigate to 'http://localhost/?redirect=0' successfully

2022-01-14 12:11:30 - [TEST_STEP][PASSED] - click(findTestObject("Object Repository/Page_My Moodle/a_Phn tch v qun l yu cu phn mm")): Object: 'Object Repository/Page_My Moodle/a_Phn tch v qun l yu cu phn mm' is clicked on

2022-01-14 12:11:31 - [MESSAGE][PASSED] - Object: 'Object Repository/Page_My Moodle/a_Phn tch v qun l yu cu phn mm' is clicked on

2022-01-14 12:11:31 - [TEST_STEP][NOT_RUN] - click(findTestObject("Page_Course Phn tch v qun l yu cu phn mm/button_End tour"), OPTIONAL): NOT_RUN: click(findTestObject("Page_Course Phn tch v qun l yu cu phn mm/button_End tour"), OPTIONAL)

2022-01-14 12:11:31 - [MESSAGE][NOT_RUN] - NOT_RUN: click(findTestObject("Page_Course Phn tch v qun l yu cu phn mm/button_End tour"), OPTIONAL)

2022-01-14 12:11:31 - [TEST_STEP][PASSED] - click(findTestObject("Object Repository/Page_Course Phn tch v qun l yu cu phn mm/button_Turn editing on")): Object: 'Object Repository/Page_Course Phn tch v qun l yu cu phn mm/button_Turn editing on' is clicked on

2022-01-14 12:11:32 - [MESSAGE][PASSED] - Object: 'Object Repository/Page_Course Phn tch v qun l yu cu phn mm/button_Turn editing on' is clicked on

2022-01-14 12:11:32 - [TEST_STEP][PASSED] - click(findTestObject("Object Repository/Page_Course Phn tch v qun l yu cu phn mm/span_Add an activity or resource")): Object: 'Object Repository/Page_Course Phn tch v qun l yu cu phn mm/span_Add an activity or resource' is clicked on

2022-01-14 12:11:33 - [MESSAGE][PASSED] - Object: 'Object Repository/Page_Course Phn tch v qun l yu cu phn mm/span_Add an activity or resource' is clicked on

2022-01-14 12:11:33 - [TEST_STEP][PASSED] - click(findTestObject("Page_Course Thit k phn mm/a_Assignment")): Object: 'Object Repository/Page_Course Thit k phn mm/a_Assignment' is clicked on

2022-01-14 12:11:35 - [MESSAGE][PASSED] - Object: 'Object Repository/Page_Course Thit k phn mm/a_Assignment' is clicked on

2022-01-14 12:11:35 - [TEST_STEP][PASSED] - setText(findTestObject("Object Repository/Page_Editing Assignment/input_Assignment name_name"), "Assignment with file"): Text 'Assignment with file' is set on object 'Object Repository/Page_Editing Assignment/input_Assignment name_name'

2022-01-14 12:11:37 - [MESSAGE][PASSED] - Text 'Assignment with file' is set on object 'Object Repository/Page_Editing Assignment/input_Assignment name_name'

2022-01-14 12:11:37 - [TEST_STEP][PASSED] - click(findTestObject("Object Repository/Page_Editing Assignment/a_- drag and drop not supported_yui_3_17_2__950dc8")): Object: 'Object Repository/Page_Editing Assignment/a_- drag and drop not supported_yui_3_17_2__950dc8' is clicked on

2022-01-14 12:11:37 - [MESSAGE][PASSED] - Object: 'Object Repository/Page_Editing Assignment/a_- drag and drop not supported_yui_3_17_2__950dc8' is clicked on

2022-01-14 12:11:37 - [TEST_STEP][PASSED] - click(findTestObject("Object Repository/Page_Editing Assignment/a_csv")): Object: 'Object Repository/Page_Editing Assignment/a_csv' is clicked on

2022-01-14 12:11:38 - [MESSAGE][PASSED] - Object: 'Object Repository/Page_Editing Assignment/a_csv' is clicked on

2022-01-14 12:11:38 - [TEST_STEP][PASSED] - click(findTestObject("Object Repository/Page_Editing Assignment/div_Search repository_yui_3_17_2_1_16416116_f5771b")): Object: 'Object Repository/Page_Editing Assignment/div_Search repository_yui_3_17_2_1_16416116_f5771b' is clicked on

2022-01-14 12:11:39 - [MESSAGE][PASSED] - Object: 'Object Repository/Page_Editing Assignment/div_Search repository_yui_3_17_2_1_16416116_f5771b' is clicked on

2022-01-14 12:11:39 - [TEST_STEP][PASSED] - click(findTestObject("Object Repository/Page_Editing Assignment/button_Select this file")): Object: 'Object Repository/Page_Editing Assignment/button_Select this file' is clicked on

2022-01-14 12:11:39 - [MESSAGE][PASSED] - Object: 'Object Repository/Page_Editing Assignment/button_Select this file' is clicked on

2022-01-14 12:11:39 - [TEST_STEP][PASSED] - click(findTestObject("Object Repository/Page_Editing Assignment/input_Upon activity completion_submitbutton2")): Object: 'Object Repository/Page_Editing Assignment/input_Upon activity completion_submitbutton2' is clicked on

2022-01-14 12:11:41 - [MESSAGE][PASSED] - Object: 'Object Repository/Page_Editing Assignment/input_Upon activity completion_submitbutton2' is clicked on

2022-01-14 12:11:41 - [TEST_STEP][PASSED] - click(findTestObject("Object Repository/Page_Course Phn tch v qun l yu cu phn mm/a_Trong Le")): Object: 'Object Repository/Page_Course Phn tch v qun l yu cu phn mm/a_Trong Le' is clicked on

2022-01-14 12:11:42 - [MESSAGE][PASSED] - Object: 'Object Repository/Page_Course Phn tch v qun l yu cu phn mm/a_Trong Le' is clicked on

2022-01-14 12:11:42 - [TEST_STEP][PASSED] - click(findTestObject("Object Repository/Page_Course Phn tch v qun l yu cu phn mm/a_Switch role to")): Object: 'Object Repository/Page_Course Phn tch v qun l yu cu phn mm/a_Switch role to' is clicked on

2022-01-14 12:11:43 - [MESSAGE][PASSED] - Object: 'Object Repository/Page_Course Phn tch v qun l yu cu phn mm/a_Switch role to' is clicked on

2022-01-14 12:11:43 - [TEST_STEP][PASSED] - click(findTestObject("Object Repository/Page_Switch role to/button_Student")): Object: 'Object Repository/Page_Switch role to/button_Student' is clicked on

2022-01-14 12:11:44 - [MESSAGE][PASSED] - Object: 'Object Repository/Page_Switch role to/button_Student' is clicked on

2022-01-14 12:11:44 - [TEST_STEP][PASSED] - click(findTestObject("Object Repository/Page_Course Phn tch v qun l yu cu phn mm/span_Assignment with file")): Object: 'Object Repository/Page_Course Phn tch v qun l yu cu phn mm/span_Assignment with file' is clicked on

2022-01-14 12:11:45 - [MESSAGE][PASSED] - Object: 'Object Repository/Page_Course Phn tch v qun l yu cu phn mm/span_Assignment with file' is clicked on]]></system-out>
         <system-err><![CDATA[]]></system-err>
      </testcase>
      <testcase name="Test Cases/Teacher create forum" time="17.686" classname="Test Cases/Teacher create forum" status="PASSED">
         <system-out><![CDATA[2022-01-14 12:11:45 - [TEST_CASE][PASSED] - Test Cases/Teacher create forum: Test Cases/Teacher create forum

2022-01-14 12:11:45 - [TEST_STEP][PASSED] - callTestCase(findTestCase("Login as user (teacher)"), [:], STOP_ON_FAILURE): Call Test Case 'Test Cases/Login as user (teacher)' successfully

2022-01-14 12:11:45 - [TEST_CASE][PASSED] - Test Cases/Login as user (teacher): Test Cases/Login as user (teacher)

2022-01-14 12:11:45 - [TEST_STEP][PASSED] - openBrowser(""): Browser is opened with url: ''

2022-01-14 12:11:45 - [MESSAGE][WARNING] - A browser is already opened. Closing browser and opening a new one

2022-01-14 12:11:46 - [MESSAGE][INFO] - Starting 'Edge Chromium' driver

2022-01-14 12:11:46 - [MESSAGE][INFO] - Action delay is set to 0 milliseconds

2022-01-14 12:11:48 - [MESSAGE][PASSED] - Browser is opened with url: ''

2022-01-14 12:11:48 - [TEST_STEP][PASSED] - maximizeWindow(): Current window maximized

2022-01-14 12:11:48 - [MESSAGE][PASSED] - Current window maximized

2022-01-14 12:11:48 - [TEST_STEP][PASSED] - navigateToUrl("http://localhost/"): Navigate to 'http://localhost/' successfully

2022-01-14 12:11:48 - [MESSAGE][PASSED] - Navigate to 'http://localhost/' successfully

2022-01-14 12:11:48 - [TEST_STEP][PASSED] - click(findTestObject("Object Repository/Page_My Moodle/a_Log in")): Object: 'Object Repository/Page_My Moodle/a_Log in' is clicked on

2022-01-14 12:11:49 - [MESSAGE][PASSED] - Object: 'Object Repository/Page_My Moodle/a_Log in' is clicked on

2022-01-14 12:11:49 - [TEST_STEP][PASSED] - setText(findTestObject("Object Repository/Page_My Moodle Log in to the site/input_Username_username"), "teacher"): Text 'teacher' is set on object 'Object Repository/Page_My Moodle Log in to the site/input_Username_username'

2022-01-14 12:11:50 - [MESSAGE][PASSED] - Text 'teacher' is set on object 'Object Repository/Page_My Moodle Log in to the site/input_Username_username'

2022-01-14 12:11:50 - [TEST_STEP][PASSED] - setEncryptedText(findTestObject("Object Repository/Page_My Moodle Log in to the site/input_Password_password"), "3fJEwIvstDDnFTEIk7299A=="): Text ****** has been set on object 'Object Repository/Page_My Moodle Log in to the site/input_Password_password'

2022-01-14 12:11:50 - [MESSAGE][PASSED] - Text ****** has been set on object 'Object Repository/Page_My Moodle Log in to the site/input_Password_password'

2022-01-14 12:11:50 - [TEST_STEP][PASSED] - click(findTestObject("Object Repository/Page_My Moodle Log in to the site/button_Log in")): Object: 'Object Repository/Page_My Moodle Log in to the site/button_Log in' is clicked on

2022-01-14 12:11:52 - [MESSAGE][PASSED] - Object: 'Object Repository/Page_My Moodle Log in to the site/button_Log in' is clicked on

2022-01-14 12:11:52 - [MESSAGE][PASSED] - Call Test Case 'Test Cases/Login as user (teacher)' successfully

2022-01-14 12:11:52 - [TEST_STEP][PASSED] - click(findTestObject("Object Repository/Page_Dashboard/span_Site home")): Object: 'Object Repository/Page_Dashboard/span_Site home' is clicked on

2022-01-14 12:11:53 - [MESSAGE][PASSED] - Object: 'Object Repository/Page_Dashboard/span_Site home' is clicked on

2022-01-14 12:11:53 - [TEST_STEP][PASSED] - navigateToUrl("http://localhost/?redirect=0"): Navigate to 'http://localhost/?redirect=0' successfully

2022-01-14 12:11:54 - [MESSAGE][PASSED] - Navigate to 'http://localhost/?redirect=0' successfully

2022-01-14 12:11:54 - [TEST_STEP][PASSED] - click(findTestObject("Object Repository/Page_My Moodle/a_Phn tch v qun l yu cu phn mm")): Object: 'Object Repository/Page_My Moodle/a_Phn tch v qun l yu cu phn mm' is clicked on

2022-01-14 12:11:55 - [MESSAGE][PASSED] - Object: 'Object Repository/Page_My Moodle/a_Phn tch v qun l yu cu phn mm' is clicked on

2022-01-14 12:11:55 - [TEST_STEP][PASSED] - click(findTestObject("Object Repository/Page_Course Phn tch v qun l yu cu phn mm/button_Turn editing on")): Object: 'Object Repository/Page_Course Phn tch v qun l yu cu phn mm/button_Turn editing on' is clicked on

2022-01-14 12:11:56 - [MESSAGE][PASSED] - Object: 'Object Repository/Page_Course Phn tch v qun l yu cu phn mm/button_Turn editing on' is clicked on

2022-01-14 12:11:56 - [TEST_STEP][PASSED] - click(findTestObject("Object Repository/Page_Course Phn tch v qun l yu cu phn mm/span_Add an activity or resource")): Object: 'Object Repository/Page_Course Phn tch v qun l yu cu phn mm/span_Add an activity or resource' is clicked on

2022-01-14 12:11:57 - [MESSAGE][PASSED] - Object: 'Object Repository/Page_Course Phn tch v qun l yu cu phn mm/span_Add an activity or resource' is clicked on

2022-01-14 12:11:57 - [TEST_STEP][PASSED] - click(findTestObject("Object Repository/Page_Course Phn tch v qun l yu cu phn mm/img_Information about the Folder activity_i_e12f9c")): Object: 'Object Repository/Page_Course Phn tch v qun l yu cu phn mm/img_Information about the Folder activity_i_e12f9c' is clicked on

2022-01-14 12:11:59 - [MESSAGE][PASSED] - Object: 'Object Repository/Page_Course Phn tch v qun l yu cu phn mm/img_Information about the Folder activity_i_e12f9c' is clicked on

2022-01-14 12:11:59 - [TEST_STEP][PASSED] - setText(findTestObject("Object Repository/Page_Editing Forum/input_Forum name_name"), "New Forum"): Text 'New Forum' is set on object 'Object Repository/Page_Editing Forum/input_Forum name_name'

2022-01-14 12:12:00 - [MESSAGE][PASSED] - Text 'New Forum' is set on object 'Object Repository/Page_Editing Forum/input_Forum name_name'

2022-01-14 12:12:00 - [TEST_STEP][PASSED] - click(findTestObject("Object Repository/Page_Editing Forum/input_Upon activity completion_submitbutton2")): Object: 'Object Repository/Page_Editing Forum/input_Upon activity completion_submitbutton2' is clicked on

2022-01-14 12:12:02 - [MESSAGE][PASSED] - Object: 'Object Repository/Page_Editing Forum/input_Upon activity completion_submitbutton2' is clicked on

2022-01-14 12:12:02 - [TEST_STEP][PASSED] - click(findTestObject("Object Repository/Page_Course Phn tch v qun l yu cu phn mm/span_New Forum")): Object: 'Object Repository/Page_Course Phn tch v qun l yu cu phn mm/span_New Forum' is clicked on

2022-01-14 12:12:02 - [MESSAGE][PASSED] - Object: 'Object Repository/Page_Course Phn tch v qun l yu cu phn mm/span_New Forum' is clicked on]]></system-out>
         <system-err><![CDATA[]]></system-err>
      </testcase>
      <testcase name="Test Cases/Teacher create group in course" time="43.412" classname="Test Cases/Teacher create group in course" status="FAILED">
         <failure type="FAILED" message="Test Cases/Teacher create group in course FAILED.
Reason:
com.kms.katalon.core.exception.StepFailedException: Unable to click on object 'Object Repository/Page_Groups/input_Groups_act_showcreateorphangroupform'
	at com.kms.katalon.core.webui.keyword.internal.WebUIKeywordMain.stepFailed(WebUIKeywordMain.groovy:64)
	at com.kms.katalon.core.webui.keyword.internal.WebUIKeywordMain.runKeyword(WebUIKeywordMain.groovy:26)
	at com.kms.katalon.core.webui.keyword.builtin.ClickKeyword.click(ClickKeyword.groovy:74)
	at com.kms.katalon.core.webui.keyword.builtin.ClickKeyword.execute(ClickKeyword.groovy:40)
	at com.kms.katalon.core.keyword.internal.KeywordExecutor.executeKeywordForPlatform(KeywordExecutor.groovy:74)
	at com.kms.katalon.core.webui.keyword.WebUiBuiltInKeywords.click(WebUiBuiltInKeywords.groovy:620)
	at com.kms.katalon.core.webui.keyword.WebUiBuiltInKeywords$click$1.call(Unknown Source)
	at Teacher create group in course.run(Teacher create group in course:34)
	at com.kms.katalon.core.main.ScriptEngine.run(ScriptEngine.java:194)
	at com.kms.katalon.core.main.ScriptEngine.runScriptAsRawText(ScriptEngine.java:119)
	at com.kms.katalon.core.main.TestCaseExecutor.runScript(TestCaseExecutor.java:442)
	at com.kms.katalon.core.main.TestCaseExecutor.doExecute(TestCaseExecutor.java:433)
	at com.kms.katalon.core.main.TestCaseExecutor.processExecutionPhase(TestCaseExecutor.java:412)
	at com.kms.katalon.core.main.TestCaseExecutor.accessMainPhase(TestCaseExecutor.java:404)
	at com.kms.katalon.core.main.TestCaseExecutor.execute(TestCaseExecutor.java:281)
	at com.kms.katalon.core.main.TestSuiteExecutor.accessTestCaseMainPhase(TestSuiteExecutor.java:202)
	at com.kms.katalon.core.main.TestSuiteExecutor.accessTestSuiteMainPhase(TestSuiteExecutor.java:164)
	at com.kms.katalon.core.main.TestSuiteExecutor.execute(TestSuiteExecutor.java:105)
	at com.kms.katalon.core.main.TestCaseMain.startTestSuite(TestCaseMain.java:181)
	at com.kms.katalon.core.main.TestCaseMain$startTestSuite$0.call(Unknown Source)
	at TempTestSuite1642136404214.run(TempTestSuite1642136404214.groovy:36)
Caused by: com.kms.katalon.core.webui.exception.WebElementNotFoundException: Web element with id: 'Object Repository/Page_Groups/input_Groups_act_showcreateorphangroupform' located by '//input[@id='showcreateorphangroupform']' not found
	at com.kms.katalon.core.webui.common.WebUiCommonHelper.findWebElement(WebUiCommonHelper.java:1368)
	at com.kms.katalon.core.webui.keyword.internal.WebUIAbstractKeyword.findWebElement(WebUIAbstractKeyword.groovy:27)
	at com.kms.katalon.core.webui.keyword.builtin.ClickKeyword$_click_closure1.doCall(ClickKeyword.groovy:65)
	at com.kms.katalon.core.webui.keyword.builtin.ClickKeyword$_click_closure1.call(ClickKeyword.groovy)
	at com.kms.katalon.core.webui.keyword.internal.WebUIKeywordMain.runKeyword(WebUIKeywordMain.groovy:20)
	... 19 more
"/>
         <system-out><![CDATA[2022-01-14 12:12:02 - [TEST_CASE][FAILED] - Test Cases/Teacher create group in course: Test Cases/Teacher create group in course FAILED.
Reason:
com.kms.katalon.core.exception.StepFailedException: Unable to click on object 'Object Repository/Page_Groups/input_Groups_act_showcreateorphangroupform'
	at com.kms.katalon.core.webui.keyword.internal.WebUIKeywordMain.stepFailed(WebUIKeywordMain.groovy:64)
	at com.kms.katalon.core.webui.keyword.internal.WebUIKeywordMain.runKeyword(WebUIKeywordMain.groovy:26)
	at com.kms.katalon.core.webui.keyword.builtin.ClickKeyword.click(ClickKeyword.groovy:74)
	at com.kms.katalon.core.webui.keyword.builtin.ClickKeyword.execute(ClickKeyword.groovy:40)
	at com.kms.katalon.core.keyword.internal.KeywordExecutor.executeKeywordForPlatform(KeywordExecutor.groovy:74)
	at com.kms.katalon.core.webui.keyword.WebUiBuiltInKeywords.click(WebUiBuiltInKeywords.groovy:620)
	at com.kms.katalon.core.webui.keyword.WebUiBuiltInKeywords$click$1.call(Unknown Source)
	at Teacher create group in course.run(Teacher create group in course:34)
	at com.kms.katalon.core.main.ScriptEngine.run(ScriptEngine.java:194)
	at com.kms.katalon.core.main.ScriptEngine.runScriptAsRawText(ScriptEngine.java:119)
	at com.kms.katalon.core.main.TestCaseExecutor.runScript(TestCaseExecutor.java:442)
	at com.kms.katalon.core.main.TestCaseExecutor.doExecute(TestCaseExecutor.java:433)
	at com.kms.katalon.core.main.TestCaseExecutor.processExecutionPhase(TestCaseExecutor.java:412)
	at com.kms.katalon.core.main.TestCaseExecutor.accessMainPhase(TestCaseExecutor.java:404)
	at com.kms.katalon.core.main.TestCaseExecutor.execute(TestCaseExecutor.java:281)
	at com.kms.katalon.core.main.TestSuiteExecutor.accessTestCaseMainPhase(TestSuiteExecutor.java:202)
	at com.kms.katalon.core.main.TestSuiteExecutor.accessTestSuiteMainPhase(TestSuiteExecutor.java:164)
	at com.kms.katalon.core.main.TestSuiteExecutor.execute(TestSuiteExecutor.java:105)
	at com.kms.katalon.core.main.TestCaseMain.startTestSuite(TestCaseMain.java:181)
	at com.kms.katalon.core.main.TestCaseMain$startTestSuite$0.call(Unknown Source)
	at TempTestSuite1642136404214.run(TempTestSuite1642136404214.groovy:36)
Caused by: com.kms.katalon.core.webui.exception.WebElementNotFoundException: Web element with id: 'Object Repository/Page_Groups/input_Groups_act_showcreateorphangroupform' located by '//input[@id='showcreateorphangroupform']' not found
	at com.kms.katalon.core.webui.common.WebUiCommonHelper.findWebElement(WebUiCommonHelper.java:1368)
	at com.kms.katalon.core.webui.keyword.internal.WebUIAbstractKeyword.findWebElement(WebUIAbstractKeyword.groovy:27)
	at com.kms.katalon.core.webui.keyword.builtin.ClickKeyword$_click_closure1.doCall(ClickKeyword.groovy:65)
	at com.kms.katalon.core.webui.keyword.builtin.ClickKeyword$_click_closure1.call(ClickKeyword.groovy)
	at com.kms.katalon.core.webui.keyword.internal.WebUIKeywordMain.runKeyword(WebUIKeywordMain.groovy:20)
	... 19 more


2022-01-14 12:12:03 - [TEST_STEP][PASSED] - callTestCase(findTestCase("Login as user (teacher)"), [:], STOP_ON_FAILURE): Call Test Case 'Test Cases/Login as user (teacher)' successfully

2022-01-14 12:12:03 - [TEST_CASE][PASSED] - Test Cases/Login as user (teacher): Test Cases/Login as user (teacher)

2022-01-14 12:12:03 - [TEST_STEP][PASSED] - openBrowser(""): Browser is opened with url: ''

2022-01-14 12:12:03 - [MESSAGE][WARNING] - A browser is already opened. Closing browser and opening a new one

2022-01-14 12:12:03 - [MESSAGE][INFO] - Starting 'Edge Chromium' driver

2022-01-14 12:12:04 - [MESSAGE][INFO] - Action delay is set to 0 milliseconds

2022-01-14 12:12:05 - [MESSAGE][PASSED] - Browser is opened with url: ''

2022-01-14 12:12:05 - [TEST_STEP][PASSED] - maximizeWindow(): Current window maximized

2022-01-14 12:12:05 - [MESSAGE][PASSED] - Current window maximized

2022-01-14 12:12:05 - [TEST_STEP][PASSED] - navigateToUrl("http://localhost/"): Navigate to 'http://localhost/' successfully

2022-01-14 12:12:06 - [MESSAGE][PASSED] - Navigate to 'http://localhost/' successfully

2022-01-14 12:12:06 - [TEST_STEP][PASSED] - click(findTestObject("Object Repository/Page_My Moodle/a_Log in")): Object: 'Object Repository/Page_My Moodle/a_Log in' is clicked on

2022-01-14 12:12:07 - [MESSAGE][PASSED] - Object: 'Object Repository/Page_My Moodle/a_Log in' is clicked on

2022-01-14 12:12:07 - [TEST_STEP][PASSED] - setText(findTestObject("Object Repository/Page_My Moodle Log in to the site/input_Username_username"), "teacher"): Text 'teacher' is set on object 'Object Repository/Page_My Moodle Log in to the site/input_Username_username'

2022-01-14 12:12:08 - [MESSAGE][PASSED] - Text 'teacher' is set on object 'Object Repository/Page_My Moodle Log in to the site/input_Username_username'

2022-01-14 12:12:08 - [TEST_STEP][PASSED] - setEncryptedText(findTestObject("Object Repository/Page_My Moodle Log in to the site/input_Password_password"), "3fJEwIvstDDnFTEIk7299A=="): Text ****** has been set on object 'Object Repository/Page_My Moodle Log in to the site/input_Password_password'

2022-01-14 12:12:08 - [MESSAGE][PASSED] - Text ****** has been set on object 'Object Repository/Page_My Moodle Log in to the site/input_Password_password'

2022-01-14 12:12:08 - [TEST_STEP][PASSED] - click(findTestObject("Object Repository/Page_My Moodle Log in to the site/button_Log in")): Object: 'Object Repository/Page_My Moodle Log in to the site/button_Log in' is clicked on

2022-01-14 12:12:09 - [MESSAGE][PASSED] - Object: 'Object Repository/Page_My Moodle Log in to the site/button_Log in' is clicked on

2022-01-14 12:12:09 - [MESSAGE][PASSED] - Call Test Case 'Test Cases/Login as user (teacher)' successfully

2022-01-14 12:12:09 - [TEST_STEP][PASSED] - click(findTestObject("Object Repository/Page_Dashboard/span_Site home")): Object: 'Object Repository/Page_Dashboard/span_Site home' is clicked on

2022-01-14 12:12:11 - [MESSAGE][PASSED] - Object: 'Object Repository/Page_Dashboard/span_Site home' is clicked on

2022-01-14 12:12:11 - [TEST_STEP][PASSED] - navigateToUrl("http://localhost/?redirect=0"): Navigate to 'http://localhost/?redirect=0' successfully

2022-01-14 12:12:11 - [MESSAGE][PASSED] - Navigate to 'http://localhost/?redirect=0' successfully

2022-01-14 12:12:11 - [TEST_STEP][PASSED] - click(findTestObject("Object Repository/Page_My Moodle/a_Phn tch v qun l yu cu phn mm")): Object: 'Object Repository/Page_My Moodle/a_Phn tch v qun l yu cu phn mm' is clicked on

2022-01-14 12:12:12 - [MESSAGE][PASSED] - Object: 'Object Repository/Page_My Moodle/a_Phn tch v qun l yu cu phn mm' is clicked on

2022-01-14 12:12:12 - [TEST_STEP][PASSED] - click(findTestObject("Object Repository/Page_Course Phn tch v qun l yu cu phn mm/span_Participants")): Object: 'Object Repository/Page_Course Phn tch v qun l yu cu phn mm/span_Participants' is clicked on

2022-01-14 12:12:13 - [MESSAGE][PASSED] - Object: 'Object Repository/Page_Course Phn tch v qun l yu cu phn mm/span_Participants' is clicked on

2022-01-14 12:12:13 - [TEST_STEP][PASSED] - click(findTestObject("Object Repository/Page_CSC13005 Participants/a_Participants_action-menu-toggle-3")): Object: 'Object Repository/Page_CSC13005 Participants/a_Participants_action-menu-toggle-3' is clicked on

2022-01-14 12:12:13 - [MESSAGE][PASSED] - Object: 'Object Repository/Page_CSC13005 Participants/a_Participants_action-menu-toggle-3' is clicked on

2022-01-14 12:12:13 - [TEST_STEP][PASSED] - click(findTestObject("Object Repository/Page_CSC13005 Participants/a_Groups")): Object: 'Object Repository/Page_CSC13005 Participants/a_Groups' is clicked on

2022-01-14 12:12:14 - [MESSAGE][PASSED] - Object: 'Object Repository/Page_CSC13005 Participants/a_Groups' is clicked on

2022-01-14 12:12:14 - [TEST_STEP][FAILED] - click(findTestObject("Object Repository/Page_Groups/input_Groups_act_showcreateorphangroupform")): Unable to click on object 'Object Repository/Page_Groups/input_Groups_act_showcreateorphangroupform' (Root cause: com.kms.katalon.core.exception.StepFailedException: Unable to click on object 'Object Repository/Page_Groups/input_Groups_act_showcreateorphangroupform'
	at com.kms.katalon.core.webui.keyword.internal.WebUIKeywordMain.stepFailed(WebUIKeywordMain.groovy:64)
	at com.kms.katalon.core.webui.keyword.internal.WebUIKeywordMain.runKeyword(WebUIKeywordMain.groovy:26)
	at com.kms.katalon.core.webui.keyword.builtin.ClickKeyword.click(ClickKeyword.groovy:74)
	at com.kms.katalon.core.webui.keyword.builtin.ClickKeyword.execute(ClickKeyword.groovy:40)
	at com.kms.katalon.core.keyword.internal.KeywordExecutor.executeKeywordForPlatform(KeywordExecutor.groovy:74)
	at com.kms.katalon.core.webui.keyword.WebUiBuiltInKeywords.click(WebUiBuiltInKeywords.groovy:620)
	at com.kms.katalon.core.webui.keyword.WebUiBuiltInKeywords$click$1.call(Unknown Source)
	at Teacher create group in course.run(Teacher create group in course:34)
	at com.kms.katalon.core.main.ScriptEngine.run(ScriptEngine.java:194)
	at com.kms.katalon.core.main.ScriptEngine.runScriptAsRawText(ScriptEngine.java:119)
	at com.kms.katalon.core.main.TestCaseExecutor.runScript(TestCaseExecutor.java:442)
	at com.kms.katalon.core.main.TestCaseExecutor.doExecute(TestCaseExecutor.java:433)
	at com.kms.katalon.core.main.TestCaseExecutor.processExecutionPhase(TestCaseExecutor.java:412)
	at com.kms.katalon.core.main.TestCaseExecutor.accessMainPhase(TestCaseExecutor.java:404)
	at com.kms.katalon.core.main.TestCaseExecutor.execute(TestCaseExecutor.java:281)
	at com.kms.katalon.core.main.TestSuiteExecutor.accessTestCaseMainPhase(TestSuiteExecutor.java:202)
	at com.kms.katalon.core.main.TestSuiteExecutor.accessTestSuiteMainPhase(TestSuiteExecutor.java:164)
	at com.kms.katalon.core.main.TestSuiteExecutor.execute(TestSuiteExecutor.java:105)
	at com.kms.katalon.core.main.TestCaseMain.startTestSuite(TestCaseMain.java:181)
	at com.kms.katalon.core.main.TestCaseMain$startTestSuite$0.call(Unknown Source)
	at TempTestSuite1642136404214.run(TempTestSuite1642136404214.groovy:36)
Caused by: com.kms.katalon.core.webui.exception.WebElementNotFoundException: Web element with id: 'Object Repository/Page_Groups/input_Groups_act_showcreateorphangroupform' located by '//input[@id='showcreateorphangroupform']' not found
	at com.kms.katalon.core.webui.common.WebUiCommonHelper.findWebElement(WebUiCommonHelper.java:1368)
	at com.kms.katalon.core.webui.keyword.internal.WebUIAbstractKeyword.findWebElement(WebUIAbstractKeyword.groovy:27)
	at com.kms.katalon.core.webui.keyword.builtin.ClickKeyword$_click_closure1.doCall(ClickKeyword.groovy:65)
	at com.kms.katalon.core.webui.keyword.builtin.ClickKeyword$_click_closure1.call(ClickKeyword.groovy)
	at com.kms.katalon.core.webui.keyword.internal.WebUIKeywordMain.runKeyword(WebUIKeywordMain.groovy:20)
	at com.kms.katalon.core.webui.keyword.builtin.ClickKeyword.click(ClickKeyword.groovy:74)
	at com.kms.katalon.core.webui.keyword.builtin.ClickKeyword.execute(ClickKeyword.groovy:40)
	at com.kms.katalon.core.keyword.internal.KeywordExecutor.executeKeywordForPlatform(KeywordExecutor.groovy:74)
	at com.kms.katalon.core.webui.keyword.WebUiBuiltInKeywords.click(WebUiBuiltInKeywords.groovy:620)
	at com.kms.katalon.core.webui.keyword.WebUiBuiltInKeywords$click$1.call(Unknown Source)
	at Script1641657692273.run(Script1641657692273.groovy:34)
	... 13 more
)

2022-01-14 12:12:46 - [MESSAGE][INFO] - Unable to find the element located by 'By.xpath: //input[@id='showcreateorphangroupform']'. Please recheck the objects properties to make sure the desired element is located. 

2022-01-14 12:12:46 - [MESSAGE][FAILED] - Unable to click on object 'Object Repository/Page_Groups/input_Groups_act_showcreateorphangroupform' (Root cause: com.kms.katalon.core.exception.StepFailedException: Unable to click on object 'Object Repository/Page_Groups/input_Groups_act_showcreateorphangroupform'
	at com.kms.katalon.core.webui.keyword.internal.WebUIKeywordMain.stepFailed(WebUIKeywordMain.groovy:64)
	at com.kms.katalon.core.webui.keyword.internal.WebUIKeywordMain.runKeyword(WebUIKeywordMain.groovy:26)
	at com.kms.katalon.core.webui.keyword.builtin.ClickKeyword.click(ClickKeyword.groovy:74)
	at com.kms.katalon.core.webui.keyword.builtin.ClickKeyword.execute(ClickKeyword.groovy:40)
	at com.kms.katalon.core.keyword.internal.KeywordExecutor.executeKeywordForPlatform(KeywordExecutor.groovy:74)
	at com.kms.katalon.core.webui.keyword.WebUiBuiltInKeywords.click(WebUiBuiltInKeywords.groovy:620)
	at com.kms.katalon.core.webui.keyword.WebUiBuiltInKeywords$click$1.call(Unknown Source)
	at Teacher create group in course.run(Teacher create group in course:34)
	at com.kms.katalon.core.main.ScriptEngine.run(ScriptEngine.java:194)
	at com.kms.katalon.core.main.ScriptEngine.runScriptAsRawText(ScriptEngine.java:119)
	at com.kms.katalon.core.main.TestCaseExecutor.runScript(TestCaseExecutor.java:442)
	at com.kms.katalon.core.main.TestCaseExecutor.doExecute(TestCaseExecutor.java:433)
	at com.kms.katalon.core.main.TestCaseExecutor.processExecutionPhase(TestCaseExecutor.java:412)
	at com.kms.katalon.core.main.TestCaseExecutor.accessMainPhase(TestCaseExecutor.java:404)
	at com.kms.katalon.core.main.TestCaseExecutor.execute(TestCaseExecutor.java:281)
	at com.kms.katalon.core.main.TestSuiteExecutor.accessTestCaseMainPhase(TestSuiteExecutor.java:202)
	at com.kms.katalon.core.main.TestSuiteExecutor.accessTestSuiteMainPhase(TestSuiteExecutor.java:164)
	at com.kms.katalon.core.main.TestSuiteExecutor.execute(TestSuiteExecutor.java:105)
	at com.kms.katalon.core.main.TestCaseMain.startTestSuite(TestCaseMain.java:181)
	at com.kms.katalon.core.main.TestCaseMain$startTestSuite$0.call(Unknown Source)
	at TempTestSuite1642136404214.run(TempTestSuite1642136404214.groovy:36)
Caused by: com.kms.katalon.core.webui.exception.WebElementNotFoundException: Web element with id: 'Object Repository/Page_Groups/input_Groups_act_showcreateorphangroupform' located by '//input[@id='showcreateorphangroupform']' not found
	at com.kms.katalon.core.webui.common.WebUiCommonHelper.findWebElement(WebUiCommonHelper.java:1368)
	at com.kms.katalon.core.webui.keyword.internal.WebUIAbstractKeyword.findWebElement(WebUIAbstractKeyword.groovy:27)
	at com.kms.katalon.core.webui.keyword.builtin.ClickKeyword$_click_closure1.doCall(ClickKeyword.groovy:65)
	at com.kms.katalon.core.webui.keyword.builtin.ClickKeyword$_click_closure1.call(ClickKeyword.groovy)
	at com.kms.katalon.core.webui.keyword.internal.WebUIKeywordMain.runKeyword(WebUIKeywordMain.groovy:20)
	at com.kms.katalon.core.webui.keyword.builtin.ClickKeyword.click(ClickKeyword.groovy:74)
	at com.kms.katalon.core.webui.keyword.builtin.ClickKeyword.execute(ClickKeyword.groovy:40)
	at com.kms.katalon.core.keyword.internal.KeywordExecutor.executeKeywordForPlatform(KeywordExecutor.groovy:74)
	at com.kms.katalon.core.webui.keyword.WebUiBuiltInKeywords.click(WebUiBuiltInKeywords.groovy:620)
	at com.kms.katalon.core.webui.keyword.WebUiBuiltInKeywords$click$1.call(Unknown Source)
	at Script1641657692273.run(Script1641657692273.groovy:34)
	... 13 more
)
[[ATTACHMENT|D:\\Test-Automation---SE-Bonus\\Reports\\20220114_120004\\Run all test cases\\20220114_120004\\1642137166063.png]]]]></system-out>
         <system-err><![CDATA[2022-01-14 12:12:02 - [TEST_CASE][FAILED] - Test Cases/Teacher create group in course: Test Cases/Teacher create group in course FAILED.
Reason:
com.kms.katalon.core.exception.StepFailedException: Unable to click on object 'Object Repository/Page_Groups/input_Groups_act_showcreateorphangroupform'
	at com.kms.katalon.core.webui.keyword.internal.WebUIKeywordMain.stepFailed(WebUIKeywordMain.groovy:64)
	at com.kms.katalon.core.webui.keyword.internal.WebUIKeywordMain.runKeyword(WebUIKeywordMain.groovy:26)
	at com.kms.katalon.core.webui.keyword.builtin.ClickKeyword.click(ClickKeyword.groovy:74)
	at com.kms.katalon.core.webui.keyword.builtin.ClickKeyword.execute(ClickKeyword.groovy:40)
	at com.kms.katalon.core.keyword.internal.KeywordExecutor.executeKeywordForPlatform(KeywordExecutor.groovy:74)
	at com.kms.katalon.core.webui.keyword.WebUiBuiltInKeywords.click(WebUiBuiltInKeywords.groovy:620)
	at com.kms.katalon.core.webui.keyword.WebUiBuiltInKeywords$click$1.call(Unknown Source)
	at Teacher create group in course.run(Teacher create group in course:34)
	at com.kms.katalon.core.main.ScriptEngine.run(ScriptEngine.java:194)
	at com.kms.katalon.core.main.ScriptEngine.runScriptAsRawText(ScriptEngine.java:119)
	at com.kms.katalon.core.main.TestCaseExecutor.runScript(TestCaseExecutor.java:442)
	at com.kms.katalon.core.main.TestCaseExecutor.doExecute(TestCaseExecutor.java:433)
	at com.kms.katalon.core.main.TestCaseExecutor.processExecutionPhase(TestCaseExecutor.java:412)
	at com.kms.katalon.core.main.TestCaseExecutor.accessMainPhase(TestCaseExecutor.java:404)
	at com.kms.katalon.core.main.TestCaseExecutor.execute(TestCaseExecutor.java:281)
	at com.kms.katalon.core.main.TestSuiteExecutor.accessTestCaseMainPhase(TestSuiteExecutor.java:202)
	at com.kms.katalon.core.main.TestSuiteExecutor.accessTestSuiteMainPhase(TestSuiteExecutor.java:164)
	at com.kms.katalon.core.main.TestSuiteExecutor.execute(TestSuiteExecutor.java:105)
	at com.kms.katalon.core.main.TestCaseMain.startTestSuite(TestCaseMain.java:181)
	at com.kms.katalon.core.main.TestCaseMain$startTestSuite$0.call(Unknown Source)
	at TempTestSuite1642136404214.run(TempTestSuite1642136404214.groovy:36)
Caused by: com.kms.katalon.core.webui.exception.WebElementNotFoundException: Web element with id: 'Object Repository/Page_Groups/input_Groups_act_showcreateorphangroupform' located by '//input[@id='showcreateorphangroupform']' not found
	at com.kms.katalon.core.webui.common.WebUiCommonHelper.findWebElement(WebUiCommonHelper.java:1368)
	at com.kms.katalon.core.webui.keyword.internal.WebUIAbstractKeyword.findWebElement(WebUIAbstractKeyword.groovy:27)
	at com.kms.katalon.core.webui.keyword.builtin.ClickKeyword$_click_closure1.doCall(ClickKeyword.groovy:65)
	at com.kms.katalon.core.webui.keyword.builtin.ClickKeyword$_click_closure1.call(ClickKeyword.groovy)
	at com.kms.katalon.core.webui.keyword.internal.WebUIKeywordMain.runKeyword(WebUIKeywordMain.groovy:20)
	... 19 more]]></system-err>
      </testcase>
      <testcase name="Test Cases/Teacher create new badge" time="18.08" classname="Test Cases/Teacher create new badge" status="PASSED">
         <system-out><![CDATA[2022-01-14 12:12:46 - [TEST_CASE][PASSED] - Test Cases/Teacher create new badge: Test Cases/Teacher create new badge

2022-01-14 12:12:46 - [TEST_STEP][PASSED] - callTestCase(findTestCase("Login as user (teacher)"), [:], STOP_ON_FAILURE): Call Test Case 'Test Cases/Login as user (teacher)' successfully

2022-01-14 12:12:46 - [TEST_CASE][PASSED] - Test Cases/Login as user (teacher): Test Cases/Login as user (teacher)

2022-01-14 12:12:46 - [TEST_STEP][PASSED] - openBrowser(""): Browser is opened with url: ''

2022-01-14 12:12:46 - [MESSAGE][WARNING] - A browser is already opened. Closing browser and opening a new one

2022-01-14 12:12:47 - [MESSAGE][INFO] - Starting 'Edge Chromium' driver

2022-01-14 12:12:47 - [MESSAGE][INFO] - Action delay is set to 0 milliseconds

2022-01-14 12:12:49 - [MESSAGE][PASSED] - Browser is opened with url: ''

2022-01-14 12:12:49 - [TEST_STEP][PASSED] - maximizeWindow(): Current window maximized

2022-01-14 12:12:49 - [MESSAGE][PASSED] - Current window maximized

2022-01-14 12:12:49 - [TEST_STEP][PASSED] - navigateToUrl("http://localhost/"): Navigate to 'http://localhost/' successfully

2022-01-14 12:12:49 - [MESSAGE][PASSED] - Navigate to 'http://localhost/' successfully

2022-01-14 12:12:49 - [TEST_STEP][PASSED] - click(findTestObject("Object Repository/Page_My Moodle/a_Log in")): Object: 'Object Repository/Page_My Moodle/a_Log in' is clicked on

2022-01-14 12:12:50 - [MESSAGE][PASSED] - Object: 'Object Repository/Page_My Moodle/a_Log in' is clicked on

2022-01-14 12:12:50 - [TEST_STEP][PASSED] - setText(findTestObject("Object Repository/Page_My Moodle Log in to the site/input_Username_username"), "teacher"): Text 'teacher' is set on object 'Object Repository/Page_My Moodle Log in to the site/input_Username_username'

2022-01-14 12:12:51 - [MESSAGE][PASSED] - Text 'teacher' is set on object 'Object Repository/Page_My Moodle Log in to the site/input_Username_username'

2022-01-14 12:12:51 - [TEST_STEP][PASSED] - setEncryptedText(findTestObject("Object Repository/Page_My Moodle Log in to the site/input_Password_password"), "3fJEwIvstDDnFTEIk7299A=="): Text ****** has been set on object 'Object Repository/Page_My Moodle Log in to the site/input_Password_password'

2022-01-14 12:12:51 - [MESSAGE][PASSED] - Text ****** has been set on object 'Object Repository/Page_My Moodle Log in to the site/input_Password_password'

2022-01-14 12:12:51 - [TEST_STEP][PASSED] - click(findTestObject("Object Repository/Page_My Moodle Log in to the site/button_Log in")): Object: 'Object Repository/Page_My Moodle Log in to the site/button_Log in' is clicked on

2022-01-14 12:12:53 - [MESSAGE][PASSED] - Object: 'Object Repository/Page_My Moodle Log in to the site/button_Log in' is clicked on

2022-01-14 12:12:53 - [MESSAGE][PASSED] - Call Test Case 'Test Cases/Login as user (teacher)' successfully

2022-01-14 12:12:53 - [TEST_STEP][PASSED] - click(findTestObject("Object Repository/Page_Dashboard/span_Site home")): Object: 'Object Repository/Page_Dashboard/span_Site home' is clicked on

2022-01-14 12:12:54 - [MESSAGE][PASSED] - Object: 'Object Repository/Page_Dashboard/span_Site home' is clicked on

2022-01-14 12:12:54 - [TEST_STEP][PASSED] - navigateToUrl("http://localhost/?redirect=0"): Navigate to 'http://localhost/?redirect=0' successfully

2022-01-14 12:12:55 - [MESSAGE][PASSED] - Navigate to 'http://localhost/?redirect=0' successfully

2022-01-14 12:12:55 - [TEST_STEP][PASSED] - click(findTestObject("Object Repository/Page_My Moodle/a_Phn tch v qun l yu cu phn mm")): Object: 'Object Repository/Page_My Moodle/a_Phn tch v qun l yu cu phn mm' is clicked on

2022-01-14 12:12:56 - [MESSAGE][PASSED] - Object: 'Object Repository/Page_My Moodle/a_Phn tch v qun l yu cu phn mm' is clicked on

2022-01-14 12:12:56 - [TEST_STEP][PASSED] - click(findTestObject("Object Repository/Page_Course Phn tch v qun l yu cu phn mm/span_Badges")): Object: 'Object Repository/Page_Course Phn tch v qun l yu cu phn mm/span_Badges' is clicked on

2022-01-14 12:12:57 - [MESSAGE][PASSED] - Object: 'Object Repository/Page_Course Phn tch v qun l yu cu phn mm/span_Badges' is clicked on

2022-01-14 12:12:57 - [TEST_STEP][PASSED] - click(findTestObject("Object Repository/Page_Phn tch v qun l yu cu phn mm Badges/button_Add a new badge")): Object: 'Object Repository/Page_Phn tch v qun l yu cu phn mm Badges/button_Add a new badge' is clicked on

2022-01-14 12:12:58 - [MESSAGE][PASSED] - Object: 'Object Repository/Page_Phn tch v qun l yu cu phn mm Badges/button_Add a new badge' is clicked on

2022-01-14 12:12:58 - [TEST_STEP][PASSED] - setText(findTestObject("Object Repository/Page_Phn tch v qun l yu cu phn mm New badge/input_Name_name"), "Badge"): Text 'Badge' is set on object 'Object Repository/Page_Phn tch v qun l yu cu phn mm New badge/input_Name_name'

2022-01-14 12:12:59 - [MESSAGE][PASSED] - Text 'Badge' is set on object 'Object Repository/Page_Phn tch v qun l yu cu phn mm New badge/input_Name_name'

2022-01-14 12:12:59 - [TEST_STEP][PASSED] - setText(findTestObject("Object Repository/Page_Phn tch v qun l yu cu phn mm New badge/textarea_Description_description"), "Badge for good students"): Text 'Badge for good students' is set on object 'Object Repository/Page_Phn tch v qun l yu cu phn mm New badge/textarea_Description_description'

2022-01-14 12:12:59 - [MESSAGE][PASSED] - Text 'Badge for good students' is set on object 'Object Repository/Page_Phn tch v qun l yu cu phn mm New badge/textarea_Description_description'

2022-01-14 12:12:59 - [TEST_STEP][PASSED] - click(findTestObject("Object Repository/Page_Phn tch v qun l yu cu phn mm New badge/input_Image_imagechoose")): Object: 'Object Repository/Page_Phn tch v qun l yu cu phn mm New badge/input_Image_imagechoose' is clicked on

2022-01-14 12:13:00 - [MESSAGE][PASSED] - Object: 'Object Repository/Page_Phn tch v qun l yu cu phn mm New badge/input_Image_imagechoose' is clicked on

2022-01-14 12:13:00 - [TEST_STEP][PASSED] - click(findTestObject("Object Repository/Page_Phn tch v qun l yu cu phn mm New badge/a_csv")): Object: 'Object Repository/Page_Phn tch v qun l yu cu phn mm New badge/a_csv' is clicked on

2022-01-14 12:13:01 - [MESSAGE][PASSED] - Object: 'Object Repository/Page_Phn tch v qun l yu cu phn mm New badge/a_csv' is clicked on

2022-01-14 12:13:01 - [TEST_STEP][PASSED] - click(findTestObject("Object Repository/Page_Phn tch v qun l yu cu phn mm New badge/div_Search repository_yui_3_17_2_1_16417349_9d5124")): Object: 'Object Repository/Page_Phn tch v qun l yu cu phn mm New badge/div_Search repository_yui_3_17_2_1_16417349_9d5124' is clicked on

2022-01-14 12:13:01 - [MESSAGE][PASSED] - Object: 'Object Repository/Page_Phn tch v qun l yu cu phn mm New badge/div_Search repository_yui_3_17_2_1_16417349_9d5124' is clicked on

2022-01-14 12:13:01 - [TEST_STEP][PASSED] - click(findTestObject("Object Repository/Page_Phn tch v qun l yu cu phn mm New badge/button_Select this file")): Object: 'Object Repository/Page_Phn tch v qun l yu cu phn mm New badge/button_Select this file' is clicked on

2022-01-14 12:13:02 - [MESSAGE][PASSED] - Object: 'Object Repository/Page_Phn tch v qun l yu cu phn mm New badge/button_Select this file' is clicked on

2022-01-14 12:13:02 - [TEST_STEP][PASSED] - click(findTestObject("Object Repository/Page_Phn tch v qun l yu cu phn mm New badge/input_Time unit_submitbutton")): Object: 'Object Repository/Page_Phn tch v qun l yu cu phn mm New badge/input_Time unit_submitbutton' is clicked on

2022-01-14 12:13:03 - [MESSAGE][PASSED] - Object: 'Object Repository/Page_Phn tch v qun l yu cu phn mm New badge/input_Time unit_submitbutton' is clicked on

2022-01-14 12:13:03 - [TEST_STEP][PASSED] - click(findTestObject("Object Repository/Page_Badge/h2_Badge")): Object: 'Object Repository/Page_Badge/h2_Badge' is clicked on

2022-01-14 12:13:04 - [MESSAGE][PASSED] - Object: 'Object Repository/Page_Badge/h2_Badge' is clicked on]]></system-out>
         <system-err><![CDATA[]]></system-err>
      </testcase>
      <testcase name="Test Cases/Admin edit course setting" time="18.406" classname="Test Cases/Admin edit course setting" status="PASSED">
         <system-out><![CDATA[2022-01-14 12:13:04 - [TEST_CASE][PASSED] - Test Cases/Admin edit course setting: Test Cases/Admin edit course setting

2022-01-14 12:13:04 - [TEST_STEP][PASSED] - callTestCase(findTestCase("Login as admin"), [:], STOP_ON_FAILURE): Call Test Case 'Test Cases/Login as admin' successfully

2022-01-14 12:13:04 - [TEST_CASE][PASSED] - Test Cases/Login as admin: Test Cases/Login as admin

2022-01-14 12:13:04 - [TEST_STEP][PASSED] - openBrowser(""): Browser is opened with url: ''

2022-01-14 12:13:04 - [MESSAGE][WARNING] - A browser is already opened. Closing browser and opening a new one

2022-01-14 12:13:05 - [MESSAGE][INFO] - Starting 'Edge Chromium' driver

2022-01-14 12:13:05 - [MESSAGE][INFO] - Action delay is set to 0 milliseconds

2022-01-14 12:13:07 - [MESSAGE][PASSED] - Browser is opened with url: ''

2022-01-14 12:13:07 - [TEST_STEP][PASSED] - navigateToUrl("http://localhost/"): Navigate to 'http://localhost/' successfully

2022-01-14 12:13:07 - [MESSAGE][PASSED] - Navigate to 'http://localhost/' successfully

2022-01-14 12:13:07 - [TEST_STEP][PASSED] - click(findTestObject("Object Repository/Page_My Moodle/a_Log in")): Object: 'Object Repository/Page_My Moodle/a_Log in' is clicked on

2022-01-14 12:13:08 - [MESSAGE][PASSED] - Object: 'Object Repository/Page_My Moodle/a_Log in' is clicked on

2022-01-14 12:13:08 - [TEST_STEP][PASSED] - setText(findTestObject("Object Repository/Page_My Moodle Log in to the site/input_Username_username"), "admin"): Text 'admin' is set on object 'Object Repository/Page_My Moodle Log in to the site/input_Username_username'

2022-01-14 12:13:09 - [MESSAGE][PASSED] - Text 'admin' is set on object 'Object Repository/Page_My Moodle Log in to the site/input_Username_username'

2022-01-14 12:13:09 - [TEST_STEP][PASSED] - setEncryptedText(findTestObject("Object Repository/Page_My Moodle Log in to the site/input_Password_password"), "7Dxoto1EjKfQbGop/Ov+1g=="): Text ****** has been set on object 'Object Repository/Page_My Moodle Log in to the site/input_Password_password'

2022-01-14 12:13:09 - [MESSAGE][PASSED] - Text ****** has been set on object 'Object Repository/Page_My Moodle Log in to the site/input_Password_password'

2022-01-14 12:13:09 - [TEST_STEP][PASSED] - click(findTestObject("Object Repository/Page_My Moodle Log in to the site/button_Log in")): Object: 'Object Repository/Page_My Moodle Log in to the site/button_Log in' is clicked on

2022-01-14 12:13:11 - [MESSAGE][PASSED] - Object: 'Object Repository/Page_My Moodle Log in to the site/button_Log in' is clicked on

2022-01-14 12:13:11 - [MESSAGE][PASSED] - Call Test Case 'Test Cases/Login as admin' successfully

2022-01-14 12:13:11 - [TEST_STEP][PASSED] - click(findTestObject("Object Repository/Page_Dashboard/span_Site administration (1)")): Object: 'Object Repository/Page_Dashboard/span_Site administration (1)' is clicked on

2022-01-14 12:13:13 - [MESSAGE][PASSED] - Object: 'Object Repository/Page_Dashboard/span_Site administration (1)' is clicked on

2022-01-14 12:13:13 - [TEST_STEP][PASSED] - navigateToUrl("http://localhost/admin/search.php"): Navigate to 'http://localhost/admin/search.php' successfully

2022-01-14 12:13:14 - [MESSAGE][PASSED] - Navigate to 'http://localhost/admin/search.php' successfully

2022-01-14 12:13:14 - [TEST_STEP][PASSED] - click(findTestObject("Object Repository/Page_Moodle Administration Search/a_Courses (1)")): Object: 'Object Repository/Page_Moodle Administration Search/a_Courses (1)' is clicked on

2022-01-14 12:13:14 - [MESSAGE][PASSED] - Object: 'Object Repository/Page_Moodle Administration Search/a_Courses (1)' is clicked on

2022-01-14 12:13:14 - [TEST_STEP][PASSED] - click(findTestObject("Object Repository/Page_Moodle Administration Search/a_Manage courses and categories")): Object: 'Object Repository/Page_Moodle Administration Search/a_Manage courses and categories' is clicked on

2022-01-14 12:13:15 - [MESSAGE][PASSED] - Object: 'Object Repository/Page_Moodle Administration Search/a_Manage courses and categories' is clicked on

2022-01-14 12:13:15 - [TEST_STEP][PASSED] - click(findTestObject("Object Repository/Page_Course and category management/a_Cng ngh thng tin")): Object: 'Object Repository/Page_Course and category management/a_Cng ngh thng tin' is clicked on

2022-01-14 12:13:16 - [MESSAGE][PASSED] - Object: 'Object Repository/Page_Course and category management/a_Cng ngh thng tin' is clicked on

2022-01-14 12:13:16 - [TEST_STEP][PASSED] - click(findTestObject("Object Repository/Page_Course and category management/a_K thut phn mm")): Object: 'Object Repository/Page_Course and category management/a_K thut phn mm' is clicked on

2022-01-14 12:13:17 - [MESSAGE][PASSED] - Object: 'Object Repository/Page_Course and category management/a_K thut phn mm' is clicked on

2022-01-14 12:13:17 - [TEST_STEP][PASSED] - click(findTestObject("Object Repository/Page_Course and category management/i_Thit k phn mm_yui_3_17_2_1_1641987529450_340")): Object: 'Object Repository/Page_Course and category management/i_Thit k phn mm_yui_3_17_2_1_1641987529450_340' is clicked on

2022-01-14 12:13:19 - [MESSAGE][PASSED] - Object: 'Object Repository/Page_Course and category management/i_Thit k phn mm_yui_3_17_2_1_1641987529450_340' is clicked on

2022-01-14 12:13:19 - [TEST_STEP][PASSED] - selectOptionByValue(findTestObject("Object Repository/Page_Edit course settings/select_Hide            Show (1)"), "1", true): All options with value '1' are selected in object 'Object Repository/Page_Edit course settings/select_Hide            Show (1)'  using regular expression

2022-01-14 12:13:21 - [MESSAGE][PASSED] - All options with value '1' are selected in object 'Object Repository/Page_Edit course settings/select_Hide            Show (1)'  using regular expression

2022-01-14 12:13:21 - [TEST_STEP][PASSED] - click(findTestObject("Object Repository/Page_Edit course settings/input__saveandreturn")): Object: 'Object Repository/Page_Edit course settings/input__saveandreturn' is clicked on

2022-01-14 12:13:22 - [MESSAGE][PASSED] - Object: 'Object Repository/Page_Edit course settings/input__saveandreturn' is clicked on]]></system-out>
         <system-err><![CDATA[]]></system-err>
      </testcase>
      <testcase name="Test Cases/Teacher create quiz" time="22.052" classname="Test Cases/Teacher create quiz" status="PASSED">
         <system-out><![CDATA[2022-01-14 12:13:22 - [TEST_CASE][PASSED] - Test Cases/Teacher create quiz: Test Cases/Teacher create quiz

2022-01-14 12:13:23 - [TEST_STEP][PASSED] - callTestCase(findTestCase("Login as user (teacher)"), [:], STOP_ON_FAILURE): Call Test Case 'Test Cases/Login as user (teacher)' successfully

2022-01-14 12:13:23 - [TEST_CASE][PASSED] - Test Cases/Login as user (teacher): Test Cases/Login as user (teacher)

2022-01-14 12:13:23 - [TEST_STEP][PASSED] - openBrowser(""): Browser is opened with url: ''

2022-01-14 12:13:23 - [MESSAGE][WARNING] - A browser is already opened. Closing browser and opening a new one

2022-01-14 12:13:23 - [MESSAGE][INFO] - Starting 'Edge Chromium' driver

2022-01-14 12:13:24 - [MESSAGE][INFO] - Action delay is set to 0 milliseconds

2022-01-14 12:13:25 - [MESSAGE][PASSED] - Browser is opened with url: ''

2022-01-14 12:13:25 - [TEST_STEP][PASSED] - maximizeWindow(): Current window maximized

2022-01-14 12:13:25 - [MESSAGE][PASSED] - Current window maximized

2022-01-14 12:13:25 - [TEST_STEP][PASSED] - navigateToUrl("http://localhost/"): Navigate to 'http://localhost/' successfully

2022-01-14 12:13:26 - [MESSAGE][PASSED] - Navigate to 'http://localhost/' successfully

2022-01-14 12:13:26 - [TEST_STEP][PASSED] - click(findTestObject("Object Repository/Page_My Moodle/a_Log in")): Object: 'Object Repository/Page_My Moodle/a_Log in' is clicked on

2022-01-14 12:13:27 - [MESSAGE][PASSED] - Object: 'Object Repository/Page_My Moodle/a_Log in' is clicked on

2022-01-14 12:13:27 - [TEST_STEP][PASSED] - setText(findTestObject("Object Repository/Page_My Moodle Log in to the site/input_Username_username"), "teacher"): Text 'teacher' is set on object 'Object Repository/Page_My Moodle Log in to the site/input_Username_username'

2022-01-14 12:13:28 - [MESSAGE][PASSED] - Text 'teacher' is set on object 'Object Repository/Page_My Moodle Log in to the site/input_Username_username'

2022-01-14 12:13:28 - [TEST_STEP][PASSED] - setEncryptedText(findTestObject("Object Repository/Page_My Moodle Log in to the site/input_Password_password"), "3fJEwIvstDDnFTEIk7299A=="): Text ****** has been set on object 'Object Repository/Page_My Moodle Log in to the site/input_Password_password'

2022-01-14 12:13:28 - [MESSAGE][PASSED] - Text ****** has been set on object 'Object Repository/Page_My Moodle Log in to the site/input_Password_password'

2022-01-14 12:13:28 - [TEST_STEP][PASSED] - click(findTestObject("Object Repository/Page_My Moodle Log in to the site/button_Log in")): Object: 'Object Repository/Page_My Moodle Log in to the site/button_Log in' is clicked on

2022-01-14 12:13:29 - [MESSAGE][PASSED] - Object: 'Object Repository/Page_My Moodle Log in to the site/button_Log in' is clicked on

2022-01-14 12:13:29 - [MESSAGE][PASSED] - Call Test Case 'Test Cases/Login as user (teacher)' successfully

2022-01-14 12:13:29 - [TEST_STEP][PASSED] - click(findTestObject("Object Repository/Page_Dashboard/span_Site home")): Object: 'Object Repository/Page_Dashboard/span_Site home' is clicked on

2022-01-14 12:13:31 - [MESSAGE][PASSED] - Object: 'Object Repository/Page_Dashboard/span_Site home' is clicked on

2022-01-14 12:13:31 - [TEST_STEP][PASSED] - navigateToUrl("http://localhost/?redirect=0"): Navigate to 'http://localhost/?redirect=0' successfully

2022-01-14 12:13:32 - [MESSAGE][PASSED] - Navigate to 'http://localhost/?redirect=0' successfully

2022-01-14 12:13:32 - [TEST_STEP][PASSED] - click(findTestObject("Object Repository/Page_My Moodle/a_Phn tch v qun l yu cu phn mm")): Object: 'Object Repository/Page_My Moodle/a_Phn tch v qun l yu cu phn mm' is clicked on

2022-01-14 12:13:32 - [MESSAGE][PASSED] - Object: 'Object Repository/Page_My Moodle/a_Phn tch v qun l yu cu phn mm' is clicked on

2022-01-14 12:13:32 - [TEST_STEP][PASSED] - click(findTestObject("Object Repository/Page_Course Phn tch v qun l yu cu phn mm/button_Turn editing on")): Object: 'Object Repository/Page_Course Phn tch v qun l yu cu phn mm/button_Turn editing on' is clicked on

2022-01-14 12:13:34 - [MESSAGE][PASSED] - Object: 'Object Repository/Page_Course Phn tch v qun l yu cu phn mm/button_Turn editing on' is clicked on

2022-01-14 12:13:34 - [TEST_STEP][PASSED] - click(findTestObject("Object Repository/Page_Course Thit k phn mm/span_Add an activity or resource")): Object: 'Object Repository/Page_Course Thit k phn mm/span_Add an activity or resource' is clicked on

2022-01-14 12:13:34 - [MESSAGE][PASSED] - Object: 'Object Repository/Page_Course Thit k phn mm/span_Add an activity or resource' is clicked on

2022-01-14 12:13:34 - [TEST_STEP][PASSED] - click(findTestObject("Object Repository/Page_Course Thit k phn mm/a_Quiz")): Object: 'Object Repository/Page_Course Thit k phn mm/a_Quiz' is clicked on

2022-01-14 12:13:37 - [MESSAGE][PASSED] - Object: 'Object Repository/Page_Course Thit k phn mm/a_Quiz' is clicked on

2022-01-14 12:13:37 - [TEST_STEP][PASSED] - navigateToUrl("http://localhost/course/modedit.php?add=quiz&type=&course=4&section=0&return=0&sr=0"): Navigate to 'http://localhost/course/modedit.php?add=quiz&type=&course=4&section=0&return=0&sr=0' successfully

2022-01-14 12:13:38 - [MESSAGE][PASSED] - Navigate to 'http://localhost/course/modedit.php?add=quiz&type=&course=4&section=0&return=0&sr=0' successfully

2022-01-14 12:13:38 - [TEST_STEP][PASSED] - setText(findTestObject("Object Repository/Page_Editing Quiz/input_Name_name"), "Quiz 1"): Text 'Quiz 1' is set on object 'Object Repository/Page_Editing Quiz/input_Name_name'

2022-01-14 12:13:39 - [MESSAGE][PASSED] - Text 'Quiz 1' is set on object 'Object Repository/Page_Editing Quiz/input_Name_name'

2022-01-14 12:13:39 - [TEST_STEP][PASSED] - click(findTestObject("Object Repository/Page_Editing Quiz/input_Upon activity completion_submitbutton2")): Object: 'Object Repository/Page_Editing Quiz/input_Upon activity completion_submitbutton2' is clicked on

2022-01-14 12:13:41 - [MESSAGE][PASSED] - Object: 'Object Repository/Page_Editing Quiz/input_Upon activity completion_submitbutton2' is clicked on

2022-01-14 12:13:41 - [TEST_STEP][PASSED] - click(findTestObject("Object Repository/Page_Course Thit k phn mm/a_Teacher Testing")): Object: 'Object Repository/Page_Course Thit k phn mm/a_Teacher Testing' is clicked on

2022-01-14 12:13:42 - [MESSAGE][PASSED] - Object: 'Object Repository/Page_Course Thit k phn mm/a_Teacher Testing' is clicked on

2022-01-14 12:13:42 - [TEST_STEP][PASSED] - click(findTestObject("Object Repository/Page_Course Thit k phn mm/span_Switch role to")): Object: 'Object Repository/Page_Course Thit k phn mm/span_Switch role to' is clicked on

2022-01-14 12:13:42 - [MESSAGE][PASSED] - Object: 'Object Repository/Page_Course Thit k phn mm/span_Switch role to' is clicked on

2022-01-14 12:13:42 - [TEST_STEP][PASSED] - click(findTestObject("Object Repository/Page_Switch role to/button_Student")): Object: 'Object Repository/Page_Switch role to/button_Student' is clicked on

2022-01-14 12:13:44 - [MESSAGE][PASSED] - Object: 'Object Repository/Page_Switch role to/button_Student' is clicked on

2022-01-14 12:13:44 - [TEST_STEP][PASSED] - click(findTestObject("Object Repository/Page_Course Thit k phn mm/span_Quiz 1")): Object: 'Object Repository/Page_Course Thit k phn mm/span_Quiz 1' is clicked on

2022-01-14 12:13:44 - [MESSAGE][PASSED] - Object: 'Object Repository/Page_Course Thit k phn mm/span_Quiz 1' is clicked on]]></system-out>
         <system-err><![CDATA[]]></system-err>
      </testcase>
      <testcase name="Test Cases/Teacher edit topic" time="44.772" classname="Test Cases/Teacher edit topic" status="FAILED">
         <failure type="FAILED" message="Test Cases/Teacher edit topic FAILED.
Reason:
com.kms.katalon.core.exception.StepFailedException: Unable to click on object 'Object Repository/Page_Edit Topic 1/input_Custom_namecustomize'
	at com.kms.katalon.core.webui.keyword.internal.WebUIKeywordMain.stepFailed(WebUIKeywordMain.groovy:64)
	at com.kms.katalon.core.webui.keyword.internal.WebUIKeywordMain.runKeyword(WebUIKeywordMain.groovy:26)
	at com.kms.katalon.core.webui.keyword.builtin.ClickKeyword.click(ClickKeyword.groovy:74)
	at com.kms.katalon.core.webui.keyword.builtin.ClickKeyword.execute(ClickKeyword.groovy:40)
	at com.kms.katalon.core.keyword.internal.KeywordExecutor.executeKeywordForPlatform(KeywordExecutor.groovy:74)
	at com.kms.katalon.core.webui.keyword.WebUiBuiltInKeywords.click(WebUiBuiltInKeywords.groovy:620)
	at com.kms.katalon.core.webui.keyword.WebUiBuiltInKeywords$click$1.call(Unknown Source)
	at Teacher edit topic.run(Teacher edit topic:36)
	at com.kms.katalon.core.main.ScriptEngine.run(ScriptEngine.java:194)
	at com.kms.katalon.core.main.ScriptEngine.runScriptAsRawText(ScriptEngine.java:119)
	at com.kms.katalon.core.main.TestCaseExecutor.runScript(TestCaseExecutor.java:442)
	at com.kms.katalon.core.main.TestCaseExecutor.doExecute(TestCaseExecutor.java:433)
	at com.kms.katalon.core.main.TestCaseExecutor.processExecutionPhase(TestCaseExecutor.java:412)
	at com.kms.katalon.core.main.TestCaseExecutor.accessMainPhase(TestCaseExecutor.java:404)
	at com.kms.katalon.core.main.TestCaseExecutor.execute(TestCaseExecutor.java:281)
	at com.kms.katalon.core.main.TestSuiteExecutor.accessTestCaseMainPhase(TestSuiteExecutor.java:202)
	at com.kms.katalon.core.main.TestSuiteExecutor.accessTestSuiteMainPhase(TestSuiteExecutor.java:164)
	at com.kms.katalon.core.main.TestSuiteExecutor.execute(TestSuiteExecutor.java:105)
	at com.kms.katalon.core.main.TestCaseMain.startTestSuite(TestCaseMain.java:181)
	at com.kms.katalon.core.main.TestCaseMain$startTestSuite$0.call(Unknown Source)
	at TempTestSuite1642136404214.run(TempTestSuite1642136404214.groovy:36)
Caused by: com.kms.katalon.core.webui.exception.WebElementNotFoundException: Web element with id: 'Object Repository/Page_Edit Topic 1/input_Custom_namecustomize' located by '//input[@id='id_name_customize']' not found
	at com.kms.katalon.core.webui.common.WebUiCommonHelper.findWebElement(WebUiCommonHelper.java:1368)
	at com.kms.katalon.core.webui.keyword.internal.WebUIAbstractKeyword.findWebElement(WebUIAbstractKeyword.groovy:27)
	at com.kms.katalon.core.webui.keyword.builtin.ClickKeyword$_click_closure1.doCall(ClickKeyword.groovy:65)
	at com.kms.katalon.core.webui.keyword.builtin.ClickKeyword$_click_closure1.call(ClickKeyword.groovy)
	at com.kms.katalon.core.webui.keyword.internal.WebUIKeywordMain.runKeyword(WebUIKeywordMain.groovy:20)
	... 19 more
"/>
         <system-out><![CDATA[2022-01-14 12:13:44 - [TEST_CASE][FAILED] - Test Cases/Teacher edit topic: Test Cases/Teacher edit topic FAILED.
Reason:
com.kms.katalon.core.exception.StepFailedException: Unable to click on object 'Object Repository/Page_Edit Topic 1/input_Custom_namecustomize'
	at com.kms.katalon.core.webui.keyword.internal.WebUIKeywordMain.stepFailed(WebUIKeywordMain.groovy:64)
	at com.kms.katalon.core.webui.keyword.internal.WebUIKeywordMain.runKeyword(WebUIKeywordMain.groovy:26)
	at com.kms.katalon.core.webui.keyword.builtin.ClickKeyword.click(ClickKeyword.groovy:74)
	at com.kms.katalon.core.webui.keyword.builtin.ClickKeyword.execute(ClickKeyword.groovy:40)
	at com.kms.katalon.core.keyword.internal.KeywordExecutor.executeKeywordForPlatform(KeywordExecutor.groovy:74)
	at com.kms.katalon.core.webui.keyword.WebUiBuiltInKeywords.click(WebUiBuiltInKeywords.groovy:620)
	at com.kms.katalon.core.webui.keyword.WebUiBuiltInKeywords$click$1.call(Unknown Source)
	at Teacher edit topic.run(Teacher edit topic:36)
	at com.kms.katalon.core.main.ScriptEngine.run(ScriptEngine.java:194)
	at com.kms.katalon.core.main.ScriptEngine.runScriptAsRawText(ScriptEngine.java:119)
	at com.kms.katalon.core.main.TestCaseExecutor.runScript(TestCaseExecutor.java:442)
	at com.kms.katalon.core.main.TestCaseExecutor.doExecute(TestCaseExecutor.java:433)
	at com.kms.katalon.core.main.TestCaseExecutor.processExecutionPhase(TestCaseExecutor.java:412)
	at com.kms.katalon.core.main.TestCaseExecutor.accessMainPhase(TestCaseExecutor.java:404)
	at com.kms.katalon.core.main.TestCaseExecutor.execute(TestCaseExecutor.java:281)
	at com.kms.katalon.core.main.TestSuiteExecutor.accessTestCaseMainPhase(TestSuiteExecutor.java:202)
	at com.kms.katalon.core.main.TestSuiteExecutor.accessTestSuiteMainPhase(TestSuiteExecutor.java:164)
	at com.kms.katalon.core.main.TestSuiteExecutor.execute(TestSuiteExecutor.java:105)
	at com.kms.katalon.core.main.TestCaseMain.startTestSuite(TestCaseMain.java:181)
	at com.kms.katalon.core.main.TestCaseMain$startTestSuite$0.call(Unknown Source)
	at TempTestSuite1642136404214.run(TempTestSuite1642136404214.groovy:36)
Caused by: com.kms.katalon.core.webui.exception.WebElementNotFoundException: Web element with id: 'Object Repository/Page_Edit Topic 1/input_Custom_namecustomize' located by '//input[@id='id_name_customize']' not found
	at com.kms.katalon.core.webui.common.WebUiCommonHelper.findWebElement(WebUiCommonHelper.java:1368)
	at com.kms.katalon.core.webui.keyword.internal.WebUIAbstractKeyword.findWebElement(WebUIAbstractKeyword.groovy:27)
	at com.kms.katalon.core.webui.keyword.builtin.ClickKeyword$_click_closure1.doCall(ClickKeyword.groovy:65)
	at com.kms.katalon.core.webui.keyword.builtin.ClickKeyword$_click_closure1.call(ClickKeyword.groovy)
	at com.kms.katalon.core.webui.keyword.internal.WebUIKeywordMain.runKeyword(WebUIKeywordMain.groovy:20)
	... 19 more


2022-01-14 12:13:45 - [TEST_STEP][PASSED] - callTestCase(findTestCase("Login as user (teacher)"), [:], STOP_ON_FAILURE): Call Test Case 'Test Cases/Login as user (teacher)' successfully

2022-01-14 12:13:45 - [TEST_CASE][PASSED] - Test Cases/Login as user (teacher): Test Cases/Login as user (teacher)

2022-01-14 12:13:45 - [TEST_STEP][PASSED] - openBrowser(""): Browser is opened with url: ''

2022-01-14 12:13:45 - [MESSAGE][WARNING] - A browser is already opened. Closing browser and opening a new one

2022-01-14 12:13:45 - [MESSAGE][INFO] - Starting 'Edge Chromium' driver

2022-01-14 12:13:46 - [MESSAGE][INFO] - Action delay is set to 0 milliseconds

2022-01-14 12:13:47 - [MESSAGE][PASSED] - Browser is opened with url: ''

2022-01-14 12:13:47 - [TEST_STEP][PASSED] - maximizeWindow(): Current window maximized

2022-01-14 12:13:47 - [MESSAGE][PASSED] - Current window maximized

2022-01-14 12:13:47 - [TEST_STEP][PASSED] - navigateToUrl("http://localhost/"): Navigate to 'http://localhost/' successfully

2022-01-14 12:13:48 - [MESSAGE][PASSED] - Navigate to 'http://localhost/' successfully

2022-01-14 12:13:48 - [TEST_STEP][PASSED] - click(findTestObject("Object Repository/Page_My Moodle/a_Log in")): Object: 'Object Repository/Page_My Moodle/a_Log in' is clicked on

2022-01-14 12:13:49 - [MESSAGE][PASSED] - Object: 'Object Repository/Page_My Moodle/a_Log in' is clicked on

2022-01-14 12:13:49 - [TEST_STEP][PASSED] - setText(findTestObject("Object Repository/Page_My Moodle Log in to the site/input_Username_username"), "teacher"): Text 'teacher' is set on object 'Object Repository/Page_My Moodle Log in to the site/input_Username_username'

2022-01-14 12:13:50 - [MESSAGE][PASSED] - Text 'teacher' is set on object 'Object Repository/Page_My Moodle Log in to the site/input_Username_username'

2022-01-14 12:13:50 - [TEST_STEP][PASSED] - setEncryptedText(findTestObject("Object Repository/Page_My Moodle Log in to the site/input_Password_password"), "3fJEwIvstDDnFTEIk7299A=="): Text ****** has been set on object 'Object Repository/Page_My Moodle Log in to the site/input_Password_password'

2022-01-14 12:13:50 - [MESSAGE][PASSED] - Text ****** has been set on object 'Object Repository/Page_My Moodle Log in to the site/input_Password_password'

2022-01-14 12:13:50 - [TEST_STEP][PASSED] - click(findTestObject("Object Repository/Page_My Moodle Log in to the site/button_Log in")): Object: 'Object Repository/Page_My Moodle Log in to the site/button_Log in' is clicked on

2022-01-14 12:13:51 - [MESSAGE][PASSED] - Object: 'Object Repository/Page_My Moodle Log in to the site/button_Log in' is clicked on

2022-01-14 12:13:51 - [MESSAGE][PASSED] - Call Test Case 'Test Cases/Login as user (teacher)' successfully

2022-01-14 12:13:51 - [TEST_STEP][PASSED] - click(findTestObject("Object Repository/Page_Dashboard/span_Site home")): Object: 'Object Repository/Page_Dashboard/span_Site home' is clicked on

2022-01-14 12:13:53 - [MESSAGE][PASSED] - Object: 'Object Repository/Page_Dashboard/span_Site home' is clicked on

2022-01-14 12:13:53 - [TEST_STEP][PASSED] - navigateToUrl("http://localhost/?redirect=0"): Navigate to 'http://localhost/?redirect=0' successfully

2022-01-14 12:13:53 - [MESSAGE][PASSED] - Navigate to 'http://localhost/?redirect=0' successfully

2022-01-14 12:13:53 - [TEST_STEP][PASSED] - click(findTestObject("Object Repository/Page_My Moodle/a_Phn tch v qun l yu cu phn mm")): Object: 'Object Repository/Page_My Moodle/a_Phn tch v qun l yu cu phn mm' is clicked on

2022-01-14 12:13:54 - [MESSAGE][PASSED] - Object: 'Object Repository/Page_My Moodle/a_Phn tch v qun l yu cu phn mm' is clicked on

2022-01-14 12:13:54 - [TEST_STEP][PASSED] - click(findTestObject("Object Repository/Page_Course Phn tch v qun l yu cu phn mm/button_Turn editing on")): Object: 'Object Repository/Page_Course Phn tch v qun l yu cu phn mm/button_Turn editing on' is clicked on

2022-01-14 12:13:55 - [MESSAGE][PASSED] - Object: 'Object Repository/Page_Course Phn tch v qun l yu cu phn mm/button_Turn editing on' is clicked on

2022-01-14 12:13:55 - [TEST_STEP][PASSED] - click(findTestObject("Object Repository/Page_Course Thit k phn mm/a_Edit")): Object: 'Object Repository/Page_Course Thit k phn mm/a_Edit' is clicked on

2022-01-14 12:13:56 - [MESSAGE][PASSED] - Object: 'Object Repository/Page_Course Thit k phn mm/a_Edit' is clicked on

2022-01-14 12:13:56 - [TEST_STEP][PASSED] - click(findTestObject("Object Repository/Page_Course Thit k phn mm/span_Edit topic")): Object: 'Object Repository/Page_Course Thit k phn mm/span_Edit topic' is clicked on

2022-01-14 12:13:57 - [MESSAGE][PASSED] - Object: 'Object Repository/Page_Course Thit k phn mm/span_Edit topic' is clicked on

2022-01-14 12:13:57 - [TEST_STEP][PASSED] - navigateToUrl("http://localhost/course/editsection.php?id=12&sr"): Navigate to 'http://localhost/course/editsection.php?id=12&sr' successfully

2022-01-14 12:13:58 - [MESSAGE][PASSED] - Navigate to 'http://localhost/course/editsection.php?id=12&sr' successfully

2022-01-14 12:13:58 - [TEST_STEP][FAILED] - click(findTestObject("Object Repository/Page_Edit Topic 1/input_Custom_namecustomize")): Unable to click on object 'Object Repository/Page_Edit Topic 1/input_Custom_namecustomize' (Root cause: com.kms.katalon.core.exception.StepFailedException: Unable to click on object 'Object Repository/Page_Edit Topic 1/input_Custom_namecustomize'
	at com.kms.katalon.core.webui.keyword.internal.WebUIKeywordMain.stepFailed(WebUIKeywordMain.groovy:64)
	at com.kms.katalon.core.webui.keyword.internal.WebUIKeywordMain.runKeyword(WebUIKeywordMain.groovy:26)
	at com.kms.katalon.core.webui.keyword.builtin.ClickKeyword.click(ClickKeyword.groovy:74)
	at com.kms.katalon.core.webui.keyword.builtin.ClickKeyword.execute(ClickKeyword.groovy:40)
	at com.kms.katalon.core.keyword.internal.KeywordExecutor.executeKeywordForPlatform(KeywordExecutor.groovy:74)
	at com.kms.katalon.core.webui.keyword.WebUiBuiltInKeywords.click(WebUiBuiltInKeywords.groovy:620)
	at com.kms.katalon.core.webui.keyword.WebUiBuiltInKeywords$click$1.call(Unknown Source)
	at Teacher edit topic.run(Teacher edit topic:36)
	at com.kms.katalon.core.main.ScriptEngine.run(ScriptEngine.java:194)
	at com.kms.katalon.core.main.ScriptEngine.runScriptAsRawText(ScriptEngine.java:119)
	at com.kms.katalon.core.main.TestCaseExecutor.runScript(TestCaseExecutor.java:442)
	at com.kms.katalon.core.main.TestCaseExecutor.doExecute(TestCaseExecutor.java:433)
	at com.kms.katalon.core.main.TestCaseExecutor.processExecutionPhase(TestCaseExecutor.java:412)
	at com.kms.katalon.core.main.TestCaseExecutor.accessMainPhase(TestCaseExecutor.java:404)
	at com.kms.katalon.core.main.TestCaseExecutor.execute(TestCaseExecutor.java:281)
	at com.kms.katalon.core.main.TestSuiteExecutor.accessTestCaseMainPhase(TestSuiteExecutor.java:202)
	at com.kms.katalon.core.main.TestSuiteExecutor.accessTestSuiteMainPhase(TestSuiteExecutor.java:164)
	at com.kms.katalon.core.main.TestSuiteExecutor.execute(TestSuiteExecutor.java:105)
	at com.kms.katalon.core.main.TestCaseMain.startTestSuite(TestCaseMain.java:181)
	at com.kms.katalon.core.main.TestCaseMain$startTestSuite$0.call(Unknown Source)
	at TempTestSuite1642136404214.run(TempTestSuite1642136404214.groovy:36)
Caused by: com.kms.katalon.core.webui.exception.WebElementNotFoundException: Web element with id: 'Object Repository/Page_Edit Topic 1/input_Custom_namecustomize' located by '//input[@id='id_name_customize']' not found
	at com.kms.katalon.core.webui.common.WebUiCommonHelper.findWebElement(WebUiCommonHelper.java:1368)
	at com.kms.katalon.core.webui.keyword.internal.WebUIAbstractKeyword.findWebElement(WebUIAbstractKeyword.groovy:27)
	at com.kms.katalon.core.webui.keyword.builtin.ClickKeyword$_click_closure1.doCall(ClickKeyword.groovy:65)
	at com.kms.katalon.core.webui.keyword.builtin.ClickKeyword$_click_closure1.call(ClickKeyword.groovy)
	at com.kms.katalon.core.webui.keyword.internal.WebUIKeywordMain.runKeyword(WebUIKeywordMain.groovy:20)
	at com.kms.katalon.core.webui.keyword.builtin.ClickKeyword.click(ClickKeyword.groovy:74)
	at com.kms.katalon.core.webui.keyword.builtin.ClickKeyword.execute(ClickKeyword.groovy:40)
	at com.kms.katalon.core.keyword.internal.KeywordExecutor.executeKeywordForPlatform(KeywordExecutor.groovy:74)
	at com.kms.katalon.core.webui.keyword.WebUiBuiltInKeywords.click(WebUiBuiltInKeywords.groovy:620)
	at com.kms.katalon.core.webui.keyword.WebUiBuiltInKeywords$click$1.call(Unknown Source)
	at Script1641734280422.run(Script1641734280422.groovy:36)
	... 13 more
)

2022-01-14 12:14:29 - [MESSAGE][INFO] - Unable to find the element located by 'By.xpath: //input[@id='id_name_customize']'. Please recheck the objects properties to make sure the desired element is located. 

2022-01-14 12:14:29 - [MESSAGE][FAILED] - Unable to click on object 'Object Repository/Page_Edit Topic 1/input_Custom_namecustomize' (Root cause: com.kms.katalon.core.exception.StepFailedException: Unable to click on object 'Object Repository/Page_Edit Topic 1/input_Custom_namecustomize'
	at com.kms.katalon.core.webui.keyword.internal.WebUIKeywordMain.stepFailed(WebUIKeywordMain.groovy:64)
	at com.kms.katalon.core.webui.keyword.internal.WebUIKeywordMain.runKeyword(WebUIKeywordMain.groovy:26)
	at com.kms.katalon.core.webui.keyword.builtin.ClickKeyword.click(ClickKeyword.groovy:74)
	at com.kms.katalon.core.webui.keyword.builtin.ClickKeyword.execute(ClickKeyword.groovy:40)
	at com.kms.katalon.core.keyword.internal.KeywordExecutor.executeKeywordForPlatform(KeywordExecutor.groovy:74)
	at com.kms.katalon.core.webui.keyword.WebUiBuiltInKeywords.click(WebUiBuiltInKeywords.groovy:620)
	at com.kms.katalon.core.webui.keyword.WebUiBuiltInKeywords$click$1.call(Unknown Source)
	at Teacher edit topic.run(Teacher edit topic:36)
	at com.kms.katalon.core.main.ScriptEngine.run(ScriptEngine.java:194)
	at com.kms.katalon.core.main.ScriptEngine.runScriptAsRawText(ScriptEngine.java:119)
	at com.kms.katalon.core.main.TestCaseExecutor.runScript(TestCaseExecutor.java:442)
	at com.kms.katalon.core.main.TestCaseExecutor.doExecute(TestCaseExecutor.java:433)
	at com.kms.katalon.core.main.TestCaseExecutor.processExecutionPhase(TestCaseExecutor.java:412)
	at com.kms.katalon.core.main.TestCaseExecutor.accessMainPhase(TestCaseExecutor.java:404)
	at com.kms.katalon.core.main.TestCaseExecutor.execute(TestCaseExecutor.java:281)
	at com.kms.katalon.core.main.TestSuiteExecutor.accessTestCaseMainPhase(TestSuiteExecutor.java:202)
	at com.kms.katalon.core.main.TestSuiteExecutor.accessTestSuiteMainPhase(TestSuiteExecutor.java:164)
	at com.kms.katalon.core.main.TestSuiteExecutor.execute(TestSuiteExecutor.java:105)
	at com.kms.katalon.core.main.TestCaseMain.startTestSuite(TestCaseMain.java:181)
	at com.kms.katalon.core.main.TestCaseMain$startTestSuite$0.call(Unknown Source)
	at TempTestSuite1642136404214.run(TempTestSuite1642136404214.groovy:36)
Caused by: com.kms.katalon.core.webui.exception.WebElementNotFoundException: Web element with id: 'Object Repository/Page_Edit Topic 1/input_Custom_namecustomize' located by '//input[@id='id_name_customize']' not found
	at com.kms.katalon.core.webui.common.WebUiCommonHelper.findWebElement(WebUiCommonHelper.java:1368)
	at com.kms.katalon.core.webui.keyword.internal.WebUIAbstractKeyword.findWebElement(WebUIAbstractKeyword.groovy:27)
	at com.kms.katalon.core.webui.keyword.builtin.ClickKeyword$_click_closure1.doCall(ClickKeyword.groovy:65)
	at com.kms.katalon.core.webui.keyword.builtin.ClickKeyword$_click_closure1.call(ClickKeyword.groovy)
	at com.kms.katalon.core.webui.keyword.internal.WebUIKeywordMain.runKeyword(WebUIKeywordMain.groovy:20)
	at com.kms.katalon.core.webui.keyword.builtin.ClickKeyword.click(ClickKeyword.groovy:74)
	at com.kms.katalon.core.webui.keyword.builtin.ClickKeyword.execute(ClickKeyword.groovy:40)
	at com.kms.katalon.core.keyword.internal.KeywordExecutor.executeKeywordForPlatform(KeywordExecutor.groovy:74)
	at com.kms.katalon.core.webui.keyword.WebUiBuiltInKeywords.click(WebUiBuiltInKeywords.groovy:620)
	at com.kms.katalon.core.webui.keyword.WebUiBuiltInKeywords$click$1.call(Unknown Source)
	at Script1641734280422.run(Script1641734280422.groovy:36)
	... 13 more
)
[[ATTACHMENT|D:\\Test-Automation---SE-Bonus\\Reports\\20220114_120004\\Run all test cases\\20220114_120004\\1642137269400.png]]]]></system-out>
         <system-err><![CDATA[2022-01-14 12:13:44 - [TEST_CASE][FAILED] - Test Cases/Teacher edit topic: Test Cases/Teacher edit topic FAILED.
Reason:
com.kms.katalon.core.exception.StepFailedException: Unable to click on object 'Object Repository/Page_Edit Topic 1/input_Custom_namecustomize'
	at com.kms.katalon.core.webui.keyword.internal.WebUIKeywordMain.stepFailed(WebUIKeywordMain.groovy:64)
	at com.kms.katalon.core.webui.keyword.internal.WebUIKeywordMain.runKeyword(WebUIKeywordMain.groovy:26)
	at com.kms.katalon.core.webui.keyword.builtin.ClickKeyword.click(ClickKeyword.groovy:74)
	at com.kms.katalon.core.webui.keyword.builtin.ClickKeyword.execute(ClickKeyword.groovy:40)
	at com.kms.katalon.core.keyword.internal.KeywordExecutor.executeKeywordForPlatform(KeywordExecutor.groovy:74)
	at com.kms.katalon.core.webui.keyword.WebUiBuiltInKeywords.click(WebUiBuiltInKeywords.groovy:620)
	at com.kms.katalon.core.webui.keyword.WebUiBuiltInKeywords$click$1.call(Unknown Source)
	at Teacher edit topic.run(Teacher edit topic:36)
	at com.kms.katalon.core.main.ScriptEngine.run(ScriptEngine.java:194)
	at com.kms.katalon.core.main.ScriptEngine.runScriptAsRawText(ScriptEngine.java:119)
	at com.kms.katalon.core.main.TestCaseExecutor.runScript(TestCaseExecutor.java:442)
	at com.kms.katalon.core.main.TestCaseExecutor.doExecute(TestCaseExecutor.java:433)
	at com.kms.katalon.core.main.TestCaseExecutor.processExecutionPhase(TestCaseExecutor.java:412)
	at com.kms.katalon.core.main.TestCaseExecutor.accessMainPhase(TestCaseExecutor.java:404)
	at com.kms.katalon.core.main.TestCaseExecutor.execute(TestCaseExecutor.java:281)
	at com.kms.katalon.core.main.TestSuiteExecutor.accessTestCaseMainPhase(TestSuiteExecutor.java:202)
	at com.kms.katalon.core.main.TestSuiteExecutor.accessTestSuiteMainPhase(TestSuiteExecutor.java:164)
	at com.kms.katalon.core.main.TestSuiteExecutor.execute(TestSuiteExecutor.java:105)
	at com.kms.katalon.core.main.TestCaseMain.startTestSuite(TestCaseMain.java:181)
	at com.kms.katalon.core.main.TestCaseMain$startTestSuite$0.call(Unknown Source)
	at TempTestSuite1642136404214.run(TempTestSuite1642136404214.groovy:36)
Caused by: com.kms.katalon.core.webui.exception.WebElementNotFoundException: Web element with id: 'Object Repository/Page_Edit Topic 1/input_Custom_namecustomize' located by '//input[@id='id_name_customize']' not found
	at com.kms.katalon.core.webui.common.WebUiCommonHelper.findWebElement(WebUiCommonHelper.java:1368)
	at com.kms.katalon.core.webui.keyword.internal.WebUIAbstractKeyword.findWebElement(WebUIAbstractKeyword.groovy:27)
	at com.kms.katalon.core.webui.keyword.builtin.ClickKeyword$_click_closure1.doCall(ClickKeyword.groovy:65)
	at com.kms.katalon.core.webui.keyword.builtin.ClickKeyword$_click_closure1.call(ClickKeyword.groovy)
	at com.kms.katalon.core.webui.keyword.internal.WebUIKeywordMain.runKeyword(WebUIKeywordMain.groovy:20)
	... 19 more]]></system-err>
      </testcase>
      <testcase name="Test Cases/User change password" time="14.273" classname="Test Cases/User change password" status="PASSED">
         <system-out><![CDATA[2022-01-14 12:14:29 - [TEST_CASE][PASSED] - Test Cases/User change password: Test Cases/User change password

2022-01-14 12:14:29 - [TEST_STEP][PASSED] - openBrowser(""): Browser is opened with url: ''

2022-01-14 12:14:29 - [MESSAGE][WARNING] - A browser is already opened. Closing browser and opening a new one

2022-01-14 12:14:30 - [MESSAGE][INFO] - Starting 'Edge Chromium' driver

2022-01-14 12:14:31 - [MESSAGE][INFO] - Action delay is set to 0 milliseconds

2022-01-14 12:14:32 - [MESSAGE][PASSED] - Browser is opened with url: ''

2022-01-14 12:14:32 - [TEST_STEP][PASSED] - navigateToUrl("http://localhost/"): Navigate to 'http://localhost/' successfully

2022-01-14 12:14:33 - [MESSAGE][PASSED] - Navigate to 'http://localhost/' successfully

2022-01-14 12:14:33 - [TEST_STEP][PASSED] - click(findTestObject("Object Repository/Page_My Moodle/a_Log in")): Object: 'Object Repository/Page_My Moodle/a_Log in' is clicked on

2022-01-14 12:14:33 - [MESSAGE][PASSED] - Object: 'Object Repository/Page_My Moodle/a_Log in' is clicked on

2022-01-14 12:14:33 - [TEST_STEP][PASSED] - setText(findTestObject("Object Repository/Page_My Moodle Log in to the site/input_Username_username"), "trongle"): Text 'trongle' is set on object 'Object Repository/Page_My Moodle Log in to the site/input_Username_username'

2022-01-14 12:14:34 - [MESSAGE][PASSED] - Text 'trongle' is set on object 'Object Repository/Page_My Moodle Log in to the site/input_Username_username'

2022-01-14 12:14:34 - [TEST_STEP][PASSED] - setEncryptedText(findTestObject("Object Repository/Page_My Moodle Log in to the site/input_Password_password"), "Ta6u/19GniC0jLl2J4N0KA=="): Text ****** has been set on object 'Object Repository/Page_My Moodle Log in to the site/input_Password_password'

2022-01-14 12:14:35 - [MESSAGE][PASSED] - Text ****** has been set on object 'Object Repository/Page_My Moodle Log in to the site/input_Password_password'

2022-01-14 12:14:35 - [TEST_STEP][PASSED] - click(findTestObject("Object Repository/Page_My Moodle Log in to the site/button_Log in")): Object: 'Object Repository/Page_My Moodle Log in to the site/button_Log in' is clicked on

2022-01-14 12:14:36 - [MESSAGE][PASSED] - Object: 'Object Repository/Page_My Moodle Log in to the site/button_Log in' is clicked on

2022-01-14 12:14:36 - [TEST_STEP][PASSED] - click(findTestObject("Object Repository/Page_Dashboard/span_Trong Le")): Object: 'Object Repository/Page_Dashboard/span_Trong Le' is clicked on

2022-01-14 12:14:37 - [MESSAGE][PASSED] - Object: 'Object Repository/Page_Dashboard/span_Trong Le' is clicked on

2022-01-14 12:14:37 - [TEST_STEP][PASSED] - click(findTestObject("Object Repository/Page_Dashboard/span_Profile")): Object: 'Object Repository/Page_Dashboard/span_Profile' is clicked on

2022-01-14 12:14:38 - [MESSAGE][PASSED] - Object: 'Object Repository/Page_Dashboard/span_Profile' is clicked on

2022-01-14 12:14:38 - [TEST_STEP][PASSED] - click(findTestObject("Object Repository/Page_Trong Le Public profile/a_Message_action-menu-toggle-2")): Object: 'Object Repository/Page_Trong Le Public profile/a_Message_action-menu-toggle-2' is clicked on

2022-01-14 12:14:39 - [MESSAGE][PASSED] - Object: 'Object Repository/Page_Trong Le Public profile/a_Message_action-menu-toggle-2' is clicked on

2022-01-14 12:14:39 - [TEST_STEP][PASSED] - click(findTestObject("Object Repository/Page_Trong Le Public profile/a_Change password")): Object: 'Object Repository/Page_Trong Le Public profile/a_Change password' is clicked on

2022-01-14 12:14:40 - [MESSAGE][PASSED] - Object: 'Object Repository/Page_Trong Le Public profile/a_Change password' is clicked on

2022-01-14 12:14:40 - [TEST_STEP][PASSED] - setEncryptedText(findTestObject("Object Repository/Page_Change password/input_Current password_password"), "Ta6u/19GniC0jLl2J4N0KA=="): Text ****** has been set on object 'Object Repository/Page_Change password/input_Current password_password'

2022-01-14 12:14:40 - [MESSAGE][PASSED] - Text ****** has been set on object 'Object Repository/Page_Change password/input_Current password_password'

2022-01-14 12:14:40 - [TEST_STEP][PASSED] - setEncryptedText(findTestObject("Object Repository/Page_Change password/input_New password_newpassword1"), "cvW8qx4B2o3F4VwP/kNsqA=="): Text ****** has been set on object 'Object Repository/Page_Change password/input_New password_newpassword1'

2022-01-14 12:14:41 - [MESSAGE][PASSED] - Text ****** has been set on object 'Object Repository/Page_Change password/input_New password_newpassword1'

2022-01-14 12:14:41 - [TEST_STEP][PASSED] - setEncryptedText(findTestObject("Object Repository/Page_Change password/input_New password (again)_newpassword2"), "cvW8qx4B2o3F4VwP/kNsqA=="): Text ****** has been set on object 'Object Repository/Page_Change password/input_New password (again)_newpassword2'

2022-01-14 12:14:41 - [MESSAGE][PASSED] - Text ****** has been set on object 'Object Repository/Page_Change password/input_New password (again)_newpassword2'

2022-01-14 12:14:41 - [TEST_STEP][PASSED] - click(findTestObject("Object Repository/Page_Change password/input_New password (again)_submitbutton")): Object: 'Object Repository/Page_Change password/input_New password (again)_submitbutton' is clicked on

2022-01-14 12:14:42 - [MESSAGE][PASSED] - Object: 'Object Repository/Page_Change password/input_New password (again)_submitbutton' is clicked on

2022-01-14 12:14:42 - [TEST_STEP][PASSED] - click(findTestObject("Object Repository/Page_Password has been changed/button_Continue")): Object: 'Object Repository/Page_Password has been changed/button_Continue' is clicked on

2022-01-14 12:14:43 - [MESSAGE][PASSED] - Object: 'Object Repository/Page_Password has been changed/button_Continue' is clicked on]]></system-out>
         <system-err><![CDATA[]]></system-err>
      </testcase>
      <testcase name="Test Cases/Teacher upload rescourse" time="22.046" classname="Test Cases/Teacher upload rescourse" status="PASSED">
         <system-out><![CDATA[2022-01-14 12:14:43 - [TEST_CASE][PASSED] - Test Cases/Teacher upload rescourse: Test Cases/Teacher upload rescourse

2022-01-14 12:14:44 - [TEST_STEP][PASSED] - callTestCase(findTestCase("Login as user (teacher)"), [:], STOP_ON_FAILURE): Call Test Case 'Test Cases/Login as user (teacher)' successfully

2022-01-14 12:14:44 - [TEST_CASE][PASSED] - Test Cases/Login as user (teacher): Test Cases/Login as user (teacher)

2022-01-14 12:14:44 - [TEST_STEP][PASSED] - openBrowser(""): Browser is opened with url: ''

2022-01-14 12:14:44 - [MESSAGE][WARNING] - A browser is already opened. Closing browser and opening a new one

2022-01-14 12:14:44 - [MESSAGE][INFO] - Starting 'Edge Chromium' driver

2022-01-14 12:14:45 - [MESSAGE][INFO] - Action delay is set to 0 milliseconds

2022-01-14 12:14:46 - [MESSAGE][PASSED] - Browser is opened with url: ''

2022-01-14 12:14:46 - [TEST_STEP][PASSED] - maximizeWindow(): Current window maximized

2022-01-14 12:14:46 - [MESSAGE][PASSED] - Current window maximized

2022-01-14 12:14:46 - [TEST_STEP][PASSED] - navigateToUrl("http://localhost/"): Navigate to 'http://localhost/' successfully

2022-01-14 12:14:47 - [MESSAGE][PASSED] - Navigate to 'http://localhost/' successfully

2022-01-14 12:14:47 - [TEST_STEP][PASSED] - click(findTestObject("Object Repository/Page_My Moodle/a_Log in")): Object: 'Object Repository/Page_My Moodle/a_Log in' is clicked on

2022-01-14 12:14:48 - [MESSAGE][PASSED] - Object: 'Object Repository/Page_My Moodle/a_Log in' is clicked on

2022-01-14 12:14:48 - [TEST_STEP][PASSED] - setText(findTestObject("Object Repository/Page_My Moodle Log in to the site/input_Username_username"), "teacher"): Text 'teacher' is set on object 'Object Repository/Page_My Moodle Log in to the site/input_Username_username'

2022-01-14 12:14:49 - [MESSAGE][PASSED] - Text 'teacher' is set on object 'Object Repository/Page_My Moodle Log in to the site/input_Username_username'

2022-01-14 12:14:49 - [TEST_STEP][PASSED] - setEncryptedText(findTestObject("Object Repository/Page_My Moodle Log in to the site/input_Password_password"), "3fJEwIvstDDnFTEIk7299A=="): Text ****** has been set on object 'Object Repository/Page_My Moodle Log in to the site/input_Password_password'

2022-01-14 12:14:49 - [MESSAGE][PASSED] - Text ****** has been set on object 'Object Repository/Page_My Moodle Log in to the site/input_Password_password'

2022-01-14 12:14:49 - [TEST_STEP][PASSED] - click(findTestObject("Object Repository/Page_My Moodle Log in to the site/button_Log in")): Object: 'Object Repository/Page_My Moodle Log in to the site/button_Log in' is clicked on

2022-01-14 12:14:50 - [MESSAGE][PASSED] - Object: 'Object Repository/Page_My Moodle Log in to the site/button_Log in' is clicked on

2022-01-14 12:14:50 - [MESSAGE][PASSED] - Call Test Case 'Test Cases/Login as user (teacher)' successfully

2022-01-14 12:14:50 - [TEST_STEP][PASSED] - click(findTestObject("Object Repository/Page_Dashboard/span_Site home")): Object: 'Object Repository/Page_Dashboard/span_Site home' is clicked on

2022-01-14 12:14:52 - [MESSAGE][PASSED] - Object: 'Object Repository/Page_Dashboard/span_Site home' is clicked on

2022-01-14 12:14:52 - [TEST_STEP][PASSED] - navigateToUrl("http://localhost/?redirect=0"): Navigate to 'http://localhost/?redirect=0' successfully

2022-01-14 12:14:52 - [MESSAGE][PASSED] - Navigate to 'http://localhost/?redirect=0' successfully

2022-01-14 12:14:52 - [TEST_STEP][PASSED] - click(findTestObject("Object Repository/Page_My Moodle/a_Phn tch v qun l yu cu phn mm")): Object: 'Object Repository/Page_My Moodle/a_Phn tch v qun l yu cu phn mm' is clicked on

2022-01-14 12:14:53 - [MESSAGE][PASSED] - Object: 'Object Repository/Page_My Moodle/a_Phn tch v qun l yu cu phn mm' is clicked on

2022-01-14 12:14:53 - [TEST_STEP][PASSED] - click(findTestObject("Object Repository/Page_Course Phn tch v qun l yu cu phn mm/button_Turn editing on")): Object: 'Object Repository/Page_Course Phn tch v qun l yu cu phn mm/button_Turn editing on' is clicked on

2022-01-14 12:14:55 - [MESSAGE][PASSED] - Object: 'Object Repository/Page_Course Phn tch v qun l yu cu phn mm/button_Turn editing on' is clicked on

2022-01-14 12:14:55 - [TEST_STEP][PASSED] - click(findTestObject("Object Repository/Page_Course Phn tch v qun l yu cu phn mm/span_Add an activity or resource")): Object: 'Object Repository/Page_Course Phn tch v qun l yu cu phn mm/span_Add an activity or resource' is clicked on

2022-01-14 12:14:56 - [MESSAGE][PASSED] - Object: 'Object Repository/Page_Course Phn tch v qun l yu cu phn mm/span_Add an activity or resource' is clicked on

2022-01-14 12:14:56 - [TEST_STEP][PASSED] - click(findTestObject("Object Repository/Page_Course Phn tch v qun l yu cu phn mm/img_Information about the Feedback activity_193521")): Object: 'Object Repository/Page_Course Phn tch v qun l yu cu phn mm/img_Information about the Feedback activity_193521' is clicked on

2022-01-14 12:14:58 - [MESSAGE][PASSED] - Object: 'Object Repository/Page_Course Phn tch v qun l yu cu phn mm/img_Information about the Feedback activity_193521' is clicked on

2022-01-14 12:14:58 - [TEST_STEP][PASSED] - setText(findTestObject("Object Repository/Page_Editing File/input_Name_name"), "Document #1"): Text 'Document #1' is set on object 'Object Repository/Page_Editing File/input_Name_name'

2022-01-14 12:15:00 - [MESSAGE][PASSED] - Text 'Document #1' is set on object 'Object Repository/Page_Editing File/input_Name_name'

2022-01-14 12:15:00 - [TEST_STEP][PASSED] - click(findTestObject("Object Repository/Page_Editing File/a_- drag and drop not supported_yui_3_17_2__e13c54")): Object: 'Object Repository/Page_Editing File/a_- drag and drop not supported_yui_3_17_2__e13c54' is clicked on

2022-01-14 12:15:00 - [MESSAGE][PASSED] - Object: 'Object Repository/Page_Editing File/a_- drag and drop not supported_yui_3_17_2__e13c54' is clicked on

2022-01-14 12:15:00 - [TEST_STEP][PASSED] - click(findTestObject("Object Repository/Page_Editing File/a_csv")): Object: 'Object Repository/Page_Editing File/a_csv' is clicked on

2022-01-14 12:15:01 - [MESSAGE][PASSED] - Object: 'Object Repository/Page_Editing File/a_csv' is clicked on

2022-01-14 12:15:01 - [TEST_STEP][PASSED] - click(findTestObject("Object Repository/Page_Editing File/div_Search repository_yui_3_17_2_1_16416105_4c72fb")): Object: 'Object Repository/Page_Editing File/div_Search repository_yui_3_17_2_1_16416105_4c72fb' is clicked on

2022-01-14 12:15:02 - [MESSAGE][PASSED] - Object: 'Object Repository/Page_Editing File/div_Search repository_yui_3_17_2_1_16416105_4c72fb' is clicked on

2022-01-14 12:15:02 - [TEST_STEP][PASSED] - click(findTestObject("Object Repository/Page_Editing File/button_Select this file")): Object: 'Object Repository/Page_Editing File/button_Select this file' is clicked on

2022-01-14 12:15:02 - [MESSAGE][PASSED] - Object: 'Object Repository/Page_Editing File/button_Select this file' is clicked on

2022-01-14 12:15:02 - [TEST_STEP][PASSED] - click(findTestObject("Object Repository/Page_Editing File/input_Upon activity completion_submitbutton2")): Object: 'Object Repository/Page_Editing File/input_Upon activity completion_submitbutton2' is clicked on

2022-01-14 12:15:03 - [MESSAGE][PASSED] - Object: 'Object Repository/Page_Editing File/input_Upon activity completion_submitbutton2' is clicked on

2022-01-14 12:15:03 - [TEST_STEP][PASSED] - click(findTestObject("Object Repository/Page_Course Phn tch v qun l yu cu phn mm/div_Topic outline                          _a66451")): Object: 'Object Repository/Page_Course Phn tch v qun l yu cu phn mm/div_Topic outline                          _a66451' is clicked on

2022-01-14 12:15:04 - [MESSAGE][PASSED] - Object: 'Object Repository/Page_Course Phn tch v qun l yu cu phn mm/div_Topic outline                          _a66451' is clicked on

2022-01-14 12:15:04 - [TEST_STEP][PASSED] - click(findTestObject("Object Repository/Page_Course Phn tch v qun l yu cu phn mm/span_Document 1 File")): Object: 'Object Repository/Page_Course Phn tch v qun l yu cu phn mm/span_Document 1 File' is clicked on

2022-01-14 12:15:05 - [MESSAGE][PASSED] - Object: 'Object Repository/Page_Course Phn tch v qun l yu cu phn mm/span_Document 1 File' is clicked on]]></system-out>
         <system-err><![CDATA[]]></system-err>
      </testcase>
      <testcase name="Test Cases/Teacher change type of assignment" time="17.604" classname="Test Cases/Teacher change type of assignment" status="PASSED">
         <system-out><![CDATA[2022-01-14 12:15:05 - [TEST_CASE][PASSED] - Test Cases/Teacher change type of assignment: Test Cases/Teacher change type of assignment

2022-01-14 12:15:06 - [TEST_STEP][PASSED] - callTestCase(findTestCase("Login as user (teacher)"), [:], STOP_ON_FAILURE): Call Test Case 'Test Cases/Login as user (teacher)' successfully

2022-01-14 12:15:06 - [TEST_CASE][PASSED] - Test Cases/Login as user (teacher): Test Cases/Login as user (teacher)

2022-01-14 12:15:06 - [TEST_STEP][PASSED] - openBrowser(""): Browser is opened with url: ''

2022-01-14 12:15:06 - [MESSAGE][WARNING] - A browser is already opened. Closing browser and opening a new one

2022-01-14 12:15:07 - [MESSAGE][INFO] - Starting 'Edge Chromium' driver

2022-01-14 12:15:07 - [MESSAGE][INFO] - Action delay is set to 0 milliseconds

2022-01-14 12:15:09 - [MESSAGE][PASSED] - Browser is opened with url: ''

2022-01-14 12:15:09 - [TEST_STEP][PASSED] - maximizeWindow(): Current window maximized

2022-01-14 12:15:09 - [MESSAGE][PASSED] - Current window maximized

2022-01-14 12:15:09 - [TEST_STEP][PASSED] - navigateToUrl("http://localhost/"): Navigate to 'http://localhost/' successfully

2022-01-14 12:15:09 - [MESSAGE][PASSED] - Navigate to 'http://localhost/' successfully

2022-01-14 12:15:09 - [TEST_STEP][PASSED] - click(findTestObject("Object Repository/Page_My Moodle/a_Log in")): Object: 'Object Repository/Page_My Moodle/a_Log in' is clicked on

2022-01-14 12:15:10 - [MESSAGE][PASSED] - Object: 'Object Repository/Page_My Moodle/a_Log in' is clicked on

2022-01-14 12:15:10 - [TEST_STEP][PASSED] - setText(findTestObject("Object Repository/Page_My Moodle Log in to the site/input_Username_username"), "teacher"): Text 'teacher' is set on object 'Object Repository/Page_My Moodle Log in to the site/input_Username_username'

2022-01-14 12:15:11 - [MESSAGE][PASSED] - Text 'teacher' is set on object 'Object Repository/Page_My Moodle Log in to the site/input_Username_username'

2022-01-14 12:15:11 - [TEST_STEP][PASSED] - setEncryptedText(findTestObject("Object Repository/Page_My Moodle Log in to the site/input_Password_password"), "3fJEwIvstDDnFTEIk7299A=="): Text ****** has been set on object 'Object Repository/Page_My Moodle Log in to the site/input_Password_password'

2022-01-14 12:15:11 - [MESSAGE][PASSED] - Text ****** has been set on object 'Object Repository/Page_My Moodle Log in to the site/input_Password_password'

2022-01-14 12:15:11 - [TEST_STEP][PASSED] - click(findTestObject("Object Repository/Page_My Moodle Log in to the site/button_Log in")): Object: 'Object Repository/Page_My Moodle Log in to the site/button_Log in' is clicked on

2022-01-14 12:15:13 - [MESSAGE][PASSED] - Object: 'Object Repository/Page_My Moodle Log in to the site/button_Log in' is clicked on

2022-01-14 12:15:13 - [MESSAGE][PASSED] - Call Test Case 'Test Cases/Login as user (teacher)' successfully

2022-01-14 12:15:13 - [TEST_STEP][PASSED] - click(findTestObject("Object Repository/Page_Dashboard/span_Site home")): Object: 'Object Repository/Page_Dashboard/span_Site home' is clicked on

2022-01-14 12:15:15 - [MESSAGE][PASSED] - Object: 'Object Repository/Page_Dashboard/span_Site home' is clicked on

2022-01-14 12:15:15 - [TEST_STEP][PASSED] - navigateToUrl("http://localhost/?redirect=0"): Navigate to 'http://localhost/?redirect=0' successfully

2022-01-14 12:15:15 - [MESSAGE][PASSED] - Navigate to 'http://localhost/?redirect=0' successfully

2022-01-14 12:15:15 - [TEST_STEP][PASSED] - click(findTestObject("Object Repository/Page_My Moodle/a_Phn tch v qun l yu cu phn mm")): Object: 'Object Repository/Page_My Moodle/a_Phn tch v qun l yu cu phn mm' is clicked on

2022-01-14 12:15:16 - [MESSAGE][PASSED] - Object: 'Object Repository/Page_My Moodle/a_Phn tch v qun l yu cu phn mm' is clicked on

2022-01-14 12:15:16 - [TEST_STEP][PASSED] - click(findTestObject("Object Repository/Page_Course Phn tch v qun l yu cu phn mm/button_Turn editing on")): Object: 'Object Repository/Page_Course Phn tch v qun l yu cu phn mm/button_Turn editing on' is clicked on

2022-01-14 12:15:17 - [MESSAGE][PASSED] - Object: 'Object Repository/Page_Course Phn tch v qun l yu cu phn mm/button_Turn editing on' is clicked on

2022-01-14 12:15:17 - [TEST_STEP][PASSED] - click(findTestObject("Page_Course Thit k phn mm/a_Edit (1)")): Object: 'Object Repository/Page_Course Thit k phn mm/a_Edit (1)' is clicked on

2022-01-14 12:15:18 - [MESSAGE][PASSED] - Object: 'Object Repository/Page_Course Thit k phn mm/a_Edit (1)' is clicked on

2022-01-14 12:15:18 - [TEST_STEP][PASSED] - click(findTestObject("Page_Course Thit k phn mm/span_Edit settings (1)")): Object: 'Object Repository/Page_Course Thit k phn mm/span_Edit settings (1)' is clicked on

2022-01-14 12:15:20 - [MESSAGE][PASSED] - Object: 'Object Repository/Page_Course Thit k phn mm/span_Edit settings (1)' is clicked on

2022-01-14 12:15:20 - [TEST_STEP][PASSED] - click(findTestObject("Object Repository/Page_Editing Assignment/input_Online text_assignsubmission_onlinete_900d47")): Object: 'Object Repository/Page_Editing Assignment/input_Online text_assignsubmission_onlinete_900d47' is clicked on

2022-01-14 12:15:21 - [MESSAGE][PASSED] - Object: 'Object Repository/Page_Editing Assignment/input_Online text_assignsubmission_onlinete_900d47' is clicked on

2022-01-14 12:15:21 - [TEST_STEP][PASSED] - click(findTestObject("Object Repository/Page_Editing Assignment/input_Enable_assignsubmission_onlinetext_wo_0d4c71")): Object: 'Object Repository/Page_Editing Assignment/input_Enable_assignsubmission_onlinetext_wo_0d4c71' is clicked on

2022-01-14 12:15:21 - [MESSAGE][PASSED] - Object: 'Object Repository/Page_Editing Assignment/input_Enable_assignsubmission_onlinetext_wo_0d4c71' is clicked on

2022-01-14 12:15:21 - [TEST_STEP][PASSED] - click(findTestObject("Object Repository/Page_Editing Assignment/input_Upon activity completion_submitbutton2")): Object: 'Object Repository/Page_Editing Assignment/input_Upon activity completion_submitbutton2' is clicked on

2022-01-14 12:15:23 - [MESSAGE][PASSED] - Object: 'Object Repository/Page_Editing Assignment/input_Upon activity completion_submitbutton2' is clicked on]]></system-out>
         <system-err><![CDATA[]]></system-err>
      </testcase>
      <testcase name="Test Cases/Student view recently event" time="8.703" classname="Test Cases/Student view recently event" status="FAILED">
         <failure type="FAILED" message="Test Cases/Student view recently event FAILED.
Reason:
com.kms.katalon.core.exception.StepFailedException: Unable to click on object 'Object Repository/Page_Dashboard/a_Assignment 1 is due'
	at com.kms.katalon.core.webui.keyword.internal.WebUIKeywordMain.stepFailed(WebUIKeywordMain.groovy:64)
	at com.kms.katalon.core.webui.keyword.internal.WebUIKeywordMain.runKeyword(WebUIKeywordMain.groovy:26)
	at com.kms.katalon.core.webui.keyword.builtin.ClickKeyword.click(ClickKeyword.groovy:74)
	at com.kms.katalon.core.webui.keyword.builtin.ClickKeyword.execute(ClickKeyword.groovy:40)
	at com.kms.katalon.core.keyword.internal.KeywordExecutor.executeKeywordForPlatform(KeywordExecutor.groovy:74)
	at com.kms.katalon.core.webui.keyword.WebUiBuiltInKeywords.click(WebUiBuiltInKeywords.groovy:620)
	at com.kms.katalon.core.webui.keyword.WebUiBuiltInKeywords$click$1.call(Unknown Source)
	at Student view recently event.run(Student view recently event:22)
	at com.kms.katalon.core.main.ScriptEngine.run(ScriptEngine.java:194)
	at com.kms.katalon.core.main.ScriptEngine.runScriptAsRawText(ScriptEngine.java:119)
	at com.kms.katalon.core.main.TestCaseExecutor.runScript(TestCaseExecutor.java:442)
	at com.kms.katalon.core.main.TestCaseExecutor.doExecute(TestCaseExecutor.java:433)
	at com.kms.katalon.core.main.TestCaseExecutor.processExecutionPhase(TestCaseExecutor.java:412)
	at com.kms.katalon.core.main.TestCaseExecutor.accessMainPhase(TestCaseExecutor.java:404)
	at com.kms.katalon.core.main.TestCaseExecutor.execute(TestCaseExecutor.java:281)
	at com.kms.katalon.core.main.TestSuiteExecutor.accessTestCaseMainPhase(TestSuiteExecutor.java:202)
	at com.kms.katalon.core.main.TestSuiteExecutor.accessTestSuiteMainPhase(TestSuiteExecutor.java:164)
	at com.kms.katalon.core.main.TestSuiteExecutor.execute(TestSuiteExecutor.java:105)
	at com.kms.katalon.core.main.TestCaseMain.startTestSuite(TestCaseMain.java:181)
	at com.kms.katalon.core.main.TestCaseMain$startTestSuite$0.call(Unknown Source)
	at TempTestSuite1642136404214.run(TempTestSuite1642136404214.groovy:36)
Caused by: org.openqa.selenium.ElementNotInteractableException: element not interactable
  (Session info: MicrosoftEdge=97.0.1072.55)
Build info: version: '3.141.59', revision: 'e82be7d358', time: '2018-11-14T08:25:53'
System info: host: 'DESKTOP-8IHK86T', ip: '192.168.1.173', os.name: 'Windows 10', os.arch: 'amd64', os.version: '10.0', java.version: '1.8.0_282'
Driver info: com.kms.katalon.selenium.driver.CEdgeDriver
Capabilities {acceptInsecureCerts: false, browserName: msedge, browserVersion: 97.0.1072.55, javascriptEnabled: true, ms:edgeOptions: {debuggerAddress: localhost:61301}, msedge: {msedgedriverVersion: 97.0.1072.55 (ce3bf33648805..., userDataDir: C:\Users\THANHD~1\AppData\L...}, networkConnectionEnabled: false, pageLoadStrategy: normal, platform: WINDOWS, platformName: WINDOWS, proxy: Proxy(), setWindowRect: true, strictFileInteractability: false, timeouts: {implicit: 0, pageLoad: 300000, script: 30000}, unhandledPromptBehavior: dismiss and notify, webauthn:extension:credBlob: true, webauthn:extension:largeBlob: true, webauthn:virtualAuthenticators: true}
Session ID: a17603ba3c6ff9b22cc4e58386c3f99d
	at org.openqa.selenium.remote.http.W3CHttpResponseCodec.createException(W3CHttpResponseCodec.java:187)
	at org.openqa.selenium.remote.http.W3CHttpResponseCodec.decode(W3CHttpResponseCodec.java:122)
	at org.openqa.selenium.remote.http.W3CHttpResponseCodec.decode(W3CHttpResponseCodec.java:49)
	at org.openqa.selenium.remote.HttpCommandExecutor.execute(HttpCommandExecutor.java:158)
	at org.openqa.selenium.remote.service.DriverCommandExecutor.execute(DriverCommandExecutor.java:83)
	at org.openqa.selenium.remote.RemoteWebDriver.execute(RemoteWebDriver.java:552)
	at com.kms.katalon.selenium.driver.CEdgeDriver.execute(CEdgeDriver.java:20)
	at org.openqa.selenium.remote.RemoteWebElement.execute(RemoteWebElement.java:285)
	at org.openqa.selenium.remote.RemoteWebElement.click(RemoteWebElement.java:84)
	at org.openqa.selenium.support.events.EventFiringWebDriver$EventFiringWebElement.lambda$new$0(EventFiringWebDriver.java:404)
	at com.sun.proxy.$Proxy11.click(Unknown Source)
	at org.openqa.selenium.support.events.EventFiringWebDriver$EventFiringWebElement.click(EventFiringWebDriver.java:417)
	at org.openqa.selenium.WebElement$click.call(Unknown Source)
	at com.kms.katalon.core.webui.keyword.builtin.ClickKeyword.clickUntilSuccessWithTimeout(ClickKeyword.groovy:81)
	at com.kms.katalon.core.webui.keyword.builtin.ClickKeyword.clickUntilSuccessWithTimeout(ClickKeyword.groovy)
	at com.kms.katalon.core.webui.keyword.builtin.ClickKeyword$_click_closure1.doCall(ClickKeyword.groovy:67)
	at com.kms.katalon.core.webui.keyword.builtin.ClickKeyword$_click_closure1.call(ClickKeyword.groovy)
	at com.kms.katalon.core.webui.keyword.internal.WebUIKeywordMain.runKeyword(WebUIKeywordMain.groovy:20)
	... 19 more
"/>
         <system-out><![CDATA[2022-01-14 12:15:23 - [TEST_CASE][FAILED] - Test Cases/Student view recently event: Test Cases/Student view recently event FAILED.
Reason:
com.kms.katalon.core.exception.StepFailedException: Unable to click on object 'Object Repository/Page_Dashboard/a_Assignment 1 is due'
	at com.kms.katalon.core.webui.keyword.internal.WebUIKeywordMain.stepFailed(WebUIKeywordMain.groovy:64)
	at com.kms.katalon.core.webui.keyword.internal.WebUIKeywordMain.runKeyword(WebUIKeywordMain.groovy:26)
	at com.kms.katalon.core.webui.keyword.builtin.ClickKeyword.click(ClickKeyword.groovy:74)
	at com.kms.katalon.core.webui.keyword.builtin.ClickKeyword.execute(ClickKeyword.groovy:40)
	at com.kms.katalon.core.keyword.internal.KeywordExecutor.executeKeywordForPlatform(KeywordExecutor.groovy:74)
	at com.kms.katalon.core.webui.keyword.WebUiBuiltInKeywords.click(WebUiBuiltInKeywords.groovy:620)
	at com.kms.katalon.core.webui.keyword.WebUiBuiltInKeywords$click$1.call(Unknown Source)
	at Student view recently event.run(Student view recently event:22)
	at com.kms.katalon.core.main.ScriptEngine.run(ScriptEngine.java:194)
	at com.kms.katalon.core.main.ScriptEngine.runScriptAsRawText(ScriptEngine.java:119)
	at com.kms.katalon.core.main.TestCaseExecutor.runScript(TestCaseExecutor.java:442)
	at com.kms.katalon.core.main.TestCaseExecutor.doExecute(TestCaseExecutor.java:433)
	at com.kms.katalon.core.main.TestCaseExecutor.processExecutionPhase(TestCaseExecutor.java:412)
	at com.kms.katalon.core.main.TestCaseExecutor.accessMainPhase(TestCaseExecutor.java:404)
	at com.kms.katalon.core.main.TestCaseExecutor.execute(TestCaseExecutor.java:281)
	at com.kms.katalon.core.main.TestSuiteExecutor.accessTestCaseMainPhase(TestSuiteExecutor.java:202)
	at com.kms.katalon.core.main.TestSuiteExecutor.accessTestSuiteMainPhase(TestSuiteExecutor.java:164)
	at com.kms.katalon.core.main.TestSuiteExecutor.execute(TestSuiteExecutor.java:105)
	at com.kms.katalon.core.main.TestCaseMain.startTestSuite(TestCaseMain.java:181)
	at com.kms.katalon.core.main.TestCaseMain$startTestSuite$0.call(Unknown Source)
	at TempTestSuite1642136404214.run(TempTestSuite1642136404214.groovy:36)
Caused by: org.openqa.selenium.ElementNotInteractableException: element not interactable
  (Session info: MicrosoftEdge=97.0.1072.55)
Build info: version: '3.141.59', revision: 'e82be7d358', time: '2018-11-14T08:25:53'
System info: host: 'DESKTOP-8IHK86T', ip: '192.168.1.173', os.name: 'Windows 10', os.arch: 'amd64', os.version: '10.0', java.version: '1.8.0_282'
Driver info: com.kms.katalon.selenium.driver.CEdgeDriver
Capabilities {acceptInsecureCerts: false, browserName: msedge, browserVersion: 97.0.1072.55, javascriptEnabled: true, ms:edgeOptions: {debuggerAddress: localhost:61301}, msedge: {msedgedriverVersion: 97.0.1072.55 (ce3bf33648805..., userDataDir: C:\Users\THANHD~1\AppData\L...}, networkConnectionEnabled: false, pageLoadStrategy: normal, platform: WINDOWS, platformName: WINDOWS, proxy: Proxy(), setWindowRect: true, strictFileInteractability: false, timeouts: {implicit: 0, pageLoad: 300000, script: 30000}, unhandledPromptBehavior: dismiss and notify, webauthn:extension:credBlob: true, webauthn:extension:largeBlob: true, webauthn:virtualAuthenticators: true}
Session ID: a17603ba3c6ff9b22cc4e58386c3f99d
	at org.openqa.selenium.remote.http.W3CHttpResponseCodec.createException(W3CHttpResponseCodec.java:187)
	at org.openqa.selenium.remote.http.W3CHttpResponseCodec.decode(W3CHttpResponseCodec.java:122)
	at org.openqa.selenium.remote.http.W3CHttpResponseCodec.decode(W3CHttpResponseCodec.java:49)
	at org.openqa.selenium.remote.HttpCommandExecutor.execute(HttpCommandExecutor.java:158)
	at org.openqa.selenium.remote.service.DriverCommandExecutor.execute(DriverCommandExecutor.java:83)
	at org.openqa.selenium.remote.RemoteWebDriver.execute(RemoteWebDriver.java:552)
	at com.kms.katalon.selenium.driver.CEdgeDriver.execute(CEdgeDriver.java:20)
	at org.openqa.selenium.remote.RemoteWebElement.execute(RemoteWebElement.java:285)
	at org.openqa.selenium.remote.RemoteWebElement.click(RemoteWebElement.java:84)
	at org.openqa.selenium.support.events.EventFiringWebDriver$EventFiringWebElement.lambda$new$0(EventFiringWebDriver.java:404)
	at com.sun.proxy.$Proxy11.click(Unknown Source)
	at org.openqa.selenium.support.events.EventFiringWebDriver$EventFiringWebElement.click(EventFiringWebDriver.java:417)
	at org.openqa.selenium.WebElement$click.call(Unknown Source)
	at com.kms.katalon.core.webui.keyword.builtin.ClickKeyword.clickUntilSuccessWithTimeout(ClickKeyword.groovy:81)
	at com.kms.katalon.core.webui.keyword.builtin.ClickKeyword.clickUntilSuccessWithTimeout(ClickKeyword.groovy)
	at com.kms.katalon.core.webui.keyword.builtin.ClickKeyword$_click_closure1.doCall(ClickKeyword.groovy:67)
	at com.kms.katalon.core.webui.keyword.builtin.ClickKeyword$_click_closure1.call(ClickKeyword.groovy)
	at com.kms.katalon.core.webui.keyword.internal.WebUIKeywordMain.runKeyword(WebUIKeywordMain.groovy:20)
	... 19 more


2022-01-14 12:15:23 - [TEST_STEP][PASSED] - callTestCase(findTestCase("Login as user (student)"), [:], STOP_ON_FAILURE): Call Test Case 'Test Cases/Login as user (student)' successfully

2022-01-14 12:15:23 - [TEST_CASE][PASSED] - Test Cases/Login as user (student): Test Cases/Login as user (student)

2022-01-14 12:15:23 - [TEST_STEP][PASSED] - openBrowser(""): Browser is opened with url: ''

2022-01-14 12:15:23 - [MESSAGE][WARNING] - A browser is already opened. Closing browser and opening a new one

2022-01-14 12:15:24 - [MESSAGE][INFO] - Starting 'Edge Chromium' driver

2022-01-14 12:15:25 - [MESSAGE][INFO] - Action delay is set to 0 milliseconds

2022-01-14 12:15:26 - [MESSAGE][PASSED] - Browser is opened with url: ''

2022-01-14 12:15:26 - [TEST_STEP][PASSED] - maximizeWindow(): Current window maximized

2022-01-14 12:15:26 - [MESSAGE][PASSED] - Current window maximized

2022-01-14 12:15:26 - [TEST_STEP][PASSED] - navigateToUrl("http://localhost/"): Navigate to 'http://localhost/' successfully

2022-01-14 12:15:27 - [MESSAGE][PASSED] - Navigate to 'http://localhost/' successfully

2022-01-14 12:15:27 - [TEST_STEP][PASSED] - click(findTestObject("Object Repository/Page_My Moodle/a_Log in")): Object: 'Object Repository/Page_My Moodle/a_Log in' is clicked on

2022-01-14 12:15:28 - [MESSAGE][PASSED] - Object: 'Object Repository/Page_My Moodle/a_Log in' is clicked on

2022-01-14 12:15:28 - [TEST_STEP][PASSED] - setText(findTestObject("Object Repository/Page_My Moodle Log in to the site/input_Username_username"), "student"): Text 'student' is set on object 'Object Repository/Page_My Moodle Log in to the site/input_Username_username'

2022-01-14 12:15:28 - [MESSAGE][PASSED] - Text 'student' is set on object 'Object Repository/Page_My Moodle Log in to the site/input_Username_username'

2022-01-14 12:15:28 - [TEST_STEP][PASSED] - setEncryptedText(findTestObject("Object Repository/Page_My Moodle Log in to the site/input_Password_password"), "3t5OwH/+bwwlEvOXGw7/rg=="): Text ****** has been set on object 'Object Repository/Page_My Moodle Log in to the site/input_Password_password'

2022-01-14 12:15:29 - [MESSAGE][PASSED] - Text ****** has been set on object 'Object Repository/Page_My Moodle Log in to the site/input_Password_password'

2022-01-14 12:15:29 - [TEST_STEP][PASSED] - click(findTestObject("Object Repository/Page_My Moodle Log in to the site/button_Log in")): Object: 'Object Repository/Page_My Moodle Log in to the site/button_Log in' is clicked on

2022-01-14 12:15:30 - [MESSAGE][PASSED] - Object: 'Object Repository/Page_My Moodle Log in to the site/button_Log in' is clicked on

2022-01-14 12:15:30 - [MESSAGE][PASSED] - Call Test Case 'Test Cases/Login as user (student)' successfully

2022-01-14 12:15:30 - [TEST_STEP][FAILED] - click(findTestObject("Object Repository/Page_Dashboard/a_Assignment 1 is due")): Unable to click on object 'Object Repository/Page_Dashboard/a_Assignment 1 is due' (Root cause: com.kms.katalon.core.exception.StepFailedException: Unable to click on object 'Object Repository/Page_Dashboard/a_Assignment 1 is due'
	at com.kms.katalon.core.webui.keyword.internal.WebUIKeywordMain.stepFailed(WebUIKeywordMain.groovy:64)
	at com.kms.katalon.core.webui.keyword.internal.WebUIKeywordMain.runKeyword(WebUIKeywordMain.groovy:26)
	at com.kms.katalon.core.webui.keyword.builtin.ClickKeyword.click(ClickKeyword.groovy:74)
	at com.kms.katalon.core.webui.keyword.builtin.ClickKeyword.execute(ClickKeyword.groovy:40)
	at com.kms.katalon.core.keyword.internal.KeywordExecutor.executeKeywordForPlatform(KeywordExecutor.groovy:74)
	at com.kms.katalon.core.webui.keyword.WebUiBuiltInKeywords.click(WebUiBuiltInKeywords.groovy:620)
	at com.kms.katalon.core.webui.keyword.WebUiBuiltInKeywords$click$1.call(Unknown Source)
	at Student view recently event.run(Student view recently event:22)
	at com.kms.katalon.core.main.ScriptEngine.run(ScriptEngine.java:194)
	at com.kms.katalon.core.main.ScriptEngine.runScriptAsRawText(ScriptEngine.java:119)
	at com.kms.katalon.core.main.TestCaseExecutor.runScript(TestCaseExecutor.java:442)
	at com.kms.katalon.core.main.TestCaseExecutor.doExecute(TestCaseExecutor.java:433)
	at com.kms.katalon.core.main.TestCaseExecutor.processExecutionPhase(TestCaseExecutor.java:412)
	at com.kms.katalon.core.main.TestCaseExecutor.accessMainPhase(TestCaseExecutor.java:404)
	at com.kms.katalon.core.main.TestCaseExecutor.execute(TestCaseExecutor.java:281)
	at com.kms.katalon.core.main.TestSuiteExecutor.accessTestCaseMainPhase(TestSuiteExecutor.java:202)
	at com.kms.katalon.core.main.TestSuiteExecutor.accessTestSuiteMainPhase(TestSuiteExecutor.java:164)
	at com.kms.katalon.core.main.TestSuiteExecutor.execute(TestSuiteExecutor.java:105)
	at com.kms.katalon.core.main.TestCaseMain.startTestSuite(TestCaseMain.java:181)
	at com.kms.katalon.core.main.TestCaseMain$startTestSuite$0.call(Unknown Source)
	at TempTestSuite1642136404214.run(TempTestSuite1642136404214.groovy:36)
Caused by: org.openqa.selenium.ElementNotInteractableException: element not interactable
  (Session info: MicrosoftEdge=97.0.1072.55)
Build info: version: '3.141.59', revision: 'e82be7d358', time: '2018-11-14T08:25:53'
System info: host: 'DESKTOP-8IHK86T', ip: '192.168.1.173', os.name: 'Windows 10', os.arch: 'amd64', os.version: '10.0', java.version: '1.8.0_282'
Driver info: com.kms.katalon.selenium.driver.CEdgeDriver
Capabilities {acceptInsecureCerts: false, browserName: msedge, browserVersion: 97.0.1072.55, javascriptEnabled: true, ms:edgeOptions: {debuggerAddress: localhost:61301}, msedge: {msedgedriverVersion: 97.0.1072.55 (ce3bf33648805..., userDataDir: C:\Users\THANHD~1\AppData\L...}, networkConnectionEnabled: false, pageLoadStrategy: normal, platform: WINDOWS, platformName: WINDOWS, proxy: Proxy(), setWindowRect: true, strictFileInteractability: false, timeouts: {implicit: 0, pageLoad: 300000, script: 30000}, unhandledPromptBehavior: dismiss and notify, webauthn:extension:credBlob: true, webauthn:extension:largeBlob: true, webauthn:virtualAuthenticators: true}
Session ID: a17603ba3c6ff9b22cc4e58386c3f99d
	at org.openqa.selenium.remote.http.W3CHttpResponseCodec.createException(W3CHttpResponseCodec.java:187)
	at org.openqa.selenium.remote.http.W3CHttpResponseCodec.decode(W3CHttpResponseCodec.java:122)
	at org.openqa.selenium.remote.http.W3CHttpResponseCodec.decode(W3CHttpResponseCodec.java:49)
	at org.openqa.selenium.remote.HttpCommandExecutor.execute(HttpCommandExecutor.java:158)
	at org.openqa.selenium.remote.service.DriverCommandExecutor.execute(DriverCommandExecutor.java:83)
	at org.openqa.selenium.remote.RemoteWebDriver.execute(RemoteWebDriver.java:552)
	at com.kms.katalon.selenium.driver.CEdgeDriver.execute(CEdgeDriver.java:20)
	at org.openqa.selenium.remote.RemoteWebElement.execute(RemoteWebElement.java:285)
	at org.openqa.selenium.remote.RemoteWebElement.click(RemoteWebElement.java:84)
	at org.openqa.selenium.support.events.EventFiringWebDriver$EventFiringWebElement.lambda$new$0(EventFiringWebDriver.java:404)
	at com.sun.proxy.$Proxy11.click(Unknown Source)
	at org.openqa.selenium.support.events.EventFiringWebDriver$EventFiringWebElement.click(EventFiringWebDriver.java:417)
	at org.openqa.selenium.WebElement$click.call(Unknown Source)
	at com.kms.katalon.core.webui.keyword.builtin.ClickKeyword.clickUntilSuccessWithTimeout(ClickKeyword.groovy:81)
	at com.kms.katalon.core.webui.keyword.builtin.ClickKeyword.clickUntilSuccessWithTimeout(ClickKeyword.groovy)
	at com.kms.katalon.core.webui.keyword.builtin.ClickKeyword$_click_closure1.doCall(ClickKeyword.groovy:67)
	at com.kms.katalon.core.webui.keyword.builtin.ClickKeyword$_click_closure1.call(ClickKeyword.groovy)
	at com.kms.katalon.core.webui.keyword.internal.WebUIKeywordMain.runKeyword(WebUIKeywordMain.groovy:20)
	at com.kms.katalon.core.webui.keyword.builtin.ClickKeyword.click(ClickKeyword.groovy:74)
	at com.kms.katalon.core.webui.keyword.builtin.ClickKeyword.execute(ClickKeyword.groovy:40)
	at com.kms.katalon.core.keyword.internal.KeywordExecutor.executeKeywordForPlatform(KeywordExecutor.groovy:74)
	at com.kms.katalon.core.webui.keyword.WebUiBuiltInKeywords.click(WebUiBuiltInKeywords.groovy:620)
	at com.kms.katalon.core.webui.keyword.WebUiBuiltInKeywords$click$1.call(Unknown Source)
	at Script1641737062137.run(Script1641737062137.groovy:22)
	... 13 more
)

2022-01-14 12:15:32 - [MESSAGE][FAILED] - Unable to click on object 'Object Repository/Page_Dashboard/a_Assignment 1 is due' (Root cause: com.kms.katalon.core.exception.StepFailedException: Unable to click on object 'Object Repository/Page_Dashboard/a_Assignment 1 is due'
	at com.kms.katalon.core.webui.keyword.internal.WebUIKeywordMain.stepFailed(WebUIKeywordMain.groovy:64)
	at com.kms.katalon.core.webui.keyword.internal.WebUIKeywordMain.runKeyword(WebUIKeywordMain.groovy:26)
	at com.kms.katalon.core.webui.keyword.builtin.ClickKeyword.click(ClickKeyword.groovy:74)
	at com.kms.katalon.core.webui.keyword.builtin.ClickKeyword.execute(ClickKeyword.groovy:40)
	at com.kms.katalon.core.keyword.internal.KeywordExecutor.executeKeywordForPlatform(KeywordExecutor.groovy:74)
	at com.kms.katalon.core.webui.keyword.WebUiBuiltInKeywords.click(WebUiBuiltInKeywords.groovy:620)
	at com.kms.katalon.core.webui.keyword.WebUiBuiltInKeywords$click$1.call(Unknown Source)
	at Student view recently event.run(Student view recently event:22)
	at com.kms.katalon.core.main.ScriptEngine.run(ScriptEngine.java:194)
	at com.kms.katalon.core.main.ScriptEngine.runScriptAsRawText(ScriptEngine.java:119)
	at com.kms.katalon.core.main.TestCaseExecutor.runScript(TestCaseExecutor.java:442)
	at com.kms.katalon.core.main.TestCaseExecutor.doExecute(TestCaseExecutor.java:433)
	at com.kms.katalon.core.main.TestCaseExecutor.processExecutionPhase(TestCaseExecutor.java:412)
	at com.kms.katalon.core.main.TestCaseExecutor.accessMainPhase(TestCaseExecutor.java:404)
	at com.kms.katalon.core.main.TestCaseExecutor.execute(TestCaseExecutor.java:281)
	at com.kms.katalon.core.main.TestSuiteExecutor.accessTestCaseMainPhase(TestSuiteExecutor.java:202)
	at com.kms.katalon.core.main.TestSuiteExecutor.accessTestSuiteMainPhase(TestSuiteExecutor.java:164)
	at com.kms.katalon.core.main.TestSuiteExecutor.execute(TestSuiteExecutor.java:105)
	at com.kms.katalon.core.main.TestCaseMain.startTestSuite(TestCaseMain.java:181)
	at com.kms.katalon.core.main.TestCaseMain$startTestSuite$0.call(Unknown Source)
	at TempTestSuite1642136404214.run(TempTestSuite1642136404214.groovy:36)
Caused by: org.openqa.selenium.ElementNotInteractableException: element not interactable
  (Session info: MicrosoftEdge=97.0.1072.55)
Build info: version: '3.141.59', revision: 'e82be7d358', time: '2018-11-14T08:25:53'
System info: host: 'DESKTOP-8IHK86T', ip: '192.168.1.173', os.name: 'Windows 10', os.arch: 'amd64', os.version: '10.0', java.version: '1.8.0_282'
Driver info: com.kms.katalon.selenium.driver.CEdgeDriver
Capabilities {acceptInsecureCerts: false, browserName: msedge, browserVersion: 97.0.1072.55, javascriptEnabled: true, ms:edgeOptions: {debuggerAddress: localhost:61301}, msedge: {msedgedriverVersion: 97.0.1072.55 (ce3bf33648805..., userDataDir: C:\Users\THANHD~1\AppData\L...}, networkConnectionEnabled: false, pageLoadStrategy: normal, platform: WINDOWS, platformName: WINDOWS, proxy: Proxy(), setWindowRect: true, strictFileInteractability: false, timeouts: {implicit: 0, pageLoad: 300000, script: 30000}, unhandledPromptBehavior: dismiss and notify, webauthn:extension:credBlob: true, webauthn:extension:largeBlob: true, webauthn:virtualAuthenticators: true}
Session ID: a17603ba3c6ff9b22cc4e58386c3f99d
	at org.openqa.selenium.remote.http.W3CHttpResponseCodec.createException(W3CHttpResponseCodec.java:187)
	at org.openqa.selenium.remote.http.W3CHttpResponseCodec.decode(W3CHttpResponseCodec.java:122)
	at org.openqa.selenium.remote.http.W3CHttpResponseCodec.decode(W3CHttpResponseCodec.java:49)
	at org.openqa.selenium.remote.HttpCommandExecutor.execute(HttpCommandExecutor.java:158)
	at org.openqa.selenium.remote.service.DriverCommandExecutor.execute(DriverCommandExecutor.java:83)
	at org.openqa.selenium.remote.RemoteWebDriver.execute(RemoteWebDriver.java:552)
	at com.kms.katalon.selenium.driver.CEdgeDriver.execute(CEdgeDriver.java:20)
	at org.openqa.selenium.remote.RemoteWebElement.execute(RemoteWebElement.java:285)
	at org.openqa.selenium.remote.RemoteWebElement.click(RemoteWebElement.java:84)
	at org.openqa.selenium.support.events.EventFiringWebDriver$EventFiringWebElement.lambda$new$0(EventFiringWebDriver.java:404)
	at com.sun.proxy.$Proxy11.click(Unknown Source)
	at org.openqa.selenium.support.events.EventFiringWebDriver$EventFiringWebElement.click(EventFiringWebDriver.java:417)
	at org.openqa.selenium.WebElement$click.call(Unknown Source)
	at com.kms.katalon.core.webui.keyword.builtin.ClickKeyword.clickUntilSuccessWithTimeout(ClickKeyword.groovy:81)
	at com.kms.katalon.core.webui.keyword.builtin.ClickKeyword.clickUntilSuccessWithTimeout(ClickKeyword.groovy)
	at com.kms.katalon.core.webui.keyword.builtin.ClickKeyword$_click_closure1.doCall(ClickKeyword.groovy:67)
	at com.kms.katalon.core.webui.keyword.builtin.ClickKeyword$_click_closure1.call(ClickKeyword.groovy)
	at com.kms.katalon.core.webui.keyword.internal.WebUIKeywordMain.runKeyword(WebUIKeywordMain.groovy:20)
	at com.kms.katalon.core.webui.keyword.builtin.ClickKeyword.click(ClickKeyword.groovy:74)
	at com.kms.katalon.core.webui.keyword.builtin.ClickKeyword.execute(ClickKeyword.groovy:40)
	at com.kms.katalon.core.keyword.internal.KeywordExecutor.executeKeywordForPlatform(KeywordExecutor.groovy:74)
	at com.kms.katalon.core.webui.keyword.WebUiBuiltInKeywords.click(WebUiBuiltInKeywords.groovy:620)
	at com.kms.katalon.core.webui.keyword.WebUiBuiltInKeywords$click$1.call(Unknown Source)
	at Script1641737062137.run(Script1641737062137.groovy:22)
	... 13 more
)
[[ATTACHMENT|D:\\Test-Automation---SE-Bonus\\Reports\\20220114_120004\\Run all test cases\\20220114_120004\\1642137332040.png]]]]></system-out>
         <system-err><![CDATA[2022-01-14 12:15:23 - [TEST_CASE][FAILED] - Test Cases/Student view recently event: Test Cases/Student view recently event FAILED.
Reason:
com.kms.katalon.core.exception.StepFailedException: Unable to click on object 'Object Repository/Page_Dashboard/a_Assignment 1 is due'
	at com.kms.katalon.core.webui.keyword.internal.WebUIKeywordMain.stepFailed(WebUIKeywordMain.groovy:64)
	at com.kms.katalon.core.webui.keyword.internal.WebUIKeywordMain.runKeyword(WebUIKeywordMain.groovy:26)
	at com.kms.katalon.core.webui.keyword.builtin.ClickKeyword.click(ClickKeyword.groovy:74)
	at com.kms.katalon.core.webui.keyword.builtin.ClickKeyword.execute(ClickKeyword.groovy:40)
	at com.kms.katalon.core.keyword.internal.KeywordExecutor.executeKeywordForPlatform(KeywordExecutor.groovy:74)
	at com.kms.katalon.core.webui.keyword.WebUiBuiltInKeywords.click(WebUiBuiltInKeywords.groovy:620)
	at com.kms.katalon.core.webui.keyword.WebUiBuiltInKeywords$click$1.call(Unknown Source)
	at Student view recently event.run(Student view recently event:22)
	at com.kms.katalon.core.main.ScriptEngine.run(ScriptEngine.java:194)
	at com.kms.katalon.core.main.ScriptEngine.runScriptAsRawText(ScriptEngine.java:119)
	at com.kms.katalon.core.main.TestCaseExecutor.runScript(TestCaseExecutor.java:442)
	at com.kms.katalon.core.main.TestCaseExecutor.doExecute(TestCaseExecutor.java:433)
	at com.kms.katalon.core.main.TestCaseExecutor.processExecutionPhase(TestCaseExecutor.java:412)
	at com.kms.katalon.core.main.TestCaseExecutor.accessMainPhase(TestCaseExecutor.java:404)
	at com.kms.katalon.core.main.TestCaseExecutor.execute(TestCaseExecutor.java:281)
	at com.kms.katalon.core.main.TestSuiteExecutor.accessTestCaseMainPhase(TestSuiteExecutor.java:202)
	at com.kms.katalon.core.main.TestSuiteExecutor.accessTestSuiteMainPhase(TestSuiteExecutor.java:164)
	at com.kms.katalon.core.main.TestSuiteExecutor.execute(TestSuiteExecutor.java:105)
	at com.kms.katalon.core.main.TestCaseMain.startTestSuite(TestCaseMain.java:181)
	at com.kms.katalon.core.main.TestCaseMain$startTestSuite$0.call(Unknown Source)
	at TempTestSuite1642136404214.run(TempTestSuite1642136404214.groovy:36)
Caused by: org.openqa.selenium.ElementNotInteractableException: element not interactable
  (Session info: MicrosoftEdge=97.0.1072.55)
Build info: version: '3.141.59', revision: 'e82be7d358', time: '2018-11-14T08:25:53'
System info: host: 'DESKTOP-8IHK86T', ip: '192.168.1.173', os.name: 'Windows 10', os.arch: 'amd64', os.version: '10.0', java.version: '1.8.0_282'
Driver info: com.kms.katalon.selenium.driver.CEdgeDriver
Capabilities {acceptInsecureCerts: false, browserName: msedge, browserVersion: 97.0.1072.55, javascriptEnabled: true, ms:edgeOptions: {debuggerAddress: localhost:61301}, msedge: {msedgedriverVersion: 97.0.1072.55 (ce3bf33648805..., userDataDir: C:\Users\THANHD~1\AppData\L...}, networkConnectionEnabled: false, pageLoadStrategy: normal, platform: WINDOWS, platformName: WINDOWS, proxy: Proxy(), setWindowRect: true, strictFileInteractability: false, timeouts: {implicit: 0, pageLoad: 300000, script: 30000}, unhandledPromptBehavior: dismiss and notify, webauthn:extension:credBlob: true, webauthn:extension:largeBlob: true, webauthn:virtualAuthenticators: true}
Session ID: a17603ba3c6ff9b22cc4e58386c3f99d
	at org.openqa.selenium.remote.http.W3CHttpResponseCodec.createException(W3CHttpResponseCodec.java:187)
	at org.openqa.selenium.remote.http.W3CHttpResponseCodec.decode(W3CHttpResponseCodec.java:122)
	at org.openqa.selenium.remote.http.W3CHttpResponseCodec.decode(W3CHttpResponseCodec.java:49)
	at org.openqa.selenium.remote.HttpCommandExecutor.execute(HttpCommandExecutor.java:158)
	at org.openqa.selenium.remote.service.DriverCommandExecutor.execute(DriverCommandExecutor.java:83)
	at org.openqa.selenium.remote.RemoteWebDriver.execute(RemoteWebDriver.java:552)
	at com.kms.katalon.selenium.driver.CEdgeDriver.execute(CEdgeDriver.java:20)
	at org.openqa.selenium.remote.RemoteWebElement.execute(RemoteWebElement.java:285)
	at org.openqa.selenium.remote.RemoteWebElement.click(RemoteWebElement.java:84)
	at org.openqa.selenium.support.events.EventFiringWebDriver$EventFiringWebElement.lambda$new$0(EventFiringWebDriver.java:404)
	at com.sun.proxy.$Proxy11.click(Unknown Source)
	at org.openqa.selenium.support.events.EventFiringWebDriver$EventFiringWebElement.click(EventFiringWebDriver.java:417)
	at org.openqa.selenium.WebElement$click.call(Unknown Source)
	at com.kms.katalon.core.webui.keyword.builtin.ClickKeyword.clickUntilSuccessWithTimeout(ClickKeyword.groovy:81)
	at com.kms.katalon.core.webui.keyword.builtin.ClickKeyword.clickUntilSuccessWithTimeout(ClickKeyword.groovy)
	at com.kms.katalon.core.webui.keyword.builtin.ClickKeyword$_click_closure1.doCall(ClickKeyword.groovy:67)
	at com.kms.katalon.core.webui.keyword.builtin.ClickKeyword$_click_closure1.call(ClickKeyword.groovy)
	at com.kms.katalon.core.webui.keyword.internal.WebUIKeywordMain.runKeyword(WebUIKeywordMain.groovy:20)
	... 19 more]]></system-err>
      </testcase>
      <testcase name="Test Cases/Student submit assignment" time="23.496" classname="Test Cases/Student submit assignment" status="PASSED">
         <system-out><![CDATA[2022-01-14 12:15:32 - [TEST_CASE][PASSED] - Test Cases/Student submit assignment: Test Cases/Student submit assignment

2022-01-14 12:15:32 - [TEST_STEP][PASSED] - callTestCase(findTestCase("Login as user (student)"), [:], STOP_ON_FAILURE): Call Test Case 'Test Cases/Login as user (student)' successfully

2022-01-14 12:15:32 - [TEST_CASE][PASSED] - Test Cases/Login as user (student): Test Cases/Login as user (student)

2022-01-14 12:15:32 - [TEST_STEP][PASSED] - openBrowser(""): Browser is opened with url: ''

2022-01-14 12:15:32 - [MESSAGE][WARNING] - A browser is already opened. Closing browser and opening a new one

2022-01-14 12:15:33 - [MESSAGE][INFO] - Starting 'Edge Chromium' driver

2022-01-14 12:15:33 - [MESSAGE][INFO] - Action delay is set to 0 milliseconds

2022-01-14 12:15:35 - [MESSAGE][PASSED] - Browser is opened with url: ''

2022-01-14 12:15:35 - [TEST_STEP][PASSED] - maximizeWindow(): Current window maximized

2022-01-14 12:15:35 - [MESSAGE][PASSED] - Current window maximized

2022-01-14 12:15:35 - [TEST_STEP][PASSED] - navigateToUrl("http://localhost/"): Navigate to 'http://localhost/' successfully

2022-01-14 12:15:35 - [MESSAGE][PASSED] - Navigate to 'http://localhost/' successfully

2022-01-14 12:15:35 - [TEST_STEP][PASSED] - click(findTestObject("Object Repository/Page_My Moodle/a_Log in")): Object: 'Object Repository/Page_My Moodle/a_Log in' is clicked on

2022-01-14 12:15:36 - [MESSAGE][PASSED] - Object: 'Object Repository/Page_My Moodle/a_Log in' is clicked on

2022-01-14 12:15:36 - [TEST_STEP][PASSED] - setText(findTestObject("Object Repository/Page_My Moodle Log in to the site/input_Username_username"), "student"): Text 'student' is set on object 'Object Repository/Page_My Moodle Log in to the site/input_Username_username'

2022-01-14 12:15:37 - [MESSAGE][PASSED] - Text 'student' is set on object 'Object Repository/Page_My Moodle Log in to the site/input_Username_username'

2022-01-14 12:15:37 - [TEST_STEP][PASSED] - setEncryptedText(findTestObject("Object Repository/Page_My Moodle Log in to the site/input_Password_password"), "3t5OwH/+bwwlEvOXGw7/rg=="): Text ****** has been set on object 'Object Repository/Page_My Moodle Log in to the site/input_Password_password'

2022-01-14 12:15:37 - [MESSAGE][PASSED] - Text ****** has been set on object 'Object Repository/Page_My Moodle Log in to the site/input_Password_password'

2022-01-14 12:15:37 - [TEST_STEP][PASSED] - click(findTestObject("Object Repository/Page_My Moodle Log in to the site/button_Log in")): Object: 'Object Repository/Page_My Moodle Log in to the site/button_Log in' is clicked on

2022-01-14 12:15:38 - [MESSAGE][PASSED] - Object: 'Object Repository/Page_My Moodle Log in to the site/button_Log in' is clicked on

2022-01-14 12:15:38 - [MESSAGE][PASSED] - Call Test Case 'Test Cases/Login as user (student)' successfully

2022-01-14 12:15:38 - [TEST_STEP][PASSED] - click(findTestObject("Object Repository/Page_Dashboard/span_Site home (1)")): Object: 'Object Repository/Page_Dashboard/span_Site home (1)' is clicked on

2022-01-14 12:15:40 - [MESSAGE][PASSED] - Object: 'Object Repository/Page_Dashboard/span_Site home (1)' is clicked on

2022-01-14 12:15:40 - [TEST_STEP][PASSED] - click(findTestObject("Object Repository/Page_My Moodle/a_Thit k phn mm (1)")): Object: 'Object Repository/Page_My Moodle/a_Thit k phn mm (1)' is clicked on

2022-01-14 12:15:41 - [MESSAGE][PASSED] - Object: 'Object Repository/Page_My Moodle/a_Thit k phn mm (1)' is clicked on

2022-01-14 12:15:41 - [TEST_STEP][PASSED] - click(findTestObject("Page_Course Phn tch v qun l yu cu phn mm/button_End tour"), OPTIONAL): Object: 'Object Repository/Page_Course Phn tch v qun l yu cu phn mm/button_End tour' is clicked on

2022-01-14 12:15:43 - [MESSAGE][PASSED] - Object: 'Object Repository/Page_Course Phn tch v qun l yu cu phn mm/button_End tour' is clicked on

2022-01-14 12:15:43 - [TEST_STEP][PASSED] - scrollToPosition(0, 0): Browser is scrolled to position x = 0, y = 0

2022-01-14 12:15:43 - [MESSAGE][PASSED] - Browser is scrolled to position x = 0, y = 0

2022-01-14 12:15:43 - [TEST_STEP][PASSED] - click(findTestObject("Object Repository/Page_Course Thit k phn mm/span_Assignment with file")): Object: 'Object Repository/Page_Course Thit k phn mm/span_Assignment with file' is clicked on

2022-01-14 12:15:44 - [MESSAGE][PASSED] - Object: 'Object Repository/Page_Course Thit k phn mm/span_Assignment with file' is clicked on

2022-01-14 12:15:44 - [TEST_STEP][PASSED] - click(findTestObject("Page_Course Phn tch v qun l yu cu phn mm/button_End tour"), OPTIONAL): Object: 'Object Repository/Page_Course Phn tch v qun l yu cu phn mm/button_End tour' is clicked on

2022-01-14 12:15:46 - [MESSAGE][PASSED] - Object: 'Object Repository/Page_Course Phn tch v qun l yu cu phn mm/button_End tour' is clicked on

2022-01-14 12:15:46 - [TEST_STEP][PASSED] - click(findTestObject("Object Repository/Page_CSC13010 Assignment with file/button_Add submission")): Object: 'Object Repository/Page_CSC13010 Assignment with file/button_Add submission' is clicked on

2022-01-14 12:15:48 - [MESSAGE][PASSED] - Object: 'Object Repository/Page_CSC13010 Assignment with file/button_Add submission' is clicked on

2022-01-14 12:15:48 - [TEST_STEP][PASSED] - setText(findTestObject("Object Repository/Page_CSC13010 Assignment with file - Edit s_51cb9b/div_123"), "<p dir="ltr" style="text-align: left;">123</p>"): Text '<p dir="ltr" style="text-align: left;">123</p>' is set on object 'Object Repository/Page_CSC13010 Assignment with file - Edit s_51cb9b/div_123'

2022-01-14 12:15:50 - [MESSAGE][PASSED] - Text '<p dir="ltr" style="text-align: left;">123</p>' is set on object 'Object Repository/Page_CSC13010 Assignment with file - Edit s_51cb9b/div_123'

2022-01-14 12:15:50 - [TEST_STEP][PASSED] - click(findTestObject("Object Repository/Page_CSC13010 Assignment with file - Edit s_51cb9b/input_Loading_submitbutton")): Object: 'Object Repository/Page_CSC13010 Assignment with file - Edit s_51cb9b/input_Loading_submitbutton' is clicked on

2022-01-14 12:15:55 - [MESSAGE][PASSED] - Object: 'Object Repository/Page_CSC13010 Assignment with file - Edit s_51cb9b/input_Loading_submitbutton' is clicked on]]></system-out>
         <system-err><![CDATA[]]></system-err>
      </testcase>
      <testcase name="Test Cases/Student attempt quiz" time="73.749" classname="Test Cases/Student attempt quiz" status="PASSED">
         <system-out><![CDATA[2022-01-14 12:15:55 - [TEST_CASE][PASSED] - Test Cases/Student attempt quiz: Test Cases/Student attempt quiz

2022-01-14 12:15:55 - [TEST_STEP][PASSED] - callTestCase(findTestCase("Login as user (student)"), [:], STOP_ON_FAILURE): Call Test Case 'Test Cases/Login as user (student)' successfully

2022-01-14 12:15:56 - [TEST_CASE][PASSED] - Test Cases/Login as user (student): Test Cases/Login as user (student)

2022-01-14 12:15:56 - [TEST_STEP][PASSED] - openBrowser(""): Browser is opened with url: ''

2022-01-14 12:15:56 - [MESSAGE][WARNING] - A browser is already opened. Closing browser and opening a new one

2022-01-14 12:15:56 - [MESSAGE][INFO] - Starting 'Edge Chromium' driver

2022-01-14 12:15:57 - [MESSAGE][INFO] - Action delay is set to 0 milliseconds

2022-01-14 12:15:58 - [MESSAGE][PASSED] - Browser is opened with url: ''

2022-01-14 12:15:58 - [TEST_STEP][PASSED] - maximizeWindow(): Current window maximized

2022-01-14 12:15:58 - [MESSAGE][PASSED] - Current window maximized

2022-01-14 12:15:58 - [TEST_STEP][PASSED] - navigateToUrl("http://localhost/"): Navigate to 'http://localhost/' successfully

2022-01-14 12:15:59 - [MESSAGE][PASSED] - Navigate to 'http://localhost/' successfully

2022-01-14 12:15:59 - [TEST_STEP][PASSED] - click(findTestObject("Object Repository/Page_My Moodle/a_Log in")): Object: 'Object Repository/Page_My Moodle/a_Log in' is clicked on

2022-01-14 12:16:00 - [MESSAGE][PASSED] - Object: 'Object Repository/Page_My Moodle/a_Log in' is clicked on

2022-01-14 12:16:00 - [TEST_STEP][PASSED] - setText(findTestObject("Object Repository/Page_My Moodle Log in to the site/input_Username_username"), "student"): Text 'student' is set on object 'Object Repository/Page_My Moodle Log in to the site/input_Username_username'

2022-01-14 12:16:01 - [MESSAGE][PASSED] - Text 'student' is set on object 'Object Repository/Page_My Moodle Log in to the site/input_Username_username'

2022-01-14 12:16:01 - [TEST_STEP][PASSED] - setEncryptedText(findTestObject("Object Repository/Page_My Moodle Log in to the site/input_Password_password"), "3t5OwH/+bwwlEvOXGw7/rg=="): Text ****** has been set on object 'Object Repository/Page_My Moodle Log in to the site/input_Password_password'

2022-01-14 12:16:01 - [MESSAGE][PASSED] - Text ****** has been set on object 'Object Repository/Page_My Moodle Log in to the site/input_Password_password'

2022-01-14 12:16:01 - [TEST_STEP][PASSED] - click(findTestObject("Object Repository/Page_My Moodle Log in to the site/button_Log in")): Object: 'Object Repository/Page_My Moodle Log in to the site/button_Log in' is clicked on

2022-01-14 12:16:02 - [MESSAGE][PASSED] - Object: 'Object Repository/Page_My Moodle Log in to the site/button_Log in' is clicked on

2022-01-14 12:16:02 - [MESSAGE][PASSED] - Call Test Case 'Test Cases/Login as user (student)' successfully

2022-01-14 12:16:02 - [TEST_STEP][PASSED] - click(findTestObject("Object Repository/Page_Dashboard/a_Site home")): Object: 'Object Repository/Page_Dashboard/a_Site home' is clicked on

2022-01-14 12:16:04 - [MESSAGE][PASSED] - Object: 'Object Repository/Page_Dashboard/a_Site home' is clicked on

2022-01-14 12:16:04 - [TEST_STEP][PASSED] - navigateToUrl("http://localhost/?redirect=0"): Navigate to 'http://localhost/?redirect=0' successfully

2022-01-14 12:16:04 - [MESSAGE][PASSED] - Navigate to 'http://localhost/?redirect=0' successfully

2022-01-14 12:16:04 - [TEST_STEP][PASSED] - click(findTestObject("Object Repository/Page_My Moodle/a_Phn tch v qun l yu cu phn mm")): Object: 'Object Repository/Page_My Moodle/a_Phn tch v qun l yu cu phn mm' is clicked on

2022-01-14 12:16:05 - [MESSAGE][PASSED] - Object: 'Object Repository/Page_My Moodle/a_Phn tch v qun l yu cu phn mm' is clicked on

2022-01-14 12:16:05 - [TEST_STEP][PASSED] - click(findTestObject("Object Repository/Page_Course Thit k phn mm/button_End tour"), OPTIONAL): Unable to click on object 'Object Repository/Page_Course Thit k phn mm/button_End tour' (Root cause: com.kms.katalon.core.exception.StepFailedException: Unable to click on object 'Object Repository/Page_Course Thit k phn mm/button_End tour'
	at com.kms.katalon.core.webui.keyword.internal.WebUIKeywordMain.stepFailed(WebUIKeywordMain.groovy:64)
	at com.kms.katalon.core.webui.keyword.internal.WebUIKeywordMain.runKeyword(WebUIKeywordMain.groovy:26)
	at com.kms.katalon.core.webui.keyword.builtin.ClickKeyword.click(ClickKeyword.groovy:74)
	at com.kms.katalon.core.webui.keyword.builtin.ClickKeyword.execute(ClickKeyword.groovy:40)
	at com.kms.katalon.core.keyword.internal.KeywordExecutor.executeKeywordForPlatform(KeywordExecutor.groovy:74)
	at com.kms.katalon.core.webui.keyword.WebUiBuiltInKeywords.click(WebUiBuiltInKeywords.groovy:608)
	at com.kms.katalon.core.webui.keyword.WebUiBuiltInKeywords$click$9.call(Unknown Source)
	at Student attempt quiz.run(Student attempt quiz:28)
	at com.kms.katalon.core.main.ScriptEngine.run(ScriptEngine.java:194)
	at com.kms.katalon.core.main.ScriptEngine.runScriptAsRawText(ScriptEngine.java:119)
	at com.kms.katalon.core.main.TestCaseExecutor.runScript(TestCaseExecutor.java:442)
	at com.kms.katalon.core.main.TestCaseExecutor.doExecute(TestCaseExecutor.java:433)
	at com.kms.katalon.core.main.TestCaseExecutor.processExecutionPhase(TestCaseExecutor.java:412)
	at com.kms.katalon.core.main.TestCaseExecutor.accessMainPhase(TestCaseExecutor.java:404)
	at com.kms.katalon.core.main.TestCaseExecutor.execute(TestCaseExecutor.java:281)
	at com.kms.katalon.core.main.TestSuiteExecutor.accessTestCaseMainPhase(TestSuiteExecutor.java:202)
	at com.kms.katalon.core.main.TestSuiteExecutor.accessTestSuiteMainPhase(TestSuiteExecutor.java:164)
	at com.kms.katalon.core.main.TestSuiteExecutor.execute(TestSuiteExecutor.java:105)
	at com.kms.katalon.core.main.TestCaseMain.startTestSuite(TestCaseMain.java:181)
	at com.kms.katalon.core.main.TestCaseMain$startTestSuite$0.call(Unknown Source)
	at TempTestSuite1642136404214.run(TempTestSuite1642136404214.groovy:36)
Caused by: com.kms.katalon.core.webui.exception.WebElementNotFoundException: Web element with id: 'Object Repository/Page_Course Thit k phn mm/button_End tour' located by '//span[@id='tour-step-tool_usertours_8_2_1620109487-0']/div/div/div[4]/button[3]' not found
	at com.kms.katalon.core.webui.common.WebUiCommonHelper.findWebElement(WebUiCommonHelper.java:1368)
	at com.kms.katalon.core.webui.keyword.internal.WebUIAbstractKeyword.findWebElement(WebUIAbstractKeyword.groovy:27)
	at com.kms.katalon.core.webui.keyword.builtin.ClickKeyword$_click_closure1.doCall(ClickKeyword.groovy:65)
	at com.kms.katalon.core.webui.keyword.builtin.ClickKeyword$_click_closure1.call(ClickKeyword.groovy)
	at com.kms.katalon.core.webui.keyword.internal.WebUIKeywordMain.runKeyword(WebUIKeywordMain.groovy:20)
	at com.kms.katalon.core.webui.keyword.builtin.ClickKeyword.click(ClickKeyword.groovy:74)
	at com.kms.katalon.core.webui.keyword.builtin.ClickKeyword.execute(ClickKeyword.groovy:40)
	at com.kms.katalon.core.keyword.internal.KeywordExecutor.executeKeywordForPlatform(KeywordExecutor.groovy:74)
	at com.kms.katalon.core.webui.keyword.WebUiBuiltInKeywords.click(WebUiBuiltInKeywords.groovy:608)
	at com.kms.katalon.core.webui.keyword.WebUiBuiltInKeywords$click$9.call(Unknown Source)
	at Script1641633821080.run(Script1641633821080.groovy:28)
	... 13 more
)

2022-01-14 12:16:37 - [MESSAGE][INFO] - Unable to find the element located by 'By.xpath: //span[@id='tour-step-tool_usertours_8_2_1620109487-0']/div/div/div[4]/button[3]'. Please recheck the objects properties to make sure the desired element is located. 

2022-01-14 12:16:37 - [MESSAGE][WARNING] - Unable to click on object 'Object Repository/Page_Course Thit k phn mm/button_End tour' (Root cause: com.kms.katalon.core.exception.StepFailedException: Unable to click on object 'Object Repository/Page_Course Thit k phn mm/button_End tour'
	at com.kms.katalon.core.webui.keyword.internal.WebUIKeywordMain.stepFailed(WebUIKeywordMain.groovy:64)
	at com.kms.katalon.core.webui.keyword.internal.WebUIKeywordMain.runKeyword(WebUIKeywordMain.groovy:26)
	at com.kms.katalon.core.webui.keyword.builtin.ClickKeyword.click(ClickKeyword.groovy:74)
	at com.kms.katalon.core.webui.keyword.builtin.ClickKeyword.execute(ClickKeyword.groovy:40)
	at com.kms.katalon.core.keyword.internal.KeywordExecutor.executeKeywordForPlatform(KeywordExecutor.groovy:74)
	at com.kms.katalon.core.webui.keyword.WebUiBuiltInKeywords.click(WebUiBuiltInKeywords.groovy:608)
	at com.kms.katalon.core.webui.keyword.WebUiBuiltInKeywords$click$9.call(Unknown Source)
	at Student attempt quiz.run(Student attempt quiz:28)
	at com.kms.katalon.core.main.ScriptEngine.run(ScriptEngine.java:194)
	at com.kms.katalon.core.main.ScriptEngine.runScriptAsRawText(ScriptEngine.java:119)
	at com.kms.katalon.core.main.TestCaseExecutor.runScript(TestCaseExecutor.java:442)
	at com.kms.katalon.core.main.TestCaseExecutor.doExecute(TestCaseExecutor.java:433)
	at com.kms.katalon.core.main.TestCaseExecutor.processExecutionPhase(TestCaseExecutor.java:412)
	at com.kms.katalon.core.main.TestCaseExecutor.accessMainPhase(TestCaseExecutor.java:404)
	at com.kms.katalon.core.main.TestCaseExecutor.execute(TestCaseExecutor.java:281)
	at com.kms.katalon.core.main.TestSuiteExecutor.accessTestCaseMainPhase(TestSuiteExecutor.java:202)
	at com.kms.katalon.core.main.TestSuiteExecutor.accessTestSuiteMainPhase(TestSuiteExecutor.java:164)
	at com.kms.katalon.core.main.TestSuiteExecutor.execute(TestSuiteExecutor.java:105)
	at com.kms.katalon.core.main.TestCaseMain.startTestSuite(TestCaseMain.java:181)
	at com.kms.katalon.core.main.TestCaseMain$startTestSuite$0.call(Unknown Source)
	at TempTestSuite1642136404214.run(TempTestSuite1642136404214.groovy:36)
Caused by: com.kms.katalon.core.webui.exception.WebElementNotFoundException: Web element with id: 'Object Repository/Page_Course Thit k phn mm/button_End tour' located by '//span[@id='tour-step-tool_usertours_8_2_1620109487-0']/div/div/div[4]/button[3]' not found
	at com.kms.katalon.core.webui.common.WebUiCommonHelper.findWebElement(WebUiCommonHelper.java:1368)
	at com.kms.katalon.core.webui.keyword.internal.WebUIAbstractKeyword.findWebElement(WebUIAbstractKeyword.groovy:27)
	at com.kms.katalon.core.webui.keyword.builtin.ClickKeyword$_click_closure1.doCall(ClickKeyword.groovy:65)
	at com.kms.katalon.core.webui.keyword.builtin.ClickKeyword$_click_closure1.call(ClickKeyword.groovy)
	at com.kms.katalon.core.webui.keyword.internal.WebUIKeywordMain.runKeyword(WebUIKeywordMain.groovy:20)
	at com.kms.katalon.core.webui.keyword.builtin.ClickKeyword.click(ClickKeyword.groovy:74)
	at com.kms.katalon.core.webui.keyword.builtin.ClickKeyword.execute(ClickKeyword.groovy:40)
	at com.kms.katalon.core.keyword.internal.KeywordExecutor.executeKeywordForPlatform(KeywordExecutor.groovy:74)
	at com.kms.katalon.core.webui.keyword.WebUiBuiltInKeywords.click(WebUiBuiltInKeywords.groovy:608)
	at com.kms.katalon.core.webui.keyword.WebUiBuiltInKeywords$click$9.call(Unknown Source)
	at Script1641633821080.run(Script1641633821080.groovy:28)
	... 13 more
)
[[ATTACHMENT|D:\\Test-Automation---SE-Bonus\\Reports\\20220114_120004\\Run all test cases\\20220114_120004\\1642137397092.png]]

2022-01-14 12:16:37 - [TEST_STEP][PASSED] - click(findTestObject("Object Repository/Page_Course Thit k phn mm/span_Quiz 1")): Object: 'Object Repository/Page_Course Thit k phn mm/span_Quiz 1' is clicked on

2022-01-14 12:16:37 - [MESSAGE][PASSED] - Object: 'Object Repository/Page_Course Thit k phn mm/span_Quiz 1' is clicked on

2022-01-14 12:16:37 - [TEST_STEP][PASSED] - navigateToUrl("http://localhost/mod/quiz/view.php?id=8"): Navigate to 'http://localhost/mod/quiz/view.php?id=8' successfully

2022-01-14 12:16:38 - [MESSAGE][PASSED] - Navigate to 'http://localhost/mod/quiz/view.php?id=8' successfully

2022-01-14 12:16:38 - [TEST_STEP][PASSED] - click(findTestObject("Object Repository/Page_CSC13010 Quiz 1/button_End tour"), OPTIONAL): Unable to click on object 'Object Repository/Page_CSC13010 Quiz 1/button_End tour' (Root cause: com.kms.katalon.core.exception.StepFailedException: Unable to click on object 'Object Repository/Page_CSC13010 Quiz 1/button_End tour'
	at com.kms.katalon.core.webui.keyword.internal.WebUIKeywordMain.stepFailed(WebUIKeywordMain.groovy:64)
	at com.kms.katalon.core.webui.keyword.internal.WebUIKeywordMain.runKeyword(WebUIKeywordMain.groovy:26)
	at com.kms.katalon.core.webui.keyword.builtin.ClickKeyword.click(ClickKeyword.groovy:74)
	at com.kms.katalon.core.webui.keyword.builtin.ClickKeyword.execute(ClickKeyword.groovy:40)
	at com.kms.katalon.core.keyword.internal.KeywordExecutor.executeKeywordForPlatform(KeywordExecutor.groovy:74)
	at com.kms.katalon.core.webui.keyword.WebUiBuiltInKeywords.click(WebUiBuiltInKeywords.groovy:608)
	at com.kms.katalon.core.webui.keyword.WebUiBuiltInKeywords$click$9.call(Unknown Source)
	at Student attempt quiz.run(Student attempt quiz:34)
	at com.kms.katalon.core.main.ScriptEngine.run(ScriptEngine.java:194)
	at com.kms.katalon.core.main.ScriptEngine.runScriptAsRawText(ScriptEngine.java:119)
	at com.kms.katalon.core.main.TestCaseExecutor.runScript(TestCaseExecutor.java:442)
	at com.kms.katalon.core.main.TestCaseExecutor.doExecute(TestCaseExecutor.java:433)
	at com.kms.katalon.core.main.TestCaseExecutor.processExecutionPhase(TestCaseExecutor.java:412)
	at com.kms.katalon.core.main.TestCaseExecutor.accessMainPhase(TestCaseExecutor.java:404)
	at com.kms.katalon.core.main.TestCaseExecutor.execute(TestCaseExecutor.java:281)
	at com.kms.katalon.core.main.TestSuiteExecutor.accessTestCaseMainPhase(TestSuiteExecutor.java:202)
	at com.kms.katalon.core.main.TestSuiteExecutor.accessTestSuiteMainPhase(TestSuiteExecutor.java:164)
	at com.kms.katalon.core.main.TestSuiteExecutor.execute(TestSuiteExecutor.java:105)
	at com.kms.katalon.core.main.TestCaseMain.startTestSuite(TestCaseMain.java:181)
	at com.kms.katalon.core.main.TestCaseMain$startTestSuite$0.call(Unknown Source)
	at TempTestSuite1642136404214.run(TempTestSuite1642136404214.groovy:36)
Caused by: com.kms.katalon.core.webui.exception.WebElementNotFoundException: Web element with id: 'Object Repository/Page_CSC13010 Quiz 1/button_End tour' located by '//span[@id='tour-step-tool_usertours_8_4_1620110287-0']/div/div/div[4]/button[3]' not found
	at com.kms.katalon.core.webui.common.WebUiCommonHelper.findWebElement(WebUiCommonHelper.java:1368)
	at com.kms.katalon.core.webui.keyword.internal.WebUIAbstractKeyword.findWebElement(WebUIAbstractKeyword.groovy:27)
	at com.kms.katalon.core.webui.keyword.builtin.ClickKeyword$_click_closure1.doCall(ClickKeyword.groovy:65)
	at com.kms.katalon.core.webui.keyword.builtin.ClickKeyword$_click_closure1.call(ClickKeyword.groovy)
	at com.kms.katalon.core.webui.keyword.internal.WebUIKeywordMain.runKeyword(WebUIKeywordMain.groovy:20)
	at com.kms.katalon.core.webui.keyword.builtin.ClickKeyword.click(ClickKeyword.groovy:74)
	at com.kms.katalon.core.webui.keyword.builtin.ClickKeyword.execute(ClickKeyword.groovy:40)
	at com.kms.katalon.core.keyword.internal.KeywordExecutor.executeKeywordForPlatform(KeywordExecutor.groovy:74)
	at com.kms.katalon.core.webui.keyword.WebUiBuiltInKeywords.click(WebUiBuiltInKeywords.groovy:608)
	at com.kms.katalon.core.webui.keyword.WebUiBuiltInKeywords$click$9.call(Unknown Source)
	at Script1641633821080.run(Script1641633821080.groovy:34)
	... 13 more
)

2022-01-14 12:17:09 - [MESSAGE][INFO] - Unable to find the element located by 'By.xpath: //span[@id='tour-step-tool_usertours_8_4_1620110287-0']/div/div/div[4]/button[3]'. Please recheck the objects properties to make sure the desired element is located. 

2022-01-14 12:17:09 - [MESSAGE][WARNING] - Unable to click on object 'Object Repository/Page_CSC13010 Quiz 1/button_End tour' (Root cause: com.kms.katalon.core.exception.StepFailedException: Unable to click on object 'Object Repository/Page_CSC13010 Quiz 1/button_End tour'
	at com.kms.katalon.core.webui.keyword.internal.WebUIKeywordMain.stepFailed(WebUIKeywordMain.groovy:64)
	at com.kms.katalon.core.webui.keyword.internal.WebUIKeywordMain.runKeyword(WebUIKeywordMain.groovy:26)
	at com.kms.katalon.core.webui.keyword.builtin.ClickKeyword.click(ClickKeyword.groovy:74)
	at com.kms.katalon.core.webui.keyword.builtin.ClickKeyword.execute(ClickKeyword.groovy:40)
	at com.kms.katalon.core.keyword.internal.KeywordExecutor.executeKeywordForPlatform(KeywordExecutor.groovy:74)
	at com.kms.katalon.core.webui.keyword.WebUiBuiltInKeywords.click(WebUiBuiltInKeywords.groovy:608)
	at com.kms.katalon.core.webui.keyword.WebUiBuiltInKeywords$click$9.call(Unknown Source)
	at Student attempt quiz.run(Student attempt quiz:34)
	at com.kms.katalon.core.main.ScriptEngine.run(ScriptEngine.java:194)
	at com.kms.katalon.core.main.ScriptEngine.runScriptAsRawText(ScriptEngine.java:119)
	at com.kms.katalon.core.main.TestCaseExecutor.runScript(TestCaseExecutor.java:442)
	at com.kms.katalon.core.main.TestCaseExecutor.doExecute(TestCaseExecutor.java:433)
	at com.kms.katalon.core.main.TestCaseExecutor.processExecutionPhase(TestCaseExecutor.java:412)
	at com.kms.katalon.core.main.TestCaseExecutor.accessMainPhase(TestCaseExecutor.java:404)
	at com.kms.katalon.core.main.TestCaseExecutor.execute(TestCaseExecutor.java:281)
	at com.kms.katalon.core.main.TestSuiteExecutor.accessTestCaseMainPhase(TestSuiteExecutor.java:202)
	at com.kms.katalon.core.main.TestSuiteExecutor.accessTestSuiteMainPhase(TestSuiteExecutor.java:164)
	at com.kms.katalon.core.main.TestSuiteExecutor.execute(TestSuiteExecutor.java:105)
	at com.kms.katalon.core.main.TestCaseMain.startTestSuite(TestCaseMain.java:181)
	at com.kms.katalon.core.main.TestCaseMain$startTestSuite$0.call(Unknown Source)
	at TempTestSuite1642136404214.run(TempTestSuite1642136404214.groovy:36)
Caused by: com.kms.katalon.core.webui.exception.WebElementNotFoundException: Web element with id: 'Object Repository/Page_CSC13010 Quiz 1/button_End tour' located by '//span[@id='tour-step-tool_usertours_8_4_1620110287-0']/div/div/div[4]/button[3]' not found
	at com.kms.katalon.core.webui.common.WebUiCommonHelper.findWebElement(WebUiCommonHelper.java:1368)
	at com.kms.katalon.core.webui.keyword.internal.WebUIAbstractKeyword.findWebElement(WebUIAbstractKeyword.groovy:27)
	at com.kms.katalon.core.webui.keyword.builtin.ClickKeyword$_click_closure1.doCall(ClickKeyword.groovy:65)
	at com.kms.katalon.core.webui.keyword.builtin.ClickKeyword$_click_closure1.call(ClickKeyword.groovy)
	at com.kms.katalon.core.webui.keyword.internal.WebUIKeywordMain.runKeyword(WebUIKeywordMain.groovy:20)
	at com.kms.katalon.core.webui.keyword.builtin.ClickKeyword.click(ClickKeyword.groovy:74)
	at com.kms.katalon.core.webui.keyword.builtin.ClickKeyword.execute(ClickKeyword.groovy:40)
	at com.kms.katalon.core.keyword.internal.KeywordExecutor.executeKeywordForPlatform(KeywordExecutor.groovy:74)
	at com.kms.katalon.core.webui.keyword.WebUiBuiltInKeywords.click(WebUiBuiltInKeywords.groovy:608)
	at com.kms.katalon.core.webui.keyword.WebUiBuiltInKeywords$click$9.call(Unknown Source)
	at Script1641633821080.run(Script1641633821080.groovy:34)
	... 13 more
)
[[ATTACHMENT|D:\\Test-Automation---SE-Bonus\\Reports\\20220114_120004\\Run all test cases\\20220114_120004\\1642137429267.png]]]]></system-out>
         <system-err><![CDATA[]]></system-err>
      </testcase>
      <testcase name="Test Cases/Student group chat" time="41.015" classname="Test Cases/Student group chat" status="FAILED">
         <failure type="FAILED" message="Test Cases/Student group chat FAILED.
Reason:
com.kms.katalon.core.exception.StepFailedException: Unable to set text 'Hello bạn ' of object 'Object Repository/Page_Dashboard/textarea_Use enter to send_yui_3_17_2_1_164_ee0ab2'
	at com.kms.katalon.core.webui.keyword.internal.WebUIKeywordMain.stepFailed(WebUIKeywordMain.groovy:64)
	at com.kms.katalon.core.webui.keyword.internal.WebUIKeywordMain.runKeyword(WebUIKeywordMain.groovy:26)
	at com.kms.katalon.core.webui.keyword.builtin.SetTextKeyword.setText(SetTextKeyword.groovy:66)
	at com.kms.katalon.core.webui.keyword.builtin.SetTextKeyword.execute(SetTextKeyword.groovy:37)
	at com.kms.katalon.core.keyword.internal.KeywordExecutor.executeKeywordForPlatform(KeywordExecutor.groovy:74)
	at com.kms.katalon.core.webui.keyword.WebUiBuiltInKeywords.setText(WebUiBuiltInKeywords.groovy:980)
	at com.kms.katalon.core.webui.keyword.WebUiBuiltInKeywords$setText$2.call(Unknown Source)
	at Student group chat.run(Student group chat:26)
	at com.kms.katalon.core.main.ScriptEngine.run(ScriptEngine.java:194)
	at com.kms.katalon.core.main.ScriptEngine.runScriptAsRawText(ScriptEngine.java:119)
	at com.kms.katalon.core.main.TestCaseExecutor.runScript(TestCaseExecutor.java:442)
	at com.kms.katalon.core.main.TestCaseExecutor.doExecute(TestCaseExecutor.java:433)
	at com.kms.katalon.core.main.TestCaseExecutor.processExecutionPhase(TestCaseExecutor.java:412)
	at com.kms.katalon.core.main.TestCaseExecutor.accessMainPhase(TestCaseExecutor.java:404)
	at com.kms.katalon.core.main.TestCaseExecutor.execute(TestCaseExecutor.java:281)
	at com.kms.katalon.core.main.TestSuiteExecutor.accessTestCaseMainPhase(TestSuiteExecutor.java:202)
	at com.kms.katalon.core.main.TestSuiteExecutor.accessTestSuiteMainPhase(TestSuiteExecutor.java:164)
	at com.kms.katalon.core.main.TestSuiteExecutor.execute(TestSuiteExecutor.java:105)
	at com.kms.katalon.core.main.TestCaseMain.startTestSuite(TestCaseMain.java:181)
	at com.kms.katalon.core.main.TestCaseMain$startTestSuite$0.call(Unknown Source)
	at TempTestSuite1642136404214.run(TempTestSuite1642136404214.groovy:36)
Caused by: com.kms.katalon.core.webui.exception.WebElementNotFoundException: Web element with id: 'Object Repository/Page_Dashboard/textarea_Use enter to send_yui_3_17_2_1_164_ee0ab2' located by '//textarea' not found
	at com.kms.katalon.core.webui.common.WebUiCommonHelper.findWebElement(WebUiCommonHelper.java:1368)
	at com.kms.katalon.core.webui.keyword.internal.WebUIAbstractKeyword.findWebElement(WebUIAbstractKeyword.groovy:27)
	at com.kms.katalon.core.webui.keyword.internal.WebUIAbstractKeyword.findWebElement(WebUIAbstractKeyword.groovy:26)
	at com.kms.katalon.core.webui.keyword.builtin.SetTextKeyword$_setText_closure1.doCall(SetTextKeyword.groovy:51)
	at com.kms.katalon.core.webui.keyword.builtin.SetTextKeyword$_setText_closure1.call(SetTextKeyword.groovy)
	at com.kms.katalon.core.webui.keyword.internal.WebUIKeywordMain.runKeyword(WebUIKeywordMain.groovy:20)
	... 19 more
"/>
         <system-out><![CDATA[2022-01-14 12:17:09 - [TEST_CASE][FAILED] - Test Cases/Student group chat: Test Cases/Student group chat FAILED.
Reason:
com.kms.katalon.core.exception.StepFailedException: Unable to set text 'Hello bạn ' of object 'Object Repository/Page_Dashboard/textarea_Use enter to send_yui_3_17_2_1_164_ee0ab2'
	at com.kms.katalon.core.webui.keyword.internal.WebUIKeywordMain.stepFailed(WebUIKeywordMain.groovy:64)
	at com.kms.katalon.core.webui.keyword.internal.WebUIKeywordMain.runKeyword(WebUIKeywordMain.groovy:26)
	at com.kms.katalon.core.webui.keyword.builtin.SetTextKeyword.setText(SetTextKeyword.groovy:66)
	at com.kms.katalon.core.webui.keyword.builtin.SetTextKeyword.execute(SetTextKeyword.groovy:37)
	at com.kms.katalon.core.keyword.internal.KeywordExecutor.executeKeywordForPlatform(KeywordExecutor.groovy:74)
	at com.kms.katalon.core.webui.keyword.WebUiBuiltInKeywords.setText(WebUiBuiltInKeywords.groovy:980)
	at com.kms.katalon.core.webui.keyword.WebUiBuiltInKeywords$setText$2.call(Unknown Source)
	at Student group chat.run(Student group chat:26)
	at com.kms.katalon.core.main.ScriptEngine.run(ScriptEngine.java:194)
	at com.kms.katalon.core.main.ScriptEngine.runScriptAsRawText(ScriptEngine.java:119)
	at com.kms.katalon.core.main.TestCaseExecutor.runScript(TestCaseExecutor.java:442)
	at com.kms.katalon.core.main.TestCaseExecutor.doExecute(TestCaseExecutor.java:433)
	at com.kms.katalon.core.main.TestCaseExecutor.processExecutionPhase(TestCaseExecutor.java:412)
	at com.kms.katalon.core.main.TestCaseExecutor.accessMainPhase(TestCaseExecutor.java:404)
	at com.kms.katalon.core.main.TestCaseExecutor.execute(TestCaseExecutor.java:281)
	at com.kms.katalon.core.main.TestSuiteExecutor.accessTestCaseMainPhase(TestSuiteExecutor.java:202)
	at com.kms.katalon.core.main.TestSuiteExecutor.accessTestSuiteMainPhase(TestSuiteExecutor.java:164)
	at com.kms.katalon.core.main.TestSuiteExecutor.execute(TestSuiteExecutor.java:105)
	at com.kms.katalon.core.main.TestCaseMain.startTestSuite(TestCaseMain.java:181)
	at com.kms.katalon.core.main.TestCaseMain$startTestSuite$0.call(Unknown Source)
	at TempTestSuite1642136404214.run(TempTestSuite1642136404214.groovy:36)
Caused by: com.kms.katalon.core.webui.exception.WebElementNotFoundException: Web element with id: 'Object Repository/Page_Dashboard/textarea_Use enter to send_yui_3_17_2_1_164_ee0ab2' located by '//textarea' not found
	at com.kms.katalon.core.webui.common.WebUiCommonHelper.findWebElement(WebUiCommonHelper.java:1368)
	at com.kms.katalon.core.webui.keyword.internal.WebUIAbstractKeyword.findWebElement(WebUIAbstractKeyword.groovy:27)
	at com.kms.katalon.core.webui.keyword.internal.WebUIAbstractKeyword.findWebElement(WebUIAbstractKeyword.groovy:26)
	at com.kms.katalon.core.webui.keyword.builtin.SetTextKeyword$_setText_closure1.doCall(SetTextKeyword.groovy:51)
	at com.kms.katalon.core.webui.keyword.builtin.SetTextKeyword$_setText_closure1.call(SetTextKeyword.groovy)
	at com.kms.katalon.core.webui.keyword.internal.WebUIKeywordMain.runKeyword(WebUIKeywordMain.groovy:20)
	... 19 more


2022-01-14 12:17:09 - [TEST_STEP][PASSED] - callTestCase(findTestCase("Login as user (student)"), [:], STOP_ON_FAILURE): Call Test Case 'Test Cases/Login as user (student)' successfully

2022-01-14 12:17:09 - [TEST_CASE][PASSED] - Test Cases/Login as user (student): Test Cases/Login as user (student)

2022-01-14 12:17:09 - [TEST_STEP][PASSED] - openBrowser(""): Browser is opened with url: ''

2022-01-14 12:17:09 - [MESSAGE][WARNING] - A browser is already opened. Closing browser and opening a new one

2022-01-14 12:17:10 - [MESSAGE][INFO] - Starting 'Edge Chromium' driver

2022-01-14 12:17:11 - [MESSAGE][INFO] - Action delay is set to 0 milliseconds

2022-01-14 12:17:12 - [MESSAGE][PASSED] - Browser is opened with url: ''

2022-01-14 12:17:12 - [TEST_STEP][PASSED] - maximizeWindow(): Current window maximized

2022-01-14 12:17:12 - [MESSAGE][PASSED] - Current window maximized

2022-01-14 12:17:12 - [TEST_STEP][PASSED] - navigateToUrl("http://localhost/"): Navigate to 'http://localhost/' successfully

2022-01-14 12:17:13 - [MESSAGE][PASSED] - Navigate to 'http://localhost/' successfully

2022-01-14 12:17:13 - [TEST_STEP][PASSED] - click(findTestObject("Object Repository/Page_My Moodle/a_Log in")): Object: 'Object Repository/Page_My Moodle/a_Log in' is clicked on

2022-01-14 12:17:13 - [MESSAGE][PASSED] - Object: 'Object Repository/Page_My Moodle/a_Log in' is clicked on

2022-01-14 12:17:13 - [TEST_STEP][PASSED] - setText(findTestObject("Object Repository/Page_My Moodle Log in to the site/input_Username_username"), "student"): Text 'student' is set on object 'Object Repository/Page_My Moodle Log in to the site/input_Username_username'

2022-01-14 12:17:14 - [MESSAGE][PASSED] - Text 'student' is set on object 'Object Repository/Page_My Moodle Log in to the site/input_Username_username'

2022-01-14 12:17:14 - [TEST_STEP][PASSED] - setEncryptedText(findTestObject("Object Repository/Page_My Moodle Log in to the site/input_Password_password"), "3t5OwH/+bwwlEvOXGw7/rg=="): Text ****** has been set on object 'Object Repository/Page_My Moodle Log in to the site/input_Password_password'

2022-01-14 12:17:15 - [MESSAGE][PASSED] - Text ****** has been set on object 'Object Repository/Page_My Moodle Log in to the site/input_Password_password'

2022-01-14 12:17:15 - [TEST_STEP][PASSED] - click(findTestObject("Object Repository/Page_My Moodle Log in to the site/button_Log in")): Object: 'Object Repository/Page_My Moodle Log in to the site/button_Log in' is clicked on

2022-01-14 12:17:16 - [MESSAGE][PASSED] - Object: 'Object Repository/Page_My Moodle Log in to the site/button_Log in' is clicked on

2022-01-14 12:17:16 - [MESSAGE][PASSED] - Call Test Case 'Test Cases/Login as user (student)' successfully

2022-01-14 12:17:16 - [TEST_STEP][PASSED] - click(findTestObject("Object Repository/Page_Dashboard/a_0_1")): Object: 'Object Repository/Page_Dashboard/a_0_1' is clicked on

2022-01-14 12:17:18 - [MESSAGE][PASSED] - Object: 'Object Repository/Page_Dashboard/a_0_1' is clicked on

2022-01-14 12:17:18 - [TEST_STEP][PASSED] - click(findTestObject("Object Repository/Page_Dashboard/strong_Student Testing")): Object: 'Object Repository/Page_Dashboard/strong_Student Testing' is clicked on

2022-01-14 12:17:19 - [MESSAGE][PASSED] - Object: 'Object Repository/Page_Dashboard/strong_Student Testing' is clicked on

2022-01-14 12:17:19 - [TEST_STEP][FAILED] - setText(findTestObject("Object Repository/Page_Dashboard/textarea_Use enter to send_yui_3_17_2_1_164_ee0ab2"), "Hello bạn "): Unable to set text 'Hello bạn ' of object 'Object Repository/Page_Dashboard/textarea_Use enter to send_yui_3_17_2_1_164_ee0ab2' (Root cause: com.kms.katalon.core.exception.StepFailedException: Unable to set text 'Hello bạn ' of object 'Object Repository/Page_Dashboard/textarea_Use enter to send_yui_3_17_2_1_164_ee0ab2'
	at com.kms.katalon.core.webui.keyword.internal.WebUIKeywordMain.stepFailed(WebUIKeywordMain.groovy:64)
	at com.kms.katalon.core.webui.keyword.internal.WebUIKeywordMain.runKeyword(WebUIKeywordMain.groovy:26)
	at com.kms.katalon.core.webui.keyword.builtin.SetTextKeyword.setText(SetTextKeyword.groovy:66)
	at com.kms.katalon.core.webui.keyword.builtin.SetTextKeyword.execute(SetTextKeyword.groovy:37)
	at com.kms.katalon.core.keyword.internal.KeywordExecutor.executeKeywordForPlatform(KeywordExecutor.groovy:74)
	at com.kms.katalon.core.webui.keyword.WebUiBuiltInKeywords.setText(WebUiBuiltInKeywords.groovy:980)
	at com.kms.katalon.core.webui.keyword.WebUiBuiltInKeywords$setText$2.call(Unknown Source)
	at Student group chat.run(Student group chat:26)
	at com.kms.katalon.core.main.ScriptEngine.run(ScriptEngine.java:194)
	at com.kms.katalon.core.main.ScriptEngine.runScriptAsRawText(ScriptEngine.java:119)
	at com.kms.katalon.core.main.TestCaseExecutor.runScript(TestCaseExecutor.java:442)
	at com.kms.katalon.core.main.TestCaseExecutor.doExecute(TestCaseExecutor.java:433)
	at com.kms.katalon.core.main.TestCaseExecutor.processExecutionPhase(TestCaseExecutor.java:412)
	at com.kms.katalon.core.main.TestCaseExecutor.accessMainPhase(TestCaseExecutor.java:404)
	at com.kms.katalon.core.main.TestCaseExecutor.execute(TestCaseExecutor.java:281)
	at com.kms.katalon.core.main.TestSuiteExecutor.accessTestCaseMainPhase(TestSuiteExecutor.java:202)
	at com.kms.katalon.core.main.TestSuiteExecutor.accessTestSuiteMainPhase(TestSuiteExecutor.java:164)
	at com.kms.katalon.core.main.TestSuiteExecutor.execute(TestSuiteExecutor.java:105)
	at com.kms.katalon.core.main.TestCaseMain.startTestSuite(TestCaseMain.java:181)
	at com.kms.katalon.core.main.TestCaseMain$startTestSuite$0.call(Unknown Source)
	at TempTestSuite1642136404214.run(TempTestSuite1642136404214.groovy:36)
Caused by: com.kms.katalon.core.webui.exception.WebElementNotFoundException: Web element with id: 'Object Repository/Page_Dashboard/textarea_Use enter to send_yui_3_17_2_1_164_ee0ab2' located by '//textarea' not found
	at com.kms.katalon.core.webui.common.WebUiCommonHelper.findWebElement(WebUiCommonHelper.java:1368)
	at com.kms.katalon.core.webui.keyword.internal.WebUIAbstractKeyword.findWebElement(WebUIAbstractKeyword.groovy:27)
	at com.kms.katalon.core.webui.keyword.internal.WebUIAbstractKeyword.findWebElement(WebUIAbstractKeyword.groovy:26)
	at com.kms.katalon.core.webui.keyword.builtin.SetTextKeyword$_setText_closure1.doCall(SetTextKeyword.groovy:51)
	at com.kms.katalon.core.webui.keyword.builtin.SetTextKeyword$_setText_closure1.call(SetTextKeyword.groovy)
	at com.kms.katalon.core.webui.keyword.internal.WebUIKeywordMain.runKeyword(WebUIKeywordMain.groovy:20)
	at com.kms.katalon.core.webui.keyword.builtin.SetTextKeyword.setText(SetTextKeyword.groovy:66)
	at com.kms.katalon.core.webui.keyword.builtin.SetTextKeyword.execute(SetTextKeyword.groovy:37)
	at com.kms.katalon.core.keyword.internal.KeywordExecutor.executeKeywordForPlatform(KeywordExecutor.groovy:74)
	at com.kms.katalon.core.webui.keyword.WebUiBuiltInKeywords.setText(WebUiBuiltInKeywords.groovy:980)
	at com.kms.katalon.core.webui.keyword.WebUiBuiltInKeywords$setText$2.call(Unknown Source)
	at Script1641657944573.run(Script1641657944573.groovy:26)
	... 13 more
)

2022-01-14 12:17:50 - [MESSAGE][INFO] - Unable to find the element located by 'By.xpath: //textarea'. Please recheck the objects properties to make sure the desired element is located. 

2022-01-14 12:17:50 - [MESSAGE][FAILED] - Unable to set text 'Hello bạn ' of object 'Object Repository/Page_Dashboard/textarea_Use enter to send_yui_3_17_2_1_164_ee0ab2' (Root cause: com.kms.katalon.core.exception.StepFailedException: Unable to set text 'Hello bạn ' of object 'Object Repository/Page_Dashboard/textarea_Use enter to send_yui_3_17_2_1_164_ee0ab2'
	at com.kms.katalon.core.webui.keyword.internal.WebUIKeywordMain.stepFailed(WebUIKeywordMain.groovy:64)
	at com.kms.katalon.core.webui.keyword.internal.WebUIKeywordMain.runKeyword(WebUIKeywordMain.groovy:26)
	at com.kms.katalon.core.webui.keyword.builtin.SetTextKeyword.setText(SetTextKeyword.groovy:66)
	at com.kms.katalon.core.webui.keyword.builtin.SetTextKeyword.execute(SetTextKeyword.groovy:37)
	at com.kms.katalon.core.keyword.internal.KeywordExecutor.executeKeywordForPlatform(KeywordExecutor.groovy:74)
	at com.kms.katalon.core.webui.keyword.WebUiBuiltInKeywords.setText(WebUiBuiltInKeywords.groovy:980)
	at com.kms.katalon.core.webui.keyword.WebUiBuiltInKeywords$setText$2.call(Unknown Source)
	at Student group chat.run(Student group chat:26)
	at com.kms.katalon.core.main.ScriptEngine.run(ScriptEngine.java:194)
	at com.kms.katalon.core.main.ScriptEngine.runScriptAsRawText(ScriptEngine.java:119)
	at com.kms.katalon.core.main.TestCaseExecutor.runScript(TestCaseExecutor.java:442)
	at com.kms.katalon.core.main.TestCaseExecutor.doExecute(TestCaseExecutor.java:433)
	at com.kms.katalon.core.main.TestCaseExecutor.processExecutionPhase(TestCaseExecutor.java:412)
	at com.kms.katalon.core.main.TestCaseExecutor.accessMainPhase(TestCaseExecutor.java:404)
	at com.kms.katalon.core.main.TestCaseExecutor.execute(TestCaseExecutor.java:281)
	at com.kms.katalon.core.main.TestSuiteExecutor.accessTestCaseMainPhase(TestSuiteExecutor.java:202)
	at com.kms.katalon.core.main.TestSuiteExecutor.accessTestSuiteMainPhase(TestSuiteExecutor.java:164)
	at com.kms.katalon.core.main.TestSuiteExecutor.execute(TestSuiteExecutor.java:105)
	at com.kms.katalon.core.main.TestCaseMain.startTestSuite(TestCaseMain.java:181)
	at com.kms.katalon.core.main.TestCaseMain$startTestSuite$0.call(Unknown Source)
	at TempTestSuite1642136404214.run(TempTestSuite1642136404214.groovy:36)
Caused by: com.kms.katalon.core.webui.exception.WebElementNotFoundException: Web element with id: 'Object Repository/Page_Dashboard/textarea_Use enter to send_yui_3_17_2_1_164_ee0ab2' located by '//textarea' not found
	at com.kms.katalon.core.webui.common.WebUiCommonHelper.findWebElement(WebUiCommonHelper.java:1368)
	at com.kms.katalon.core.webui.keyword.internal.WebUIAbstractKeyword.findWebElement(WebUIAbstractKeyword.groovy:27)
	at com.kms.katalon.core.webui.keyword.internal.WebUIAbstractKeyword.findWebElement(WebUIAbstractKeyword.groovy:26)
	at com.kms.katalon.core.webui.keyword.builtin.SetTextKeyword$_setText_closure1.doCall(SetTextKeyword.groovy:51)
	at com.kms.katalon.core.webui.keyword.builtin.SetTextKeyword$_setText_closure1.call(SetTextKeyword.groovy)
	at com.kms.katalon.core.webui.keyword.internal.WebUIKeywordMain.runKeyword(WebUIKeywordMain.groovy:20)
	at com.kms.katalon.core.webui.keyword.builtin.SetTextKeyword.setText(SetTextKeyword.groovy:66)
	at com.kms.katalon.core.webui.keyword.builtin.SetTextKeyword.execute(SetTextKeyword.groovy:37)
	at com.kms.katalon.core.keyword.internal.KeywordExecutor.executeKeywordForPlatform(KeywordExecutor.groovy:74)
	at com.kms.katalon.core.webui.keyword.WebUiBuiltInKeywords.setText(WebUiBuiltInKeywords.groovy:980)
	at com.kms.katalon.core.webui.keyword.WebUiBuiltInKeywords$setText$2.call(Unknown Source)
	at Script1641657944573.run(Script1641657944573.groovy:26)
	... 13 more
)
[[ATTACHMENT|D:\\Test-Automation---SE-Bonus\\Reports\\20220114_120004\\Run all test cases\\20220114_120004\\1642137470263.png]]]]></system-out>
         <system-err><![CDATA[2022-01-14 12:17:09 - [TEST_CASE][FAILED] - Test Cases/Student group chat: Test Cases/Student group chat FAILED.
Reason:
com.kms.katalon.core.exception.StepFailedException: Unable to set text 'Hello bạn ' of object 'Object Repository/Page_Dashboard/textarea_Use enter to send_yui_3_17_2_1_164_ee0ab2'
	at com.kms.katalon.core.webui.keyword.internal.WebUIKeywordMain.stepFailed(WebUIKeywordMain.groovy:64)
	at com.kms.katalon.core.webui.keyword.internal.WebUIKeywordMain.runKeyword(WebUIKeywordMain.groovy:26)
	at com.kms.katalon.core.webui.keyword.builtin.SetTextKeyword.setText(SetTextKeyword.groovy:66)
	at com.kms.katalon.core.webui.keyword.builtin.SetTextKeyword.execute(SetTextKeyword.groovy:37)
	at com.kms.katalon.core.keyword.internal.KeywordExecutor.executeKeywordForPlatform(KeywordExecutor.groovy:74)
	at com.kms.katalon.core.webui.keyword.WebUiBuiltInKeywords.setText(WebUiBuiltInKeywords.groovy:980)
	at com.kms.katalon.core.webui.keyword.WebUiBuiltInKeywords$setText$2.call(Unknown Source)
	at Student group chat.run(Student group chat:26)
	at com.kms.katalon.core.main.ScriptEngine.run(ScriptEngine.java:194)
	at com.kms.katalon.core.main.ScriptEngine.runScriptAsRawText(ScriptEngine.java:119)
	at com.kms.katalon.core.main.TestCaseExecutor.runScript(TestCaseExecutor.java:442)
	at com.kms.katalon.core.main.TestCaseExecutor.doExecute(TestCaseExecutor.java:433)
	at com.kms.katalon.core.main.TestCaseExecutor.processExecutionPhase(TestCaseExecutor.java:412)
	at com.kms.katalon.core.main.TestCaseExecutor.accessMainPhase(TestCaseExecutor.java:404)
	at com.kms.katalon.core.main.TestCaseExecutor.execute(TestCaseExecutor.java:281)
	at com.kms.katalon.core.main.TestSuiteExecutor.accessTestCaseMainPhase(TestSuiteExecutor.java:202)
	at com.kms.katalon.core.main.TestSuiteExecutor.accessTestSuiteMainPhase(TestSuiteExecutor.java:164)
	at com.kms.katalon.core.main.TestSuiteExecutor.execute(TestSuiteExecutor.java:105)
	at com.kms.katalon.core.main.TestCaseMain.startTestSuite(TestCaseMain.java:181)
	at com.kms.katalon.core.main.TestCaseMain$startTestSuite$0.call(Unknown Source)
	at TempTestSuite1642136404214.run(TempTestSuite1642136404214.groovy:36)
Caused by: com.kms.katalon.core.webui.exception.WebElementNotFoundException: Web element with id: 'Object Repository/Page_Dashboard/textarea_Use enter to send_yui_3_17_2_1_164_ee0ab2' located by '//textarea' not found
	at com.kms.katalon.core.webui.common.WebUiCommonHelper.findWebElement(WebUiCommonHelper.java:1368)
	at com.kms.katalon.core.webui.keyword.internal.WebUIAbstractKeyword.findWebElement(WebUIAbstractKeyword.groovy:27)
	at com.kms.katalon.core.webui.keyword.internal.WebUIAbstractKeyword.findWebElement(WebUIAbstractKeyword.groovy:26)
	at com.kms.katalon.core.webui.keyword.builtin.SetTextKeyword$_setText_closure1.doCall(SetTextKeyword.groovy:51)
	at com.kms.katalon.core.webui.keyword.builtin.SetTextKeyword$_setText_closure1.call(SetTextKeyword.groovy)
	at com.kms.katalon.core.webui.keyword.internal.WebUIKeywordMain.runKeyword(WebUIKeywordMain.groovy:20)
	... 19 more]]></system-err>
      </testcase>
      <testcase name="Test Cases/Teacher delete topic" time="12.442" classname="Test Cases/Teacher delete topic" status="PASSED">
         <system-out><![CDATA[2022-01-14 12:17:50 - [TEST_CASE][PASSED] - Test Cases/Teacher delete topic: Test Cases/Teacher delete topic

2022-01-14 12:17:50 - [TEST_STEP][PASSED] - callTestCase(findTestCase("Login as user (teacher)"), [:], STOP_ON_FAILURE): Call Test Case 'Test Cases/Login as user (teacher)' successfully

2022-01-14 12:17:50 - [TEST_CASE][PASSED] - Test Cases/Login as user (teacher): Test Cases/Login as user (teacher)

2022-01-14 12:17:50 - [TEST_STEP][PASSED] - openBrowser(""): Browser is opened with url: ''

2022-01-14 12:17:50 - [MESSAGE][WARNING] - A browser is already opened. Closing browser and opening a new one

2022-01-14 12:17:51 - [MESSAGE][INFO] - Starting 'Edge Chromium' driver

2022-01-14 12:17:52 - [MESSAGE][INFO] - Action delay is set to 0 milliseconds

2022-01-14 12:17:53 - [MESSAGE][PASSED] - Browser is opened with url: ''

2022-01-14 12:17:53 - [TEST_STEP][PASSED] - maximizeWindow(): Current window maximized

2022-01-14 12:17:53 - [MESSAGE][PASSED] - Current window maximized

2022-01-14 12:17:53 - [TEST_STEP][PASSED] - navigateToUrl("http://localhost/"): Navigate to 'http://localhost/' successfully

2022-01-14 12:17:54 - [MESSAGE][PASSED] - Navigate to 'http://localhost/' successfully

2022-01-14 12:17:54 - [TEST_STEP][PASSED] - click(findTestObject("Object Repository/Page_My Moodle/a_Log in")): Object: 'Object Repository/Page_My Moodle/a_Log in' is clicked on

2022-01-14 12:17:55 - [MESSAGE][PASSED] - Object: 'Object Repository/Page_My Moodle/a_Log in' is clicked on

2022-01-14 12:17:55 - [TEST_STEP][PASSED] - setText(findTestObject("Object Repository/Page_My Moodle Log in to the site/input_Username_username"), "teacher"): Text 'teacher' is set on object 'Object Repository/Page_My Moodle Log in to the site/input_Username_username'

2022-01-14 12:17:55 - [MESSAGE][PASSED] - Text 'teacher' is set on object 'Object Repository/Page_My Moodle Log in to the site/input_Username_username'

2022-01-14 12:17:55 - [TEST_STEP][PASSED] - setEncryptedText(findTestObject("Object Repository/Page_My Moodle Log in to the site/input_Password_password"), "3fJEwIvstDDnFTEIk7299A=="): Text ****** has been set on object 'Object Repository/Page_My Moodle Log in to the site/input_Password_password'

2022-01-14 12:17:56 - [MESSAGE][PASSED] - Text ****** has been set on object 'Object Repository/Page_My Moodle Log in to the site/input_Password_password'

2022-01-14 12:17:56 - [TEST_STEP][PASSED] - click(findTestObject("Object Repository/Page_My Moodle Log in to the site/button_Log in")): Object: 'Object Repository/Page_My Moodle Log in to the site/button_Log in' is clicked on

2022-01-14 12:17:57 - [MESSAGE][PASSED] - Object: 'Object Repository/Page_My Moodle Log in to the site/button_Log in' is clicked on

2022-01-14 12:17:57 - [MESSAGE][PASSED] - Call Test Case 'Test Cases/Login as user (teacher)' successfully

2022-01-14 12:17:57 - [TEST_STEP][PASSED] - click(findTestObject("Object Repository/Page_Dashboard/span_Site home")): Object: 'Object Repository/Page_Dashboard/span_Site home' is clicked on

2022-01-14 12:17:59 - [MESSAGE][PASSED] - Object: 'Object Repository/Page_Dashboard/span_Site home' is clicked on

2022-01-14 12:17:59 - [TEST_STEP][PASSED] - navigateToUrl("http://localhost/?redirect=0"): Navigate to 'http://localhost/?redirect=0' successfully

2022-01-14 12:17:59 - [MESSAGE][PASSED] - Navigate to 'http://localhost/?redirect=0' successfully

2022-01-14 12:17:59 - [TEST_STEP][PASSED] - click(findTestObject("Object Repository/Page_My Moodle/a_Phn tch v qun l yu cu phn mm")): Object: 'Object Repository/Page_My Moodle/a_Phn tch v qun l yu cu phn mm' is clicked on

2022-01-14 12:18:00 - [MESSAGE][PASSED] - Object: 'Object Repository/Page_My Moodle/a_Phn tch v qun l yu cu phn mm' is clicked on

2022-01-14 12:18:00 - [TEST_STEP][PASSED] - click(findTestObject("Object Repository/Page_Course Phn tch v qun l yu cu phn mm/button_Turn editing on")): Object: 'Object Repository/Page_Course Phn tch v qun l yu cu phn mm/button_Turn editing on' is clicked on

2022-01-14 12:18:01 - [MESSAGE][PASSED] - Object: 'Object Repository/Page_Course Phn tch v qun l yu cu phn mm/button_Turn editing on' is clicked on

2022-01-14 12:18:01 - [TEST_STEP][PASSED] - click(findTestObject("Object Repository/Page_Course Phn tch v qun l yu cu phn mm/a_Edit")): Object: 'Object Repository/Page_Course Phn tch v qun l yu cu phn mm/a_Edit' is clicked on

2022-01-14 12:18:02 - [MESSAGE][PASSED] - Object: 'Object Repository/Page_Course Phn tch v qun l yu cu phn mm/a_Edit' is clicked on

2022-01-14 12:18:02 - [TEST_STEP][PASSED] - click(findTestObject("Object Repository/Page_Course Phn tch v qun l yu cu phn mm/span_Delete topic")): Object: 'Object Repository/Page_Course Phn tch v qun l yu cu phn mm/span_Delete topic' is clicked on

2022-01-14 12:18:02 - [MESSAGE][PASSED] - Object: 'Object Repository/Page_Course Phn tch v qun l yu cu phn mm/span_Delete topic' is clicked on]]></system-out>
         <system-err><![CDATA[]]></system-err>
      </testcase>
      <testcase name="Test Cases/User change password (with wrong format)" time="14.182" classname="Test Cases/User change password (with wrong format)" status="PASSED">
         <system-out><![CDATA[2022-01-14 12:18:02 - [TEST_CASE][PASSED] - Test Cases/User change password (with wrong format): Test Cases/User change password (with wrong format)

2022-01-14 12:18:03 - [TEST_STEP][PASSED] - callTestCase(findTestCase("Login as user (student)"), [:], STOP_ON_FAILURE): Call Test Case 'Test Cases/Login as user (student)' successfully

2022-01-14 12:18:03 - [TEST_CASE][PASSED] - Test Cases/Login as user (student): Test Cases/Login as user (student)

2022-01-14 12:18:03 - [TEST_STEP][PASSED] - openBrowser(""): Browser is opened with url: ''

2022-01-14 12:18:03 - [MESSAGE][WARNING] - A browser is already opened. Closing browser and opening a new one

2022-01-14 12:18:04 - [MESSAGE][INFO] - Starting 'Edge Chromium' driver

2022-01-14 12:18:04 - [MESSAGE][INFO] - Action delay is set to 0 milliseconds

2022-01-14 12:18:05 - [MESSAGE][PASSED] - Browser is opened with url: ''

2022-01-14 12:18:05 - [TEST_STEP][PASSED] - maximizeWindow(): Current window maximized

2022-01-14 12:18:06 - [MESSAGE][PASSED] - Current window maximized

2022-01-14 12:18:06 - [TEST_STEP][PASSED] - navigateToUrl("http://localhost/"): Navigate to 'http://localhost/' successfully

2022-01-14 12:18:06 - [MESSAGE][PASSED] - Navigate to 'http://localhost/' successfully

2022-01-14 12:18:06 - [TEST_STEP][PASSED] - click(findTestObject("Object Repository/Page_My Moodle/a_Log in")): Object: 'Object Repository/Page_My Moodle/a_Log in' is clicked on

2022-01-14 12:18:07 - [MESSAGE][PASSED] - Object: 'Object Repository/Page_My Moodle/a_Log in' is clicked on

2022-01-14 12:18:07 - [TEST_STEP][PASSED] - setText(findTestObject("Object Repository/Page_My Moodle Log in to the site/input_Username_username"), "student"): Text 'student' is set on object 'Object Repository/Page_My Moodle Log in to the site/input_Username_username'

2022-01-14 12:18:08 - [MESSAGE][PASSED] - Text 'student' is set on object 'Object Repository/Page_My Moodle Log in to the site/input_Username_username'

2022-01-14 12:18:08 - [TEST_STEP][PASSED] - setEncryptedText(findTestObject("Object Repository/Page_My Moodle Log in to the site/input_Password_password"), "3t5OwH/+bwwlEvOXGw7/rg=="): Text ****** has been set on object 'Object Repository/Page_My Moodle Log in to the site/input_Password_password'

2022-01-14 12:18:08 - [MESSAGE][PASSED] - Text ****** has been set on object 'Object Repository/Page_My Moodle Log in to the site/input_Password_password'

2022-01-14 12:18:08 - [TEST_STEP][PASSED] - click(findTestObject("Object Repository/Page_My Moodle Log in to the site/button_Log in")): Object: 'Object Repository/Page_My Moodle Log in to the site/button_Log in' is clicked on

2022-01-14 12:18:09 - [MESSAGE][PASSED] - Object: 'Object Repository/Page_My Moodle Log in to the site/button_Log in' is clicked on

2022-01-14 12:18:09 - [MESSAGE][PASSED] - Call Test Case 'Test Cases/Login as user (student)' successfully

2022-01-14 12:18:09 - [TEST_STEP][PASSED] - click(findTestObject("Object Repository/Page_Dashboard/img_Trong Le_userpicture defaultuserpic")): Object: 'Object Repository/Page_Dashboard/img_Trong Le_userpicture defaultuserpic' is clicked on

2022-01-14 12:18:11 - [MESSAGE][PASSED] - Object: 'Object Repository/Page_Dashboard/img_Trong Le_userpicture defaultuserpic' is clicked on

2022-01-14 12:18:11 - [TEST_STEP][PASSED] - click(findTestObject("Object Repository/Page_Dashboard/span_Profile")): Object: 'Object Repository/Page_Dashboard/span_Profile' is clicked on

2022-01-14 12:18:12 - [MESSAGE][PASSED] - Object: 'Object Repository/Page_Dashboard/span_Profile' is clicked on

2022-01-14 12:18:12 - [TEST_STEP][PASSED] - click(findTestObject("Object Repository/Page_Trong Le Public profile/a_Message_action-menu-toggle-2")): Object: 'Object Repository/Page_Trong Le Public profile/a_Message_action-menu-toggle-2' is clicked on

2022-01-14 12:18:12 - [MESSAGE][PASSED] - Object: 'Object Repository/Page_Trong Le Public profile/a_Message_action-menu-toggle-2' is clicked on

2022-01-14 12:18:12 - [TEST_STEP][PASSED] - click(findTestObject("Object Repository/Page_Trong Le Public profile/a_Change password")): Object: 'Object Repository/Page_Trong Le Public profile/a_Change password' is clicked on

2022-01-14 12:18:13 - [MESSAGE][PASSED] - Object: 'Object Repository/Page_Trong Le Public profile/a_Change password' is clicked on

2022-01-14 12:18:13 - [TEST_STEP][PASSED] - setEncryptedText(findTestObject("Object Repository/Page_Change password/input_Current password_password"), "3t5OwH/+bwwlEvOXGw7/rg=="): Text ****** has been set on object 'Object Repository/Page_Change password/input_Current password_password'

2022-01-14 12:18:14 - [MESSAGE][PASSED] - Text ****** has been set on object 'Object Repository/Page_Change password/input_Current password_password'

2022-01-14 12:18:14 - [TEST_STEP][PASSED] - setEncryptedText(findTestObject("Object Repository/Page_Change password/input_New password_newpassword1"), "QJblfja5Cso="): Text ****** has been set on object 'Object Repository/Page_Change password/input_New password_newpassword1'

2022-01-14 12:18:14 - [MESSAGE][PASSED] - Text ****** has been set on object 'Object Repository/Page_Change password/input_New password_newpassword1'

2022-01-14 12:18:14 - [TEST_STEP][PASSED] - setEncryptedText(findTestObject("Object Repository/Page_Change password/input_New password (again)_newpassword2"), "QJblfja5Cso="): Text ****** has been set on object 'Object Repository/Page_Change password/input_New password (again)_newpassword2'

2022-01-14 12:18:15 - [MESSAGE][PASSED] - Text ****** has been set on object 'Object Repository/Page_Change password/input_New password (again)_newpassword2'

2022-01-14 12:18:15 - [TEST_STEP][PASSED] - click(findTestObject("Object Repository/Page_Change password/input_New password (again)_submitbutton")): Object: 'Object Repository/Page_Change password/input_New password (again)_submitbutton' is clicked on

2022-01-14 12:18:16 - [MESSAGE][PASSED] - Object: 'Object Repository/Page_Change password/input_New password (again)_submitbutton' is clicked on

2022-01-14 12:18:16 - [TEST_STEP][PASSED] - click(findTestObject("Object Repository/Page_Change password/div_The password must have at least 1 speci_80717b")): Object: 'Object Repository/Page_Change password/div_The password must have at least 1 speci_80717b' is clicked on

2022-01-14 12:18:17 - [MESSAGE][PASSED] - Object: 'Object Repository/Page_Change password/div_The password must have at least 1 speci_80717b' is clicked on]]></system-out>
         <system-err><![CDATA[]]></system-err>
      </testcase>
      <testcase name="Test Cases/User change password (with wrong re-password)" time="14.09" classname="Test Cases/User change password (with wrong re-password)" status="PASSED">
         <system-out><![CDATA[2022-01-14 12:18:17 - [TEST_CASE][PASSED] - Test Cases/User change password (with wrong re-password): Test Cases/User change password (with wrong re-password)

2022-01-14 12:18:17 - [TEST_STEP][PASSED] - callTestCase(findTestCase("Login as user (student)"), [:], STOP_ON_FAILURE): Call Test Case 'Test Cases/Login as user (student)' successfully

2022-01-14 12:18:17 - [TEST_CASE][PASSED] - Test Cases/Login as user (student): Test Cases/Login as user (student)

2022-01-14 12:18:17 - [TEST_STEP][PASSED] - openBrowser(""): Browser is opened with url: ''

2022-01-14 12:18:17 - [MESSAGE][WARNING] - A browser is already opened. Closing browser and opening a new one

2022-01-14 12:18:18 - [MESSAGE][INFO] - Starting 'Edge Chromium' driver

2022-01-14 12:18:18 - [MESSAGE][INFO] - Action delay is set to 0 milliseconds

2022-01-14 12:18:19 - [MESSAGE][PASSED] - Browser is opened with url: ''

2022-01-14 12:18:19 - [TEST_STEP][PASSED] - maximizeWindow(): Current window maximized

2022-01-14 12:18:20 - [MESSAGE][PASSED] - Current window maximized

2022-01-14 12:18:20 - [TEST_STEP][PASSED] - navigateToUrl("http://localhost/"): Navigate to 'http://localhost/' successfully

2022-01-14 12:18:20 - [MESSAGE][PASSED] - Navigate to 'http://localhost/' successfully

2022-01-14 12:18:20 - [TEST_STEP][PASSED] - click(findTestObject("Object Repository/Page_My Moodle/a_Log in")): Object: 'Object Repository/Page_My Moodle/a_Log in' is clicked on

2022-01-14 12:18:21 - [MESSAGE][PASSED] - Object: 'Object Repository/Page_My Moodle/a_Log in' is clicked on

2022-01-14 12:18:21 - [TEST_STEP][PASSED] - setText(findTestObject("Object Repository/Page_My Moodle Log in to the site/input_Username_username"), "student"): Text 'student' is set on object 'Object Repository/Page_My Moodle Log in to the site/input_Username_username'

2022-01-14 12:18:22 - [MESSAGE][PASSED] - Text 'student' is set on object 'Object Repository/Page_My Moodle Log in to the site/input_Username_username'

2022-01-14 12:18:22 - [TEST_STEP][PASSED] - setEncryptedText(findTestObject("Object Repository/Page_My Moodle Log in to the site/input_Password_password"), "3t5OwH/+bwwlEvOXGw7/rg=="): Text ****** has been set on object 'Object Repository/Page_My Moodle Log in to the site/input_Password_password'

2022-01-14 12:18:22 - [MESSAGE][PASSED] - Text ****** has been set on object 'Object Repository/Page_My Moodle Log in to the site/input_Password_password'

2022-01-14 12:18:22 - [TEST_STEP][PASSED] - click(findTestObject("Object Repository/Page_My Moodle Log in to the site/button_Log in")): Object: 'Object Repository/Page_My Moodle Log in to the site/button_Log in' is clicked on

2022-01-14 12:18:23 - [MESSAGE][PASSED] - Object: 'Object Repository/Page_My Moodle Log in to the site/button_Log in' is clicked on

2022-01-14 12:18:23 - [MESSAGE][PASSED] - Call Test Case 'Test Cases/Login as user (student)' successfully

2022-01-14 12:18:23 - [TEST_STEP][PASSED] - click(findTestObject("Object Repository/Page_Dashboard/span_Trong Le_avatar current")): Object: 'Object Repository/Page_Dashboard/span_Trong Le_avatar current' is clicked on

2022-01-14 12:18:25 - [MESSAGE][PASSED] - Object: 'Object Repository/Page_Dashboard/span_Trong Le_avatar current' is clicked on

2022-01-14 12:18:25 - [TEST_STEP][PASSED] - click(findTestObject("Object Repository/Page_Dashboard/span_Profile")): Object: 'Object Repository/Page_Dashboard/span_Profile' is clicked on

2022-01-14 12:18:26 - [MESSAGE][PASSED] - Object: 'Object Repository/Page_Dashboard/span_Profile' is clicked on

2022-01-14 12:18:26 - [TEST_STEP][PASSED] - click(findTestObject("Object Repository/Page_Trong Le Public profile/i_Message_icon fa fa-cog fa-fw")): Object: 'Object Repository/Page_Trong Le Public profile/i_Message_icon fa fa-cog fa-fw' is clicked on

2022-01-14 12:18:27 - [MESSAGE][PASSED] - Object: 'Object Repository/Page_Trong Le Public profile/i_Message_icon fa fa-cog fa-fw' is clicked on

2022-01-14 12:18:27 - [TEST_STEP][PASSED] - click(findTestObject("Object Repository/Page_Trong Le Public profile/a_Change password")): Object: 'Object Repository/Page_Trong Le Public profile/a_Change password' is clicked on

2022-01-14 12:18:27 - [MESSAGE][PASSED] - Object: 'Object Repository/Page_Trong Le Public profile/a_Change password' is clicked on

2022-01-14 12:18:27 - [TEST_STEP][PASSED] - setEncryptedText(findTestObject("Object Repository/Page_Change password/input_Current password_password"), "3t5OwH/+bwwlEvOXGw7/rg=="): Text ****** has been set on object 'Object Repository/Page_Change password/input_Current password_password'

2022-01-14 12:18:28 - [MESSAGE][PASSED] - Text ****** has been set on object 'Object Repository/Page_Change password/input_Current password_password'

2022-01-14 12:18:28 - [TEST_STEP][PASSED] - setEncryptedText(findTestObject("Object Repository/Page_Change password/input_New password_newpassword1"), "qKcRfOo2JT0RHRey+Jl3+Q=="): Text ****** has been set on object 'Object Repository/Page_Change password/input_New password_newpassword1'

2022-01-14 12:18:29 - [MESSAGE][PASSED] - Text ****** has been set on object 'Object Repository/Page_Change password/input_New password_newpassword1'

2022-01-14 12:18:29 - [TEST_STEP][PASSED] - setEncryptedText(findTestObject("Object Repository/Page_Change password/input_New password (again)_newpassword2"), "xIMlKdBFRc8="): Text ****** has been set on object 'Object Repository/Page_Change password/input_New password (again)_newpassword2'

2022-01-14 12:18:29 - [MESSAGE][PASSED] - Text ****** has been set on object 'Object Repository/Page_Change password/input_New password (again)_newpassword2'

2022-01-14 12:18:29 - [TEST_STEP][PASSED] - click(findTestObject("Object Repository/Page_Change password/input_New password (again)_submitbutton")): Object: 'Object Repository/Page_Change password/input_New password (again)_submitbutton' is clicked on

2022-01-14 12:18:30 - [MESSAGE][PASSED] - Object: 'Object Repository/Page_Change password/input_New password (again)_submitbutton' is clicked on

2022-01-14 12:18:30 - [TEST_STEP][PASSED] - click(findTestObject("Object Repository/Page_Change password/div_These passwords do not match")): Object: 'Object Repository/Page_Change password/div_These passwords do not match' is clicked on

2022-01-14 12:18:31 - [MESSAGE][PASSED] - Object: 'Object Repository/Page_Change password/div_These passwords do not match' is clicked on]]></system-out>
         <system-err><![CDATA[]]></system-err>
      </testcase>
      <testcase name="Test Cases/User change password (with wrong old password)" time="13.543" classname="Test Cases/User change password (with wrong old password)" status="PASSED">
         <system-out><![CDATA[2022-01-14 12:18:31 - [TEST_CASE][PASSED] - Test Cases/User change password (with wrong old password): Test Cases/User change password (with wrong old password)

2022-01-14 12:18:31 - [TEST_STEP][PASSED] - callTestCase(findTestCase("Login as user (student)"), [:], STOP_ON_FAILURE): Call Test Case 'Test Cases/Login as user (student)' successfully

2022-01-14 12:18:31 - [TEST_CASE][PASSED] - Test Cases/Login as user (student): Test Cases/Login as user (student)

2022-01-14 12:18:31 - [TEST_STEP][PASSED] - openBrowser(""): Browser is opened with url: ''

2022-01-14 12:18:31 - [MESSAGE][WARNING] - A browser is already opened. Closing browser and opening a new one

2022-01-14 12:18:32 - [MESSAGE][INFO] - Starting 'Edge Chromium' driver

2022-01-14 12:18:32 - [MESSAGE][INFO] - Action delay is set to 0 milliseconds

2022-01-14 12:18:34 - [MESSAGE][PASSED] - Browser is opened with url: ''

2022-01-14 12:18:34 - [TEST_STEP][PASSED] - maximizeWindow(): Current window maximized

2022-01-14 12:18:34 - [MESSAGE][PASSED] - Current window maximized

2022-01-14 12:18:34 - [TEST_STEP][PASSED] - navigateToUrl("http://localhost/"): Navigate to 'http://localhost/' successfully

2022-01-14 12:18:34 - [MESSAGE][PASSED] - Navigate to 'http://localhost/' successfully

2022-01-14 12:18:34 - [TEST_STEP][PASSED] - click(findTestObject("Object Repository/Page_My Moodle/a_Log in")): Object: 'Object Repository/Page_My Moodle/a_Log in' is clicked on

2022-01-14 12:18:35 - [MESSAGE][PASSED] - Object: 'Object Repository/Page_My Moodle/a_Log in' is clicked on

2022-01-14 12:18:35 - [TEST_STEP][PASSED] - setText(findTestObject("Object Repository/Page_My Moodle Log in to the site/input_Username_username"), "student"): Text 'student' is set on object 'Object Repository/Page_My Moodle Log in to the site/input_Username_username'

2022-01-14 12:18:36 - [MESSAGE][PASSED] - Text 'student' is set on object 'Object Repository/Page_My Moodle Log in to the site/input_Username_username'

2022-01-14 12:18:36 - [TEST_STEP][PASSED] - setEncryptedText(findTestObject("Object Repository/Page_My Moodle Log in to the site/input_Password_password"), "3t5OwH/+bwwlEvOXGw7/rg=="): Text ****** has been set on object 'Object Repository/Page_My Moodle Log in to the site/input_Password_password'

2022-01-14 12:18:36 - [MESSAGE][PASSED] - Text ****** has been set on object 'Object Repository/Page_My Moodle Log in to the site/input_Password_password'

2022-01-14 12:18:36 - [TEST_STEP][PASSED] - click(findTestObject("Object Repository/Page_My Moodle Log in to the site/button_Log in")): Object: 'Object Repository/Page_My Moodle Log in to the site/button_Log in' is clicked on

2022-01-14 12:18:37 - [MESSAGE][PASSED] - Object: 'Object Repository/Page_My Moodle Log in to the site/button_Log in' is clicked on

2022-01-14 12:18:37 - [MESSAGE][PASSED] - Call Test Case 'Test Cases/Login as user (student)' successfully

2022-01-14 12:18:37 - [TEST_STEP][PASSED] - click(findTestObject("Object Repository/Page_Dashboard/a_Trong Le")): Object: 'Object Repository/Page_Dashboard/a_Trong Le' is clicked on

2022-01-14 12:18:39 - [MESSAGE][PASSED] - Object: 'Object Repository/Page_Dashboard/a_Trong Le' is clicked on

2022-01-14 12:18:39 - [TEST_STEP][PASSED] - click(findTestObject("Object Repository/Page_Dashboard/span_Profile")): Object: 'Object Repository/Page_Dashboard/span_Profile' is clicked on

2022-01-14 12:18:40 - [MESSAGE][PASSED] - Object: 'Object Repository/Page_Dashboard/span_Profile' is clicked on

2022-01-14 12:18:40 - [TEST_STEP][PASSED] - click(findTestObject("Object Repository/Page_Trong Le Public profile/a_Message_action-menu-toggle-2")): Object: 'Object Repository/Page_Trong Le Public profile/a_Message_action-menu-toggle-2' is clicked on

2022-01-14 12:18:41 - [MESSAGE][PASSED] - Object: 'Object Repository/Page_Trong Le Public profile/a_Message_action-menu-toggle-2' is clicked on

2022-01-14 12:18:41 - [TEST_STEP][PASSED] - click(findTestObject("Object Repository/Page_Trong Le Public profile/a_Change password")): Object: 'Object Repository/Page_Trong Le Public profile/a_Change password' is clicked on

2022-01-14 12:18:42 - [MESSAGE][PASSED] - Object: 'Object Repository/Page_Trong Le Public profile/a_Change password' is clicked on

2022-01-14 12:18:42 - [TEST_STEP][PASSED] - setEncryptedText(findTestObject("Object Repository/Page_Change password/input_Current password_password"), "3t5OwH/+bwwlEvOXGw7/rg=="): Text ****** has been set on object 'Object Repository/Page_Change password/input_Current password_password'

2022-01-14 12:18:42 - [MESSAGE][PASSED] - Text ****** has been set on object 'Object Repository/Page_Change password/input_Current password_password'

2022-01-14 12:18:42 - [TEST_STEP][PASSED] - setEncryptedText(findTestObject("Object Repository/Page_Change password/input_New password_newpassword1"), "3t5OwH/+bwwlEvOXGw7/rg=="): Text ****** has been set on object 'Object Repository/Page_Change password/input_New password_newpassword1'

2022-01-14 12:18:43 - [MESSAGE][PASSED] - Text ****** has been set on object 'Object Repository/Page_Change password/input_New password_newpassword1'

2022-01-14 12:18:43 - [TEST_STEP][PASSED] - setEncryptedText(findTestObject("Object Repository/Page_Change password/input_New password (again)_newpassword2"), "3t5OwH/+bwwlEvOXGw7/rg=="): Text ****** has been set on object 'Object Repository/Page_Change password/input_New password (again)_newpassword2'

2022-01-14 12:18:43 - [MESSAGE][PASSED] - Text ****** has been set on object 'Object Repository/Page_Change password/input_New password (again)_newpassword2'

2022-01-14 12:18:43 - [TEST_STEP][PASSED] - click(findTestObject("Object Repository/Page_Change password/input_New password (again)_submitbutton")): Object: 'Object Repository/Page_Change password/input_New password (again)_submitbutton' is clicked on

2022-01-14 12:18:44 - [MESSAGE][PASSED] - Object: 'Object Repository/Page_Change password/input_New password (again)_submitbutton' is clicked on]]></system-out>
         <system-err><![CDATA[]]></system-err>
      </testcase>
      <testcase name="Test Cases/Admin upload course (with csv)" time="17.794" classname="Test Cases/Admin upload course (with csv)" status="PASSED">
         <system-out><![CDATA[2022-01-14 12:18:44 - [TEST_CASE][PASSED] - Test Cases/Admin upload course (with csv): Test Cases/Admin upload course (with csv)

2022-01-14 12:18:45 - [TEST_STEP][PASSED] - callTestCase(findTestCase("Login as admin"), [:], STOP_ON_FAILURE): Call Test Case 'Test Cases/Login as admin' successfully

2022-01-14 12:18:45 - [TEST_CASE][PASSED] - Test Cases/Login as admin: Test Cases/Login as admin

2022-01-14 12:18:45 - [TEST_STEP][PASSED] - openBrowser(""): Browser is opened with url: ''

2022-01-14 12:18:45 - [MESSAGE][WARNING] - A browser is already opened. Closing browser and opening a new one

2022-01-14 12:18:45 - [MESSAGE][INFO] - Starting 'Edge Chromium' driver

2022-01-14 12:18:46 - [MESSAGE][INFO] - Action delay is set to 0 milliseconds

2022-01-14 12:18:47 - [MESSAGE][PASSED] - Browser is opened with url: ''

2022-01-14 12:18:47 - [TEST_STEP][PASSED] - navigateToUrl("http://localhost/"): Navigate to 'http://localhost/' successfully

2022-01-14 12:18:48 - [MESSAGE][PASSED] - Navigate to 'http://localhost/' successfully

2022-01-14 12:18:48 - [TEST_STEP][PASSED] - click(findTestObject("Object Repository/Page_My Moodle/a_Log in")): Object: 'Object Repository/Page_My Moodle/a_Log in' is clicked on

2022-01-14 12:18:49 - [MESSAGE][PASSED] - Object: 'Object Repository/Page_My Moodle/a_Log in' is clicked on

2022-01-14 12:18:49 - [TEST_STEP][PASSED] - setText(findTestObject("Object Repository/Page_My Moodle Log in to the site/input_Username_username"), "admin"): Text 'admin' is set on object 'Object Repository/Page_My Moodle Log in to the site/input_Username_username'

2022-01-14 12:18:49 - [MESSAGE][PASSED] - Text 'admin' is set on object 'Object Repository/Page_My Moodle Log in to the site/input_Username_username'

2022-01-14 12:18:49 - [TEST_STEP][PASSED] - setEncryptedText(findTestObject("Object Repository/Page_My Moodle Log in to the site/input_Password_password"), "7Dxoto1EjKfQbGop/Ov+1g=="): Text ****** has been set on object 'Object Repository/Page_My Moodle Log in to the site/input_Password_password'

2022-01-14 12:18:50 - [MESSAGE][PASSED] - Text ****** has been set on object 'Object Repository/Page_My Moodle Log in to the site/input_Password_password'

2022-01-14 12:18:50 - [TEST_STEP][PASSED] - click(findTestObject("Object Repository/Page_My Moodle Log in to the site/button_Log in")): Object: 'Object Repository/Page_My Moodle Log in to the site/button_Log in' is clicked on

2022-01-14 12:18:51 - [MESSAGE][PASSED] - Object: 'Object Repository/Page_My Moodle Log in to the site/button_Log in' is clicked on

2022-01-14 12:18:51 - [MESSAGE][PASSED] - Call Test Case 'Test Cases/Login as admin' successfully

2022-01-14 12:18:51 - [TEST_STEP][PASSED] - click(findTestObject("Object Repository/Page_Dashboard/span_Site administration")): Object: 'Object Repository/Page_Dashboard/span_Site administration' is clicked on

2022-01-14 12:18:53 - [MESSAGE][PASSED] - Object: 'Object Repository/Page_Dashboard/span_Site administration' is clicked on

2022-01-14 12:18:53 - [TEST_STEP][PASSED] - navigateToUrl("http://localhost/admin/search.php"): Navigate to 'http://localhost/admin/search.php' successfully

2022-01-14 12:18:53 - [MESSAGE][PASSED] - Navigate to 'http://localhost/admin/search.php' successfully

2022-01-14 12:18:53 - [TEST_STEP][PASSED] - click(findTestObject("Object Repository/Page_Moodle Administration Search/a_Courses")): Object: 'Object Repository/Page_Moodle Administration Search/a_Courses' is clicked on

2022-01-14 12:18:54 - [MESSAGE][PASSED] - Object: 'Object Repository/Page_Moodle Administration Search/a_Courses' is clicked on

2022-01-14 12:18:54 - [TEST_STEP][PASSED] - click(findTestObject("Object Repository/Page_Moodle Administration Search/a_Upload courses")): Object: 'Object Repository/Page_Moodle Administration Search/a_Upload courses' is clicked on

2022-01-14 12:18:55 - [MESSAGE][PASSED] - Object: 'Object Repository/Page_Moodle Administration Search/a_Upload courses' is clicked on

2022-01-14 12:18:55 - [TEST_STEP][PASSED] - click(findTestObject("Object Repository/Page_Moodle Administration Courses Upload courses/input_File_coursefilechoose")): Object: 'Object Repository/Page_Moodle Administration Courses Upload courses/input_File_coursefilechoose' is clicked on

2022-01-14 12:18:55 - [MESSAGE][PASSED] - Object: 'Object Repository/Page_Moodle Administration Courses Upload courses/input_File_coursefilechoose' is clicked on

2022-01-14 12:18:55 - [TEST_STEP][PASSED] - click(findTestObject("Object Repository/Page_Moodle Administration Courses Upload courses/div_Search repository_yui_3_17_2_1_16415694_6e4ce4")): Object: 'Object Repository/Page_Moodle Administration Courses Upload courses/div_Search repository_yui_3_17_2_1_16415694_6e4ce4' is clicked on

2022-01-14 12:18:56 - [MESSAGE][PASSED] - Object: 'Object Repository/Page_Moodle Administration Courses Upload courses/div_Search repository_yui_3_17_2_1_16415694_6e4ce4' is clicked on

2022-01-14 12:18:56 - [TEST_STEP][PASSED] - click(findTestObject("Object Repository/Page_Moodle Administration Courses Upload courses/button_Select this file")): Object: 'Object Repository/Page_Moodle Administration Courses Upload courses/button_Select this file' is clicked on

2022-01-14 12:18:57 - [MESSAGE][PASSED] - Object: 'Object Repository/Page_Moodle Administration Courses Upload courses/button_Select this file' is clicked on

2022-01-14 12:18:57 - [TEST_STEP][PASSED] - click(findTestObject("Object Repository/Page_Moodle Administration Courses Upload courses/input_Allow resets_submitbutton")): Object: 'Object Repository/Page_Moodle Administration Courses Upload courses/input_Allow resets_submitbutton' is clicked on

2022-01-14 12:18:58 - [MESSAGE][PASSED] - Object: 'Object Repository/Page_Moodle Administration Courses Upload courses/input_Allow resets_submitbutton' is clicked on

2022-01-14 12:18:58 - [TEST_STEP][PASSED] - click(findTestObject("Object Repository/Page_Moodle Administration Courses Upload courses/input_Allow resets_submitbutton")): Object: 'Object Repository/Page_Moodle Administration Courses Upload courses/input_Allow resets_submitbutton' is clicked on

2022-01-14 12:19:00 - [MESSAGE][PASSED] - Object: 'Object Repository/Page_Moodle Administration Courses Upload courses/input_Allow resets_submitbutton' is clicked on

2022-01-14 12:19:00 - [TEST_STEP][PASSED] - click(findTestObject("Object Repository/Page_Moodle Administration Courses Upload courses/td_Course created")): Object: 'Object Repository/Page_Moodle Administration Courses Upload courses/td_Course created' is clicked on

2022-01-14 12:19:01 - [MESSAGE][PASSED] - Object: 'Object Repository/Page_Moodle Administration Courses Upload courses/td_Course created' is clicked on

2022-01-14 12:19:01 - [TEST_STEP][PASSED] - click(findTestObject("Object Repository/Page_Moodle Administration Courses Upload courses/button_Continue")): Object: 'Object Repository/Page_Moodle Administration Courses Upload courses/button_Continue' is clicked on

2022-01-14 12:19:02 - [MESSAGE][PASSED] - Object: 'Object Repository/Page_Moodle Administration Courses Upload courses/button_Continue' is clicked on]]></system-out>
         <system-err><![CDATA[]]></system-err>
      </testcase>
      <testcase name="Test Cases/Admin upload course (with wrong csv)" time="17.786" classname="Test Cases/Admin upload course (with wrong csv)" status="PASSED">
         <system-out><![CDATA[2022-01-14 12:19:02 - [TEST_CASE][PASSED] - Test Cases/Admin upload course (with wrong csv): Test Cases/Admin upload course (with wrong csv)

2022-01-14 12:19:03 - [TEST_STEP][PASSED] - callTestCase(findTestCase("Login as admin"), [:], STOP_ON_FAILURE): Call Test Case 'Test Cases/Login as admin' successfully

2022-01-14 12:19:03 - [TEST_CASE][PASSED] - Test Cases/Login as admin: Test Cases/Login as admin

2022-01-14 12:19:03 - [TEST_STEP][PASSED] - openBrowser(""): Browser is opened with url: ''

2022-01-14 12:19:03 - [MESSAGE][WARNING] - A browser is already opened. Closing browser and opening a new one

2022-01-14 12:19:03 - [MESSAGE][INFO] - Starting 'Edge Chromium' driver

2022-01-14 12:19:04 - [MESSAGE][INFO] - Action delay is set to 0 milliseconds

2022-01-14 12:19:05 - [MESSAGE][PASSED] - Browser is opened with url: ''

2022-01-14 12:19:05 - [TEST_STEP][PASSED] - navigateToUrl("http://localhost/"): Navigate to 'http://localhost/' successfully

2022-01-14 12:19:06 - [MESSAGE][PASSED] - Navigate to 'http://localhost/' successfully

2022-01-14 12:19:06 - [TEST_STEP][PASSED] - click(findTestObject("Object Repository/Page_My Moodle/a_Log in")): Object: 'Object Repository/Page_My Moodle/a_Log in' is clicked on

2022-01-14 12:19:07 - [MESSAGE][PASSED] - Object: 'Object Repository/Page_My Moodle/a_Log in' is clicked on

2022-01-14 12:19:07 - [TEST_STEP][PASSED] - setText(findTestObject("Object Repository/Page_My Moodle Log in to the site/input_Username_username"), "admin"): Text 'admin' is set on object 'Object Repository/Page_My Moodle Log in to the site/input_Username_username'

2022-01-14 12:19:07 - [MESSAGE][PASSED] - Text 'admin' is set on object 'Object Repository/Page_My Moodle Log in to the site/input_Username_username'

2022-01-14 12:19:07 - [TEST_STEP][PASSED] - setEncryptedText(findTestObject("Object Repository/Page_My Moodle Log in to the site/input_Password_password"), "7Dxoto1EjKfQbGop/Ov+1g=="): Text ****** has been set on object 'Object Repository/Page_My Moodle Log in to the site/input_Password_password'

2022-01-14 12:19:08 - [MESSAGE][PASSED] - Text ****** has been set on object 'Object Repository/Page_My Moodle Log in to the site/input_Password_password'

2022-01-14 12:19:08 - [TEST_STEP][PASSED] - click(findTestObject("Object Repository/Page_My Moodle Log in to the site/button_Log in")): Object: 'Object Repository/Page_My Moodle Log in to the site/button_Log in' is clicked on

2022-01-14 12:19:09 - [MESSAGE][PASSED] - Object: 'Object Repository/Page_My Moodle Log in to the site/button_Log in' is clicked on

2022-01-14 12:19:09 - [MESSAGE][PASSED] - Call Test Case 'Test Cases/Login as admin' successfully

2022-01-14 12:19:09 - [TEST_STEP][PASSED] - click(findTestObject("Object Repository/Page_Dashboard/span_Site administration")): Object: 'Object Repository/Page_Dashboard/span_Site administration' is clicked on

2022-01-14 12:19:11 - [MESSAGE][PASSED] - Object: 'Object Repository/Page_Dashboard/span_Site administration' is clicked on

2022-01-14 12:19:11 - [TEST_STEP][PASSED] - navigateToUrl("http://localhost/admin/search.php"): Navigate to 'http://localhost/admin/search.php' successfully

2022-01-14 12:19:12 - [MESSAGE][PASSED] - Navigate to 'http://localhost/admin/search.php' successfully

2022-01-14 12:19:12 - [TEST_STEP][PASSED] - click(findTestObject("Object Repository/Page_Moodle Administration Search/a_Courses")): Object: 'Object Repository/Page_Moodle Administration Search/a_Courses' is clicked on

2022-01-14 12:19:12 - [MESSAGE][PASSED] - Object: 'Object Repository/Page_Moodle Administration Search/a_Courses' is clicked on

2022-01-14 12:19:12 - [TEST_STEP][PASSED] - click(findTestObject("Object Repository/Page_Moodle Administration Search/a_Upload courses")): Object: 'Object Repository/Page_Moodle Administration Search/a_Upload courses' is clicked on

2022-01-14 12:19:13 - [MESSAGE][PASSED] - Object: 'Object Repository/Page_Moodle Administration Search/a_Upload courses' is clicked on

2022-01-14 12:19:13 - [TEST_STEP][PASSED] - click(findTestObject("Object Repository/Page_Moodle Administration Courses Upload courses/input_File_coursefilechoose")): Object: 'Object Repository/Page_Moodle Administration Courses Upload courses/input_File_coursefilechoose' is clicked on

2022-01-14 12:19:14 - [MESSAGE][PASSED] - Object: 'Object Repository/Page_Moodle Administration Courses Upload courses/input_File_coursefilechoose' is clicked on

2022-01-14 12:19:14 - [TEST_STEP][PASSED] - click(findTestObject("Object Repository/Page_Moodle Administration Courses Upload courses/div_Search repository_yui_3_17_2_1_16415695_8aacf9")): Object: 'Object Repository/Page_Moodle Administration Courses Upload courses/div_Search repository_yui_3_17_2_1_16415695_8aacf9' is clicked on

2022-01-14 12:19:15 - [MESSAGE][PASSED] - Object: 'Object Repository/Page_Moodle Administration Courses Upload courses/div_Search repository_yui_3_17_2_1_16415695_8aacf9' is clicked on

2022-01-14 12:19:15 - [TEST_STEP][PASSED] - click(findTestObject("Object Repository/Page_Moodle Administration Courses Upload courses/button_Select this file")): Object: 'Object Repository/Page_Moodle Administration Courses Upload courses/button_Select this file' is clicked on

2022-01-14 12:19:15 - [MESSAGE][PASSED] - Object: 'Object Repository/Page_Moodle Administration Courses Upload courses/button_Select this file' is clicked on

2022-01-14 12:19:15 - [TEST_STEP][PASSED] - click(findTestObject("Object Repository/Page_Moodle Administration Courses Upload courses/input_Allow resets_submitbutton")): Object: 'Object Repository/Page_Moodle Administration Courses Upload courses/input_Allow resets_submitbutton' is clicked on

2022-01-14 12:19:17 - [MESSAGE][PASSED] - Object: 'Object Repository/Page_Moodle Administration Courses Upload courses/input_Allow resets_submitbutton' is clicked on

2022-01-14 12:19:17 - [TEST_STEP][PASSED] - click(findTestObject("Object Repository/Page_Moodle Administration Courses Upload courses/input_Allow resets_submitbutton")): Object: 'Object Repository/Page_Moodle Administration Courses Upload courses/input_Allow resets_submitbutton' is clicked on

2022-01-14 12:19:18 - [MESSAGE][PASSED] - Object: 'Object Repository/Page_Moodle Administration Courses Upload courses/input_Allow resets_submitbutton' is clicked on

2022-01-14 12:19:18 - [TEST_STEP][PASSED] - click(findTestObject("Object Repository/Page_Moodle Administration Courses Upload courses/td_Missing value for mandatory fields fullname")): Object: 'Object Repository/Page_Moodle Administration Courses Upload courses/td_Missing value for mandatory fields fullname' is clicked on

2022-01-14 12:19:19 - [MESSAGE][PASSED] - Object: 'Object Repository/Page_Moodle Administration Courses Upload courses/td_Missing value for mandatory fields fullname' is clicked on

2022-01-14 12:19:19 - [TEST_STEP][PASSED] - click(findTestObject("Object Repository/Page_Moodle Administration Courses Upload courses/button_Continue")): Object: 'Object Repository/Page_Moodle Administration Courses Upload courses/button_Continue' is clicked on

2022-01-14 12:19:20 - [MESSAGE][PASSED] - Object: 'Object Repository/Page_Moodle Administration Courses Upload courses/button_Continue' is clicked on]]></system-out>
         <system-err><![CDATA[]]></system-err>
      </testcase>
      <system-out><![CDATA[2022-01-14 12:00:14 - [TEST_SUITE][FAILED] - Run all test cases: Test Cases/Admin create event on a course FAILED.
Reason:
com.kms.katalon.core.exception.StepFailedException: Unable to click on object 'Object Repository/Page_Dashboard/a_Go to calendar'
	at com.kms.katalon.core.webui.keyword.internal.WebUIKeywordMain.stepFailed(WebUIKeywordMain.groovy:64)
	at com.kms.katalon.core.webui.keyword.internal.WebUIKeywordMain.runKeyword(WebUIKeywordMain.groovy:26)
	at com.kms.katalon.core.webui.keyword.builtin.ClickKeyword.click(ClickKeyword.groovy:74)
	at com.kms.katalon.core.webui.keyword.builtin.ClickKeyword.execute(ClickKeyword.groovy:40)
	at com.kms.katalon.core.keyword.internal.KeywordExecutor.executeKeywordForPlatform(KeywordExecutor.groovy:74)
	at com.kms.katalon.core.webui.keyword.WebUiBuiltInKeywords.click(WebUiBuiltInKeywords.groovy:620)
	at com.kms.katalon.core.webui.keyword.WebUiBuiltInKeywords$click$1.call(Unknown Source)
	at Admin create event on a course.run(Admin create event on a course:52)
	at com.kms.katalon.core.main.ScriptEngine.run(ScriptEngine.java:194)
	at com.kms.katalon.core.main.ScriptEngine.runScriptAsRawText(ScriptEngine.java:119)
	at com.kms.katalon.core.main.TestCaseExecutor.runScript(TestCaseExecutor.java:442)
	at com.kms.katalon.core.main.TestCaseExecutor.doExecute(TestCaseExecutor.java:433)
	at com.kms.katalon.core.main.TestCaseExecutor.processExecutionPhase(TestCaseExecutor.java:412)
	at com.kms.katalon.core.main.TestCaseExecutor.accessMainPhase(TestCaseExecutor.java:404)
	at com.kms.katalon.core.main.TestCaseExecutor.execute(TestCaseExecutor.java:281)
	at com.kms.katalon.core.main.TestSuiteExecutor.accessTestCaseMainPhase(TestSuiteExecutor.java:202)
	at com.kms.katalon.core.main.TestSuiteExecutor.accessTestSuiteMainPhase(TestSuiteExecutor.java:164)
	at com.kms.katalon.core.main.TestSuiteExecutor.execute(TestSuiteExecutor.java:105)
	at com.kms.katalon.core.main.TestCaseMain.startTestSuite(TestCaseMain.java:181)
	at com.kms.katalon.core.main.TestCaseMain$startTestSuite$0.call(Unknown Source)
	at TempTestSuite1642136404214.run(TempTestSuite1642136404214.groovy:36)
Caused by: org.openqa.selenium.ElementNotInteractableException: element not interactable
  (Session info: MicrosoftEdge=97.0.1072.55)
Build info: version: '3.141.59', revision: 'e82be7d358', time: '2018-11-14T08:25:53'
System info: host: 'DESKTOP-8IHK86T', ip: '192.168.1.173', os.name: 'Windows 10', os.arch: 'amd64', os.version: '10.0', java.version: '1.8.0_282'
Driver info: com.kms.katalon.selenium.driver.CEdgeDriver
Capabilities {acceptInsecureCerts: false, browserName: msedge, browserVersion: 97.0.1072.55, javascriptEnabled: true, ms:edgeOptions: {debuggerAddress: localhost:59425}, msedge: {msedgedriverVersion: 97.0.1072.55 (ce3bf33648805..., userDataDir: C:\Users\THANHD~1\AppData\L...}, networkConnectionEnabled: false, pageLoadStrategy: normal, platform: WINDOWS, platformName: WINDOWS, proxy: Proxy(), setWindowRect: true, strictFileInteractability: false, timeouts: {implicit: 0, pageLoad: 300000, script: 30000}, unhandledPromptBehavior: dismiss and notify, webauthn:extension:credBlob: true, webauthn:extension:largeBlob: true, webauthn:virtualAuthenticators: true}
Session ID: cb42c7c4f59fa8c50b44acc840a5c773
	at org.openqa.selenium.remote.http.W3CHttpResponseCodec.createException(W3CHttpResponseCodec.java:187)
	at org.openqa.selenium.remote.http.W3CHttpResponseCodec.decode(W3CHttpResponseCodec.java:122)
	at org.openqa.selenium.remote.http.W3CHttpResponseCodec.decode(W3CHttpResponseCodec.java:49)
	at org.openqa.selenium.remote.HttpCommandExecutor.execute(HttpCommandExecutor.java:158)
	at org.openqa.selenium.remote.service.DriverCommandExecutor.execute(DriverCommandExecutor.java:83)
	at org.openqa.selenium.remote.RemoteWebDriver.execute(RemoteWebDriver.java:552)
	at com.kms.katalon.selenium.driver.CEdgeDriver.execute(CEdgeDriver.java:20)
	at org.openqa.selenium.remote.RemoteWebElement.execute(RemoteWebElement.java:285)
	at org.openqa.selenium.remote.RemoteWebElement.click(RemoteWebElement.java:84)
	at org.openqa.selenium.support.events.EventFiringWebDriver$EventFiringWebElement.lambda$new$0(EventFiringWebDriver.java:404)
	at com.sun.proxy.$Proxy11.click(Unknown Source)
	at org.openqa.selenium.support.events.EventFiringWebDriver$EventFiringWebElement.click(EventFiringWebDriver.java:417)
	at org.openqa.selenium.WebElement$click.call(Unknown Source)
	at com.kms.katalon.core.webui.keyword.builtin.ClickKeyword.clickUntilSuccessWithTimeout(ClickKeyword.groovy:81)
	at com.kms.katalon.core.webui.keyword.builtin.ClickKeyword.clickUntilSuccessWithTimeout(ClickKeyword.groovy)
	at com.kms.katalon.core.webui.keyword.builtin.ClickKeyword$_click_closure1.doCall(ClickKeyword.groovy:67)
	at com.kms.katalon.core.webui.keyword.builtin.ClickKeyword$_click_closure1.call(ClickKeyword.groovy)
	at com.kms.katalon.core.webui.keyword.internal.WebUIKeywordMain.runKeyword(WebUIKeywordMain.groovy:20)
	... 19 more]]></system-out>
      <system-err><![CDATA[2022-01-14 12:00:14 - [TEST_SUITE][FAILED] - Run all test cases: Test Cases/Admin create event on a course FAILED.
Reason:
com.kms.katalon.core.exception.StepFailedException: Unable to click on object 'Object Repository/Page_Dashboard/a_Go to calendar'
	at com.kms.katalon.core.webui.keyword.internal.WebUIKeywordMain.stepFailed(WebUIKeywordMain.groovy:64)
	at com.kms.katalon.core.webui.keyword.internal.WebUIKeywordMain.runKeyword(WebUIKeywordMain.groovy:26)
	at com.kms.katalon.core.webui.keyword.builtin.ClickKeyword.click(ClickKeyword.groovy:74)
	at com.kms.katalon.core.webui.keyword.builtin.ClickKeyword.execute(ClickKeyword.groovy:40)
	at com.kms.katalon.core.keyword.internal.KeywordExecutor.executeKeywordForPlatform(KeywordExecutor.groovy:74)
	at com.kms.katalon.core.webui.keyword.WebUiBuiltInKeywords.click(WebUiBuiltInKeywords.groovy:620)
	at com.kms.katalon.core.webui.keyword.WebUiBuiltInKeywords$click$1.call(Unknown Source)
	at Admin create event on a course.run(Admin create event on a course:52)
	at com.kms.katalon.core.main.ScriptEngine.run(ScriptEngine.java:194)
	at com.kms.katalon.core.main.ScriptEngine.runScriptAsRawText(ScriptEngine.java:119)
	at com.kms.katalon.core.main.TestCaseExecutor.runScript(TestCaseExecutor.java:442)
	at com.kms.katalon.core.main.TestCaseExecutor.doExecute(TestCaseExecutor.java:433)
	at com.kms.katalon.core.main.TestCaseExecutor.processExecutionPhase(TestCaseExecutor.java:412)
	at com.kms.katalon.core.main.TestCaseExecutor.accessMainPhase(TestCaseExecutor.java:404)
	at com.kms.katalon.core.main.TestCaseExecutor.execute(TestCaseExecutor.java:281)
	at com.kms.katalon.core.main.TestSuiteExecutor.accessTestCaseMainPhase(TestSuiteExecutor.java:202)
	at com.kms.katalon.core.main.TestSuiteExecutor.accessTestSuiteMainPhase(TestSuiteExecutor.java:164)
	at com.kms.katalon.core.main.TestSuiteExecutor.execute(TestSuiteExecutor.java:105)
	at com.kms.katalon.core.main.TestCaseMain.startTestSuite(TestCaseMain.java:181)
	at com.kms.katalon.core.main.TestCaseMain$startTestSuite$0.call(Unknown Source)
	at TempTestSuite1642136404214.run(TempTestSuite1642136404214.groovy:36)
Caused by: org.openqa.selenium.ElementNotInteractableException: element not interactable
  (Session info: MicrosoftEdge=97.0.1072.55)
Build info: version: '3.141.59', revision: 'e82be7d358', time: '2018-11-14T08:25:53'
System info: host: 'DESKTOP-8IHK86T', ip: '192.168.1.173', os.name: 'Windows 10', os.arch: 'amd64', os.version: '10.0', java.version: '1.8.0_282'
Driver info: com.kms.katalon.selenium.driver.CEdgeDriver
Capabilities {acceptInsecureCerts: false, browserName: msedge, browserVersion: 97.0.1072.55, javascriptEnabled: true, ms:edgeOptions: {debuggerAddress: localhost:59425}, msedge: {msedgedriverVersion: 97.0.1072.55 (ce3bf33648805..., userDataDir: C:\Users\THANHD~1\AppData\L...}, networkConnectionEnabled: false, pageLoadStrategy: normal, platform: WINDOWS, platformName: WINDOWS, proxy: Proxy(), setWindowRect: true, strictFileInteractability: false, timeouts: {implicit: 0, pageLoad: 300000, script: 30000}, unhandledPromptBehavior: dismiss and notify, webauthn:extension:credBlob: true, webauthn:extension:largeBlob: true, webauthn:virtualAuthenticators: true}
Session ID: cb42c7c4f59fa8c50b44acc840a5c773
	at org.openqa.selenium.remote.http.W3CHttpResponseCodec.createException(W3CHttpResponseCodec.java:187)
	at org.openqa.selenium.remote.http.W3CHttpResponseCodec.decode(W3CHttpResponseCodec.java:122)
	at org.openqa.selenium.remote.http.W3CHttpResponseCodec.decode(W3CHttpResponseCodec.java:49)
	at org.openqa.selenium.remote.HttpCommandExecutor.execute(HttpCommandExecutor.java:158)
	at org.openqa.selenium.remote.service.DriverCommandExecutor.execute(DriverCommandExecutor.java:83)
	at org.openqa.selenium.remote.RemoteWebDriver.execute(RemoteWebDriver.java:552)
	at com.kms.katalon.selenium.driver.CEdgeDriver.execute(CEdgeDriver.java:20)
	at org.openqa.selenium.remote.RemoteWebElement.execute(RemoteWebElement.java:285)
	at org.openqa.selenium.remote.RemoteWebElement.click(RemoteWebElement.java:84)
	at org.openqa.selenium.support.events.EventFiringWebDriver$EventFiringWebElement.lambda$new$0(EventFiringWebDriver.java:404)
	at com.sun.proxy.$Proxy11.click(Unknown Source)
	at org.openqa.selenium.support.events.EventFiringWebDriver$EventFiringWebElement.click(EventFiringWebDriver.java:417)
	at org.openqa.selenium.WebElement$click.call(Unknown Source)
	at com.kms.katalon.core.webui.keyword.builtin.ClickKeyword.clickUntilSuccessWithTimeout(ClickKeyword.groovy:81)
	at com.kms.katalon.core.webui.keyword.builtin.ClickKeyword.clickUntilSuccessWithTimeout(ClickKeyword.groovy)
	at com.kms.katalon.core.webui.keyword.builtin.ClickKeyword$_click_closure1.doCall(ClickKeyword.groovy:67)
	at com.kms.katalon.core.webui.keyword.builtin.ClickKeyword$_click_closure1.call(ClickKeyword.groovy)
	at com.kms.katalon.core.webui.keyword.internal.WebUIKeywordMain.runKeyword(WebUIKeywordMain.groovy:20)
	... 19 more]]></system-err>
   </testsuite>
</testsuites>
