<?xml version="1.0" encoding="UTF-8"?>
<testsuites name="Run all test cases" time="1033.658" tests="40" failures="3" errors="0">
   <testsuite name="Run all test cases" tests="40" failures="3" errors="0" time="1033.658" skipped="0" timestamp="2022-01-11 21:37:52" hostname="Thanh Dang - DESKTOP-8IHK86T" id="Test Suites/Run all test cases">
      <properties>
         <property name="deviceName" value=""/>
         <property name="devicePlatform" value=""/>
         <property name="logFolder" value="D:\\Test-Automation---SE-Bonus\\Reports\\20220111_213742\\Run all test cases\\20220111_213742"/>
         <property name="logFiles" value="D:\\Test-Automation---SE-Bonus\\Reports\\20220111_213742\\Run all test cases\\20220111_213742\\execution0.log"/>
         <property name="attachments" value="D:\\Test-Automation---SE-Bonus\\Reports\\20220111_213742\\Run all test cases\\20220111_213742\\1641912520538.png, D:\\Test-Automation---SE-Bonus\\Reports\\20220111_213742\\Run all test cases\\20220111_213742\\1641912670734.png, D:\\Test-Automation---SE-Bonus\\Reports\\20220111_213742\\Run all test cases\\20220111_213742\\1641912716289.png, D:\\Test-Automation---SE-Bonus\\Reports\\20220111_213742\\Run all test cases\\20220111_213742\\1641912830112.png"/>
         <property name="hostName" value="Thanh Dang - DESKTOP-8IHK86T"/>
         <property name="os" value="Windows 10 64bit"/>
         <property name="katalonVersion" value="8.2.0.208"/>
         <property name="browser" value="Edge Chromium 97"/>
         <property name="hostAddress" value="192.168.1.173"/>
         <property name="sessionId" value="eaffa1576bc57089fe1415ce1c1a4dfb"/>
         <property name="seleniumVersion" value="3.141.59"/>
         <property name="proxyInformation" value="ProxyInformation { proxyOption=NO_PROXY, proxyServerType=HTTP, username=, password=********, proxyServerAddress=, proxyServerPort=0, executionList=&quot;&quot;, isApplyToDesiredCapabilities=true }"/>
         <property name="platform" value="Windows 10"/>
      </properties>
      <testcase name="Test Cases/Login as admin" time="10.15" classname="Test Cases/Login as admin" status="PASSED">
         <system-out><![CDATA[2022-01-11 21:37:52 - [TEST_CASE][PASSED] - Test Cases/Login as admin: Test Cases/Login as admin

2022-01-11 21:37:53 - [TEST_STEP][PASSED] - openBrowser(""): Browser is opened with url: ''

2022-01-11 21:37:53 - [MESSAGE][INFO] - Starting 'Edge Chromium' driver

2022-01-11 21:37:56 - [MESSAGE][INFO] - Action delay is set to 0 milliseconds

2022-01-11 21:37:58 - [MESSAGE][PASSED] - Browser is opened with url: ''

2022-01-11 21:37:58 - [TEST_STEP][PASSED] - navigateToUrl("http://localhost/"): Navigate to 'http://localhost/' successfully

2022-01-11 21:37:58 - [MESSAGE][PASSED] - Navigate to 'http://localhost/' successfully

2022-01-11 21:37:58 - [TEST_STEP][PASSED] - click(findTestObject("Object Repository/Page_My Moodle/a_Log in")): Object: 'Object Repository/Page_My Moodle/a_Log in' is clicked on

2022-01-11 21:37:59 - [MESSAGE][PASSED] - Object: 'Object Repository/Page_My Moodle/a_Log in' is clicked on

2022-01-11 21:37:59 - [TEST_STEP][PASSED] - setText(findTestObject("Object Repository/Page_My Moodle Log in to the site/input_Username_username"), "admin"): Text 'admin' is set on object 'Object Repository/Page_My Moodle Log in to the site/input_Username_username'

2022-01-11 21:38:00 - [MESSAGE][PASSED] - Text 'admin' is set on object 'Object Repository/Page_My Moodle Log in to the site/input_Username_username'

2022-01-11 21:38:00 - [TEST_STEP][PASSED] - setEncryptedText(findTestObject("Object Repository/Page_My Moodle Log in to the site/input_Password_password"), "7Dxoto1EjKfQbGop/Ov+1g=="): Text ****** has been set on object 'Object Repository/Page_My Moodle Log in to the site/input_Password_password'

2022-01-11 21:38:00 - [MESSAGE][PASSED] - Text ****** has been set on object 'Object Repository/Page_My Moodle Log in to the site/input_Password_password'

2022-01-11 21:38:00 - [TEST_STEP][PASSED] - click(findTestObject("Object Repository/Page_My Moodle Log in to the site/button_Log in")): Object: 'Object Repository/Page_My Moodle Log in to the site/button_Log in' is clicked on

2022-01-11 21:38:03 - [MESSAGE][PASSED] - Object: 'Object Repository/Page_My Moodle Log in to the site/button_Log in' is clicked on]]></system-out>
         <system-err><![CDATA[]]></system-err>
      </testcase>
      <testcase name="Test Cases/Admin config file system (create respositories)" time="21.406" classname="Test Cases/Admin config file system (create respositories)" status="PASSED">
         <system-out><![CDATA[2022-01-11 21:38:03 - [TEST_CASE][PASSED] - Test Cases/Admin config file system (create respositories): Test Cases/Admin config file system (create respositories)

2022-01-11 21:38:03 - [TEST_STEP][PASSED] - callTestCase(findTestCase("Login as admin"), [:], STOP_ON_FAILURE): Call Test Case 'Test Cases/Login as admin' successfully

2022-01-11 21:38:03 - [TEST_CASE][PASSED] - Test Cases/Login as admin: Test Cases/Login as admin

2022-01-11 21:38:03 - [TEST_STEP][PASSED] - openBrowser(""): Browser is opened with url: ''

2022-01-11 21:38:03 - [MESSAGE][WARNING] - A browser is already opened. Closing browser and opening a new one

2022-01-11 21:38:04 - [MESSAGE][INFO] - Starting 'Edge Chromium' driver

2022-01-11 21:38:06 - [MESSAGE][INFO] - Action delay is set to 0 milliseconds

2022-01-11 21:38:08 - [MESSAGE][PASSED] - Browser is opened with url: ''

2022-01-11 21:38:08 - [TEST_STEP][PASSED] - navigateToUrl("http://localhost/"): Navigate to 'http://localhost/' successfully

2022-01-11 21:38:08 - [MESSAGE][PASSED] - Navigate to 'http://localhost/' successfully

2022-01-11 21:38:08 - [TEST_STEP][PASSED] - click(findTestObject("Object Repository/Page_My Moodle/a_Log in")): Object: 'Object Repository/Page_My Moodle/a_Log in' is clicked on

2022-01-11 21:38:09 - [MESSAGE][PASSED] - Object: 'Object Repository/Page_My Moodle/a_Log in' is clicked on

2022-01-11 21:38:09 - [TEST_STEP][PASSED] - setText(findTestObject("Object Repository/Page_My Moodle Log in to the site/input_Username_username"), "admin"): Text 'admin' is set on object 'Object Repository/Page_My Moodle Log in to the site/input_Username_username'

2022-01-11 21:38:10 - [MESSAGE][PASSED] - Text 'admin' is set on object 'Object Repository/Page_My Moodle Log in to the site/input_Username_username'

2022-01-11 21:38:10 - [TEST_STEP][PASSED] - setEncryptedText(findTestObject("Object Repository/Page_My Moodle Log in to the site/input_Password_password"), "7Dxoto1EjKfQbGop/Ov+1g=="): Text ****** has been set on object 'Object Repository/Page_My Moodle Log in to the site/input_Password_password'

2022-01-11 21:38:10 - [MESSAGE][PASSED] - Text ****** has been set on object 'Object Repository/Page_My Moodle Log in to the site/input_Password_password'

2022-01-11 21:38:10 - [TEST_STEP][PASSED] - click(findTestObject("Object Repository/Page_My Moodle Log in to the site/button_Log in")): Object: 'Object Repository/Page_My Moodle Log in to the site/button_Log in' is clicked on

2022-01-11 21:38:11 - [MESSAGE][PASSED] - Object: 'Object Repository/Page_My Moodle Log in to the site/button_Log in' is clicked on

2022-01-11 21:38:11 - [MESSAGE][PASSED] - Call Test Case 'Test Cases/Login as admin' successfully

2022-01-11 21:38:11 - [TEST_STEP][PASSED] - click(findTestObject("Object Repository/Page_Dashboard/span_Site administration")): Object: 'Object Repository/Page_Dashboard/span_Site administration' is clicked on

2022-01-11 21:38:17 - [MESSAGE][PASSED] - Object: 'Object Repository/Page_Dashboard/span_Site administration' is clicked on

2022-01-11 21:38:17 - [TEST_STEP][PASSED] - navigateToUrl("http://localhost/admin/search.php"): Navigate to 'http://localhost/admin/search.php' successfully

2022-01-11 21:38:18 - [MESSAGE][PASSED] - Navigate to 'http://localhost/admin/search.php' successfully

2022-01-11 21:38:18 - [TEST_STEP][PASSED] - click(findTestObject("Object Repository/Page_Moodle Administration Search/a_Plugins")): Object: 'Object Repository/Page_Moodle Administration Search/a_Plugins' is clicked on

2022-01-11 21:38:18 - [MESSAGE][PASSED] - Object: 'Object Repository/Page_Moodle Administration Search/a_Plugins' is clicked on

2022-01-11 21:38:18 - [TEST_STEP][PASSED] - click(findTestObject("Object Repository/Page_Moodle Administration Search/a_Manage repositories")): Object: 'Object Repository/Page_Moodle Administration Search/a_Manage repositories' is clicked on

2022-01-11 21:38:20 - [MESSAGE][PASSED] - Object: 'Object Repository/Page_Moodle Administration Search/a_Manage repositories' is clicked on

2022-01-11 21:38:20 - [TEST_STEP][PASSED] - click(findTestObject("Object Repository/Page_Moodle Administration Plugins Reposito_4b46d1/a_Settings")): Object: 'Object Repository/Page_Moodle Administration Plugins Reposito_4b46d1/a_Settings' is clicked on

2022-01-11 21:38:21 - [MESSAGE][PASSED] - Object: 'Object Repository/Page_Moodle Administration Plugins Reposito_4b46d1/a_Settings' is clicked on

2022-01-11 21:38:21 - [TEST_STEP][PASSED] - click(findTestObject("Object Repository/Page_Moodle Administration Plugins Reposito_90c615/button_Create a repository instance")): Object: 'Object Repository/Page_Moodle Administration Plugins Reposito_90c615/button_Create a repository instance' is clicked on

2022-01-11 21:38:22 - [MESSAGE][PASSED] - Object: 'Object Repository/Page_Moodle Administration Plugins Reposito_90c615/button_Create a repository instance' is clicked on

2022-01-11 21:38:22 - [TEST_STEP][PASSED] - setText(findTestObject("Object Repository/Page_Moodle Administration Plugins Reposito_b84f2c/input_Name_name"), "csv"): Text 'csv' is set on object 'Object Repository/Page_Moodle Administration Plugins Reposito_b84f2c/input_Name_name'

2022-01-11 21:38:23 - [MESSAGE][PASSED] - Text 'csv' is set on object 'Object Repository/Page_Moodle Administration Plugins Reposito_b84f2c/input_Name_name'

2022-01-11 21:38:23 - [TEST_STEP][PASSED] - click(findTestObject("Object Repository/Page_Moodle Administration Plugins Reposito_b84f2c/input_Allow relative files_relativefiles")): Object: 'Object Repository/Page_Moodle Administration Plugins Reposito_b84f2c/input_Allow relative files_relativefiles' is clicked on

2022-01-11 21:38:23 - [MESSAGE][PASSED] - Object: 'Object Repository/Page_Moodle Administration Plugins Reposito_b84f2c/input_Allow relative files_relativefiles' is clicked on

2022-01-11 21:38:23 - [TEST_STEP][PASSED] - click(findTestObject("Object Repository/Page_Moodle Administration Plugins Reposito_b84f2c/input_This allows all files in the reposito_ba0d3d")): Object: 'Object Repository/Page_Moodle Administration Plugins Reposito_b84f2c/input_This allows all files in the reposito_ba0d3d' is clicked on

2022-01-11 21:38:24 - [MESSAGE][PASSED] - Object: 'Object Repository/Page_Moodle Administration Plugins Reposito_b84f2c/input_This allows all files in the reposito_ba0d3d' is clicked on]]></system-out>
         <system-err><![CDATA[]]></system-err>
      </testcase>
      <testcase name="Test Cases/Admin config outgoing email" time="20.191" classname="Test Cases/Admin config outgoing email" status="PASSED">
         <system-out><![CDATA[2022-01-11 21:38:24 - [TEST_CASE][PASSED] - Test Cases/Admin config outgoing email: Test Cases/Admin config outgoing email

2022-01-11 21:38:24 - [TEST_STEP][PASSED] - callTestCase(findTestCase("Login as admin"), [:], STOP_ON_FAILURE): Call Test Case 'Test Cases/Login as admin' successfully

2022-01-11 21:38:24 - [TEST_CASE][PASSED] - Test Cases/Login as admin: Test Cases/Login as admin

2022-01-11 21:38:24 - [TEST_STEP][PASSED] - openBrowser(""): Browser is opened with url: ''

2022-01-11 21:38:24 - [MESSAGE][WARNING] - A browser is already opened. Closing browser and opening a new one

2022-01-11 21:38:25 - [MESSAGE][INFO] - Starting 'Edge Chromium' driver

2022-01-11 21:38:27 - [MESSAGE][INFO] - Action delay is set to 0 milliseconds

2022-01-11 21:38:29 - [MESSAGE][PASSED] - Browser is opened with url: ''

2022-01-11 21:38:29 - [TEST_STEP][PASSED] - navigateToUrl("http://localhost/"): Navigate to 'http://localhost/' successfully

2022-01-11 21:38:29 - [MESSAGE][PASSED] - Navigate to 'http://localhost/' successfully

2022-01-11 21:38:29 - [TEST_STEP][PASSED] - click(findTestObject("Object Repository/Page_My Moodle/a_Log in")): Object: 'Object Repository/Page_My Moodle/a_Log in' is clicked on

2022-01-11 21:38:30 - [MESSAGE][PASSED] - Object: 'Object Repository/Page_My Moodle/a_Log in' is clicked on

2022-01-11 21:38:30 - [TEST_STEP][PASSED] - setText(findTestObject("Object Repository/Page_My Moodle Log in to the site/input_Username_username"), "admin"): Text 'admin' is set on object 'Object Repository/Page_My Moodle Log in to the site/input_Username_username'

2022-01-11 21:38:31 - [MESSAGE][PASSED] - Text 'admin' is set on object 'Object Repository/Page_My Moodle Log in to the site/input_Username_username'

2022-01-11 21:38:31 - [TEST_STEP][PASSED] - setEncryptedText(findTestObject("Object Repository/Page_My Moodle Log in to the site/input_Password_password"), "7Dxoto1EjKfQbGop/Ov+1g=="): Text ****** has been set on object 'Object Repository/Page_My Moodle Log in to the site/input_Password_password'

2022-01-11 21:38:31 - [MESSAGE][PASSED] - Text ****** has been set on object 'Object Repository/Page_My Moodle Log in to the site/input_Password_password'

2022-01-11 21:38:31 - [TEST_STEP][PASSED] - click(findTestObject("Object Repository/Page_My Moodle Log in to the site/button_Log in")): Object: 'Object Repository/Page_My Moodle Log in to the site/button_Log in' is clicked on

2022-01-11 21:38:33 - [MESSAGE][PASSED] - Object: 'Object Repository/Page_My Moodle Log in to the site/button_Log in' is clicked on

2022-01-11 21:38:33 - [MESSAGE][PASSED] - Call Test Case 'Test Cases/Login as admin' successfully

2022-01-11 21:38:33 - [TEST_STEP][PASSED] - click(findTestObject("Object Repository/Page_Dashboard/span_Site administration")): Object: 'Object Repository/Page_Dashboard/span_Site administration' is clicked on

2022-01-11 21:38:34 - [MESSAGE][PASSED] - Object: 'Object Repository/Page_Dashboard/span_Site administration' is clicked on

2022-01-11 21:38:34 - [TEST_STEP][PASSED] - navigateToUrl("http://localhost/admin/search.php"): Navigate to 'http://localhost/admin/search.php' successfully

2022-01-11 21:38:35 - [MESSAGE][PASSED] - Navigate to 'http://localhost/admin/search.php' successfully

2022-01-11 21:38:35 - [TEST_STEP][PASSED] - click(findTestObject("Object Repository/Page_Moodle Administration Search/a_Server")): Object: 'Object Repository/Page_Moodle Administration Search/a_Server' is clicked on

2022-01-11 21:38:35 - [MESSAGE][PASSED] - Object: 'Object Repository/Page_Moodle Administration Search/a_Server' is clicked on

2022-01-11 21:38:35 - [TEST_STEP][PASSED] - click(findTestObject("Object Repository/Page_Moodle Administration Search/a_Outgoing mail configuration")): Object: 'Object Repository/Page_Moodle Administration Search/a_Outgoing mail configuration' is clicked on

2022-01-11 21:38:36 - [MESSAGE][PASSED] - Object: 'Object Repository/Page_Moodle Administration Search/a_Outgoing mail configuration' is clicked on

2022-01-11 21:38:36 - [TEST_STEP][PASSED] - setText(findTestObject("Object Repository/Page_Moodle Administration Server Email Out_d1e642/input_smtphosts_s__smtphosts"), "smtp.gmail.com:587"): Text 'smtp.gmail.com:587' is set on object 'Object Repository/Page_Moodle Administration Server Email Out_d1e642/input_smtphosts_s__smtphosts'

2022-01-11 21:38:38 - [MESSAGE][PASSED] - Text 'smtp.gmail.com:587' is set on object 'Object Repository/Page_Moodle Administration Server Email Out_d1e642/input_smtphosts_s__smtphosts'

2022-01-11 21:38:38 - [TEST_STEP][PASSED] - selectOptionByValue(findTestObject("Object Repository/Page_Moodle Administration Server Email Out_d1e642/select_None            SSL            TLS"), "tls", true): All options with value 'tls' are selected in object 'Object Repository/Page_Moodle Administration Server Email Out_d1e642/select_None            SSL            TLS'  using regular expression

2022-01-11 21:38:39 - [MESSAGE][PASSED] - All options with value 'tls' are selected in object 'Object Repository/Page_Moodle Administration Server Email Out_d1e642/select_None            SSL            TLS'  using regular expression

2022-01-11 21:38:39 - [TEST_STEP][PASSED] - setText(findTestObject("Object Repository/Page_Moodle Administration Server Email Out_d1e642/input_smtpuser_s__smtpuser"), "moodle.testing.team@gmail.com"): Text 'moodle.testing.team@gmail.com' is set on object 'Object Repository/Page_Moodle Administration Server Email Out_d1e642/input_smtpuser_s__smtpuser'

2022-01-11 21:38:40 - [MESSAGE][PASSED] - Text 'moodle.testing.team@gmail.com' is set on object 'Object Repository/Page_Moodle Administration Server Email Out_d1e642/input_smtpuser_s__smtpuser'

2022-01-11 21:38:40 - [TEST_STEP][PASSED] - click(findTestObject("Object Repository/Page_Moodle Administration Server Email Out_d1e642/i_Click to enter text_icon fa fa-pencil fa-fw")): Object: 'Object Repository/Page_Moodle Administration Server Email Out_d1e642/i_Click to enter text_icon fa fa-pencil fa-fw' is clicked on

2022-01-11 21:38:40 - [MESSAGE][PASSED] - Object: 'Object Repository/Page_Moodle Administration Server Email Out_d1e642/i_Click to enter text_icon fa fa-pencil fa-fw' is clicked on

2022-01-11 21:38:40 - [TEST_STEP][PASSED] - setEncryptedText(findTestObject("Object Repository/Page_Moodle Administration Server Email Out_d1e642/input_smtppass_s__smtppass"), "vmGLb5mQ4V2AGvF7YR/3BQ=="): Text ****** has been set on object 'Object Repository/Page_Moodle Administration Server Email Out_d1e642/input_smtppass_s__smtppass'

2022-01-11 21:38:41 - [MESSAGE][PASSED] - Text ****** has been set on object 'Object Repository/Page_Moodle Administration Server Email Out_d1e642/input_smtppass_s__smtppass'

2022-01-11 21:38:41 - [TEST_STEP][PASSED] - setText(findTestObject("Object Repository/Page_Moodle Administration Server Email Out_d1e642/input_noreplyaddress_s__noreplyaddress"), "moodle.testing.team@gmail.com"): Text 'moodle.testing.team@gmail.com' is set on object 'Object Repository/Page_Moodle Administration Server Email Out_d1e642/input_noreplyaddress_s__noreplyaddress'

2022-01-11 21:38:42 - [MESSAGE][PASSED] - Text 'moodle.testing.team@gmail.com' is set on object 'Object Repository/Page_Moodle Administration Server Email Out_d1e642/input_noreplyaddress_s__noreplyaddress'

2022-01-11 21:38:42 - [TEST_STEP][PASSED] - click(findTestObject("Object Repository/Page_Moodle Administration Server Email Out_d1e642/button_Save changes")): Object: 'Object Repository/Page_Moodle Administration Server Email Out_d1e642/button_Save changes' is clicked on

2022-01-11 21:38:44 - [MESSAGE][PASSED] - Object: 'Object Repository/Page_Moodle Administration Server Email Out_d1e642/button_Save changes' is clicked on

2022-01-11 21:38:44 - [TEST_STEP][PASSED] - click(findTestObject("Object Repository/Page_Moodle Administration Server Email Out_d1e642/div_Changes saved")): Object: 'Object Repository/Page_Moodle Administration Server Email Out_d1e642/div_Changes saved' is clicked on

2022-01-11 21:38:44 - [MESSAGE][PASSED] - Object: 'Object Repository/Page_Moodle Administration Server Email Out_d1e642/div_Changes saved' is clicked on]]></system-out>
         <system-err><![CDATA[]]></system-err>
      </testcase>
      <testcase name="Test Cases/Admin edit profile (change email)" time="14.62" classname="Test Cases/Admin edit profile (change email)" status="PASSED">
         <system-out><![CDATA[2022-01-11 21:38:44 - [TEST_CASE][PASSED] - Test Cases/Admin edit profile (change email): Test Cases/Admin edit profile (change email)

2022-01-11 21:38:45 - [TEST_STEP][PASSED] - callTestCase(findTestCase("Login as admin"), [:], STOP_ON_FAILURE): Call Test Case 'Test Cases/Login as admin' successfully

2022-01-11 21:38:45 - [TEST_CASE][PASSED] - Test Cases/Login as admin: Test Cases/Login as admin

2022-01-11 21:38:45 - [TEST_STEP][PASSED] - openBrowser(""): Browser is opened with url: ''

2022-01-11 21:38:45 - [MESSAGE][WARNING] - A browser is already opened. Closing browser and opening a new one

2022-01-11 21:38:45 - [MESSAGE][INFO] - Starting 'Edge Chromium' driver

2022-01-11 21:38:48 - [MESSAGE][INFO] - Action delay is set to 0 milliseconds

2022-01-11 21:38:49 - [MESSAGE][PASSED] - Browser is opened with url: ''

2022-01-11 21:38:49 - [TEST_STEP][PASSED] - navigateToUrl("http://localhost/"): Navigate to 'http://localhost/' successfully

2022-01-11 21:38:50 - [MESSAGE][PASSED] - Navigate to 'http://localhost/' successfully

2022-01-11 21:38:50 - [TEST_STEP][PASSED] - click(findTestObject("Object Repository/Page_My Moodle/a_Log in")): Object: 'Object Repository/Page_My Moodle/a_Log in' is clicked on

2022-01-11 21:38:51 - [MESSAGE][PASSED] - Object: 'Object Repository/Page_My Moodle/a_Log in' is clicked on

2022-01-11 21:38:51 - [TEST_STEP][PASSED] - setText(findTestObject("Object Repository/Page_My Moodle Log in to the site/input_Username_username"), "admin"): Text 'admin' is set on object 'Object Repository/Page_My Moodle Log in to the site/input_Username_username'

2022-01-11 21:38:51 - [MESSAGE][PASSED] - Text 'admin' is set on object 'Object Repository/Page_My Moodle Log in to the site/input_Username_username'

2022-01-11 21:38:51 - [TEST_STEP][PASSED] - setEncryptedText(findTestObject("Object Repository/Page_My Moodle Log in to the site/input_Password_password"), "7Dxoto1EjKfQbGop/Ov+1g=="): Text ****** has been set on object 'Object Repository/Page_My Moodle Log in to the site/input_Password_password'

2022-01-11 21:38:52 - [MESSAGE][PASSED] - Text ****** has been set on object 'Object Repository/Page_My Moodle Log in to the site/input_Password_password'

2022-01-11 21:38:52 - [TEST_STEP][PASSED] - click(findTestObject("Object Repository/Page_My Moodle Log in to the site/button_Log in")): Object: 'Object Repository/Page_My Moodle Log in to the site/button_Log in' is clicked on

2022-01-11 21:38:53 - [MESSAGE][PASSED] - Object: 'Object Repository/Page_My Moodle Log in to the site/button_Log in' is clicked on

2022-01-11 21:38:53 - [MESSAGE][PASSED] - Call Test Case 'Test Cases/Login as admin' successfully

2022-01-11 21:38:53 - [TEST_STEP][PASSED] - click(findTestObject("Object Repository/Page_Dashboard/a_Admin Team")): Object: 'Object Repository/Page_Dashboard/a_Admin Team' is clicked on

2022-01-11 21:38:54 - [MESSAGE][PASSED] - Object: 'Object Repository/Page_Dashboard/a_Admin Team' is clicked on

2022-01-11 21:38:54 - [TEST_STEP][PASSED] - click(findTestObject("Object Repository/Page_Dashboard/span_Preferences")): Object: 'Object Repository/Page_Dashboard/span_Preferences' is clicked on

2022-01-11 21:38:55 - [MESSAGE][PASSED] - Object: 'Object Repository/Page_Dashboard/span_Preferences' is clicked on

2022-01-11 21:38:55 - [TEST_STEP][PASSED] - navigateToUrl("http://localhost/user/preferences.php"): Navigate to 'http://localhost/user/preferences.php' successfully

2022-01-11 21:38:55 - [MESSAGE][PASSED] - Navigate to 'http://localhost/user/preferences.php' successfully

2022-01-11 21:38:55 - [TEST_STEP][PASSED] - click(findTestObject("Object Repository/Page_Preferences/a_Edit profile")): Object: 'Object Repository/Page_Preferences/a_Edit profile' is clicked on

2022-01-11 21:38:57 - [MESSAGE][PASSED] - Object: 'Object Repository/Page_Preferences/a_Edit profile' is clicked on

2022-01-11 21:38:57 - [TEST_STEP][PASSED] - setText(findTestObject("Object Repository/Page_Moodle Edit profile/input_Email address_email"), "moodle.testing.team@gmail.com"): Text 'moodle.testing.team@gmail.com' is set on object 'Object Repository/Page_Moodle Edit profile/input_Email address_email'

2022-01-11 21:38:58 - [MESSAGE][PASSED] - Text 'moodle.testing.team@gmail.com' is set on object 'Object Repository/Page_Moodle Edit profile/input_Email address_email'

2022-01-11 21:38:58 - [TEST_STEP][PASSED] - click(findTestObject("Object Repository/Page_Moodle Edit profile/input_Address_submitbutton")): Object: 'Object Repository/Page_Moodle Edit profile/input_Address_submitbutton' is clicked on

2022-01-11 21:38:59 - [MESSAGE][PASSED] - Object: 'Object Repository/Page_Moodle Edit profile/input_Address_submitbutton' is clicked on]]></system-out>
         <system-err><![CDATA[]]></system-err>
      </testcase>
      <testcase name="Test Cases/Admin upload user with csv" time="27.639" classname="Test Cases/Admin upload user with csv" status="PASSED">
         <system-out><![CDATA[2022-01-11 21:38:59 - [TEST_CASE][PASSED] - Test Cases/Admin upload user with csv: Test Cases/Admin upload user with csv

2022-01-11 21:38:59 - [TEST_STEP][PASSED] - callTestCase(findTestCase("Login as admin"), [:], STOP_ON_FAILURE): Call Test Case 'Test Cases/Login as admin' successfully

2022-01-11 21:38:59 - [TEST_CASE][PASSED] - Test Cases/Login as admin: Test Cases/Login as admin

2022-01-11 21:38:59 - [TEST_STEP][PASSED] - openBrowser(""): Browser is opened with url: ''

2022-01-11 21:38:59 - [MESSAGE][WARNING] - A browser is already opened. Closing browser and opening a new one

2022-01-11 21:39:00 - [MESSAGE][INFO] - Starting 'Edge Chromium' driver

2022-01-11 21:39:02 - [MESSAGE][INFO] - Action delay is set to 0 milliseconds

2022-01-11 21:39:04 - [MESSAGE][PASSED] - Browser is opened with url: ''

2022-01-11 21:39:04 - [TEST_STEP][PASSED] - navigateToUrl("http://localhost/"): Navigate to 'http://localhost/' successfully

2022-01-11 21:39:04 - [MESSAGE][PASSED] - Navigate to 'http://localhost/' successfully

2022-01-11 21:39:04 - [TEST_STEP][PASSED] - click(findTestObject("Object Repository/Page_My Moodle/a_Log in")): Object: 'Object Repository/Page_My Moodle/a_Log in' is clicked on

2022-01-11 21:39:05 - [MESSAGE][PASSED] - Object: 'Object Repository/Page_My Moodle/a_Log in' is clicked on

2022-01-11 21:39:05 - [TEST_STEP][PASSED] - setText(findTestObject("Object Repository/Page_My Moodle Log in to the site/input_Username_username"), "admin"): Text 'admin' is set on object 'Object Repository/Page_My Moodle Log in to the site/input_Username_username'

2022-01-11 21:39:06 - [MESSAGE][PASSED] - Text 'admin' is set on object 'Object Repository/Page_My Moodle Log in to the site/input_Username_username'

2022-01-11 21:39:06 - [TEST_STEP][PASSED] - setEncryptedText(findTestObject("Object Repository/Page_My Moodle Log in to the site/input_Password_password"), "7Dxoto1EjKfQbGop/Ov+1g=="): Text ****** has been set on object 'Object Repository/Page_My Moodle Log in to the site/input_Password_password'

2022-01-11 21:39:06 - [MESSAGE][PASSED] - Text ****** has been set on object 'Object Repository/Page_My Moodle Log in to the site/input_Password_password'

2022-01-11 21:39:06 - [TEST_STEP][PASSED] - click(findTestObject("Object Repository/Page_My Moodle Log in to the site/button_Log in")): Object: 'Object Repository/Page_My Moodle Log in to the site/button_Log in' is clicked on

2022-01-11 21:39:07 - [MESSAGE][PASSED] - Object: 'Object Repository/Page_My Moodle Log in to the site/button_Log in' is clicked on

2022-01-11 21:39:07 - [MESSAGE][PASSED] - Call Test Case 'Test Cases/Login as admin' successfully

2022-01-11 21:39:07 - [TEST_STEP][PASSED] - click(findTestObject("Object Repository/Page_Dashboard/span_Site administration")): Object: 'Object Repository/Page_Dashboard/span_Site administration' is clicked on

2022-01-11 21:39:09 - [MESSAGE][PASSED] - Object: 'Object Repository/Page_Dashboard/span_Site administration' is clicked on

2022-01-11 21:39:09 - [TEST_STEP][PASSED] - click(findTestObject("Object Repository/Page_MT Administration Search/a_Users")): Object: 'Object Repository/Page_MT Administration Search/a_Users' is clicked on

2022-01-11 21:39:10 - [MESSAGE][PASSED] - Object: 'Object Repository/Page_MT Administration Search/a_Users' is clicked on

2022-01-11 21:39:10 - [TEST_STEP][PASSED] - click(findTestObject("Object Repository/Page_MT Administration Search/a_Upload users")): Object: 'Object Repository/Page_MT Administration Search/a_Upload users' is clicked on

2022-01-11 21:39:11 - [MESSAGE][PASSED] - Object: 'Object Repository/Page_MT Administration Search/a_Upload users' is clicked on

2022-01-11 21:39:11 - [TEST_STEP][PASSED] - click(findTestObject("Page_Moodle Administration Users Accounts Upload users/input_File_userfilechoose")): Object: 'Object Repository/Page_Moodle Administration Users Accounts Upload users/input_File_userfilechoose' is clicked on

2022-01-11 21:39:12 - [MESSAGE][PASSED] - Object: 'Object Repository/Page_Moodle Administration Users Accounts Upload users/input_File_userfilechoose' is clicked on

2022-01-11 21:39:12 - [TEST_STEP][PASSED] - click(findTestObject("Page_Moodle Administration Users Accounts Upload users/a_csv")): Object: 'Object Repository/Page_Moodle Administration Users Accounts Upload users/a_csv' is clicked on

2022-01-11 21:39:12 - [MESSAGE][PASSED] - Object: 'Object Repository/Page_Moodle Administration Users Accounts Upload users/a_csv' is clicked on

2022-01-11 21:39:12 - [TEST_STEP][PASSED] - click(findTestObject("Page_Moodle Administration Users Accounts Upload users/usercorrect")): Object: 'Object Repository/Page_Moodle Administration Users Accounts Upload users/usercorrect' is clicked on

2022-01-11 21:39:13 - [MESSAGE][PASSED] - Object: 'Object Repository/Page_Moodle Administration Users Accounts Upload users/usercorrect' is clicked on

2022-01-11 21:39:13 - [TEST_STEP][PASSED] - click(findTestObject("Page_Moodle Administration Users Accounts Upload users/button_Select this file")): Object: 'Object Repository/Page_Moodle Administration Users Accounts Upload users/button_Select this file' is clicked on

2022-01-11 21:39:14 - [MESSAGE][PASSED] - Object: 'Object Repository/Page_Moodle Administration Users Accounts Upload users/button_Select this file' is clicked on

2022-01-11 21:39:14 - [TEST_STEP][PASSED] - click(findTestObject("Object Repository/Page_MT Administration Users Accounts Upload users/input_Preview rows_submitbutton")): Object: 'Object Repository/Page_MT Administration Users Accounts Upload users/input_Preview rows_submitbutton' is clicked on

2022-01-11 21:39:15 - [MESSAGE][PASSED] - Object: 'Object Repository/Page_MT Administration Users Accounts Upload users/input_Preview rows_submitbutton' is clicked on

2022-01-11 21:39:15 - [TEST_STEP][PASSED] - selectOptionByValue(findTestObject("Object Repository/Page_MT Administration Users Accounts Upload users/select_Field required in file            Cr_517de1"), "0", true): All options with value '0' are selected in object 'Object Repository/Page_MT Administration Users Accounts Upload users/select_Field required in file            Cr_517de1'  using regular expression

2022-01-11 21:39:16 - [MESSAGE][PASSED] - All options with value '0' are selected in object 'Object Repository/Page_MT Administration Users Accounts Upload users/select_Field required in file            Cr_517de1'  using regular expression

2022-01-11 21:39:16 - [TEST_STEP][PASSED] - selectOptionByValue(findTestObject("Object Repository/Page_MT Administration Users Accounts Upload users/select_Users having a weak password        _b6a197"), "0", true): All options with value '0' are selected in object 'Object Repository/Page_MT Administration Users Accounts Upload users/select_Users having a weak password        _b6a197'  using regular expression

2022-01-11 21:39:18 - [MESSAGE][PASSED] - All options with value '0' are selected in object 'Object Repository/Page_MT Administration Users Accounts Upload users/select_Users having a weak password        _b6a197'  using regular expression

2022-01-11 21:39:18 - [TEST_STEP][PASSED] - click(findTestObject("Object Repository/Page_MT Administration Users Accounts Upload users/input_Preview rows_submitbutton")): Object: 'Object Repository/Page_MT Administration Users Accounts Upload users/input_Preview rows_submitbutton' is clicked on

2022-01-11 21:39:19 - [MESSAGE][PASSED] - Object: 'Object Repository/Page_MT Administration Users Accounts Upload users/input_Preview rows_submitbutton' is clicked on

2022-01-11 21:39:19 - [TEST_STEP][PASSED] - click(findTestObject("Object Repository/Page_MT Administration Users Accounts Upload users/button_Continue")): Object: 'Object Repository/Page_MT Administration Users Accounts Upload users/button_Continue' is clicked on

2022-01-11 21:39:20 - [MESSAGE][PASSED] - Object: 'Object Repository/Page_MT Administration Users Accounts Upload users/button_Continue' is clicked on

2022-01-11 21:39:20 - [TEST_STEP][PASSED] - click(findTestObject("Object Repository/Page_MT Administration Users Accounts Upload users/a_Admin User")): Object: 'Object Repository/Page_MT Administration Users Accounts Upload users/a_Admin User' is clicked on

2022-01-11 21:39:21 - [MESSAGE][PASSED] - Object: 'Object Repository/Page_MT Administration Users Accounts Upload users/a_Admin User' is clicked on

2022-01-11 21:39:21 - [TEST_STEP][PASSED] - click(findTestObject("Object Repository/Page_MT Administration Users Accounts Upload users/span_Log out")): Object: 'Object Repository/Page_MT Administration Users Accounts Upload users/span_Log out' is clicked on

2022-01-11 21:39:22 - [MESSAGE][PASSED] - Object: 'Object Repository/Page_MT Administration Users Accounts Upload users/span_Log out' is clicked on

2022-01-11 21:39:22 - [TEST_STEP][PASSED] - click(findTestObject("Object Repository/Page_Moodle Testing/a_Log in")): Object: 'Object Repository/Page_Moodle Testing/a_Log in' is clicked on

2022-01-11 21:39:22 - [MESSAGE][PASSED] - Object: 'Object Repository/Page_Moodle Testing/a_Log in' is clicked on

2022-01-11 21:39:22 - [TEST_STEP][PASSED] - setText(findTestObject("Object Repository/Page_Moodle Testing Log in to the site/input_Username_username"), "student1"): Text 'student1' is set on object 'Object Repository/Page_Moodle Testing Log in to the site/input_Username_username'

2022-01-11 21:39:23 - [MESSAGE][PASSED] - Text 'student1' is set on object 'Object Repository/Page_Moodle Testing Log in to the site/input_Username_username'

2022-01-11 21:39:23 - [TEST_STEP][PASSED] - setEncryptedText(findTestObject("Object Repository/Page_Moodle Testing Log in to the site/input_Password_password"), "HeCM15nHKBI="): Text ****** has been set on object 'Object Repository/Page_Moodle Testing Log in to the site/input_Password_password'

2022-01-11 21:39:24 - [MESSAGE][PASSED] - Text ****** has been set on object 'Object Repository/Page_Moodle Testing Log in to the site/input_Password_password'

2022-01-11 21:39:24 - [TEST_STEP][PASSED] - click(findTestObject("Object Repository/Page_Moodle Testing Log in to the site/button_Log in")): Object: 'Object Repository/Page_Moodle Testing Log in to the site/button_Log in' is clicked on

2022-01-11 21:39:25 - [MESSAGE][PASSED] - Object: 'Object Repository/Page_Moodle Testing Log in to the site/button_Log in' is clicked on

2022-01-11 21:39:25 - [TEST_STEP][PASSED] - click(findTestObject("Object Repository/Page_Dashboard/i_MT_icon fa fa-bell fa-fw")): Object: 'Object Repository/Page_Dashboard/i_MT_icon fa fa-bell fa-fw' is clicked on

2022-01-11 21:39:26 - [MESSAGE][PASSED] - Object: 'Object Repository/Page_Dashboard/i_MT_icon fa fa-bell fa-fw' is clicked on

2022-01-11 21:39:26 - [TEST_STEP][PASSED] - closeBrowser(): Browser is closed

2022-01-11 21:39:27 - [MESSAGE][PASSED] - Browser is closed]]></system-out>
         <system-err><![CDATA[]]></system-err>
      </testcase>
      <testcase name="Test Cases/Admin upload user wrong with csv" time="16.3" classname="Test Cases/Admin upload user wrong with csv" status="PASSED">
         <system-out><![CDATA[2022-01-11 21:39:27 - [TEST_CASE][PASSED] - Test Cases/Admin upload user wrong with csv: Test Cases/Admin upload user wrong with csv

2022-01-11 21:39:27 - [TEST_STEP][PASSED] - callTestCase(findTestCase("Login as admin"), [:], STOP_ON_FAILURE): Call Test Case 'Test Cases/Login as admin' successfully

2022-01-11 21:39:27 - [TEST_CASE][PASSED] - Test Cases/Login as admin: Test Cases/Login as admin

2022-01-11 21:39:27 - [TEST_STEP][PASSED] - openBrowser(""): Browser is opened with url: ''

2022-01-11 21:39:27 - [MESSAGE][INFO] - Starting 'Edge Chromium' driver

2022-01-11 21:39:29 - [MESSAGE][INFO] - Action delay is set to 0 milliseconds

2022-01-11 21:39:30 - [MESSAGE][PASSED] - Browser is opened with url: ''

2022-01-11 21:39:30 - [TEST_STEP][PASSED] - navigateToUrl("http://localhost/"): Navigate to 'http://localhost/' successfully

2022-01-11 21:39:31 - [MESSAGE][PASSED] - Navigate to 'http://localhost/' successfully

2022-01-11 21:39:31 - [TEST_STEP][PASSED] - click(findTestObject("Object Repository/Page_My Moodle/a_Log in")): Object: 'Object Repository/Page_My Moodle/a_Log in' is clicked on

2022-01-11 21:39:32 - [MESSAGE][PASSED] - Object: 'Object Repository/Page_My Moodle/a_Log in' is clicked on

2022-01-11 21:39:32 - [TEST_STEP][PASSED] - setText(findTestObject("Object Repository/Page_My Moodle Log in to the site/input_Username_username"), "admin"): Text 'admin' is set on object 'Object Repository/Page_My Moodle Log in to the site/input_Username_username'

2022-01-11 21:39:33 - [MESSAGE][PASSED] - Text 'admin' is set on object 'Object Repository/Page_My Moodle Log in to the site/input_Username_username'

2022-01-11 21:39:33 - [TEST_STEP][PASSED] - setEncryptedText(findTestObject("Object Repository/Page_My Moodle Log in to the site/input_Password_password"), "7Dxoto1EjKfQbGop/Ov+1g=="): Text ****** has been set on object 'Object Repository/Page_My Moodle Log in to the site/input_Password_password'

2022-01-11 21:39:33 - [MESSAGE][PASSED] - Text ****** has been set on object 'Object Repository/Page_My Moodle Log in to the site/input_Password_password'

2022-01-11 21:39:33 - [TEST_STEP][PASSED] - click(findTestObject("Object Repository/Page_My Moodle Log in to the site/button_Log in")): Object: 'Object Repository/Page_My Moodle Log in to the site/button_Log in' is clicked on

2022-01-11 21:39:34 - [MESSAGE][PASSED] - Object: 'Object Repository/Page_My Moodle Log in to the site/button_Log in' is clicked on

2022-01-11 21:39:34 - [MESSAGE][PASSED] - Call Test Case 'Test Cases/Login as admin' successfully

2022-01-11 21:39:34 - [TEST_STEP][PASSED] - click(findTestObject("Object Repository/Page_Dashboard/span_Site administration")): Object: 'Object Repository/Page_Dashboard/span_Site administration' is clicked on

2022-01-11 21:39:36 - [MESSAGE][PASSED] - Object: 'Object Repository/Page_Dashboard/span_Site administration' is clicked on

2022-01-11 21:39:36 - [TEST_STEP][PASSED] - click(findTestObject("Object Repository/Page_MT Administration Search/a_Users")): Object: 'Object Repository/Page_MT Administration Search/a_Users' is clicked on

2022-01-11 21:39:37 - [MESSAGE][PASSED] - Object: 'Object Repository/Page_MT Administration Search/a_Users' is clicked on

2022-01-11 21:39:37 - [TEST_STEP][PASSED] - click(findTestObject("Object Repository/Page_MT Administration Search/a_Upload users")): Object: 'Object Repository/Page_MT Administration Search/a_Upload users' is clicked on

2022-01-11 21:39:38 - [MESSAGE][PASSED] - Object: 'Object Repository/Page_MT Administration Search/a_Upload users' is clicked on

2022-01-11 21:39:38 - [TEST_STEP][PASSED] - click(findTestObject("Page_Moodle Administration Users Accounts Upload users/input_File_userfilechoose")): Object: 'Object Repository/Page_Moodle Administration Users Accounts Upload users/input_File_userfilechoose' is clicked on

2022-01-11 21:39:39 - [MESSAGE][PASSED] - Object: 'Object Repository/Page_Moodle Administration Users Accounts Upload users/input_File_userfilechoose' is clicked on

2022-01-11 21:39:39 - [TEST_STEP][PASSED] - click(findTestObject("Object Repository/Page_MT Administration Users Accounts Upload users/span_csv")): Object: 'Object Repository/Page_MT Administration Users Accounts Upload users/span_csv' is clicked on

2022-01-11 21:39:39 - [MESSAGE][PASSED] - Object: 'Object Repository/Page_MT Administration Users Accounts Upload users/span_csv' is clicked on

2022-01-11 21:39:39 - [TEST_STEP][PASSED] - click(findTestObject("Page_Moodle Administration Users Accounts Upload users/userwrong")): Object: 'Object Repository/Page_Moodle Administration Users Accounts Upload users/userwrong' is clicked on

2022-01-11 21:39:40 - [MESSAGE][PASSED] - Object: 'Object Repository/Page_Moodle Administration Users Accounts Upload users/userwrong' is clicked on

2022-01-11 21:39:40 - [TEST_STEP][PASSED] - click(findTestObject("Object Repository/Page_MT Administration Users Accounts Upload users/button_Select this file")): Object: 'Object Repository/Page_MT Administration Users Accounts Upload users/button_Select this file' is clicked on

2022-01-11 21:39:40 - [MESSAGE][PASSED] - Object: 'Object Repository/Page_MT Administration Users Accounts Upload users/button_Select this file' is clicked on

2022-01-11 21:39:40 - [TEST_STEP][PASSED] - click(findTestObject("Object Repository/Page_MT Administration Users Accounts Upload users/input_Preview rows_submitbutton")): Object: 'Object Repository/Page_MT Administration Users Accounts Upload users/input_Preview rows_submitbutton' is clicked on

2022-01-11 21:39:42 - [MESSAGE][PASSED] - Object: 'Object Repository/Page_MT Administration Users Accounts Upload users/input_Preview rows_submitbutton' is clicked on

2022-01-11 21:39:42 - [TEST_STEP][PASSED] - verifyEqual(getText(findTestObject("Object Repository/Page_Error/p_An error occurred while loading the CSV file Invalid CSV file format - number of columns is not constant")).toString(), "An error occurred while loading the CSV file: Invalid CSV file format - number of columns is not constant!"): Actual object 'An error occurred while loading the CSV file: Invalid CSV file format - number of columns is not constant!' and expected object 'An error occurred while loading the CSV file: Invalid CSV file format - number of columns is not constant!' are equal

2022-01-11 21:39:42 - [MESSAGE][PASSED] - Text of object 'Object Repository/Page_Error/p_An error occurred while loading the CSV file Invalid CSV file format - number of columns is not constant' is: 'An error occurred while loading the CSV file: Invalid CSV file format - number of columns is not constant!'

2022-01-11 21:39:42 - [MESSAGE][PASSED] - Actual object 'An error occurred while loading the CSV file: Invalid CSV file format - number of columns is not constant!' and expected object 'An error occurred while loading the CSV file: Invalid CSV file format - number of columns is not constant!' are equal

2022-01-11 21:39:42 - [TEST_STEP][PASSED] - closeBrowser(): Browser is closed

2022-01-11 21:39:43 - [MESSAGE][PASSED] - Browser is closed]]></system-out>
         <system-err><![CDATA[]]></system-err>
      </testcase>
      <testcase name="Test Cases/Admin create user" time="25.842" classname="Test Cases/Admin create user" status="PASSED">
         <system-out><![CDATA[2022-01-11 21:39:43 - [TEST_CASE][PASSED] - Test Cases/Admin create user: Test Cases/Admin create user

2022-01-11 21:39:43 - [TEST_STEP][PASSED] - callTestCase(findTestCase("Login as admin"), [:], STOP_ON_FAILURE): Call Test Case 'Test Cases/Login as admin' successfully

2022-01-11 21:39:43 - [TEST_CASE][PASSED] - Test Cases/Login as admin: Test Cases/Login as admin

2022-01-11 21:39:43 - [TEST_STEP][PASSED] - openBrowser(""): Browser is opened with url: ''

2022-01-11 21:39:43 - [MESSAGE][INFO] - Starting 'Edge Chromium' driver

2022-01-11 21:39:45 - [MESSAGE][INFO] - Action delay is set to 0 milliseconds

2022-01-11 21:39:47 - [MESSAGE][PASSED] - Browser is opened with url: ''

2022-01-11 21:39:47 - [TEST_STEP][PASSED] - navigateToUrl("http://localhost/"): Navigate to 'http://localhost/' successfully

2022-01-11 21:39:47 - [MESSAGE][PASSED] - Navigate to 'http://localhost/' successfully

2022-01-11 21:39:47 - [TEST_STEP][PASSED] - click(findTestObject("Object Repository/Page_My Moodle/a_Log in")): Object: 'Object Repository/Page_My Moodle/a_Log in' is clicked on

2022-01-11 21:39:48 - [MESSAGE][PASSED] - Object: 'Object Repository/Page_My Moodle/a_Log in' is clicked on

2022-01-11 21:39:48 - [TEST_STEP][PASSED] - setText(findTestObject("Object Repository/Page_My Moodle Log in to the site/input_Username_username"), "admin"): Text 'admin' is set on object 'Object Repository/Page_My Moodle Log in to the site/input_Username_username'

2022-01-11 21:39:49 - [MESSAGE][PASSED] - Text 'admin' is set on object 'Object Repository/Page_My Moodle Log in to the site/input_Username_username'

2022-01-11 21:39:49 - [TEST_STEP][PASSED] - setEncryptedText(findTestObject("Object Repository/Page_My Moodle Log in to the site/input_Password_password"), "7Dxoto1EjKfQbGop/Ov+1g=="): Text ****** has been set on object 'Object Repository/Page_My Moodle Log in to the site/input_Password_password'

2022-01-11 21:39:49 - [MESSAGE][PASSED] - Text ****** has been set on object 'Object Repository/Page_My Moodle Log in to the site/input_Password_password'

2022-01-11 21:39:49 - [TEST_STEP][PASSED] - click(findTestObject("Object Repository/Page_My Moodle Log in to the site/button_Log in")): Object: 'Object Repository/Page_My Moodle Log in to the site/button_Log in' is clicked on

2022-01-11 21:39:50 - [MESSAGE][PASSED] - Object: 'Object Repository/Page_My Moodle Log in to the site/button_Log in' is clicked on

2022-01-11 21:39:50 - [MESSAGE][PASSED] - Call Test Case 'Test Cases/Login as admin' successfully

2022-01-11 21:39:50 - [TEST_STEP][PASSED] - click(findTestObject("Object Repository/Page_Dashboard/a_Site administration")): Object: 'Object Repository/Page_Dashboard/a_Site administration' is clicked on

2022-01-11 21:39:52 - [MESSAGE][PASSED] - Object: 'Object Repository/Page_Dashboard/a_Site administration' is clicked on

2022-01-11 21:39:52 - [TEST_STEP][PASSED] - navigateToUrl("http://localhost/admin/search.php"): Navigate to 'http://localhost/admin/search.php' successfully

2022-01-11 21:39:53 - [MESSAGE][PASSED] - Navigate to 'http://localhost/admin/search.php' successfully

2022-01-11 21:39:53 - [TEST_STEP][PASSED] - click(findTestObject("Object Repository/Page_Moodle Administration Search/a_Users")): Object: 'Object Repository/Page_Moodle Administration Search/a_Users' is clicked on

2022-01-11 21:39:53 - [MESSAGE][PASSED] - Object: 'Object Repository/Page_Moodle Administration Search/a_Users' is clicked on

2022-01-11 21:39:53 - [TEST_STEP][PASSED] - click(findTestObject("Object Repository/Page_Moodle Administration Search/a_Add a new user")): Object: 'Object Repository/Page_Moodle Administration Search/a_Add a new user' is clicked on

2022-01-11 21:39:55 - [MESSAGE][PASSED] - Object: 'Object Repository/Page_Moodle Administration Search/a_Add a new user' is clicked on

2022-01-11 21:39:55 - [TEST_STEP][PASSED] - setText(findTestObject("Object Repository/Page_Moodle Administration Users Accounts A_0fbd97/input_Username_username"), "trongle"): Text 'trongle' is set on object 'Object Repository/Page_Moodle Administration Users Accounts A_0fbd97/input_Username_username'

2022-01-11 21:39:56 - [MESSAGE][PASSED] - Text 'trongle' is set on object 'Object Repository/Page_Moodle Administration Users Accounts A_0fbd97/input_Username_username'

2022-01-11 21:39:56 - [TEST_STEP][PASSED] - click(findTestObject("Page_Moodle Administration Users Accounts Add a new user/a_Click to enter text")): Object: 'Object Repository/Page_Moodle Administration Users Accounts Add a new user/a_Click to enter text' is clicked on

2022-01-11 21:39:56 - [MESSAGE][PASSED] - Object: 'Object Repository/Page_Moodle Administration Users Accounts Add a new user/a_Click to enter text' is clicked on

2022-01-11 21:39:57 - [TEST_STEP][PASSED] - setEncryptedText(findTestObject("Object Repository/Page_Moodle Administration Users Accounts A_0fbd97/input_New password_newpassword"), "Ta6u/19GniC0jLl2J4N0KA=="): Text ****** has been set on object 'Object Repository/Page_Moodle Administration Users Accounts A_0fbd97/input_New password_newpassword'

2022-01-11 21:39:57 - [MESSAGE][PASSED] - Text ****** has been set on object 'Object Repository/Page_Moodle Administration Users Accounts A_0fbd97/input_New password_newpassword'

2022-01-11 21:39:57 - [TEST_STEP][PASSED] - setText(findTestObject("Object Repository/Page_Moodle Administration Users Accounts A_0fbd97/input_First name_firstname"), "Trong"): Text 'Trong' is set on object 'Object Repository/Page_Moodle Administration Users Accounts A_0fbd97/input_First name_firstname'

2022-01-11 21:39:58 - [MESSAGE][PASSED] - Text 'Trong' is set on object 'Object Repository/Page_Moodle Administration Users Accounts A_0fbd97/input_First name_firstname'

2022-01-11 21:39:58 - [TEST_STEP][PASSED] - setText(findTestObject("Object Repository/Page_Moodle Administration Users Accounts A_0fbd97/input_Surname_lastname"), "Le"): Text 'Le' is set on object 'Object Repository/Page_Moodle Administration Users Accounts A_0fbd97/input_Surname_lastname'

2022-01-11 21:39:59 - [MESSAGE][PASSED] - Text 'Le' is set on object 'Object Repository/Page_Moodle Administration Users Accounts A_0fbd97/input_Surname_lastname'

2022-01-11 21:39:59 - [TEST_STEP][PASSED] - setText(findTestObject("Object Repository/Page_Moodle Administration Users Accounts A_0fbd97/input_Email address_email"), "quoctrongle2001@gmail.com"): Text 'quoctrongle2001@gmail.com' is set on object 'Object Repository/Page_Moodle Administration Users Accounts A_0fbd97/input_Email address_email'

2022-01-11 21:40:00 - [MESSAGE][PASSED] - Text 'quoctrongle2001@gmail.com' is set on object 'Object Repository/Page_Moodle Administration Users Accounts A_0fbd97/input_Email address_email'

2022-01-11 21:40:00 - [TEST_STEP][PASSED] - click(findTestObject("Object Repository/Page_Moodle Administration Users Accounts A_0fbd97/input_Address_submitbutton")): Object: 'Object Repository/Page_Moodle Administration Users Accounts A_0fbd97/input_Address_submitbutton' is clicked on

2022-01-11 21:40:02 - [MESSAGE][PASSED] - Object: 'Object Repository/Page_Moodle Administration Users Accounts A_0fbd97/input_Address_submitbutton' is clicked on

2022-01-11 21:40:02 - [TEST_STEP][PASSED] - click(findTestObject("Object Repository/Page_Moodle Administration Users Accounts B_4543d8/div_Changes saved")): Object: 'Object Repository/Page_Moodle Administration Users Accounts B_4543d8/div_Changes saved' is clicked on

2022-01-11 21:40:03 - [MESSAGE][PASSED] - Object: 'Object Repository/Page_Moodle Administration Users Accounts B_4543d8/div_Changes saved' is clicked on

2022-01-11 21:40:03 - [TEST_STEP][PASSED] - click(findTestObject("Object Repository/Page_MT Administration Users Accounts Upload users/a_Admin User")): Object: 'Object Repository/Page_MT Administration Users Accounts Upload users/a_Admin User' is clicked on

2022-01-11 21:40:03 - [MESSAGE][PASSED] - Object: 'Object Repository/Page_MT Administration Users Accounts Upload users/a_Admin User' is clicked on

2022-01-11 21:40:03 - [TEST_STEP][PASSED] - click(findTestObject("Object Repository/Page_MT Administration Users Accounts Upload users/span_Log out")): Object: 'Object Repository/Page_MT Administration Users Accounts Upload users/span_Log out' is clicked on

2022-01-11 21:40:04 - [MESSAGE][PASSED] - Object: 'Object Repository/Page_MT Administration Users Accounts Upload users/span_Log out' is clicked on

2022-01-11 21:40:04 - [TEST_STEP][PASSED] - click(findTestObject("Object Repository/Page_Moodle Testing/a_Log in")): Object: 'Object Repository/Page_Moodle Testing/a_Log in' is clicked on

2022-01-11 21:40:05 - [MESSAGE][PASSED] - Object: 'Object Repository/Page_Moodle Testing/a_Log in' is clicked on

2022-01-11 21:40:05 - [TEST_STEP][PASSED] - setText(findTestObject("Object Repository/Page_Moodle Testing Log in to the site/input_Username_username"), "trongle"): Text 'trongle' is set on object 'Object Repository/Page_Moodle Testing Log in to the site/input_Username_username'

2022-01-11 21:40:05 - [MESSAGE][PASSED] - Text 'trongle' is set on object 'Object Repository/Page_Moodle Testing Log in to the site/input_Username_username'

2022-01-11 21:40:05 - [TEST_STEP][PASSED] - setEncryptedText(findTestObject("Object Repository/Page_Moodle Testing Log in to the site/input_Password_password"), "Ta6u/19GniC0jLl2J4N0KA=="): Text ****** has been set on object 'Object Repository/Page_Moodle Testing Log in to the site/input_Password_password'

2022-01-11 21:40:06 - [MESSAGE][PASSED] - Text ****** has been set on object 'Object Repository/Page_Moodle Testing Log in to the site/input_Password_password'

2022-01-11 21:40:06 - [TEST_STEP][PASSED] - click(findTestObject("Object Repository/Page_Moodle Testing Log in to the site/button_Log in")): Object: 'Object Repository/Page_Moodle Testing Log in to the site/button_Log in' is clicked on

2022-01-11 21:40:07 - [MESSAGE][PASSED] - Object: 'Object Repository/Page_Moodle Testing Log in to the site/button_Log in' is clicked on

2022-01-11 21:40:07 - [TEST_STEP][PASSED] - click(findTestObject("Object Repository/Page_Dashboard/i_MT_icon fa fa-bell fa-fw")): Object: 'Object Repository/Page_Dashboard/i_MT_icon fa fa-bell fa-fw' is clicked on

2022-01-11 21:40:09 - [MESSAGE][PASSED] - Object: 'Object Repository/Page_Dashboard/i_MT_icon fa fa-bell fa-fw' is clicked on]]></system-out>
         <system-err><![CDATA[]]></system-err>
      </testcase>
      <testcase name="Test Cases/Admin create user (already exist)" time="20.634" classname="Test Cases/Admin create user (already exist)" status="PASSED">
         <system-out><![CDATA[2022-01-11 21:40:09 - [TEST_CASE][PASSED] - Test Cases/Admin create user (already exist): Test Cases/Admin create user (already exist)

2022-01-11 21:40:09 - [TEST_STEP][PASSED] - callTestCase(findTestCase("Login as admin"), [:], STOP_ON_FAILURE): Call Test Case 'Test Cases/Login as admin' successfully

2022-01-11 21:40:09 - [TEST_CASE][PASSED] - Test Cases/Login as admin: Test Cases/Login as admin

2022-01-11 21:40:09 - [TEST_STEP][PASSED] - openBrowser(""): Browser is opened with url: ''

2022-01-11 21:40:09 - [MESSAGE][WARNING] - A browser is already opened. Closing browser and opening a new one

2022-01-11 21:40:10 - [MESSAGE][INFO] - Starting 'Edge Chromium' driver

2022-01-11 21:40:12 - [MESSAGE][INFO] - Action delay is set to 0 milliseconds

2022-01-11 21:40:14 - [MESSAGE][PASSED] - Browser is opened with url: ''

2022-01-11 21:40:14 - [TEST_STEP][PASSED] - navigateToUrl("http://localhost/"): Navigate to 'http://localhost/' successfully

2022-01-11 21:40:14 - [MESSAGE][PASSED] - Navigate to 'http://localhost/' successfully

2022-01-11 21:40:14 - [TEST_STEP][PASSED] - click(findTestObject("Object Repository/Page_My Moodle/a_Log in")): Object: 'Object Repository/Page_My Moodle/a_Log in' is clicked on

2022-01-11 21:40:15 - [MESSAGE][PASSED] - Object: 'Object Repository/Page_My Moodle/a_Log in' is clicked on

2022-01-11 21:40:15 - [TEST_STEP][PASSED] - setText(findTestObject("Object Repository/Page_My Moodle Log in to the site/input_Username_username"), "admin"): Text 'admin' is set on object 'Object Repository/Page_My Moodle Log in to the site/input_Username_username'

2022-01-11 21:40:16 - [MESSAGE][PASSED] - Text 'admin' is set on object 'Object Repository/Page_My Moodle Log in to the site/input_Username_username'

2022-01-11 21:40:16 - [TEST_STEP][PASSED] - setEncryptedText(findTestObject("Object Repository/Page_My Moodle Log in to the site/input_Password_password"), "7Dxoto1EjKfQbGop/Ov+1g=="): Text ****** has been set on object 'Object Repository/Page_My Moodle Log in to the site/input_Password_password'

2022-01-11 21:40:16 - [MESSAGE][PASSED] - Text ****** has been set on object 'Object Repository/Page_My Moodle Log in to the site/input_Password_password'

2022-01-11 21:40:16 - [TEST_STEP][PASSED] - click(findTestObject("Object Repository/Page_My Moodle Log in to the site/button_Log in")): Object: 'Object Repository/Page_My Moodle Log in to the site/button_Log in' is clicked on

2022-01-11 21:40:17 - [MESSAGE][PASSED] - Object: 'Object Repository/Page_My Moodle Log in to the site/button_Log in' is clicked on

2022-01-11 21:40:17 - [MESSAGE][PASSED] - Call Test Case 'Test Cases/Login as admin' successfully

2022-01-11 21:40:17 - [TEST_STEP][PASSED] - click(findTestObject("Object Repository/Page_Dashboard/span_Site administration")): Object: 'Object Repository/Page_Dashboard/span_Site administration' is clicked on

2022-01-11 21:40:19 - [MESSAGE][PASSED] - Object: 'Object Repository/Page_Dashboard/span_Site administration' is clicked on

2022-01-11 21:40:19 - [TEST_STEP][PASSED] - navigateToUrl("http://localhost/admin/search.php"): Navigate to 'http://localhost/admin/search.php' successfully

2022-01-11 21:40:19 - [MESSAGE][PASSED] - Navigate to 'http://localhost/admin/search.php' successfully

2022-01-11 21:40:19 - [TEST_STEP][PASSED] - click(findTestObject("Object Repository/Page_Moodle Administration Search/a_Users")): Object: 'Object Repository/Page_Moodle Administration Search/a_Users' is clicked on

2022-01-11 21:40:20 - [MESSAGE][PASSED] - Object: 'Object Repository/Page_Moodle Administration Search/a_Users' is clicked on

2022-01-11 21:40:20 - [TEST_STEP][PASSED] - click(findTestObject("Object Repository/Page_Moodle Administration Search/a_Add a new user")): Object: 'Object Repository/Page_Moodle Administration Search/a_Add a new user' is clicked on

2022-01-11 21:40:21 - [MESSAGE][PASSED] - Object: 'Object Repository/Page_Moodle Administration Search/a_Add a new user' is clicked on

2022-01-11 21:40:21 - [TEST_STEP][PASSED] - setText(findTestObject("Object Repository/Page_Moodle Administration Users Accounts A_0fbd97/input_Username_username"), "trongle"): Text 'trongle' is set on object 'Object Repository/Page_Moodle Administration Users Accounts A_0fbd97/input_Username_username'

2022-01-11 21:40:23 - [MESSAGE][PASSED] - Text 'trongle' is set on object 'Object Repository/Page_Moodle Administration Users Accounts A_0fbd97/input_Username_username'

2022-01-11 21:40:23 - [TEST_STEP][PASSED] - click(findTestObject("Object Repository/Page_Moodle Administration Users Accounts Add a new user/a_Click to enter text")): Object: 'Object Repository/Page_Moodle Administration Users Accounts Add a new user/a_Click to enter text' is clicked on

2022-01-11 21:40:23 - [MESSAGE][PASSED] - Object: 'Object Repository/Page_Moodle Administration Users Accounts Add a new user/a_Click to enter text' is clicked on

2022-01-11 21:40:23 - [TEST_STEP][PASSED] - setEncryptedText(findTestObject("Object Repository/Page_Moodle Administration Users Accounts A_0fbd97/input_New password_newpassword"), "Ta6u/19GniC0jLl2J4N0KA=="): Text ****** has been set on object 'Object Repository/Page_Moodle Administration Users Accounts A_0fbd97/input_New password_newpassword'

2022-01-11 21:40:24 - [MESSAGE][PASSED] - Text ****** has been set on object 'Object Repository/Page_Moodle Administration Users Accounts A_0fbd97/input_New password_newpassword'

2022-01-11 21:40:24 - [TEST_STEP][PASSED] - setText(findTestObject("Object Repository/Page_Moodle Administration Users Accounts A_0fbd97/input_First name_firstname"), "Trong"): Text 'Trong' is set on object 'Object Repository/Page_Moodle Administration Users Accounts A_0fbd97/input_First name_firstname'

2022-01-11 21:40:25 - [MESSAGE][PASSED] - Text 'Trong' is set on object 'Object Repository/Page_Moodle Administration Users Accounts A_0fbd97/input_First name_firstname'

2022-01-11 21:40:25 - [TEST_STEP][PASSED] - setText(findTestObject("Object Repository/Page_Moodle Administration Users Accounts A_0fbd97/input_Surname_lastname"), "Le"): Text 'Le' is set on object 'Object Repository/Page_Moodle Administration Users Accounts A_0fbd97/input_Surname_lastname'

2022-01-11 21:40:26 - [MESSAGE][PASSED] - Text 'Le' is set on object 'Object Repository/Page_Moodle Administration Users Accounts A_0fbd97/input_Surname_lastname'

2022-01-11 21:40:26 - [TEST_STEP][PASSED] - setText(findTestObject("Object Repository/Page_Moodle Administration Users Accounts A_0fbd97/input_Email address_email"), "quoctrongle2001@gmail.com"): Text 'quoctrongle2001@gmail.com' is set on object 'Object Repository/Page_Moodle Administration Users Accounts A_0fbd97/input_Email address_email'

2022-01-11 21:40:27 - [MESSAGE][PASSED] - Text 'quoctrongle2001@gmail.com' is set on object 'Object Repository/Page_Moodle Administration Users Accounts A_0fbd97/input_Email address_email'

2022-01-11 21:40:27 - [TEST_STEP][PASSED] - click(findTestObject("Object Repository/Page_Moodle Administration Users Accounts A_0fbd97/input_Address_submitbutton")): Object: 'Object Repository/Page_Moodle Administration Users Accounts A_0fbd97/input_Address_submitbutton' is clicked on

2022-01-11 21:40:28 - [MESSAGE][PASSED] - Object: 'Object Repository/Page_Moodle Administration Users Accounts A_0fbd97/input_Address_submitbutton' is clicked on

2022-01-11 21:40:28 - [TEST_STEP][PASSED] - click(findTestObject("Object Repository/Page_Moodle Administration Users Accounts A_0fbd97/div_This username already exists, choose another")): Object: 'Object Repository/Page_Moodle Administration Users Accounts A_0fbd97/div_This username already exists, choose another' is clicked on

2022-01-11 21:40:29 - [MESSAGE][PASSED] - Object: 'Object Repository/Page_Moodle Administration Users Accounts A_0fbd97/div_This username already exists, choose another' is clicked on]]></system-out>
         <system-err><![CDATA[]]></system-err>
      </testcase>
      <testcase name="Test Cases/Admin create user (invalid password)" time="20.576" classname="Test Cases/Admin create user (invalid password)" status="PASSED">
         <system-out><![CDATA[2022-01-11 21:40:29 - [TEST_CASE][PASSED] - Test Cases/Admin create user (invalid password): Test Cases/Admin create user (invalid password)

2022-01-11 21:40:30 - [TEST_STEP][PASSED] - callTestCase(findTestCase("Login as admin"), [:], STOP_ON_FAILURE): Call Test Case 'Test Cases/Login as admin' successfully

2022-01-11 21:40:30 - [TEST_CASE][PASSED] - Test Cases/Login as admin: Test Cases/Login as admin

2022-01-11 21:40:30 - [TEST_STEP][PASSED] - openBrowser(""): Browser is opened with url: ''

2022-01-11 21:40:30 - [MESSAGE][WARNING] - A browser is already opened. Closing browser and opening a new one

2022-01-11 21:40:31 - [MESSAGE][INFO] - Starting 'Edge Chromium' driver

2022-01-11 21:40:33 - [MESSAGE][INFO] - Action delay is set to 0 milliseconds

2022-01-11 21:40:34 - [MESSAGE][PASSED] - Browser is opened with url: ''

2022-01-11 21:40:34 - [TEST_STEP][PASSED] - navigateToUrl("http://localhost/"): Navigate to 'http://localhost/' successfully

2022-01-11 21:40:35 - [MESSAGE][PASSED] - Navigate to 'http://localhost/' successfully

2022-01-11 21:40:35 - [TEST_STEP][PASSED] - click(findTestObject("Object Repository/Page_My Moodle/a_Log in")): Object: 'Object Repository/Page_My Moodle/a_Log in' is clicked on

2022-01-11 21:40:35 - [MESSAGE][PASSED] - Object: 'Object Repository/Page_My Moodle/a_Log in' is clicked on

2022-01-11 21:40:35 - [TEST_STEP][PASSED] - setText(findTestObject("Object Repository/Page_My Moodle Log in to the site/input_Username_username"), "admin"): Text 'admin' is set on object 'Object Repository/Page_My Moodle Log in to the site/input_Username_username'

2022-01-11 21:40:36 - [MESSAGE][PASSED] - Text 'admin' is set on object 'Object Repository/Page_My Moodle Log in to the site/input_Username_username'

2022-01-11 21:40:36 - [TEST_STEP][PASSED] - setEncryptedText(findTestObject("Object Repository/Page_My Moodle Log in to the site/input_Password_password"), "7Dxoto1EjKfQbGop/Ov+1g=="): Text ****** has been set on object 'Object Repository/Page_My Moodle Log in to the site/input_Password_password'

2022-01-11 21:40:37 - [MESSAGE][PASSED] - Text ****** has been set on object 'Object Repository/Page_My Moodle Log in to the site/input_Password_password'

2022-01-11 21:40:37 - [TEST_STEP][PASSED] - click(findTestObject("Object Repository/Page_My Moodle Log in to the site/button_Log in")): Object: 'Object Repository/Page_My Moodle Log in to the site/button_Log in' is clicked on

2022-01-11 21:40:38 - [MESSAGE][PASSED] - Object: 'Object Repository/Page_My Moodle Log in to the site/button_Log in' is clicked on

2022-01-11 21:40:38 - [MESSAGE][PASSED] - Call Test Case 'Test Cases/Login as admin' successfully

2022-01-11 21:40:38 - [TEST_STEP][PASSED] - click(findTestObject("Object Repository/Page_Dashboard/span_Site administration")): Object: 'Object Repository/Page_Dashboard/span_Site administration' is clicked on

2022-01-11 21:40:40 - [MESSAGE][PASSED] - Object: 'Object Repository/Page_Dashboard/span_Site administration' is clicked on

2022-01-11 21:40:40 - [TEST_STEP][PASSED] - navigateToUrl("http://localhost/admin/search.php"): Navigate to 'http://localhost/admin/search.php' successfully

2022-01-11 21:40:40 - [MESSAGE][PASSED] - Navigate to 'http://localhost/admin/search.php' successfully

2022-01-11 21:40:40 - [TEST_STEP][PASSED] - click(findTestObject("Object Repository/Page_Moodle Administration Search/a_Users")): Object: 'Object Repository/Page_Moodle Administration Search/a_Users' is clicked on

2022-01-11 21:40:41 - [MESSAGE][PASSED] - Object: 'Object Repository/Page_Moodle Administration Search/a_Users' is clicked on

2022-01-11 21:40:41 - [TEST_STEP][PASSED] - click(findTestObject("Object Repository/Page_Moodle Administration Search/a_Add a new user")): Object: 'Object Repository/Page_Moodle Administration Search/a_Add a new user' is clicked on

2022-01-11 21:40:42 - [MESSAGE][PASSED] - Object: 'Object Repository/Page_Moodle Administration Search/a_Add a new user' is clicked on

2022-01-11 21:40:42 - [TEST_STEP][PASSED] - setText(findTestObject("Object Repository/Page_Moodle Administration Users Accounts A_0fbd97/input_Username_username"), "trongle"): Text 'trongle' is set on object 'Object Repository/Page_Moodle Administration Users Accounts A_0fbd97/input_Username_username'

2022-01-11 21:40:43 - [MESSAGE][PASSED] - Text 'trongle' is set on object 'Object Repository/Page_Moodle Administration Users Accounts A_0fbd97/input_Username_username'

2022-01-11 21:40:43 - [TEST_STEP][PASSED] - click(findTestObject("Page_Moodle Administration Users Accounts Add a new user/a_Click to enter text")): Object: 'Object Repository/Page_Moodle Administration Users Accounts Add a new user/a_Click to enter text' is clicked on

2022-01-11 21:40:44 - [MESSAGE][PASSED] - Object: 'Object Repository/Page_Moodle Administration Users Accounts Add a new user/a_Click to enter text' is clicked on

2022-01-11 21:40:44 - [TEST_STEP][PASSED] - setEncryptedText(findTestObject("Object Repository/Page_Moodle Administration Users Accounts A_0fbd97/input_New password_newpassword"), "CsLZwaoQGhsWdKVDaGOwGg=="): Text ****** has been set on object 'Object Repository/Page_Moodle Administration Users Accounts A_0fbd97/input_New password_newpassword'

2022-01-11 21:40:44 - [MESSAGE][PASSED] - Text ****** has been set on object 'Object Repository/Page_Moodle Administration Users Accounts A_0fbd97/input_New password_newpassword'

2022-01-11 21:40:44 - [TEST_STEP][PASSED] - setText(findTestObject("Object Repository/Page_Moodle Administration Users Accounts A_0fbd97/input_First name_firstname"), "Trong"): Text 'Trong' is set on object 'Object Repository/Page_Moodle Administration Users Accounts A_0fbd97/input_First name_firstname'

2022-01-11 21:40:45 - [MESSAGE][PASSED] - Text 'Trong' is set on object 'Object Repository/Page_Moodle Administration Users Accounts A_0fbd97/input_First name_firstname'

2022-01-11 21:40:45 - [TEST_STEP][PASSED] - setText(findTestObject("Object Repository/Page_Moodle Administration Users Accounts A_0fbd97/input_Surname_lastname"), "Le"): Text 'Le' is set on object 'Object Repository/Page_Moodle Administration Users Accounts A_0fbd97/input_Surname_lastname'

2022-01-11 21:40:46 - [MESSAGE][PASSED] - Text 'Le' is set on object 'Object Repository/Page_Moodle Administration Users Accounts A_0fbd97/input_Surname_lastname'

2022-01-11 21:40:46 - [TEST_STEP][PASSED] - setText(findTestObject("Object Repository/Page_Moodle Administration Users Accounts A_0fbd97/input_Email address_email"), "quoctrongle2001@gmail.com"): Text 'quoctrongle2001@gmail.com' is set on object 'Object Repository/Page_Moodle Administration Users Accounts A_0fbd97/input_Email address_email'

2022-01-11 21:40:47 - [MESSAGE][PASSED] - Text 'quoctrongle2001@gmail.com' is set on object 'Object Repository/Page_Moodle Administration Users Accounts A_0fbd97/input_Email address_email'

2022-01-11 21:40:47 - [TEST_STEP][PASSED] - click(findTestObject("Object Repository/Page_Moodle Administration Users Accounts A_0fbd97/input_Address_submitbutton")): Object: 'Object Repository/Page_Moodle Administration Users Accounts A_0fbd97/input_Address_submitbutton' is clicked on

2022-01-11 21:40:49 - [MESSAGE][PASSED] - Object: 'Object Repository/Page_Moodle Administration Users Accounts A_0fbd97/input_Address_submitbutton' is clicked on

2022-01-11 21:40:49 - [TEST_STEP][PASSED] - click(findTestObject("Object Repository/Page_Moodle Administration Users Accounts A_0fbd97/div_Passwords must have at least 1 upper ca_8e926f")): Object: 'Object Repository/Page_Moodle Administration Users Accounts A_0fbd97/div_Passwords must have at least 1 upper ca_8e926f' is clicked on

2022-01-11 21:40:50 - [MESSAGE][PASSED] - Object: 'Object Repository/Page_Moodle Administration Users Accounts A_0fbd97/div_Passwords must have at least 1 upper ca_8e926f' is clicked on]]></system-out>
         <system-err><![CDATA[]]></system-err>
      </testcase>
      <testcase name="Test Cases/Admin create user (without special character)" time="20.767" classname="Test Cases/Admin create user (without special character)" status="PASSED">
         <system-out><![CDATA[2022-01-11 21:40:50 - [TEST_CASE][PASSED] - Test Cases/Admin create user (without special character): Test Cases/Admin create user (without special character)

2022-01-11 21:40:50 - [TEST_STEP][PASSED] - callTestCase(findTestCase("Login as admin"), [:], STOP_ON_FAILURE): Call Test Case 'Test Cases/Login as admin' successfully

2022-01-11 21:40:50 - [TEST_CASE][PASSED] - Test Cases/Login as admin: Test Cases/Login as admin

2022-01-11 21:40:50 - [TEST_STEP][PASSED] - openBrowser(""): Browser is opened with url: ''

2022-01-11 21:40:50 - [MESSAGE][WARNING] - A browser is already opened. Closing browser and opening a new one

2022-01-11 21:40:51 - [MESSAGE][INFO] - Starting 'Edge Chromium' driver

2022-01-11 21:40:53 - [MESSAGE][INFO] - Action delay is set to 0 milliseconds

2022-01-11 21:40:54 - [MESSAGE][PASSED] - Browser is opened with url: ''

2022-01-11 21:40:54 - [TEST_STEP][PASSED] - navigateToUrl("http://localhost/"): Navigate to 'http://localhost/' successfully

2022-01-11 21:40:55 - [MESSAGE][PASSED] - Navigate to 'http://localhost/' successfully

2022-01-11 21:40:55 - [TEST_STEP][PASSED] - click(findTestObject("Object Repository/Page_My Moodle/a_Log in")): Object: 'Object Repository/Page_My Moodle/a_Log in' is clicked on

2022-01-11 21:40:55 - [MESSAGE][PASSED] - Object: 'Object Repository/Page_My Moodle/a_Log in' is clicked on

2022-01-11 21:40:55 - [TEST_STEP][PASSED] - setText(findTestObject("Object Repository/Page_My Moodle Log in to the site/input_Username_username"), "admin"): Text 'admin' is set on object 'Object Repository/Page_My Moodle Log in to the site/input_Username_username'

2022-01-11 21:40:56 - [MESSAGE][PASSED] - Text 'admin' is set on object 'Object Repository/Page_My Moodle Log in to the site/input_Username_username'

2022-01-11 21:40:56 - [TEST_STEP][PASSED] - setEncryptedText(findTestObject("Object Repository/Page_My Moodle Log in to the site/input_Password_password"), "7Dxoto1EjKfQbGop/Ov+1g=="): Text ****** has been set on object 'Object Repository/Page_My Moodle Log in to the site/input_Password_password'

2022-01-11 21:40:57 - [MESSAGE][PASSED] - Text ****** has been set on object 'Object Repository/Page_My Moodle Log in to the site/input_Password_password'

2022-01-11 21:40:57 - [TEST_STEP][PASSED] - click(findTestObject("Object Repository/Page_My Moodle Log in to the site/button_Log in")): Object: 'Object Repository/Page_My Moodle Log in to the site/button_Log in' is clicked on

2022-01-11 21:40:58 - [MESSAGE][PASSED] - Object: 'Object Repository/Page_My Moodle Log in to the site/button_Log in' is clicked on

2022-01-11 21:40:58 - [MESSAGE][PASSED] - Call Test Case 'Test Cases/Login as admin' successfully

2022-01-11 21:40:58 - [TEST_STEP][PASSED] - click(findTestObject("Object Repository/Page_Dashboard/span_Site administration")): Object: 'Object Repository/Page_Dashboard/span_Site administration' is clicked on

2022-01-11 21:41:00 - [MESSAGE][PASSED] - Object: 'Object Repository/Page_Dashboard/span_Site administration' is clicked on

2022-01-11 21:41:00 - [TEST_STEP][PASSED] - navigateToUrl("http://localhost/admin/search.php"): Navigate to 'http://localhost/admin/search.php' successfully

2022-01-11 21:41:01 - [MESSAGE][PASSED] - Navigate to 'http://localhost/admin/search.php' successfully

2022-01-11 21:41:01 - [TEST_STEP][PASSED] - click(findTestObject("Object Repository/Page_Moodle Administration Search/a_Users")): Object: 'Object Repository/Page_Moodle Administration Search/a_Users' is clicked on

2022-01-11 21:41:01 - [MESSAGE][PASSED] - Object: 'Object Repository/Page_Moodle Administration Search/a_Users' is clicked on

2022-01-11 21:41:01 - [TEST_STEP][PASSED] - click(findTestObject("Object Repository/Page_Moodle Administration Search/a_Add a new user")): Object: 'Object Repository/Page_Moodle Administration Search/a_Add a new user' is clicked on

2022-01-11 21:41:03 - [MESSAGE][PASSED] - Object: 'Object Repository/Page_Moodle Administration Search/a_Add a new user' is clicked on

2022-01-11 21:41:03 - [TEST_STEP][PASSED] - setText(findTestObject("Object Repository/Page_Moodle Administration Users Accounts A_0fbd97/input_Username_username"), "trongle"): Text 'trongle' is set on object 'Object Repository/Page_Moodle Administration Users Accounts A_0fbd97/input_Username_username'

2022-01-11 21:41:04 - [MESSAGE][PASSED] - Text 'trongle' is set on object 'Object Repository/Page_Moodle Administration Users Accounts A_0fbd97/input_Username_username'

2022-01-11 21:41:04 - [TEST_STEP][PASSED] - click(findTestObject("Page_Moodle Administration Users Accounts Add a new user/a_Click to enter text")): Object: 'Object Repository/Page_Moodle Administration Users Accounts Add a new user/a_Click to enter text' is clicked on

2022-01-11 21:41:05 - [MESSAGE][PASSED] - Object: 'Object Repository/Page_Moodle Administration Users Accounts Add a new user/a_Click to enter text' is clicked on

2022-01-11 21:41:05 - [TEST_STEP][PASSED] - setEncryptedText(findTestObject("Object Repository/Page_Moodle Administration Users Accounts A_0fbd97/input_New password_newpassword"), "mCo/tqFMQKuexH2GqaxtIQ=="): Text ****** has been set on object 'Object Repository/Page_Moodle Administration Users Accounts A_0fbd97/input_New password_newpassword'

2022-01-11 21:41:05 - [MESSAGE][PASSED] - Text ****** has been set on object 'Object Repository/Page_Moodle Administration Users Accounts A_0fbd97/input_New password_newpassword'

2022-01-11 21:41:05 - [TEST_STEP][PASSED] - setText(findTestObject("Object Repository/Page_Moodle Administration Users Accounts A_0fbd97/input_First name_firstname"), "Trong"): Text 'Trong' is set on object 'Object Repository/Page_Moodle Administration Users Accounts A_0fbd97/input_First name_firstname'

2022-01-11 21:41:06 - [MESSAGE][PASSED] - Text 'Trong' is set on object 'Object Repository/Page_Moodle Administration Users Accounts A_0fbd97/input_First name_firstname'

2022-01-11 21:41:06 - [TEST_STEP][PASSED] - setText(findTestObject("Object Repository/Page_Moodle Administration Users Accounts A_0fbd97/input_Surname_lastname"), "Le"): Text 'Le' is set on object 'Object Repository/Page_Moodle Administration Users Accounts A_0fbd97/input_Surname_lastname'

2022-01-11 21:41:07 - [MESSAGE][PASSED] - Text 'Le' is set on object 'Object Repository/Page_Moodle Administration Users Accounts A_0fbd97/input_Surname_lastname'

2022-01-11 21:41:07 - [TEST_STEP][PASSED] - setText(findTestObject("Object Repository/Page_Moodle Administration Users Accounts A_0fbd97/input_Email address_email"), "quoctrongle2001@gmail.com"): Text 'quoctrongle2001@gmail.com' is set on object 'Object Repository/Page_Moodle Administration Users Accounts A_0fbd97/input_Email address_email'

2022-01-11 21:41:08 - [MESSAGE][PASSED] - Text 'quoctrongle2001@gmail.com' is set on object 'Object Repository/Page_Moodle Administration Users Accounts A_0fbd97/input_Email address_email'

2022-01-11 21:41:08 - [TEST_STEP][PASSED] - click(findTestObject("Object Repository/Page_Moodle Administration Users Accounts A_0fbd97/input_Address_submitbutton")): Object: 'Object Repository/Page_Moodle Administration Users Accounts A_0fbd97/input_Address_submitbutton' is clicked on

2022-01-11 21:41:10 - [MESSAGE][PASSED] - Object: 'Object Repository/Page_Moodle Administration Users Accounts A_0fbd97/input_Address_submitbutton' is clicked on

2022-01-11 21:41:10 - [TEST_STEP][PASSED] - click(findTestObject("Object Repository/Page_Moodle Administration Users Accounts A_0fbd97/div_The password must have at least 1 speci_80717b")): Object: 'Object Repository/Page_Moodle Administration Users Accounts A_0fbd97/div_The password must have at least 1 speci_80717b' is clicked on

2022-01-11 21:41:11 - [MESSAGE][PASSED] - Object: 'Object Repository/Page_Moodle Administration Users Accounts A_0fbd97/div_The password must have at least 1 speci_80717b' is clicked on]]></system-out>
         <system-err><![CDATA[]]></system-err>
      </testcase>
      <testcase name="Test Cases/Assgin system role" time="22.114" classname="Test Cases/Assgin system role" status="PASSED">
         <system-out><![CDATA[2022-01-11 21:41:11 - [TEST_CASE][PASSED] - Test Cases/Assgin system role: Test Cases/Assgin system role

2022-01-11 21:41:11 - [TEST_STEP][PASSED] - callTestCase(findTestCase("Login as admin"), [:], STOP_ON_FAILURE): Call Test Case 'Test Cases/Login as admin' successfully

2022-01-11 21:41:11 - [TEST_CASE][PASSED] - Test Cases/Login as admin: Test Cases/Login as admin

2022-01-11 21:41:11 - [TEST_STEP][PASSED] - openBrowser(""): Browser is opened with url: ''

2022-01-11 21:41:11 - [MESSAGE][WARNING] - A browser is already opened. Closing browser and opening a new one

2022-01-11 21:41:12 - [MESSAGE][INFO] - Starting 'Edge Chromium' driver

2022-01-11 21:41:14 - [MESSAGE][INFO] - Action delay is set to 0 milliseconds

2022-01-11 21:41:16 - [MESSAGE][PASSED] - Browser is opened with url: ''

2022-01-11 21:41:16 - [TEST_STEP][PASSED] - navigateToUrl("http://localhost/"): Navigate to 'http://localhost/' successfully

2022-01-11 21:41:16 - [MESSAGE][PASSED] - Navigate to 'http://localhost/' successfully

2022-01-11 21:41:16 - [TEST_STEP][PASSED] - click(findTestObject("Object Repository/Page_My Moodle/a_Log in")): Object: 'Object Repository/Page_My Moodle/a_Log in' is clicked on

2022-01-11 21:41:17 - [MESSAGE][PASSED] - Object: 'Object Repository/Page_My Moodle/a_Log in' is clicked on

2022-01-11 21:41:17 - [TEST_STEP][PASSED] - setText(findTestObject("Object Repository/Page_My Moodle Log in to the site/input_Username_username"), "admin"): Text 'admin' is set on object 'Object Repository/Page_My Moodle Log in to the site/input_Username_username'

2022-01-11 21:41:18 - [MESSAGE][PASSED] - Text 'admin' is set on object 'Object Repository/Page_My Moodle Log in to the site/input_Username_username'

2022-01-11 21:41:18 - [TEST_STEP][PASSED] - setEncryptedText(findTestObject("Object Repository/Page_My Moodle Log in to the site/input_Password_password"), "7Dxoto1EjKfQbGop/Ov+1g=="): Text ****** has been set on object 'Object Repository/Page_My Moodle Log in to the site/input_Password_password'

2022-01-11 21:41:18 - [MESSAGE][PASSED] - Text ****** has been set on object 'Object Repository/Page_My Moodle Log in to the site/input_Password_password'

2022-01-11 21:41:18 - [TEST_STEP][PASSED] - click(findTestObject("Object Repository/Page_My Moodle Log in to the site/button_Log in")): Object: 'Object Repository/Page_My Moodle Log in to the site/button_Log in' is clicked on

2022-01-11 21:41:19 - [MESSAGE][PASSED] - Object: 'Object Repository/Page_My Moodle Log in to the site/button_Log in' is clicked on

2022-01-11 21:41:19 - [MESSAGE][PASSED] - Call Test Case 'Test Cases/Login as admin' successfully

2022-01-11 21:41:19 - [TEST_STEP][PASSED] - click(findTestObject("Object Repository/Page_Dashboard/span_Site administration")): Object: 'Object Repository/Page_Dashboard/span_Site administration' is clicked on

2022-01-11 21:41:22 - [MESSAGE][PASSED] - Object: 'Object Repository/Page_Dashboard/span_Site administration' is clicked on

2022-01-11 21:41:22 - [TEST_STEP][PASSED] - navigateToUrl("http://localhost/admin/search.php"): Navigate to 'http://localhost/admin/search.php' successfully

2022-01-11 21:41:22 - [MESSAGE][PASSED] - Navigate to 'http://localhost/admin/search.php' successfully

2022-01-11 21:41:22 - [TEST_STEP][PASSED] - click(findTestObject("Object Repository/Page_Moodle Administration Search/a_Users")): Object: 'Object Repository/Page_Moodle Administration Search/a_Users' is clicked on

2022-01-11 21:41:23 - [MESSAGE][PASSED] - Object: 'Object Repository/Page_Moodle Administration Search/a_Users' is clicked on

2022-01-11 21:41:23 - [TEST_STEP][PASSED] - click(findTestObject("Object Repository/Page_Moodle Administration Search/a_Assign system roles")): Object: 'Object Repository/Page_Moodle Administration Search/a_Assign system roles' is clicked on

2022-01-11 21:41:24 - [MESSAGE][PASSED] - Object: 'Object Repository/Page_Moodle Administration Search/a_Assign system roles' is clicked on

2022-01-11 21:41:24 - [TEST_STEP][PASSED] - click(findTestObject("Object Repository/Page_Moodle Administration Users Permission_6fdc16/a_Manager")): Object: 'Object Repository/Page_Moodle Administration Users Permission_6fdc16/a_Manager' is clicked on

2022-01-11 21:41:25 - [MESSAGE][PASSED] - Object: 'Object Repository/Page_Moodle Administration Users Permission_6fdc16/a_Manager' is clicked on

2022-01-11 21:41:25 - [TEST_STEP][PASSED] - selectOptionByValue(findTestObject("Object Repository/Page_Moodle Administration Users Permission_6fdc16/select_V Duy (vhbaoduy0808gmail.com)    Adm_1c62ef"), "2", true): All options with value '2' are selected in object 'Object Repository/Page_Moodle Administration Users Permission_6fdc16/select_V Duy (vhbaoduy0808gmail.com)    Adm_1c62ef'  using regular expression

2022-01-11 21:41:26 - [MESSAGE][PASSED] - All options with value '2' are selected in object 'Object Repository/Page_Moodle Administration Users Permission_6fdc16/select_V Duy (vhbaoduy0808gmail.com)    Adm_1c62ef'  using regular expression

2022-01-11 21:41:26 - [TEST_STEP][PASSED] - click(findTestObject("Object Repository/Page_Moodle Administration Users Permission_6fdc16/input_Match the search text anywhere in the_89f7b5")): Object: 'Object Repository/Page_Moodle Administration Users Permission_6fdc16/input_Match the search text anywhere in the_89f7b5' is clicked on

2022-01-11 21:41:27 - [MESSAGE][PASSED] - Object: 'Object Repository/Page_Moodle Administration Users Permission_6fdc16/input_Match the search text anywhere in the_89f7b5' is clicked on

2022-01-11 21:41:27 - [TEST_STEP][PASSED] - click(findTestObject("Object Repository/Page_Moodle Administration Users Permission_6fdc16/a_Site administration")): Object: 'Object Repository/Page_Moodle Administration Users Permission_6fdc16/a_Site administration' is clicked on

2022-01-11 21:41:28 - [MESSAGE][PASSED] - Object: 'Object Repository/Page_Moodle Administration Users Permission_6fdc16/a_Site administration' is clicked on

2022-01-11 21:41:28 - [TEST_STEP][PASSED] - click(findTestObject("Object Repository/Page_Moodle Administration Search/a_Users")): Object: 'Object Repository/Page_Moodle Administration Search/a_Users' is clicked on

2022-01-11 21:41:29 - [MESSAGE][PASSED] - Object: 'Object Repository/Page_Moodle Administration Search/a_Users' is clicked on

2022-01-11 21:41:29 - [TEST_STEP][PASSED] - click(findTestObject("Object Repository/Page_Moodle Administration Search/a_Assign system roles")): Object: 'Object Repository/Page_Moodle Administration Search/a_Assign system roles' is clicked on

2022-01-11 21:41:29 - [MESSAGE][PASSED] - Object: 'Object Repository/Page_Moodle Administration Search/a_Assign system roles' is clicked on

2022-01-11 21:41:29 - [TEST_STEP][PASSED] - click(findTestObject("Object Repository/Page_Moodle Administration Users Permission_6fdc16/a_Course creator")): Object: 'Object Repository/Page_Moodle Administration Users Permission_6fdc16/a_Course creator' is clicked on

2022-01-11 21:41:30 - [MESSAGE][PASSED] - Object: 'Object Repository/Page_Moodle Administration Users Permission_6fdc16/a_Course creator' is clicked on

2022-01-11 21:41:30 - [TEST_STEP][PASSED] - selectOptionByValue(findTestObject("Object Repository/Page_Moodle Administration Users Permission_6fdc16/select_V Duy (vhbaoduy0808gmail.com)    Adm_1c62ef"), "2", true): All options with value '2' are selected in object 'Object Repository/Page_Moodle Administration Users Permission_6fdc16/select_V Duy (vhbaoduy0808gmail.com)    Adm_1c62ef'  using regular expression

2022-01-11 21:41:32 - [MESSAGE][PASSED] - All options with value '2' are selected in object 'Object Repository/Page_Moodle Administration Users Permission_6fdc16/select_V Duy (vhbaoduy0808gmail.com)    Adm_1c62ef'  using regular expression

2022-01-11 21:41:32 - [TEST_STEP][PASSED] - click(findTestObject("Object Repository/Page_Moodle Administration Users Permission_6fdc16/input_Match the search text anywhere in the_89f7b5")): Object: 'Object Repository/Page_Moodle Administration Users Permission_6fdc16/input_Match the search text anywhere in the_89f7b5' is clicked on

2022-01-11 21:41:33 - [MESSAGE][PASSED] - Object: 'Object Repository/Page_Moodle Administration Users Permission_6fdc16/input_Match the search text anywhere in the_89f7b5' is clicked on]]></system-out>
         <system-err><![CDATA[]]></system-err>
      </testcase>
      <testcase name="Test Cases/Admin assign system adminstators" time="23.138" classname="Test Cases/Admin assign system adminstators" status="PASSED">
         <system-out><![CDATA[2022-01-11 21:41:33 - [TEST_CASE][PASSED] - Test Cases/Admin assign system adminstators: Test Cases/Admin assign system adminstators

2022-01-11 21:41:33 - [TEST_STEP][PASSED] - callTestCase(findTestCase("Login as admin"), [:], STOP_ON_FAILURE): Call Test Case 'Test Cases/Login as admin' successfully

2022-01-11 21:41:33 - [TEST_CASE][PASSED] - Test Cases/Login as admin: Test Cases/Login as admin

2022-01-11 21:41:33 - [TEST_STEP][PASSED] - openBrowser(""): Browser is opened with url: ''

2022-01-11 21:41:33 - [MESSAGE][WARNING] - A browser is already opened. Closing browser and opening a new one

2022-01-11 21:41:34 - [MESSAGE][INFO] - Starting 'Edge Chromium' driver

2022-01-11 21:41:36 - [MESSAGE][INFO] - Action delay is set to 0 milliseconds

2022-01-11 21:41:38 - [MESSAGE][PASSED] - Browser is opened with url: ''

2022-01-11 21:41:38 - [TEST_STEP][PASSED] - navigateToUrl("http://localhost/"): Navigate to 'http://localhost/' successfully

2022-01-11 21:41:38 - [MESSAGE][PASSED] - Navigate to 'http://localhost/' successfully

2022-01-11 21:41:38 - [TEST_STEP][PASSED] - click(findTestObject("Object Repository/Page_My Moodle/a_Log in")): Object: 'Object Repository/Page_My Moodle/a_Log in' is clicked on

2022-01-11 21:41:39 - [MESSAGE][PASSED] - Object: 'Object Repository/Page_My Moodle/a_Log in' is clicked on

2022-01-11 21:41:39 - [TEST_STEP][PASSED] - setText(findTestObject("Object Repository/Page_My Moodle Log in to the site/input_Username_username"), "admin"): Text 'admin' is set on object 'Object Repository/Page_My Moodle Log in to the site/input_Username_username'

2022-01-11 21:41:40 - [MESSAGE][PASSED] - Text 'admin' is set on object 'Object Repository/Page_My Moodle Log in to the site/input_Username_username'

2022-01-11 21:41:40 - [TEST_STEP][PASSED] - setEncryptedText(findTestObject("Object Repository/Page_My Moodle Log in to the site/input_Password_password"), "7Dxoto1EjKfQbGop/Ov+1g=="): Text ****** has been set on object 'Object Repository/Page_My Moodle Log in to the site/input_Password_password'

2022-01-11 21:41:40 - [MESSAGE][PASSED] - Text ****** has been set on object 'Object Repository/Page_My Moodle Log in to the site/input_Password_password'

2022-01-11 21:41:40 - [TEST_STEP][PASSED] - click(findTestObject("Object Repository/Page_My Moodle Log in to the site/button_Log in")): Object: 'Object Repository/Page_My Moodle Log in to the site/button_Log in' is clicked on

2022-01-11 21:41:42 - [MESSAGE][PASSED] - Object: 'Object Repository/Page_My Moodle Log in to the site/button_Log in' is clicked on

2022-01-11 21:41:42 - [MESSAGE][PASSED] - Call Test Case 'Test Cases/Login as admin' successfully

2022-01-11 21:41:42 - [TEST_STEP][PASSED] - click(findTestObject("Object Repository/Page_Dashboard/span_Site administration")): Object: 'Object Repository/Page_Dashboard/span_Site administration' is clicked on

2022-01-11 21:41:44 - [MESSAGE][PASSED] - Object: 'Object Repository/Page_Dashboard/span_Site administration' is clicked on

2022-01-11 21:41:44 - [TEST_STEP][PASSED] - navigateToUrl("http://localhost/admin/search.php"): Navigate to 'http://localhost/admin/search.php' successfully

2022-01-11 21:41:44 - [MESSAGE][PASSED] - Navigate to 'http://localhost/admin/search.php' successfully

2022-01-11 21:41:44 - [TEST_STEP][PASSED] - click(findTestObject("Object Repository/Page_Moodle Administration Search/a_Users")): Object: 'Object Repository/Page_Moodle Administration Search/a_Users' is clicked on

2022-01-11 21:41:45 - [MESSAGE][PASSED] - Object: 'Object Repository/Page_Moodle Administration Search/a_Users' is clicked on

2022-01-11 21:41:45 - [TEST_STEP][PASSED] - click(findTestObject("Object Repository/Page_Moodle Administration Search/a_Site administrators")): Object: 'Object Repository/Page_Moodle Administration Search/a_Site administrators' is clicked on

2022-01-11 21:41:46 - [MESSAGE][PASSED] - Object: 'Object Repository/Page_Moodle Administration Search/a_Site administrators' is clicked on

2022-01-11 21:41:46 - [TEST_STEP][PASSED] - selectOptionByValue(findTestObject("Object Repository/Page_Moodle Administration Users Permission_a5c101/select_V Duy (vhbaoduy0808gmail.com)    Tro_952a8e"), "3", true): All options with value '3' are selected in object 'Object Repository/Page_Moodle Administration Users Permission_a5c101/select_V Duy (vhbaoduy0808gmail.com)    Tro_952a8e'  using regular expression

2022-01-11 21:41:47 - [MESSAGE][PASSED] - All options with value '3' are selected in object 'Object Repository/Page_Moodle Administration Users Permission_a5c101/select_V Duy (vhbaoduy0808gmail.com)    Tro_952a8e'  using regular expression

2022-01-11 21:41:47 - [TEST_STEP][PASSED] - click(findTestObject("Object Repository/Page_Moodle Administration Users Permission_a5c101/input_Match the search text anywhere in the_89f7b5")): Object: 'Object Repository/Page_Moodle Administration Users Permission_a5c101/input_Match the search text anywhere in the_89f7b5' is clicked on

2022-01-11 21:41:48 - [MESSAGE][PASSED] - Object: 'Object Repository/Page_Moodle Administration Users Permission_a5c101/input_Match the search text anywhere in the_89f7b5' is clicked on

2022-01-11 21:41:48 - [TEST_STEP][PASSED] - click(findTestObject("Object Repository/Page_Moodle Administration Users Permission_a5c101/button_Continue")): Object: 'Object Repository/Page_Moodle Administration Users Permission_a5c101/button_Continue' is clicked on

2022-01-11 21:41:49 - [MESSAGE][PASSED] - Object: 'Object Repository/Page_Moodle Administration Users Permission_a5c101/button_Continue' is clicked on

2022-01-11 21:41:49 - [TEST_STEP][PASSED] - click(findTestObject("Object Repository/Page_Moodle Administration Users Permission_a5c101/a_Admin Team")): Object: 'Object Repository/Page_Moodle Administration Users Permission_a5c101/a_Admin Team' is clicked on

2022-01-11 21:41:50 - [MESSAGE][PASSED] - Object: 'Object Repository/Page_Moodle Administration Users Permission_a5c101/a_Admin Team' is clicked on

2022-01-11 21:41:50 - [TEST_STEP][PASSED] - click(findTestObject("Object Repository/Page_Moodle Administration Users Permission_a5c101/span_Log out")): Object: 'Object Repository/Page_Moodle Administration Users Permission_a5c101/span_Log out' is clicked on

2022-01-11 21:41:51 - [MESSAGE][PASSED] - Object: 'Object Repository/Page_Moodle Administration Users Permission_a5c101/span_Log out' is clicked on

2022-01-11 21:41:51 - [TEST_STEP][PASSED] - click(findTestObject("Object Repository/Page_My Moodle/a_Log in")): Object: 'Object Repository/Page_My Moodle/a_Log in' is clicked on

2022-01-11 21:41:51 - [MESSAGE][PASSED] - Object: 'Object Repository/Page_My Moodle/a_Log in' is clicked on

2022-01-11 21:41:51 - [TEST_STEP][PASSED] - setText(findTestObject("Object Repository/Page_My Moodle Log in to the site/input_Username_username"), "voduy"): Text 'voduy' is set on object 'Object Repository/Page_My Moodle Log in to the site/input_Username_username'

2022-01-11 21:41:52 - [MESSAGE][PASSED] - Text 'voduy' is set on object 'Object Repository/Page_My Moodle Log in to the site/input_Username_username'

2022-01-11 21:41:52 - [TEST_STEP][PASSED] - setEncryptedText(findTestObject("Object Repository/Page_My Moodle Log in to the site/input_Password_password"), "j1ZzzeKf8NiE21d5rsNRrQ=="): Text ****** has been set on object 'Object Repository/Page_My Moodle Log in to the site/input_Password_password'

2022-01-11 21:41:53 - [MESSAGE][PASSED] - Text ****** has been set on object 'Object Repository/Page_My Moodle Log in to the site/input_Password_password'

2022-01-11 21:41:53 - [TEST_STEP][PASSED] - click(findTestObject("Object Repository/Page_My Moodle Log in to the site/button_Log in")): Object: 'Object Repository/Page_My Moodle Log in to the site/button_Log in' is clicked on

2022-01-11 21:41:54 - [MESSAGE][PASSED] - Object: 'Object Repository/Page_My Moodle Log in to the site/button_Log in' is clicked on

2022-01-11 21:41:54 - [TEST_STEP][PASSED] - click(findTestObject("Object Repository/Page_Dashboard/span_Site administration")): Object: 'Object Repository/Page_Dashboard/span_Site administration' is clicked on

2022-01-11 21:41:55 - [MESSAGE][PASSED] - Object: 'Object Repository/Page_Dashboard/span_Site administration' is clicked on

2022-01-11 21:41:55 - [TEST_STEP][PASSED] - click(findTestObject("Object Repository/Page_Moodle Administration Search/a_Users")): Object: 'Object Repository/Page_Moodle Administration Search/a_Users' is clicked on

2022-01-11 21:41:56 - [MESSAGE][PASSED] - Object: 'Object Repository/Page_Moodle Administration Search/a_Users' is clicked on]]></system-out>
         <system-err><![CDATA[]]></system-err>
      </testcase>
      <testcase name="Test Cases/Admin add new cohort (user)" time="21.493" classname="Test Cases/Admin add new cohort (user)" status="PASSED">
         <system-out><![CDATA[2022-01-11 21:41:56 - [TEST_CASE][PASSED] - Test Cases/Admin add new cohort (user): Test Cases/Admin add new cohort (user)

2022-01-11 21:41:56 - [TEST_STEP][PASSED] - callTestCase(findTestCase("Login as admin"), [:], STOP_ON_FAILURE): Call Test Case 'Test Cases/Login as admin' successfully

2022-01-11 21:41:56 - [TEST_CASE][PASSED] - Test Cases/Login as admin: Test Cases/Login as admin

2022-01-11 21:41:56 - [TEST_STEP][PASSED] - openBrowser(""): Browser is opened with url: ''

2022-01-11 21:41:56 - [MESSAGE][WARNING] - A browser is already opened. Closing browser and opening a new one

2022-01-11 21:41:57 - [MESSAGE][INFO] - Starting 'Edge Chromium' driver

2022-01-11 21:41:59 - [MESSAGE][INFO] - Action delay is set to 0 milliseconds

2022-01-11 21:42:01 - [MESSAGE][PASSED] - Browser is opened with url: ''

2022-01-11 21:42:01 - [TEST_STEP][PASSED] - navigateToUrl("http://localhost/"): Navigate to 'http://localhost/' successfully

2022-01-11 21:42:01 - [MESSAGE][PASSED] - Navigate to 'http://localhost/' successfully

2022-01-11 21:42:01 - [TEST_STEP][PASSED] - click(findTestObject("Object Repository/Page_My Moodle/a_Log in")): Object: 'Object Repository/Page_My Moodle/a_Log in' is clicked on

2022-01-11 21:42:02 - [MESSAGE][PASSED] - Object: 'Object Repository/Page_My Moodle/a_Log in' is clicked on

2022-01-11 21:42:02 - [TEST_STEP][PASSED] - setText(findTestObject("Object Repository/Page_My Moodle Log in to the site/input_Username_username"), "admin"): Text 'admin' is set on object 'Object Repository/Page_My Moodle Log in to the site/input_Username_username'

2022-01-11 21:42:03 - [MESSAGE][PASSED] - Text 'admin' is set on object 'Object Repository/Page_My Moodle Log in to the site/input_Username_username'

2022-01-11 21:42:03 - [TEST_STEP][PASSED] - setEncryptedText(findTestObject("Object Repository/Page_My Moodle Log in to the site/input_Password_password"), "7Dxoto1EjKfQbGop/Ov+1g=="): Text ****** has been set on object 'Object Repository/Page_My Moodle Log in to the site/input_Password_password'

2022-01-11 21:42:03 - [MESSAGE][PASSED] - Text ****** has been set on object 'Object Repository/Page_My Moodle Log in to the site/input_Password_password'

2022-01-11 21:42:03 - [TEST_STEP][PASSED] - click(findTestObject("Object Repository/Page_My Moodle Log in to the site/button_Log in")): Object: 'Object Repository/Page_My Moodle Log in to the site/button_Log in' is clicked on

2022-01-11 21:42:05 - [MESSAGE][PASSED] - Object: 'Object Repository/Page_My Moodle Log in to the site/button_Log in' is clicked on

2022-01-11 21:42:05 - [MESSAGE][PASSED] - Call Test Case 'Test Cases/Login as admin' successfully

2022-01-11 21:42:05 - [TEST_STEP][PASSED] - click(findTestObject("Object Repository/Page_Dashboard/a_Site administration")): Object: 'Object Repository/Page_Dashboard/a_Site administration' is clicked on

2022-01-11 21:42:06 - [MESSAGE][PASSED] - Object: 'Object Repository/Page_Dashboard/a_Site administration' is clicked on

2022-01-11 21:42:06 - [TEST_STEP][PASSED] - navigateToUrl("http://localhost/admin/search.php"): Navigate to 'http://localhost/admin/search.php' successfully

2022-01-11 21:42:07 - [MESSAGE][PASSED] - Navigate to 'http://localhost/admin/search.php' successfully

2022-01-11 21:42:07 - [TEST_STEP][PASSED] - click(findTestObject("Object Repository/Page_Moodle Administration Search/a_Users")): Object: 'Object Repository/Page_Moodle Administration Search/a_Users' is clicked on

2022-01-11 21:42:07 - [MESSAGE][PASSED] - Object: 'Object Repository/Page_Moodle Administration Search/a_Users' is clicked on

2022-01-11 21:42:07 - [TEST_STEP][PASSED] - click(findTestObject("Object Repository/Page_Moodle Administration Search/a_Cohorts")): Object: 'Object Repository/Page_Moodle Administration Search/a_Cohorts' is clicked on

2022-01-11 21:42:08 - [MESSAGE][PASSED] - Object: 'Object Repository/Page_Moodle Administration Search/a_Cohorts' is clicked on

2022-01-11 21:42:08 - [TEST_STEP][PASSED] - click(findTestObject("Object Repository/Page_Moodle Administration Users Accounts Cohorts/a_Add new cohort")): Object: 'Object Repository/Page_Moodle Administration Users Accounts Cohorts/a_Add new cohort' is clicked on

2022-01-11 21:42:10 - [MESSAGE][PASSED] - Object: 'Object Repository/Page_Moodle Administration Users Accounts Cohorts/a_Add new cohort' is clicked on

2022-01-11 21:42:10 - [TEST_STEP][PASSED] - setText(findTestObject("Object Repository/Page_Add new cohort/input_Name_name"), "Teachers"): Text 'Teachers' is set on object 'Object Repository/Page_Add new cohort/input_Name_name'

2022-01-11 21:42:11 - [MESSAGE][PASSED] - Text 'Teachers' is set on object 'Object Repository/Page_Add new cohort/input_Name_name'

2022-01-11 21:42:11 - [TEST_STEP][PASSED] - setText(findTestObject("Object Repository/Page_Add new cohort/input_Cohort ID_idnumber"), "01"): Text '01' is set on object 'Object Repository/Page_Add new cohort/input_Cohort ID_idnumber'

2022-01-11 21:42:12 - [MESSAGE][PASSED] - Text '01' is set on object 'Object Repository/Page_Add new cohort/input_Cohort ID_idnumber'

2022-01-11 21:42:12 - [TEST_STEP][PASSED] - click(findTestObject("Object Repository/Page_Add new cohort/input_Description_submitbutton")): Object: 'Object Repository/Page_Add new cohort/input_Description_submitbutton' is clicked on

2022-01-11 21:42:13 - [MESSAGE][PASSED] - Object: 'Object Repository/Page_Add new cohort/input_Description_submitbutton' is clicked on

2022-01-11 21:42:13 - [TEST_STEP][PASSED] - click(findTestObject("Object Repository/Page_Moodle Administration Users Accounts Cohorts/a_Add new cohort")): Object: 'Object Repository/Page_Moodle Administration Users Accounts Cohorts/a_Add new cohort' is clicked on

2022-01-11 21:42:14 - [MESSAGE][PASSED] - Object: 'Object Repository/Page_Moodle Administration Users Accounts Cohorts/a_Add new cohort' is clicked on

2022-01-11 21:42:14 - [TEST_STEP][PASSED] - setText(findTestObject("Object Repository/Page_Add new cohort/input_Name_name"), "Students"): Text 'Students' is set on object 'Object Repository/Page_Add new cohort/input_Name_name'

2022-01-11 21:42:15 - [MESSAGE][PASSED] - Text 'Students' is set on object 'Object Repository/Page_Add new cohort/input_Name_name'

2022-01-11 21:42:15 - [TEST_STEP][PASSED] - setText(findTestObject("Object Repository/Page_Add new cohort/input_Cohort ID_idnumber"), "02"): Text '02' is set on object 'Object Repository/Page_Add new cohort/input_Cohort ID_idnumber'

2022-01-11 21:42:16 - [MESSAGE][PASSED] - Text '02' is set on object 'Object Repository/Page_Add new cohort/input_Cohort ID_idnumber'

2022-01-11 21:42:16 - [TEST_STEP][PASSED] - click(findTestObject("Object Repository/Page_Add new cohort/input_Description_submitbutton")): Object: 'Object Repository/Page_Add new cohort/input_Description_submitbutton' is clicked on

2022-01-11 21:42:17 - [MESSAGE][PASSED] - Object: 'Object Repository/Page_Add new cohort/input_Description_submitbutton' is clicked on]]></system-out>
         <system-err><![CDATA[]]></system-err>
      </testcase>
      <testcase name="Test Cases/Admin assign cohorts" time="31.396" classname="Test Cases/Admin assign cohorts" status="PASSED">
         <system-out><![CDATA[2022-01-11 21:42:17 - [TEST_CASE][PASSED] - Test Cases/Admin assign cohorts: Test Cases/Admin assign cohorts

2022-01-11 21:42:18 - [TEST_STEP][PASSED] - callTestCase(findTestCase("Login as admin"), [:], STOP_ON_FAILURE): Call Test Case 'Test Cases/Login as admin' successfully

2022-01-11 21:42:18 - [TEST_CASE][PASSED] - Test Cases/Login as admin: Test Cases/Login as admin

2022-01-11 21:42:18 - [TEST_STEP][PASSED] - openBrowser(""): Browser is opened with url: ''

2022-01-11 21:42:18 - [MESSAGE][WARNING] - A browser is already opened. Closing browser and opening a new one

2022-01-11 21:42:19 - [MESSAGE][INFO] - Starting 'Edge Chromium' driver

2022-01-11 21:42:21 - [MESSAGE][INFO] - Action delay is set to 0 milliseconds

2022-01-11 21:42:22 - [MESSAGE][PASSED] - Browser is opened with url: ''

2022-01-11 21:42:22 - [TEST_STEP][PASSED] - navigateToUrl("http://localhost/"): Navigate to 'http://localhost/' successfully

2022-01-11 21:42:23 - [MESSAGE][PASSED] - Navigate to 'http://localhost/' successfully

2022-01-11 21:42:23 - [TEST_STEP][PASSED] - click(findTestObject("Object Repository/Page_My Moodle/a_Log in")): Object: 'Object Repository/Page_My Moodle/a_Log in' is clicked on

2022-01-11 21:42:23 - [MESSAGE][PASSED] - Object: 'Object Repository/Page_My Moodle/a_Log in' is clicked on

2022-01-11 21:42:24 - [TEST_STEP][PASSED] - setText(findTestObject("Object Repository/Page_My Moodle Log in to the site/input_Username_username"), "admin"): Text 'admin' is set on object 'Object Repository/Page_My Moodle Log in to the site/input_Username_username'

2022-01-11 21:42:24 - [MESSAGE][PASSED] - Text 'admin' is set on object 'Object Repository/Page_My Moodle Log in to the site/input_Username_username'

2022-01-11 21:42:24 - [TEST_STEP][PASSED] - setEncryptedText(findTestObject("Object Repository/Page_My Moodle Log in to the site/input_Password_password"), "7Dxoto1EjKfQbGop/Ov+1g=="): Text ****** has been set on object 'Object Repository/Page_My Moodle Log in to the site/input_Password_password'

2022-01-11 21:42:25 - [MESSAGE][PASSED] - Text ****** has been set on object 'Object Repository/Page_My Moodle Log in to the site/input_Password_password'

2022-01-11 21:42:25 - [TEST_STEP][PASSED] - click(findTestObject("Object Repository/Page_My Moodle Log in to the site/button_Log in")): Object: 'Object Repository/Page_My Moodle Log in to the site/button_Log in' is clicked on

2022-01-11 21:42:26 - [MESSAGE][PASSED] - Object: 'Object Repository/Page_My Moodle Log in to the site/button_Log in' is clicked on

2022-01-11 21:42:26 - [MESSAGE][PASSED] - Call Test Case 'Test Cases/Login as admin' successfully

2022-01-11 21:42:26 - [TEST_STEP][PASSED] - click(findTestObject("Object Repository/Page_Dashboard/a_Site administration")): Object: 'Object Repository/Page_Dashboard/a_Site administration' is clicked on

2022-01-11 21:42:28 - [MESSAGE][PASSED] - Object: 'Object Repository/Page_Dashboard/a_Site administration' is clicked on

2022-01-11 21:42:28 - [TEST_STEP][PASSED] - navigateToUrl("http://localhost/admin/search.php"): Navigate to 'http://localhost/admin/search.php' successfully

2022-01-11 21:42:28 - [MESSAGE][PASSED] - Navigate to 'http://localhost/admin/search.php' successfully

2022-01-11 21:42:28 - [TEST_STEP][PASSED] - click(findTestObject("Object Repository/Page_Moodle Administration Search/a_Users")): Object: 'Object Repository/Page_Moodle Administration Search/a_Users' is clicked on

2022-01-11 21:42:29 - [MESSAGE][PASSED] - Object: 'Object Repository/Page_Moodle Administration Search/a_Users' is clicked on

2022-01-11 21:42:29 - [TEST_STEP][PASSED] - click(findTestObject("Object Repository/Page_Moodle Administration Search/a_Cohorts")): Object: 'Object Repository/Page_Moodle Administration Search/a_Cohorts' is clicked on

2022-01-11 21:42:30 - [MESSAGE][PASSED] - Object: 'Object Repository/Page_Moodle Administration Search/a_Cohorts' is clicked on

2022-01-11 21:42:30 - [TEST_STEP][PASSED] - click(findTestObject("Object Repository/Page_Moodle Administration Users Accounts Cohorts/i_Created manually_icon fa fa-users fa-fw")): Object: 'Object Repository/Page_Moodle Administration Users Accounts Cohorts/i_Created manually_icon fa fa-users fa-fw' is clicked on

2022-01-11 21:42:31 - [MESSAGE][PASSED] - Object: 'Object Repository/Page_Moodle Administration Users Accounts Cohorts/i_Created manually_icon fa fa-users fa-fw' is clicked on

2022-01-11 21:42:31 - [TEST_STEP][PASSED] - selectOptionByValue(findTestObject("Object Repository/Page_Assign cohort members/select_V Duy (vhbaoduy0808gmail.com)    Stu_203805"), "7", true): All options with value '7' are selected in object 'Object Repository/Page_Assign cohort members/select_V Duy (vhbaoduy0808gmail.com)    Stu_203805'  using regular expression

2022-01-11 21:42:32 - [MESSAGE][PASSED] - All options with value '7' are selected in object 'Object Repository/Page_Assign cohort members/select_V Duy (vhbaoduy0808gmail.com)    Stu_203805'  using regular expression

2022-01-11 21:42:32 - [TEST_STEP][PASSED] - selectOptionByValue(findTestObject("Object Repository/Page_Assign cohort members/select_V Duy (vhbaoduy0808gmail.com)    Stu_203805"), "6", true): All options with value '6' are selected in object 'Object Repository/Page_Assign cohort members/select_V Duy (vhbaoduy0808gmail.com)    Stu_203805'  using regular expression

2022-01-11 21:42:33 - [MESSAGE][PASSED] - All options with value '6' are selected in object 'Object Repository/Page_Assign cohort members/select_V Duy (vhbaoduy0808gmail.com)    Stu_203805'  using regular expression

2022-01-11 21:42:33 - [TEST_STEP][PASSED] - click(findTestObject("Object Repository/Page_Assign cohort members/input_Match the search text anywhere in the_89f7b5")): Object: 'Object Repository/Page_Assign cohort members/input_Match the search text anywhere in the_89f7b5' is clicked on

2022-01-11 21:42:34 - [MESSAGE][PASSED] - Object: 'Object Repository/Page_Assign cohort members/input_Match the search text anywhere in the_89f7b5' is clicked on

2022-01-11 21:42:34 - [TEST_STEP][PASSED] - selectOptionByValue(findTestObject("Object Repository/Page_Assign cohort members/select_Teacher One (t1example.com)    Teach_962300"), "6", true): All options with value '6' are selected in object 'Object Repository/Page_Assign cohort members/select_Teacher One (t1example.com)    Teach_962300'  using regular expression

2022-01-11 21:42:35 - [MESSAGE][PASSED] - All options with value '6' are selected in object 'Object Repository/Page_Assign cohort members/select_Teacher One (t1example.com)    Teach_962300'  using regular expression

2022-01-11 21:42:35 - [TEST_STEP][PASSED] - selectOptionByValue(findTestObject("Object Repository/Page_Assign cohort members/select_Teacher One (t1example.com)    Teach_962300"), "7", true): All options with value '7' are selected in object 'Object Repository/Page_Assign cohort members/select_Teacher One (t1example.com)    Teach_962300'  using regular expression

2022-01-11 21:42:36 - [MESSAGE][PASSED] - All options with value '7' are selected in object 'Object Repository/Page_Assign cohort members/select_Teacher One (t1example.com)    Teach_962300'  using regular expression

2022-01-11 21:42:36 - [TEST_STEP][PASSED] - selectOptionByValue(findTestObject("Object Repository/Page_Assign cohort members/select_Teacher One (t1example.com)    Teach_962300"), "7", true): All options with value '7' are selected in object 'Object Repository/Page_Assign cohort members/select_Teacher One (t1example.com)    Teach_962300'  using regular expression

2022-01-11 21:42:37 - [MESSAGE][PASSED] - All options with value '7' are selected in object 'Object Repository/Page_Assign cohort members/select_Teacher One (t1example.com)    Teach_962300'  using regular expression

2022-01-11 21:42:37 - [TEST_STEP][PASSED] - click(findTestObject("Object Repository/Page_Assign cohort members/input_Search_cancel")): Object: 'Object Repository/Page_Assign cohort members/input_Search_cancel' is clicked on

2022-01-11 21:42:38 - [MESSAGE][PASSED] - Object: 'Object Repository/Page_Assign cohort members/input_Search_cancel' is clicked on

2022-01-11 21:42:38 - [TEST_STEP][PASSED] - click(findTestObject("Object Repository/Page_Moodle Administration Users Accounts Cohorts/i_Created manually_icon fa fa-users fa-fw")): Object: 'Object Repository/Page_Moodle Administration Users Accounts Cohorts/i_Created manually_icon fa fa-users fa-fw' is clicked on

2022-01-11 21:42:39 - [MESSAGE][PASSED] - Object: 'Object Repository/Page_Moodle Administration Users Accounts Cohorts/i_Created manually_icon fa fa-users fa-fw' is clicked on

2022-01-11 21:42:39 - [TEST_STEP][PASSED] - selectOptionByValue(findTestObject("Object Repository/Page_Assign cohort members/select_V Duy (vhbaoduy0808gmail.com)    Stu_203805"), "4", true): All options with value '4' are selected in object 'Object Repository/Page_Assign cohort members/select_V Duy (vhbaoduy0808gmail.com)    Stu_203805'  using regular expression

2022-01-11 21:42:41 - [MESSAGE][PASSED] - All options with value '4' are selected in object 'Object Repository/Page_Assign cohort members/select_V Duy (vhbaoduy0808gmail.com)    Stu_203805'  using regular expression

2022-01-11 21:42:41 - [TEST_STEP][PASSED] - selectOptionByValue(findTestObject("Object Repository/Page_Assign cohort members/select_V Duy (vhbaoduy0808gmail.com)    Stu_203805"), "8", true): All options with value '8' are selected in object 'Object Repository/Page_Assign cohort members/select_V Duy (vhbaoduy0808gmail.com)    Stu_203805'  using regular expression

2022-01-11 21:42:42 - [MESSAGE][PASSED] - All options with value '8' are selected in object 'Object Repository/Page_Assign cohort members/select_V Duy (vhbaoduy0808gmail.com)    Stu_203805'  using regular expression

2022-01-11 21:42:42 - [TEST_STEP][PASSED] - selectOptionByValue(findTestObject("Object Repository/Page_Assign cohort members/select_V Duy (vhbaoduy0808gmail.com)    Stu_203805"), "5", true): All options with value '5' are selected in object 'Object Repository/Page_Assign cohort members/select_V Duy (vhbaoduy0808gmail.com)    Stu_203805'  using regular expression

2022-01-11 21:42:43 - [MESSAGE][PASSED] - All options with value '5' are selected in object 'Object Repository/Page_Assign cohort members/select_V Duy (vhbaoduy0808gmail.com)    Stu_203805'  using regular expression

2022-01-11 21:42:43 - [TEST_STEP][PASSED] - click(findTestObject("Object Repository/Page_Assign cohort members/input_Match the search text anywhere in the_89f7b5")): Object: 'Object Repository/Page_Assign cohort members/input_Match the search text anywhere in the_89f7b5' is clicked on

2022-01-11 21:42:44 - [MESSAGE][PASSED] - Object: 'Object Repository/Page_Assign cohort members/input_Match the search text anywhere in the_89f7b5' is clicked on

2022-01-11 21:42:44 - [TEST_STEP][PASSED] - selectOptionByValue(findTestObject("Object Repository/Page_Assign cohort members/select_Student One (s1example.com)    Stude_8b3338"), "4", true): All options with value '4' are selected in object 'Object Repository/Page_Assign cohort members/select_Student One (s1example.com)    Stude_8b3338'  using regular expression

2022-01-11 21:42:46 - [MESSAGE][PASSED] - All options with value '4' are selected in object 'Object Repository/Page_Assign cohort members/select_Student One (s1example.com)    Stude_8b3338'  using regular expression

2022-01-11 21:42:46 - [TEST_STEP][PASSED] - selectOptionByValue(findTestObject("Object Repository/Page_Assign cohort members/select_Student One (s1example.com)    Stude_8b3338"), "8", true): All options with value '8' are selected in object 'Object Repository/Page_Assign cohort members/select_Student One (s1example.com)    Stude_8b3338'  using regular expression

2022-01-11 21:42:47 - [MESSAGE][PASSED] - All options with value '8' are selected in object 'Object Repository/Page_Assign cohort members/select_Student One (s1example.com)    Stude_8b3338'  using regular expression

2022-01-11 21:42:47 - [TEST_STEP][PASSED] - selectOptionByValue(findTestObject("Object Repository/Page_Assign cohort members/select_Student One (s1example.com)    Stude_8b3338"), "5", true): All options with value '5' are selected in object 'Object Repository/Page_Assign cohort members/select_Student One (s1example.com)    Stude_8b3338'  using regular expression

2022-01-11 21:42:48 - [MESSAGE][PASSED] - All options with value '5' are selected in object 'Object Repository/Page_Assign cohort members/select_Student One (s1example.com)    Stude_8b3338'  using regular expression

2022-01-11 21:42:48 - [TEST_STEP][PASSED] - click(findTestObject("Object Repository/Page_Assign cohort members/input_Search_cancel")): Object: 'Object Repository/Page_Assign cohort members/input_Search_cancel' is clicked on

2022-01-11 21:42:49 - [MESSAGE][PASSED] - Object: 'Object Repository/Page_Assign cohort members/input_Search_cancel' is clicked on]]></system-out>
         <system-err><![CDATA[]]></system-err>
      </testcase>
      <testcase name="Test Cases/Admin create course parent category" time="16.908" classname="Test Cases/Admin create course parent category" status="PASSED">
         <system-out><![CDATA[2022-01-11 21:42:49 - [TEST_CASE][PASSED] - Test Cases/Admin create course parent category: Test Cases/Admin create course parent category

2022-01-11 21:42:49 - [TEST_STEP][PASSED] - callTestCase(findTestCase("Login as admin"), [:], STOP_ON_FAILURE): Call Test Case 'Test Cases/Login as admin' successfully

2022-01-11 21:42:49 - [TEST_CASE][PASSED] - Test Cases/Login as admin: Test Cases/Login as admin

2022-01-11 21:42:49 - [TEST_STEP][PASSED] - openBrowser(""): Browser is opened with url: ''

2022-01-11 21:42:49 - [MESSAGE][WARNING] - A browser is already opened. Closing browser and opening a new one

2022-01-11 21:42:50 - [MESSAGE][INFO] - Starting 'Edge Chromium' driver

2022-01-11 21:42:52 - [MESSAGE][INFO] - Action delay is set to 0 milliseconds

2022-01-11 21:42:54 - [MESSAGE][PASSED] - Browser is opened with url: ''

2022-01-11 21:42:54 - [TEST_STEP][PASSED] - navigateToUrl("http://localhost/"): Navigate to 'http://localhost/' successfully

2022-01-11 21:42:54 - [MESSAGE][PASSED] - Navigate to 'http://localhost/' successfully

2022-01-11 21:42:54 - [TEST_STEP][PASSED] - click(findTestObject("Object Repository/Page_My Moodle/a_Log in")): Object: 'Object Repository/Page_My Moodle/a_Log in' is clicked on

2022-01-11 21:42:55 - [MESSAGE][PASSED] - Object: 'Object Repository/Page_My Moodle/a_Log in' is clicked on

2022-01-11 21:42:55 - [TEST_STEP][PASSED] - setText(findTestObject("Object Repository/Page_My Moodle Log in to the site/input_Username_username"), "admin"): Text 'admin' is set on object 'Object Repository/Page_My Moodle Log in to the site/input_Username_username'

2022-01-11 21:42:56 - [MESSAGE][PASSED] - Text 'admin' is set on object 'Object Repository/Page_My Moodle Log in to the site/input_Username_username'

2022-01-11 21:42:56 - [TEST_STEP][PASSED] - setEncryptedText(findTestObject("Object Repository/Page_My Moodle Log in to the site/input_Password_password"), "7Dxoto1EjKfQbGop/Ov+1g=="): Text ****** has been set on object 'Object Repository/Page_My Moodle Log in to the site/input_Password_password'

2022-01-11 21:42:56 - [MESSAGE][PASSED] - Text ****** has been set on object 'Object Repository/Page_My Moodle Log in to the site/input_Password_password'

2022-01-11 21:42:56 - [TEST_STEP][PASSED] - click(findTestObject("Object Repository/Page_My Moodle Log in to the site/button_Log in")): Object: 'Object Repository/Page_My Moodle Log in to the site/button_Log in' is clicked on

2022-01-11 21:42:58 - [MESSAGE][PASSED] - Object: 'Object Repository/Page_My Moodle Log in to the site/button_Log in' is clicked on

2022-01-11 21:42:58 - [MESSAGE][PASSED] - Call Test Case 'Test Cases/Login as admin' successfully

2022-01-11 21:42:58 - [TEST_STEP][PASSED] - click(findTestObject("Object Repository/Page_Dashboard/span_Site administration")): Object: 'Object Repository/Page_Dashboard/span_Site administration' is clicked on

2022-01-11 21:42:59 - [MESSAGE][PASSED] - Object: 'Object Repository/Page_Dashboard/span_Site administration' is clicked on

2022-01-11 21:42:59 - [TEST_STEP][PASSED] - navigateToUrl("http://localhost/admin/search.php"): Navigate to 'http://localhost/admin/search.php' successfully

2022-01-11 21:43:00 - [MESSAGE][PASSED] - Navigate to 'http://localhost/admin/search.php' successfully

2022-01-11 21:43:00 - [TEST_STEP][PASSED] - click(findTestObject("Object Repository/Page_Moodle Administration Search/a_Courses")): Object: 'Object Repository/Page_Moodle Administration Search/a_Courses' is clicked on

2022-01-11 21:43:00 - [MESSAGE][PASSED] - Object: 'Object Repository/Page_Moodle Administration Search/a_Courses' is clicked on

2022-01-11 21:43:00 - [TEST_STEP][PASSED] - click(findTestObject("Object Repository/Page_Moodle Administration Search/a_Add a category")): Object: 'Object Repository/Page_Moodle Administration Search/a_Add a category' is clicked on

2022-01-11 21:43:02 - [MESSAGE][PASSED] - Object: 'Object Repository/Page_Moodle Administration Search/a_Add a category' is clicked on

2022-01-11 21:43:02 - [TEST_STEP][PASSED] - setText(findTestObject("Object Repository/Page_Moodle Add new category/input_Category name_name"), "Công nghệ thông tin"): Text 'Công nghệ thông tin' is set on object 'Object Repository/Page_Moodle Add new category/input_Category name_name'

2022-01-11 21:43:03 - [MESSAGE][PASSED] - Text 'Công nghệ thông tin' is set on object 'Object Repository/Page_Moodle Add new category/input_Category name_name'

2022-01-11 21:43:03 - [TEST_STEP][PASSED] - setText(findTestObject("Object Repository/Page_Moodle Add new category/input_Category ID number_idnumber"), "1"): Text '1' is set on object 'Object Repository/Page_Moodle Add new category/input_Category ID number_idnumber'

2022-01-11 21:43:04 - [MESSAGE][PASSED] - Text '1' is set on object 'Object Repository/Page_Moodle Add new category/input_Category ID number_idnumber'

2022-01-11 21:43:04 - [TEST_STEP][PASSED] - click(findTestObject("Object Repository/Page_Moodle Add new category/input_Description_submitbutton")): Object: 'Object Repository/Page_Moodle Add new category/input_Description_submitbutton' is clicked on

2022-01-11 21:43:05 - [MESSAGE][PASSED] - Object: 'Object Repository/Page_Moodle Add new category/input_Description_submitbutton' is clicked on

2022-01-11 21:43:05 - [TEST_STEP][PASSED] - click(findTestObject("Object Repository/Page_Course and category management/h2_Course and category management")): Object: 'Object Repository/Page_Course and category management/h2_Course and category management' is clicked on

2022-01-11 21:43:06 - [MESSAGE][PASSED] - Object: 'Object Repository/Page_Course and category management/h2_Course and category management' is clicked on]]></system-out>
         <system-err><![CDATA[]]></system-err>
      </testcase>
      <testcase name="Test Cases/Admin create course child category" time="19.265" classname="Test Cases/Admin create course child category" status="PASSED">
         <system-out><![CDATA[2022-01-11 21:43:06 - [TEST_CASE][PASSED] - Test Cases/Admin create course child category: Test Cases/Admin create course child category

2022-01-11 21:43:06 - [TEST_STEP][PASSED] - callTestCase(findTestCase("Login as admin"), [:], STOP_ON_FAILURE): Call Test Case 'Test Cases/Login as admin' successfully

2022-01-11 21:43:06 - [TEST_CASE][PASSED] - Test Cases/Login as admin: Test Cases/Login as admin

2022-01-11 21:43:06 - [TEST_STEP][PASSED] - openBrowser(""): Browser is opened with url: ''

2022-01-11 21:43:06 - [MESSAGE][WARNING] - A browser is already opened. Closing browser and opening a new one

2022-01-11 21:43:07 - [MESSAGE][INFO] - Starting 'Edge Chromium' driver

2022-01-11 21:43:09 - [MESSAGE][INFO] - Action delay is set to 0 milliseconds

2022-01-11 21:43:10 - [MESSAGE][PASSED] - Browser is opened with url: ''

2022-01-11 21:43:10 - [TEST_STEP][PASSED] - navigateToUrl("http://localhost/"): Navigate to 'http://localhost/' successfully

2022-01-11 21:43:11 - [MESSAGE][PASSED] - Navigate to 'http://localhost/' successfully

2022-01-11 21:43:11 - [TEST_STEP][PASSED] - click(findTestObject("Object Repository/Page_My Moodle/a_Log in")): Object: 'Object Repository/Page_My Moodle/a_Log in' is clicked on

2022-01-11 21:43:12 - [MESSAGE][PASSED] - Object: 'Object Repository/Page_My Moodle/a_Log in' is clicked on

2022-01-11 21:43:12 - [TEST_STEP][PASSED] - setText(findTestObject("Object Repository/Page_My Moodle Log in to the site/input_Username_username"), "admin"): Text 'admin' is set on object 'Object Repository/Page_My Moodle Log in to the site/input_Username_username'

2022-01-11 21:43:13 - [MESSAGE][PASSED] - Text 'admin' is set on object 'Object Repository/Page_My Moodle Log in to the site/input_Username_username'

2022-01-11 21:43:13 - [TEST_STEP][PASSED] - setEncryptedText(findTestObject("Object Repository/Page_My Moodle Log in to the site/input_Password_password"), "7Dxoto1EjKfQbGop/Ov+1g=="): Text ****** has been set on object 'Object Repository/Page_My Moodle Log in to the site/input_Password_password'

2022-01-11 21:43:13 - [MESSAGE][PASSED] - Text ****** has been set on object 'Object Repository/Page_My Moodle Log in to the site/input_Password_password'

2022-01-11 21:43:13 - [TEST_STEP][PASSED] - click(findTestObject("Object Repository/Page_My Moodle Log in to the site/button_Log in")): Object: 'Object Repository/Page_My Moodle Log in to the site/button_Log in' is clicked on

2022-01-11 21:43:14 - [MESSAGE][PASSED] - Object: 'Object Repository/Page_My Moodle Log in to the site/button_Log in' is clicked on

2022-01-11 21:43:14 - [MESSAGE][PASSED] - Call Test Case 'Test Cases/Login as admin' successfully

2022-01-11 21:43:14 - [TEST_STEP][PASSED] - click(findTestObject("Object Repository/Page_Dashboard/span_Site administration")): Object: 'Object Repository/Page_Dashboard/span_Site administration' is clicked on

2022-01-11 21:43:16 - [MESSAGE][PASSED] - Object: 'Object Repository/Page_Dashboard/span_Site administration' is clicked on

2022-01-11 21:43:16 - [TEST_STEP][PASSED] - navigateToUrl("http://localhost/admin/search.php"): Navigate to 'http://localhost/admin/search.php' successfully

2022-01-11 21:43:17 - [MESSAGE][PASSED] - Navigate to 'http://localhost/admin/search.php' successfully

2022-01-11 21:43:17 - [TEST_STEP][PASSED] - click(findTestObject("Object Repository/Page_Moodle Administration Search/a_Courses")): Object: 'Object Repository/Page_Moodle Administration Search/a_Courses' is clicked on

2022-01-11 21:43:17 - [MESSAGE][PASSED] - Object: 'Object Repository/Page_Moodle Administration Search/a_Courses' is clicked on

2022-01-11 21:43:17 - [TEST_STEP][PASSED] - click(findTestObject("Object Repository/Page_Moodle Administration Search/a_Add a category")): Object: 'Object Repository/Page_Moodle Administration Search/a_Add a category' is clicked on

2022-01-11 21:43:19 - [MESSAGE][PASSED] - Object: 'Object Repository/Page_Moodle Administration Search/a_Add a category' is clicked on

2022-01-11 21:43:19 - [TEST_STEP][PASSED] - click(findTestObject("Object Repository/Page_Moodle Add new category/span_")): Object: 'Object Repository/Page_Moodle Add new category/span_' is clicked on

2022-01-11 21:43:19 - [MESSAGE][PASSED] - Object: 'Object Repository/Page_Moodle Add new category/span_' is clicked on

2022-01-11 21:43:19 - [TEST_STEP][PASSED] - click(findTestObject("Object Repository/Page_Moodle Add new category/li_Cng ngh thng tin")): Object: 'Object Repository/Page_Moodle Add new category/li_Cng ngh thng tin' is clicked on

2022-01-11 21:43:20 - [MESSAGE][PASSED] - Object: 'Object Repository/Page_Moodle Add new category/li_Cng ngh thng tin' is clicked on

2022-01-11 21:43:20 - [TEST_STEP][PASSED] - selectOptionByValue(findTestObject("Object Repository/Page_Moodle Add new category/select_Top            Miscellaneous        _a56d48"), "2", true): All options with value '2' are selected in object 'Object Repository/Page_Moodle Add new category/select_Top            Miscellaneous        _a56d48'  using regular expression

2022-01-11 21:43:21 - [MESSAGE][PASSED] - All options with value '2' are selected in object 'Object Repository/Page_Moodle Add new category/select_Top            Miscellaneous        _a56d48'  using regular expression

2022-01-11 21:43:21 - [TEST_STEP][PASSED] - setText(findTestObject("Object Repository/Page_Moodle Add new category/input_Category name_name"), "Kỹ thuật phần mềm"): Text 'Kỹ thuật phần mềm' is set on object 'Object Repository/Page_Moodle Add new category/input_Category name_name'

2022-01-11 21:43:22 - [MESSAGE][PASSED] - Text 'Kỹ thuật phần mềm' is set on object 'Object Repository/Page_Moodle Add new category/input_Category name_name'

2022-01-11 21:43:22 - [TEST_STEP][PASSED] - setText(findTestObject("Object Repository/Page_Moodle Add new category/input_Category ID number_idnumber"), "2"): Text '2' is set on object 'Object Repository/Page_Moodle Add new category/input_Category ID number_idnumber'

2022-01-11 21:43:23 - [MESSAGE][PASSED] - Text '2' is set on object 'Object Repository/Page_Moodle Add new category/input_Category ID number_idnumber'

2022-01-11 21:43:23 - [TEST_STEP][PASSED] - click(findTestObject("Object Repository/Page_Moodle Add new category/input_Description_submitbutton")): Object: 'Object Repository/Page_Moodle Add new category/input_Description_submitbutton' is clicked on

2022-01-11 21:43:24 - [MESSAGE][PASSED] - Object: 'Object Repository/Page_Moodle Add new category/input_Description_submitbutton' is clicked on

2022-01-11 21:43:24 - [TEST_STEP][PASSED] - click(findTestObject("Object Repository/Page_Course and category management/h2_Course and category management")): Object: 'Object Repository/Page_Course and category management/h2_Course and category management' is clicked on

2022-01-11 21:43:25 - [MESSAGE][PASSED] - Object: 'Object Repository/Page_Course and category management/h2_Course and category management' is clicked on]]></system-out>
         <system-err><![CDATA[]]></system-err>
      </testcase>
      <testcase name="Test Cases/Admin create course (with enddate)" time="19.829" classname="Test Cases/Admin create course (with enddate)" status="PASSED">
         <system-out><![CDATA[2022-01-11 21:43:25 - [TEST_CASE][PASSED] - Test Cases/Admin create course (with enddate): Test Cases/Admin create course (with enddate)

2022-01-11 21:43:25 - [TEST_STEP][PASSED] - callTestCase(findTestCase("Login as admin"), [:], STOP_ON_FAILURE): Call Test Case 'Test Cases/Login as admin' successfully

2022-01-11 21:43:25 - [TEST_CASE][PASSED] - Test Cases/Login as admin: Test Cases/Login as admin

2022-01-11 21:43:25 - [TEST_STEP][PASSED] - openBrowser(""): Browser is opened with url: ''

2022-01-11 21:43:25 - [MESSAGE][WARNING] - A browser is already opened. Closing browser and opening a new one

2022-01-11 21:43:26 - [MESSAGE][INFO] - Starting 'Edge Chromium' driver

2022-01-11 21:43:28 - [MESSAGE][INFO] - Action delay is set to 0 milliseconds

2022-01-11 21:43:30 - [MESSAGE][PASSED] - Browser is opened with url: ''

2022-01-11 21:43:30 - [TEST_STEP][PASSED] - navigateToUrl("http://localhost/"): Navigate to 'http://localhost/' successfully

2022-01-11 21:43:30 - [MESSAGE][PASSED] - Navigate to 'http://localhost/' successfully

2022-01-11 21:43:30 - [TEST_STEP][PASSED] - click(findTestObject("Object Repository/Page_My Moodle/a_Log in")): Object: 'Object Repository/Page_My Moodle/a_Log in' is clicked on

2022-01-11 21:43:31 - [MESSAGE][PASSED] - Object: 'Object Repository/Page_My Moodle/a_Log in' is clicked on

2022-01-11 21:43:31 - [TEST_STEP][PASSED] - setText(findTestObject("Object Repository/Page_My Moodle Log in to the site/input_Username_username"), "admin"): Text 'admin' is set on object 'Object Repository/Page_My Moodle Log in to the site/input_Username_username'

2022-01-11 21:43:32 - [MESSAGE][PASSED] - Text 'admin' is set on object 'Object Repository/Page_My Moodle Log in to the site/input_Username_username'

2022-01-11 21:43:32 - [TEST_STEP][PASSED] - setEncryptedText(findTestObject("Object Repository/Page_My Moodle Log in to the site/input_Password_password"), "7Dxoto1EjKfQbGop/Ov+1g=="): Text ****** has been set on object 'Object Repository/Page_My Moodle Log in to the site/input_Password_password'

2022-01-11 21:43:32 - [MESSAGE][PASSED] - Text ****** has been set on object 'Object Repository/Page_My Moodle Log in to the site/input_Password_password'

2022-01-11 21:43:32 - [TEST_STEP][PASSED] - click(findTestObject("Object Repository/Page_My Moodle Log in to the site/button_Log in")): Object: 'Object Repository/Page_My Moodle Log in to the site/button_Log in' is clicked on

2022-01-11 21:43:34 - [MESSAGE][PASSED] - Object: 'Object Repository/Page_My Moodle Log in to the site/button_Log in' is clicked on

2022-01-11 21:43:34 - [MESSAGE][PASSED] - Call Test Case 'Test Cases/Login as admin' successfully

2022-01-11 21:43:34 - [TEST_STEP][PASSED] - click(findTestObject("Object Repository/Page_Dashboard/span_Site administration")): Object: 'Object Repository/Page_Dashboard/span_Site administration' is clicked on

2022-01-11 21:43:35 - [MESSAGE][PASSED] - Object: 'Object Repository/Page_Dashboard/span_Site administration' is clicked on

2022-01-11 21:43:35 - [TEST_STEP][PASSED] - navigateToUrl("http://localhost/admin/search.php"): Navigate to 'http://localhost/admin/search.php' successfully

2022-01-11 21:43:36 - [MESSAGE][PASSED] - Navigate to 'http://localhost/admin/search.php' successfully

2022-01-11 21:43:36 - [TEST_STEP][PASSED] - click(findTestObject("Object Repository/Page_Moodle Administration Search/a_Courses")): Object: 'Object Repository/Page_Moodle Administration Search/a_Courses' is clicked on

2022-01-11 21:43:36 - [MESSAGE][PASSED] - Object: 'Object Repository/Page_Moodle Administration Search/a_Courses' is clicked on

2022-01-11 21:43:36 - [TEST_STEP][PASSED] - click(findTestObject("Object Repository/Page_Moodle Administration Search/a_Add a new course")): Object: 'Object Repository/Page_Moodle Administration Search/a_Add a new course' is clicked on

2022-01-11 21:43:38 - [MESSAGE][PASSED] - Object: 'Object Repository/Page_Moodle Administration Search/a_Add a new course' is clicked on

2022-01-11 21:43:38 - [TEST_STEP][PASSED] - setText(findTestObject("Object Repository/Page_Moodle Add a new course/input_Course full name_fullname"), "Phân tích và quản lý yêu cầu phần mềm"): Text 'Phân tích và quản lý yêu cầu phần mềm' is set on object 'Object Repository/Page_Moodle Add a new course/input_Course full name_fullname'

2022-01-11 21:43:39 - [MESSAGE][PASSED] - Text 'Phân tích và quản lý yêu cầu phần mềm' is set on object 'Object Repository/Page_Moodle Add a new course/input_Course full name_fullname'

2022-01-11 21:43:39 - [TEST_STEP][PASSED] - setText(findTestObject("Object Repository/Page_Moodle Add a new course/input_Course short name_shortname"), "CSC13005"): Text 'CSC13005' is set on object 'Object Repository/Page_Moodle Add a new course/input_Course short name_shortname'

2022-01-11 21:43:40 - [MESSAGE][PASSED] - Text 'CSC13005' is set on object 'Object Repository/Page_Moodle Add a new course/input_Course short name_shortname'

2022-01-11 21:43:40 - [TEST_STEP][PASSED] - click(findTestObject("Object Repository/Page_Moodle Add a new course/span_")): Object: 'Object Repository/Page_Moodle Add a new course/span_' is clicked on

2022-01-11 21:43:41 - [MESSAGE][PASSED] - Object: 'Object Repository/Page_Moodle Add a new course/span_' is clicked on

2022-01-11 21:43:41 - [TEST_STEP][PASSED] - click(findTestObject("Object Repository/Page_Moodle Add a new course/li_Cng ngh thng tin  K thut phn mm")): Object: 'Object Repository/Page_Moodle Add a new course/li_Cng ngh thng tin  K thut phn mm' is clicked on

2022-01-11 21:43:41 - [MESSAGE][PASSED] - Object: 'Object Repository/Page_Moodle Add a new course/li_Cng ngh thng tin  K thut phn mm' is clicked on

2022-01-11 21:43:41 - [TEST_STEP][PASSED] - selectOptionByValue(findTestObject("Object Repository/Page_Moodle Add a new course/select_Miscellaneous            Cng ngh thn_6d25f3"), "3", true): All options with value '3' are selected in object 'Object Repository/Page_Moodle Add a new course/select_Miscellaneous            Cng ngh thn_6d25f3'  using regular expression

2022-01-11 21:43:43 - [MESSAGE][PASSED] - All options with value '3' are selected in object 'Object Repository/Page_Moodle Add a new course/select_Miscellaneous            Cng ngh thn_6d25f3'  using regular expression

2022-01-11 21:43:43 - [TEST_STEP][PASSED] - click(findTestObject("Object Repository/Page_Moodle Add a new course/input__saveanddisplay")): Object: 'Object Repository/Page_Moodle Add a new course/input__saveanddisplay' is clicked on

2022-01-11 21:43:44 - [MESSAGE][PASSED] - Object: 'Object Repository/Page_Moodle Add a new course/input__saveanddisplay' is clicked on

2022-01-11 21:43:44 - [TEST_STEP][PASSED] - click(findTestObject("Object Repository/Page_CSC13005 Participants/h2_Participants")): Object: 'Object Repository/Page_CSC13005 Participants/h2_Participants' is clicked on

2022-01-11 21:43:45 - [MESSAGE][PASSED] - Object: 'Object Repository/Page_CSC13005 Participants/h2_Participants' is clicked on]]></system-out>
         <system-err><![CDATA[]]></system-err>
      </testcase>
      <testcase name="Test Cases/Admin create course (without enddate)" time="19.902" classname="Test Cases/Admin create course (without enddate)" status="PASSED">
         <system-out><![CDATA[2022-01-11 21:43:45 - [TEST_CASE][PASSED] - Test Cases/Admin create course (without enddate): Test Cases/Admin create course (without enddate)

2022-01-11 21:43:45 - [TEST_STEP][PASSED] - callTestCase(findTestCase("Login as admin"), [:], STOP_ON_FAILURE): Call Test Case 'Test Cases/Login as admin' successfully

2022-01-11 21:43:45 - [TEST_CASE][PASSED] - Test Cases/Login as admin: Test Cases/Login as admin

2022-01-11 21:43:45 - [TEST_STEP][PASSED] - openBrowser(""): Browser is opened with url: ''

2022-01-11 21:43:45 - [MESSAGE][WARNING] - A browser is already opened. Closing browser and opening a new one

2022-01-11 21:43:46 - [MESSAGE][INFO] - Starting 'Edge Chromium' driver

2022-01-11 21:43:48 - [MESSAGE][INFO] - Action delay is set to 0 milliseconds

2022-01-11 21:43:50 - [MESSAGE][PASSED] - Browser is opened with url: ''

2022-01-11 21:43:50 - [TEST_STEP][PASSED] - navigateToUrl("http://localhost/"): Navigate to 'http://localhost/' successfully

2022-01-11 21:43:50 - [MESSAGE][PASSED] - Navigate to 'http://localhost/' successfully

2022-01-11 21:43:50 - [TEST_STEP][PASSED] - click(findTestObject("Object Repository/Page_My Moodle/a_Log in")): Object: 'Object Repository/Page_My Moodle/a_Log in' is clicked on

2022-01-11 21:43:51 - [MESSAGE][PASSED] - Object: 'Object Repository/Page_My Moodle/a_Log in' is clicked on

2022-01-11 21:43:51 - [TEST_STEP][PASSED] - setText(findTestObject("Object Repository/Page_My Moodle Log in to the site/input_Username_username"), "admin"): Text 'admin' is set on object 'Object Repository/Page_My Moodle Log in to the site/input_Username_username'

2022-01-11 21:43:52 - [MESSAGE][PASSED] - Text 'admin' is set on object 'Object Repository/Page_My Moodle Log in to the site/input_Username_username'

2022-01-11 21:43:52 - [TEST_STEP][PASSED] - setEncryptedText(findTestObject("Object Repository/Page_My Moodle Log in to the site/input_Password_password"), "7Dxoto1EjKfQbGop/Ov+1g=="): Text ****** has been set on object 'Object Repository/Page_My Moodle Log in to the site/input_Password_password'

2022-01-11 21:43:52 - [MESSAGE][PASSED] - Text ****** has been set on object 'Object Repository/Page_My Moodle Log in to the site/input_Password_password'

2022-01-11 21:43:52 - [TEST_STEP][PASSED] - click(findTestObject("Object Repository/Page_My Moodle Log in to the site/button_Log in")): Object: 'Object Repository/Page_My Moodle Log in to the site/button_Log in' is clicked on

2022-01-11 21:43:53 - [MESSAGE][PASSED] - Object: 'Object Repository/Page_My Moodle Log in to the site/button_Log in' is clicked on

2022-01-11 21:43:53 - [MESSAGE][PASSED] - Call Test Case 'Test Cases/Login as admin' successfully

2022-01-11 21:43:53 - [TEST_STEP][PASSED] - click(findTestObject("Object Repository/Page_Dashboard/a_Site administration")): Object: 'Object Repository/Page_Dashboard/a_Site administration' is clicked on

2022-01-11 21:43:55 - [MESSAGE][PASSED] - Object: 'Object Repository/Page_Dashboard/a_Site administration' is clicked on

2022-01-11 21:43:55 - [TEST_STEP][PASSED] - navigateToUrl("http://localhost/admin/search.php"): Navigate to 'http://localhost/admin/search.php' successfully

2022-01-11 21:43:56 - [MESSAGE][PASSED] - Navigate to 'http://localhost/admin/search.php' successfully

2022-01-11 21:43:56 - [TEST_STEP][PASSED] - click(findTestObject("Object Repository/Page_Moodle Administration Search/a_Courses")): Object: 'Object Repository/Page_Moodle Administration Search/a_Courses' is clicked on

2022-01-11 21:43:56 - [MESSAGE][PASSED] - Object: 'Object Repository/Page_Moodle Administration Search/a_Courses' is clicked on

2022-01-11 21:43:56 - [TEST_STEP][PASSED] - click(findTestObject("Object Repository/Page_Moodle Administration Search/a_Add a new course")): Object: 'Object Repository/Page_Moodle Administration Search/a_Add a new course' is clicked on

2022-01-11 21:43:58 - [MESSAGE][PASSED] - Object: 'Object Repository/Page_Moodle Administration Search/a_Add a new course' is clicked on

2022-01-11 21:43:58 - [TEST_STEP][PASSED] - setText(findTestObject("Object Repository/Page_Moodle Add a new course/input_Course full name_fullname"), "Phát triển phần mềm cho thiết bị di động"): Text 'Phát triển phần mềm cho thiết bị di động' is set on object 'Object Repository/Page_Moodle Add a new course/input_Course full name_fullname'

2022-01-11 21:43:59 - [MESSAGE][PASSED] - Text 'Phát triển phần mềm cho thiết bị di động' is set on object 'Object Repository/Page_Moodle Add a new course/input_Course full name_fullname'

2022-01-11 21:43:59 - [TEST_STEP][PASSED] - setText(findTestObject("Object Repository/Page_Moodle Add a new course/input_Course short name_shortname"), "CSC13009"): Text 'CSC13009' is set on object 'Object Repository/Page_Moodle Add a new course/input_Course short name_shortname'

2022-01-11 21:44:00 - [MESSAGE][PASSED] - Text 'CSC13009' is set on object 'Object Repository/Page_Moodle Add a new course/input_Course short name_shortname'

2022-01-11 21:44:00 - [TEST_STEP][PASSED] - click(findTestObject("Object Repository/Page_Moodle Add a new course/span_")): Object: 'Object Repository/Page_Moodle Add a new course/span_' is clicked on

2022-01-11 21:44:00 - [MESSAGE][PASSED] - Object: 'Object Repository/Page_Moodle Add a new course/span_' is clicked on

2022-01-11 21:44:00 - [TEST_STEP][PASSED] - click(findTestObject("Object Repository/Page_Moodle Add a new course/li_Cng ngh thng tin  K thut phn mm")): Object: 'Object Repository/Page_Moodle Add a new course/li_Cng ngh thng tin  K thut phn mm' is clicked on

2022-01-11 21:44:01 - [MESSAGE][PASSED] - Object: 'Object Repository/Page_Moodle Add a new course/li_Cng ngh thng tin  K thut phn mm' is clicked on

2022-01-11 21:44:01 - [TEST_STEP][PASSED] - selectOptionByValue(findTestObject("Object Repository/Page_Moodle Add a new course/select_Miscellaneous            Cng ngh thn_6d25f3"), "3", true): All options with value '3' are selected in object 'Object Repository/Page_Moodle Add a new course/select_Miscellaneous            Cng ngh thn_6d25f3'  using regular expression

2022-01-11 21:44:02 - [MESSAGE][PASSED] - All options with value '3' are selected in object 'Object Repository/Page_Moodle Add a new course/select_Miscellaneous            Cng ngh thn_6d25f3'  using regular expression

2022-01-11 21:44:02 - [TEST_STEP][PASSED] - click(findTestObject("Object Repository/Page_Moodle Add a new course/input_Enable_enddateenabled")): Object: 'Object Repository/Page_Moodle Add a new course/input_Enable_enddateenabled' is clicked on

2022-01-11 21:44:03 - [MESSAGE][PASSED] - Object: 'Object Repository/Page_Moodle Add a new course/input_Enable_enddateenabled' is clicked on

2022-01-11 21:44:03 - [TEST_STEP][PASSED] - click(findTestObject("Object Repository/Page_Moodle Add a new course/input__saveanddisplay")): Object: 'Object Repository/Page_Moodle Add a new course/input__saveanddisplay' is clicked on

2022-01-11 21:44:04 - [MESSAGE][PASSED] - Object: 'Object Repository/Page_Moodle Add a new course/input__saveanddisplay' is clicked on

2022-01-11 21:44:04 - [TEST_STEP][PASSED] - click(findTestObject("Object Repository/Page_CSC13009 Participants/h2_Participants")): Object: 'Object Repository/Page_CSC13009 Participants/h2_Participants' is clicked on

2022-01-11 21:44:05 - [MESSAGE][PASSED] - Object: 'Object Repository/Page_CSC13009 Participants/h2_Participants' is clicked on]]></system-out>
         <system-err><![CDATA[]]></system-err>
      </testcase>
      <testcase name="Test Cases/Admin create course (invisible)" time="20.727" classname="Test Cases/Admin create course (invisible)" status="PASSED">
         <system-out><![CDATA[2022-01-11 21:44:05 - [TEST_CASE][PASSED] - Test Cases/Admin create course (invisible): Test Cases/Admin create course (invisible)

2022-01-11 21:44:05 - [TEST_STEP][PASSED] - callTestCase(findTestCase("Login as admin"), [:], STOP_ON_FAILURE): Call Test Case 'Test Cases/Login as admin' successfully

2022-01-11 21:44:05 - [TEST_CASE][PASSED] - Test Cases/Login as admin: Test Cases/Login as admin

2022-01-11 21:44:05 - [TEST_STEP][PASSED] - openBrowser(""): Browser is opened with url: ''

2022-01-11 21:44:05 - [MESSAGE][WARNING] - A browser is already opened. Closing browser and opening a new one

2022-01-11 21:44:06 - [MESSAGE][INFO] - Starting 'Edge Chromium' driver

2022-01-11 21:44:08 - [MESSAGE][INFO] - Action delay is set to 0 milliseconds

2022-01-11 21:44:09 - [MESSAGE][PASSED] - Browser is opened with url: ''

2022-01-11 21:44:09 - [TEST_STEP][PASSED] - navigateToUrl("http://localhost/"): Navigate to 'http://localhost/' successfully

2022-01-11 21:44:10 - [MESSAGE][PASSED] - Navigate to 'http://localhost/' successfully

2022-01-11 21:44:10 - [TEST_STEP][PASSED] - click(findTestObject("Object Repository/Page_My Moodle/a_Log in")): Object: 'Object Repository/Page_My Moodle/a_Log in' is clicked on

2022-01-11 21:44:11 - [MESSAGE][PASSED] - Object: 'Object Repository/Page_My Moodle/a_Log in' is clicked on

2022-01-11 21:44:11 - [TEST_STEP][PASSED] - setText(findTestObject("Object Repository/Page_My Moodle Log in to the site/input_Username_username"), "admin"): Text 'admin' is set on object 'Object Repository/Page_My Moodle Log in to the site/input_Username_username'

2022-01-11 21:44:12 - [MESSAGE][PASSED] - Text 'admin' is set on object 'Object Repository/Page_My Moodle Log in to the site/input_Username_username'

2022-01-11 21:44:12 - [TEST_STEP][PASSED] - setEncryptedText(findTestObject("Object Repository/Page_My Moodle Log in to the site/input_Password_password"), "7Dxoto1EjKfQbGop/Ov+1g=="): Text ****** has been set on object 'Object Repository/Page_My Moodle Log in to the site/input_Password_password'

2022-01-11 21:44:12 - [MESSAGE][PASSED] - Text ****** has been set on object 'Object Repository/Page_My Moodle Log in to the site/input_Password_password'

2022-01-11 21:44:12 - [TEST_STEP][PASSED] - click(findTestObject("Object Repository/Page_My Moodle Log in to the site/button_Log in")): Object: 'Object Repository/Page_My Moodle Log in to the site/button_Log in' is clicked on

2022-01-11 21:44:13 - [MESSAGE][PASSED] - Object: 'Object Repository/Page_My Moodle Log in to the site/button_Log in' is clicked on

2022-01-11 21:44:13 - [MESSAGE][PASSED] - Call Test Case 'Test Cases/Login as admin' successfully

2022-01-11 21:44:13 - [TEST_STEP][PASSED] - click(findTestObject("Object Repository/Page_Dashboard/span_Site administration")): Object: 'Object Repository/Page_Dashboard/span_Site administration' is clicked on

2022-01-11 21:44:15 - [MESSAGE][PASSED] - Object: 'Object Repository/Page_Dashboard/span_Site administration' is clicked on

2022-01-11 21:44:15 - [TEST_STEP][PASSED] - navigateToUrl("http://localhost/admin/search.php"): Navigate to 'http://localhost/admin/search.php' successfully

2022-01-11 21:44:16 - [MESSAGE][PASSED] - Navigate to 'http://localhost/admin/search.php' successfully

2022-01-11 21:44:16 - [TEST_STEP][PASSED] - click(findTestObject("Object Repository/Page_Moodle Administration Search/a_Courses")): Object: 'Object Repository/Page_Moodle Administration Search/a_Courses' is clicked on

2022-01-11 21:44:16 - [MESSAGE][PASSED] - Object: 'Object Repository/Page_Moodle Administration Search/a_Courses' is clicked on

2022-01-11 21:44:16 - [TEST_STEP][PASSED] - click(findTestObject("Object Repository/Page_Moodle Administration Search/a_Add a new course")): Object: 'Object Repository/Page_Moodle Administration Search/a_Add a new course' is clicked on

2022-01-11 21:44:18 - [MESSAGE][PASSED] - Object: 'Object Repository/Page_Moodle Administration Search/a_Add a new course' is clicked on

2022-01-11 21:44:18 - [TEST_STEP][PASSED] - setText(findTestObject("Object Repository/Page_Moodle Add a new course/input_Course full name_fullname"), "Thiết kế phần mềm"): Text 'Thiết kế phần mềm' is set on object 'Object Repository/Page_Moodle Add a new course/input_Course full name_fullname'

2022-01-11 21:44:19 - [MESSAGE][PASSED] - Text 'Thiết kế phần mềm' is set on object 'Object Repository/Page_Moodle Add a new course/input_Course full name_fullname'

2022-01-11 21:44:19 - [TEST_STEP][PASSED] - setText(findTestObject("Object Repository/Page_Moodle Add a new course/input_Course short name_shortname"), "CSC13010"): Text 'CSC13010' is set on object 'Object Repository/Page_Moodle Add a new course/input_Course short name_shortname'

2022-01-11 21:44:20 - [MESSAGE][PASSED] - Text 'CSC13010' is set on object 'Object Repository/Page_Moodle Add a new course/input_Course short name_shortname'

2022-01-11 21:44:20 - [TEST_STEP][PASSED] - click(findTestObject("Object Repository/Page_Moodle Add a new course/span_")): Object: 'Object Repository/Page_Moodle Add a new course/span_' is clicked on

2022-01-11 21:44:20 - [MESSAGE][PASSED] - Object: 'Object Repository/Page_Moodle Add a new course/span_' is clicked on

2022-01-11 21:44:20 - [TEST_STEP][PASSED] - click(findTestObject("Object Repository/Page_Moodle Add a new course/li_Cng ngh thng tin  K thut phn mm")): Object: 'Object Repository/Page_Moodle Add a new course/li_Cng ngh thng tin  K thut phn mm' is clicked on

2022-01-11 21:44:21 - [MESSAGE][PASSED] - Object: 'Object Repository/Page_Moodle Add a new course/li_Cng ngh thng tin  K thut phn mm' is clicked on

2022-01-11 21:44:21 - [TEST_STEP][PASSED] - selectOptionByValue(findTestObject("Object Repository/Page_Moodle Add a new course/select_Miscellaneous            Cng ngh thn_6d25f3"), "3", true): All options with value '3' are selected in object 'Object Repository/Page_Moodle Add a new course/select_Miscellaneous            Cng ngh thn_6d25f3'  using regular expression

2022-01-11 21:44:23 - [MESSAGE][PASSED] - All options with value '3' are selected in object 'Object Repository/Page_Moodle Add a new course/select_Miscellaneous            Cng ngh thn_6d25f3'  using regular expression

2022-01-11 21:44:23 - [TEST_STEP][PASSED] - selectOptionByValue(findTestObject("Object Repository/Page_Moodle Add a new course/select_Hide            Show"), "0", true): All options with value '0' are selected in object 'Object Repository/Page_Moodle Add a new course/select_Hide            Show'  using regular expression

2022-01-11 21:44:24 - [MESSAGE][PASSED] - All options with value '0' are selected in object 'Object Repository/Page_Moodle Add a new course/select_Hide            Show'  using regular expression

2022-01-11 21:44:24 - [TEST_STEP][PASSED] - click(findTestObject("Object Repository/Page_Moodle Add a new course/input__saveanddisplay")): Object: 'Object Repository/Page_Moodle Add a new course/input__saveanddisplay' is clicked on

2022-01-11 21:44:25 - [MESSAGE][PASSED] - Object: 'Object Repository/Page_Moodle Add a new course/input__saveanddisplay' is clicked on

2022-01-11 21:44:25 - [TEST_STEP][PASSED] - click(findTestObject("Object Repository/Page_CSC13010 Participants/h2_Participants")): Object: 'Object Repository/Page_CSC13010 Participants/h2_Participants' is clicked on

2022-01-11 21:44:25 - [MESSAGE][PASSED] - Object: 'Object Repository/Page_CSC13010 Participants/h2_Participants' is clicked on]]></system-out>
         <system-err><![CDATA[]]></system-err>
      </testcase>
      <testcase name="Test Cases/Admin create course (exists)" time="20.334" classname="Test Cases/Admin create course (exists)" status="PASSED">
         <system-out><![CDATA[2022-01-11 21:44:25 - [TEST_CASE][PASSED] - Test Cases/Admin create course (exists): Test Cases/Admin create course (exists)

2022-01-11 21:44:26 - [TEST_STEP][PASSED] - callTestCase(findTestCase("Login as admin"), [:], STOP_ON_FAILURE): Call Test Case 'Test Cases/Login as admin' successfully

2022-01-11 21:44:26 - [TEST_CASE][PASSED] - Test Cases/Login as admin: Test Cases/Login as admin

2022-01-11 21:44:26 - [TEST_STEP][PASSED] - openBrowser(""): Browser is opened with url: ''

2022-01-11 21:44:26 - [MESSAGE][WARNING] - A browser is already opened. Closing browser and opening a new one

2022-01-11 21:44:27 - [MESSAGE][INFO] - Starting 'Edge Chromium' driver

2022-01-11 21:44:28 - [MESSAGE][INFO] - Action delay is set to 0 milliseconds

2022-01-11 21:44:30 - [MESSAGE][PASSED] - Browser is opened with url: ''

2022-01-11 21:44:30 - [TEST_STEP][PASSED] - navigateToUrl("http://localhost/"): Navigate to 'http://localhost/' successfully

2022-01-11 21:44:30 - [MESSAGE][PASSED] - Navigate to 'http://localhost/' successfully

2022-01-11 21:44:30 - [TEST_STEP][PASSED] - click(findTestObject("Object Repository/Page_My Moodle/a_Log in")): Object: 'Object Repository/Page_My Moodle/a_Log in' is clicked on

2022-01-11 21:44:31 - [MESSAGE][PASSED] - Object: 'Object Repository/Page_My Moodle/a_Log in' is clicked on

2022-01-11 21:44:31 - [TEST_STEP][PASSED] - setText(findTestObject("Object Repository/Page_My Moodle Log in to the site/input_Username_username"), "admin"): Text 'admin' is set on object 'Object Repository/Page_My Moodle Log in to the site/input_Username_username'

2022-01-11 21:44:32 - [MESSAGE][PASSED] - Text 'admin' is set on object 'Object Repository/Page_My Moodle Log in to the site/input_Username_username'

2022-01-11 21:44:32 - [TEST_STEP][PASSED] - setEncryptedText(findTestObject("Object Repository/Page_My Moodle Log in to the site/input_Password_password"), "7Dxoto1EjKfQbGop/Ov+1g=="): Text ****** has been set on object 'Object Repository/Page_My Moodle Log in to the site/input_Password_password'

2022-01-11 21:44:32 - [MESSAGE][PASSED] - Text ****** has been set on object 'Object Repository/Page_My Moodle Log in to the site/input_Password_password'

2022-01-11 21:44:32 - [TEST_STEP][PASSED] - click(findTestObject("Object Repository/Page_My Moodle Log in to the site/button_Log in")): Object: 'Object Repository/Page_My Moodle Log in to the site/button_Log in' is clicked on

2022-01-11 21:44:34 - [MESSAGE][PASSED] - Object: 'Object Repository/Page_My Moodle Log in to the site/button_Log in' is clicked on

2022-01-11 21:44:34 - [MESSAGE][PASSED] - Call Test Case 'Test Cases/Login as admin' successfully

2022-01-11 21:44:34 - [TEST_STEP][PASSED] - click(findTestObject("Object Repository/Page_Dashboard/span_Site administration")): Object: 'Object Repository/Page_Dashboard/span_Site administration' is clicked on

2022-01-11 21:44:36 - [MESSAGE][PASSED] - Object: 'Object Repository/Page_Dashboard/span_Site administration' is clicked on

2022-01-11 21:44:36 - [TEST_STEP][PASSED] - navigateToUrl("http://localhost/admin/search.php"): Navigate to 'http://localhost/admin/search.php' successfully

2022-01-11 21:44:36 - [MESSAGE][PASSED] - Navigate to 'http://localhost/admin/search.php' successfully

2022-01-11 21:44:36 - [TEST_STEP][PASSED] - click(findTestObject("Object Repository/Page_Moodle Administration Search/a_Courses")): Object: 'Object Repository/Page_Moodle Administration Search/a_Courses' is clicked on

2022-01-11 21:44:37 - [MESSAGE][PASSED] - Object: 'Object Repository/Page_Moodle Administration Search/a_Courses' is clicked on

2022-01-11 21:44:37 - [TEST_STEP][PASSED] - click(findTestObject("Object Repository/Page_Moodle Administration Search/a_Add a new course")): Object: 'Object Repository/Page_Moodle Administration Search/a_Add a new course' is clicked on

2022-01-11 21:44:38 - [MESSAGE][PASSED] - Object: 'Object Repository/Page_Moodle Administration Search/a_Add a new course' is clicked on

2022-01-11 21:44:38 - [TEST_STEP][PASSED] - setText(findTestObject("Object Repository/Page_Moodle Add a new course/input_Course full name_fullname"), "Thiết kế phần mềm"): Text 'Thiết kế phần mềm' is set on object 'Object Repository/Page_Moodle Add a new course/input_Course full name_fullname'

2022-01-11 21:44:40 - [MESSAGE][PASSED] - Text 'Thiết kế phần mềm' is set on object 'Object Repository/Page_Moodle Add a new course/input_Course full name_fullname'

2022-01-11 21:44:40 - [TEST_STEP][PASSED] - setText(findTestObject("Object Repository/Page_Moodle Add a new course/input_Course short name_shortname"), "CSC13010"): Text 'CSC13010' is set on object 'Object Repository/Page_Moodle Add a new course/input_Course short name_shortname'

2022-01-11 21:44:41 - [MESSAGE][PASSED] - Text 'CSC13010' is set on object 'Object Repository/Page_Moodle Add a new course/input_Course short name_shortname'

2022-01-11 21:44:41 - [TEST_STEP][PASSED] - click(findTestObject("Object Repository/Page_Moodle Add a new course/span_")): Object: 'Object Repository/Page_Moodle Add a new course/span_' is clicked on

2022-01-11 21:44:41 - [MESSAGE][PASSED] - Object: 'Object Repository/Page_Moodle Add a new course/span_' is clicked on

2022-01-11 21:44:41 - [TEST_STEP][PASSED] - click(findTestObject("Object Repository/Page_Moodle Add a new course/li_Cng ngh thng tin  K thut phn mm")): Object: 'Object Repository/Page_Moodle Add a new course/li_Cng ngh thng tin  K thut phn mm' is clicked on

2022-01-11 21:44:42 - [MESSAGE][PASSED] - Object: 'Object Repository/Page_Moodle Add a new course/li_Cng ngh thng tin  K thut phn mm' is clicked on

2022-01-11 21:44:42 - [TEST_STEP][PASSED] - selectOptionByValue(findTestObject("Object Repository/Page_Moodle Add a new course/select_Miscellaneous            Cng ngh thn_6d25f3"), "3", true): All options with value '3' are selected in object 'Object Repository/Page_Moodle Add a new course/select_Miscellaneous            Cng ngh thn_6d25f3'  using regular expression

2022-01-11 21:44:43 - [MESSAGE][PASSED] - All options with value '3' are selected in object 'Object Repository/Page_Moodle Add a new course/select_Miscellaneous            Cng ngh thn_6d25f3'  using regular expression

2022-01-11 21:44:43 - [TEST_STEP][PASSED] - click(findTestObject("Object Repository/Page_Moodle Add a new course/input__saveanddisplay")): Object: 'Object Repository/Page_Moodle Add a new course/input__saveanddisplay' is clicked on

2022-01-11 21:44:45 - [MESSAGE][PASSED] - Object: 'Object Repository/Page_Moodle Add a new course/input__saveanddisplay' is clicked on

2022-01-11 21:44:45 - [TEST_STEP][PASSED] - click(findTestObject("Object Repository/Page_Moodle Add a new course/div_Short name is already used for another _588d57")): Object: 'Object Repository/Page_Moodle Add a new course/div_Short name is already used for another _588d57' is clicked on

2022-01-11 21:44:46 - [MESSAGE][PASSED] - Object: 'Object Repository/Page_Moodle Add a new course/div_Short name is already used for another _588d57' is clicked on]]></system-out>
         <system-err><![CDATA[]]></system-err>
      </testcase>
      <testcase name="Test Cases/Admin suspend user account" time="20.419" classname="Test Cases/Admin suspend user account" status="PASSED">
         <system-out><![CDATA[2022-01-11 21:44:46 - [TEST_CASE][PASSED] - Test Cases/Admin suspend user account: Test Cases/Admin suspend user account

2022-01-11 21:44:46 - [TEST_STEP][PASSED] - callTestCase(findTestCase("Login as admin"), [:], STOP_ON_FAILURE): Call Test Case 'Test Cases/Login as admin' successfully

2022-01-11 21:44:46 - [TEST_CASE][PASSED] - Test Cases/Login as admin: Test Cases/Login as admin

2022-01-11 21:44:46 - [TEST_STEP][PASSED] - openBrowser(""): Browser is opened with url: ''

2022-01-11 21:44:46 - [MESSAGE][WARNING] - A browser is already opened. Closing browser and opening a new one

2022-01-11 21:44:47 - [MESSAGE][INFO] - Starting 'Edge Chromium' driver

2022-01-11 21:44:49 - [MESSAGE][INFO] - Action delay is set to 0 milliseconds

2022-01-11 21:44:51 - [MESSAGE][PASSED] - Browser is opened with url: ''

2022-01-11 21:44:51 - [TEST_STEP][PASSED] - navigateToUrl("http://localhost/"): Navigate to 'http://localhost/' successfully

2022-01-11 21:44:51 - [MESSAGE][PASSED] - Navigate to 'http://localhost/' successfully

2022-01-11 21:44:51 - [TEST_STEP][PASSED] - click(findTestObject("Object Repository/Page_My Moodle/a_Log in")): Object: 'Object Repository/Page_My Moodle/a_Log in' is clicked on

2022-01-11 21:44:52 - [MESSAGE][PASSED] - Object: 'Object Repository/Page_My Moodle/a_Log in' is clicked on

2022-01-11 21:44:52 - [TEST_STEP][PASSED] - setText(findTestObject("Object Repository/Page_My Moodle Log in to the site/input_Username_username"), "admin"): Text 'admin' is set on object 'Object Repository/Page_My Moodle Log in to the site/input_Username_username'

2022-01-11 21:44:53 - [MESSAGE][PASSED] - Text 'admin' is set on object 'Object Repository/Page_My Moodle Log in to the site/input_Username_username'

2022-01-11 21:44:53 - [TEST_STEP][PASSED] - setEncryptedText(findTestObject("Object Repository/Page_My Moodle Log in to the site/input_Password_password"), "7Dxoto1EjKfQbGop/Ov+1g=="): Text ****** has been set on object 'Object Repository/Page_My Moodle Log in to the site/input_Password_password'

2022-01-11 21:44:53 - [MESSAGE][PASSED] - Text ****** has been set on object 'Object Repository/Page_My Moodle Log in to the site/input_Password_password'

2022-01-11 21:44:53 - [TEST_STEP][PASSED] - click(findTestObject("Object Repository/Page_My Moodle Log in to the site/button_Log in")): Object: 'Object Repository/Page_My Moodle Log in to the site/button_Log in' is clicked on

2022-01-11 21:44:54 - [MESSAGE][PASSED] - Object: 'Object Repository/Page_My Moodle Log in to the site/button_Log in' is clicked on

2022-01-11 21:44:54 - [MESSAGE][PASSED] - Call Test Case 'Test Cases/Login as admin' successfully

2022-01-11 21:44:54 - [TEST_STEP][PASSED] - click(findTestObject("Object Repository/Page_Dashboard/span_Site administration")): Object: 'Object Repository/Page_Dashboard/span_Site administration' is clicked on

2022-01-11 21:44:56 - [MESSAGE][PASSED] - Object: 'Object Repository/Page_Dashboard/span_Site administration' is clicked on

2022-01-11 21:44:56 - [TEST_STEP][PASSED] - navigateToUrl("http://localhost/admin/search.php"): Navigate to 'http://localhost/admin/search.php' successfully

2022-01-11 21:44:57 - [MESSAGE][PASSED] - Navigate to 'http://localhost/admin/search.php' successfully

2022-01-11 21:44:57 - [TEST_STEP][PASSED] - click(findTestObject("Object Repository/Page_Moodle Administration Search/a_Users")): Object: 'Object Repository/Page_Moodle Administration Search/a_Users' is clicked on

2022-01-11 21:44:58 - [MESSAGE][PASSED] - Object: 'Object Repository/Page_Moodle Administration Search/a_Users' is clicked on

2022-01-11 21:44:58 - [TEST_STEP][PASSED] - click(findTestObject("Object Repository/Page_Moodle Administration Search/a_Browse list of users")): Object: 'Object Repository/Page_Moodle Administration Search/a_Browse list of users' is clicked on

2022-01-11 21:44:59 - [MESSAGE][PASSED] - Object: 'Object Repository/Page_Moodle Administration Search/a_Browse list of users' is clicked on

2022-01-11 21:44:59 - [TEST_STEP][PASSED] - click(findTestObject("Object Repository/Page_Moodle Administration Users Accounts B_4543d8/i_vhbaoduy0808gmail.com_icon fa fa-eye fa-fw")): Object: 'Object Repository/Page_Moodle Administration Users Accounts B_4543d8/i_vhbaoduy0808gmail.com_icon fa fa-eye fa-fw' is clicked on

2022-01-11 21:45:00 - [MESSAGE][PASSED] - Object: 'Object Repository/Page_Moodle Administration Users Accounts B_4543d8/i_vhbaoduy0808gmail.com_icon fa fa-eye fa-fw' is clicked on

2022-01-11 21:45:00 - [TEST_STEP][PASSED] - click(findTestObject("Object Repository/Page_Moodle Administration Users Accounts B_4543d8/a_Admin Team")): Object: 'Object Repository/Page_Moodle Administration Users Accounts B_4543d8/a_Admin Team' is clicked on

2022-01-11 21:45:01 - [MESSAGE][PASSED] - Object: 'Object Repository/Page_Moodle Administration Users Accounts B_4543d8/a_Admin Team' is clicked on

2022-01-11 21:45:01 - [TEST_STEP][PASSED] - click(findTestObject("Object Repository/Page_Moodle Administration Users Accounts B_4543d8/span_Log out")): Object: 'Object Repository/Page_Moodle Administration Users Accounts B_4543d8/span_Log out' is clicked on

2022-01-11 21:45:02 - [MESSAGE][PASSED] - Object: 'Object Repository/Page_Moodle Administration Users Accounts B_4543d8/span_Log out' is clicked on

2022-01-11 21:45:02 - [TEST_STEP][PASSED] - click(findTestObject("Object Repository/Page_My Moodle/a_Log in")): Object: 'Object Repository/Page_My Moodle/a_Log in' is clicked on

2022-01-11 21:45:02 - [MESSAGE][PASSED] - Object: 'Object Repository/Page_My Moodle/a_Log in' is clicked on

2022-01-11 21:45:02 - [TEST_STEP][PASSED] - setText(findTestObject("Object Repository/Page_My Moodle Log in to the site/input_Username_username"), "voduy"): Text 'voduy' is set on object 'Object Repository/Page_My Moodle Log in to the site/input_Username_username'

2022-01-11 21:45:03 - [MESSAGE][PASSED] - Text 'voduy' is set on object 'Object Repository/Page_My Moodle Log in to the site/input_Username_username'

2022-01-11 21:45:03 - [TEST_STEP][PASSED] - setEncryptedText(findTestObject("Object Repository/Page_My Moodle Log in to the site/input_Password_password"), "j1ZzzeKf8NiE21d5rsNRrQ=="): Text ****** has been set on object 'Object Repository/Page_My Moodle Log in to the site/input_Password_password'

2022-01-11 21:45:04 - [MESSAGE][PASSED] - Text ****** has been set on object 'Object Repository/Page_My Moodle Log in to the site/input_Password_password'

2022-01-11 21:45:04 - [TEST_STEP][PASSED] - click(findTestObject("Object Repository/Page_My Moodle Log in to the site/button_Log in")): Object: 'Object Repository/Page_My Moodle Log in to the site/button_Log in' is clicked on

2022-01-11 21:45:05 - [MESSAGE][PASSED] - Object: 'Object Repository/Page_My Moodle Log in to the site/button_Log in' is clicked on

2022-01-11 21:45:05 - [TEST_STEP][PASSED] - click(findTestObject("Object Repository/Page_My Moodle Log in to the site/button_Log in")): Object: 'Object Repository/Page_My Moodle Log in to the site/button_Log in' is clicked on

2022-01-11 21:45:06 - [MESSAGE][PASSED] - Object: 'Object Repository/Page_My Moodle Log in to the site/button_Log in' is clicked on]]></system-out>
         <system-err><![CDATA[]]></system-err>
      </testcase>
      <testcase name="Test Cases/Admin create event on a course" time="35.016" classname="Test Cases/Admin create event on a course" status="PASSED">
         <system-out><![CDATA[2022-01-11 21:45:06 - [TEST_CASE][PASSED] - Test Cases/Admin create event on a course: Test Cases/Admin create event on a course

2022-01-11 21:45:07 - [TEST_STEP][PASSED] - callTestCase(findTestCase("Login as admin"), [:], STOP_ON_FAILURE): Call Test Case 'Test Cases/Login as admin' successfully

2022-01-11 21:45:07 - [TEST_CASE][PASSED] - Test Cases/Login as admin: Test Cases/Login as admin

2022-01-11 21:45:07 - [TEST_STEP][PASSED] - openBrowser(""): Browser is opened with url: ''

2022-01-11 21:45:07 - [MESSAGE][WARNING] - A browser is already opened. Closing browser and opening a new one

2022-01-11 21:45:08 - [MESSAGE][INFO] - Starting 'Edge Chromium' driver

2022-01-11 21:45:10 - [MESSAGE][INFO] - Action delay is set to 0 milliseconds

2022-01-11 21:45:11 - [MESSAGE][PASSED] - Browser is opened with url: ''

2022-01-11 21:45:11 - [TEST_STEP][PASSED] - navigateToUrl("http://localhost/"): Navigate to 'http://localhost/' successfully

2022-01-11 21:45:12 - [MESSAGE][PASSED] - Navigate to 'http://localhost/' successfully

2022-01-11 21:45:12 - [TEST_STEP][PASSED] - click(findTestObject("Object Repository/Page_My Moodle/a_Log in")): Object: 'Object Repository/Page_My Moodle/a_Log in' is clicked on

2022-01-11 21:45:13 - [MESSAGE][PASSED] - Object: 'Object Repository/Page_My Moodle/a_Log in' is clicked on

2022-01-11 21:45:13 - [TEST_STEP][PASSED] - setText(findTestObject("Object Repository/Page_My Moodle Log in to the site/input_Username_username"), "admin"): Text 'admin' is set on object 'Object Repository/Page_My Moodle Log in to the site/input_Username_username'

2022-01-11 21:45:13 - [MESSAGE][PASSED] - Text 'admin' is set on object 'Object Repository/Page_My Moodle Log in to the site/input_Username_username'

2022-01-11 21:45:13 - [TEST_STEP][PASSED] - setEncryptedText(findTestObject("Object Repository/Page_My Moodle Log in to the site/input_Password_password"), "7Dxoto1EjKfQbGop/Ov+1g=="): Text ****** has been set on object 'Object Repository/Page_My Moodle Log in to the site/input_Password_password'

2022-01-11 21:45:14 - [MESSAGE][PASSED] - Text ****** has been set on object 'Object Repository/Page_My Moodle Log in to the site/input_Password_password'

2022-01-11 21:45:14 - [TEST_STEP][PASSED] - click(findTestObject("Object Repository/Page_My Moodle Log in to the site/button_Log in")): Object: 'Object Repository/Page_My Moodle Log in to the site/button_Log in' is clicked on

2022-01-11 21:45:15 - [MESSAGE][PASSED] - Object: 'Object Repository/Page_My Moodle Log in to the site/button_Log in' is clicked on

2022-01-11 21:45:15 - [MESSAGE][PASSED] - Call Test Case 'Test Cases/Login as admin' successfully

2022-01-11 21:45:15 - [TEST_STEP][PASSED] - click(findTestObject("Object Repository/Page_Dashboard/a_Site home")): Object: 'Object Repository/Page_Dashboard/a_Site home' is clicked on

2022-01-11 21:45:17 - [MESSAGE][PASSED] - Object: 'Object Repository/Page_Dashboard/a_Site home' is clicked on

2022-01-11 21:45:17 - [TEST_STEP][PASSED] - navigateToUrl("http://localhost/?redirect=0"): Navigate to 'http://localhost/?redirect=0' successfully

2022-01-11 21:45:17 - [MESSAGE][PASSED] - Navigate to 'http://localhost/?redirect=0' successfully

2022-01-11 21:45:17 - [TEST_STEP][PASSED] - click(findTestObject("Object Repository/Page_My Moodle/a_Phn tch v qun l yu cu phn mm")): Object: 'Object Repository/Page_My Moodle/a_Phn tch v qun l yu cu phn mm' is clicked on

2022-01-11 21:45:18 - [MESSAGE][PASSED] - Object: 'Object Repository/Page_My Moodle/a_Phn tch v qun l yu cu phn mm' is clicked on

2022-01-11 21:45:18 - [TEST_STEP][PASSED] - click(findTestObject("Object Repository/Page_Course Phn tch v qun l yu cu phn mm/a_Calendar")): Object: 'Object Repository/Page_Course Phn tch v qun l yu cu phn mm/a_Calendar' is clicked on

2022-01-11 21:45:19 - [MESSAGE][PASSED] - Object: 'Object Repository/Page_Course Phn tch v qun l yu cu phn mm/a_Calendar' is clicked on

2022-01-11 21:45:19 - [TEST_STEP][PASSED] - click(findTestObject("Object Repository/Page_CSC13005 Calendar Detailed month view _53704a/button_New event")): Object: 'Object Repository/Page_CSC13005 Calendar Detailed month view _53704a/button_New event' is clicked on

2022-01-11 21:45:20 - [MESSAGE][PASSED] - Object: 'Object Repository/Page_CSC13005 Calendar Detailed month view _53704a/button_New event' is clicked on

2022-01-11 21:45:20 - [TEST_STEP][PASSED] - setText(findTestObject("Page_CSC13005 Calendar Detailed month view _53704a/input_Event title_name"), "Các bạn sẽ thi vào ngày 20/02/2022"): Text 'Các bạn sẽ thi vào ngày 20/02/2022' is set on object 'Object Repository/Page_CSC13005 Calendar Detailed month view _53704a/input_Event title_name'

2022-01-11 21:45:22 - [MESSAGE][PASSED] - Text 'Các bạn sẽ thi vào ngày 20/02/2022' is set on object 'Object Repository/Page_CSC13005 Calendar Detailed month view _53704a/input_Event title_name'

2022-01-11 21:45:22 - [TEST_STEP][PASSED] - selectOptionByValue(findTestObject("Object Repository/Page_CSC13005 Calendar Detailed month view _53704a/select_1        2        3        4        _45ea30"), "20", true): All options with value '20' are selected in object 'Object Repository/Page_CSC13005 Calendar Detailed month view _53704a/select_1        2        3        4        _45ea30'  using regular expression

2022-01-11 21:45:24 - [MESSAGE][PASSED] - All options with value '20' are selected in object 'Object Repository/Page_CSC13005 Calendar Detailed month view _53704a/select_1        2        3        4        _45ea30'  using regular expression

2022-01-11 21:45:24 - [TEST_STEP][PASSED] - selectOptionByValue(findTestObject("Object Repository/Page_CSC13005 Calendar Detailed month view _53704a/select_January        February        March_78ea2e"), "2", true): All options with value '2' are selected in object 'Object Repository/Page_CSC13005 Calendar Detailed month view _53704a/select_January        February        March_78ea2e'  using regular expression

2022-01-11 21:45:25 - [MESSAGE][PASSED] - All options with value '2' are selected in object 'Object Repository/Page_CSC13005 Calendar Detailed month view _53704a/select_January        February        March_78ea2e'  using regular expression

2022-01-11 21:45:25 - [TEST_STEP][PASSED] - selectOptionByValue(findTestObject("Object Repository/Page_CSC13005 Calendar Detailed month view _53704a/select_00        01        02        03    _f6e37b"), "7", true): All options with value '7' are selected in object 'Object Repository/Page_CSC13005 Calendar Detailed month view _53704a/select_00        01        02        03    _f6e37b'  using regular expression

2022-01-11 21:45:27 - [MESSAGE][PASSED] - All options with value '7' are selected in object 'Object Repository/Page_CSC13005 Calendar Detailed month view _53704a/select_00        01        02        03    _f6e37b'  using regular expression

2022-01-11 21:45:27 - [TEST_STEP][PASSED] - selectOptionByValue(findTestObject("Object Repository/Page_CSC13005 Calendar Detailed month view _53704a/select_00        01        02        03    _f6e37b_1"), "0", true): All options with value '0' are selected in object 'Object Repository/Page_CSC13005 Calendar Detailed month view _53704a/select_00        01        02        03    _f6e37b_1'  using regular expression

2022-01-11 21:45:28 - [MESSAGE][PASSED] - All options with value '0' are selected in object 'Object Repository/Page_CSC13005 Calendar Detailed month view _53704a/select_00        01        02        03    _f6e37b_1'  using regular expression

2022-01-11 21:45:28 - [TEST_STEP][PASSED] - click(findTestObject("Object Repository/Page_CSC13005 Calendar Detailed month view _53704a/button_Save")): Object: 'Object Repository/Page_CSC13005 Calendar Detailed month view _53704a/button_Save' is clicked on

2022-01-11 21:45:29 - [MESSAGE][PASSED] - Object: 'Object Repository/Page_CSC13005 Calendar Detailed month view _53704a/button_Save' is clicked on

2022-01-11 21:45:29 - [TEST_STEP][PASSED] - closeBrowser(): Browser is closed

2022-01-11 21:45:30 - [MESSAGE][PASSED] - Browser is closed

2022-01-11 21:45:30 - [TEST_STEP][PASSED] - callTestCase(findTestCase("Login as user (student)"), [:], STOP_ON_FAILURE): Call Test Case 'Test Cases/Login as user (student)' successfully

2022-01-11 21:45:30 - [TEST_CASE][PASSED] - Test Cases/Login as user (student): Test Cases/Login as user (student)

2022-01-11 21:45:30 - [TEST_STEP][PASSED] - openBrowser(""): Browser is opened with url: ''

2022-01-11 21:45:30 - [MESSAGE][INFO] - Starting 'Edge Chromium' driver

2022-01-11 21:45:32 - [MESSAGE][INFO] - Action delay is set to 0 milliseconds

2022-01-11 21:45:34 - [MESSAGE][PASSED] - Browser is opened with url: ''

2022-01-11 21:45:34 - [TEST_STEP][PASSED] - navigateToUrl("http://localhost/"): Navigate to 'http://localhost/' successfully

2022-01-11 21:45:34 - [MESSAGE][PASSED] - Navigate to 'http://localhost/' successfully

2022-01-11 21:45:34 - [TEST_STEP][PASSED] - click(findTestObject("Object Repository/Page_My Moodle/a_Log in")): Object: 'Object Repository/Page_My Moodle/a_Log in' is clicked on

2022-01-11 21:45:35 - [MESSAGE][PASSED] - Object: 'Object Repository/Page_My Moodle/a_Log in' is clicked on

2022-01-11 21:45:35 - [TEST_STEP][PASSED] - setText(findTestObject("Object Repository/Page_My Moodle Log in to the site/input_Username_username"), "student"): Text 'student' is set on object 'Object Repository/Page_My Moodle Log in to the site/input_Username_username'

2022-01-11 21:45:36 - [MESSAGE][PASSED] - Text 'student' is set on object 'Object Repository/Page_My Moodle Log in to the site/input_Username_username'

2022-01-11 21:45:36 - [TEST_STEP][PASSED] - setEncryptedText(findTestObject("Object Repository/Page_My Moodle Log in to the site/input_Password_password"), "3t5OwH/+bwwlEvOXGw7/rg=="): Text ****** has been set on object 'Object Repository/Page_My Moodle Log in to the site/input_Password_password'

2022-01-11 21:45:36 - [MESSAGE][PASSED] - Text ****** has been set on object 'Object Repository/Page_My Moodle Log in to the site/input_Password_password'

2022-01-11 21:45:36 - [TEST_STEP][PASSED] - click(findTestObject("Object Repository/Page_My Moodle Log in to the site/button_Log in")): Object: 'Object Repository/Page_My Moodle Log in to the site/button_Log in' is clicked on

2022-01-11 21:45:37 - [MESSAGE][PASSED] - Object: 'Object Repository/Page_My Moodle Log in to the site/button_Log in' is clicked on

2022-01-11 21:45:37 - [MESSAGE][PASSED] - Call Test Case 'Test Cases/Login as user (student)' successfully

2022-01-11 21:45:37 - [TEST_STEP][PASSED] - click(findTestObject("Object Repository/Page_Dashboard/a_Go to calendar")): Object: 'Object Repository/Page_Dashboard/a_Go to calendar' is clicked on

2022-01-11 21:45:39 - [MESSAGE][PASSED] - Object: 'Object Repository/Page_Dashboard/a_Go to calendar' is clicked on

2022-01-11 21:45:39 - [TEST_STEP][PASSED] - navigateToUrl("http://localhost/calendar/view.php?view=upcoming"): Navigate to 'http://localhost/calendar/view.php?view=upcoming' successfully

2022-01-11 21:45:39 - [MESSAGE][PASSED] - Navigate to 'http://localhost/calendar/view.php?view=upcoming' successfully

2022-01-11 21:45:39 - [TEST_STEP][PASSED] - click(findTestObject("Object Repository/Page_Moodle Calendar Upcoming events/a_February 2022")): Object: 'Object Repository/Page_Moodle Calendar Upcoming events/a_February 2022' is clicked on

2022-01-11 21:45:41 - [MESSAGE][PASSED] - Object: 'Object Repository/Page_Moodle Calendar Upcoming events/a_February 2022' is clicked on

2022-01-11 21:45:41 - [TEST_STEP][PASSED] - click(findTestObject("Page_Moodle Calendar Detailed month view February 2022/span_Cc bn s thi vo ngy 20022022")): Object: 'Object Repository/Page_Moodle Calendar Detailed month view February 2022/span_Cc bn s thi vo ngy 20022022' is clicked on

2022-01-11 21:45:41 - [MESSAGE][PASSED] - Object: 'Object Repository/Page_Moodle Calendar Detailed month view February 2022/span_Cc bn s thi vo ngy 20022022' is clicked on]]></system-out>
         <system-err><![CDATA[]]></system-err>
      </testcase>
      <testcase name="Test Cases/Admin assign course teacher" time="22.019" classname="Test Cases/Admin assign course teacher" status="PASSED">
         <system-out><![CDATA[2022-01-11 21:45:41 - [TEST_CASE][PASSED] - Test Cases/Admin assign course teacher: Test Cases/Admin assign course teacher

2022-01-11 21:45:42 - [TEST_STEP][PASSED] - callTestCase(findTestCase("Login as admin"), [:], STOP_ON_FAILURE): Call Test Case 'Test Cases/Login as admin' successfully

2022-01-11 21:45:42 - [TEST_CASE][PASSED] - Test Cases/Login as admin: Test Cases/Login as admin

2022-01-11 21:45:42 - [TEST_STEP][PASSED] - openBrowser(""): Browser is opened with url: ''

2022-01-11 21:45:42 - [MESSAGE][WARNING] - A browser is already opened. Closing browser and opening a new one

2022-01-11 21:45:42 - [MESSAGE][INFO] - Starting 'Edge Chromium' driver

2022-01-11 21:45:45 - [MESSAGE][INFO] - Action delay is set to 0 milliseconds

2022-01-11 21:45:46 - [MESSAGE][PASSED] - Browser is opened with url: ''

2022-01-11 21:45:46 - [TEST_STEP][PASSED] - navigateToUrl("http://localhost/"): Navigate to 'http://localhost/' successfully

2022-01-11 21:45:47 - [MESSAGE][PASSED] - Navigate to 'http://localhost/' successfully

2022-01-11 21:45:47 - [TEST_STEP][PASSED] - click(findTestObject("Object Repository/Page_My Moodle/a_Log in")): Object: 'Object Repository/Page_My Moodle/a_Log in' is clicked on

2022-01-11 21:45:48 - [MESSAGE][PASSED] - Object: 'Object Repository/Page_My Moodle/a_Log in' is clicked on

2022-01-11 21:45:48 - [TEST_STEP][PASSED] - setText(findTestObject("Object Repository/Page_My Moodle Log in to the site/input_Username_username"), "admin"): Text 'admin' is set on object 'Object Repository/Page_My Moodle Log in to the site/input_Username_username'

2022-01-11 21:45:49 - [MESSAGE][PASSED] - Text 'admin' is set on object 'Object Repository/Page_My Moodle Log in to the site/input_Username_username'

2022-01-11 21:45:49 - [TEST_STEP][PASSED] - setEncryptedText(findTestObject("Object Repository/Page_My Moodle Log in to the site/input_Password_password"), "7Dxoto1EjKfQbGop/Ov+1g=="): Text ****** has been set on object 'Object Repository/Page_My Moodle Log in to the site/input_Password_password'

2022-01-11 21:45:49 - [MESSAGE][PASSED] - Text ****** has been set on object 'Object Repository/Page_My Moodle Log in to the site/input_Password_password'

2022-01-11 21:45:49 - [TEST_STEP][PASSED] - click(findTestObject("Object Repository/Page_My Moodle Log in to the site/button_Log in")): Object: 'Object Repository/Page_My Moodle Log in to the site/button_Log in' is clicked on

2022-01-11 21:45:50 - [MESSAGE][PASSED] - Object: 'Object Repository/Page_My Moodle Log in to the site/button_Log in' is clicked on

2022-01-11 21:45:50 - [MESSAGE][PASSED] - Call Test Case 'Test Cases/Login as admin' successfully

2022-01-11 21:45:50 - [TEST_STEP][PASSED] - click(findTestObject("Object Repository/Page_Dashboard/a_Site home")): Object: 'Object Repository/Page_Dashboard/a_Site home' is clicked on

2022-01-11 21:45:52 - [MESSAGE][PASSED] - Object: 'Object Repository/Page_Dashboard/a_Site home' is clicked on

2022-01-11 21:45:52 - [TEST_STEP][PASSED] - navigateToUrl("http://localhost/?redirect=0"): Navigate to 'http://localhost/?redirect=0' successfully

2022-01-11 21:45:52 - [MESSAGE][PASSED] - Navigate to 'http://localhost/?redirect=0' successfully

2022-01-11 21:45:52 - [TEST_STEP][PASSED] - click(findTestObject("Object Repository/Page_My Moodle/a_Phn tch v qun l yu cu phn mm")): Object: 'Object Repository/Page_My Moodle/a_Phn tch v qun l yu cu phn mm' is clicked on

2022-01-11 21:45:53 - [MESSAGE][PASSED] - Object: 'Object Repository/Page_My Moodle/a_Phn tch v qun l yu cu phn mm' is clicked on

2022-01-11 21:45:53 - [TEST_STEP][PASSED] - click(findTestObject("Object Repository/Page_Course Phn tch v qun l yu cu phn mm/span_Participants")): Object: 'Object Repository/Page_Course Phn tch v qun l yu cu phn mm/span_Participants' is clicked on

2022-01-11 21:45:54 - [MESSAGE][PASSED] - Object: 'Object Repository/Page_Course Phn tch v qun l yu cu phn mm/span_Participants' is clicked on

2022-01-11 21:45:54 - [TEST_STEP][PASSED] - click(findTestObject("Object Repository/Page_CSC13005 Participants/input_Participants_btn btn-secondary my-1")): Object: 'Object Repository/Page_CSC13005 Participants/input_Participants_btn btn-secondary my-1' is clicked on

2022-01-11 21:45:54 - [MESSAGE][PASSED] - Object: 'Object Repository/Page_CSC13005 Participants/input_Participants_btn btn-secondary my-1' is clicked on

2022-01-11 21:45:54 - [TEST_STEP][PASSED] - setText(findTestObject("Object Repository/Page_CSC13005 Participants/input_No selection_form_autocomplete_input-_86ed1a"), "teacher"): Text 'teacher' is set on object 'Object Repository/Page_CSC13005 Participants/input_No selection_form_autocomplete_input-_86ed1a'

2022-01-11 21:45:56 - [MESSAGE][PASSED] - Text 'teacher' is set on object 'Object Repository/Page_CSC13005 Participants/input_No selection_form_autocomplete_input-_86ed1a'

2022-01-11 21:45:56 - [TEST_STEP][PASSED] - click(findTestObject("Object Repository/Page_CSC13005 Participants/span_Teacher Testing")): Object: 'Object Repository/Page_CSC13005 Participants/span_Teacher Testing' is clicked on

2022-01-11 21:45:58 - [MESSAGE][PASSED] - Object: 'Object Repository/Page_CSC13005 Participants/span_Teacher Testing' is clicked on

2022-01-11 21:45:58 - [TEST_STEP][PASSED] - selectOptionByValue(findTestObject("Object Repository/Page_CSC13005 Participants/select_Teacher One    t1example.com        _0fad96"), "7", true): All options with value '7' are selected in object 'Object Repository/Page_CSC13005 Participants/select_Teacher One    t1example.com        _0fad96'  using regular expression

2022-01-11 21:45:59 - [MESSAGE][PASSED] - All options with value '7' are selected in object 'Object Repository/Page_CSC13005 Participants/select_Teacher One    t1example.com        _0fad96'  using regular expression

2022-01-11 21:45:59 - [TEST_STEP][PASSED] - selectOptionByValue(findTestObject("Object Repository/Page_CSC13005 Participants/select_Teacher One    t1example.com        _0fad96"), "7", true): All options with value '7' are selected in object 'Object Repository/Page_CSC13005 Participants/select_Teacher One    t1example.com        _0fad96'  using regular expression

2022-01-11 21:46:00 - [MESSAGE][PASSED] - All options with value '7' are selected in object 'Object Repository/Page_CSC13005 Participants/select_Teacher One    t1example.com        _0fad96'  using regular expression

2022-01-11 21:46:00 - [TEST_STEP][PASSED] - click(findTestObject("Object Repository/Page_CSC13005 Participants/span_Teacher One")): Object: 'Object Repository/Page_CSC13005 Participants/span_Teacher One' is clicked on

2022-01-11 21:46:00 - [MESSAGE][PASSED] - Object: 'Object Repository/Page_CSC13005 Participants/span_Teacher One' is clicked on

2022-01-11 21:46:00 - [TEST_STEP][PASSED] - selectOptionByValue(findTestObject("Object Repository/Page_CSC13005 Participants/select_Teacher One    t1example.com        _0fad96"), "6", true): All options with value '6' are selected in object 'Object Repository/Page_CSC13005 Participants/select_Teacher One    t1example.com        _0fad96'  using regular expression

2022-01-11 21:46:02 - [MESSAGE][PASSED] - All options with value '6' are selected in object 'Object Repository/Page_CSC13005 Participants/select_Teacher One    t1example.com        _0fad96'  using regular expression

2022-01-11 21:46:02 - [TEST_STEP][PASSED] - selectOptionByValue(findTestObject("Object Repository/Page_CSC13005 Participants/select_Manager            Teacher          _ffc00f"), "3", true): All options with value '3' are selected in object 'Object Repository/Page_CSC13005 Participants/select_Manager            Teacher          _ffc00f'  using regular expression

2022-01-11 21:46:03 - [MESSAGE][PASSED] - All options with value '3' are selected in object 'Object Repository/Page_CSC13005 Participants/select_Manager            Teacher          _ffc00f'  using regular expression

2022-01-11 21:46:03 - [TEST_STEP][PASSED] - click(findTestObject("Object Repository/Page_CSC13005 Participants/button_Enrol users")): Object: 'Object Repository/Page_CSC13005 Participants/button_Enrol users' is clicked on

2022-01-11 21:46:03 - [MESSAGE][PASSED] - Object: 'Object Repository/Page_CSC13005 Participants/button_Enrol users' is clicked on]]></system-out>
         <system-err><![CDATA[]]></system-err>
      </testcase>
      <testcase name="Test Cases/Admin assign student to course" time="29.21" classname="Test Cases/Admin assign student to course" status="PASSED">
         <system-out><![CDATA[2022-01-11 21:46:03 - [TEST_CASE][PASSED] - Test Cases/Admin assign student to course: Test Cases/Admin assign student to course

2022-01-11 21:46:04 - [TEST_STEP][PASSED] - callTestCase(findTestCase("Login as admin"), [:], STOP_ON_FAILURE): Call Test Case 'Test Cases/Login as admin' successfully

2022-01-11 21:46:04 - [TEST_CASE][PASSED] - Test Cases/Login as admin: Test Cases/Login as admin

2022-01-11 21:46:04 - [TEST_STEP][PASSED] - openBrowser(""): Browser is opened with url: ''

2022-01-11 21:46:04 - [MESSAGE][WARNING] - A browser is already opened. Closing browser and opening a new one

2022-01-11 21:46:05 - [MESSAGE][INFO] - Starting 'Edge Chromium' driver

2022-01-11 21:46:07 - [MESSAGE][INFO] - Action delay is set to 0 milliseconds

2022-01-11 21:46:08 - [MESSAGE][PASSED] - Browser is opened with url: ''

2022-01-11 21:46:08 - [TEST_STEP][PASSED] - navigateToUrl("http://localhost/"): Navigate to 'http://localhost/' successfully

2022-01-11 21:46:09 - [MESSAGE][PASSED] - Navigate to 'http://localhost/' successfully

2022-01-11 21:46:09 - [TEST_STEP][PASSED] - click(findTestObject("Object Repository/Page_My Moodle/a_Log in")): Object: 'Object Repository/Page_My Moodle/a_Log in' is clicked on

2022-01-11 21:46:10 - [MESSAGE][PASSED] - Object: 'Object Repository/Page_My Moodle/a_Log in' is clicked on

2022-01-11 21:46:10 - [TEST_STEP][PASSED] - setText(findTestObject("Object Repository/Page_My Moodle Log in to the site/input_Username_username"), "admin"): Text 'admin' is set on object 'Object Repository/Page_My Moodle Log in to the site/input_Username_username'

2022-01-11 21:46:11 - [MESSAGE][PASSED] - Text 'admin' is set on object 'Object Repository/Page_My Moodle Log in to the site/input_Username_username'

2022-01-11 21:46:11 - [TEST_STEP][PASSED] - setEncryptedText(findTestObject("Object Repository/Page_My Moodle Log in to the site/input_Password_password"), "7Dxoto1EjKfQbGop/Ov+1g=="): Text ****** has been set on object 'Object Repository/Page_My Moodle Log in to the site/input_Password_password'

2022-01-11 21:46:11 - [MESSAGE][PASSED] - Text ****** has been set on object 'Object Repository/Page_My Moodle Log in to the site/input_Password_password'

2022-01-11 21:46:11 - [TEST_STEP][PASSED] - click(findTestObject("Object Repository/Page_My Moodle Log in to the site/button_Log in")): Object: 'Object Repository/Page_My Moodle Log in to the site/button_Log in' is clicked on

2022-01-11 21:46:13 - [MESSAGE][PASSED] - Object: 'Object Repository/Page_My Moodle Log in to the site/button_Log in' is clicked on

2022-01-11 21:46:13 - [MESSAGE][PASSED] - Call Test Case 'Test Cases/Login as admin' successfully

2022-01-11 21:46:13 - [TEST_STEP][PASSED] - click(findTestObject("Object Repository/Page_Dashboard/span_Site home")): Object: 'Object Repository/Page_Dashboard/span_Site home' is clicked on

2022-01-11 21:46:14 - [MESSAGE][PASSED] - Object: 'Object Repository/Page_Dashboard/span_Site home' is clicked on

2022-01-11 21:46:14 - [TEST_STEP][PASSED] - navigateToUrl("http://localhost/?redirect=0"): Navigate to 'http://localhost/?redirect=0' successfully

2022-01-11 21:46:15 - [MESSAGE][PASSED] - Navigate to 'http://localhost/?redirect=0' successfully

2022-01-11 21:46:15 - [TEST_STEP][PASSED] - click(findTestObject("Object Repository/Page_My Moodle/a_Phn tch v qun l yu cu phn mm")): Object: 'Object Repository/Page_My Moodle/a_Phn tch v qun l yu cu phn mm' is clicked on

2022-01-11 21:46:16 - [MESSAGE][PASSED] - Object: 'Object Repository/Page_My Moodle/a_Phn tch v qun l yu cu phn mm' is clicked on

2022-01-11 21:46:16 - [TEST_STEP][PASSED] - click(findTestObject("Object Repository/Page_Course Phn tch v qun l yu cu phn mm/span_Participants")): Object: 'Object Repository/Page_Course Phn tch v qun l yu cu phn mm/span_Participants' is clicked on

2022-01-11 21:46:16 - [MESSAGE][PASSED] - Object: 'Object Repository/Page_Course Phn tch v qun l yu cu phn mm/span_Participants' is clicked on

2022-01-11 21:46:16 - [TEST_STEP][PASSED] - click(findTestObject("Object Repository/Page_CSC13005 Participants/input_Participants_yui_3_17_2_1_1641633890081_20")): Object: 'Object Repository/Page_CSC13005 Participants/input_Participants_yui_3_17_2_1_1641633890081_20' is clicked on

2022-01-11 21:46:17 - [MESSAGE][PASSED] - Object: 'Object Repository/Page_CSC13005 Participants/input_Participants_yui_3_17_2_1_1641633890081_20' is clicked on

2022-01-11 21:46:17 - [TEST_STEP][PASSED] - setText(findTestObject("Object Repository/Page_CSC13005 Participants/input_No selection_form_autocomplete_input-_2ce59e"), "student"): Text 'student' is set on object 'Object Repository/Page_CSC13005 Participants/input_No selection_form_autocomplete_input-_2ce59e'

2022-01-11 21:46:19 - [MESSAGE][PASSED] - Text 'student' is set on object 'Object Repository/Page_CSC13005 Participants/input_No selection_form_autocomplete_input-_2ce59e'

2022-01-11 21:46:19 - [TEST_STEP][PASSED] - click(findTestObject("Object Repository/Page_CSC13005 Participants/li_Student Testing    student.testingmail.com")): Object: 'Object Repository/Page_CSC13005 Participants/li_Student Testing    student.testingmail.com' is clicked on

2022-01-11 21:46:20 - [MESSAGE][PASSED] - Object: 'Object Repository/Page_CSC13005 Participants/li_Student Testing    student.testingmail.com' is clicked on

2022-01-11 21:46:20 - [TEST_STEP][PASSED] - selectOptionByValue(findTestObject("Object Repository/Page_CSC13005 Participants/select_Student One    s1example.com        _958eb3"), "8", true): All options with value '8' are selected in object 'Object Repository/Page_CSC13005 Participants/select_Student One    s1example.com        _958eb3'  using regular expression

2022-01-11 21:46:22 - [MESSAGE][PASSED] - All options with value '8' are selected in object 'Object Repository/Page_CSC13005 Participants/select_Student One    s1example.com        _958eb3'  using regular expression

2022-01-11 21:46:22 - [TEST_STEP][PASSED] - selectOptionByValue(findTestObject("Object Repository/Page_CSC13005 Participants/select_Student One    s1example.com        _958eb3"), "8", true): All options with value '8' are selected in object 'Object Repository/Page_CSC13005 Participants/select_Student One    s1example.com        _958eb3'  using regular expression

2022-01-11 21:46:23 - [MESSAGE][PASSED] - All options with value '8' are selected in object 'Object Repository/Page_CSC13005 Participants/select_Student One    s1example.com        _958eb3'  using regular expression

2022-01-11 21:46:23 - [TEST_STEP][PASSED] - selectOptionByValue(findTestObject("Object Repository/Page_CSC13005 Participants/select_Student One    s1example.com        _958eb3"), "8", true): All options with value '8' are selected in object 'Object Repository/Page_CSC13005 Participants/select_Student One    s1example.com        _958eb3'  using regular expression

2022-01-11 21:46:23 - [MESSAGE][PASSED] - All options with value '8' are selected in object 'Object Repository/Page_CSC13005 Participants/select_Student One    s1example.com        _958eb3'  using regular expression

2022-01-11 21:46:23 - [TEST_STEP][PASSED] - click(findTestObject("Object Repository/Page_CSC13005 Participants/li_Student One    s1example.com")): Object: 'Object Repository/Page_CSC13005 Participants/li_Student One    s1example.com' is clicked on

2022-01-11 21:46:24 - [MESSAGE][PASSED] - Object: 'Object Repository/Page_CSC13005 Participants/li_Student One    s1example.com' is clicked on

2022-01-11 21:46:24 - [TEST_STEP][PASSED] - selectOptionByValue(findTestObject("Object Repository/Page_CSC13005 Participants/select_Student One    s1example.com        _958eb3"), "4", true): All options with value '4' are selected in object 'Object Repository/Page_CSC13005 Participants/select_Student One    s1example.com        _958eb3'  using regular expression

2022-01-11 21:46:25 - [MESSAGE][PASSED] - All options with value '4' are selected in object 'Object Repository/Page_CSC13005 Participants/select_Student One    s1example.com        _958eb3'  using regular expression

2022-01-11 21:46:25 - [TEST_STEP][PASSED] - click(findTestObject("Object Repository/Page_CSC13005 Participants/li_Student Two    s2example.com")): Object: 'Object Repository/Page_CSC13005 Participants/li_Student Two    s2example.com' is clicked on

2022-01-11 21:46:26 - [MESSAGE][PASSED] - Object: 'Object Repository/Page_CSC13005 Participants/li_Student Two    s2example.com' is clicked on

2022-01-11 21:46:26 - [TEST_STEP][PASSED] - selectOptionByValue(findTestObject("Object Repository/Page_CSC13005 Participants/select_Student One    s1example.com        _958eb3"), "5", true): All options with value '5' are selected in object 'Object Repository/Page_CSC13005 Participants/select_Student One    s1example.com        _958eb3'  using regular expression

2022-01-11 21:46:27 - [MESSAGE][PASSED] - All options with value '5' are selected in object 'Object Repository/Page_CSC13005 Participants/select_Student One    s1example.com        _958eb3'  using regular expression

2022-01-11 21:46:27 - [TEST_STEP][PASSED] - click(findTestObject("Object Repository/Page_CSC13005 Participants/button_Enrol users")): Object: 'Object Repository/Page_CSC13005 Participants/button_Enrol users' is clicked on

2022-01-11 21:46:28 - [MESSAGE][PASSED] - Object: 'Object Repository/Page_CSC13005 Participants/button_Enrol users' is clicked on

2022-01-11 21:46:28 - [TEST_STEP][PASSED] - click(findTestObject("Object Repository/Page_CSC13005 Participants/a_Admin Team")): Object: 'Object Repository/Page_CSC13005 Participants/a_Admin Team' is clicked on

2022-01-11 21:46:29 - [MESSAGE][PASSED] - Object: 'Object Repository/Page_CSC13005 Participants/a_Admin Team' is clicked on

2022-01-11 21:46:29 - [TEST_STEP][PASSED] - click(findTestObject("Object Repository/Page_CSC13005 Participants/span_Log out")): Object: 'Object Repository/Page_CSC13005 Participants/span_Log out' is clicked on

2022-01-11 21:46:29 - [MESSAGE][PASSED] - Object: 'Object Repository/Page_CSC13005 Participants/span_Log out' is clicked on

2022-01-11 21:46:29 - [TEST_STEP][PASSED] - click(findTestObject("Object Repository/Page_My Moodle/a_Phn tch v qun l yu cu phn mm")): Object: 'Object Repository/Page_My Moodle/a_Phn tch v qun l yu cu phn mm' is clicked on

2022-01-11 21:46:30 - [MESSAGE][PASSED] - Object: 'Object Repository/Page_My Moodle/a_Phn tch v qun l yu cu phn mm' is clicked on

2022-01-11 21:46:30 - [TEST_STEP][PASSED] - setText(findTestObject("Object Repository/Page_My Moodle Log in to the site/input_Username_username"), "student"): Text 'student' is set on object 'Object Repository/Page_My Moodle Log in to the site/input_Username_username'

2022-01-11 21:46:31 - [MESSAGE][PASSED] - Text 'student' is set on object 'Object Repository/Page_My Moodle Log in to the site/input_Username_username'

2022-01-11 21:46:31 - [TEST_STEP][PASSED] - setEncryptedText(findTestObject("Object Repository/Page_My Moodle Log in to the site/input_Password_password"), "3t5OwH/+bwwlEvOXGw7/rg=="): Text ****** has been set on object 'Object Repository/Page_My Moodle Log in to the site/input_Password_password'

2022-01-11 21:46:31 - [MESSAGE][PASSED] - Text ****** has been set on object 'Object Repository/Page_My Moodle Log in to the site/input_Password_password'

2022-01-11 21:46:31 - [TEST_STEP][PASSED] - click(findTestObject("Object Repository/Page_My Moodle Log in to the site/button_Log in")): Object: 'Object Repository/Page_My Moodle Log in to the site/button_Log in' is clicked on

2022-01-11 21:46:33 - [MESSAGE][PASSED] - Object: 'Object Repository/Page_My Moodle Log in to the site/button_Log in' is clicked on]]></system-out>
         <system-err><![CDATA[]]></system-err>
      </testcase>
      <testcase name="Test Cases/Admin view grade of course" time="12.831" classname="Test Cases/Admin view grade of course" status="PASSED">
         <system-out><![CDATA[2022-01-11 21:46:33 - [TEST_CASE][PASSED] - Test Cases/Admin view grade of course: Test Cases/Admin view grade of course

2022-01-11 21:46:33 - [TEST_STEP][PASSED] - callTestCase(findTestCase("Login as admin"), [:], STOP_ON_FAILURE): Call Test Case 'Test Cases/Login as admin' successfully

2022-01-11 21:46:33 - [TEST_CASE][PASSED] - Test Cases/Login as admin: Test Cases/Login as admin

2022-01-11 21:46:33 - [TEST_STEP][PASSED] - openBrowser(""): Browser is opened with url: ''

2022-01-11 21:46:33 - [MESSAGE][WARNING] - A browser is already opened. Closing browser and opening a new one

2022-01-11 21:46:34 - [MESSAGE][INFO] - Starting 'Edge Chromium' driver

2022-01-11 21:46:36 - [MESSAGE][INFO] - Action delay is set to 0 milliseconds

2022-01-11 21:46:37 - [MESSAGE][PASSED] - Browser is opened with url: ''

2022-01-11 21:46:37 - [TEST_STEP][PASSED] - navigateToUrl("http://localhost/"): Navigate to 'http://localhost/' successfully

2022-01-11 21:46:38 - [MESSAGE][PASSED] - Navigate to 'http://localhost/' successfully

2022-01-11 21:46:38 - [TEST_STEP][PASSED] - click(findTestObject("Object Repository/Page_My Moodle/a_Log in")): Object: 'Object Repository/Page_My Moodle/a_Log in' is clicked on

2022-01-11 21:46:39 - [MESSAGE][PASSED] - Object: 'Object Repository/Page_My Moodle/a_Log in' is clicked on

2022-01-11 21:46:39 - [TEST_STEP][PASSED] - setText(findTestObject("Object Repository/Page_My Moodle Log in to the site/input_Username_username"), "admin"): Text 'admin' is set on object 'Object Repository/Page_My Moodle Log in to the site/input_Username_username'

2022-01-11 21:46:40 - [MESSAGE][PASSED] - Text 'admin' is set on object 'Object Repository/Page_My Moodle Log in to the site/input_Username_username'

2022-01-11 21:46:40 - [TEST_STEP][PASSED] - setEncryptedText(findTestObject("Object Repository/Page_My Moodle Log in to the site/input_Password_password"), "7Dxoto1EjKfQbGop/Ov+1g=="): Text ****** has been set on object 'Object Repository/Page_My Moodle Log in to the site/input_Password_password'

2022-01-11 21:46:40 - [MESSAGE][PASSED] - Text ****** has been set on object 'Object Repository/Page_My Moodle Log in to the site/input_Password_password'

2022-01-11 21:46:40 - [TEST_STEP][PASSED] - click(findTestObject("Object Repository/Page_My Moodle Log in to the site/button_Log in")): Object: 'Object Repository/Page_My Moodle Log in to the site/button_Log in' is clicked on

2022-01-11 21:46:41 - [MESSAGE][PASSED] - Object: 'Object Repository/Page_My Moodle Log in to the site/button_Log in' is clicked on

2022-01-11 21:46:41 - [MESSAGE][PASSED] - Call Test Case 'Test Cases/Login as admin' successfully

2022-01-11 21:46:41 - [TEST_STEP][PASSED] - click(findTestObject("Object Repository/Page_Dashboard/span_Site home")): Object: 'Object Repository/Page_Dashboard/span_Site home' is clicked on

2022-01-11 21:46:43 - [MESSAGE][PASSED] - Object: 'Object Repository/Page_Dashboard/span_Site home' is clicked on

2022-01-11 21:46:43 - [TEST_STEP][PASSED] - navigateToUrl("http://localhost/?redirect=0"): Navigate to 'http://localhost/?redirect=0' successfully

2022-01-11 21:46:43 - [MESSAGE][PASSED] - Navigate to 'http://localhost/?redirect=0' successfully

2022-01-11 21:46:43 - [TEST_STEP][PASSED] - click(findTestObject("Object Repository/Page_My Moodle/a_Phn tch v qun l yu cu phn mm")): Object: 'Object Repository/Page_My Moodle/a_Phn tch v qun l yu cu phn mm' is clicked on

2022-01-11 21:46:44 - [MESSAGE][PASSED] - Object: 'Object Repository/Page_My Moodle/a_Phn tch v qun l yu cu phn mm' is clicked on

2022-01-11 21:46:44 - [TEST_STEP][PASSED] - click(findTestObject("Object Repository/Page_Course Phn tch v qun l yu cu phn mm/span_Grades")): Object: 'Object Repository/Page_Course Phn tch v qun l yu cu phn mm/span_Grades' is clicked on

2022-01-11 21:46:45 - [MESSAGE][PASSED] - Object: 'Object Repository/Page_Course Phn tch v qun l yu cu phn mm/span_Grades' is clicked on]]></system-out>
         <system-err><![CDATA[]]></system-err>
      </testcase>
      <testcase name="Test Cases/Login as user (teacher)" time="8.601" classname="Test Cases/Login as user (teacher)" status="PASSED">
         <system-out><![CDATA[2022-01-11 21:46:45 - [TEST_CASE][PASSED] - Test Cases/Login as user (teacher): Test Cases/Login as user (teacher)

2022-01-11 21:46:46 - [TEST_STEP][PASSED] - openBrowser(""): Browser is opened with url: ''

2022-01-11 21:46:46 - [MESSAGE][WARNING] - A browser is already opened. Closing browser and opening a new one

2022-01-11 21:46:47 - [MESSAGE][INFO] - Starting 'Edge Chromium' driver

2022-01-11 21:46:49 - [MESSAGE][INFO] - Action delay is set to 0 milliseconds

2022-01-11 21:46:50 - [MESSAGE][PASSED] - Browser is opened with url: ''

2022-01-11 21:46:50 - [TEST_STEP][PASSED] - navigateToUrl("http://localhost/"): Navigate to 'http://localhost/' successfully

2022-01-11 21:46:51 - [MESSAGE][PASSED] - Navigate to 'http://localhost/' successfully

2022-01-11 21:46:51 - [TEST_STEP][PASSED] - click(findTestObject("Object Repository/Page_My Moodle/a_Log in")): Object: 'Object Repository/Page_My Moodle/a_Log in' is clicked on

2022-01-11 21:46:52 - [MESSAGE][PASSED] - Object: 'Object Repository/Page_My Moodle/a_Log in' is clicked on

2022-01-11 21:46:52 - [TEST_STEP][PASSED] - setText(findTestObject("Object Repository/Page_My Moodle Log in to the site/input_Username_username"), "teacher"): Text 'teacher' is set on object 'Object Repository/Page_My Moodle Log in to the site/input_Username_username'

2022-01-11 21:46:52 - [MESSAGE][PASSED] - Text 'teacher' is set on object 'Object Repository/Page_My Moodle Log in to the site/input_Username_username'

2022-01-11 21:46:52 - [TEST_STEP][PASSED] - setEncryptedText(findTestObject("Object Repository/Page_My Moodle Log in to the site/input_Password_password"), "3fJEwIvstDDnFTEIk7299A=="): Text ****** has been set on object 'Object Repository/Page_My Moodle Log in to the site/input_Password_password'

2022-01-11 21:46:53 - [MESSAGE][PASSED] - Text ****** has been set on object 'Object Repository/Page_My Moodle Log in to the site/input_Password_password'

2022-01-11 21:46:53 - [TEST_STEP][PASSED] - click(findTestObject("Object Repository/Page_My Moodle Log in to the site/button_Log in")): Object: 'Object Repository/Page_My Moodle Log in to the site/button_Log in' is clicked on

2022-01-11 21:46:54 - [MESSAGE][PASSED] - Object: 'Object Repository/Page_My Moodle Log in to the site/button_Log in' is clicked on]]></system-out>
         <system-err><![CDATA[]]></system-err>
      </testcase>
      <testcase name="Test Cases/Teacher create announcement" time="19.203" classname="Test Cases/Teacher create announcement" status="PASSED">
         <system-out><![CDATA[2022-01-11 21:46:54 - [TEST_CASE][PASSED] - Test Cases/Teacher create announcement: Test Cases/Teacher create announcement

2022-01-11 21:46:55 - [TEST_STEP][PASSED] - callTestCase(findTestCase("Login as user (teacher)"), [:], STOP_ON_FAILURE): Call Test Case 'Test Cases/Login as user (teacher)' successfully

2022-01-11 21:46:55 - [TEST_CASE][PASSED] - Test Cases/Login as user (teacher): Test Cases/Login as user (teacher)

2022-01-11 21:46:55 - [TEST_STEP][PASSED] - openBrowser(""): Browser is opened with url: ''

2022-01-11 21:46:55 - [MESSAGE][WARNING] - A browser is already opened. Closing browser and opening a new one

2022-01-11 21:46:56 - [MESSAGE][INFO] - Starting 'Edge Chromium' driver

2022-01-11 21:46:58 - [MESSAGE][INFO] - Action delay is set to 0 milliseconds

2022-01-11 21:46:59 - [MESSAGE][PASSED] - Browser is opened with url: ''

2022-01-11 21:46:59 - [TEST_STEP][PASSED] - navigateToUrl("http://localhost/"): Navigate to 'http://localhost/' successfully

2022-01-11 21:47:00 - [MESSAGE][PASSED] - Navigate to 'http://localhost/' successfully

2022-01-11 21:47:00 - [TEST_STEP][PASSED] - click(findTestObject("Object Repository/Page_My Moodle/a_Log in")): Object: 'Object Repository/Page_My Moodle/a_Log in' is clicked on

2022-01-11 21:47:00 - [MESSAGE][PASSED] - Object: 'Object Repository/Page_My Moodle/a_Log in' is clicked on

2022-01-11 21:47:00 - [TEST_STEP][PASSED] - setText(findTestObject("Object Repository/Page_My Moodle Log in to the site/input_Username_username"), "teacher"): Text 'teacher' is set on object 'Object Repository/Page_My Moodle Log in to the site/input_Username_username'

2022-01-11 21:47:01 - [MESSAGE][PASSED] - Text 'teacher' is set on object 'Object Repository/Page_My Moodle Log in to the site/input_Username_username'

2022-01-11 21:47:01 - [TEST_STEP][PASSED] - setEncryptedText(findTestObject("Object Repository/Page_My Moodle Log in to the site/input_Password_password"), "3fJEwIvstDDnFTEIk7299A=="): Text ****** has been set on object 'Object Repository/Page_My Moodle Log in to the site/input_Password_password'

2022-01-11 21:47:02 - [MESSAGE][PASSED] - Text ****** has been set on object 'Object Repository/Page_My Moodle Log in to the site/input_Password_password'

2022-01-11 21:47:02 - [TEST_STEP][PASSED] - click(findTestObject("Object Repository/Page_My Moodle Log in to the site/button_Log in")): Object: 'Object Repository/Page_My Moodle Log in to the site/button_Log in' is clicked on

2022-01-11 21:47:03 - [MESSAGE][PASSED] - Object: 'Object Repository/Page_My Moodle Log in to the site/button_Log in' is clicked on

2022-01-11 21:47:03 - [MESSAGE][PASSED] - Call Test Case 'Test Cases/Login as user (teacher)' successfully

2022-01-11 21:47:03 - [TEST_STEP][PASSED] - click(findTestObject("Object Repository/Page_Dashboard/span_Site home")): Object: 'Object Repository/Page_Dashboard/span_Site home' is clicked on

2022-01-11 21:47:04 - [MESSAGE][PASSED] - Object: 'Object Repository/Page_Dashboard/span_Site home' is clicked on

2022-01-11 21:47:04 - [TEST_STEP][PASSED] - navigateToUrl("http://localhost/?redirect=0"): Navigate to 'http://localhost/?redirect=0' successfully

2022-01-11 21:47:05 - [MESSAGE][PASSED] - Navigate to 'http://localhost/?redirect=0' successfully

2022-01-11 21:47:05 - [TEST_STEP][PASSED] - click(findTestObject("Object Repository/Page_My Moodle/a_Phn tch v qun l yu cu phn mm")): Object: 'Object Repository/Page_My Moodle/a_Phn tch v qun l yu cu phn mm' is clicked on

2022-01-11 21:47:06 - [MESSAGE][PASSED] - Object: 'Object Repository/Page_My Moodle/a_Phn tch v qun l yu cu phn mm' is clicked on

2022-01-11 21:47:06 - [TEST_STEP][PASSED] - click(findTestObject("Object Repository/Page_Course Phn tch v qun l yu cu phn mm/span_Announcements Forum")): Object: 'Object Repository/Page_Course Phn tch v qun l yu cu phn mm/span_Announcements Forum' is clicked on

2022-01-11 21:47:08 - [MESSAGE][PASSED] - Object: 'Object Repository/Page_Course Phn tch v qun l yu cu phn mm/span_Announcements Forum' is clicked on

2022-01-11 21:47:08 - [TEST_STEP][PASSED] - click(findTestObject("Object Repository/Page_Announcements/a_Add a new topic")): Object: 'Object Repository/Page_Announcements/a_Add a new topic' is clicked on

2022-01-11 21:47:09 - [MESSAGE][PASSED] - Object: 'Object Repository/Page_Announcements/a_Add a new topic' is clicked on

2022-01-11 21:47:09 - [TEST_STEP][PASSED] - setText(findTestObject("Object Repository/Page_Announcements/input_Subject_subject"), "Testing"): Text 'Testing' is set on object 'Object Repository/Page_Announcements/input_Subject_subject'

2022-01-11 21:47:10 - [MESSAGE][PASSED] - Text 'Testing' is set on object 'Object Repository/Page_Announcements/input_Subject_subject'

2022-01-11 21:47:10 - [TEST_STEP][PASSED] - setText(findTestObject("Object Repository/Page_Announcements/div_Testing"), "<p dir="ltr" style="text-align: left;">Testing</p>"): Text '<p dir="ltr" style="text-align: left;">Testing</p>' is set on object 'Object Repository/Page_Announcements/div_Testing'

2022-01-11 21:47:11 - [MESSAGE][PASSED] - Text '<p dir="ltr" style="text-align: left;">Testing</p>' is set on object 'Object Repository/Page_Announcements/div_Testing'

2022-01-11 21:47:11 - [TEST_STEP][PASSED] - click(findTestObject("Object Repository/Page_Announcements/input_Message_submitbutton")): Object: 'Object Repository/Page_Announcements/input_Message_submitbutton' is clicked on

2022-01-11 21:47:13 - [MESSAGE][PASSED] - Object: 'Object Repository/Page_Announcements/input_Message_submitbutton' is clicked on

2022-01-11 21:47:13 - [TEST_STEP][PASSED] - click(findTestObject("Object Repository/Page_Announcements/p_Your post was successfully added")): Object: 'Object Repository/Page_Announcements/p_Your post was successfully added' is clicked on

2022-01-11 21:47:13 - [MESSAGE][PASSED] - Object: 'Object Repository/Page_Announcements/p_Your post was successfully added' is clicked on]]></system-out>
         <system-err><![CDATA[]]></system-err>
      </testcase>
      <testcase name="Test Cases/Teacher create announcement (image)" time="21.667" classname="Test Cases/Teacher create announcement (image)" status="PASSED">
         <system-out><![CDATA[2022-01-11 21:47:13 - [TEST_CASE][PASSED] - Test Cases/Teacher create announcement (image): Test Cases/Teacher create announcement (image)

2022-01-11 21:47:14 - [TEST_STEP][PASSED] - callTestCase(findTestCase("Login as user (teacher)"), [:], STOP_ON_FAILURE): Call Test Case 'Test Cases/Login as user (teacher)' successfully

2022-01-11 21:47:14 - [TEST_CASE][PASSED] - Test Cases/Login as user (teacher): Test Cases/Login as user (teacher)

2022-01-11 21:47:14 - [TEST_STEP][PASSED] - openBrowser(""): Browser is opened with url: ''

2022-01-11 21:47:14 - [MESSAGE][WARNING] - A browser is already opened. Closing browser and opening a new one

2022-01-11 21:47:15 - [MESSAGE][INFO] - Starting 'Edge Chromium' driver

2022-01-11 21:47:17 - [MESSAGE][INFO] - Action delay is set to 0 milliseconds

2022-01-11 21:47:18 - [MESSAGE][PASSED] - Browser is opened with url: ''

2022-01-11 21:47:18 - [TEST_STEP][PASSED] - navigateToUrl("http://localhost/"): Navigate to 'http://localhost/' successfully

2022-01-11 21:47:19 - [MESSAGE][PASSED] - Navigate to 'http://localhost/' successfully

2022-01-11 21:47:19 - [TEST_STEP][PASSED] - click(findTestObject("Object Repository/Page_My Moodle/a_Log in")): Object: 'Object Repository/Page_My Moodle/a_Log in' is clicked on

2022-01-11 21:47:20 - [MESSAGE][PASSED] - Object: 'Object Repository/Page_My Moodle/a_Log in' is clicked on

2022-01-11 21:47:20 - [TEST_STEP][PASSED] - setText(findTestObject("Object Repository/Page_My Moodle Log in to the site/input_Username_username"), "teacher"): Text 'teacher' is set on object 'Object Repository/Page_My Moodle Log in to the site/input_Username_username'

2022-01-11 21:47:21 - [MESSAGE][PASSED] - Text 'teacher' is set on object 'Object Repository/Page_My Moodle Log in to the site/input_Username_username'

2022-01-11 21:47:21 - [TEST_STEP][PASSED] - setEncryptedText(findTestObject("Object Repository/Page_My Moodle Log in to the site/input_Password_password"), "3fJEwIvstDDnFTEIk7299A=="): Text ****** has been set on object 'Object Repository/Page_My Moodle Log in to the site/input_Password_password'

2022-01-11 21:47:21 - [MESSAGE][PASSED] - Text ****** has been set on object 'Object Repository/Page_My Moodle Log in to the site/input_Password_password'

2022-01-11 21:47:21 - [TEST_STEP][PASSED] - click(findTestObject("Object Repository/Page_My Moodle Log in to the site/button_Log in")): Object: 'Object Repository/Page_My Moodle Log in to the site/button_Log in' is clicked on

2022-01-11 21:47:22 - [MESSAGE][PASSED] - Object: 'Object Repository/Page_My Moodle Log in to the site/button_Log in' is clicked on

2022-01-11 21:47:22 - [MESSAGE][PASSED] - Call Test Case 'Test Cases/Login as user (teacher)' successfully

2022-01-11 21:47:22 - [TEST_STEP][PASSED] - click(findTestObject("Object Repository/Page_Dashboard/a_Site home")): Object: 'Object Repository/Page_Dashboard/a_Site home' is clicked on

2022-01-11 21:47:24 - [MESSAGE][PASSED] - Object: 'Object Repository/Page_Dashboard/a_Site home' is clicked on

2022-01-11 21:47:24 - [TEST_STEP][PASSED] - navigateToUrl("http://localhost/?redirect=0"): Navigate to 'http://localhost/?redirect=0' successfully

2022-01-11 21:47:24 - [MESSAGE][PASSED] - Navigate to 'http://localhost/?redirect=0' successfully

2022-01-11 21:47:24 - [TEST_STEP][PASSED] - click(findTestObject("Page_My Moodle/a_Phn tch v qun l yu cu phn mm")): Object: 'Object Repository/Page_My Moodle/a_Phn tch v qun l yu cu phn mm' is clicked on

2022-01-11 21:47:25 - [MESSAGE][PASSED] - Object: 'Object Repository/Page_My Moodle/a_Phn tch v qun l yu cu phn mm' is clicked on

2022-01-11 21:47:25 - [TEST_STEP][PASSED] - click(findTestObject("Object Repository/Page_Course Phn tch v qun l yu cu phn mm/a_Announcements Forum")): Object: 'Object Repository/Page_Course Phn tch v qun l yu cu phn mm/a_Announcements Forum' is clicked on

2022-01-11 21:47:26 - [MESSAGE][PASSED] - Object: 'Object Repository/Page_Course Phn tch v qun l yu cu phn mm/a_Announcements Forum' is clicked on

2022-01-11 21:47:26 - [TEST_STEP][PASSED] - click(findTestObject("Object Repository/Page_Announcements/a_Add a new topic")): Object: 'Object Repository/Page_Announcements/a_Add a new topic' is clicked on

2022-01-11 21:47:27 - [MESSAGE][PASSED] - Object: 'Object Repository/Page_Announcements/a_Add a new topic' is clicked on

2022-01-11 21:47:27 - [TEST_STEP][PASSED] - setText(findTestObject("Object Repository/Page_Announcements/input_Subject_subject"), "Testing image"): Text 'Testing image' is set on object 'Object Repository/Page_Announcements/input_Subject_subject'

2022-01-11 21:47:28 - [MESSAGE][PASSED] - Text 'Testing image' is set on object 'Object Repository/Page_Announcements/input_Subject_subject'

2022-01-11 21:47:28 - [TEST_STEP][PASSED] - click(findTestObject("Object Repository/Page_Announcements/i_Message_icon fa fa-picture-o fa-fw")): Object: 'Object Repository/Page_Announcements/i_Message_icon fa fa-picture-o fa-fw' is clicked on

2022-01-11 21:47:29 - [MESSAGE][PASSED] - Object: 'Object Repository/Page_Announcements/i_Message_icon fa fa-picture-o fa-fw' is clicked on

2022-01-11 21:47:29 - [TEST_STEP][PASSED] - click(findTestObject("Object Repository/Page_Announcements/button_Browse repositories")): Object: 'Object Repository/Page_Announcements/button_Browse repositories' is clicked on

2022-01-11 21:47:30 - [MESSAGE][PASSED] - Object: 'Object Repository/Page_Announcements/button_Browse repositories' is clicked on

2022-01-11 21:47:30 - [TEST_STEP][PASSED] - click(findTestObject("Object Repository/Page_Announcements/a_csv")): Object: 'Object Repository/Page_Announcements/a_csv' is clicked on

2022-01-11 21:47:30 - [MESSAGE][PASSED] - Object: 'Object Repository/Page_Announcements/a_csv' is clicked on

2022-01-11 21:47:30 - [TEST_STEP][PASSED] - click(findTestObject("Object Repository/Page_Announcements/p_image.png")): Object: 'Object Repository/Page_Announcements/p_image.png' is clicked on

2022-01-11 21:47:31 - [MESSAGE][PASSED] - Object: 'Object Repository/Page_Announcements/p_image.png' is clicked on

2022-01-11 21:47:31 - [TEST_STEP][PASSED] - click(findTestObject("Object Repository/Page_Announcements/button_Select this file")): Object: 'Object Repository/Page_Announcements/button_Select this file' is clicked on

2022-01-11 21:47:31 - [MESSAGE][PASSED] - Object: 'Object Repository/Page_Announcements/button_Select this file' is clicked on

2022-01-11 21:47:31 - [TEST_STEP][PASSED] - click(findTestObject("Object Repository/Page_Announcements/input_125_id_message_atto_image_presentation")): Object: 'Object Repository/Page_Announcements/input_125_id_message_atto_image_presentation' is clicked on

2022-01-11 21:47:32 - [MESSAGE][PASSED] - Object: 'Object Repository/Page_Announcements/input_125_id_message_atto_image_presentation' is clicked on

2022-01-11 21:47:32 - [TEST_STEP][PASSED] - click(findTestObject("Object Repository/Page_Announcements/button_Save image")): Object: 'Object Repository/Page_Announcements/button_Save image' is clicked on

2022-01-11 21:47:33 - [MESSAGE][PASSED] - Object: 'Object Repository/Page_Announcements/button_Save image' is clicked on

2022-01-11 21:47:33 - [TEST_STEP][PASSED] - click(findTestObject("Object Repository/Page_Announcements/input_Message_submitbutton")): Object: 'Object Repository/Page_Announcements/input_Message_submitbutton' is clicked on

2022-01-11 21:47:34 - [MESSAGE][PASSED] - Object: 'Object Repository/Page_Announcements/input_Message_submitbutton' is clicked on

2022-01-11 21:47:34 - [TEST_STEP][PASSED] - click(findTestObject("Object Repository/Page_Announcements/p_Your post was successfully added")): Object: 'Object Repository/Page_Announcements/p_Your post was successfully added' is clicked on

2022-01-11 21:47:35 - [MESSAGE][PASSED] - Object: 'Object Repository/Page_Announcements/p_Your post was successfully added' is clicked on]]></system-out>
         <system-err><![CDATA[]]></system-err>
      </testcase>
      <testcase name="Test Cases/Teacher create announcement (video)" time="19.011" classname="Test Cases/Teacher create announcement (video)" status="PASSED">
         <system-out><![CDATA[2022-01-11 21:47:35 - [TEST_CASE][PASSED] - Test Cases/Teacher create announcement (video): Test Cases/Teacher create announcement (video)

2022-01-11 21:47:35 - [TEST_STEP][PASSED] - callTestCase(findTestCase("Login as user (teacher)"), [:], STOP_ON_FAILURE): Call Test Case 'Test Cases/Login as user (teacher)' successfully

2022-01-11 21:47:35 - [TEST_CASE][PASSED] - Test Cases/Login as user (teacher): Test Cases/Login as user (teacher)

2022-01-11 21:47:35 - [TEST_STEP][PASSED] - openBrowser(""): Browser is opened with url: ''

2022-01-11 21:47:35 - [MESSAGE][WARNING] - A browser is already opened. Closing browser and opening a new one

2022-01-11 21:47:36 - [MESSAGE][INFO] - Starting 'Edge Chromium' driver

2022-01-11 21:47:38 - [MESSAGE][INFO] - Action delay is set to 0 milliseconds

2022-01-11 21:47:39 - [MESSAGE][PASSED] - Browser is opened with url: ''

2022-01-11 21:47:39 - [TEST_STEP][PASSED] - navigateToUrl("http://localhost/"): Navigate to 'http://localhost/' successfully

2022-01-11 21:47:40 - [MESSAGE][PASSED] - Navigate to 'http://localhost/' successfully

2022-01-11 21:47:40 - [TEST_STEP][PASSED] - click(findTestObject("Object Repository/Page_My Moodle/a_Log in")): Object: 'Object Repository/Page_My Moodle/a_Log in' is clicked on

2022-01-11 21:47:40 - [MESSAGE][PASSED] - Object: 'Object Repository/Page_My Moodle/a_Log in' is clicked on

2022-01-11 21:47:40 - [TEST_STEP][PASSED] - setText(findTestObject("Object Repository/Page_My Moodle Log in to the site/input_Username_username"), "teacher"): Text 'teacher' is set on object 'Object Repository/Page_My Moodle Log in to the site/input_Username_username'

2022-01-11 21:47:41 - [MESSAGE][PASSED] - Text 'teacher' is set on object 'Object Repository/Page_My Moodle Log in to the site/input_Username_username'

2022-01-11 21:47:41 - [TEST_STEP][PASSED] - setEncryptedText(findTestObject("Object Repository/Page_My Moodle Log in to the site/input_Password_password"), "3fJEwIvstDDnFTEIk7299A=="): Text ****** has been set on object 'Object Repository/Page_My Moodle Log in to the site/input_Password_password'

2022-01-11 21:47:42 - [MESSAGE][PASSED] - Text ****** has been set on object 'Object Repository/Page_My Moodle Log in to the site/input_Password_password'

2022-01-11 21:47:42 - [TEST_STEP][PASSED] - click(findTestObject("Object Repository/Page_My Moodle Log in to the site/button_Log in")): Object: 'Object Repository/Page_My Moodle Log in to the site/button_Log in' is clicked on

2022-01-11 21:47:43 - [MESSAGE][PASSED] - Object: 'Object Repository/Page_My Moodle Log in to the site/button_Log in' is clicked on

2022-01-11 21:47:43 - [MESSAGE][PASSED] - Call Test Case 'Test Cases/Login as user (teacher)' successfully

2022-01-11 21:47:43 - [TEST_STEP][PASSED] - click(findTestObject("Object Repository/Page_Dashboard/a_Site home")): Object: 'Object Repository/Page_Dashboard/a_Site home' is clicked on

2022-01-11 21:47:44 - [MESSAGE][PASSED] - Object: 'Object Repository/Page_Dashboard/a_Site home' is clicked on

2022-01-11 21:47:44 - [TEST_STEP][PASSED] - navigateToUrl("http://localhost/?redirect=0"): Navigate to 'http://localhost/?redirect=0' successfully

2022-01-11 21:47:44 - [MESSAGE][PASSED] - Navigate to 'http://localhost/?redirect=0' successfully

2022-01-11 21:47:44 - [TEST_STEP][PASSED] - click(findTestObject("Object Repository/Page_My Moodle/a_Phn tch v qun l yu cu phn mm")): Object: 'Object Repository/Page_My Moodle/a_Phn tch v qun l yu cu phn mm' is clicked on

2022-01-11 21:47:45 - [MESSAGE][PASSED] - Object: 'Object Repository/Page_My Moodle/a_Phn tch v qun l yu cu phn mm' is clicked on

2022-01-11 21:47:45 - [TEST_STEP][PASSED] - click(findTestObject("Object Repository/Page_Course Phn tch v qun l yu cu phn mm/span_Announcements Forum")): Object: 'Object Repository/Page_Course Phn tch v qun l yu cu phn mm/span_Announcements Forum' is clicked on

2022-01-11 21:47:46 - [MESSAGE][PASSED] - Object: 'Object Repository/Page_Course Phn tch v qun l yu cu phn mm/span_Announcements Forum' is clicked on

2022-01-11 21:47:46 - [TEST_STEP][PASSED] - click(findTestObject("Object Repository/Page_Announcements/a_Add a new topic")): Object: 'Object Repository/Page_Announcements/a_Add a new topic' is clicked on

2022-01-11 21:47:47 - [MESSAGE][PASSED] - Object: 'Object Repository/Page_Announcements/a_Add a new topic' is clicked on

2022-01-11 21:47:47 - [TEST_STEP][PASSED] - click(findTestObject("Object Repository/Page_Announcements/i_Message_icon fa fa-file-video-o fa-fw")): Object: 'Object Repository/Page_Announcements/i_Message_icon fa fa-file-video-o fa-fw' is clicked on

2022-01-11 21:47:48 - [MESSAGE][PASSED] - Object: 'Object Repository/Page_Announcements/i_Message_icon fa fa-file-video-o fa-fw' is clicked on

2022-01-11 21:47:48 - [TEST_STEP][PASSED] - click(findTestObject("Object Repository/Page_Announcements/button_Browse repositories")): Object: 'Object Repository/Page_Announcements/button_Browse repositories' is clicked on

2022-01-11 21:47:48 - [MESSAGE][PASSED] - Object: 'Object Repository/Page_Announcements/button_Browse repositories' is clicked on

2022-01-11 21:47:48 - [TEST_STEP][PASSED] - click(findTestObject("Object Repository/Page_Announcements/a_csv")): Object: 'Object Repository/Page_Announcements/a_csv' is clicked on

2022-01-11 21:47:49 - [MESSAGE][PASSED] - Object: 'Object Repository/Page_Announcements/a_csv' is clicked on

2022-01-11 21:47:49 - [TEST_STEP][PASSED] - click(findTestObject("Object Repository/Page_Announcements/div_Search repository_yui_3_17_2_1_16416081_a9d5b1")): Object: 'Object Repository/Page_Announcements/div_Search repository_yui_3_17_2_1_16416081_a9d5b1' is clicked on

2022-01-11 21:47:50 - [MESSAGE][PASSED] - Object: 'Object Repository/Page_Announcements/div_Search repository_yui_3_17_2_1_16416081_a9d5b1' is clicked on

2022-01-11 21:47:50 - [TEST_STEP][PASSED] - click(findTestObject("Object Repository/Page_Announcements/button_Select this file")): Object: 'Object Repository/Page_Announcements/button_Select this file' is clicked on

2022-01-11 21:47:50 - [MESSAGE][PASSED] - Object: 'Object Repository/Page_Announcements/button_Select this file' is clicked on

2022-01-11 21:47:50 - [TEST_STEP][PASSED] - click(findTestObject("Object Repository/Page_Announcements/button_Insert media")): Object: 'Object Repository/Page_Announcements/button_Insert media' is clicked on

2022-01-11 21:47:51 - [MESSAGE][PASSED] - Object: 'Object Repository/Page_Announcements/button_Insert media' is clicked on

2022-01-11 21:47:51 - [TEST_STEP][PASSED] - setText(findTestObject("Object Repository/Page_Announcements/input_Subject_subject"), "Video testing"): Text 'Video testing' is set on object 'Object Repository/Page_Announcements/input_Subject_subject'

2022-01-11 21:47:52 - [MESSAGE][PASSED] - Text 'Video testing' is set on object 'Object Repository/Page_Announcements/input_Subject_subject'

2022-01-11 21:47:52 - [TEST_STEP][PASSED] - click(findTestObject("Object Repository/Page_Announcements/input_file_example_MP4_480_1_5MG.mp4_submitbutton")): Object: 'Object Repository/Page_Announcements/input_file_example_MP4_480_1_5MG.mp4_submitbutton' is clicked on

2022-01-11 21:47:53 - [MESSAGE][PASSED] - Object: 'Object Repository/Page_Announcements/input_file_example_MP4_480_1_5MG.mp4_submitbutton' is clicked on

2022-01-11 21:47:53 - [TEST_STEP][PASSED] - click(findTestObject("Object Repository/Page_Announcements/p_Your post was successfully added")): Object: 'Object Repository/Page_Announcements/p_Your post was successfully added' is clicked on

2022-01-11 21:47:54 - [MESSAGE][PASSED] - Object: 'Object Repository/Page_Announcements/p_Your post was successfully added' is clicked on]]></system-out>
         <system-err><![CDATA[]]></system-err>
      </testcase>
      <testcase name="Test Cases/Teacher create assignment" time="59.252" classname="Test Cases/Teacher create assignment" status="PASSED">
         <system-out><![CDATA[2022-01-11 21:47:54 - [TEST_CASE][PASSED] - Test Cases/Teacher create assignment: Test Cases/Teacher create assignment

2022-01-11 21:47:54 - [TEST_STEP][PASSED] - callTestCase(findTestCase("Login as user (teacher)"), [:], STOP_ON_FAILURE): Call Test Case 'Test Cases/Login as user (teacher)' successfully

2022-01-11 21:47:54 - [TEST_CASE][PASSED] - Test Cases/Login as user (teacher): Test Cases/Login as user (teacher)

2022-01-11 21:47:54 - [TEST_STEP][PASSED] - openBrowser(""): Browser is opened with url: ''

2022-01-11 21:47:54 - [MESSAGE][WARNING] - A browser is already opened. Closing browser and opening a new one

2022-01-11 21:47:55 - [MESSAGE][INFO] - Starting 'Edge Chromium' driver

2022-01-11 21:47:57 - [MESSAGE][INFO] - Action delay is set to 0 milliseconds

2022-01-11 21:47:59 - [MESSAGE][PASSED] - Browser is opened with url: ''

2022-01-11 21:47:59 - [TEST_STEP][PASSED] - navigateToUrl("http://localhost/"): Navigate to 'http://localhost/' successfully

2022-01-11 21:47:59 - [MESSAGE][PASSED] - Navigate to 'http://localhost/' successfully

2022-01-11 21:47:59 - [TEST_STEP][PASSED] - click(findTestObject("Object Repository/Page_My Moodle/a_Log in")): Object: 'Object Repository/Page_My Moodle/a_Log in' is clicked on

2022-01-11 21:48:00 - [MESSAGE][PASSED] - Object: 'Object Repository/Page_My Moodle/a_Log in' is clicked on

2022-01-11 21:48:00 - [TEST_STEP][PASSED] - setText(findTestObject("Object Repository/Page_My Moodle Log in to the site/input_Username_username"), "teacher"): Text 'teacher' is set on object 'Object Repository/Page_My Moodle Log in to the site/input_Username_username'

2022-01-11 21:48:01 - [MESSAGE][PASSED] - Text 'teacher' is set on object 'Object Repository/Page_My Moodle Log in to the site/input_Username_username'

2022-01-11 21:48:01 - [TEST_STEP][PASSED] - setEncryptedText(findTestObject("Object Repository/Page_My Moodle Log in to the site/input_Password_password"), "3fJEwIvstDDnFTEIk7299A=="): Text ****** has been set on object 'Object Repository/Page_My Moodle Log in to the site/input_Password_password'

2022-01-11 21:48:01 - [MESSAGE][PASSED] - Text ****** has been set on object 'Object Repository/Page_My Moodle Log in to the site/input_Password_password'

2022-01-11 21:48:01 - [TEST_STEP][PASSED] - click(findTestObject("Object Repository/Page_My Moodle Log in to the site/button_Log in")): Object: 'Object Repository/Page_My Moodle Log in to the site/button_Log in' is clicked on

2022-01-11 21:48:02 - [MESSAGE][PASSED] - Object: 'Object Repository/Page_My Moodle Log in to the site/button_Log in' is clicked on

2022-01-11 21:48:02 - [MESSAGE][PASSED] - Call Test Case 'Test Cases/Login as user (teacher)' successfully

2022-01-11 21:48:02 - [TEST_STEP][PASSED] - click(findTestObject("Object Repository/Page_Dashboard/a_Site home")): Object: 'Object Repository/Page_Dashboard/a_Site home' is clicked on

2022-01-11 21:48:04 - [MESSAGE][PASSED] - Object: 'Object Repository/Page_Dashboard/a_Site home' is clicked on

2022-01-11 21:48:04 - [TEST_STEP][PASSED] - navigateToUrl("http://localhost/?redirect=0"): Navigate to 'http://localhost/?redirect=0' successfully

2022-01-11 21:48:04 - [MESSAGE][PASSED] - Navigate to 'http://localhost/?redirect=0' successfully

2022-01-11 21:48:04 - [TEST_STEP][PASSED] - click(findTestObject("Object Repository/Page_My Moodle/a_Phn tch v qun l yu cu phn mm")): Object: 'Object Repository/Page_My Moodle/a_Phn tch v qun l yu cu phn mm' is clicked on

2022-01-11 21:48:05 - [MESSAGE][PASSED] - Object: 'Object Repository/Page_My Moodle/a_Phn tch v qun l yu cu phn mm' is clicked on

2022-01-11 21:48:05 - [TEST_STEP][PASSED] - click(findTestObject("Page_Course Phn tch v qun l yu cu phn mm/button_End tour"), OPTIONAL): Unable to click on object 'Object Repository/Page_Course Phn tch v qun l yu cu phn mm/button_End tour' (Root cause: com.kms.katalon.core.exception.StepFailedException: Unable to click on object 'Object Repository/Page_Course Phn tch v qun l yu cu phn mm/button_End tour'
	at com.kms.katalon.core.webui.keyword.internal.WebUIKeywordMain.stepFailed(WebUIKeywordMain.groovy:64)
	at com.kms.katalon.core.webui.keyword.internal.WebUIKeywordMain.runKeyword(WebUIKeywordMain.groovy:26)
	at com.kms.katalon.core.webui.keyword.builtin.ClickKeyword.click(ClickKeyword.groovy:74)
	at com.kms.katalon.core.webui.keyword.builtin.ClickKeyword.execute(ClickKeyword.groovy:40)
	at com.kms.katalon.core.keyword.internal.KeywordExecutor.executeKeywordForPlatform(KeywordExecutor.groovy:74)
	at com.kms.katalon.core.webui.keyword.WebUiBuiltInKeywords.click(WebUiBuiltInKeywords.groovy:608)
	at com.kms.katalon.core.webui.keyword.WebUiBuiltInKeywords$click$7.call(Unknown Source)
	at Teacher create assignment.run(Teacher create assignment:28)
	at com.kms.katalon.core.main.ScriptEngine.run(ScriptEngine.java:194)
	at com.kms.katalon.core.main.ScriptEngine.runScriptAsRawText(ScriptEngine.java:119)
	at com.kms.katalon.core.main.TestCaseExecutor.runScript(TestCaseExecutor.java:442)
	at com.kms.katalon.core.main.TestCaseExecutor.doExecute(TestCaseExecutor.java:433)
	at com.kms.katalon.core.main.TestCaseExecutor.processExecutionPhase(TestCaseExecutor.java:412)
	at com.kms.katalon.core.main.TestCaseExecutor.accessMainPhase(TestCaseExecutor.java:404)
	at com.kms.katalon.core.main.TestCaseExecutor.execute(TestCaseExecutor.java:281)
	at com.kms.katalon.core.main.TestSuiteExecutor.accessTestCaseMainPhase(TestSuiteExecutor.java:202)
	at com.kms.katalon.core.main.TestSuiteExecutor.accessTestSuiteMainPhase(TestSuiteExecutor.java:164)
	at com.kms.katalon.core.main.TestSuiteExecutor.execute(TestSuiteExecutor.java:105)
	at com.kms.katalon.core.main.TestCaseMain.startTestSuite(TestCaseMain.java:181)
	at com.kms.katalon.core.main.TestCaseMain$startTestSuite$0.call(Unknown Source)
	at TempTestSuite1641911862929.run(TempTestSuite1641911862929.groovy:36)
Caused by: com.kms.katalon.core.webui.exception.WebElementNotFoundException: Web element with id: 'Object Repository/Page_Course Phn tch v qun l yu cu phn mm/button_End tour' located by '(.//*[normalize-space(text()) and normalize-space(.)='Next'])[1]/following::button[1]' not found
	at com.kms.katalon.core.webui.common.WebUiCommonHelper.findWebElement(WebUiCommonHelper.java:1368)
	at com.kms.katalon.core.webui.keyword.internal.WebUIAbstractKeyword.findWebElement(WebUIAbstractKeyword.groovy:27)
	at com.kms.katalon.core.webui.keyword.builtin.ClickKeyword$_click_closure1.doCall(ClickKeyword.groovy:65)
	at com.kms.katalon.core.webui.keyword.builtin.ClickKeyword$_click_closure1.call(ClickKeyword.groovy)
	at com.kms.katalon.core.webui.keyword.internal.WebUIKeywordMain.runKeyword(WebUIKeywordMain.groovy:20)
	at com.kms.katalon.core.webui.keyword.builtin.ClickKeyword.click(ClickKeyword.groovy:74)
	at com.kms.katalon.core.webui.keyword.builtin.ClickKeyword.execute(ClickKeyword.groovy:40)
	at com.kms.katalon.core.keyword.internal.KeywordExecutor.executeKeywordForPlatform(KeywordExecutor.groovy:74)
	at com.kms.katalon.core.webui.keyword.WebUiBuiltInKeywords.click(WebUiBuiltInKeywords.groovy:608)
	at com.kms.katalon.core.webui.keyword.WebUiBuiltInKeywords$click$7.call(Unknown Source)
	at Script1641610973707.run(Script1641610973707.groovy:28)
	... 13 more
)

2022-01-11 21:48:36 - [MESSAGE][INFO] - Unable to find the element located by 'By.xpath: (.//*[normalize-space(text()) and normalize-space(.)='Next'])[1]/following::button[1]'. Please recheck the objects properties to make sure the desired element is located. 

2022-01-11 21:48:36 - [MESSAGE][WARNING] - [SELF-HEALING] Failed to find element with id 'Object Repository/Page_Course Phn tch v qun l yu cu phn mm/button_End tour'. Try using Self-healing.

2022-01-11 21:48:37 - [MESSAGE][INFO] - [SELF-HEALING] Failed Locator: '//span[@id='tour-step-tool_usertours_8_2_1620109487-0']/div/div/div[4]/button[3]'.

2022-01-11 21:48:37 - [MESSAGE][INFO] - [SELF-HEALING] Failed Locator: '(.//*[normalize-space(text()) and normalize-space(.)='Next'])[1]/following::button[1]'.

2022-01-11 21:48:37 - [MESSAGE][INFO] - [SELF-HEALING] Failed Locator: '(.//*[normalize-space(text()) and normalize-space(.)='Previous'])[1]/following::button[2]'.

2022-01-11 21:48:37 - [MESSAGE][INFO] - [SELF-HEALING] Failed Locator: '//*/text()[normalize-space(.)='End tour']/parent::*'.

2022-01-11 21:48:38 - [MESSAGE][INFO] - [SELF-HEALING] Failed Locator: '//div[4]/button[3]'.

2022-01-11 21:48:38 - [MESSAGE][INFO] - [SELF-HEALING] Failed Locator: '//span[@id='tour-step-tool_usertours_6_1_1620109487-0']/div/div/div[4]/button[3]'.

2022-01-11 21:48:39 - [MESSAGE][INFO] - Unable to find the element located by 'By.xpath: //*[(text() = ' End tour ' or . = ' End tour ')]'. Please recheck the objects properties to make sure the desired element is located. 

2022-01-11 21:48:40 - [MESSAGE][INFO] - Unable to find the element located by 'By.cssSelector: '. Please recheck the objects properties to make sure the desired element is located. 

2022-01-11 21:48:40 - [MESSAGE][WARNING] - Unable to click on object 'Object Repository/Page_Course Phn tch v qun l yu cu phn mm/button_End tour' (Root cause: com.kms.katalon.core.exception.StepFailedException: Unable to click on object 'Object Repository/Page_Course Phn tch v qun l yu cu phn mm/button_End tour'
	at com.kms.katalon.core.webui.keyword.internal.WebUIKeywordMain.stepFailed(WebUIKeywordMain.groovy:64)
	at com.kms.katalon.core.webui.keyword.internal.WebUIKeywordMain.runKeyword(WebUIKeywordMain.groovy:26)
	at com.kms.katalon.core.webui.keyword.builtin.ClickKeyword.click(ClickKeyword.groovy:74)
	at com.kms.katalon.core.webui.keyword.builtin.ClickKeyword.execute(ClickKeyword.groovy:40)
	at com.kms.katalon.core.keyword.internal.KeywordExecutor.executeKeywordForPlatform(KeywordExecutor.groovy:74)
	at com.kms.katalon.core.webui.keyword.WebUiBuiltInKeywords.click(WebUiBuiltInKeywords.groovy:608)
	at com.kms.katalon.core.webui.keyword.WebUiBuiltInKeywords$click$7.call(Unknown Source)
	at Teacher create assignment.run(Teacher create assignment:28)
	at com.kms.katalon.core.main.ScriptEngine.run(ScriptEngine.java:194)
	at com.kms.katalon.core.main.ScriptEngine.runScriptAsRawText(ScriptEngine.java:119)
	at com.kms.katalon.core.main.TestCaseExecutor.runScript(TestCaseExecutor.java:442)
	at com.kms.katalon.core.main.TestCaseExecutor.doExecute(TestCaseExecutor.java:433)
	at com.kms.katalon.core.main.TestCaseExecutor.processExecutionPhase(TestCaseExecutor.java:412)
	at com.kms.katalon.core.main.TestCaseExecutor.accessMainPhase(TestCaseExecutor.java:404)
	at com.kms.katalon.core.main.TestCaseExecutor.execute(TestCaseExecutor.java:281)
	at com.kms.katalon.core.main.TestSuiteExecutor.accessTestCaseMainPhase(TestSuiteExecutor.java:202)
	at com.kms.katalon.core.main.TestSuiteExecutor.accessTestSuiteMainPhase(TestSuiteExecutor.java:164)
	at com.kms.katalon.core.main.TestSuiteExecutor.execute(TestSuiteExecutor.java:105)
	at com.kms.katalon.core.main.TestCaseMain.startTestSuite(TestCaseMain.java:181)
	at com.kms.katalon.core.main.TestCaseMain$startTestSuite$0.call(Unknown Source)
	at TempTestSuite1641911862929.run(TempTestSuite1641911862929.groovy:36)
Caused by: com.kms.katalon.core.webui.exception.WebElementNotFoundException: Web element with id: 'Object Repository/Page_Course Phn tch v qun l yu cu phn mm/button_End tour' located by '(.//*[normalize-space(text()) and normalize-space(.)='Next'])[1]/following::button[1]' not found
	at com.kms.katalon.core.webui.common.WebUiCommonHelper.findWebElement(WebUiCommonHelper.java:1368)
	at com.kms.katalon.core.webui.keyword.internal.WebUIAbstractKeyword.findWebElement(WebUIAbstractKeyword.groovy:27)
	at com.kms.katalon.core.webui.keyword.builtin.ClickKeyword$_click_closure1.doCall(ClickKeyword.groovy:65)
	at com.kms.katalon.core.webui.keyword.builtin.ClickKeyword$_click_closure1.call(ClickKeyword.groovy)
	at com.kms.katalon.core.webui.keyword.internal.WebUIKeywordMain.runKeyword(WebUIKeywordMain.groovy:20)
	at com.kms.katalon.core.webui.keyword.builtin.ClickKeyword.click(ClickKeyword.groovy:74)
	at com.kms.katalon.core.webui.keyword.builtin.ClickKeyword.execute(ClickKeyword.groovy:40)
	at com.kms.katalon.core.keyword.internal.KeywordExecutor.executeKeywordForPlatform(KeywordExecutor.groovy:74)
	at com.kms.katalon.core.webui.keyword.WebUiBuiltInKeywords.click(WebUiBuiltInKeywords.groovy:608)
	at com.kms.katalon.core.webui.keyword.WebUiBuiltInKeywords$click$7.call(Unknown Source)
	at Script1641610973707.run(Script1641610973707.groovy:28)
	... 13 more
)
[[ATTACHMENT|D:\\Test-Automation---SE-Bonus\\Reports\\20220111_213742\\Run all test cases\\20220111_213742\\1641912520538.png]]

2022-01-11 21:48:40 - [TEST_STEP][PASSED] - click(findTestObject("Page_Course Thit k phn mm/button_Turn editing on")): Object: 'Object Repository/Page_Course Thit k phn mm/button_Turn editing on' is clicked on

2022-01-11 21:48:41 - [MESSAGE][PASSED] - Object: 'Object Repository/Page_Course Thit k phn mm/button_Turn editing on' is clicked on

2022-01-11 21:48:41 - [TEST_STEP][PASSED] - click(findTestObject("Object Repository/Page_Course Phn tch v qun l yu cu phn mm/span_Add an activity or resource")): Object: 'Object Repository/Page_Course Phn tch v qun l yu cu phn mm/span_Add an activity or resource' is clicked on

2022-01-11 21:48:42 - [MESSAGE][PASSED] - Object: 'Object Repository/Page_Course Phn tch v qun l yu cu phn mm/span_Add an activity or resource' is clicked on

2022-01-11 21:48:42 - [TEST_STEP][PASSED] - click(findTestObject("Page_Course Thit k phn mm/a_Assignment")): Object: 'Object Repository/Page_Course Thit k phn mm/a_Assignment' is clicked on

2022-01-11 21:48:45 - [MESSAGE][PASSED] - Object: 'Object Repository/Page_Course Thit k phn mm/a_Assignment' is clicked on

2022-01-11 21:48:45 - [TEST_STEP][PASSED] - setText(findTestObject("Object Repository/Page_Editing Assignment/input_Assignment name_name"), "Assignment #1"): Text 'Assignment #1' is set on object 'Object Repository/Page_Editing Assignment/input_Assignment name_name'

2022-01-11 21:48:47 - [MESSAGE][PASSED] - Text 'Assignment #1' is set on object 'Object Repository/Page_Editing Assignment/input_Assignment name_name'

2022-01-11 21:48:47 - [TEST_STEP][PASSED] - click(findTestObject("Object Repository/Page_Editing Assignment/input_Upon activity completion_submitbutton2")): Object: 'Object Repository/Page_Editing Assignment/input_Upon activity completion_submitbutton2' is clicked on

2022-01-11 21:48:48 - [MESSAGE][PASSED] - Object: 'Object Repository/Page_Editing Assignment/input_Upon activity completion_submitbutton2' is clicked on

2022-01-11 21:48:48 - [TEST_STEP][PASSED] - click(findTestObject("Page_Course Phn tch v qun l yu cu phn mm/button_End tour"), OPTIONAL): Object: 'Object Repository/Page_Course Phn tch v qun l yu cu phn mm/button_End tour' is clicked on

2022-01-11 21:48:49 - [MESSAGE][PASSED] - Object: 'Object Repository/Page_Course Phn tch v qun l yu cu phn mm/button_End tour' is clicked on

2022-01-11 21:48:49 - [TEST_STEP][PASSED] - click(findTestObject("Object Repository/Page_Course Phn tch v qun l yu cu phn mm/a_Trong Le")): Object: 'Object Repository/Page_Course Phn tch v qun l yu cu phn mm/a_Trong Le' is clicked on

2022-01-11 21:48:50 - [MESSAGE][PASSED] - Object: 'Object Repository/Page_Course Phn tch v qun l yu cu phn mm/a_Trong Le' is clicked on

2022-01-11 21:48:50 - [TEST_STEP][PASSED] - click(findTestObject("Object Repository/Page_Course Phn tch v qun l yu cu phn mm/span_Switch role to")): Object: 'Object Repository/Page_Course Phn tch v qun l yu cu phn mm/span_Switch role to' is clicked on

2022-01-11 21:48:51 - [MESSAGE][PASSED] - Object: 'Object Repository/Page_Course Phn tch v qun l yu cu phn mm/span_Switch role to' is clicked on

2022-01-11 21:48:51 - [TEST_STEP][PASSED] - click(findTestObject("Object Repository/Page_Switch role to/button_Student")): Object: 'Object Repository/Page_Switch role to/button_Student' is clicked on

2022-01-11 21:48:52 - [MESSAGE][PASSED] - Object: 'Object Repository/Page_Switch role to/button_Student' is clicked on

2022-01-11 21:48:52 - [TEST_STEP][PASSED] - click(findTestObject("Object Repository/Page_Course Phn tch v qun l yu cu phn mm/span_Assignment 1")): Object: 'Object Repository/Page_Course Phn tch v qun l yu cu phn mm/span_Assignment 1' is clicked on

2022-01-11 21:48:53 - [MESSAGE][PASSED] - Object: 'Object Repository/Page_Course Phn tch v qun l yu cu phn mm/span_Assignment 1' is clicked on]]></system-out>
         <system-err><![CDATA[]]></system-err>
      </testcase>
      <testcase name="Test Cases/Teacher create assignment ( with file attached )" time="24.074" classname="Test Cases/Teacher create assignment ( with file attached )" status="PASSED">
         <system-out><![CDATA[2022-01-11 21:48:53 - [TEST_CASE][PASSED] - Test Cases/Teacher create assignment ( with file attached ): Test Cases/Teacher create assignment ( with file attached )

2022-01-11 21:48:53 - [TEST_STEP][PASSED] - callTestCase(findTestCase("Login as user (teacher)"), [:], STOP_ON_FAILURE): Call Test Case 'Test Cases/Login as user (teacher)' successfully

2022-01-11 21:48:53 - [TEST_CASE][PASSED] - Test Cases/Login as user (teacher): Test Cases/Login as user (teacher)

2022-01-11 21:48:53 - [TEST_STEP][PASSED] - openBrowser(""): Browser is opened with url: ''

2022-01-11 21:48:53 - [MESSAGE][WARNING] - A browser is already opened. Closing browser and opening a new one

2022-01-11 21:48:54 - [MESSAGE][INFO] - Starting 'Edge Chromium' driver

2022-01-11 21:48:57 - [MESSAGE][INFO] - Action delay is set to 0 milliseconds

2022-01-11 21:48:58 - [MESSAGE][PASSED] - Browser is opened with url: ''

2022-01-11 21:48:58 - [TEST_STEP][PASSED] - navigateToUrl("http://localhost/"): Navigate to 'http://localhost/' successfully

2022-01-11 21:48:59 - [MESSAGE][PASSED] - Navigate to 'http://localhost/' successfully

2022-01-11 21:48:59 - [TEST_STEP][PASSED] - click(findTestObject("Object Repository/Page_My Moodle/a_Log in")): Object: 'Object Repository/Page_My Moodle/a_Log in' is clicked on

2022-01-11 21:48:59 - [MESSAGE][PASSED] - Object: 'Object Repository/Page_My Moodle/a_Log in' is clicked on

2022-01-11 21:48:59 - [TEST_STEP][PASSED] - setText(findTestObject("Object Repository/Page_My Moodle Log in to the site/input_Username_username"), "teacher"): Text 'teacher' is set on object 'Object Repository/Page_My Moodle Log in to the site/input_Username_username'

2022-01-11 21:49:00 - [MESSAGE][PASSED] - Text 'teacher' is set on object 'Object Repository/Page_My Moodle Log in to the site/input_Username_username'

2022-01-11 21:49:00 - [TEST_STEP][PASSED] - setEncryptedText(findTestObject("Object Repository/Page_My Moodle Log in to the site/input_Password_password"), "3fJEwIvstDDnFTEIk7299A=="): Text ****** has been set on object 'Object Repository/Page_My Moodle Log in to the site/input_Password_password'

2022-01-11 21:49:01 - [MESSAGE][PASSED] - Text ****** has been set on object 'Object Repository/Page_My Moodle Log in to the site/input_Password_password'

2022-01-11 21:49:01 - [TEST_STEP][PASSED] - click(findTestObject("Object Repository/Page_My Moodle Log in to the site/button_Log in")): Object: 'Object Repository/Page_My Moodle Log in to the site/button_Log in' is clicked on

2022-01-11 21:49:02 - [MESSAGE][PASSED] - Object: 'Object Repository/Page_My Moodle Log in to the site/button_Log in' is clicked on

2022-01-11 21:49:02 - [MESSAGE][PASSED] - Call Test Case 'Test Cases/Login as user (teacher)' successfully

2022-01-11 21:49:02 - [TEST_STEP][PASSED] - click(findTestObject("Object Repository/Page_Dashboard/span_Site home")): Object: 'Object Repository/Page_Dashboard/span_Site home' is clicked on

2022-01-11 21:49:03 - [MESSAGE][PASSED] - Object: 'Object Repository/Page_Dashboard/span_Site home' is clicked on

2022-01-11 21:49:03 - [TEST_STEP][PASSED] - navigateToUrl("http://localhost/?redirect=0"): Navigate to 'http://localhost/?redirect=0' successfully

2022-01-11 21:49:04 - [MESSAGE][PASSED] - Navigate to 'http://localhost/?redirect=0' successfully

2022-01-11 21:49:04 - [TEST_STEP][PASSED] - click(findTestObject("Object Repository/Page_My Moodle/a_Phn tch v qun l yu cu phn mm")): Object: 'Object Repository/Page_My Moodle/a_Phn tch v qun l yu cu phn mm' is clicked on

2022-01-11 21:49:05 - [MESSAGE][PASSED] - Object: 'Object Repository/Page_My Moodle/a_Phn tch v qun l yu cu phn mm' is clicked on

2022-01-11 21:49:05 - [TEST_STEP][NOT_RUN] - click(findTestObject("Page_Course Phn tch v qun l yu cu phn mm/button_End tour"), OPTIONAL): NOT_RUN: click(findTestObject("Page_Course Phn tch v qun l yu cu phn mm/button_End tour"), OPTIONAL)

2022-01-11 21:49:05 - [MESSAGE][NOT_RUN] - NOT_RUN: click(findTestObject("Page_Course Phn tch v qun l yu cu phn mm/button_End tour"), OPTIONAL)

2022-01-11 21:49:05 - [TEST_STEP][PASSED] - click(findTestObject("Object Repository/Page_Course Phn tch v qun l yu cu phn mm/button_Turn editing on")): Object: 'Object Repository/Page_Course Phn tch v qun l yu cu phn mm/button_Turn editing on' is clicked on

2022-01-11 21:49:06 - [MESSAGE][PASSED] - Object: 'Object Repository/Page_Course Phn tch v qun l yu cu phn mm/button_Turn editing on' is clicked on

2022-01-11 21:49:06 - [TEST_STEP][PASSED] - click(findTestObject("Object Repository/Page_Course Phn tch v qun l yu cu phn mm/span_Add an activity or resource")): Object: 'Object Repository/Page_Course Phn tch v qun l yu cu phn mm/span_Add an activity or resource' is clicked on

2022-01-11 21:49:06 - [MESSAGE][PASSED] - Object: 'Object Repository/Page_Course Phn tch v qun l yu cu phn mm/span_Add an activity or resource' is clicked on

2022-01-11 21:49:06 - [TEST_STEP][PASSED] - click(findTestObject("Page_Course Thit k phn mm/a_Assignment")): Object: 'Object Repository/Page_Course Thit k phn mm/a_Assignment' is clicked on

2022-01-11 21:49:08 - [MESSAGE][PASSED] - Object: 'Object Repository/Page_Course Thit k phn mm/a_Assignment' is clicked on

2022-01-11 21:49:08 - [TEST_STEP][PASSED] - setText(findTestObject("Object Repository/Page_Editing Assignment/input_Assignment name_name"), "Assignment with file"): Text 'Assignment with file' is set on object 'Object Repository/Page_Editing Assignment/input_Assignment name_name'

2022-01-11 21:49:10 - [MESSAGE][PASSED] - Text 'Assignment with file' is set on object 'Object Repository/Page_Editing Assignment/input_Assignment name_name'

2022-01-11 21:49:10 - [TEST_STEP][PASSED] - click(findTestObject("Object Repository/Page_Editing Assignment/a_- drag and drop not supported_yui_3_17_2__950dc8")): Object: 'Object Repository/Page_Editing Assignment/a_- drag and drop not supported_yui_3_17_2__950dc8' is clicked on

2022-01-11 21:49:10 - [MESSAGE][PASSED] - Object: 'Object Repository/Page_Editing Assignment/a_- drag and drop not supported_yui_3_17_2__950dc8' is clicked on

2022-01-11 21:49:10 - [TEST_STEP][PASSED] - click(findTestObject("Object Repository/Page_Editing Assignment/a_csv")): Object: 'Object Repository/Page_Editing Assignment/a_csv' is clicked on

2022-01-11 21:49:11 - [MESSAGE][PASSED] - Object: 'Object Repository/Page_Editing Assignment/a_csv' is clicked on

2022-01-11 21:49:11 - [TEST_STEP][PASSED] - click(findTestObject("Object Repository/Page_Editing Assignment/div_Search repository_yui_3_17_2_1_16416116_f5771b")): Object: 'Object Repository/Page_Editing Assignment/div_Search repository_yui_3_17_2_1_16416116_f5771b' is clicked on

2022-01-11 21:49:12 - [MESSAGE][PASSED] - Object: 'Object Repository/Page_Editing Assignment/div_Search repository_yui_3_17_2_1_16416116_f5771b' is clicked on

2022-01-11 21:49:12 - [TEST_STEP][PASSED] - click(findTestObject("Object Repository/Page_Editing Assignment/button_Select this file")): Object: 'Object Repository/Page_Editing Assignment/button_Select this file' is clicked on

2022-01-11 21:49:12 - [MESSAGE][PASSED] - Object: 'Object Repository/Page_Editing Assignment/button_Select this file' is clicked on

2022-01-11 21:49:12 - [TEST_STEP][PASSED] - click(findTestObject("Object Repository/Page_Editing Assignment/input_Upon activity completion_submitbutton2")): Object: 'Object Repository/Page_Editing Assignment/input_Upon activity completion_submitbutton2' is clicked on

2022-01-11 21:49:14 - [MESSAGE][PASSED] - Object: 'Object Repository/Page_Editing Assignment/input_Upon activity completion_submitbutton2' is clicked on

2022-01-11 21:49:14 - [TEST_STEP][PASSED] - click(findTestObject("Object Repository/Page_Course Phn tch v qun l yu cu phn mm/a_Trong Le")): Object: 'Object Repository/Page_Course Phn tch v qun l yu cu phn mm/a_Trong Le' is clicked on

2022-01-11 21:49:14 - [MESSAGE][PASSED] - Object: 'Object Repository/Page_Course Phn tch v qun l yu cu phn mm/a_Trong Le' is clicked on

2022-01-11 21:49:14 - [TEST_STEP][PASSED] - click(findTestObject("Object Repository/Page_Course Phn tch v qun l yu cu phn mm/a_Switch role to")): Object: 'Object Repository/Page_Course Phn tch v qun l yu cu phn mm/a_Switch role to' is clicked on

2022-01-11 21:49:15 - [MESSAGE][PASSED] - Object: 'Object Repository/Page_Course Phn tch v qun l yu cu phn mm/a_Switch role to' is clicked on

2022-01-11 21:49:15 - [TEST_STEP][PASSED] - click(findTestObject("Object Repository/Page_Switch role to/button_Student")): Object: 'Object Repository/Page_Switch role to/button_Student' is clicked on

2022-01-11 21:49:16 - [MESSAGE][PASSED] - Object: 'Object Repository/Page_Switch role to/button_Student' is clicked on

2022-01-11 21:49:16 - [TEST_STEP][PASSED] - click(findTestObject("Object Repository/Page_Course Phn tch v qun l yu cu phn mm/span_Assignment with file")): Object: 'Object Repository/Page_Course Phn tch v qun l yu cu phn mm/span_Assignment with file' is clicked on

2022-01-11 21:49:17 - [MESSAGE][PASSED] - Object: 'Object Repository/Page_Course Phn tch v qun l yu cu phn mm/span_Assignment with file' is clicked on]]></system-out>
         <system-err><![CDATA[]]></system-err>
      </testcase>
      <testcase name="Test Cases/Teacher create forum" time="18.995" classname="Test Cases/Teacher create forum" status="PASSED">
         <system-out><![CDATA[2022-01-11 21:49:17 - [TEST_CASE][PASSED] - Test Cases/Teacher create forum: Test Cases/Teacher create forum

2022-01-11 21:49:17 - [TEST_STEP][PASSED] - callTestCase(findTestCase("Login as user (teacher)"), [:], STOP_ON_FAILURE): Call Test Case 'Test Cases/Login as user (teacher)' successfully

2022-01-11 21:49:17 - [TEST_CASE][PASSED] - Test Cases/Login as user (teacher): Test Cases/Login as user (teacher)

2022-01-11 21:49:17 - [TEST_STEP][PASSED] - openBrowser(""): Browser is opened with url: ''

2022-01-11 21:49:18 - [MESSAGE][WARNING] - A browser is already opened. Closing browser and opening a new one

2022-01-11 21:49:18 - [MESSAGE][INFO] - Starting 'Edge Chromium' driver

2022-01-11 21:49:21 - [MESSAGE][INFO] - Action delay is set to 0 milliseconds

2022-01-11 21:49:22 - [MESSAGE][PASSED] - Browser is opened with url: ''

2022-01-11 21:49:22 - [TEST_STEP][PASSED] - navigateToUrl("http://localhost/"): Navigate to 'http://localhost/' successfully

2022-01-11 21:49:22 - [MESSAGE][PASSED] - Navigate to 'http://localhost/' successfully

2022-01-11 21:49:22 - [TEST_STEP][PASSED] - click(findTestObject("Object Repository/Page_My Moodle/a_Log in")): Object: 'Object Repository/Page_My Moodle/a_Log in' is clicked on

2022-01-11 21:49:23 - [MESSAGE][PASSED] - Object: 'Object Repository/Page_My Moodle/a_Log in' is clicked on

2022-01-11 21:49:23 - [TEST_STEP][PASSED] - setText(findTestObject("Object Repository/Page_My Moodle Log in to the site/input_Username_username"), "teacher"): Text 'teacher' is set on object 'Object Repository/Page_My Moodle Log in to the site/input_Username_username'

2022-01-11 21:49:24 - [MESSAGE][PASSED] - Text 'teacher' is set on object 'Object Repository/Page_My Moodle Log in to the site/input_Username_username'

2022-01-11 21:49:24 - [TEST_STEP][PASSED] - setEncryptedText(findTestObject("Object Repository/Page_My Moodle Log in to the site/input_Password_password"), "3fJEwIvstDDnFTEIk7299A=="): Text ****** has been set on object 'Object Repository/Page_My Moodle Log in to the site/input_Password_password'

2022-01-11 21:49:24 - [MESSAGE][PASSED] - Text ****** has been set on object 'Object Repository/Page_My Moodle Log in to the site/input_Password_password'

2022-01-11 21:49:24 - [TEST_STEP][PASSED] - click(findTestObject("Object Repository/Page_My Moodle Log in to the site/button_Log in")): Object: 'Object Repository/Page_My Moodle Log in to the site/button_Log in' is clicked on

2022-01-11 21:49:26 - [MESSAGE][PASSED] - Object: 'Object Repository/Page_My Moodle Log in to the site/button_Log in' is clicked on

2022-01-11 21:49:26 - [MESSAGE][PASSED] - Call Test Case 'Test Cases/Login as user (teacher)' successfully

2022-01-11 21:49:26 - [TEST_STEP][PASSED] - click(findTestObject("Object Repository/Page_Dashboard/span_Site home")): Object: 'Object Repository/Page_Dashboard/span_Site home' is clicked on

2022-01-11 21:49:28 - [MESSAGE][PASSED] - Object: 'Object Repository/Page_Dashboard/span_Site home' is clicked on

2022-01-11 21:49:28 - [TEST_STEP][PASSED] - navigateToUrl("http://localhost/?redirect=0"): Navigate to 'http://localhost/?redirect=0' successfully

2022-01-11 21:49:28 - [MESSAGE][PASSED] - Navigate to 'http://localhost/?redirect=0' successfully

2022-01-11 21:49:28 - [TEST_STEP][PASSED] - click(findTestObject("Object Repository/Page_My Moodle/a_Phn tch v qun l yu cu phn mm")): Object: 'Object Repository/Page_My Moodle/a_Phn tch v qun l yu cu phn mm' is clicked on

2022-01-11 21:49:29 - [MESSAGE][PASSED] - Object: 'Object Repository/Page_My Moodle/a_Phn tch v qun l yu cu phn mm' is clicked on

2022-01-11 21:49:29 - [TEST_STEP][PASSED] - click(findTestObject("Object Repository/Page_Course Phn tch v qun l yu cu phn mm/button_Turn editing on")): Object: 'Object Repository/Page_Course Phn tch v qun l yu cu phn mm/button_Turn editing on' is clicked on

2022-01-11 21:49:30 - [MESSAGE][PASSED] - Object: 'Object Repository/Page_Course Phn tch v qun l yu cu phn mm/button_Turn editing on' is clicked on

2022-01-11 21:49:30 - [TEST_STEP][PASSED] - click(findTestObject("Object Repository/Page_Course Phn tch v qun l yu cu phn mm/span_Add an activity or resource")): Object: 'Object Repository/Page_Course Phn tch v qun l yu cu phn mm/span_Add an activity or resource' is clicked on

2022-01-11 21:49:31 - [MESSAGE][PASSED] - Object: 'Object Repository/Page_Course Phn tch v qun l yu cu phn mm/span_Add an activity or resource' is clicked on

2022-01-11 21:49:31 - [TEST_STEP][PASSED] - click(findTestObject("Object Repository/Page_Course Phn tch v qun l yu cu phn mm/img_Information about the Folder activity_i_e12f9c")): Object: 'Object Repository/Page_Course Phn tch v qun l yu cu phn mm/img_Information about the Folder activity_i_e12f9c' is clicked on

2022-01-11 21:49:33 - [MESSAGE][PASSED] - Object: 'Object Repository/Page_Course Phn tch v qun l yu cu phn mm/img_Information about the Folder activity_i_e12f9c' is clicked on

2022-01-11 21:49:33 - [TEST_STEP][PASSED] - setText(findTestObject("Object Repository/Page_Editing Forum/input_Forum name_name"), "New Forum"): Text 'New Forum' is set on object 'Object Repository/Page_Editing Forum/input_Forum name_name'

2022-01-11 21:49:34 - [MESSAGE][PASSED] - Text 'New Forum' is set on object 'Object Repository/Page_Editing Forum/input_Forum name_name'

2022-01-11 21:49:34 - [TEST_STEP][PASSED] - click(findTestObject("Object Repository/Page_Editing Forum/input_Upon activity completion_submitbutton2")): Object: 'Object Repository/Page_Editing Forum/input_Upon activity completion_submitbutton2' is clicked on

2022-01-11 21:49:35 - [MESSAGE][PASSED] - Object: 'Object Repository/Page_Editing Forum/input_Upon activity completion_submitbutton2' is clicked on

2022-01-11 21:49:35 - [TEST_STEP][PASSED] - click(findTestObject("Object Repository/Page_Course Phn tch v qun l yu cu phn mm/span_New Forum")): Object: 'Object Repository/Page_Course Phn tch v qun l yu cu phn mm/span_New Forum' is clicked on

2022-01-11 21:49:36 - [MESSAGE][PASSED] - Object: 'Object Repository/Page_Course Phn tch v qun l yu cu phn mm/span_New Forum' is clicked on]]></system-out>
         <system-err><![CDATA[]]></system-err>
      </testcase>
      <testcase name="Test Cases/Teacher create group in course" time="28.621" classname="Test Cases/Teacher create group in course" status="PASSED">
         <system-out><![CDATA[2022-01-11 21:49:36 - [TEST_CASE][PASSED] - Test Cases/Teacher create group in course: Test Cases/Teacher create group in course

2022-01-11 21:49:36 - [TEST_STEP][PASSED] - callTestCase(findTestCase("Login as user (teacher)"), [:], STOP_ON_FAILURE): Call Test Case 'Test Cases/Login as user (teacher)' successfully

2022-01-11 21:49:37 - [TEST_CASE][PASSED] - Test Cases/Login as user (teacher): Test Cases/Login as user (teacher)

2022-01-11 21:49:37 - [TEST_STEP][PASSED] - openBrowser(""): Browser is opened with url: ''

2022-01-11 21:49:37 - [MESSAGE][WARNING] - A browser is already opened. Closing browser and opening a new one

2022-01-11 21:49:37 - [MESSAGE][INFO] - Starting 'Edge Chromium' driver

2022-01-11 21:49:40 - [MESSAGE][INFO] - Action delay is set to 0 milliseconds

2022-01-11 21:49:41 - [MESSAGE][PASSED] - Browser is opened with url: ''

2022-01-11 21:49:41 - [TEST_STEP][PASSED] - navigateToUrl("http://localhost/"): Navigate to 'http://localhost/' successfully

2022-01-11 21:49:42 - [MESSAGE][PASSED] - Navigate to 'http://localhost/' successfully

2022-01-11 21:49:42 - [TEST_STEP][PASSED] - click(findTestObject("Object Repository/Page_My Moodle/a_Log in")): Object: 'Object Repository/Page_My Moodle/a_Log in' is clicked on

2022-01-11 21:49:42 - [MESSAGE][PASSED] - Object: 'Object Repository/Page_My Moodle/a_Log in' is clicked on

2022-01-11 21:49:42 - [TEST_STEP][PASSED] - setText(findTestObject("Object Repository/Page_My Moodle Log in to the site/input_Username_username"), "teacher"): Text 'teacher' is set on object 'Object Repository/Page_My Moodle Log in to the site/input_Username_username'

2022-01-11 21:49:43 - [MESSAGE][PASSED] - Text 'teacher' is set on object 'Object Repository/Page_My Moodle Log in to the site/input_Username_username'

2022-01-11 21:49:43 - [TEST_STEP][PASSED] - setEncryptedText(findTestObject("Object Repository/Page_My Moodle Log in to the site/input_Password_password"), "3fJEwIvstDDnFTEIk7299A=="): Text ****** has been set on object 'Object Repository/Page_My Moodle Log in to the site/input_Password_password'

2022-01-11 21:49:43 - [MESSAGE][PASSED] - Text ****** has been set on object 'Object Repository/Page_My Moodle Log in to the site/input_Password_password'

2022-01-11 21:49:43 - [TEST_STEP][PASSED] - click(findTestObject("Object Repository/Page_My Moodle Log in to the site/button_Log in")): Object: 'Object Repository/Page_My Moodle Log in to the site/button_Log in' is clicked on

2022-01-11 21:49:45 - [MESSAGE][PASSED] - Object: 'Object Repository/Page_My Moodle Log in to the site/button_Log in' is clicked on

2022-01-11 21:49:45 - [MESSAGE][PASSED] - Call Test Case 'Test Cases/Login as user (teacher)' successfully

2022-01-11 21:49:45 - [TEST_STEP][PASSED] - click(findTestObject("Object Repository/Page_Dashboard/span_Site home")): Object: 'Object Repository/Page_Dashboard/span_Site home' is clicked on

2022-01-11 21:49:47 - [MESSAGE][PASSED] - Object: 'Object Repository/Page_Dashboard/span_Site home' is clicked on

2022-01-11 21:49:47 - [TEST_STEP][PASSED] - navigateToUrl("http://localhost/?redirect=0"): Navigate to 'http://localhost/?redirect=0' successfully

2022-01-11 21:49:47 - [MESSAGE][PASSED] - Navigate to 'http://localhost/?redirect=0' successfully

2022-01-11 21:49:47 - [TEST_STEP][PASSED] - click(findTestObject("Object Repository/Page_My Moodle/a_Phn tch v qun l yu cu phn mm")): Object: 'Object Repository/Page_My Moodle/a_Phn tch v qun l yu cu phn mm' is clicked on

2022-01-11 21:49:48 - [MESSAGE][PASSED] - Object: 'Object Repository/Page_My Moodle/a_Phn tch v qun l yu cu phn mm' is clicked on

2022-01-11 21:49:48 - [TEST_STEP][PASSED] - click(findTestObject("Object Repository/Page_Course Phn tch v qun l yu cu phn mm/span_Participants")): Object: 'Object Repository/Page_Course Phn tch v qun l yu cu phn mm/span_Participants' is clicked on

2022-01-11 21:49:49 - [MESSAGE][PASSED] - Object: 'Object Repository/Page_Course Phn tch v qun l yu cu phn mm/span_Participants' is clicked on

2022-01-11 21:49:49 - [TEST_STEP][PASSED] - click(findTestObject("Object Repository/Page_CSC13005 Participants/a_Participants_action-menu-toggle-3")): Object: 'Object Repository/Page_CSC13005 Participants/a_Participants_action-menu-toggle-3' is clicked on

2022-01-11 21:49:49 - [MESSAGE][PASSED] - Object: 'Object Repository/Page_CSC13005 Participants/a_Participants_action-menu-toggle-3' is clicked on

2022-01-11 21:49:49 - [TEST_STEP][PASSED] - click(findTestObject("Object Repository/Page_CSC13005 Participants/a_Groups")): Object: 'Object Repository/Page_CSC13005 Participants/a_Groups' is clicked on

2022-01-11 21:49:50 - [MESSAGE][PASSED] - Object: 'Object Repository/Page_CSC13005 Participants/a_Groups' is clicked on

2022-01-11 21:49:50 - [TEST_STEP][PASSED] - click(findTestObject("Object Repository/Page_Groups/input_Groups_act_showcreateorphangroupform")): Object: 'Object Repository/Page_Groups/input_Groups_act_showcreateorphangroupform' is clicked on

2022-01-11 21:49:51 - [MESSAGE][PASSED] - Object: 'Object Repository/Page_Groups/input_Groups_act_showcreateorphangroupform' is clicked on

2022-01-11 21:49:51 - [TEST_STEP][PASSED] - setText(findTestObject("Object Repository/Page_Groups/input_Group name_name"), "Group Testing"): Text 'Group Testing' is set on object 'Object Repository/Page_Groups/input_Group name_name'

2022-01-11 21:49:53 - [MESSAGE][PASSED] - Text 'Group Testing' is set on object 'Object Repository/Page_Groups/input_Group name_name'

2022-01-11 21:49:53 - [TEST_STEP][PASSED] - setText(findTestObject("Object Repository/Page_Groups/input_Group ID number_idnumber"), "01"): Text '01' is set on object 'Object Repository/Page_Groups/input_Group ID number_idnumber'

2022-01-11 21:49:54 - [MESSAGE][PASSED] - Text '01' is set on object 'Object Repository/Page_Groups/input_Group ID number_idnumber'

2022-01-11 21:49:54 - [TEST_STEP][PASSED] - click(findTestObject("Object Repository/Page_Groups/input_Drop files here to upload_submitbutton")): Object: 'Object Repository/Page_Groups/input_Drop files here to upload_submitbutton' is clicked on

2022-01-11 21:49:55 - [MESSAGE][PASSED] - Object: 'Object Repository/Page_Groups/input_Drop files here to upload_submitbutton' is clicked on

2022-01-11 21:49:55 - [TEST_STEP][PASSED] - click(findTestObject("Object Repository/Page_Groups/input_Group Testing (0)_act_showaddmembersform")): Object: 'Object Repository/Page_Groups/input_Group Testing (0)_act_showaddmembersform' is clicked on

2022-01-11 21:49:56 - [MESSAGE][PASSED] - Object: 'Object Repository/Page_Groups/input_Group Testing (0)_act_showaddmembersform' is clicked on

2022-01-11 21:49:56 - [TEST_STEP][PASSED] - selectOptionByValue(findTestObject("Object Repository/Page_CSC13005 Groups/select_Student One (s1example.com) (0)    S_fbd5dc"), "7", true): All options with value '7' are selected in object 'Object Repository/Page_CSC13005 Groups/select_Student One (s1example.com) (0)    S_fbd5dc'  using regular expression

2022-01-11 21:49:57 - [MESSAGE][PASSED] - All options with value '7' are selected in object 'Object Repository/Page_CSC13005 Groups/select_Student One (s1example.com) (0)    S_fbd5dc'  using regular expression

2022-01-11 21:49:57 - [TEST_STEP][PASSED] - selectOptionByValue(findTestObject("Object Repository/Page_CSC13005 Groups/select_Student One (s1example.com) (0)    S_fbd5dc"), "8", true): All options with value '8' are selected in object 'Object Repository/Page_CSC13005 Groups/select_Student One (s1example.com) (0)    S_fbd5dc'  using regular expression

2022-01-11 21:49:58 - [MESSAGE][PASSED] - All options with value '8' are selected in object 'Object Repository/Page_CSC13005 Groups/select_Student One (s1example.com) (0)    S_fbd5dc'  using regular expression

2022-01-11 21:49:58 - [TEST_STEP][PASSED] - selectOptionByValue(findTestObject("Object Repository/Page_CSC13005 Groups/select_Student One (s1example.com) (0)    S_fbd5dc"), "4", true): All options with value '4' are selected in object 'Object Repository/Page_CSC13005 Groups/select_Student One (s1example.com) (0)    S_fbd5dc'  using regular expression

2022-01-11 21:49:59 - [MESSAGE][PASSED] - All options with value '4' are selected in object 'Object Repository/Page_CSC13005 Groups/select_Student One (s1example.com) (0)    S_fbd5dc'  using regular expression

2022-01-11 21:49:59 - [TEST_STEP][PASSED] - click(findTestObject("Object Repository/Page_CSC13005 Groups/input_Match the search text anywhere in the_89f7b5")): Object: 'Object Repository/Page_CSC13005 Groups/input_Match the search text anywhere in the_89f7b5' is clicked on

2022-01-11 21:50:00 - [MESSAGE][PASSED] - Object: 'Object Repository/Page_CSC13005 Groups/input_Match the search text anywhere in the_89f7b5' is clicked on

2022-01-11 21:50:00 - [TEST_STEP][PASSED] - selectOptionByValue(findTestObject("Object Repository/Page_CSC13005 Groups/select_Teacher Testing (teacher.testingmail_a817a3"), "8", true): All options with value '8' are selected in object 'Object Repository/Page_CSC13005 Groups/select_Teacher Testing (teacher.testingmail_a817a3'  using regular expression

2022-01-11 21:50:02 - [MESSAGE][PASSED] - All options with value '8' are selected in object 'Object Repository/Page_CSC13005 Groups/select_Teacher Testing (teacher.testingmail_a817a3'  using regular expression

2022-01-11 21:50:02 - [TEST_STEP][PASSED] - selectOptionByValue(findTestObject("Object Repository/Page_CSC13005 Groups/select_Teacher Testing (teacher.testingmail_a817a3"), "4", true): All options with value '4' are selected in object 'Object Repository/Page_CSC13005 Groups/select_Teacher Testing (teacher.testingmail_a817a3'  using regular expression

2022-01-11 21:50:03 - [MESSAGE][PASSED] - All options with value '4' are selected in object 'Object Repository/Page_CSC13005 Groups/select_Teacher Testing (teacher.testingmail_a817a3'  using regular expression

2022-01-11 21:50:03 - [TEST_STEP][PASSED] - selectOptionByValue(findTestObject("Object Repository/Page_CSC13005 Groups/select_Teacher Testing (teacher.testingmail_a817a3"), "7", true): All options with value '7' are selected in object 'Object Repository/Page_CSC13005 Groups/select_Teacher Testing (teacher.testingmail_a817a3'  using regular expression

2022-01-11 21:50:04 - [MESSAGE][PASSED] - All options with value '7' are selected in object 'Object Repository/Page_CSC13005 Groups/select_Teacher Testing (teacher.testingmail_a817a3'  using regular expression

2022-01-11 21:50:04 - [TEST_STEP][PASSED] - click(findTestObject("Object Repository/Page_CSC13005 Groups/input_Search_cancel")): Object: 'Object Repository/Page_CSC13005 Groups/input_Search_cancel' is clicked on

2022-01-11 21:50:05 - [MESSAGE][PASSED] - Object: 'Object Repository/Page_CSC13005 Groups/input_Search_cancel' is clicked on]]></system-out>
         <system-err><![CDATA[]]></system-err>
      </testcase>
      <testcase name="Test Cases/Teacher create new badge" time="20.047" classname="Test Cases/Teacher create new badge" status="PASSED">
         <system-out><![CDATA[2022-01-11 21:50:05 - [TEST_CASE][PASSED] - Test Cases/Teacher create new badge: Test Cases/Teacher create new badge

2022-01-11 21:50:05 - [TEST_STEP][PASSED] - callTestCase(findTestCase("Login as user (teacher)"), [:], STOP_ON_FAILURE): Call Test Case 'Test Cases/Login as user (teacher)' successfully

2022-01-11 21:50:05 - [TEST_CASE][PASSED] - Test Cases/Login as user (teacher): Test Cases/Login as user (teacher)

2022-01-11 21:50:05 - [TEST_STEP][PASSED] - openBrowser(""): Browser is opened with url: ''

2022-01-11 21:50:05 - [MESSAGE][WARNING] - A browser is already opened. Closing browser and opening a new one

2022-01-11 21:50:06 - [MESSAGE][INFO] - Starting 'Edge Chromium' driver

2022-01-11 21:50:08 - [MESSAGE][INFO] - Action delay is set to 0 milliseconds

2022-01-11 21:50:10 - [MESSAGE][PASSED] - Browser is opened with url: ''

2022-01-11 21:50:10 - [TEST_STEP][PASSED] - navigateToUrl("http://localhost/"): Navigate to 'http://localhost/' successfully

2022-01-11 21:50:10 - [MESSAGE][PASSED] - Navigate to 'http://localhost/' successfully

2022-01-11 21:50:10 - [TEST_STEP][PASSED] - click(findTestObject("Object Repository/Page_My Moodle/a_Log in")): Object: 'Object Repository/Page_My Moodle/a_Log in' is clicked on

2022-01-11 21:50:11 - [MESSAGE][PASSED] - Object: 'Object Repository/Page_My Moodle/a_Log in' is clicked on

2022-01-11 21:50:11 - [TEST_STEP][PASSED] - setText(findTestObject("Object Repository/Page_My Moodle Log in to the site/input_Username_username"), "teacher"): Text 'teacher' is set on object 'Object Repository/Page_My Moodle Log in to the site/input_Username_username'

2022-01-11 21:50:12 - [MESSAGE][PASSED] - Text 'teacher' is set on object 'Object Repository/Page_My Moodle Log in to the site/input_Username_username'

2022-01-11 21:50:12 - [TEST_STEP][PASSED] - setEncryptedText(findTestObject("Object Repository/Page_My Moodle Log in to the site/input_Password_password"), "3fJEwIvstDDnFTEIk7299A=="): Text ****** has been set on object 'Object Repository/Page_My Moodle Log in to the site/input_Password_password'

2022-01-11 21:50:12 - [MESSAGE][PASSED] - Text ****** has been set on object 'Object Repository/Page_My Moodle Log in to the site/input_Password_password'

2022-01-11 21:50:12 - [TEST_STEP][PASSED] - click(findTestObject("Object Repository/Page_My Moodle Log in to the site/button_Log in")): Object: 'Object Repository/Page_My Moodle Log in to the site/button_Log in' is clicked on

2022-01-11 21:50:13 - [MESSAGE][PASSED] - Object: 'Object Repository/Page_My Moodle Log in to the site/button_Log in' is clicked on

2022-01-11 21:50:13 - [MESSAGE][PASSED] - Call Test Case 'Test Cases/Login as user (teacher)' successfully

2022-01-11 21:50:13 - [TEST_STEP][PASSED] - click(findTestObject("Object Repository/Page_Dashboard/span_Site home")): Object: 'Object Repository/Page_Dashboard/span_Site home' is clicked on

2022-01-11 21:50:15 - [MESSAGE][PASSED] - Object: 'Object Repository/Page_Dashboard/span_Site home' is clicked on

2022-01-11 21:50:15 - [TEST_STEP][PASSED] - navigateToUrl("http://localhost/?redirect=0"): Navigate to 'http://localhost/?redirect=0' successfully

2022-01-11 21:50:16 - [MESSAGE][PASSED] - Navigate to 'http://localhost/?redirect=0' successfully

2022-01-11 21:50:16 - [TEST_STEP][PASSED] - click(findTestObject("Object Repository/Page_My Moodle/a_Phn tch v qun l yu cu phn mm")): Object: 'Object Repository/Page_My Moodle/a_Phn tch v qun l yu cu phn mm' is clicked on

2022-01-11 21:50:17 - [MESSAGE][PASSED] - Object: 'Object Repository/Page_My Moodle/a_Phn tch v qun l yu cu phn mm' is clicked on

2022-01-11 21:50:17 - [TEST_STEP][PASSED] - click(findTestObject("Object Repository/Page_Course Phn tch v qun l yu cu phn mm/span_Badges")): Object: 'Object Repository/Page_Course Phn tch v qun l yu cu phn mm/span_Badges' is clicked on

2022-01-11 21:50:18 - [MESSAGE][PASSED] - Object: 'Object Repository/Page_Course Phn tch v qun l yu cu phn mm/span_Badges' is clicked on

2022-01-11 21:50:18 - [TEST_STEP][PASSED] - click(findTestObject("Object Repository/Page_Phn tch v qun l yu cu phn mm Badges/button_Add a new badge")): Object: 'Object Repository/Page_Phn tch v qun l yu cu phn mm Badges/button_Add a new badge' is clicked on

2022-01-11 21:50:19 - [MESSAGE][PASSED] - Object: 'Object Repository/Page_Phn tch v qun l yu cu phn mm Badges/button_Add a new badge' is clicked on

2022-01-11 21:50:19 - [TEST_STEP][PASSED] - setText(findTestObject("Object Repository/Page_Phn tch v qun l yu cu phn mm New badge/input_Name_name"), "Badge"): Text 'Badge' is set on object 'Object Repository/Page_Phn tch v qun l yu cu phn mm New badge/input_Name_name'

2022-01-11 21:50:20 - [MESSAGE][PASSED] - Text 'Badge' is set on object 'Object Repository/Page_Phn tch v qun l yu cu phn mm New badge/input_Name_name'

2022-01-11 21:50:20 - [TEST_STEP][PASSED] - setText(findTestObject("Object Repository/Page_Phn tch v qun l yu cu phn mm New badge/textarea_Description_description"), "Badge for good students"): Text 'Badge for good students' is set on object 'Object Repository/Page_Phn tch v qun l yu cu phn mm New badge/textarea_Description_description'

2022-01-11 21:50:21 - [MESSAGE][PASSED] - Text 'Badge for good students' is set on object 'Object Repository/Page_Phn tch v qun l yu cu phn mm New badge/textarea_Description_description'

2022-01-11 21:50:21 - [TEST_STEP][PASSED] - click(findTestObject("Object Repository/Page_Phn tch v qun l yu cu phn mm New badge/input_Image_imagechoose")): Object: 'Object Repository/Page_Phn tch v qun l yu cu phn mm New badge/input_Image_imagechoose' is clicked on

2022-01-11 21:50:21 - [MESSAGE][PASSED] - Object: 'Object Repository/Page_Phn tch v qun l yu cu phn mm New badge/input_Image_imagechoose' is clicked on

2022-01-11 21:50:21 - [TEST_STEP][PASSED] - click(findTestObject("Object Repository/Page_Phn tch v qun l yu cu phn mm New badge/a_csv")): Object: 'Object Repository/Page_Phn tch v qun l yu cu phn mm New badge/a_csv' is clicked on

2022-01-11 21:50:22 - [MESSAGE][PASSED] - Object: 'Object Repository/Page_Phn tch v qun l yu cu phn mm New badge/a_csv' is clicked on

2022-01-11 21:50:22 - [TEST_STEP][PASSED] - click(findTestObject("Object Repository/Page_Phn tch v qun l yu cu phn mm New badge/div_Search repository_yui_3_17_2_1_16417349_9d5124")): Object: 'Object Repository/Page_Phn tch v qun l yu cu phn mm New badge/div_Search repository_yui_3_17_2_1_16417349_9d5124' is clicked on

2022-01-11 21:50:23 - [MESSAGE][PASSED] - Object: 'Object Repository/Page_Phn tch v qun l yu cu phn mm New badge/div_Search repository_yui_3_17_2_1_16417349_9d5124' is clicked on

2022-01-11 21:50:23 - [TEST_STEP][PASSED] - click(findTestObject("Object Repository/Page_Phn tch v qun l yu cu phn mm New badge/button_Select this file")): Object: 'Object Repository/Page_Phn tch v qun l yu cu phn mm New badge/button_Select this file' is clicked on

2022-01-11 21:50:23 - [MESSAGE][PASSED] - Object: 'Object Repository/Page_Phn tch v qun l yu cu phn mm New badge/button_Select this file' is clicked on

2022-01-11 21:50:23 - [TEST_STEP][PASSED] - click(findTestObject("Object Repository/Page_Phn tch v qun l yu cu phn mm New badge/input_Time unit_submitbutton")): Object: 'Object Repository/Page_Phn tch v qun l yu cu phn mm New badge/input_Time unit_submitbutton' is clicked on

2022-01-11 21:50:24 - [MESSAGE][PASSED] - Object: 'Object Repository/Page_Phn tch v qun l yu cu phn mm New badge/input_Time unit_submitbutton' is clicked on

2022-01-11 21:50:24 - [TEST_STEP][PASSED] - click(findTestObject("Object Repository/Page_Badge/h2_Badge")): Object: 'Object Repository/Page_Badge/h2_Badge' is clicked on

2022-01-11 21:50:25 - [MESSAGE][PASSED] - Object: 'Object Repository/Page_Badge/h2_Badge' is clicked on]]></system-out>
         <system-err><![CDATA[]]></system-err>
      </testcase>
      <testcase name="Test Cases/Teacher create new dicussion forum" time="45.513" classname="Test Cases/Teacher create new dicussion forum" status="FAILED">
         <failure type="FAILED" message="Test Cases/Teacher create new dicussion forum FAILED.
Reason:
com.kms.katalon.core.exception.StepFailedException: Unable to click on object 'Object Repository/Page_New Forum/a_Add a new discussion topic'
	at com.kms.katalon.core.webui.keyword.internal.WebUIKeywordMain.stepFailed(WebUIKeywordMain.groovy:64)
	at com.kms.katalon.core.webui.keyword.internal.WebUIKeywordMain.runKeyword(WebUIKeywordMain.groovy:26)
	at com.kms.katalon.core.webui.keyword.builtin.ClickKeyword.click(ClickKeyword.groovy:74)
	at com.kms.katalon.core.webui.keyword.builtin.ClickKeyword.execute(ClickKeyword.groovy:40)
	at com.kms.katalon.core.keyword.internal.KeywordExecutor.executeKeywordForPlatform(KeywordExecutor.groovy:74)
	at com.kms.katalon.core.webui.keyword.WebUiBuiltInKeywords.click(WebUiBuiltInKeywords.groovy:620)
	at com.kms.katalon.core.webui.keyword.WebUiBuiltInKeywords$click$1.call(Unknown Source)
	at Teacher create new dicussion forum.run(Teacher create new dicussion forum:34)
	at com.kms.katalon.core.main.ScriptEngine.run(ScriptEngine.java:194)
	at com.kms.katalon.core.main.ScriptEngine.runScriptAsRawText(ScriptEngine.java:119)
	at com.kms.katalon.core.main.TestCaseExecutor.runScript(TestCaseExecutor.java:442)
	at com.kms.katalon.core.main.TestCaseExecutor.doExecute(TestCaseExecutor.java:433)
	at com.kms.katalon.core.main.TestCaseExecutor.processExecutionPhase(TestCaseExecutor.java:412)
	at com.kms.katalon.core.main.TestCaseExecutor.accessMainPhase(TestCaseExecutor.java:404)
	at com.kms.katalon.core.main.TestCaseExecutor.execute(TestCaseExecutor.java:281)
	at com.kms.katalon.core.main.TestSuiteExecutor.accessTestCaseMainPhase(TestSuiteExecutor.java:202)
	at com.kms.katalon.core.main.TestSuiteExecutor.accessTestSuiteMainPhase(TestSuiteExecutor.java:164)
	at com.kms.katalon.core.main.TestSuiteExecutor.execute(TestSuiteExecutor.java:105)
	at com.kms.katalon.core.main.TestCaseMain.startTestSuite(TestCaseMain.java:181)
	at com.kms.katalon.core.main.TestCaseMain$startTestSuite$0.call(Unknown Source)
	at TempTestSuite1641911862929.run(TempTestSuite1641911862929.groovy:36)
Caused by: org.openqa.selenium.ElementClickInterceptedException: element click intercepted: Element &lt;a class=&quot;aalink&quot; onclick=&quot;&quot; href=&quot;http://localhost/mod/assign/view.php?id=5&quot;>...&lt;/a> is not clickable at point (437, 13). Other element would receive the click: &lt;nav class=&quot;fixed-top navbar navbar-light bg-white navbar-expand moodle-has-zindex&quot; aria-label=&quot;Site navigation&quot;>...&lt;/nav>
  (Session info: MicrosoftEdge=97.0.1072.55)
Build info: version: '3.141.59', revision: 'e82be7d358', time: '2018-11-14T08:25:53'
System info: host: 'DESKTOP-8IHK86T', ip: '192.168.1.173', os.name: 'Windows 10', os.arch: 'amd64', os.version: '10.0', java.version: '1.8.0_282'
Driver info: com.kms.katalon.selenium.driver.CEdgeDriver
Capabilities {acceptInsecureCerts: false, browserName: msedge, browserVersion: 97.0.1072.55, javascriptEnabled: true, ms:edgeOptions: {debuggerAddress: localhost:57037}, msedge: {msedgedriverVersion: 97.0.1072.55 (ce3bf33648805..., userDataDir: C:\Users\THANHD~1\AppData\L...}, networkConnectionEnabled: false, pageLoadStrategy: normal, platform: WINDOWS, platformName: WINDOWS, proxy: Proxy(), setWindowRect: true, strictFileInteractability: false, timeouts: {implicit: 0, pageLoad: 300000, script: 30000}, unhandledPromptBehavior: dismiss and notify, webauthn:extension:credBlob: true, webauthn:extension:largeBlob: true, webauthn:virtualAuthenticators: true}
Session ID: d55100f0e841a3aafa98491a3381d6b2
	at org.openqa.selenium.remote.http.W3CHttpResponseCodec.createException(W3CHttpResponseCodec.java:187)
	at org.openqa.selenium.remote.http.W3CHttpResponseCodec.decode(W3CHttpResponseCodec.java:122)
	at org.openqa.selenium.remote.http.W3CHttpResponseCodec.decode(W3CHttpResponseCodec.java:49)
	at org.openqa.selenium.remote.HttpCommandExecutor.execute(HttpCommandExecutor.java:158)
	at org.openqa.selenium.remote.service.DriverCommandExecutor.execute(DriverCommandExecutor.java:83)
	at org.openqa.selenium.remote.RemoteWebDriver.execute(RemoteWebDriver.java:552)
	at com.kms.katalon.selenium.driver.CEdgeDriver.execute(CEdgeDriver.java:20)
	at org.openqa.selenium.remote.RemoteWebElement.execute(RemoteWebElement.java:285)
	at org.openqa.selenium.remote.RemoteWebElement.click(RemoteWebElement.java:84)
	at org.openqa.selenium.support.events.EventFiringWebDriver$EventFiringWebElement.lambda$new$0(EventFiringWebDriver.java:404)
	at com.sun.proxy.$Proxy11.click(Unknown Source)
	at org.openqa.selenium.support.events.EventFiringWebDriver$EventFiringWebElement.click(EventFiringWebDriver.java:417)
	at org.openqa.selenium.WebElement$click.call(Unknown Source)
	at com.kms.katalon.core.webui.keyword.builtin.ClickKeyword.clickUntilSuccessWithTimeout(ClickKeyword.groovy:81)
	at com.kms.katalon.core.webui.keyword.builtin.ClickKeyword.clickUntilSuccessWithTimeout(ClickKeyword.groovy)
	at com.kms.katalon.core.webui.keyword.builtin.ClickKeyword$_click_closure1.doCall(ClickKeyword.groovy:67)
	at com.kms.katalon.core.webui.keyword.builtin.ClickKeyword$_click_closure1.call(ClickKeyword.groovy)
	at com.kms.katalon.core.webui.keyword.internal.WebUIKeywordMain.runKeyword(WebUIKeywordMain.groovy:20)
	... 19 more
"/>
         <system-out><![CDATA[2022-01-11 21:50:25 - [TEST_CASE][FAILED] - Test Cases/Teacher create new dicussion forum: Test Cases/Teacher create new dicussion forum FAILED.
Reason:
com.kms.katalon.core.exception.StepFailedException: Unable to click on object 'Object Repository/Page_New Forum/a_Add a new discussion topic'
	at com.kms.katalon.core.webui.keyword.internal.WebUIKeywordMain.stepFailed(WebUIKeywordMain.groovy:64)
	at com.kms.katalon.core.webui.keyword.internal.WebUIKeywordMain.runKeyword(WebUIKeywordMain.groovy:26)
	at com.kms.katalon.core.webui.keyword.builtin.ClickKeyword.click(ClickKeyword.groovy:74)
	at com.kms.katalon.core.webui.keyword.builtin.ClickKeyword.execute(ClickKeyword.groovy:40)
	at com.kms.katalon.core.keyword.internal.KeywordExecutor.executeKeywordForPlatform(KeywordExecutor.groovy:74)
	at com.kms.katalon.core.webui.keyword.WebUiBuiltInKeywords.click(WebUiBuiltInKeywords.groovy:620)
	at com.kms.katalon.core.webui.keyword.WebUiBuiltInKeywords$click$1.call(Unknown Source)
	at Teacher create new dicussion forum.run(Teacher create new dicussion forum:34)
	at com.kms.katalon.core.main.ScriptEngine.run(ScriptEngine.java:194)
	at com.kms.katalon.core.main.ScriptEngine.runScriptAsRawText(ScriptEngine.java:119)
	at com.kms.katalon.core.main.TestCaseExecutor.runScript(TestCaseExecutor.java:442)
	at com.kms.katalon.core.main.TestCaseExecutor.doExecute(TestCaseExecutor.java:433)
	at com.kms.katalon.core.main.TestCaseExecutor.processExecutionPhase(TestCaseExecutor.java:412)
	at com.kms.katalon.core.main.TestCaseExecutor.accessMainPhase(TestCaseExecutor.java:404)
	at com.kms.katalon.core.main.TestCaseExecutor.execute(TestCaseExecutor.java:281)
	at com.kms.katalon.core.main.TestSuiteExecutor.accessTestCaseMainPhase(TestSuiteExecutor.java:202)
	at com.kms.katalon.core.main.TestSuiteExecutor.accessTestSuiteMainPhase(TestSuiteExecutor.java:164)
	at com.kms.katalon.core.main.TestSuiteExecutor.execute(TestSuiteExecutor.java:105)
	at com.kms.katalon.core.main.TestCaseMain.startTestSuite(TestCaseMain.java:181)
	at com.kms.katalon.core.main.TestCaseMain$startTestSuite$0.call(Unknown Source)
	at TempTestSuite1641911862929.run(TempTestSuite1641911862929.groovy:36)
Caused by: org.openqa.selenium.ElementClickInterceptedException: element click intercepted: Element <a class="aalink" onclick="" href="http://localhost/mod/assign/view.php?id=5">...</a> is not clickable at point (437, 13). Other element would receive the click: <nav class="fixed-top navbar navbar-light bg-white navbar-expand moodle-has-zindex" aria-label="Site navigation">...</nav>
  (Session info: MicrosoftEdge=97.0.1072.55)
Build info: version: '3.141.59', revision: 'e82be7d358', time: '2018-11-14T08:25:53'
System info: host: 'DESKTOP-8IHK86T', ip: '192.168.1.173', os.name: 'Windows 10', os.arch: 'amd64', os.version: '10.0', java.version: '1.8.0_282'
Driver info: com.kms.katalon.selenium.driver.CEdgeDriver
Capabilities {acceptInsecureCerts: false, browserName: msedge, browserVersion: 97.0.1072.55, javascriptEnabled: true, ms:edgeOptions: {debuggerAddress: localhost:57037}, msedge: {msedgedriverVersion: 97.0.1072.55 (ce3bf33648805..., userDataDir: C:\Users\THANHD~1\AppData\L...}, networkConnectionEnabled: false, pageLoadStrategy: normal, platform: WINDOWS, platformName: WINDOWS, proxy: Proxy(), setWindowRect: true, strictFileInteractability: false, timeouts: {implicit: 0, pageLoad: 300000, script: 30000}, unhandledPromptBehavior: dismiss and notify, webauthn:extension:credBlob: true, webauthn:extension:largeBlob: true, webauthn:virtualAuthenticators: true}
Session ID: d55100f0e841a3aafa98491a3381d6b2
	at org.openqa.selenium.remote.http.W3CHttpResponseCodec.createException(W3CHttpResponseCodec.java:187)
	at org.openqa.selenium.remote.http.W3CHttpResponseCodec.decode(W3CHttpResponseCodec.java:122)
	at org.openqa.selenium.remote.http.W3CHttpResponseCodec.decode(W3CHttpResponseCodec.java:49)
	at org.openqa.selenium.remote.HttpCommandExecutor.execute(HttpCommandExecutor.java:158)
	at org.openqa.selenium.remote.service.DriverCommandExecutor.execute(DriverCommandExecutor.java:83)
	at org.openqa.selenium.remote.RemoteWebDriver.execute(RemoteWebDriver.java:552)
	at com.kms.katalon.selenium.driver.CEdgeDriver.execute(CEdgeDriver.java:20)
	at org.openqa.selenium.remote.RemoteWebElement.execute(RemoteWebElement.java:285)
	at org.openqa.selenium.remote.RemoteWebElement.click(RemoteWebElement.java:84)
	at org.openqa.selenium.support.events.EventFiringWebDriver$EventFiringWebElement.lambda$new$0(EventFiringWebDriver.java:404)
	at com.sun.proxy.$Proxy11.click(Unknown Source)
	at org.openqa.selenium.support.events.EventFiringWebDriver$EventFiringWebElement.click(EventFiringWebDriver.java:417)
	at org.openqa.selenium.WebElement$click.call(Unknown Source)
	at com.kms.katalon.core.webui.keyword.builtin.ClickKeyword.clickUntilSuccessWithTimeout(ClickKeyword.groovy:81)
	at com.kms.katalon.core.webui.keyword.builtin.ClickKeyword.clickUntilSuccessWithTimeout(ClickKeyword.groovy)
	at com.kms.katalon.core.webui.keyword.builtin.ClickKeyword$_click_closure1.doCall(ClickKeyword.groovy:67)
	at com.kms.katalon.core.webui.keyword.builtin.ClickKeyword$_click_closure1.call(ClickKeyword.groovy)
	at com.kms.katalon.core.webui.keyword.internal.WebUIKeywordMain.runKeyword(WebUIKeywordMain.groovy:20)
	... 19 more


2022-01-11 21:50:25 - [TEST_STEP][PASSED] - callTestCase(findTestCase("Login as user (teacher)"), [:], STOP_ON_FAILURE): Call Test Case 'Test Cases/Login as user (teacher)' successfully

2022-01-11 21:50:25 - [TEST_CASE][PASSED] - Test Cases/Login as user (teacher): Test Cases/Login as user (teacher)

2022-01-11 21:50:25 - [TEST_STEP][PASSED] - openBrowser(""): Browser is opened with url: ''

2022-01-11 21:50:25 - [MESSAGE][WARNING] - A browser is already opened. Closing browser and opening a new one

2022-01-11 21:50:26 - [MESSAGE][INFO] - Starting 'Edge Chromium' driver

2022-01-11 21:50:28 - [MESSAGE][INFO] - Action delay is set to 0 milliseconds

2022-01-11 21:50:30 - [MESSAGE][PASSED] - Browser is opened with url: ''

2022-01-11 21:50:30 - [TEST_STEP][PASSED] - navigateToUrl("http://localhost/"): Navigate to 'http://localhost/' successfully

2022-01-11 21:50:30 - [MESSAGE][PASSED] - Navigate to 'http://localhost/' successfully

2022-01-11 21:50:30 - [TEST_STEP][PASSED] - click(findTestObject("Object Repository/Page_My Moodle/a_Log in")): Object: 'Object Repository/Page_My Moodle/a_Log in' is clicked on

2022-01-11 21:50:31 - [MESSAGE][PASSED] - Object: 'Object Repository/Page_My Moodle/a_Log in' is clicked on

2022-01-11 21:50:31 - [TEST_STEP][PASSED] - setText(findTestObject("Object Repository/Page_My Moodle Log in to the site/input_Username_username"), "teacher"): Text 'teacher' is set on object 'Object Repository/Page_My Moodle Log in to the site/input_Username_username'

2022-01-11 21:50:32 - [MESSAGE][PASSED] - Text 'teacher' is set on object 'Object Repository/Page_My Moodle Log in to the site/input_Username_username'

2022-01-11 21:50:32 - [TEST_STEP][PASSED] - setEncryptedText(findTestObject("Object Repository/Page_My Moodle Log in to the site/input_Password_password"), "3fJEwIvstDDnFTEIk7299A=="): Text ****** has been set on object 'Object Repository/Page_My Moodle Log in to the site/input_Password_password'

2022-01-11 21:50:32 - [MESSAGE][PASSED] - Text ****** has been set on object 'Object Repository/Page_My Moodle Log in to the site/input_Password_password'

2022-01-11 21:50:32 - [TEST_STEP][PASSED] - click(findTestObject("Object Repository/Page_My Moodle Log in to the site/button_Log in")): Object: 'Object Repository/Page_My Moodle Log in to the site/button_Log in' is clicked on

2022-01-11 21:50:33 - [MESSAGE][PASSED] - Object: 'Object Repository/Page_My Moodle Log in to the site/button_Log in' is clicked on

2022-01-11 21:50:33 - [MESSAGE][PASSED] - Call Test Case 'Test Cases/Login as user (teacher)' successfully

2022-01-11 21:50:33 - [TEST_STEP][PASSED] - click(findTestObject("Object Repository/Page_Dashboard/span_Site home")): Object: 'Object Repository/Page_Dashboard/span_Site home' is clicked on

2022-01-11 21:50:35 - [MESSAGE][PASSED] - Object: 'Object Repository/Page_Dashboard/span_Site home' is clicked on

2022-01-11 21:50:35 - [TEST_STEP][PASSED] - navigateToUrl("http://localhost/?redirect=0"): Navigate to 'http://localhost/?redirect=0' successfully

2022-01-11 21:50:36 - [MESSAGE][PASSED] - Navigate to 'http://localhost/?redirect=0' successfully

2022-01-11 21:50:36 - [TEST_STEP][PASSED] - click(findTestObject("Object Repository/Page_My Moodle/a_Phn tch v qun l yu cu phn mm")): Object: 'Object Repository/Page_My Moodle/a_Phn tch v qun l yu cu phn mm' is clicked on

2022-01-11 21:50:36 - [MESSAGE][PASSED] - Object: 'Object Repository/Page_My Moodle/a_Phn tch v qun l yu cu phn mm' is clicked on

2022-01-11 21:50:36 - [TEST_STEP][NOT_RUN] - click(findTestObject("Page_Course Phn tch v qun l yu cu phn mm/button_End tour"), OPTIONAL): NOT_RUN: click(findTestObject("Page_Course Phn tch v qun l yu cu phn mm/button_End tour"), OPTIONAL)

2022-01-11 21:50:36 - [MESSAGE][NOT_RUN] - NOT_RUN: click(findTestObject("Page_Course Phn tch v qun l yu cu phn mm/button_End tour"), OPTIONAL)

2022-01-11 21:50:36 - [TEST_STEP][PASSED] - click(findTestObject("Page_Course Thit k phn mm/span_New Forum")): Object: 'Object Repository/Page_Course Thit k phn mm/span_New Forum' is clicked on

2022-01-11 21:50:37 - [MESSAGE][PASSED] - Object: 'Object Repository/Page_Course Thit k phn mm/span_New Forum' is clicked on

2022-01-11 21:50:37 - [TEST_STEP][NOT_RUN] - click(findTestObject("Page_Course Phn tch v qun l yu cu phn mm/button_End tour"), OPTIONAL): NOT_RUN: click(findTestObject("Page_Course Phn tch v qun l yu cu phn mm/button_End tour"), OPTIONAL)

2022-01-11 21:50:37 - [MESSAGE][NOT_RUN] - NOT_RUN: click(findTestObject("Page_Course Phn tch v qun l yu cu phn mm/button_End tour"), OPTIONAL)

2022-01-11 21:50:37 - [TEST_STEP][FAILED] - click(findTestObject("Object Repository/Page_New Forum/a_Add a new discussion topic")): Unable to click on object 'Object Repository/Page_New Forum/a_Add a new discussion topic' (Root cause: com.kms.katalon.core.exception.StepFailedException: Unable to click on object 'Object Repository/Page_New Forum/a_Add a new discussion topic'
	at com.kms.katalon.core.webui.keyword.internal.WebUIKeywordMain.stepFailed(WebUIKeywordMain.groovy:64)
	at com.kms.katalon.core.webui.keyword.internal.WebUIKeywordMain.runKeyword(WebUIKeywordMain.groovy:26)
	at com.kms.katalon.core.webui.keyword.builtin.ClickKeyword.click(ClickKeyword.groovy:74)
	at com.kms.katalon.core.webui.keyword.builtin.ClickKeyword.execute(ClickKeyword.groovy:40)
	at com.kms.katalon.core.keyword.internal.KeywordExecutor.executeKeywordForPlatform(KeywordExecutor.groovy:74)
	at com.kms.katalon.core.webui.keyword.WebUiBuiltInKeywords.click(WebUiBuiltInKeywords.groovy:620)
	at com.kms.katalon.core.webui.keyword.WebUiBuiltInKeywords$click$1.call(Unknown Source)
	at Teacher create new dicussion forum.run(Teacher create new dicussion forum:34)
	at com.kms.katalon.core.main.ScriptEngine.run(ScriptEngine.java:194)
	at com.kms.katalon.core.main.ScriptEngine.runScriptAsRawText(ScriptEngine.java:119)
	at com.kms.katalon.core.main.TestCaseExecutor.runScript(TestCaseExecutor.java:442)
	at com.kms.katalon.core.main.TestCaseExecutor.doExecute(TestCaseExecutor.java:433)
	at com.kms.katalon.core.main.TestCaseExecutor.processExecutionPhase(TestCaseExecutor.java:412)
	at com.kms.katalon.core.main.TestCaseExecutor.accessMainPhase(TestCaseExecutor.java:404)
	at com.kms.katalon.core.main.TestCaseExecutor.execute(TestCaseExecutor.java:281)
	at com.kms.katalon.core.main.TestSuiteExecutor.accessTestCaseMainPhase(TestSuiteExecutor.java:202)
	at com.kms.katalon.core.main.TestSuiteExecutor.accessTestSuiteMainPhase(TestSuiteExecutor.java:164)
	at com.kms.katalon.core.main.TestSuiteExecutor.execute(TestSuiteExecutor.java:105)
	at com.kms.katalon.core.main.TestCaseMain.startTestSuite(TestCaseMain.java:181)
	at com.kms.katalon.core.main.TestCaseMain$startTestSuite$0.call(Unknown Source)
	at TempTestSuite1641911862929.run(TempTestSuite1641911862929.groovy:36)
Caused by: org.openqa.selenium.ElementClickInterceptedException: element click intercepted: Element <a class="aalink" onclick="" href="http://localhost/mod/assign/view.php?id=5">...</a> is not clickable at point (437, 13). Other element would receive the click: <nav class="fixed-top navbar navbar-light bg-white navbar-expand moodle-has-zindex" aria-label="Site navigation">...</nav>
  (Session info: MicrosoftEdge=97.0.1072.55)
Build info: version: '3.141.59', revision: 'e82be7d358', time: '2018-11-14T08:25:53'
System info: host: 'DESKTOP-8IHK86T', ip: '192.168.1.173', os.name: 'Windows 10', os.arch: 'amd64', os.version: '10.0', java.version: '1.8.0_282'
Driver info: com.kms.katalon.selenium.driver.CEdgeDriver
Capabilities {acceptInsecureCerts: false, browserName: msedge, browserVersion: 97.0.1072.55, javascriptEnabled: true, ms:edgeOptions: {debuggerAddress: localhost:57037}, msedge: {msedgedriverVersion: 97.0.1072.55 (ce3bf33648805..., userDataDir: C:\Users\THANHD~1\AppData\L...}, networkConnectionEnabled: false, pageLoadStrategy: normal, platform: WINDOWS, platformName: WINDOWS, proxy: Proxy(), setWindowRect: true, strictFileInteractability: false, timeouts: {implicit: 0, pageLoad: 300000, script: 30000}, unhandledPromptBehavior: dismiss and notify, webauthn:extension:credBlob: true, webauthn:extension:largeBlob: true, webauthn:virtualAuthenticators: true}
Session ID: d55100f0e841a3aafa98491a3381d6b2
	at org.openqa.selenium.remote.http.W3CHttpResponseCodec.createException(W3CHttpResponseCodec.java:187)
	at org.openqa.selenium.remote.http.W3CHttpResponseCodec.decode(W3CHttpResponseCodec.java:122)
	at org.openqa.selenium.remote.http.W3CHttpResponseCodec.decode(W3CHttpResponseCodec.java:49)
	at org.openqa.selenium.remote.HttpCommandExecutor.execute(HttpCommandExecutor.java:158)
	at org.openqa.selenium.remote.service.DriverCommandExecutor.execute(DriverCommandExecutor.java:83)
	at org.openqa.selenium.remote.RemoteWebDriver.execute(RemoteWebDriver.java:552)
	at com.kms.katalon.selenium.driver.CEdgeDriver.execute(CEdgeDriver.java:20)
	at org.openqa.selenium.remote.RemoteWebElement.execute(RemoteWebElement.java:285)
	at org.openqa.selenium.remote.RemoteWebElement.click(RemoteWebElement.java:84)
	at org.openqa.selenium.support.events.EventFiringWebDriver$EventFiringWebElement.lambda$new$0(EventFiringWebDriver.java:404)
	at com.sun.proxy.$Proxy11.click(Unknown Source)
	at org.openqa.selenium.support.events.EventFiringWebDriver$EventFiringWebElement.click(EventFiringWebDriver.java:417)
	at org.openqa.selenium.WebElement$click.call(Unknown Source)
	at com.kms.katalon.core.webui.keyword.builtin.ClickKeyword.clickUntilSuccessWithTimeout(ClickKeyword.groovy:81)
	at com.kms.katalon.core.webui.keyword.builtin.ClickKeyword.clickUntilSuccessWithTimeout(ClickKeyword.groovy)
	at com.kms.katalon.core.webui.keyword.builtin.ClickKeyword$_click_closure1.doCall(ClickKeyword.groovy:67)
	at com.kms.katalon.core.webui.keyword.builtin.ClickKeyword$_click_closure1.call(ClickKeyword.groovy)
	at com.kms.katalon.core.webui.keyword.internal.WebUIKeywordMain.runKeyword(WebUIKeywordMain.groovy:20)
	at com.kms.katalon.core.webui.keyword.builtin.ClickKeyword.click(ClickKeyword.groovy:74)
	at com.kms.katalon.core.webui.keyword.builtin.ClickKeyword.execute(ClickKeyword.groovy:40)
	at com.kms.katalon.core.keyword.internal.KeywordExecutor.executeKeywordForPlatform(KeywordExecutor.groovy:74)
	at com.kms.katalon.core.webui.keyword.WebUiBuiltInKeywords.click(WebUiBuiltInKeywords.groovy:620)
	at com.kms.katalon.core.webui.keyword.WebUiBuiltInKeywords$click$1.call(Unknown Source)
	at Script1641734049840.run(Script1641734049840.groovy:34)
	... 13 more
)

2022-01-11 21:51:10 - [MESSAGE][FAILED] - Unable to click on object 'Object Repository/Page_New Forum/a_Add a new discussion topic' (Root cause: com.kms.katalon.core.exception.StepFailedException: Unable to click on object 'Object Repository/Page_New Forum/a_Add a new discussion topic'
	at com.kms.katalon.core.webui.keyword.internal.WebUIKeywordMain.stepFailed(WebUIKeywordMain.groovy:64)
	at com.kms.katalon.core.webui.keyword.internal.WebUIKeywordMain.runKeyword(WebUIKeywordMain.groovy:26)
	at com.kms.katalon.core.webui.keyword.builtin.ClickKeyword.click(ClickKeyword.groovy:74)
	at com.kms.katalon.core.webui.keyword.builtin.ClickKeyword.execute(ClickKeyword.groovy:40)
	at com.kms.katalon.core.keyword.internal.KeywordExecutor.executeKeywordForPlatform(KeywordExecutor.groovy:74)
	at com.kms.katalon.core.webui.keyword.WebUiBuiltInKeywords.click(WebUiBuiltInKeywords.groovy:620)
	at com.kms.katalon.core.webui.keyword.WebUiBuiltInKeywords$click$1.call(Unknown Source)
	at Teacher create new dicussion forum.run(Teacher create new dicussion forum:34)
	at com.kms.katalon.core.main.ScriptEngine.run(ScriptEngine.java:194)
	at com.kms.katalon.core.main.ScriptEngine.runScriptAsRawText(ScriptEngine.java:119)
	at com.kms.katalon.core.main.TestCaseExecutor.runScript(TestCaseExecutor.java:442)
	at com.kms.katalon.core.main.TestCaseExecutor.doExecute(TestCaseExecutor.java:433)
	at com.kms.katalon.core.main.TestCaseExecutor.processExecutionPhase(TestCaseExecutor.java:412)
	at com.kms.katalon.core.main.TestCaseExecutor.accessMainPhase(TestCaseExecutor.java:404)
	at com.kms.katalon.core.main.TestCaseExecutor.execute(TestCaseExecutor.java:281)
	at com.kms.katalon.core.main.TestSuiteExecutor.accessTestCaseMainPhase(TestSuiteExecutor.java:202)
	at com.kms.katalon.core.main.TestSuiteExecutor.accessTestSuiteMainPhase(TestSuiteExecutor.java:164)
	at com.kms.katalon.core.main.TestSuiteExecutor.execute(TestSuiteExecutor.java:105)
	at com.kms.katalon.core.main.TestCaseMain.startTestSuite(TestCaseMain.java:181)
	at com.kms.katalon.core.main.TestCaseMain$startTestSuite$0.call(Unknown Source)
	at TempTestSuite1641911862929.run(TempTestSuite1641911862929.groovy:36)
Caused by: org.openqa.selenium.ElementClickInterceptedException: element click intercepted: Element <a class="aalink" onclick="" href="http://localhost/mod/assign/view.php?id=5">...</a> is not clickable at point (437, 13). Other element would receive the click: <nav class="fixed-top navbar navbar-light bg-white navbar-expand moodle-has-zindex" aria-label="Site navigation">...</nav>
  (Session info: MicrosoftEdge=97.0.1072.55)
Build info: version: '3.141.59', revision: 'e82be7d358', time: '2018-11-14T08:25:53'
System info: host: 'DESKTOP-8IHK86T', ip: '192.168.1.173', os.name: 'Windows 10', os.arch: 'amd64', os.version: '10.0', java.version: '1.8.0_282'
Driver info: com.kms.katalon.selenium.driver.CEdgeDriver
Capabilities {acceptInsecureCerts: false, browserName: msedge, browserVersion: 97.0.1072.55, javascriptEnabled: true, ms:edgeOptions: {debuggerAddress: localhost:57037}, msedge: {msedgedriverVersion: 97.0.1072.55 (ce3bf33648805..., userDataDir: C:\Users\THANHD~1\AppData\L...}, networkConnectionEnabled: false, pageLoadStrategy: normal, platform: WINDOWS, platformName: WINDOWS, proxy: Proxy(), setWindowRect: true, strictFileInteractability: false, timeouts: {implicit: 0, pageLoad: 300000, script: 30000}, unhandledPromptBehavior: dismiss and notify, webauthn:extension:credBlob: true, webauthn:extension:largeBlob: true, webauthn:virtualAuthenticators: true}
Session ID: d55100f0e841a3aafa98491a3381d6b2
	at org.openqa.selenium.remote.http.W3CHttpResponseCodec.createException(W3CHttpResponseCodec.java:187)
	at org.openqa.selenium.remote.http.W3CHttpResponseCodec.decode(W3CHttpResponseCodec.java:122)
	at org.openqa.selenium.remote.http.W3CHttpResponseCodec.decode(W3CHttpResponseCodec.java:49)
	at org.openqa.selenium.remote.HttpCommandExecutor.execute(HttpCommandExecutor.java:158)
	at org.openqa.selenium.remote.service.DriverCommandExecutor.execute(DriverCommandExecutor.java:83)
	at org.openqa.selenium.remote.RemoteWebDriver.execute(RemoteWebDriver.java:552)
	at com.kms.katalon.selenium.driver.CEdgeDriver.execute(CEdgeDriver.java:20)
	at org.openqa.selenium.remote.RemoteWebElement.execute(RemoteWebElement.java:285)
	at org.openqa.selenium.remote.RemoteWebElement.click(RemoteWebElement.java:84)
	at org.openqa.selenium.support.events.EventFiringWebDriver$EventFiringWebElement.lambda$new$0(EventFiringWebDriver.java:404)
	at com.sun.proxy.$Proxy11.click(Unknown Source)
	at org.openqa.selenium.support.events.EventFiringWebDriver$EventFiringWebElement.click(EventFiringWebDriver.java:417)
	at org.openqa.selenium.WebElement$click.call(Unknown Source)
	at com.kms.katalon.core.webui.keyword.builtin.ClickKeyword.clickUntilSuccessWithTimeout(ClickKeyword.groovy:81)
	at com.kms.katalon.core.webui.keyword.builtin.ClickKeyword.clickUntilSuccessWithTimeout(ClickKeyword.groovy)
	at com.kms.katalon.core.webui.keyword.builtin.ClickKeyword$_click_closure1.doCall(ClickKeyword.groovy:67)
	at com.kms.katalon.core.webui.keyword.builtin.ClickKeyword$_click_closure1.call(ClickKeyword.groovy)
	at com.kms.katalon.core.webui.keyword.internal.WebUIKeywordMain.runKeyword(WebUIKeywordMain.groovy:20)
	at com.kms.katalon.core.webui.keyword.builtin.ClickKeyword.click(ClickKeyword.groovy:74)
	at com.kms.katalon.core.webui.keyword.builtin.ClickKeyword.execute(ClickKeyword.groovy:40)
	at com.kms.katalon.core.keyword.internal.KeywordExecutor.executeKeywordForPlatform(KeywordExecutor.groovy:74)
	at com.kms.katalon.core.webui.keyword.WebUiBuiltInKeywords.click(WebUiBuiltInKeywords.groovy:620)
	at com.kms.katalon.core.webui.keyword.WebUiBuiltInKeywords$click$1.call(Unknown Source)
	at Script1641734049840.run(Script1641734049840.groovy:34)
	... 13 more
)
[[ATTACHMENT|D:\\Test-Automation---SE-Bonus\\Reports\\20220111_213742\\Run all test cases\\20220111_213742\\1641912670734.png]]]]></system-out>
         <system-err><![CDATA[2022-01-11 21:50:25 - [TEST_CASE][FAILED] - Test Cases/Teacher create new dicussion forum: Test Cases/Teacher create new dicussion forum FAILED.
Reason:
com.kms.katalon.core.exception.StepFailedException: Unable to click on object 'Object Repository/Page_New Forum/a_Add a new discussion topic'
	at com.kms.katalon.core.webui.keyword.internal.WebUIKeywordMain.stepFailed(WebUIKeywordMain.groovy:64)
	at com.kms.katalon.core.webui.keyword.internal.WebUIKeywordMain.runKeyword(WebUIKeywordMain.groovy:26)
	at com.kms.katalon.core.webui.keyword.builtin.ClickKeyword.click(ClickKeyword.groovy:74)
	at com.kms.katalon.core.webui.keyword.builtin.ClickKeyword.execute(ClickKeyword.groovy:40)
	at com.kms.katalon.core.keyword.internal.KeywordExecutor.executeKeywordForPlatform(KeywordExecutor.groovy:74)
	at com.kms.katalon.core.webui.keyword.WebUiBuiltInKeywords.click(WebUiBuiltInKeywords.groovy:620)
	at com.kms.katalon.core.webui.keyword.WebUiBuiltInKeywords$click$1.call(Unknown Source)
	at Teacher create new dicussion forum.run(Teacher create new dicussion forum:34)
	at com.kms.katalon.core.main.ScriptEngine.run(ScriptEngine.java:194)
	at com.kms.katalon.core.main.ScriptEngine.runScriptAsRawText(ScriptEngine.java:119)
	at com.kms.katalon.core.main.TestCaseExecutor.runScript(TestCaseExecutor.java:442)
	at com.kms.katalon.core.main.TestCaseExecutor.doExecute(TestCaseExecutor.java:433)
	at com.kms.katalon.core.main.TestCaseExecutor.processExecutionPhase(TestCaseExecutor.java:412)
	at com.kms.katalon.core.main.TestCaseExecutor.accessMainPhase(TestCaseExecutor.java:404)
	at com.kms.katalon.core.main.TestCaseExecutor.execute(TestCaseExecutor.java:281)
	at com.kms.katalon.core.main.TestSuiteExecutor.accessTestCaseMainPhase(TestSuiteExecutor.java:202)
	at com.kms.katalon.core.main.TestSuiteExecutor.accessTestSuiteMainPhase(TestSuiteExecutor.java:164)
	at com.kms.katalon.core.main.TestSuiteExecutor.execute(TestSuiteExecutor.java:105)
	at com.kms.katalon.core.main.TestCaseMain.startTestSuite(TestCaseMain.java:181)
	at com.kms.katalon.core.main.TestCaseMain$startTestSuite$0.call(Unknown Source)
	at TempTestSuite1641911862929.run(TempTestSuite1641911862929.groovy:36)
Caused by: org.openqa.selenium.ElementClickInterceptedException: element click intercepted: Element <a class="aalink" onclick="" href="http://localhost/mod/assign/view.php?id=5">...</a> is not clickable at point (437, 13). Other element would receive the click: <nav class="fixed-top navbar navbar-light bg-white navbar-expand moodle-has-zindex" aria-label="Site navigation">...</nav>
  (Session info: MicrosoftEdge=97.0.1072.55)
Build info: version: '3.141.59', revision: 'e82be7d358', time: '2018-11-14T08:25:53'
System info: host: 'DESKTOP-8IHK86T', ip: '192.168.1.173', os.name: 'Windows 10', os.arch: 'amd64', os.version: '10.0', java.version: '1.8.0_282'
Driver info: com.kms.katalon.selenium.driver.CEdgeDriver
Capabilities {acceptInsecureCerts: false, browserName: msedge, browserVersion: 97.0.1072.55, javascriptEnabled: true, ms:edgeOptions: {debuggerAddress: localhost:57037}, msedge: {msedgedriverVersion: 97.0.1072.55 (ce3bf33648805..., userDataDir: C:\Users\THANHD~1\AppData\L...}, networkConnectionEnabled: false, pageLoadStrategy: normal, platform: WINDOWS, platformName: WINDOWS, proxy: Proxy(), setWindowRect: true, strictFileInteractability: false, timeouts: {implicit: 0, pageLoad: 300000, script: 30000}, unhandledPromptBehavior: dismiss and notify, webauthn:extension:credBlob: true, webauthn:extension:largeBlob: true, webauthn:virtualAuthenticators: true}
Session ID: d55100f0e841a3aafa98491a3381d6b2
	at org.openqa.selenium.remote.http.W3CHttpResponseCodec.createException(W3CHttpResponseCodec.java:187)
	at org.openqa.selenium.remote.http.W3CHttpResponseCodec.decode(W3CHttpResponseCodec.java:122)
	at org.openqa.selenium.remote.http.W3CHttpResponseCodec.decode(W3CHttpResponseCodec.java:49)
	at org.openqa.selenium.remote.HttpCommandExecutor.execute(HttpCommandExecutor.java:158)
	at org.openqa.selenium.remote.service.DriverCommandExecutor.execute(DriverCommandExecutor.java:83)
	at org.openqa.selenium.remote.RemoteWebDriver.execute(RemoteWebDriver.java:552)
	at com.kms.katalon.selenium.driver.CEdgeDriver.execute(CEdgeDriver.java:20)
	at org.openqa.selenium.remote.RemoteWebElement.execute(RemoteWebElement.java:285)
	at org.openqa.selenium.remote.RemoteWebElement.click(RemoteWebElement.java:84)
	at org.openqa.selenium.support.events.EventFiringWebDriver$EventFiringWebElement.lambda$new$0(EventFiringWebDriver.java:404)
	at com.sun.proxy.$Proxy11.click(Unknown Source)
	at org.openqa.selenium.support.events.EventFiringWebDriver$EventFiringWebElement.click(EventFiringWebDriver.java:417)
	at org.openqa.selenium.WebElement$click.call(Unknown Source)
	at com.kms.katalon.core.webui.keyword.builtin.ClickKeyword.clickUntilSuccessWithTimeout(ClickKeyword.groovy:81)
	at com.kms.katalon.core.webui.keyword.builtin.ClickKeyword.clickUntilSuccessWithTimeout(ClickKeyword.groovy)
	at com.kms.katalon.core.webui.keyword.builtin.ClickKeyword$_click_closure1.doCall(ClickKeyword.groovy:67)
	at com.kms.katalon.core.webui.keyword.builtin.ClickKeyword$_click_closure1.call(ClickKeyword.groovy)
	at com.kms.katalon.core.webui.keyword.internal.WebUIKeywordMain.runKeyword(WebUIKeywordMain.groovy:20)
	... 19 more]]></system-err>
      </testcase>
      <testcase name="Test Cases/Teacher create quiz" time="45.544" classname="Test Cases/Teacher create quiz" status="FAILED">
         <failure type="FAILED" message="Test Cases/Teacher create quiz FAILED.
Reason:
com.kms.katalon.core.exception.StepFailedException: Unable to click on object 'Object Repository/Page_Course Phn tch v qun l yu cu phn mm/span_Edit topic'
	at com.kms.katalon.core.webui.keyword.internal.WebUIKeywordMain.stepFailed(WebUIKeywordMain.groovy:64)
	at com.kms.katalon.core.webui.keyword.internal.WebUIKeywordMain.runKeyword(WebUIKeywordMain.groovy:26)
	at com.kms.katalon.core.webui.keyword.builtin.ClickKeyword.click(ClickKeyword.groovy:74)
	at com.kms.katalon.core.webui.keyword.builtin.ClickKeyword.execute(ClickKeyword.groovy:40)
	at com.kms.katalon.core.keyword.internal.KeywordExecutor.executeKeywordForPlatform(KeywordExecutor.groovy:74)
	at com.kms.katalon.core.webui.keyword.WebUiBuiltInKeywords.click(WebUiBuiltInKeywords.groovy:620)
	at com.kms.katalon.core.webui.keyword.WebUiBuiltInKeywords$click$1.call(Unknown Source)
	at Teacher create quiz.run(Teacher create quiz:32)
	at com.kms.katalon.core.main.ScriptEngine.run(ScriptEngine.java:194)
	at com.kms.katalon.core.main.ScriptEngine.runScriptAsRawText(ScriptEngine.java:119)
	at com.kms.katalon.core.main.TestCaseExecutor.runScript(TestCaseExecutor.java:442)
	at com.kms.katalon.core.main.TestCaseExecutor.doExecute(TestCaseExecutor.java:433)
	at com.kms.katalon.core.main.TestCaseExecutor.processExecutionPhase(TestCaseExecutor.java:412)
	at com.kms.katalon.core.main.TestCaseExecutor.accessMainPhase(TestCaseExecutor.java:404)
	at com.kms.katalon.core.main.TestCaseExecutor.execute(TestCaseExecutor.java:281)
	at com.kms.katalon.core.main.TestSuiteExecutor.accessTestCaseMainPhase(TestSuiteExecutor.java:202)
	at com.kms.katalon.core.main.TestSuiteExecutor.accessTestSuiteMainPhase(TestSuiteExecutor.java:164)
	at com.kms.katalon.core.main.TestSuiteExecutor.execute(TestSuiteExecutor.java:105)
	at com.kms.katalon.core.main.TestCaseMain.startTestSuite(TestCaseMain.java:181)
	at com.kms.katalon.core.main.TestCaseMain$startTestSuite$0.call(Unknown Source)
	at TempTestSuite1641911862929.run(TempTestSuite1641911862929.groovy:36)
Caused by: org.openqa.selenium.ElementNotInteractableException: element not interactable
  (Session info: MicrosoftEdge=97.0.1072.55)
Build info: version: '3.141.59', revision: 'e82be7d358', time: '2018-11-14T08:25:53'
System info: host: 'DESKTOP-8IHK86T', ip: '192.168.1.173', os.name: 'Windows 10', os.arch: 'amd64', os.version: '10.0', java.version: '1.8.0_282'
Driver info: com.kms.katalon.selenium.driver.CEdgeDriver
Capabilities {acceptInsecureCerts: false, browserName: msedge, browserVersion: 97.0.1072.55, javascriptEnabled: true, ms:edgeOptions: {debuggerAddress: localhost:57129}, msedge: {msedgedriverVersion: 97.0.1072.55 (ce3bf33648805..., userDataDir: C:\Users\THANHD~1\AppData\L...}, networkConnectionEnabled: false, pageLoadStrategy: normal, platform: WINDOWS, platformName: WINDOWS, proxy: Proxy(), setWindowRect: true, strictFileInteractability: false, timeouts: {implicit: 0, pageLoad: 300000, script: 30000}, unhandledPromptBehavior: dismiss and notify, webauthn:extension:credBlob: true, webauthn:extension:largeBlob: true, webauthn:virtualAuthenticators: true}
Session ID: 8bb4fe237bd2bd11a8625b8a61bb37ba
	at org.openqa.selenium.remote.http.W3CHttpResponseCodec.createException(W3CHttpResponseCodec.java:187)
	at org.openqa.selenium.remote.http.W3CHttpResponseCodec.decode(W3CHttpResponseCodec.java:122)
	at org.openqa.selenium.remote.http.W3CHttpResponseCodec.decode(W3CHttpResponseCodec.java:49)
	at org.openqa.selenium.remote.HttpCommandExecutor.execute(HttpCommandExecutor.java:158)
	at org.openqa.selenium.remote.service.DriverCommandExecutor.execute(DriverCommandExecutor.java:83)
	at org.openqa.selenium.remote.RemoteWebDriver.execute(RemoteWebDriver.java:552)
	at com.kms.katalon.selenium.driver.CEdgeDriver.execute(CEdgeDriver.java:20)
	at org.openqa.selenium.remote.RemoteWebElement.execute(RemoteWebElement.java:285)
	at org.openqa.selenium.remote.RemoteWebElement.click(RemoteWebElement.java:84)
	at org.openqa.selenium.support.events.EventFiringWebDriver$EventFiringWebElement.lambda$new$0(EventFiringWebDriver.java:404)
	at com.sun.proxy.$Proxy11.click(Unknown Source)
	at org.openqa.selenium.support.events.EventFiringWebDriver$EventFiringWebElement.click(EventFiringWebDriver.java:417)
	at org.openqa.selenium.WebElement$click.call(Unknown Source)
	at com.kms.katalon.core.webui.keyword.builtin.ClickKeyword.clickUntilSuccessWithTimeout(ClickKeyword.groovy:81)
	at com.kms.katalon.core.webui.keyword.builtin.ClickKeyword.clickUntilSuccessWithTimeout(ClickKeyword.groovy)
	at com.kms.katalon.core.webui.keyword.builtin.ClickKeyword$_click_closure1.doCall(ClickKeyword.groovy:67)
	at com.kms.katalon.core.webui.keyword.builtin.ClickKeyword$_click_closure1.call(ClickKeyword.groovy)
	at com.kms.katalon.core.webui.keyword.internal.WebUIKeywordMain.runKeyword(WebUIKeywordMain.groovy:20)
	... 19 more
"/>
         <system-out><![CDATA[2022-01-11 21:51:10 - [TEST_CASE][FAILED] - Test Cases/Teacher create quiz: Test Cases/Teacher create quiz FAILED.
Reason:
com.kms.katalon.core.exception.StepFailedException: Unable to click on object 'Object Repository/Page_Course Phn tch v qun l yu cu phn mm/span_Edit topic'
	at com.kms.katalon.core.webui.keyword.internal.WebUIKeywordMain.stepFailed(WebUIKeywordMain.groovy:64)
	at com.kms.katalon.core.webui.keyword.internal.WebUIKeywordMain.runKeyword(WebUIKeywordMain.groovy:26)
	at com.kms.katalon.core.webui.keyword.builtin.ClickKeyword.click(ClickKeyword.groovy:74)
	at com.kms.katalon.core.webui.keyword.builtin.ClickKeyword.execute(ClickKeyword.groovy:40)
	at com.kms.katalon.core.keyword.internal.KeywordExecutor.executeKeywordForPlatform(KeywordExecutor.groovy:74)
	at com.kms.katalon.core.webui.keyword.WebUiBuiltInKeywords.click(WebUiBuiltInKeywords.groovy:620)
	at com.kms.katalon.core.webui.keyword.WebUiBuiltInKeywords$click$1.call(Unknown Source)
	at Teacher create quiz.run(Teacher create quiz:32)
	at com.kms.katalon.core.main.ScriptEngine.run(ScriptEngine.java:194)
	at com.kms.katalon.core.main.ScriptEngine.runScriptAsRawText(ScriptEngine.java:119)
	at com.kms.katalon.core.main.TestCaseExecutor.runScript(TestCaseExecutor.java:442)
	at com.kms.katalon.core.main.TestCaseExecutor.doExecute(TestCaseExecutor.java:433)
	at com.kms.katalon.core.main.TestCaseExecutor.processExecutionPhase(TestCaseExecutor.java:412)
	at com.kms.katalon.core.main.TestCaseExecutor.accessMainPhase(TestCaseExecutor.java:404)
	at com.kms.katalon.core.main.TestCaseExecutor.execute(TestCaseExecutor.java:281)
	at com.kms.katalon.core.main.TestSuiteExecutor.accessTestCaseMainPhase(TestSuiteExecutor.java:202)
	at com.kms.katalon.core.main.TestSuiteExecutor.accessTestSuiteMainPhase(TestSuiteExecutor.java:164)
	at com.kms.katalon.core.main.TestSuiteExecutor.execute(TestSuiteExecutor.java:105)
	at com.kms.katalon.core.main.TestCaseMain.startTestSuite(TestCaseMain.java:181)
	at com.kms.katalon.core.main.TestCaseMain$startTestSuite$0.call(Unknown Source)
	at TempTestSuite1641911862929.run(TempTestSuite1641911862929.groovy:36)
Caused by: org.openqa.selenium.ElementNotInteractableException: element not interactable
  (Session info: MicrosoftEdge=97.0.1072.55)
Build info: version: '3.141.59', revision: 'e82be7d358', time: '2018-11-14T08:25:53'
System info: host: 'DESKTOP-8IHK86T', ip: '192.168.1.173', os.name: 'Windows 10', os.arch: 'amd64', os.version: '10.0', java.version: '1.8.0_282'
Driver info: com.kms.katalon.selenium.driver.CEdgeDriver
Capabilities {acceptInsecureCerts: false, browserName: msedge, browserVersion: 97.0.1072.55, javascriptEnabled: true, ms:edgeOptions: {debuggerAddress: localhost:57129}, msedge: {msedgedriverVersion: 97.0.1072.55 (ce3bf33648805..., userDataDir: C:\Users\THANHD~1\AppData\L...}, networkConnectionEnabled: false, pageLoadStrategy: normal, platform: WINDOWS, platformName: WINDOWS, proxy: Proxy(), setWindowRect: true, strictFileInteractability: false, timeouts: {implicit: 0, pageLoad: 300000, script: 30000}, unhandledPromptBehavior: dismiss and notify, webauthn:extension:credBlob: true, webauthn:extension:largeBlob: true, webauthn:virtualAuthenticators: true}
Session ID: 8bb4fe237bd2bd11a8625b8a61bb37ba
	at org.openqa.selenium.remote.http.W3CHttpResponseCodec.createException(W3CHttpResponseCodec.java:187)
	at org.openqa.selenium.remote.http.W3CHttpResponseCodec.decode(W3CHttpResponseCodec.java:122)
	at org.openqa.selenium.remote.http.W3CHttpResponseCodec.decode(W3CHttpResponseCodec.java:49)
	at org.openqa.selenium.remote.HttpCommandExecutor.execute(HttpCommandExecutor.java:158)
	at org.openqa.selenium.remote.service.DriverCommandExecutor.execute(DriverCommandExecutor.java:83)
	at org.openqa.selenium.remote.RemoteWebDriver.execute(RemoteWebDriver.java:552)
	at com.kms.katalon.selenium.driver.CEdgeDriver.execute(CEdgeDriver.java:20)
	at org.openqa.selenium.remote.RemoteWebElement.execute(RemoteWebElement.java:285)
	at org.openqa.selenium.remote.RemoteWebElement.click(RemoteWebElement.java:84)
	at org.openqa.selenium.support.events.EventFiringWebDriver$EventFiringWebElement.lambda$new$0(EventFiringWebDriver.java:404)
	at com.sun.proxy.$Proxy11.click(Unknown Source)
	at org.openqa.selenium.support.events.EventFiringWebDriver$EventFiringWebElement.click(EventFiringWebDriver.java:417)
	at org.openqa.selenium.WebElement$click.call(Unknown Source)
	at com.kms.katalon.core.webui.keyword.builtin.ClickKeyword.clickUntilSuccessWithTimeout(ClickKeyword.groovy:81)
	at com.kms.katalon.core.webui.keyword.builtin.ClickKeyword.clickUntilSuccessWithTimeout(ClickKeyword.groovy)
	at com.kms.katalon.core.webui.keyword.builtin.ClickKeyword$_click_closure1.doCall(ClickKeyword.groovy:67)
	at com.kms.katalon.core.webui.keyword.builtin.ClickKeyword$_click_closure1.call(ClickKeyword.groovy)
	at com.kms.katalon.core.webui.keyword.internal.WebUIKeywordMain.runKeyword(WebUIKeywordMain.groovy:20)
	... 19 more


2022-01-11 21:51:11 - [TEST_STEP][PASSED] - callTestCase(findTestCase("Login as user (teacher)"), [:], STOP_ON_FAILURE): Call Test Case 'Test Cases/Login as user (teacher)' successfully

2022-01-11 21:51:11 - [TEST_CASE][PASSED] - Test Cases/Login as user (teacher): Test Cases/Login as user (teacher)

2022-01-11 21:51:11 - [TEST_STEP][PASSED] - openBrowser(""): Browser is opened with url: ''

2022-01-11 21:51:11 - [MESSAGE][WARNING] - A browser is already opened. Closing browser and opening a new one

2022-01-11 21:51:12 - [MESSAGE][INFO] - Starting 'Edge Chromium' driver

2022-01-11 21:51:14 - [MESSAGE][INFO] - Action delay is set to 0 milliseconds

2022-01-11 21:51:15 - [MESSAGE][PASSED] - Browser is opened with url: ''

2022-01-11 21:51:15 - [TEST_STEP][PASSED] - navigateToUrl("http://localhost/"): Navigate to 'http://localhost/' successfully

2022-01-11 21:51:16 - [MESSAGE][PASSED] - Navigate to 'http://localhost/' successfully

2022-01-11 21:51:16 - [TEST_STEP][PASSED] - click(findTestObject("Object Repository/Page_My Moodle/a_Log in")): Object: 'Object Repository/Page_My Moodle/a_Log in' is clicked on

2022-01-11 21:51:17 - [MESSAGE][PASSED] - Object: 'Object Repository/Page_My Moodle/a_Log in' is clicked on

2022-01-11 21:51:17 - [TEST_STEP][PASSED] - setText(findTestObject("Object Repository/Page_My Moodle Log in to the site/input_Username_username"), "teacher"): Text 'teacher' is set on object 'Object Repository/Page_My Moodle Log in to the site/input_Username_username'

2022-01-11 21:51:18 - [MESSAGE][PASSED] - Text 'teacher' is set on object 'Object Repository/Page_My Moodle Log in to the site/input_Username_username'

2022-01-11 21:51:18 - [TEST_STEP][PASSED] - setEncryptedText(findTestObject("Object Repository/Page_My Moodle Log in to the site/input_Password_password"), "3fJEwIvstDDnFTEIk7299A=="): Text ****** has been set on object 'Object Repository/Page_My Moodle Log in to the site/input_Password_password'

2022-01-11 21:51:18 - [MESSAGE][PASSED] - Text ****** has been set on object 'Object Repository/Page_My Moodle Log in to the site/input_Password_password'

2022-01-11 21:51:18 - [TEST_STEP][PASSED] - click(findTestObject("Object Repository/Page_My Moodle Log in to the site/button_Log in")): Object: 'Object Repository/Page_My Moodle Log in to the site/button_Log in' is clicked on

2022-01-11 21:51:19 - [MESSAGE][PASSED] - Object: 'Object Repository/Page_My Moodle Log in to the site/button_Log in' is clicked on

2022-01-11 21:51:19 - [MESSAGE][PASSED] - Call Test Case 'Test Cases/Login as user (teacher)' successfully

2022-01-11 21:51:19 - [TEST_STEP][PASSED] - click(findTestObject("Object Repository/Page_Dashboard/span_Site home")): Object: 'Object Repository/Page_Dashboard/span_Site home' is clicked on

2022-01-11 21:51:21 - [MESSAGE][PASSED] - Object: 'Object Repository/Page_Dashboard/span_Site home' is clicked on

2022-01-11 21:51:21 - [TEST_STEP][PASSED] - navigateToUrl("http://localhost/?redirect=0"): Navigate to 'http://localhost/?redirect=0' successfully

2022-01-11 21:51:22 - [MESSAGE][PASSED] - Navigate to 'http://localhost/?redirect=0' successfully

2022-01-11 21:51:22 - [TEST_STEP][PASSED] - click(findTestObject("Object Repository/Page_My Moodle/a_Phn tch v qun l yu cu phn mm")): Object: 'Object Repository/Page_My Moodle/a_Phn tch v qun l yu cu phn mm' is clicked on

2022-01-11 21:51:23 - [MESSAGE][PASSED] - Object: 'Object Repository/Page_My Moodle/a_Phn tch v qun l yu cu phn mm' is clicked on

2022-01-11 21:51:23 - [TEST_STEP][PASSED] - click(findTestObject("Object Repository/Page_Course Phn tch v qun l yu cu phn mm/button_Turn editing on")): Object: 'Object Repository/Page_Course Phn tch v qun l yu cu phn mm/button_Turn editing on' is clicked on

2022-01-11 21:51:24 - [MESSAGE][PASSED] - Object: 'Object Repository/Page_Course Phn tch v qun l yu cu phn mm/button_Turn editing on' is clicked on

2022-01-11 21:51:24 - [TEST_STEP][PASSED] - click(findTestObject("Object Repository/Page_Course Phn tch v qun l yu cu phn mm/a_Edit")): Object: 'Object Repository/Page_Course Phn tch v qun l yu cu phn mm/a_Edit' is clicked on

2022-01-11 21:51:55 - [MESSAGE][INFO] - Unable to find the element located by 'By.xpath: //*[@href = '#' and @id = 'action-menu-toggle-7' and (text() = '
                            
                            Edit
                                
                            
                        ' or . = '
                            
                            Edit
                                
                            
                        ')]'. Please recheck the objects properties to make sure the desired element is located. 

2022-01-11 21:51:55 - [MESSAGE][WARNING] - [SELF-HEALING] Failed to find element with id 'Object Repository/Page_Course Phn tch v qun l yu cu phn mm/a_Edit'. Try using Self-healing.

2022-01-11 21:51:55 - [MESSAGE][WARNING] - [SELF-HEALING] The current locator of test object 'Object Repository/Page_Course Phn tch v qun l yu cu phn mm/a_Edit' was broken. Propose an alternative one: '//a[@id='action-menu-toggle-7']'.

2022-01-11 21:51:55 - [MESSAGE][PASSED] - Object: 'Object Repository/Page_Course Phn tch v qun l yu cu phn mm/a_Edit' is clicked on

2022-01-11 21:51:55 - [TEST_STEP][FAILED] - click(findTestObject("Object Repository/Page_Course Phn tch v qun l yu cu phn mm/span_Edit topic")): Unable to click on object 'Object Repository/Page_Course Phn tch v qun l yu cu phn mm/span_Edit topic' (Root cause: com.kms.katalon.core.exception.StepFailedException: Unable to click on object 'Object Repository/Page_Course Phn tch v qun l yu cu phn mm/span_Edit topic'
	at com.kms.katalon.core.webui.keyword.internal.WebUIKeywordMain.stepFailed(WebUIKeywordMain.groovy:64)
	at com.kms.katalon.core.webui.keyword.internal.WebUIKeywordMain.runKeyword(WebUIKeywordMain.groovy:26)
	at com.kms.katalon.core.webui.keyword.builtin.ClickKeyword.click(ClickKeyword.groovy:74)
	at com.kms.katalon.core.webui.keyword.builtin.ClickKeyword.execute(ClickKeyword.groovy:40)
	at com.kms.katalon.core.keyword.internal.KeywordExecutor.executeKeywordForPlatform(KeywordExecutor.groovy:74)
	at com.kms.katalon.core.webui.keyword.WebUiBuiltInKeywords.click(WebUiBuiltInKeywords.groovy:620)
	at com.kms.katalon.core.webui.keyword.WebUiBuiltInKeywords$click$1.call(Unknown Source)
	at Teacher create quiz.run(Teacher create quiz:32)
	at com.kms.katalon.core.main.ScriptEngine.run(ScriptEngine.java:194)
	at com.kms.katalon.core.main.ScriptEngine.runScriptAsRawText(ScriptEngine.java:119)
	at com.kms.katalon.core.main.TestCaseExecutor.runScript(TestCaseExecutor.java:442)
	at com.kms.katalon.core.main.TestCaseExecutor.doExecute(TestCaseExecutor.java:433)
	at com.kms.katalon.core.main.TestCaseExecutor.processExecutionPhase(TestCaseExecutor.java:412)
	at com.kms.katalon.core.main.TestCaseExecutor.accessMainPhase(TestCaseExecutor.java:404)
	at com.kms.katalon.core.main.TestCaseExecutor.execute(TestCaseExecutor.java:281)
	at com.kms.katalon.core.main.TestSuiteExecutor.accessTestCaseMainPhase(TestSuiteExecutor.java:202)
	at com.kms.katalon.core.main.TestSuiteExecutor.accessTestSuiteMainPhase(TestSuiteExecutor.java:164)
	at com.kms.katalon.core.main.TestSuiteExecutor.execute(TestSuiteExecutor.java:105)
	at com.kms.katalon.core.main.TestCaseMain.startTestSuite(TestCaseMain.java:181)
	at com.kms.katalon.core.main.TestCaseMain$startTestSuite$0.call(Unknown Source)
	at TempTestSuite1641911862929.run(TempTestSuite1641911862929.groovy:36)
Caused by: org.openqa.selenium.ElementNotInteractableException: element not interactable
  (Session info: MicrosoftEdge=97.0.1072.55)
Build info: version: '3.141.59', revision: 'e82be7d358', time: '2018-11-14T08:25:53'
System info: host: 'DESKTOP-8IHK86T', ip: '192.168.1.173', os.name: 'Windows 10', os.arch: 'amd64', os.version: '10.0', java.version: '1.8.0_282'
Driver info: com.kms.katalon.selenium.driver.CEdgeDriver
Capabilities {acceptInsecureCerts: false, browserName: msedge, browserVersion: 97.0.1072.55, javascriptEnabled: true, ms:edgeOptions: {debuggerAddress: localhost:57129}, msedge: {msedgedriverVersion: 97.0.1072.55 (ce3bf33648805..., userDataDir: C:\Users\THANHD~1\AppData\L...}, networkConnectionEnabled: false, pageLoadStrategy: normal, platform: WINDOWS, platformName: WINDOWS, proxy: Proxy(), setWindowRect: true, strictFileInteractability: false, timeouts: {implicit: 0, pageLoad: 300000, script: 30000}, unhandledPromptBehavior: dismiss and notify, webauthn:extension:credBlob: true, webauthn:extension:largeBlob: true, webauthn:virtualAuthenticators: true}
Session ID: 8bb4fe237bd2bd11a8625b8a61bb37ba
	at org.openqa.selenium.remote.http.W3CHttpResponseCodec.createException(W3CHttpResponseCodec.java:187)
	at org.openqa.selenium.remote.http.W3CHttpResponseCodec.decode(W3CHttpResponseCodec.java:122)
	at org.openqa.selenium.remote.http.W3CHttpResponseCodec.decode(W3CHttpResponseCodec.java:49)
	at org.openqa.selenium.remote.HttpCommandExecutor.execute(HttpCommandExecutor.java:158)
	at org.openqa.selenium.remote.service.DriverCommandExecutor.execute(DriverCommandExecutor.java:83)
	at org.openqa.selenium.remote.RemoteWebDriver.execute(RemoteWebDriver.java:552)
	at com.kms.katalon.selenium.driver.CEdgeDriver.execute(CEdgeDriver.java:20)
	at org.openqa.selenium.remote.RemoteWebElement.execute(RemoteWebElement.java:285)
	at org.openqa.selenium.remote.RemoteWebElement.click(RemoteWebElement.java:84)
	at org.openqa.selenium.support.events.EventFiringWebDriver$EventFiringWebElement.lambda$new$0(EventFiringWebDriver.java:404)
	at com.sun.proxy.$Proxy11.click(Unknown Source)
	at org.openqa.selenium.support.events.EventFiringWebDriver$EventFiringWebElement.click(EventFiringWebDriver.java:417)
	at org.openqa.selenium.WebElement$click.call(Unknown Source)
	at com.kms.katalon.core.webui.keyword.builtin.ClickKeyword.clickUntilSuccessWithTimeout(ClickKeyword.groovy:81)
	at com.kms.katalon.core.webui.keyword.builtin.ClickKeyword.clickUntilSuccessWithTimeout(ClickKeyword.groovy)
	at com.kms.katalon.core.webui.keyword.builtin.ClickKeyword$_click_closure1.doCall(ClickKeyword.groovy:67)
	at com.kms.katalon.core.webui.keyword.builtin.ClickKeyword$_click_closure1.call(ClickKeyword.groovy)
	at com.kms.katalon.core.webui.keyword.internal.WebUIKeywordMain.runKeyword(WebUIKeywordMain.groovy:20)
	at com.kms.katalon.core.webui.keyword.builtin.ClickKeyword.click(ClickKeyword.groovy:74)
	at com.kms.katalon.core.webui.keyword.builtin.ClickKeyword.execute(ClickKeyword.groovy:40)
	at com.kms.katalon.core.keyword.internal.KeywordExecutor.executeKeywordForPlatform(KeywordExecutor.groovy:74)
	at com.kms.katalon.core.webui.keyword.WebUiBuiltInKeywords.click(WebUiBuiltInKeywords.groovy:620)
	at com.kms.katalon.core.webui.keyword.WebUiBuiltInKeywords$click$1.call(Unknown Source)
	at Script1641624163108.run(Script1641624163108.groovy:32)
	... 13 more
)

2022-01-11 21:51:56 - [MESSAGE][FAILED] - Unable to click on object 'Object Repository/Page_Course Phn tch v qun l yu cu phn mm/span_Edit topic' (Root cause: com.kms.katalon.core.exception.StepFailedException: Unable to click on object 'Object Repository/Page_Course Phn tch v qun l yu cu phn mm/span_Edit topic'
	at com.kms.katalon.core.webui.keyword.internal.WebUIKeywordMain.stepFailed(WebUIKeywordMain.groovy:64)
	at com.kms.katalon.core.webui.keyword.internal.WebUIKeywordMain.runKeyword(WebUIKeywordMain.groovy:26)
	at com.kms.katalon.core.webui.keyword.builtin.ClickKeyword.click(ClickKeyword.groovy:74)
	at com.kms.katalon.core.webui.keyword.builtin.ClickKeyword.execute(ClickKeyword.groovy:40)
	at com.kms.katalon.core.keyword.internal.KeywordExecutor.executeKeywordForPlatform(KeywordExecutor.groovy:74)
	at com.kms.katalon.core.webui.keyword.WebUiBuiltInKeywords.click(WebUiBuiltInKeywords.groovy:620)
	at com.kms.katalon.core.webui.keyword.WebUiBuiltInKeywords$click$1.call(Unknown Source)
	at Teacher create quiz.run(Teacher create quiz:32)
	at com.kms.katalon.core.main.ScriptEngine.run(ScriptEngine.java:194)
	at com.kms.katalon.core.main.ScriptEngine.runScriptAsRawText(ScriptEngine.java:119)
	at com.kms.katalon.core.main.TestCaseExecutor.runScript(TestCaseExecutor.java:442)
	at com.kms.katalon.core.main.TestCaseExecutor.doExecute(TestCaseExecutor.java:433)
	at com.kms.katalon.core.main.TestCaseExecutor.processExecutionPhase(TestCaseExecutor.java:412)
	at com.kms.katalon.core.main.TestCaseExecutor.accessMainPhase(TestCaseExecutor.java:404)
	at com.kms.katalon.core.main.TestCaseExecutor.execute(TestCaseExecutor.java:281)
	at com.kms.katalon.core.main.TestSuiteExecutor.accessTestCaseMainPhase(TestSuiteExecutor.java:202)
	at com.kms.katalon.core.main.TestSuiteExecutor.accessTestSuiteMainPhase(TestSuiteExecutor.java:164)
	at com.kms.katalon.core.main.TestSuiteExecutor.execute(TestSuiteExecutor.java:105)
	at com.kms.katalon.core.main.TestCaseMain.startTestSuite(TestCaseMain.java:181)
	at com.kms.katalon.core.main.TestCaseMain$startTestSuite$0.call(Unknown Source)
	at TempTestSuite1641911862929.run(TempTestSuite1641911862929.groovy:36)
Caused by: org.openqa.selenium.ElementNotInteractableException: element not interactable
  (Session info: MicrosoftEdge=97.0.1072.55)
Build info: version: '3.141.59', revision: 'e82be7d358', time: '2018-11-14T08:25:53'
System info: host: 'DESKTOP-8IHK86T', ip: '192.168.1.173', os.name: 'Windows 10', os.arch: 'amd64', os.version: '10.0', java.version: '1.8.0_282'
Driver info: com.kms.katalon.selenium.driver.CEdgeDriver
Capabilities {acceptInsecureCerts: false, browserName: msedge, browserVersion: 97.0.1072.55, javascriptEnabled: true, ms:edgeOptions: {debuggerAddress: localhost:57129}, msedge: {msedgedriverVersion: 97.0.1072.55 (ce3bf33648805..., userDataDir: C:\Users\THANHD~1\AppData\L...}, networkConnectionEnabled: false, pageLoadStrategy: normal, platform: WINDOWS, platformName: WINDOWS, proxy: Proxy(), setWindowRect: true, strictFileInteractability: false, timeouts: {implicit: 0, pageLoad: 300000, script: 30000}, unhandledPromptBehavior: dismiss and notify, webauthn:extension:credBlob: true, webauthn:extension:largeBlob: true, webauthn:virtualAuthenticators: true}
Session ID: 8bb4fe237bd2bd11a8625b8a61bb37ba
	at org.openqa.selenium.remote.http.W3CHttpResponseCodec.createException(W3CHttpResponseCodec.java:187)
	at org.openqa.selenium.remote.http.W3CHttpResponseCodec.decode(W3CHttpResponseCodec.java:122)
	at org.openqa.selenium.remote.http.W3CHttpResponseCodec.decode(W3CHttpResponseCodec.java:49)
	at org.openqa.selenium.remote.HttpCommandExecutor.execute(HttpCommandExecutor.java:158)
	at org.openqa.selenium.remote.service.DriverCommandExecutor.execute(DriverCommandExecutor.java:83)
	at org.openqa.selenium.remote.RemoteWebDriver.execute(RemoteWebDriver.java:552)
	at com.kms.katalon.selenium.driver.CEdgeDriver.execute(CEdgeDriver.java:20)
	at org.openqa.selenium.remote.RemoteWebElement.execute(RemoteWebElement.java:285)
	at org.openqa.selenium.remote.RemoteWebElement.click(RemoteWebElement.java:84)
	at org.openqa.selenium.support.events.EventFiringWebDriver$EventFiringWebElement.lambda$new$0(EventFiringWebDriver.java:404)
	at com.sun.proxy.$Proxy11.click(Unknown Source)
	at org.openqa.selenium.support.events.EventFiringWebDriver$EventFiringWebElement.click(EventFiringWebDriver.java:417)
	at org.openqa.selenium.WebElement$click.call(Unknown Source)
	at com.kms.katalon.core.webui.keyword.builtin.ClickKeyword.clickUntilSuccessWithTimeout(ClickKeyword.groovy:81)
	at com.kms.katalon.core.webui.keyword.builtin.ClickKeyword.clickUntilSuccessWithTimeout(ClickKeyword.groovy)
	at com.kms.katalon.core.webui.keyword.builtin.ClickKeyword$_click_closure1.doCall(ClickKeyword.groovy:67)
	at com.kms.katalon.core.webui.keyword.builtin.ClickKeyword$_click_closure1.call(ClickKeyword.groovy)
	at com.kms.katalon.core.webui.keyword.internal.WebUIKeywordMain.runKeyword(WebUIKeywordMain.groovy:20)
	at com.kms.katalon.core.webui.keyword.builtin.ClickKeyword.click(ClickKeyword.groovy:74)
	at com.kms.katalon.core.webui.keyword.builtin.ClickKeyword.execute(ClickKeyword.groovy:40)
	at com.kms.katalon.core.keyword.internal.KeywordExecutor.executeKeywordForPlatform(KeywordExecutor.groovy:74)
	at com.kms.katalon.core.webui.keyword.WebUiBuiltInKeywords.click(WebUiBuiltInKeywords.groovy:620)
	at com.kms.katalon.core.webui.keyword.WebUiBuiltInKeywords$click$1.call(Unknown Source)
	at Script1641624163108.run(Script1641624163108.groovy:32)
	... 13 more
)
[[ATTACHMENT|D:\\Test-Automation---SE-Bonus\\Reports\\20220111_213742\\Run all test cases\\20220111_213742\\1641912716289.png]]]]></system-out>
         <system-err><![CDATA[2022-01-11 21:51:10 - [TEST_CASE][FAILED] - Test Cases/Teacher create quiz: Test Cases/Teacher create quiz FAILED.
Reason:
com.kms.katalon.core.exception.StepFailedException: Unable to click on object 'Object Repository/Page_Course Phn tch v qun l yu cu phn mm/span_Edit topic'
	at com.kms.katalon.core.webui.keyword.internal.WebUIKeywordMain.stepFailed(WebUIKeywordMain.groovy:64)
	at com.kms.katalon.core.webui.keyword.internal.WebUIKeywordMain.runKeyword(WebUIKeywordMain.groovy:26)
	at com.kms.katalon.core.webui.keyword.builtin.ClickKeyword.click(ClickKeyword.groovy:74)
	at com.kms.katalon.core.webui.keyword.builtin.ClickKeyword.execute(ClickKeyword.groovy:40)
	at com.kms.katalon.core.keyword.internal.KeywordExecutor.executeKeywordForPlatform(KeywordExecutor.groovy:74)
	at com.kms.katalon.core.webui.keyword.WebUiBuiltInKeywords.click(WebUiBuiltInKeywords.groovy:620)
	at com.kms.katalon.core.webui.keyword.WebUiBuiltInKeywords$click$1.call(Unknown Source)
	at Teacher create quiz.run(Teacher create quiz:32)
	at com.kms.katalon.core.main.ScriptEngine.run(ScriptEngine.java:194)
	at com.kms.katalon.core.main.ScriptEngine.runScriptAsRawText(ScriptEngine.java:119)
	at com.kms.katalon.core.main.TestCaseExecutor.runScript(TestCaseExecutor.java:442)
	at com.kms.katalon.core.main.TestCaseExecutor.doExecute(TestCaseExecutor.java:433)
	at com.kms.katalon.core.main.TestCaseExecutor.processExecutionPhase(TestCaseExecutor.java:412)
	at com.kms.katalon.core.main.TestCaseExecutor.accessMainPhase(TestCaseExecutor.java:404)
	at com.kms.katalon.core.main.TestCaseExecutor.execute(TestCaseExecutor.java:281)
	at com.kms.katalon.core.main.TestSuiteExecutor.accessTestCaseMainPhase(TestSuiteExecutor.java:202)
	at com.kms.katalon.core.main.TestSuiteExecutor.accessTestSuiteMainPhase(TestSuiteExecutor.java:164)
	at com.kms.katalon.core.main.TestSuiteExecutor.execute(TestSuiteExecutor.java:105)
	at com.kms.katalon.core.main.TestCaseMain.startTestSuite(TestCaseMain.java:181)
	at com.kms.katalon.core.main.TestCaseMain$startTestSuite$0.call(Unknown Source)
	at TempTestSuite1641911862929.run(TempTestSuite1641911862929.groovy:36)
Caused by: org.openqa.selenium.ElementNotInteractableException: element not interactable
  (Session info: MicrosoftEdge=97.0.1072.55)
Build info: version: '3.141.59', revision: 'e82be7d358', time: '2018-11-14T08:25:53'
System info: host: 'DESKTOP-8IHK86T', ip: '192.168.1.173', os.name: 'Windows 10', os.arch: 'amd64', os.version: '10.0', java.version: '1.8.0_282'
Driver info: com.kms.katalon.selenium.driver.CEdgeDriver
Capabilities {acceptInsecureCerts: false, browserName: msedge, browserVersion: 97.0.1072.55, javascriptEnabled: true, ms:edgeOptions: {debuggerAddress: localhost:57129}, msedge: {msedgedriverVersion: 97.0.1072.55 (ce3bf33648805..., userDataDir: C:\Users\THANHD~1\AppData\L...}, networkConnectionEnabled: false, pageLoadStrategy: normal, platform: WINDOWS, platformName: WINDOWS, proxy: Proxy(), setWindowRect: true, strictFileInteractability: false, timeouts: {implicit: 0, pageLoad: 300000, script: 30000}, unhandledPromptBehavior: dismiss and notify, webauthn:extension:credBlob: true, webauthn:extension:largeBlob: true, webauthn:virtualAuthenticators: true}
Session ID: 8bb4fe237bd2bd11a8625b8a61bb37ba
	at org.openqa.selenium.remote.http.W3CHttpResponseCodec.createException(W3CHttpResponseCodec.java:187)
	at org.openqa.selenium.remote.http.W3CHttpResponseCodec.decode(W3CHttpResponseCodec.java:122)
	at org.openqa.selenium.remote.http.W3CHttpResponseCodec.decode(W3CHttpResponseCodec.java:49)
	at org.openqa.selenium.remote.HttpCommandExecutor.execute(HttpCommandExecutor.java:158)
	at org.openqa.selenium.remote.service.DriverCommandExecutor.execute(DriverCommandExecutor.java:83)
	at org.openqa.selenium.remote.RemoteWebDriver.execute(RemoteWebDriver.java:552)
	at com.kms.katalon.selenium.driver.CEdgeDriver.execute(CEdgeDriver.java:20)
	at org.openqa.selenium.remote.RemoteWebElement.execute(RemoteWebElement.java:285)
	at org.openqa.selenium.remote.RemoteWebElement.click(RemoteWebElement.java:84)
	at org.openqa.selenium.support.events.EventFiringWebDriver$EventFiringWebElement.lambda$new$0(EventFiringWebDriver.java:404)
	at com.sun.proxy.$Proxy11.click(Unknown Source)
	at org.openqa.selenium.support.events.EventFiringWebDriver$EventFiringWebElement.click(EventFiringWebDriver.java:417)
	at org.openqa.selenium.WebElement$click.call(Unknown Source)
	at com.kms.katalon.core.webui.keyword.builtin.ClickKeyword.clickUntilSuccessWithTimeout(ClickKeyword.groovy:81)
	at com.kms.katalon.core.webui.keyword.builtin.ClickKeyword.clickUntilSuccessWithTimeout(ClickKeyword.groovy)
	at com.kms.katalon.core.webui.keyword.builtin.ClickKeyword$_click_closure1.doCall(ClickKeyword.groovy:67)
	at com.kms.katalon.core.webui.keyword.builtin.ClickKeyword$_click_closure1.call(ClickKeyword.groovy)
	at com.kms.katalon.core.webui.keyword.internal.WebUIKeywordMain.runKeyword(WebUIKeywordMain.groovy:20)
	... 19 more]]></system-err>
      </testcase>
      <testcase name="Test Cases/Teacher edit topic" time="113.839" classname="Test Cases/Teacher edit topic" status="FAILED">
         <failure type="FAILED" message="Test Cases/Teacher edit topic FAILED.
Reason:
com.kms.katalon.core.exception.StepFailedException: Unable to send keys '' to object 'Object Repository/Page_Course Phn tch v qun l yu cu phn mm/input_New name for topic Topic 1_id_inplace_ba18e1'
	at com.kms.katalon.core.webui.keyword.internal.WebUIKeywordMain.stepFailed(WebUIKeywordMain.groovy:64)
	at com.kms.katalon.core.webui.keyword.internal.WebUIKeywordMain.runKeyword(WebUIKeywordMain.groovy:26)
	at com.kms.katalon.core.webui.keyword.builtin.SendKeysKeyword.sendKeys(SendKeysKeyword.groovy:60)
	at com.kms.katalon.core.webui.keyword.builtin.SendKeysKeyword.execute(SendKeysKeyword.groovy:38)
	at com.kms.katalon.core.keyword.internal.KeywordExecutor.executeKeywordForPlatform(KeywordExecutor.groovy:74)
	at com.kms.katalon.core.webui.keyword.WebUiBuiltInKeywords.sendKeys(WebUiBuiltInKeywords.groovy:864)
	at com.kms.katalon.core.webui.keyword.WebUiBuiltInKeywords$sendKeys$8.call(Unknown Source)
	at Teacher edit topic.run(Teacher edit topic:36)
	at com.kms.katalon.core.main.ScriptEngine.run(ScriptEngine.java:194)
	at com.kms.katalon.core.main.ScriptEngine.runScriptAsRawText(ScriptEngine.java:119)
	at com.kms.katalon.core.main.TestCaseExecutor.runScript(TestCaseExecutor.java:442)
	at com.kms.katalon.core.main.TestCaseExecutor.doExecute(TestCaseExecutor.java:433)
	at com.kms.katalon.core.main.TestCaseExecutor.processExecutionPhase(TestCaseExecutor.java:412)
	at com.kms.katalon.core.main.TestCaseExecutor.accessMainPhase(TestCaseExecutor.java:404)
	at com.kms.katalon.core.main.TestCaseExecutor.execute(TestCaseExecutor.java:281)
	at com.kms.katalon.core.main.TestSuiteExecutor.accessTestCaseMainPhase(TestSuiteExecutor.java:202)
	at com.kms.katalon.core.main.TestSuiteExecutor.accessTestSuiteMainPhase(TestSuiteExecutor.java:164)
	at com.kms.katalon.core.main.TestSuiteExecutor.execute(TestSuiteExecutor.java:105)
	at com.kms.katalon.core.main.TestCaseMain.startTestSuite(TestCaseMain.java:181)
	at com.kms.katalon.core.main.TestCaseMain$startTestSuite$0.call(Unknown Source)
	at TempTestSuite1641911862929.run(TempTestSuite1641911862929.groovy:36)
Caused by: com.kms.katalon.core.webui.exception.WebElementNotFoundException: Web element with id: 'Object Repository/Page_Course Phn tch v qun l yu cu phn mm/input_New name for topic Topic 1_id_inplace_ba18e1' located by '//input[@id='id_inplacevalue_30995584801983719841']' not found
	at com.kms.katalon.core.webui.common.WebUiCommonHelper.findWebElement(WebUiCommonHelper.java:1368)
	at com.kms.katalon.core.webui.keyword.internal.WebUIAbstractKeyword.findWebElement(WebUIAbstractKeyword.groovy:27)
	at com.kms.katalon.core.webui.keyword.internal.WebUIAbstractKeyword.findWebElement(WebUIAbstractKeyword.groovy:26)
	at com.kms.katalon.core.webui.keyword.builtin.SendKeysKeyword$_sendKeys_closure1.doCall(SendKeysKeyword.groovy:52)
	at com.kms.katalon.core.webui.keyword.builtin.SendKeysKeyword$_sendKeys_closure1.call(SendKeysKeyword.groovy)
	at com.kms.katalon.core.webui.keyword.internal.WebUIKeywordMain.runKeyword(WebUIKeywordMain.groovy:20)
	... 19 more
"/>
         <system-out><![CDATA[2022-01-11 21:51:56 - [TEST_CASE][FAILED] - Test Cases/Teacher edit topic: Test Cases/Teacher edit topic FAILED.
Reason:
com.kms.katalon.core.exception.StepFailedException: Unable to send keys '' to object 'Object Repository/Page_Course Phn tch v qun l yu cu phn mm/input_New name for topic Topic 1_id_inplace_ba18e1'
	at com.kms.katalon.core.webui.keyword.internal.WebUIKeywordMain.stepFailed(WebUIKeywordMain.groovy:64)
	at com.kms.katalon.core.webui.keyword.internal.WebUIKeywordMain.runKeyword(WebUIKeywordMain.groovy:26)
	at com.kms.katalon.core.webui.keyword.builtin.SendKeysKeyword.sendKeys(SendKeysKeyword.groovy:60)
	at com.kms.katalon.core.webui.keyword.builtin.SendKeysKeyword.execute(SendKeysKeyword.groovy:38)
	at com.kms.katalon.core.keyword.internal.KeywordExecutor.executeKeywordForPlatform(KeywordExecutor.groovy:74)
	at com.kms.katalon.core.webui.keyword.WebUiBuiltInKeywords.sendKeys(WebUiBuiltInKeywords.groovy:864)
	at com.kms.katalon.core.webui.keyword.WebUiBuiltInKeywords$sendKeys$8.call(Unknown Source)
	at Teacher edit topic.run(Teacher edit topic:36)
	at com.kms.katalon.core.main.ScriptEngine.run(ScriptEngine.java:194)
	at com.kms.katalon.core.main.ScriptEngine.runScriptAsRawText(ScriptEngine.java:119)
	at com.kms.katalon.core.main.TestCaseExecutor.runScript(TestCaseExecutor.java:442)
	at com.kms.katalon.core.main.TestCaseExecutor.doExecute(TestCaseExecutor.java:433)
	at com.kms.katalon.core.main.TestCaseExecutor.processExecutionPhase(TestCaseExecutor.java:412)
	at com.kms.katalon.core.main.TestCaseExecutor.accessMainPhase(TestCaseExecutor.java:404)
	at com.kms.katalon.core.main.TestCaseExecutor.execute(TestCaseExecutor.java:281)
	at com.kms.katalon.core.main.TestSuiteExecutor.accessTestCaseMainPhase(TestSuiteExecutor.java:202)
	at com.kms.katalon.core.main.TestSuiteExecutor.accessTestSuiteMainPhase(TestSuiteExecutor.java:164)
	at com.kms.katalon.core.main.TestSuiteExecutor.execute(TestSuiteExecutor.java:105)
	at com.kms.katalon.core.main.TestCaseMain.startTestSuite(TestCaseMain.java:181)
	at com.kms.katalon.core.main.TestCaseMain$startTestSuite$0.call(Unknown Source)
	at TempTestSuite1641911862929.run(TempTestSuite1641911862929.groovy:36)
Caused by: com.kms.katalon.core.webui.exception.WebElementNotFoundException: Web element with id: 'Object Repository/Page_Course Phn tch v qun l yu cu phn mm/input_New name for topic Topic 1_id_inplace_ba18e1' located by '//input[@id='id_inplacevalue_30995584801983719841']' not found
	at com.kms.katalon.core.webui.common.WebUiCommonHelper.findWebElement(WebUiCommonHelper.java:1368)
	at com.kms.katalon.core.webui.keyword.internal.WebUIAbstractKeyword.findWebElement(WebUIAbstractKeyword.groovy:27)
	at com.kms.katalon.core.webui.keyword.internal.WebUIAbstractKeyword.findWebElement(WebUIAbstractKeyword.groovy:26)
	at com.kms.katalon.core.webui.keyword.builtin.SendKeysKeyword$_sendKeys_closure1.doCall(SendKeysKeyword.groovy:52)
	at com.kms.katalon.core.webui.keyword.builtin.SendKeysKeyword$_sendKeys_closure1.call(SendKeysKeyword.groovy)
	at com.kms.katalon.core.webui.keyword.internal.WebUIKeywordMain.runKeyword(WebUIKeywordMain.groovy:20)
	... 19 more


2022-01-11 21:51:56 - [TEST_STEP][PASSED] - callTestCase(findTestCase("Login as user (teacher)"), [:], STOP_ON_FAILURE): Call Test Case 'Test Cases/Login as user (teacher)' successfully

2022-01-11 21:51:56 - [TEST_CASE][PASSED] - Test Cases/Login as user (teacher): Test Cases/Login as user (teacher)

2022-01-11 21:51:56 - [TEST_STEP][PASSED] - openBrowser(""): Browser is opened with url: ''

2022-01-11 21:51:56 - [MESSAGE][WARNING] - A browser is already opened. Closing browser and opening a new one

2022-01-11 21:51:58 - [MESSAGE][INFO] - Starting 'Edge Chromium' driver

2022-01-11 21:52:00 - [MESSAGE][INFO] - Action delay is set to 0 milliseconds

2022-01-11 21:52:01 - [MESSAGE][PASSED] - Browser is opened with url: ''

2022-01-11 21:52:01 - [TEST_STEP][PASSED] - navigateToUrl("http://localhost/"): Navigate to 'http://localhost/' successfully

2022-01-11 21:52:02 - [MESSAGE][PASSED] - Navigate to 'http://localhost/' successfully

2022-01-11 21:52:02 - [TEST_STEP][PASSED] - click(findTestObject("Object Repository/Page_My Moodle/a_Log in")): Object: 'Object Repository/Page_My Moodle/a_Log in' is clicked on

2022-01-11 21:52:03 - [MESSAGE][PASSED] - Object: 'Object Repository/Page_My Moodle/a_Log in' is clicked on

2022-01-11 21:52:03 - [TEST_STEP][PASSED] - setText(findTestObject("Object Repository/Page_My Moodle Log in to the site/input_Username_username"), "teacher"): Text 'teacher' is set on object 'Object Repository/Page_My Moodle Log in to the site/input_Username_username'

2022-01-11 21:52:03 - [MESSAGE][PASSED] - Text 'teacher' is set on object 'Object Repository/Page_My Moodle Log in to the site/input_Username_username'

2022-01-11 21:52:03 - [TEST_STEP][PASSED] - setEncryptedText(findTestObject("Object Repository/Page_My Moodle Log in to the site/input_Password_password"), "3fJEwIvstDDnFTEIk7299A=="): Text ****** has been set on object 'Object Repository/Page_My Moodle Log in to the site/input_Password_password'

2022-01-11 21:52:04 - [MESSAGE][PASSED] - Text ****** has been set on object 'Object Repository/Page_My Moodle Log in to the site/input_Password_password'

2022-01-11 21:52:04 - [TEST_STEP][PASSED] - click(findTestObject("Object Repository/Page_My Moodle Log in to the site/button_Log in")): Object: 'Object Repository/Page_My Moodle Log in to the site/button_Log in' is clicked on

2022-01-11 21:52:05 - [MESSAGE][PASSED] - Object: 'Object Repository/Page_My Moodle Log in to the site/button_Log in' is clicked on

2022-01-11 21:52:05 - [MESSAGE][PASSED] - Call Test Case 'Test Cases/Login as user (teacher)' successfully

2022-01-11 21:52:05 - [TEST_STEP][PASSED] - click(findTestObject("Object Repository/Page_Dashboard/span_Site home")): Object: 'Object Repository/Page_Dashboard/span_Site home' is clicked on

2022-01-11 21:52:07 - [MESSAGE][PASSED] - Object: 'Object Repository/Page_Dashboard/span_Site home' is clicked on

2022-01-11 21:52:07 - [TEST_STEP][PASSED] - navigateToUrl("http://localhost/?redirect=0"): Navigate to 'http://localhost/?redirect=0' successfully

2022-01-11 21:52:07 - [MESSAGE][PASSED] - Navigate to 'http://localhost/?redirect=0' successfully

2022-01-11 21:52:07 - [TEST_STEP][PASSED] - click(findTestObject("Object Repository/Page_My Moodle/a_Phn tch v qun l yu cu phn mm")): Object: 'Object Repository/Page_My Moodle/a_Phn tch v qun l yu cu phn mm' is clicked on

2022-01-11 21:52:08 - [MESSAGE][PASSED] - Object: 'Object Repository/Page_My Moodle/a_Phn tch v qun l yu cu phn mm' is clicked on

2022-01-11 21:52:08 - [TEST_STEP][PASSED] - click(findTestObject("Object Repository/Page_Course Phn tch v qun l yu cu phn mm/button_Turn editing on")): Object: 'Object Repository/Page_Course Phn tch v qun l yu cu phn mm/button_Turn editing on' is clicked on

2022-01-11 21:52:09 - [MESSAGE][PASSED] - Object: 'Object Repository/Page_Course Phn tch v qun l yu cu phn mm/button_Turn editing on' is clicked on

2022-01-11 21:52:09 - [TEST_STEP][PASSED] - click(findTestObject("Object Repository/Page_Course Phn tch v qun l yu cu phn mm/i_Topic 1_yui_3_17_2_1_1641734369355_650")): Object: 'Object Repository/Page_Course Phn tch v qun l yu cu phn mm/i_Topic 1_yui_3_17_2_1_1641734369355_650' is clicked on

2022-01-11 21:52:10 - [MESSAGE][PASSED] - Object: 'Object Repository/Page_Course Phn tch v qun l yu cu phn mm/i_Topic 1_yui_3_17_2_1_1641734369355_650' is clicked on

2022-01-11 21:52:10 - [TEST_STEP][PASSED] - setText(findTestObject("Object Repository/Page_Course Phn tch v qun l yu cu phn mm/input_New name for topic Topic 1_id_inplace_ba18e1"), "Lecture 01"): Text 'Lecture 01' is set on object 'Object Repository/Page_Course Phn tch v qun l yu cu phn mm/input_New name for topic Topic 1_id_inplace_ba18e1'

2022-01-11 21:52:41 - [MESSAGE][INFO] - Unable to find the element located by 'By.xpath: //input[@id='id_inplacevalue_30995584801983719841']'. Please recheck the objects properties to make sure the desired element is located. 

2022-01-11 21:52:41 - [MESSAGE][WARNING] - [SELF-HEALING] Failed to find element with id 'Object Repository/Page_Course Phn tch v qun l yu cu phn mm/input_New name for topic Topic 1_id_inplace_ba18e1'. Try using Self-healing.

2022-01-11 21:52:41 - [MESSAGE][INFO] - [SELF-HEALING] Failed Locator: '//input[@id='id_inplacevalue_30995584801983719841']'.

2022-01-11 21:52:42 - [MESSAGE][INFO] - [SELF-HEALING] Failed Locator: '//span[@id='yui_3_17_2_1_1641734369355_653']/input'.

2022-01-11 21:52:42 - [MESSAGE][INFO] - [SELF-HEALING] Working Locator: '//span/input'.

2022-01-11 21:52:42 - [MESSAGE][INFO] - [SELF-HEALING] Screenshot: D:/Test-Automation---SE-Bonus/Reports/Self-healing/Object Repository/Page_Course Phn tch v qun l yu cu phn mm/input_New name for topic Topic 1_id_inplace_ba18e1_position.png

2022-01-11 21:52:42 - [MESSAGE][WARNING] - [SELF-HEALING] The current locator of test object 'Object Repository/Page_Course Phn tch v qun l yu cu phn mm/input_New name for topic Topic 1_id_inplace_ba18e1' was broken. Propose an alternative one: '//span/input'.

2022-01-11 21:53:13 - [MESSAGE][INFO] - Unable to find the element located by 'By.xpath: //input[@id='id_inplacevalue_30995584801983719841']'. Please recheck the objects properties to make sure the desired element is located. 

2022-01-11 21:53:13 - [MESSAGE][WARNING] - [SELF-HEALING] Failed to find element with id 'Object Repository/Page_Course Phn tch v qun l yu cu phn mm/input_New name for topic Topic 1_id_inplace_ba18e1'. Try using Self-healing.

2022-01-11 21:53:14 - [MESSAGE][WARNING] - [SELF-HEALING] The current locator of test object 'Object Repository/Page_Course Phn tch v qun l yu cu phn mm/input_New name for topic Topic 1_id_inplace_ba18e1' was broken. Propose an alternative one: '//span/input'.

2022-01-11 21:53:14 - [MESSAGE][PASSED] - Text 'Lecture 01' is set on object 'Object Repository/Page_Course Phn tch v qun l yu cu phn mm/input_New name for topic Topic 1_id_inplace_ba18e1'

2022-01-11 21:53:14 - [TEST_STEP][FAILED] - sendKeys(findTestObject("Object Repository/Page_Course Phn tch v qun l yu cu phn mm/input_New name for topic Topic 1_id_inplace_ba18e1"), Keys.chord(ENTER)): Unable to send keys '' to object 'Object Repository/Page_Course Phn tch v qun l yu cu phn mm/input_New name for topic Topic 1_id_inplace_ba18e1' (Root cause: com.kms.katalon.core.exception.StepFailedException: Unable to send keys '' to object 'Object Repository/Page_Course Phn tch v qun l yu cu phn mm/input_New name for topic Topic 1_id_inplace_ba18e1'
	at com.kms.katalon.core.webui.keyword.internal.WebUIKeywordMain.stepFailed(WebUIKeywordMain.groovy:64)
	at com.kms.katalon.core.webui.keyword.internal.WebUIKeywordMain.runKeyword(WebUIKeywordMain.groovy:26)
	at com.kms.katalon.core.webui.keyword.builtin.SendKeysKeyword.sendKeys(SendKeysKeyword.groovy:60)
	at com.kms.katalon.core.webui.keyword.builtin.SendKeysKeyword.execute(SendKeysKeyword.groovy:38)
	at com.kms.katalon.core.keyword.internal.KeywordExecutor.executeKeywordForPlatform(KeywordExecutor.groovy:74)
	at com.kms.katalon.core.webui.keyword.WebUiBuiltInKeywords.sendKeys(WebUiBuiltInKeywords.groovy:864)
	at com.kms.katalon.core.webui.keyword.WebUiBuiltInKeywords$sendKeys$8.call(Unknown Source)
	at Teacher edit topic.run(Teacher edit topic:36)
	at com.kms.katalon.core.main.ScriptEngine.run(ScriptEngine.java:194)
	at com.kms.katalon.core.main.ScriptEngine.runScriptAsRawText(ScriptEngine.java:119)
	at com.kms.katalon.core.main.TestCaseExecutor.runScript(TestCaseExecutor.java:442)
	at com.kms.katalon.core.main.TestCaseExecutor.doExecute(TestCaseExecutor.java:433)
	at com.kms.katalon.core.main.TestCaseExecutor.processExecutionPhase(TestCaseExecutor.java:412)
	at com.kms.katalon.core.main.TestCaseExecutor.accessMainPhase(TestCaseExecutor.java:404)
	at com.kms.katalon.core.main.TestCaseExecutor.execute(TestCaseExecutor.java:281)
	at com.kms.katalon.core.main.TestSuiteExecutor.accessTestCaseMainPhase(TestSuiteExecutor.java:202)
	at com.kms.katalon.core.main.TestSuiteExecutor.accessTestSuiteMainPhase(TestSuiteExecutor.java:164)
	at com.kms.katalon.core.main.TestSuiteExecutor.execute(TestSuiteExecutor.java:105)
	at com.kms.katalon.core.main.TestCaseMain.startTestSuite(TestCaseMain.java:181)
	at com.kms.katalon.core.main.TestCaseMain$startTestSuite$0.call(Unknown Source)
	at TempTestSuite1641911862929.run(TempTestSuite1641911862929.groovy:36)
Caused by: com.kms.katalon.core.webui.exception.WebElementNotFoundException: Web element with id: 'Object Repository/Page_Course Phn tch v qun l yu cu phn mm/input_New name for topic Topic 1_id_inplace_ba18e1' located by '//input[@id='id_inplacevalue_30995584801983719841']' not found
	at com.kms.katalon.core.webui.common.WebUiCommonHelper.findWebElement(WebUiCommonHelper.java:1368)
	at com.kms.katalon.core.webui.keyword.internal.WebUIAbstractKeyword.findWebElement(WebUIAbstractKeyword.groovy:27)
	at com.kms.katalon.core.webui.keyword.internal.WebUIAbstractKeyword.findWebElement(WebUIAbstractKeyword.groovy:26)
	at com.kms.katalon.core.webui.keyword.builtin.SendKeysKeyword$_sendKeys_closure1.doCall(SendKeysKeyword.groovy:52)
	at com.kms.katalon.core.webui.keyword.builtin.SendKeysKeyword$_sendKeys_closure1.call(SendKeysKeyword.groovy)
	at com.kms.katalon.core.webui.keyword.internal.WebUIKeywordMain.runKeyword(WebUIKeywordMain.groovy:20)
	at com.kms.katalon.core.webui.keyword.builtin.SendKeysKeyword.sendKeys(SendKeysKeyword.groovy:60)
	at com.kms.katalon.core.webui.keyword.builtin.SendKeysKeyword.execute(SendKeysKeyword.groovy:38)
	at com.kms.katalon.core.keyword.internal.KeywordExecutor.executeKeywordForPlatform(KeywordExecutor.groovy:74)
	at com.kms.katalon.core.webui.keyword.WebUiBuiltInKeywords.sendKeys(WebUiBuiltInKeywords.groovy:864)
	at com.kms.katalon.core.webui.keyword.WebUiBuiltInKeywords$sendKeys$8.call(Unknown Source)
	at Script1641734280422.run(Script1641734280422.groovy:36)
	... 13 more
)

2022-01-11 21:53:45 - [MESSAGE][INFO] - Unable to find the element located by 'By.xpath: //input[@id='id_inplacevalue_30995584801983719841']'. Please recheck the objects properties to make sure the desired element is located. 

2022-01-11 21:53:45 - [MESSAGE][WARNING] - [SELF-HEALING] Failed to find element with id 'Object Repository/Page_Course Phn tch v qun l yu cu phn mm/input_New name for topic Topic 1_id_inplace_ba18e1'. Try using Self-healing.

2022-01-11 21:53:46 - [MESSAGE][INFO] - Unable to find the element located by 'By.xpath: //span/input'. Please recheck the objects properties to make sure the desired element is located. 

2022-01-11 21:53:46 - [MESSAGE][INFO] - [SELF-HEALING] Failed Locator: '//input[@id='id_inplacevalue_30995584801983719841']'.

2022-01-11 21:53:46 - [MESSAGE][INFO] - [SELF-HEALING] Failed Locator: '//span[@id='yui_3_17_2_1_1641734369355_653']/input'.

2022-01-11 21:53:47 - [MESSAGE][INFO] - [SELF-HEALING] Failed Locator: '//span/input'.

2022-01-11 21:53:47 - [MESSAGE][INFO] - [SELF-HEALING] Failed Locator: '//input[@id='id_inplacevalue_30995584801983719841']'.

2022-01-11 21:53:47 - [MESSAGE][INFO] - [SELF-HEALING] Failed Locator: '//span[@id='yui_3_17_2_1_1641734369355_653']/input'.

2022-01-11 21:53:47 - [MESSAGE][INFO] - [SELF-HEALING] Failed Locator: '//span/input'.

2022-01-11 21:53:49 - [MESSAGE][INFO] - Unable to find the element located by 'By.xpath: //*[@type = 'text' and @id = 'id_inplacevalue_30995584801983719841']'. Please recheck the objects properties to make sure the desired element is located. 

2022-01-11 21:53:50 - [MESSAGE][INFO] - Unable to find the element located by 'By.cssSelector: #id_inplacevalue_30995584801983719841'. Please recheck the objects properties to make sure the desired element is located. 

2022-01-11 21:53:50 - [MESSAGE][FAILED] - Unable to send keys '' to object 'Object Repository/Page_Course Phn tch v qun l yu cu phn mm/input_New name for topic Topic 1_id_inplace_ba18e1' (Root cause: com.kms.katalon.core.exception.StepFailedException: Unable to send keys '' to object 'Object Repository/Page_Course Phn tch v qun l yu cu phn mm/input_New name for topic Topic 1_id_inplace_ba18e1'
	at com.kms.katalon.core.webui.keyword.internal.WebUIKeywordMain.stepFailed(WebUIKeywordMain.groovy:64)
	at com.kms.katalon.core.webui.keyword.internal.WebUIKeywordMain.runKeyword(WebUIKeywordMain.groovy:26)
	at com.kms.katalon.core.webui.keyword.builtin.SendKeysKeyword.sendKeys(SendKeysKeyword.groovy:60)
	at com.kms.katalon.core.webui.keyword.builtin.SendKeysKeyword.execute(SendKeysKeyword.groovy:38)
	at com.kms.katalon.core.keyword.internal.KeywordExecutor.executeKeywordForPlatform(KeywordExecutor.groovy:74)
	at com.kms.katalon.core.webui.keyword.WebUiBuiltInKeywords.sendKeys(WebUiBuiltInKeywords.groovy:864)
	at com.kms.katalon.core.webui.keyword.WebUiBuiltInKeywords$sendKeys$8.call(Unknown Source)
	at Teacher edit topic.run(Teacher edit topic:36)
	at com.kms.katalon.core.main.ScriptEngine.run(ScriptEngine.java:194)
	at com.kms.katalon.core.main.ScriptEngine.runScriptAsRawText(ScriptEngine.java:119)
	at com.kms.katalon.core.main.TestCaseExecutor.runScript(TestCaseExecutor.java:442)
	at com.kms.katalon.core.main.TestCaseExecutor.doExecute(TestCaseExecutor.java:433)
	at com.kms.katalon.core.main.TestCaseExecutor.processExecutionPhase(TestCaseExecutor.java:412)
	at com.kms.katalon.core.main.TestCaseExecutor.accessMainPhase(TestCaseExecutor.java:404)
	at com.kms.katalon.core.main.TestCaseExecutor.execute(TestCaseExecutor.java:281)
	at com.kms.katalon.core.main.TestSuiteExecutor.accessTestCaseMainPhase(TestSuiteExecutor.java:202)
	at com.kms.katalon.core.main.TestSuiteExecutor.accessTestSuiteMainPhase(TestSuiteExecutor.java:164)
	at com.kms.katalon.core.main.TestSuiteExecutor.execute(TestSuiteExecutor.java:105)
	at com.kms.katalon.core.main.TestCaseMain.startTestSuite(TestCaseMain.java:181)
	at com.kms.katalon.core.main.TestCaseMain$startTestSuite$0.call(Unknown Source)
	at TempTestSuite1641911862929.run(TempTestSuite1641911862929.groovy:36)
Caused by: com.kms.katalon.core.webui.exception.WebElementNotFoundException: Web element with id: 'Object Repository/Page_Course Phn tch v qun l yu cu phn mm/input_New name for topic Topic 1_id_inplace_ba18e1' located by '//input[@id='id_inplacevalue_30995584801983719841']' not found
	at com.kms.katalon.core.webui.common.WebUiCommonHelper.findWebElement(WebUiCommonHelper.java:1368)
	at com.kms.katalon.core.webui.keyword.internal.WebUIAbstractKeyword.findWebElement(WebUIAbstractKeyword.groovy:27)
	at com.kms.katalon.core.webui.keyword.internal.WebUIAbstractKeyword.findWebElement(WebUIAbstractKeyword.groovy:26)
	at com.kms.katalon.core.webui.keyword.builtin.SendKeysKeyword$_sendKeys_closure1.doCall(SendKeysKeyword.groovy:52)
	at com.kms.katalon.core.webui.keyword.builtin.SendKeysKeyword$_sendKeys_closure1.call(SendKeysKeyword.groovy)
	at com.kms.katalon.core.webui.keyword.internal.WebUIKeywordMain.runKeyword(WebUIKeywordMain.groovy:20)
	at com.kms.katalon.core.webui.keyword.builtin.SendKeysKeyword.sendKeys(SendKeysKeyword.groovy:60)
	at com.kms.katalon.core.webui.keyword.builtin.SendKeysKeyword.execute(SendKeysKeyword.groovy:38)
	at com.kms.katalon.core.keyword.internal.KeywordExecutor.executeKeywordForPlatform(KeywordExecutor.groovy:74)
	at com.kms.katalon.core.webui.keyword.WebUiBuiltInKeywords.sendKeys(WebUiBuiltInKeywords.groovy:864)
	at com.kms.katalon.core.webui.keyword.WebUiBuiltInKeywords$sendKeys$8.call(Unknown Source)
	at Script1641734280422.run(Script1641734280422.groovy:36)
	... 13 more
)
[[ATTACHMENT|D:\\Test-Automation---SE-Bonus\\Reports\\20220111_213742\\Run all test cases\\20220111_213742\\1641912830112.png]]]]></system-out>
         <system-err><![CDATA[2022-01-11 21:51:56 - [TEST_CASE][FAILED] - Test Cases/Teacher edit topic: Test Cases/Teacher edit topic FAILED.
Reason:
com.kms.katalon.core.exception.StepFailedException: Unable to send keys '' to object 'Object Repository/Page_Course Phn tch v qun l yu cu phn mm/input_New name for topic Topic 1_id_inplace_ba18e1'
	at com.kms.katalon.core.webui.keyword.internal.WebUIKeywordMain.stepFailed(WebUIKeywordMain.groovy:64)
	at com.kms.katalon.core.webui.keyword.internal.WebUIKeywordMain.runKeyword(WebUIKeywordMain.groovy:26)
	at com.kms.katalon.core.webui.keyword.builtin.SendKeysKeyword.sendKeys(SendKeysKeyword.groovy:60)
	at com.kms.katalon.core.webui.keyword.builtin.SendKeysKeyword.execute(SendKeysKeyword.groovy:38)
	at com.kms.katalon.core.keyword.internal.KeywordExecutor.executeKeywordForPlatform(KeywordExecutor.groovy:74)
	at com.kms.katalon.core.webui.keyword.WebUiBuiltInKeywords.sendKeys(WebUiBuiltInKeywords.groovy:864)
	at com.kms.katalon.core.webui.keyword.WebUiBuiltInKeywords$sendKeys$8.call(Unknown Source)
	at Teacher edit topic.run(Teacher edit topic:36)
	at com.kms.katalon.core.main.ScriptEngine.run(ScriptEngine.java:194)
	at com.kms.katalon.core.main.ScriptEngine.runScriptAsRawText(ScriptEngine.java:119)
	at com.kms.katalon.core.main.TestCaseExecutor.runScript(TestCaseExecutor.java:442)
	at com.kms.katalon.core.main.TestCaseExecutor.doExecute(TestCaseExecutor.java:433)
	at com.kms.katalon.core.main.TestCaseExecutor.processExecutionPhase(TestCaseExecutor.java:412)
	at com.kms.katalon.core.main.TestCaseExecutor.accessMainPhase(TestCaseExecutor.java:404)
	at com.kms.katalon.core.main.TestCaseExecutor.execute(TestCaseExecutor.java:281)
	at com.kms.katalon.core.main.TestSuiteExecutor.accessTestCaseMainPhase(TestSuiteExecutor.java:202)
	at com.kms.katalon.core.main.TestSuiteExecutor.accessTestSuiteMainPhase(TestSuiteExecutor.java:164)
	at com.kms.katalon.core.main.TestSuiteExecutor.execute(TestSuiteExecutor.java:105)
	at com.kms.katalon.core.main.TestCaseMain.startTestSuite(TestCaseMain.java:181)
	at com.kms.katalon.core.main.TestCaseMain$startTestSuite$0.call(Unknown Source)
	at TempTestSuite1641911862929.run(TempTestSuite1641911862929.groovy:36)
Caused by: com.kms.katalon.core.webui.exception.WebElementNotFoundException: Web element with id: 'Object Repository/Page_Course Phn tch v qun l yu cu phn mm/input_New name for topic Topic 1_id_inplace_ba18e1' located by '//input[@id='id_inplacevalue_30995584801983719841']' not found
	at com.kms.katalon.core.webui.common.WebUiCommonHelper.findWebElement(WebUiCommonHelper.java:1368)
	at com.kms.katalon.core.webui.keyword.internal.WebUIAbstractKeyword.findWebElement(WebUIAbstractKeyword.groovy:27)
	at com.kms.katalon.core.webui.keyword.internal.WebUIAbstractKeyword.findWebElement(WebUIAbstractKeyword.groovy:26)
	at com.kms.katalon.core.webui.keyword.builtin.SendKeysKeyword$_sendKeys_closure1.doCall(SendKeysKeyword.groovy:52)
	at com.kms.katalon.core.webui.keyword.builtin.SendKeysKeyword$_sendKeys_closure1.call(SendKeysKeyword.groovy)
	at com.kms.katalon.core.webui.keyword.internal.WebUIKeywordMain.runKeyword(WebUIKeywordMain.groovy:20)
	... 19 more]]></system-err>
      </testcase>
      <testcase name="Test Cases/Teacher delete topic" time="45.277" classname="Test Cases/Teacher delete topic" status="PASSED">
         <system-out><![CDATA[2022-01-11 21:53:50 - [TEST_CASE][PASSED] - Test Cases/Teacher delete topic: Test Cases/Teacher delete topic

2022-01-11 21:53:50 - [TEST_STEP][PASSED] - callTestCase(findTestCase("Login as user (teacher)"), [:], STOP_ON_FAILURE): Call Test Case 'Test Cases/Login as user (teacher)' successfully

2022-01-11 21:53:50 - [TEST_CASE][PASSED] - Test Cases/Login as user (teacher): Test Cases/Login as user (teacher)

2022-01-11 21:53:50 - [TEST_STEP][PASSED] - openBrowser(""): Browser is opened with url: ''

2022-01-11 21:53:50 - [MESSAGE][WARNING] - A browser is already opened. Closing browser and opening a new one

2022-01-11 21:53:51 - [MESSAGE][INFO] - Starting 'Edge Chromium' driver

2022-01-11 21:53:53 - [MESSAGE][INFO] - Action delay is set to 0 milliseconds

2022-01-11 21:53:55 - [MESSAGE][PASSED] - Browser is opened with url: ''

2022-01-11 21:53:55 - [TEST_STEP][PASSED] - navigateToUrl("http://localhost/"): Navigate to 'http://localhost/' successfully

2022-01-11 21:53:56 - [MESSAGE][PASSED] - Navigate to 'http://localhost/' successfully

2022-01-11 21:53:56 - [TEST_STEP][PASSED] - click(findTestObject("Object Repository/Page_My Moodle/a_Log in")): Object: 'Object Repository/Page_My Moodle/a_Log in' is clicked on

2022-01-11 21:53:56 - [MESSAGE][PASSED] - Object: 'Object Repository/Page_My Moodle/a_Log in' is clicked on

2022-01-11 21:53:56 - [TEST_STEP][PASSED] - setText(findTestObject("Object Repository/Page_My Moodle Log in to the site/input_Username_username"), "teacher"): Text 'teacher' is set on object 'Object Repository/Page_My Moodle Log in to the site/input_Username_username'

2022-01-11 21:53:57 - [MESSAGE][PASSED] - Text 'teacher' is set on object 'Object Repository/Page_My Moodle Log in to the site/input_Username_username'

2022-01-11 21:53:57 - [TEST_STEP][PASSED] - setEncryptedText(findTestObject("Object Repository/Page_My Moodle Log in to the site/input_Password_password"), "3fJEwIvstDDnFTEIk7299A=="): Text ****** has been set on object 'Object Repository/Page_My Moodle Log in to the site/input_Password_password'

2022-01-11 21:53:58 - [MESSAGE][PASSED] - Text ****** has been set on object 'Object Repository/Page_My Moodle Log in to the site/input_Password_password'

2022-01-11 21:53:58 - [TEST_STEP][PASSED] - click(findTestObject("Object Repository/Page_My Moodle Log in to the site/button_Log in")): Object: 'Object Repository/Page_My Moodle Log in to the site/button_Log in' is clicked on

2022-01-11 21:53:59 - [MESSAGE][PASSED] - Object: 'Object Repository/Page_My Moodle Log in to the site/button_Log in' is clicked on

2022-01-11 21:53:59 - [MESSAGE][PASSED] - Call Test Case 'Test Cases/Login as user (teacher)' successfully

2022-01-11 21:53:59 - [TEST_STEP][PASSED] - click(findTestObject("Object Repository/Page_Dashboard/span_Site home")): Object: 'Object Repository/Page_Dashboard/span_Site home' is clicked on

2022-01-11 21:54:01 - [MESSAGE][PASSED] - Object: 'Object Repository/Page_Dashboard/span_Site home' is clicked on

2022-01-11 21:54:01 - [TEST_STEP][PASSED] - navigateToUrl("http://localhost/?redirect=0"): Navigate to 'http://localhost/?redirect=0' successfully

2022-01-11 21:54:01 - [MESSAGE][PASSED] - Navigate to 'http://localhost/?redirect=0' successfully

2022-01-11 21:54:01 - [TEST_STEP][PASSED] - click(findTestObject("Object Repository/Page_My Moodle/a_Phn tch v qun l yu cu phn mm")): Object: 'Object Repository/Page_My Moodle/a_Phn tch v qun l yu cu phn mm' is clicked on

2022-01-11 21:54:02 - [MESSAGE][PASSED] - Object: 'Object Repository/Page_My Moodle/a_Phn tch v qun l yu cu phn mm' is clicked on

2022-01-11 21:54:02 - [TEST_STEP][PASSED] - click(findTestObject("Object Repository/Page_Course Phn tch v qun l yu cu phn mm/button_Turn editing on")): Object: 'Object Repository/Page_Course Phn tch v qun l yu cu phn mm/button_Turn editing on' is clicked on

2022-01-11 21:54:03 - [MESSAGE][PASSED] - Object: 'Object Repository/Page_Course Phn tch v qun l yu cu phn mm/button_Turn editing on' is clicked on

2022-01-11 21:54:03 - [TEST_STEP][PASSED] - click(findTestObject("Object Repository/Page_Course Phn tch v qun l yu cu phn mm/a_Edit")): Object: 'Object Repository/Page_Course Phn tch v qun l yu cu phn mm/a_Edit' is clicked on

2022-01-11 21:54:34 - [MESSAGE][INFO] - Unable to find the element located by 'By.xpath: //*[@href = '#' and @id = 'action-menu-toggle-7' and (text() = '
                            
                            Edit
                                
                            
                        ' or . = '
                            
                            Edit
                                
                            
                        ')]'. Please recheck the objects properties to make sure the desired element is located. 

2022-01-11 21:54:34 - [MESSAGE][WARNING] - [SELF-HEALING] Failed to find element with id 'Object Repository/Page_Course Phn tch v qun l yu cu phn mm/a_Edit'. Try using Self-healing.

2022-01-11 21:54:34 - [MESSAGE][WARNING] - [SELF-HEALING] The current locator of test object 'Object Repository/Page_Course Phn tch v qun l yu cu phn mm/a_Edit' was broken. Propose an alternative one: '//a[@id='action-menu-toggle-7']'.

2022-01-11 21:54:35 - [MESSAGE][PASSED] - Object: 'Object Repository/Page_Course Phn tch v qun l yu cu phn mm/a_Edit' is clicked on

2022-01-11 21:54:35 - [TEST_STEP][PASSED] - click(findTestObject("Object Repository/Page_Course Phn tch v qun l yu cu phn mm/span_Delete topic")): Object: 'Object Repository/Page_Course Phn tch v qun l yu cu phn mm/span_Delete topic' is clicked on

2022-01-11 21:54:35 - [MESSAGE][PASSED] - Object: 'Object Repository/Page_Course Phn tch v qun l yu cu phn mm/span_Delete topic' is clicked on]]></system-out>
         <system-err><![CDATA[]]></system-err>
      </testcase>
      <testcase name="Test Cases/Teacher upload rescourse" time="22.733" classname="Test Cases/Teacher upload rescourse" status="PASSED">
         <system-out><![CDATA[2022-01-11 21:54:35 - [TEST_CASE][PASSED] - Test Cases/Teacher upload rescourse: Test Cases/Teacher upload rescourse

2022-01-11 21:54:35 - [TEST_STEP][PASSED] - callTestCase(findTestCase("Login as user (teacher)"), [:], STOP_ON_FAILURE): Call Test Case 'Test Cases/Login as user (teacher)' successfully

2022-01-11 21:54:36 - [TEST_CASE][PASSED] - Test Cases/Login as user (teacher): Test Cases/Login as user (teacher)

2022-01-11 21:54:36 - [TEST_STEP][PASSED] - openBrowser(""): Browser is opened with url: ''

2022-01-11 21:54:36 - [MESSAGE][WARNING] - A browser is already opened. Closing browser and opening a new one

2022-01-11 21:54:36 - [MESSAGE][INFO] - Starting 'Edge Chromium' driver

2022-01-11 21:54:39 - [MESSAGE][INFO] - Action delay is set to 0 milliseconds

2022-01-11 21:54:40 - [MESSAGE][PASSED] - Browser is opened with url: ''

2022-01-11 21:54:40 - [TEST_STEP][PASSED] - navigateToUrl("http://localhost/"): Navigate to 'http://localhost/' successfully

2022-01-11 21:54:41 - [MESSAGE][PASSED] - Navigate to 'http://localhost/' successfully

2022-01-11 21:54:41 - [TEST_STEP][PASSED] - click(findTestObject("Object Repository/Page_My Moodle/a_Log in")): Object: 'Object Repository/Page_My Moodle/a_Log in' is clicked on

2022-01-11 21:54:41 - [MESSAGE][PASSED] - Object: 'Object Repository/Page_My Moodle/a_Log in' is clicked on

2022-01-11 21:54:41 - [TEST_STEP][PASSED] - setText(findTestObject("Object Repository/Page_My Moodle Log in to the site/input_Username_username"), "teacher"): Text 'teacher' is set on object 'Object Repository/Page_My Moodle Log in to the site/input_Username_username'

2022-01-11 21:54:42 - [MESSAGE][PASSED] - Text 'teacher' is set on object 'Object Repository/Page_My Moodle Log in to the site/input_Username_username'

2022-01-11 21:54:42 - [TEST_STEP][PASSED] - setEncryptedText(findTestObject("Object Repository/Page_My Moodle Log in to the site/input_Password_password"), "3fJEwIvstDDnFTEIk7299A=="): Text ****** has been set on object 'Object Repository/Page_My Moodle Log in to the site/input_Password_password'

2022-01-11 21:54:43 - [MESSAGE][PASSED] - Text ****** has been set on object 'Object Repository/Page_My Moodle Log in to the site/input_Password_password'

2022-01-11 21:54:43 - [TEST_STEP][PASSED] - click(findTestObject("Object Repository/Page_My Moodle Log in to the site/button_Log in")): Object: 'Object Repository/Page_My Moodle Log in to the site/button_Log in' is clicked on

2022-01-11 21:54:44 - [MESSAGE][PASSED] - Object: 'Object Repository/Page_My Moodle Log in to the site/button_Log in' is clicked on

2022-01-11 21:54:44 - [MESSAGE][PASSED] - Call Test Case 'Test Cases/Login as user (teacher)' successfully

2022-01-11 21:54:44 - [TEST_STEP][PASSED] - click(findTestObject("Object Repository/Page_Dashboard/span_Site home")): Object: 'Object Repository/Page_Dashboard/span_Site home' is clicked on

2022-01-11 21:54:45 - [MESSAGE][PASSED] - Object: 'Object Repository/Page_Dashboard/span_Site home' is clicked on

2022-01-11 21:54:45 - [TEST_STEP][PASSED] - navigateToUrl("http://localhost/?redirect=0"): Navigate to 'http://localhost/?redirect=0' successfully

2022-01-11 21:54:46 - [MESSAGE][PASSED] - Navigate to 'http://localhost/?redirect=0' successfully

2022-01-11 21:54:46 - [TEST_STEP][PASSED] - click(findTestObject("Object Repository/Page_My Moodle/a_Phn tch v qun l yu cu phn mm")): Object: 'Object Repository/Page_My Moodle/a_Phn tch v qun l yu cu phn mm' is clicked on

2022-01-11 21:54:47 - [MESSAGE][PASSED] - Object: 'Object Repository/Page_My Moodle/a_Phn tch v qun l yu cu phn mm' is clicked on

2022-01-11 21:54:47 - [TEST_STEP][PASSED] - click(findTestObject("Object Repository/Page_Course Phn tch v qun l yu cu phn mm/button_Turn editing on")): Object: 'Object Repository/Page_Course Phn tch v qun l yu cu phn mm/button_Turn editing on' is clicked on

2022-01-11 21:54:48 - [MESSAGE][PASSED] - Object: 'Object Repository/Page_Course Phn tch v qun l yu cu phn mm/button_Turn editing on' is clicked on

2022-01-11 21:54:48 - [TEST_STEP][PASSED] - click(findTestObject("Object Repository/Page_Course Phn tch v qun l yu cu phn mm/span_Add an activity or resource")): Object: 'Object Repository/Page_Course Phn tch v qun l yu cu phn mm/span_Add an activity or resource' is clicked on

2022-01-11 21:54:49 - [MESSAGE][PASSED] - Object: 'Object Repository/Page_Course Phn tch v qun l yu cu phn mm/span_Add an activity or resource' is clicked on

2022-01-11 21:54:49 - [TEST_STEP][PASSED] - click(findTestObject("Object Repository/Page_Course Phn tch v qun l yu cu phn mm/img_Information about the Feedback activity_193521")): Object: 'Object Repository/Page_Course Phn tch v qun l yu cu phn mm/img_Information about the Feedback activity_193521' is clicked on

2022-01-11 21:54:51 - [MESSAGE][PASSED] - Object: 'Object Repository/Page_Course Phn tch v qun l yu cu phn mm/img_Information about the Feedback activity_193521' is clicked on

2022-01-11 21:54:51 - [TEST_STEP][PASSED] - setText(findTestObject("Object Repository/Page_Editing File/input_Name_name"), "Document #1"): Text 'Document #1' is set on object 'Object Repository/Page_Editing File/input_Name_name'

2022-01-11 21:54:52 - [MESSAGE][PASSED] - Text 'Document #1' is set on object 'Object Repository/Page_Editing File/input_Name_name'

2022-01-11 21:54:52 - [TEST_STEP][PASSED] - click(findTestObject("Object Repository/Page_Editing File/a_- drag and drop not supported_yui_3_17_2__e13c54")): Object: 'Object Repository/Page_Editing File/a_- drag and drop not supported_yui_3_17_2__e13c54' is clicked on

2022-01-11 21:54:53 - [MESSAGE][PASSED] - Object: 'Object Repository/Page_Editing File/a_- drag and drop not supported_yui_3_17_2__e13c54' is clicked on

2022-01-11 21:54:53 - [TEST_STEP][PASSED] - click(findTestObject("Object Repository/Page_Editing File/a_csv")): Object: 'Object Repository/Page_Editing File/a_csv' is clicked on

2022-01-11 21:54:54 - [MESSAGE][PASSED] - Object: 'Object Repository/Page_Editing File/a_csv' is clicked on

2022-01-11 21:54:54 - [TEST_STEP][PASSED] - click(findTestObject("Object Repository/Page_Editing File/div_Search repository_yui_3_17_2_1_16416105_4c72fb")): Object: 'Object Repository/Page_Editing File/div_Search repository_yui_3_17_2_1_16416105_4c72fb' is clicked on

2022-01-11 21:54:54 - [MESSAGE][PASSED] - Object: 'Object Repository/Page_Editing File/div_Search repository_yui_3_17_2_1_16416105_4c72fb' is clicked on

2022-01-11 21:54:54 - [TEST_STEP][PASSED] - click(findTestObject("Object Repository/Page_Editing File/button_Select this file")): Object: 'Object Repository/Page_Editing File/button_Select this file' is clicked on

2022-01-11 21:54:55 - [MESSAGE][PASSED] - Object: 'Object Repository/Page_Editing File/button_Select this file' is clicked on

2022-01-11 21:54:55 - [TEST_STEP][PASSED] - click(findTestObject("Object Repository/Page_Editing File/input_Upon activity completion_submitbutton2")): Object: 'Object Repository/Page_Editing File/input_Upon activity completion_submitbutton2' is clicked on

2022-01-11 21:54:56 - [MESSAGE][PASSED] - Object: 'Object Repository/Page_Editing File/input_Upon activity completion_submitbutton2' is clicked on

2022-01-11 21:54:56 - [TEST_STEP][PASSED] - click(findTestObject("Object Repository/Page_Course Phn tch v qun l yu cu phn mm/div_Topic outline                          _a66451")): Object: 'Object Repository/Page_Course Phn tch v qun l yu cu phn mm/div_Topic outline                          _a66451' is clicked on

2022-01-11 21:54:57 - [MESSAGE][PASSED] - Object: 'Object Repository/Page_Course Phn tch v qun l yu cu phn mm/div_Topic outline                          _a66451' is clicked on

2022-01-11 21:54:57 - [TEST_STEP][PASSED] - click(findTestObject("Object Repository/Page_Course Phn tch v qun l yu cu phn mm/span_Document 1 File")): Object: 'Object Repository/Page_Course Phn tch v qun l yu cu phn mm/span_Document 1 File' is clicked on

2022-01-11 21:54:58 - [MESSAGE][PASSED] - Object: 'Object Repository/Page_Course Phn tch v qun l yu cu phn mm/span_Document 1 File' is clicked on]]></system-out>
         <system-err><![CDATA[]]></system-err>
      </testcase>
      <testcase name="Test Cases/Login as user (student)" time="8.058" classname="Test Cases/Login as user (student)" status="PASSED">
         <system-out><![CDATA[2022-01-11 21:54:58 - [TEST_CASE][PASSED] - Test Cases/Login as user (student): Test Cases/Login as user (student)

2022-01-11 21:54:58 - [TEST_STEP][PASSED] - openBrowser(""): Browser is opened with url: ''

2022-01-11 21:54:58 - [MESSAGE][WARNING] - A browser is already opened. Closing browser and opening a new one

2022-01-11 21:54:59 - [MESSAGE][INFO] - Starting 'Edge Chromium' driver

2022-01-11 21:55:01 - [MESSAGE][INFO] - Action delay is set to 0 milliseconds

2022-01-11 21:55:02 - [MESSAGE][PASSED] - Browser is opened with url: ''

2022-01-11 21:55:02 - [TEST_STEP][PASSED] - navigateToUrl("http://localhost/"): Navigate to 'http://localhost/' successfully

2022-01-11 21:55:03 - [MESSAGE][PASSED] - Navigate to 'http://localhost/' successfully

2022-01-11 21:55:03 - [TEST_STEP][PASSED] - click(findTestObject("Object Repository/Page_My Moodle/a_Log in")): Object: 'Object Repository/Page_My Moodle/a_Log in' is clicked on

2022-01-11 21:55:04 - [MESSAGE][PASSED] - Object: 'Object Repository/Page_My Moodle/a_Log in' is clicked on

2022-01-11 21:55:04 - [TEST_STEP][PASSED] - setText(findTestObject("Object Repository/Page_My Moodle Log in to the site/input_Username_username"), "student"): Text 'student' is set on object 'Object Repository/Page_My Moodle Log in to the site/input_Username_username'

2022-01-11 21:55:04 - [MESSAGE][PASSED] - Text 'student' is set on object 'Object Repository/Page_My Moodle Log in to the site/input_Username_username'

2022-01-11 21:55:04 - [TEST_STEP][PASSED] - setEncryptedText(findTestObject("Object Repository/Page_My Moodle Log in to the site/input_Password_password"), "3t5OwH/+bwwlEvOXGw7/rg=="): Text ****** has been set on object 'Object Repository/Page_My Moodle Log in to the site/input_Password_password'

2022-01-11 21:55:05 - [MESSAGE][PASSED] - Text ****** has been set on object 'Object Repository/Page_My Moodle Log in to the site/input_Password_password'

2022-01-11 21:55:05 - [TEST_STEP][PASSED] - click(findTestObject("Object Repository/Page_My Moodle Log in to the site/button_Log in")): Object: 'Object Repository/Page_My Moodle Log in to the site/button_Log in' is clicked on

2022-01-11 21:55:06 - [MESSAGE][PASSED] - Object: 'Object Repository/Page_My Moodle Log in to the site/button_Log in' is clicked on]]></system-out>
         <system-err><![CDATA[]]></system-err>
      </testcase>
      <system-out><![CDATA[2022-01-11 21:37:52 - [TEST_SUITE][FAILED] - Run all test cases: Test Cases/Teacher create new dicussion forum FAILED.
Reason:
com.kms.katalon.core.exception.StepFailedException: Unable to click on object 'Object Repository/Page_New Forum/a_Add a new discussion topic'
	at com.kms.katalon.core.webui.keyword.internal.WebUIKeywordMain.stepFailed(WebUIKeywordMain.groovy:64)
	at com.kms.katalon.core.webui.keyword.internal.WebUIKeywordMain.runKeyword(WebUIKeywordMain.groovy:26)
	at com.kms.katalon.core.webui.keyword.builtin.ClickKeyword.click(ClickKeyword.groovy:74)
	at com.kms.katalon.core.webui.keyword.builtin.ClickKeyword.execute(ClickKeyword.groovy:40)
	at com.kms.katalon.core.keyword.internal.KeywordExecutor.executeKeywordForPlatform(KeywordExecutor.groovy:74)
	at com.kms.katalon.core.webui.keyword.WebUiBuiltInKeywords.click(WebUiBuiltInKeywords.groovy:620)
	at com.kms.katalon.core.webui.keyword.WebUiBuiltInKeywords$click$1.call(Unknown Source)
	at Teacher create new dicussion forum.run(Teacher create new dicussion forum:34)
	at com.kms.katalon.core.main.ScriptEngine.run(ScriptEngine.java:194)
	at com.kms.katalon.core.main.ScriptEngine.runScriptAsRawText(ScriptEngine.java:119)
	at com.kms.katalon.core.main.TestCaseExecutor.runScript(TestCaseExecutor.java:442)
	at com.kms.katalon.core.main.TestCaseExecutor.doExecute(TestCaseExecutor.java:433)
	at com.kms.katalon.core.main.TestCaseExecutor.processExecutionPhase(TestCaseExecutor.java:412)
	at com.kms.katalon.core.main.TestCaseExecutor.accessMainPhase(TestCaseExecutor.java:404)
	at com.kms.katalon.core.main.TestCaseExecutor.execute(TestCaseExecutor.java:281)
	at com.kms.katalon.core.main.TestSuiteExecutor.accessTestCaseMainPhase(TestSuiteExecutor.java:202)
	at com.kms.katalon.core.main.TestSuiteExecutor.accessTestSuiteMainPhase(TestSuiteExecutor.java:164)
	at com.kms.katalon.core.main.TestSuiteExecutor.execute(TestSuiteExecutor.java:105)
	at com.kms.katalon.core.main.TestCaseMain.startTestSuite(TestCaseMain.java:181)
	at com.kms.katalon.core.main.TestCaseMain$startTestSuite$0.call(Unknown Source)
	at TempTestSuite1641911862929.run(TempTestSuite1641911862929.groovy:36)
Caused by: org.openqa.selenium.ElementClickInterceptedException: element click intercepted: Element <a class="aalink" onclick="" href="http://localhost/mod/assign/view.php?id=5">...</a> is not clickable at point (437, 13). Other element would receive the click: <nav class="fixed-top navbar navbar-light bg-white navbar-expand moodle-has-zindex" aria-label="Site navigation">...</nav>
  (Session info: MicrosoftEdge=97.0.1072.55)
Build info: version: '3.141.59', revision: 'e82be7d358', time: '2018-11-14T08:25:53'
System info: host: 'DESKTOP-8IHK86T', ip: '192.168.1.173', os.name: 'Windows 10', os.arch: 'amd64', os.version: '10.0', java.version: '1.8.0_282'
Driver info: com.kms.katalon.selenium.driver.CEdgeDriver
Capabilities {acceptInsecureCerts: false, browserName: msedge, browserVersion: 97.0.1072.55, javascriptEnabled: true, ms:edgeOptions: {debuggerAddress: localhost:57037}, msedge: {msedgedriverVersion: 97.0.1072.55 (ce3bf33648805..., userDataDir: C:\Users\THANHD~1\AppData\L...}, networkConnectionEnabled: false, pageLoadStrategy: normal, platform: WINDOWS, platformName: WINDOWS, proxy: Proxy(), setWindowRect: true, strictFileInteractability: false, timeouts: {implicit: 0, pageLoad: 300000, script: 30000}, unhandledPromptBehavior: dismiss and notify, webauthn:extension:credBlob: true, webauthn:extension:largeBlob: true, webauthn:virtualAuthenticators: true}
Session ID: d55100f0e841a3aafa98491a3381d6b2
	at org.openqa.selenium.remote.http.W3CHttpResponseCodec.createException(W3CHttpResponseCodec.java:187)
	at org.openqa.selenium.remote.http.W3CHttpResponseCodec.decode(W3CHttpResponseCodec.java:122)
	at org.openqa.selenium.remote.http.W3CHttpResponseCodec.decode(W3CHttpResponseCodec.java:49)
	at org.openqa.selenium.remote.HttpCommandExecutor.execute(HttpCommandExecutor.java:158)
	at org.openqa.selenium.remote.service.DriverCommandExecutor.execute(DriverCommandExecutor.java:83)
	at org.openqa.selenium.remote.RemoteWebDriver.execute(RemoteWebDriver.java:552)
	at com.kms.katalon.selenium.driver.CEdgeDriver.execute(CEdgeDriver.java:20)
	at org.openqa.selenium.remote.RemoteWebElement.execute(RemoteWebElement.java:285)
	at org.openqa.selenium.remote.RemoteWebElement.click(RemoteWebElement.java:84)
	at org.openqa.selenium.support.events.EventFiringWebDriver$EventFiringWebElement.lambda$new$0(EventFiringWebDriver.java:404)
	at com.sun.proxy.$Proxy11.click(Unknown Source)
	at org.openqa.selenium.support.events.EventFiringWebDriver$EventFiringWebElement.click(EventFiringWebDriver.java:417)
	at org.openqa.selenium.WebElement$click.call(Unknown Source)
	at com.kms.katalon.core.webui.keyword.builtin.ClickKeyword.clickUntilSuccessWithTimeout(ClickKeyword.groovy:81)
	at com.kms.katalon.core.webui.keyword.builtin.ClickKeyword.clickUntilSuccessWithTimeout(ClickKeyword.groovy)
	at com.kms.katalon.core.webui.keyword.builtin.ClickKeyword$_click_closure1.doCall(ClickKeyword.groovy:67)
	at com.kms.katalon.core.webui.keyword.builtin.ClickKeyword$_click_closure1.call(ClickKeyword.groovy)
	at com.kms.katalon.core.webui.keyword.internal.WebUIKeywordMain.runKeyword(WebUIKeywordMain.groovy:20)
	... 19 more]]></system-out>
      <system-err><![CDATA[2022-01-11 21:37:52 - [TEST_SUITE][FAILED] - Run all test cases: Test Cases/Teacher create new dicussion forum FAILED.
Reason:
com.kms.katalon.core.exception.StepFailedException: Unable to click on object 'Object Repository/Page_New Forum/a_Add a new discussion topic'
	at com.kms.katalon.core.webui.keyword.internal.WebUIKeywordMain.stepFailed(WebUIKeywordMain.groovy:64)
	at com.kms.katalon.core.webui.keyword.internal.WebUIKeywordMain.runKeyword(WebUIKeywordMain.groovy:26)
	at com.kms.katalon.core.webui.keyword.builtin.ClickKeyword.click(ClickKeyword.groovy:74)
	at com.kms.katalon.core.webui.keyword.builtin.ClickKeyword.execute(ClickKeyword.groovy:40)
	at com.kms.katalon.core.keyword.internal.KeywordExecutor.executeKeywordForPlatform(KeywordExecutor.groovy:74)
	at com.kms.katalon.core.webui.keyword.WebUiBuiltInKeywords.click(WebUiBuiltInKeywords.groovy:620)
	at com.kms.katalon.core.webui.keyword.WebUiBuiltInKeywords$click$1.call(Unknown Source)
	at Teacher create new dicussion forum.run(Teacher create new dicussion forum:34)
	at com.kms.katalon.core.main.ScriptEngine.run(ScriptEngine.java:194)
	at com.kms.katalon.core.main.ScriptEngine.runScriptAsRawText(ScriptEngine.java:119)
	at com.kms.katalon.core.main.TestCaseExecutor.runScript(TestCaseExecutor.java:442)
	at com.kms.katalon.core.main.TestCaseExecutor.doExecute(TestCaseExecutor.java:433)
	at com.kms.katalon.core.main.TestCaseExecutor.processExecutionPhase(TestCaseExecutor.java:412)
	at com.kms.katalon.core.main.TestCaseExecutor.accessMainPhase(TestCaseExecutor.java:404)
	at com.kms.katalon.core.main.TestCaseExecutor.execute(TestCaseExecutor.java:281)
	at com.kms.katalon.core.main.TestSuiteExecutor.accessTestCaseMainPhase(TestSuiteExecutor.java:202)
	at com.kms.katalon.core.main.TestSuiteExecutor.accessTestSuiteMainPhase(TestSuiteExecutor.java:164)
	at com.kms.katalon.core.main.TestSuiteExecutor.execute(TestSuiteExecutor.java:105)
	at com.kms.katalon.core.main.TestCaseMain.startTestSuite(TestCaseMain.java:181)
	at com.kms.katalon.core.main.TestCaseMain$startTestSuite$0.call(Unknown Source)
	at TempTestSuite1641911862929.run(TempTestSuite1641911862929.groovy:36)
Caused by: org.openqa.selenium.ElementClickInterceptedException: element click intercepted: Element <a class="aalink" onclick="" href="http://localhost/mod/assign/view.php?id=5">...</a> is not clickable at point (437, 13). Other element would receive the click: <nav class="fixed-top navbar navbar-light bg-white navbar-expand moodle-has-zindex" aria-label="Site navigation">...</nav>
  (Session info: MicrosoftEdge=97.0.1072.55)
Build info: version: '3.141.59', revision: 'e82be7d358', time: '2018-11-14T08:25:53'
System info: host: 'DESKTOP-8IHK86T', ip: '192.168.1.173', os.name: 'Windows 10', os.arch: 'amd64', os.version: '10.0', java.version: '1.8.0_282'
Driver info: com.kms.katalon.selenium.driver.CEdgeDriver
Capabilities {acceptInsecureCerts: false, browserName: msedge, browserVersion: 97.0.1072.55, javascriptEnabled: true, ms:edgeOptions: {debuggerAddress: localhost:57037}, msedge: {msedgedriverVersion: 97.0.1072.55 (ce3bf33648805..., userDataDir: C:\Users\THANHD~1\AppData\L...}, networkConnectionEnabled: false, pageLoadStrategy: normal, platform: WINDOWS, platformName: WINDOWS, proxy: Proxy(), setWindowRect: true, strictFileInteractability: false, timeouts: {implicit: 0, pageLoad: 300000, script: 30000}, unhandledPromptBehavior: dismiss and notify, webauthn:extension:credBlob: true, webauthn:extension:largeBlob: true, webauthn:virtualAuthenticators: true}
Session ID: d55100f0e841a3aafa98491a3381d6b2
	at org.openqa.selenium.remote.http.W3CHttpResponseCodec.createException(W3CHttpResponseCodec.java:187)
	at org.openqa.selenium.remote.http.W3CHttpResponseCodec.decode(W3CHttpResponseCodec.java:122)
	at org.openqa.selenium.remote.http.W3CHttpResponseCodec.decode(W3CHttpResponseCodec.java:49)
	at org.openqa.selenium.remote.HttpCommandExecutor.execute(HttpCommandExecutor.java:158)
	at org.openqa.selenium.remote.service.DriverCommandExecutor.execute(DriverCommandExecutor.java:83)
	at org.openqa.selenium.remote.RemoteWebDriver.execute(RemoteWebDriver.java:552)
	at com.kms.katalon.selenium.driver.CEdgeDriver.execute(CEdgeDriver.java:20)
	at org.openqa.selenium.remote.RemoteWebElement.execute(RemoteWebElement.java:285)
	at org.openqa.selenium.remote.RemoteWebElement.click(RemoteWebElement.java:84)
	at org.openqa.selenium.support.events.EventFiringWebDriver$EventFiringWebElement.lambda$new$0(EventFiringWebDriver.java:404)
	at com.sun.proxy.$Proxy11.click(Unknown Source)
	at org.openqa.selenium.support.events.EventFiringWebDriver$EventFiringWebElement.click(EventFiringWebDriver.java:417)
	at org.openqa.selenium.WebElement$click.call(Unknown Source)
	at com.kms.katalon.core.webui.keyword.builtin.ClickKeyword.clickUntilSuccessWithTimeout(ClickKeyword.groovy:81)
	at com.kms.katalon.core.webui.keyword.builtin.ClickKeyword.clickUntilSuccessWithTimeout(ClickKeyword.groovy)
	at com.kms.katalon.core.webui.keyword.builtin.ClickKeyword$_click_closure1.doCall(ClickKeyword.groovy:67)
	at com.kms.katalon.core.webui.keyword.builtin.ClickKeyword$_click_closure1.call(ClickKeyword.groovy)
	at com.kms.katalon.core.webui.keyword.internal.WebUIKeywordMain.runKeyword(WebUIKeywordMain.groovy:20)
	... 19 more]]></system-err>
   </testsuite>
</testsuites>
