<?xml version="1.0" encoding="UTF-8"?>
<testsuites name="Run all test cases" time="1189.638" tests="50" failures="5" errors="0">
   <testsuite name="Run all test cases" tests="50" failures="5" errors="0" time="1189.638" skipped="0" timestamp="2022-01-12 21:57:18" hostname="Thanh Dang - DESKTOP-8IHK86T" id="Test Suites/Run all test cases">
      <properties>
         <property name="deviceName" value=""/>
         <property name="devicePlatform" value=""/>
         <property name="logFolder" value="D:\\Test-Automation---SE-Bonus\\Reports\\20220112_215708\\Run all test cases\\20220112_215708"/>
         <property name="logFiles" value="D:\\Test-Automation---SE-Bonus\\Reports\\20220112_215708\\Run all test cases\\20220112_215708\\execution0.log"/>
         <property name="attachments" value="D:\\Test-Automation---SE-Bonus\\Reports\\20220112_215708\\Run all test cases\\20220112_215708\\1641999526912.png, D:\\Test-Automation---SE-Bonus\\Reports\\20220112_215708\\Run all test cases\\20220112_215708\\1642000092692.png, D:\\Test-Automation---SE-Bonus\\Reports\\20220112_215708\\Run all test cases\\20220112_215708\\1642000363442.png, D:\\Test-Automation---SE-Bonus\\Reports\\20220112_215708\\Run all test cases\\20220112_215708\\1642000410172.png, D:\\Test-Automation---SE-Bonus\\Reports\\20220112_215708\\Run all test cases\\20220112_215708\\1642000454568.png, D:\\Test-Automation---SE-Bonus\\Reports\\20220112_215708\\Run all test cases\\20220112_215708\\1642000485868.png, D:\\Test-Automation---SE-Bonus\\Reports\\20220112_215708\\Run all test cases\\20220112_215708\\1642000607855.png"/>
         <property name="hostName" value="Thanh Dang - DESKTOP-8IHK86T"/>
         <property name="os" value="Windows 10 64bit"/>
         <property name="katalonVersion" value="8.2.0.208"/>
         <property name="browser" value="Edge Chromium 97"/>
         <property name="hostAddress" value="192.168.1.173"/>
         <property name="sessionId" value="e44c9928f932ab7b19a70ec77f3e81bc"/>
         <property name="seleniumVersion" value="3.141.59"/>
         <property name="proxyInformation" value="ProxyInformation { proxyOption=NO_PROXY, proxyServerType=HTTP, username=, password=********, proxyServerAddress=, proxyServerPort=0, executionList=&quot;&quot;, isApplyToDesiredCapabilities=true }"/>
         <property name="platform" value="Windows 10"/>
      </properties>
      <testcase name="Test Cases/Login as admin" time="8.653" classname="Test Cases/Login as admin" status="PASSED">
         <system-out><![CDATA[2022-01-12 21:57:18 - [TEST_CASE][PASSED] - Test Cases/Login as admin: Test Cases/Login as admin

2022-01-12 21:57:18 - [TEST_STEP][PASSED] - openBrowser(""): Browser is opened with url: ''

2022-01-12 21:57:18 - [MESSAGE][INFO] - Starting 'Edge Chromium' driver

2022-01-12 21:57:21 - [MESSAGE][INFO] - Action delay is set to 0 milliseconds

2022-01-12 21:57:23 - [MESSAGE][PASSED] - Browser is opened with url: ''

2022-01-12 21:57:23 - [TEST_STEP][PASSED] - navigateToUrl("http://localhost/"): Navigate to 'http://localhost/' successfully

2022-01-12 21:57:23 - [MESSAGE][PASSED] - Navigate to 'http://localhost/' successfully

2022-01-12 21:57:23 - [TEST_STEP][PASSED] - click(findTestObject("Object Repository/Page_My Moodle/a_Log in")): Object: 'Object Repository/Page_My Moodle/a_Log in' is clicked on

2022-01-12 21:57:24 - [MESSAGE][PASSED] - Object: 'Object Repository/Page_My Moodle/a_Log in' is clicked on

2022-01-12 21:57:24 - [TEST_STEP][PASSED] - setText(findTestObject("Object Repository/Page_My Moodle Log in to the site/input_Username_username"), "admin"): Text 'admin' is set on object 'Object Repository/Page_My Moodle Log in to the site/input_Username_username'

2022-01-12 21:57:25 - [MESSAGE][PASSED] - Text 'admin' is set on object 'Object Repository/Page_My Moodle Log in to the site/input_Username_username'

2022-01-12 21:57:25 - [TEST_STEP][PASSED] - setEncryptedText(findTestObject("Object Repository/Page_My Moodle Log in to the site/input_Password_password"), "7Dxoto1EjKfQbGop/Ov+1g=="): Text ****** has been set on object 'Object Repository/Page_My Moodle Log in to the site/input_Password_password'

2022-01-12 21:57:25 - [MESSAGE][PASSED] - Text ****** has been set on object 'Object Repository/Page_My Moodle Log in to the site/input_Password_password'

2022-01-12 21:57:25 - [TEST_STEP][PASSED] - click(findTestObject("Object Repository/Page_My Moodle Log in to the site/button_Log in")): Object: 'Object Repository/Page_My Moodle Log in to the site/button_Log in' is clicked on

2022-01-12 21:57:26 - [MESSAGE][PASSED] - Object: 'Object Repository/Page_My Moodle Log in to the site/button_Log in' is clicked on]]></system-out>
         <system-err><![CDATA[]]></system-err>
      </testcase>
      <testcase name="Test Cases/Admin config file system (create repositories)" time="19.294" classname="Test Cases/Admin config file system (create repositories)" status="PASSED">
         <system-out><![CDATA[2022-01-12 21:57:26 - [TEST_CASE][PASSED] - Test Cases/Admin config file system (create repositories): Test Cases/Admin config file system (create repositories)

2022-01-12 21:57:27 - [TEST_STEP][PASSED] - callTestCase(findTestCase("Login as admin"), [:], STOP_ON_FAILURE): Call Test Case 'Test Cases/Login as admin' successfully

2022-01-12 21:57:27 - [TEST_CASE][PASSED] - Test Cases/Login as admin: Test Cases/Login as admin

2022-01-12 21:57:27 - [TEST_STEP][PASSED] - openBrowser(""): Browser is opened with url: ''

2022-01-12 21:57:27 - [MESSAGE][WARNING] - A browser is already opened. Closing browser and opening a new one

2022-01-12 21:57:28 - [MESSAGE][INFO] - Starting 'Edge Chromium' driver

2022-01-12 21:57:30 - [MESSAGE][INFO] - Action delay is set to 0 milliseconds

2022-01-12 21:57:31 - [MESSAGE][PASSED] - Browser is opened with url: ''

2022-01-12 21:57:31 - [TEST_STEP][PASSED] - navigateToUrl("http://localhost/"): Navigate to 'http://localhost/' successfully

2022-01-12 21:57:32 - [MESSAGE][PASSED] - Navigate to 'http://localhost/' successfully

2022-01-12 21:57:32 - [TEST_STEP][PASSED] - click(findTestObject("Object Repository/Page_My Moodle/a_Log in")): Object: 'Object Repository/Page_My Moodle/a_Log in' is clicked on

2022-01-12 21:57:32 - [MESSAGE][PASSED] - Object: 'Object Repository/Page_My Moodle/a_Log in' is clicked on

2022-01-12 21:57:32 - [TEST_STEP][PASSED] - setText(findTestObject("Object Repository/Page_My Moodle Log in to the site/input_Username_username"), "admin"): Text 'admin' is set on object 'Object Repository/Page_My Moodle Log in to the site/input_Username_username'

2022-01-12 21:57:33 - [MESSAGE][PASSED] - Text 'admin' is set on object 'Object Repository/Page_My Moodle Log in to the site/input_Username_username'

2022-01-12 21:57:33 - [TEST_STEP][PASSED] - setEncryptedText(findTestObject("Object Repository/Page_My Moodle Log in to the site/input_Password_password"), "7Dxoto1EjKfQbGop/Ov+1g=="): Text ****** has been set on object 'Object Repository/Page_My Moodle Log in to the site/input_Password_password'

2022-01-12 21:57:34 - [MESSAGE][PASSED] - Text ****** has been set on object 'Object Repository/Page_My Moodle Log in to the site/input_Password_password'

2022-01-12 21:57:34 - [TEST_STEP][PASSED] - click(findTestObject("Object Repository/Page_My Moodle Log in to the site/button_Log in")): Object: 'Object Repository/Page_My Moodle Log in to the site/button_Log in' is clicked on

2022-01-12 21:57:35 - [MESSAGE][PASSED] - Object: 'Object Repository/Page_My Moodle Log in to the site/button_Log in' is clicked on

2022-01-12 21:57:35 - [MESSAGE][PASSED] - Call Test Case 'Test Cases/Login as admin' successfully

2022-01-12 21:57:35 - [TEST_STEP][PASSED] - click(findTestObject("Object Repository/Page_Dashboard/span_Site administration")): Object: 'Object Repository/Page_Dashboard/span_Site administration' is clicked on

2022-01-12 21:57:39 - [MESSAGE][PASSED] - Object: 'Object Repository/Page_Dashboard/span_Site administration' is clicked on

2022-01-12 21:57:39 - [TEST_STEP][PASSED] - navigateToUrl("http://localhost/admin/search.php"): Navigate to 'http://localhost/admin/search.php' successfully

2022-01-12 21:57:40 - [MESSAGE][PASSED] - Navigate to 'http://localhost/admin/search.php' successfully

2022-01-12 21:57:40 - [TEST_STEP][PASSED] - click(findTestObject("Object Repository/Page_Moodle Administration Search/a_Plugins")): Object: 'Object Repository/Page_Moodle Administration Search/a_Plugins' is clicked on

2022-01-12 21:57:40 - [MESSAGE][PASSED] - Object: 'Object Repository/Page_Moodle Administration Search/a_Plugins' is clicked on

2022-01-12 21:57:40 - [TEST_STEP][PASSED] - click(findTestObject("Object Repository/Page_Moodle Administration Search/a_Manage repositories")): Object: 'Object Repository/Page_Moodle Administration Search/a_Manage repositories' is clicked on

2022-01-12 21:57:42 - [MESSAGE][PASSED] - Object: 'Object Repository/Page_Moodle Administration Search/a_Manage repositories' is clicked on

2022-01-12 21:57:42 - [TEST_STEP][PASSED] - click(findTestObject("Object Repository/Page_Moodle Administration Plugins Reposito_4b46d1/a_Settings")): Object: 'Object Repository/Page_Moodle Administration Plugins Reposito_4b46d1/a_Settings' is clicked on

2022-01-12 21:57:43 - [MESSAGE][PASSED] - Object: 'Object Repository/Page_Moodle Administration Plugins Reposito_4b46d1/a_Settings' is clicked on

2022-01-12 21:57:43 - [TEST_STEP][PASSED] - click(findTestObject("Object Repository/Page_Moodle Administration Plugins Reposito_90c615/button_Create a repository instance")): Object: 'Object Repository/Page_Moodle Administration Plugins Reposito_90c615/button_Create a repository instance' is clicked on

2022-01-12 21:57:44 - [MESSAGE][PASSED] - Object: 'Object Repository/Page_Moodle Administration Plugins Reposito_90c615/button_Create a repository instance' is clicked on

2022-01-12 21:57:44 - [TEST_STEP][PASSED] - setText(findTestObject("Object Repository/Page_Moodle Administration Plugins Reposito_b84f2c/input_Name_name"), "csv"): Text 'csv' is set on object 'Object Repository/Page_Moodle Administration Plugins Reposito_b84f2c/input_Name_name'

2022-01-12 21:57:44 - [MESSAGE][PASSED] - Text 'csv' is set on object 'Object Repository/Page_Moodle Administration Plugins Reposito_b84f2c/input_Name_name'

2022-01-12 21:57:44 - [TEST_STEP][PASSED] - click(findTestObject("Object Repository/Page_Moodle Administration Plugins Reposito_b84f2c/input_Allow relative files_relativefiles")): Object: 'Object Repository/Page_Moodle Administration Plugins Reposito_b84f2c/input_Allow relative files_relativefiles' is clicked on

2022-01-12 21:57:45 - [MESSAGE][PASSED] - Object: 'Object Repository/Page_Moodle Administration Plugins Reposito_b84f2c/input_Allow relative files_relativefiles' is clicked on

2022-01-12 21:57:45 - [TEST_STEP][PASSED] - click(findTestObject("Object Repository/Page_Moodle Administration Plugins Reposito_b84f2c/input_This allows all files in the reposito_ba0d3d")): Object: 'Object Repository/Page_Moodle Administration Plugins Reposito_b84f2c/input_This allows all files in the reposito_ba0d3d' is clicked on

2022-01-12 21:57:46 - [MESSAGE][PASSED] - Object: 'Object Repository/Page_Moodle Administration Plugins Reposito_b84f2c/input_This allows all files in the reposito_ba0d3d' is clicked on]]></system-out>
         <system-err><![CDATA[]]></system-err>
      </testcase>
      <testcase name="Test Cases/Admin config outgoing email" time="18.843" classname="Test Cases/Admin config outgoing email" status="PASSED">
         <system-out><![CDATA[2022-01-12 21:57:46 - [TEST_CASE][PASSED] - Test Cases/Admin config outgoing email: Test Cases/Admin config outgoing email

2022-01-12 21:57:46 - [TEST_STEP][PASSED] - callTestCase(findTestCase("Login as admin"), [:], STOP_ON_FAILURE): Call Test Case 'Test Cases/Login as admin' successfully

2022-01-12 21:57:46 - [TEST_CASE][PASSED] - Test Cases/Login as admin: Test Cases/Login as admin

2022-01-12 21:57:46 - [TEST_STEP][PASSED] - openBrowser(""): Browser is opened with url: ''

2022-01-12 21:57:46 - [MESSAGE][WARNING] - A browser is already opened. Closing browser and opening a new one

2022-01-12 21:57:47 - [MESSAGE][INFO] - Starting 'Edge Chromium' driver

2022-01-12 21:57:49 - [MESSAGE][INFO] - Action delay is set to 0 milliseconds

2022-01-12 21:57:50 - [MESSAGE][PASSED] - Browser is opened with url: ''

2022-01-12 21:57:50 - [TEST_STEP][PASSED] - navigateToUrl("http://localhost/"): Navigate to 'http://localhost/' successfully

2022-01-12 21:57:51 - [MESSAGE][PASSED] - Navigate to 'http://localhost/' successfully

2022-01-12 21:57:51 - [TEST_STEP][PASSED] - click(findTestObject("Object Repository/Page_My Moodle/a_Log in")): Object: 'Object Repository/Page_My Moodle/a_Log in' is clicked on

2022-01-12 21:57:52 - [MESSAGE][PASSED] - Object: 'Object Repository/Page_My Moodle/a_Log in' is clicked on

2022-01-12 21:57:52 - [TEST_STEP][PASSED] - setText(findTestObject("Object Repository/Page_My Moodle Log in to the site/input_Username_username"), "admin"): Text 'admin' is set on object 'Object Repository/Page_My Moodle Log in to the site/input_Username_username'

2022-01-12 21:57:52 - [MESSAGE][PASSED] - Text 'admin' is set on object 'Object Repository/Page_My Moodle Log in to the site/input_Username_username'

2022-01-12 21:57:52 - [TEST_STEP][PASSED] - setEncryptedText(findTestObject("Object Repository/Page_My Moodle Log in to the site/input_Password_password"), "7Dxoto1EjKfQbGop/Ov+1g=="): Text ****** has been set on object 'Object Repository/Page_My Moodle Log in to the site/input_Password_password'

2022-01-12 21:57:53 - [MESSAGE][PASSED] - Text ****** has been set on object 'Object Repository/Page_My Moodle Log in to the site/input_Password_password'

2022-01-12 21:57:53 - [TEST_STEP][PASSED] - click(findTestObject("Object Repository/Page_My Moodle Log in to the site/button_Log in")): Object: 'Object Repository/Page_My Moodle Log in to the site/button_Log in' is clicked on

2022-01-12 21:57:54 - [MESSAGE][PASSED] - Object: 'Object Repository/Page_My Moodle Log in to the site/button_Log in' is clicked on

2022-01-12 21:57:54 - [MESSAGE][PASSED] - Call Test Case 'Test Cases/Login as admin' successfully

2022-01-12 21:57:54 - [TEST_STEP][PASSED] - click(findTestObject("Object Repository/Page_Dashboard/span_Site administration")): Object: 'Object Repository/Page_Dashboard/span_Site administration' is clicked on

2022-01-12 21:57:55 - [MESSAGE][PASSED] - Object: 'Object Repository/Page_Dashboard/span_Site administration' is clicked on

2022-01-12 21:57:55 - [TEST_STEP][PASSED] - navigateToUrl("http://localhost/admin/search.php"): Navigate to 'http://localhost/admin/search.php' successfully

2022-01-12 21:57:56 - [MESSAGE][PASSED] - Navigate to 'http://localhost/admin/search.php' successfully

2022-01-12 21:57:56 - [TEST_STEP][PASSED] - click(findTestObject("Object Repository/Page_Moodle Administration Search/a_Server")): Object: 'Object Repository/Page_Moodle Administration Search/a_Server' is clicked on

2022-01-12 21:57:56 - [MESSAGE][PASSED] - Object: 'Object Repository/Page_Moodle Administration Search/a_Server' is clicked on

2022-01-12 21:57:56 - [TEST_STEP][PASSED] - click(findTestObject("Object Repository/Page_Moodle Administration Search/a_Outgoing mail configuration")): Object: 'Object Repository/Page_Moodle Administration Search/a_Outgoing mail configuration' is clicked on

2022-01-12 21:57:57 - [MESSAGE][PASSED] - Object: 'Object Repository/Page_Moodle Administration Search/a_Outgoing mail configuration' is clicked on

2022-01-12 21:57:57 - [TEST_STEP][PASSED] - setText(findTestObject("Object Repository/Page_Moodle Administration Server Email Out_d1e642/input_smtphosts_s__smtphosts"), "smtp.gmail.com:587"): Text 'smtp.gmail.com:587' is set on object 'Object Repository/Page_Moodle Administration Server Email Out_d1e642/input_smtphosts_s__smtphosts'

2022-01-12 21:57:58 - [MESSAGE][PASSED] - Text 'smtp.gmail.com:587' is set on object 'Object Repository/Page_Moodle Administration Server Email Out_d1e642/input_smtphosts_s__smtphosts'

2022-01-12 21:57:58 - [TEST_STEP][PASSED] - selectOptionByValue(findTestObject("Object Repository/Page_Moodle Administration Server Email Out_d1e642/select_None            SSL            TLS"), "tls", true): All options with value 'tls' are selected in object 'Object Repository/Page_Moodle Administration Server Email Out_d1e642/select_None            SSL            TLS'  using regular expression

2022-01-12 21:58:00 - [MESSAGE][PASSED] - All options with value 'tls' are selected in object 'Object Repository/Page_Moodle Administration Server Email Out_d1e642/select_None            SSL            TLS'  using regular expression

2022-01-12 21:58:00 - [TEST_STEP][PASSED] - setText(findTestObject("Object Repository/Page_Moodle Administration Server Email Out_d1e642/input_smtpuser_s__smtpuser"), "moodle.testing.team@gmail.com"): Text 'moodle.testing.team@gmail.com' is set on object 'Object Repository/Page_Moodle Administration Server Email Out_d1e642/input_smtpuser_s__smtpuser'

2022-01-12 21:58:00 - [MESSAGE][PASSED] - Text 'moodle.testing.team@gmail.com' is set on object 'Object Repository/Page_Moodle Administration Server Email Out_d1e642/input_smtpuser_s__smtpuser'

2022-01-12 21:58:00 - [TEST_STEP][PASSED] - click(findTestObject("Object Repository/Page_Moodle Administration Server Email Out_d1e642/i_Click to enter text_icon fa fa-pencil fa-fw")): Object: 'Object Repository/Page_Moodle Administration Server Email Out_d1e642/i_Click to enter text_icon fa fa-pencil fa-fw' is clicked on

2022-01-12 21:58:01 - [MESSAGE][PASSED] - Object: 'Object Repository/Page_Moodle Administration Server Email Out_d1e642/i_Click to enter text_icon fa fa-pencil fa-fw' is clicked on

2022-01-12 21:58:01 - [TEST_STEP][PASSED] - setEncryptedText(findTestObject("Object Repository/Page_Moodle Administration Server Email Out_d1e642/input_smtppass_s__smtppass"), "vmGLb5mQ4V2AGvF7YR/3BQ=="): Text ****** has been set on object 'Object Repository/Page_Moodle Administration Server Email Out_d1e642/input_smtppass_s__smtppass'

2022-01-12 21:58:01 - [MESSAGE][PASSED] - Text ****** has been set on object 'Object Repository/Page_Moodle Administration Server Email Out_d1e642/input_smtppass_s__smtppass'

2022-01-12 21:58:01 - [TEST_STEP][PASSED] - setText(findTestObject("Object Repository/Page_Moodle Administration Server Email Out_d1e642/input_noreplyaddress_s__noreplyaddress"), "moodle.testing.team@gmail.com"): Text 'moodle.testing.team@gmail.com' is set on object 'Object Repository/Page_Moodle Administration Server Email Out_d1e642/input_noreplyaddress_s__noreplyaddress'

2022-01-12 21:58:03 - [MESSAGE][PASSED] - Text 'moodle.testing.team@gmail.com' is set on object 'Object Repository/Page_Moodle Administration Server Email Out_d1e642/input_noreplyaddress_s__noreplyaddress'

2022-01-12 21:58:03 - [TEST_STEP][PASSED] - click(findTestObject("Object Repository/Page_Moodle Administration Server Email Out_d1e642/button_Save changes")): Object: 'Object Repository/Page_Moodle Administration Server Email Out_d1e642/button_Save changes' is clicked on

2022-01-12 21:58:04 - [MESSAGE][PASSED] - Object: 'Object Repository/Page_Moodle Administration Server Email Out_d1e642/button_Save changes' is clicked on

2022-01-12 21:58:04 - [TEST_STEP][PASSED] - click(findTestObject("Object Repository/Page_Moodle Administration Server Email Out_d1e642/div_Changes saved")): Object: 'Object Repository/Page_Moodle Administration Server Email Out_d1e642/div_Changes saved' is clicked on

2022-01-12 21:58:05 - [MESSAGE][PASSED] - Object: 'Object Repository/Page_Moodle Administration Server Email Out_d1e642/div_Changes saved' is clicked on]]></system-out>
         <system-err><![CDATA[]]></system-err>
      </testcase>
      <testcase name="Test Cases/Admin edit profile (change email)" time="41.909" classname="Test Cases/Admin edit profile (change email)" status="FAILED">
         <failure type="FAILED" message="Test Cases/Admin edit profile (change email) FAILED.
Reason:
com.kms.katalon.core.exception.StepFailedException: Unable to click on object 'Object Repository/Page_Preferences/a_Edit profile'
	at com.kms.katalon.core.webui.keyword.internal.WebUIKeywordMain.stepFailed(WebUIKeywordMain.groovy:64)
	at com.kms.katalon.core.webui.keyword.internal.WebUIKeywordMain.runKeyword(WebUIKeywordMain.groovy:26)
	at com.kms.katalon.core.webui.keyword.builtin.ClickKeyword.click(ClickKeyword.groovy:74)
	at com.kms.katalon.core.webui.keyword.builtin.ClickKeyword.execute(ClickKeyword.groovy:40)
	at com.kms.katalon.core.keyword.internal.KeywordExecutor.executeKeywordForPlatform(KeywordExecutor.groovy:74)
	at com.kms.katalon.core.webui.keyword.WebUiBuiltInKeywords.click(WebUiBuiltInKeywords.groovy:620)
	at com.kms.katalon.core.webui.keyword.WebUiBuiltInKeywords$click$1.call(Unknown Source)
	at Admin edit profile (change email).run(Admin edit profile (change email):28)
	at com.kms.katalon.core.main.ScriptEngine.run(ScriptEngine.java:194)
	at com.kms.katalon.core.main.ScriptEngine.runScriptAsRawText(ScriptEngine.java:119)
	at com.kms.katalon.core.main.TestCaseExecutor.runScript(TestCaseExecutor.java:442)
	at com.kms.katalon.core.main.TestCaseExecutor.doExecute(TestCaseExecutor.java:433)
	at com.kms.katalon.core.main.TestCaseExecutor.processExecutionPhase(TestCaseExecutor.java:412)
	at com.kms.katalon.core.main.TestCaseExecutor.accessMainPhase(TestCaseExecutor.java:404)
	at com.kms.katalon.core.main.TestCaseExecutor.execute(TestCaseExecutor.java:281)
	at com.kms.katalon.core.main.TestSuiteExecutor.accessTestCaseMainPhase(TestSuiteExecutor.java:202)
	at com.kms.katalon.core.main.TestSuiteExecutor.accessTestSuiteMainPhase(TestSuiteExecutor.java:164)
	at com.kms.katalon.core.main.TestSuiteExecutor.execute(TestSuiteExecutor.java:105)
	at com.kms.katalon.core.main.TestCaseMain.startTestSuite(TestCaseMain.java:181)
	at com.kms.katalon.core.main.TestCaseMain$startTestSuite$0.call(Unknown Source)
	at TempTestSuite1641999428088.run(TempTestSuite1641999428088.groovy:36)
Caused by: com.kms.katalon.core.webui.exception.WebElementNotFoundException: Web element with id: 'Object Repository/Page_Preferences/a_Edit profile' located by '//section[@id='region-main']/div/div/div/div/div/div/div/div/a' not found
	at com.kms.katalon.core.webui.common.WebUiCommonHelper.findWebElement(WebUiCommonHelper.java:1368)
	at com.kms.katalon.core.webui.keyword.internal.WebUIAbstractKeyword.findWebElement(WebUIAbstractKeyword.groovy:27)
	at com.kms.katalon.core.webui.keyword.builtin.ClickKeyword$_click_closure1.doCall(ClickKeyword.groovy:65)
	at com.kms.katalon.core.webui.keyword.builtin.ClickKeyword$_click_closure1.call(ClickKeyword.groovy)
	at com.kms.katalon.core.webui.keyword.internal.WebUIKeywordMain.runKeyword(WebUIKeywordMain.groovy:20)
	... 19 more
"/>
         <system-out><![CDATA[2022-01-12 21:58:05 - [TEST_CASE][FAILED] - Test Cases/Admin edit profile (change email): Test Cases/Admin edit profile (change email) FAILED.
Reason:
com.kms.katalon.core.exception.StepFailedException: Unable to click on object 'Object Repository/Page_Preferences/a_Edit profile'
	at com.kms.katalon.core.webui.keyword.internal.WebUIKeywordMain.stepFailed(WebUIKeywordMain.groovy:64)
	at com.kms.katalon.core.webui.keyword.internal.WebUIKeywordMain.runKeyword(WebUIKeywordMain.groovy:26)
	at com.kms.katalon.core.webui.keyword.builtin.ClickKeyword.click(ClickKeyword.groovy:74)
	at com.kms.katalon.core.webui.keyword.builtin.ClickKeyword.execute(ClickKeyword.groovy:40)
	at com.kms.katalon.core.keyword.internal.KeywordExecutor.executeKeywordForPlatform(KeywordExecutor.groovy:74)
	at com.kms.katalon.core.webui.keyword.WebUiBuiltInKeywords.click(WebUiBuiltInKeywords.groovy:620)
	at com.kms.katalon.core.webui.keyword.WebUiBuiltInKeywords$click$1.call(Unknown Source)
	at Admin edit profile (change email).run(Admin edit profile (change email):28)
	at com.kms.katalon.core.main.ScriptEngine.run(ScriptEngine.java:194)
	at com.kms.katalon.core.main.ScriptEngine.runScriptAsRawText(ScriptEngine.java:119)
	at com.kms.katalon.core.main.TestCaseExecutor.runScript(TestCaseExecutor.java:442)
	at com.kms.katalon.core.main.TestCaseExecutor.doExecute(TestCaseExecutor.java:433)
	at com.kms.katalon.core.main.TestCaseExecutor.processExecutionPhase(TestCaseExecutor.java:412)
	at com.kms.katalon.core.main.TestCaseExecutor.accessMainPhase(TestCaseExecutor.java:404)
	at com.kms.katalon.core.main.TestCaseExecutor.execute(TestCaseExecutor.java:281)
	at com.kms.katalon.core.main.TestSuiteExecutor.accessTestCaseMainPhase(TestSuiteExecutor.java:202)
	at com.kms.katalon.core.main.TestSuiteExecutor.accessTestSuiteMainPhase(TestSuiteExecutor.java:164)
	at com.kms.katalon.core.main.TestSuiteExecutor.execute(TestSuiteExecutor.java:105)
	at com.kms.katalon.core.main.TestCaseMain.startTestSuite(TestCaseMain.java:181)
	at com.kms.katalon.core.main.TestCaseMain$startTestSuite$0.call(Unknown Source)
	at TempTestSuite1641999428088.run(TempTestSuite1641999428088.groovy:36)
Caused by: com.kms.katalon.core.webui.exception.WebElementNotFoundException: Web element with id: 'Object Repository/Page_Preferences/a_Edit profile' located by '//section[@id='region-main']/div/div/div/div/div/div/div/div/a' not found
	at com.kms.katalon.core.webui.common.WebUiCommonHelper.findWebElement(WebUiCommonHelper.java:1368)
	at com.kms.katalon.core.webui.keyword.internal.WebUIAbstractKeyword.findWebElement(WebUIAbstractKeyword.groovy:27)
	at com.kms.katalon.core.webui.keyword.builtin.ClickKeyword$_click_closure1.doCall(ClickKeyword.groovy:65)
	at com.kms.katalon.core.webui.keyword.builtin.ClickKeyword$_click_closure1.call(ClickKeyword.groovy)
	at com.kms.katalon.core.webui.keyword.internal.WebUIKeywordMain.runKeyword(WebUIKeywordMain.groovy:20)
	... 19 more


2022-01-12 21:58:05 - [TEST_STEP][PASSED] - callTestCase(findTestCase("Login as admin"), [:], STOP_ON_FAILURE): Call Test Case 'Test Cases/Login as admin' successfully

2022-01-12 21:58:05 - [TEST_CASE][PASSED] - Test Cases/Login as admin: Test Cases/Login as admin

2022-01-12 21:58:05 - [TEST_STEP][PASSED] - openBrowser(""): Browser is opened with url: ''

2022-01-12 21:58:05 - [MESSAGE][WARNING] - A browser is already opened. Closing browser and opening a new one

2022-01-12 21:58:06 - [MESSAGE][INFO] - Starting 'Edge Chromium' driver

2022-01-12 21:58:08 - [MESSAGE][INFO] - Action delay is set to 0 milliseconds

2022-01-12 21:58:09 - [MESSAGE][PASSED] - Browser is opened with url: ''

2022-01-12 21:58:09 - [TEST_STEP][PASSED] - navigateToUrl("http://localhost/"): Navigate to 'http://localhost/' successfully

2022-01-12 21:58:10 - [MESSAGE][PASSED] - Navigate to 'http://localhost/' successfully

2022-01-12 21:58:10 - [TEST_STEP][PASSED] - click(findTestObject("Object Repository/Page_My Moodle/a_Log in")): Object: 'Object Repository/Page_My Moodle/a_Log in' is clicked on

2022-01-12 21:58:10 - [MESSAGE][PASSED] - Object: 'Object Repository/Page_My Moodle/a_Log in' is clicked on

2022-01-12 21:58:10 - [TEST_STEP][PASSED] - setText(findTestObject("Object Repository/Page_My Moodle Log in to the site/input_Username_username"), "admin"): Text 'admin' is set on object 'Object Repository/Page_My Moodle Log in to the site/input_Username_username'

2022-01-12 21:58:11 - [MESSAGE][PASSED] - Text 'admin' is set on object 'Object Repository/Page_My Moodle Log in to the site/input_Username_username'

2022-01-12 21:58:11 - [TEST_STEP][PASSED] - setEncryptedText(findTestObject("Object Repository/Page_My Moodle Log in to the site/input_Password_password"), "7Dxoto1EjKfQbGop/Ov+1g=="): Text ****** has been set on object 'Object Repository/Page_My Moodle Log in to the site/input_Password_password'

2022-01-12 21:58:12 - [MESSAGE][PASSED] - Text ****** has been set on object 'Object Repository/Page_My Moodle Log in to the site/input_Password_password'

2022-01-12 21:58:12 - [TEST_STEP][PASSED] - click(findTestObject("Object Repository/Page_My Moodle Log in to the site/button_Log in")): Object: 'Object Repository/Page_My Moodle Log in to the site/button_Log in' is clicked on

2022-01-12 21:58:13 - [MESSAGE][PASSED] - Object: 'Object Repository/Page_My Moodle Log in to the site/button_Log in' is clicked on

2022-01-12 21:58:13 - [MESSAGE][PASSED] - Call Test Case 'Test Cases/Login as admin' successfully

2022-01-12 21:58:13 - [TEST_STEP][PASSED] - click(findTestObject("Object Repository/Page_Dashboard/a_Admin Team")): Object: 'Object Repository/Page_Dashboard/a_Admin Team' is clicked on

2022-01-12 21:58:14 - [MESSAGE][PASSED] - Object: 'Object Repository/Page_Dashboard/a_Admin Team' is clicked on

2022-01-12 21:58:14 - [TEST_STEP][PASSED] - click(findTestObject("Object Repository/Page_Dashboard/span_Preferences")): Object: 'Object Repository/Page_Dashboard/span_Preferences' is clicked on

2022-01-12 21:58:15 - [MESSAGE][PASSED] - Object: 'Object Repository/Page_Dashboard/span_Preferences' is clicked on

2022-01-12 21:58:15 - [TEST_STEP][PASSED] - navigateToUrl("http://localhost/user/preferences.php"): Navigate to 'http://localhost/user/preferences.php' successfully

2022-01-12 21:58:15 - [MESSAGE][PASSED] - Navigate to 'http://localhost/user/preferences.php' successfully

2022-01-12 21:58:15 - [TEST_STEP][FAILED] - click(findTestObject("Object Repository/Page_Preferences/a_Edit profile")): Unable to click on object 'Object Repository/Page_Preferences/a_Edit profile' (Root cause: com.kms.katalon.core.exception.StepFailedException: Unable to click on object 'Object Repository/Page_Preferences/a_Edit profile'
	at com.kms.katalon.core.webui.keyword.internal.WebUIKeywordMain.stepFailed(WebUIKeywordMain.groovy:64)
	at com.kms.katalon.core.webui.keyword.internal.WebUIKeywordMain.runKeyword(WebUIKeywordMain.groovy:26)
	at com.kms.katalon.core.webui.keyword.builtin.ClickKeyword.click(ClickKeyword.groovy:74)
	at com.kms.katalon.core.webui.keyword.builtin.ClickKeyword.execute(ClickKeyword.groovy:40)
	at com.kms.katalon.core.keyword.internal.KeywordExecutor.executeKeywordForPlatform(KeywordExecutor.groovy:74)
	at com.kms.katalon.core.webui.keyword.WebUiBuiltInKeywords.click(WebUiBuiltInKeywords.groovy:620)
	at com.kms.katalon.core.webui.keyword.WebUiBuiltInKeywords$click$1.call(Unknown Source)
	at Admin edit profile (change email).run(Admin edit profile (change email):28)
	at com.kms.katalon.core.main.ScriptEngine.run(ScriptEngine.java:194)
	at com.kms.katalon.core.main.ScriptEngine.runScriptAsRawText(ScriptEngine.java:119)
	at com.kms.katalon.core.main.TestCaseExecutor.runScript(TestCaseExecutor.java:442)
	at com.kms.katalon.core.main.TestCaseExecutor.doExecute(TestCaseExecutor.java:433)
	at com.kms.katalon.core.main.TestCaseExecutor.processExecutionPhase(TestCaseExecutor.java:412)
	at com.kms.katalon.core.main.TestCaseExecutor.accessMainPhase(TestCaseExecutor.java:404)
	at com.kms.katalon.core.main.TestCaseExecutor.execute(TestCaseExecutor.java:281)
	at com.kms.katalon.core.main.TestSuiteExecutor.accessTestCaseMainPhase(TestSuiteExecutor.java:202)
	at com.kms.katalon.core.main.TestSuiteExecutor.accessTestSuiteMainPhase(TestSuiteExecutor.java:164)
	at com.kms.katalon.core.main.TestSuiteExecutor.execute(TestSuiteExecutor.java:105)
	at com.kms.katalon.core.main.TestCaseMain.startTestSuite(TestCaseMain.java:181)
	at com.kms.katalon.core.main.TestCaseMain$startTestSuite$0.call(Unknown Source)
	at TempTestSuite1641999428088.run(TempTestSuite1641999428088.groovy:36)
Caused by: com.kms.katalon.core.webui.exception.WebElementNotFoundException: Web element with id: 'Object Repository/Page_Preferences/a_Edit profile' located by '//section[@id='region-main']/div/div/div/div/div/div/div/div/a' not found
	at com.kms.katalon.core.webui.common.WebUiCommonHelper.findWebElement(WebUiCommonHelper.java:1368)
	at com.kms.katalon.core.webui.keyword.internal.WebUIAbstractKeyword.findWebElement(WebUIAbstractKeyword.groovy:27)
	at com.kms.katalon.core.webui.keyword.builtin.ClickKeyword$_click_closure1.doCall(ClickKeyword.groovy:65)
	at com.kms.katalon.core.webui.keyword.builtin.ClickKeyword$_click_closure1.call(ClickKeyword.groovy)
	at com.kms.katalon.core.webui.keyword.internal.WebUIKeywordMain.runKeyword(WebUIKeywordMain.groovy:20)
	at com.kms.katalon.core.webui.keyword.builtin.ClickKeyword.click(ClickKeyword.groovy:74)
	at com.kms.katalon.core.webui.keyword.builtin.ClickKeyword.execute(ClickKeyword.groovy:40)
	at com.kms.katalon.core.keyword.internal.KeywordExecutor.executeKeywordForPlatform(KeywordExecutor.groovy:74)
	at com.kms.katalon.core.webui.keyword.WebUiBuiltInKeywords.click(WebUiBuiltInKeywords.groovy:620)
	at com.kms.katalon.core.webui.keyword.WebUiBuiltInKeywords$click$1.call(Unknown Source)
	at Script1641311855816.run(Script1641311855816.groovy:28)
	... 13 more
)

2022-01-12 21:58:46 - [MESSAGE][INFO] - Unable to find the element located by 'By.xpath: //section[@id='region-main']/div/div/div/div/div/div/div/div/a'. Please recheck the objects properties to make sure the desired element is located. 

2022-01-12 21:58:47 - [MESSAGE][FAILED] - Unable to click on object 'Object Repository/Page_Preferences/a_Edit profile' (Root cause: com.kms.katalon.core.exception.StepFailedException: Unable to click on object 'Object Repository/Page_Preferences/a_Edit profile'
	at com.kms.katalon.core.webui.keyword.internal.WebUIKeywordMain.stepFailed(WebUIKeywordMain.groovy:64)
	at com.kms.katalon.core.webui.keyword.internal.WebUIKeywordMain.runKeyword(WebUIKeywordMain.groovy:26)
	at com.kms.katalon.core.webui.keyword.builtin.ClickKeyword.click(ClickKeyword.groovy:74)
	at com.kms.katalon.core.webui.keyword.builtin.ClickKeyword.execute(ClickKeyword.groovy:40)
	at com.kms.katalon.core.keyword.internal.KeywordExecutor.executeKeywordForPlatform(KeywordExecutor.groovy:74)
	at com.kms.katalon.core.webui.keyword.WebUiBuiltInKeywords.click(WebUiBuiltInKeywords.groovy:620)
	at com.kms.katalon.core.webui.keyword.WebUiBuiltInKeywords$click$1.call(Unknown Source)
	at Admin edit profile (change email).run(Admin edit profile (change email):28)
	at com.kms.katalon.core.main.ScriptEngine.run(ScriptEngine.java:194)
	at com.kms.katalon.core.main.ScriptEngine.runScriptAsRawText(ScriptEngine.java:119)
	at com.kms.katalon.core.main.TestCaseExecutor.runScript(TestCaseExecutor.java:442)
	at com.kms.katalon.core.main.TestCaseExecutor.doExecute(TestCaseExecutor.java:433)
	at com.kms.katalon.core.main.TestCaseExecutor.processExecutionPhase(TestCaseExecutor.java:412)
	at com.kms.katalon.core.main.TestCaseExecutor.accessMainPhase(TestCaseExecutor.java:404)
	at com.kms.katalon.core.main.TestCaseExecutor.execute(TestCaseExecutor.java:281)
	at com.kms.katalon.core.main.TestSuiteExecutor.accessTestCaseMainPhase(TestSuiteExecutor.java:202)
	at com.kms.katalon.core.main.TestSuiteExecutor.accessTestSuiteMainPhase(TestSuiteExecutor.java:164)
	at com.kms.katalon.core.main.TestSuiteExecutor.execute(TestSuiteExecutor.java:105)
	at com.kms.katalon.core.main.TestCaseMain.startTestSuite(TestCaseMain.java:181)
	at com.kms.katalon.core.main.TestCaseMain$startTestSuite$0.call(Unknown Source)
	at TempTestSuite1641999428088.run(TempTestSuite1641999428088.groovy:36)
Caused by: com.kms.katalon.core.webui.exception.WebElementNotFoundException: Web element with id: 'Object Repository/Page_Preferences/a_Edit profile' located by '//section[@id='region-main']/div/div/div/div/div/div/div/div/a' not found
	at com.kms.katalon.core.webui.common.WebUiCommonHelper.findWebElement(WebUiCommonHelper.java:1368)
	at com.kms.katalon.core.webui.keyword.internal.WebUIAbstractKeyword.findWebElement(WebUIAbstractKeyword.groovy:27)
	at com.kms.katalon.core.webui.keyword.builtin.ClickKeyword$_click_closure1.doCall(ClickKeyword.groovy:65)
	at com.kms.katalon.core.webui.keyword.builtin.ClickKeyword$_click_closure1.call(ClickKeyword.groovy)
	at com.kms.katalon.core.webui.keyword.internal.WebUIKeywordMain.runKeyword(WebUIKeywordMain.groovy:20)
	at com.kms.katalon.core.webui.keyword.builtin.ClickKeyword.click(ClickKeyword.groovy:74)
	at com.kms.katalon.core.webui.keyword.builtin.ClickKeyword.execute(ClickKeyword.groovy:40)
	at com.kms.katalon.core.keyword.internal.KeywordExecutor.executeKeywordForPlatform(KeywordExecutor.groovy:74)
	at com.kms.katalon.core.webui.keyword.WebUiBuiltInKeywords.click(WebUiBuiltInKeywords.groovy:620)
	at com.kms.katalon.core.webui.keyword.WebUiBuiltInKeywords$click$1.call(Unknown Source)
	at Script1641311855816.run(Script1641311855816.groovy:28)
	... 13 more
)
[[ATTACHMENT|D:\\Test-Automation---SE-Bonus\\Reports\\20220112_215708\\Run all test cases\\20220112_215708\\1641999526912.png]]]]></system-out>
         <system-err><![CDATA[2022-01-12 21:58:05 - [TEST_CASE][FAILED] - Test Cases/Admin edit profile (change email): Test Cases/Admin edit profile (change email) FAILED.
Reason:
com.kms.katalon.core.exception.StepFailedException: Unable to click on object 'Object Repository/Page_Preferences/a_Edit profile'
	at com.kms.katalon.core.webui.keyword.internal.WebUIKeywordMain.stepFailed(WebUIKeywordMain.groovy:64)
	at com.kms.katalon.core.webui.keyword.internal.WebUIKeywordMain.runKeyword(WebUIKeywordMain.groovy:26)
	at com.kms.katalon.core.webui.keyword.builtin.ClickKeyword.click(ClickKeyword.groovy:74)
	at com.kms.katalon.core.webui.keyword.builtin.ClickKeyword.execute(ClickKeyword.groovy:40)
	at com.kms.katalon.core.keyword.internal.KeywordExecutor.executeKeywordForPlatform(KeywordExecutor.groovy:74)
	at com.kms.katalon.core.webui.keyword.WebUiBuiltInKeywords.click(WebUiBuiltInKeywords.groovy:620)
	at com.kms.katalon.core.webui.keyword.WebUiBuiltInKeywords$click$1.call(Unknown Source)
	at Admin edit profile (change email).run(Admin edit profile (change email):28)
	at com.kms.katalon.core.main.ScriptEngine.run(ScriptEngine.java:194)
	at com.kms.katalon.core.main.ScriptEngine.runScriptAsRawText(ScriptEngine.java:119)
	at com.kms.katalon.core.main.TestCaseExecutor.runScript(TestCaseExecutor.java:442)
	at com.kms.katalon.core.main.TestCaseExecutor.doExecute(TestCaseExecutor.java:433)
	at com.kms.katalon.core.main.TestCaseExecutor.processExecutionPhase(TestCaseExecutor.java:412)
	at com.kms.katalon.core.main.TestCaseExecutor.accessMainPhase(TestCaseExecutor.java:404)
	at com.kms.katalon.core.main.TestCaseExecutor.execute(TestCaseExecutor.java:281)
	at com.kms.katalon.core.main.TestSuiteExecutor.accessTestCaseMainPhase(TestSuiteExecutor.java:202)
	at com.kms.katalon.core.main.TestSuiteExecutor.accessTestSuiteMainPhase(TestSuiteExecutor.java:164)
	at com.kms.katalon.core.main.TestSuiteExecutor.execute(TestSuiteExecutor.java:105)
	at com.kms.katalon.core.main.TestCaseMain.startTestSuite(TestCaseMain.java:181)
	at com.kms.katalon.core.main.TestCaseMain$startTestSuite$0.call(Unknown Source)
	at TempTestSuite1641999428088.run(TempTestSuite1641999428088.groovy:36)
Caused by: com.kms.katalon.core.webui.exception.WebElementNotFoundException: Web element with id: 'Object Repository/Page_Preferences/a_Edit profile' located by '//section[@id='region-main']/div/div/div/div/div/div/div/div/a' not found
	at com.kms.katalon.core.webui.common.WebUiCommonHelper.findWebElement(WebUiCommonHelper.java:1368)
	at com.kms.katalon.core.webui.keyword.internal.WebUIAbstractKeyword.findWebElement(WebUIAbstractKeyword.groovy:27)
	at com.kms.katalon.core.webui.keyword.builtin.ClickKeyword$_click_closure1.doCall(ClickKeyword.groovy:65)
	at com.kms.katalon.core.webui.keyword.builtin.ClickKeyword$_click_closure1.call(ClickKeyword.groovy)
	at com.kms.katalon.core.webui.keyword.internal.WebUIKeywordMain.runKeyword(WebUIKeywordMain.groovy:20)
	... 19 more]]></system-err>
      </testcase>
      <testcase name="Test Cases/Admin upload user with csv" time="26.826" classname="Test Cases/Admin upload user with csv" status="PASSED">
         <system-out><![CDATA[2022-01-12 21:58:47 - [TEST_CASE][PASSED] - Test Cases/Admin upload user with csv: Test Cases/Admin upload user with csv

2022-01-12 21:58:47 - [TEST_STEP][PASSED] - callTestCase(findTestCase("Login as admin"), [:], STOP_ON_FAILURE): Call Test Case 'Test Cases/Login as admin' successfully

2022-01-12 21:58:47 - [TEST_CASE][PASSED] - Test Cases/Login as admin: Test Cases/Login as admin

2022-01-12 21:58:47 - [TEST_STEP][PASSED] - openBrowser(""): Browser is opened with url: ''

2022-01-12 21:58:47 - [MESSAGE][WARNING] - A browser is already opened. Closing browser and opening a new one

2022-01-12 21:58:48 - [MESSAGE][INFO] - Starting 'Edge Chromium' driver

2022-01-12 21:58:50 - [MESSAGE][INFO] - Action delay is set to 0 milliseconds

2022-01-12 21:58:51 - [MESSAGE][PASSED] - Browser is opened with url: ''

2022-01-12 21:58:51 - [TEST_STEP][PASSED] - navigateToUrl("http://localhost/"): Navigate to 'http://localhost/' successfully

2022-01-12 21:58:52 - [MESSAGE][PASSED] - Navigate to 'http://localhost/' successfully

2022-01-12 21:58:52 - [TEST_STEP][PASSED] - click(findTestObject("Object Repository/Page_My Moodle/a_Log in")): Object: 'Object Repository/Page_My Moodle/a_Log in' is clicked on

2022-01-12 21:58:53 - [MESSAGE][PASSED] - Object: 'Object Repository/Page_My Moodle/a_Log in' is clicked on

2022-01-12 21:58:53 - [TEST_STEP][PASSED] - setText(findTestObject("Object Repository/Page_My Moodle Log in to the site/input_Username_username"), "admin"): Text 'admin' is set on object 'Object Repository/Page_My Moodle Log in to the site/input_Username_username'

2022-01-12 21:58:53 - [MESSAGE][PASSED] - Text 'admin' is set on object 'Object Repository/Page_My Moodle Log in to the site/input_Username_username'

2022-01-12 21:58:53 - [TEST_STEP][PASSED] - setEncryptedText(findTestObject("Object Repository/Page_My Moodle Log in to the site/input_Password_password"), "7Dxoto1EjKfQbGop/Ov+1g=="): Text ****** has been set on object 'Object Repository/Page_My Moodle Log in to the site/input_Password_password'

2022-01-12 21:58:54 - [MESSAGE][PASSED] - Text ****** has been set on object 'Object Repository/Page_My Moodle Log in to the site/input_Password_password'

2022-01-12 21:58:54 - [TEST_STEP][PASSED] - click(findTestObject("Object Repository/Page_My Moodle Log in to the site/button_Log in")): Object: 'Object Repository/Page_My Moodle Log in to the site/button_Log in' is clicked on

2022-01-12 21:58:55 - [MESSAGE][PASSED] - Object: 'Object Repository/Page_My Moodle Log in to the site/button_Log in' is clicked on

2022-01-12 21:58:55 - [MESSAGE][PASSED] - Call Test Case 'Test Cases/Login as admin' successfully

2022-01-12 21:58:55 - [TEST_STEP][PASSED] - click(findTestObject("Object Repository/Page_Dashboard/span_Site administration")): Object: 'Object Repository/Page_Dashboard/span_Site administration' is clicked on

2022-01-12 21:58:57 - [MESSAGE][PASSED] - Object: 'Object Repository/Page_Dashboard/span_Site administration' is clicked on

2022-01-12 21:58:57 - [TEST_STEP][PASSED] - click(findTestObject("Object Repository/Page_MT Administration Search/a_Users")): Object: 'Object Repository/Page_MT Administration Search/a_Users' is clicked on

2022-01-12 21:58:57 - [MESSAGE][PASSED] - Object: 'Object Repository/Page_MT Administration Search/a_Users' is clicked on

2022-01-12 21:58:57 - [TEST_STEP][PASSED] - click(findTestObject("Object Repository/Page_MT Administration Search/a_Upload users")): Object: 'Object Repository/Page_MT Administration Search/a_Upload users' is clicked on

2022-01-12 21:58:58 - [MESSAGE][PASSED] - Object: 'Object Repository/Page_MT Administration Search/a_Upload users' is clicked on

2022-01-12 21:58:58 - [TEST_STEP][PASSED] - click(findTestObject("Page_Moodle Administration Users Accounts Upload users/input_File_userfilechoose")): Object: 'Object Repository/Page_Moodle Administration Users Accounts Upload users/input_File_userfilechoose' is clicked on

2022-01-12 21:58:59 - [MESSAGE][PASSED] - Object: 'Object Repository/Page_Moodle Administration Users Accounts Upload users/input_File_userfilechoose' is clicked on

2022-01-12 21:58:59 - [TEST_STEP][PASSED] - click(findTestObject("Page_Moodle Administration Users Accounts Upload users/a_csv")): Object: 'Object Repository/Page_Moodle Administration Users Accounts Upload users/a_csv' is clicked on

2022-01-12 21:59:00 - [MESSAGE][PASSED] - Object: 'Object Repository/Page_Moodle Administration Users Accounts Upload users/a_csv' is clicked on

2022-01-12 21:59:00 - [TEST_STEP][PASSED] - click(findTestObject("Page_Moodle Administration Users Accounts Upload users/usercorrect")): Object: 'Object Repository/Page_Moodle Administration Users Accounts Upload users/usercorrect' is clicked on

2022-01-12 21:59:00 - [MESSAGE][PASSED] - Object: 'Object Repository/Page_Moodle Administration Users Accounts Upload users/usercorrect' is clicked on

2022-01-12 21:59:00 - [TEST_STEP][PASSED] - click(findTestObject("Page_Moodle Administration Users Accounts Upload users/button_Select this file")): Object: 'Object Repository/Page_Moodle Administration Users Accounts Upload users/button_Select this file' is clicked on

2022-01-12 21:59:01 - [MESSAGE][PASSED] - Object: 'Object Repository/Page_Moodle Administration Users Accounts Upload users/button_Select this file' is clicked on

2022-01-12 21:59:01 - [TEST_STEP][PASSED] - click(findTestObject("Object Repository/Page_MT Administration Users Accounts Upload users/input_Preview rows_submitbutton")): Object: 'Object Repository/Page_MT Administration Users Accounts Upload users/input_Preview rows_submitbutton' is clicked on

2022-01-12 21:59:02 - [MESSAGE][PASSED] - Object: 'Object Repository/Page_MT Administration Users Accounts Upload users/input_Preview rows_submitbutton' is clicked on

2022-01-12 21:59:02 - [TEST_STEP][PASSED] - selectOptionByValue(findTestObject("Object Repository/Page_MT Administration Users Accounts Upload users/select_Field required in file            Cr_517de1"), "0", true): All options with value '0' are selected in object 'Object Repository/Page_MT Administration Users Accounts Upload users/select_Field required in file            Cr_517de1'  using regular expression

2022-01-12 21:59:04 - [MESSAGE][PASSED] - All options with value '0' are selected in object 'Object Repository/Page_MT Administration Users Accounts Upload users/select_Field required in file            Cr_517de1'  using regular expression

2022-01-12 21:59:04 - [TEST_STEP][PASSED] - selectOptionByValue(findTestObject("Object Repository/Page_MT Administration Users Accounts Upload users/select_Users having a weak password        _b6a197"), "0", true): All options with value '0' are selected in object 'Object Repository/Page_MT Administration Users Accounts Upload users/select_Users having a weak password        _b6a197'  using regular expression

2022-01-12 21:59:05 - [MESSAGE][PASSED] - All options with value '0' are selected in object 'Object Repository/Page_MT Administration Users Accounts Upload users/select_Users having a weak password        _b6a197'  using regular expression

2022-01-12 21:59:05 - [TEST_STEP][PASSED] - click(findTestObject("Object Repository/Page_MT Administration Users Accounts Upload users/input_Preview rows_submitbutton")): Object: 'Object Repository/Page_MT Administration Users Accounts Upload users/input_Preview rows_submitbutton' is clicked on

2022-01-12 21:59:06 - [MESSAGE][PASSED] - Object: 'Object Repository/Page_MT Administration Users Accounts Upload users/input_Preview rows_submitbutton' is clicked on

2022-01-12 21:59:06 - [TEST_STEP][PASSED] - click(findTestObject("Object Repository/Page_MT Administration Users Accounts Upload users/button_Continue")): Object: 'Object Repository/Page_MT Administration Users Accounts Upload users/button_Continue' is clicked on

2022-01-12 21:59:07 - [MESSAGE][PASSED] - Object: 'Object Repository/Page_MT Administration Users Accounts Upload users/button_Continue' is clicked on

2022-01-12 21:59:07 - [TEST_STEP][PASSED] - click(findTestObject("Object Repository/Page_MT Administration Users Accounts Upload users/a_Admin User")): Object: 'Object Repository/Page_MT Administration Users Accounts Upload users/a_Admin User' is clicked on

2022-01-12 21:59:08 - [MESSAGE][PASSED] - Object: 'Object Repository/Page_MT Administration Users Accounts Upload users/a_Admin User' is clicked on

2022-01-12 21:59:08 - [TEST_STEP][PASSED] - click(findTestObject("Object Repository/Page_MT Administration Users Accounts Upload users/span_Log out")): Object: 'Object Repository/Page_MT Administration Users Accounts Upload users/span_Log out' is clicked on

2022-01-12 21:59:08 - [MESSAGE][PASSED] - Object: 'Object Repository/Page_MT Administration Users Accounts Upload users/span_Log out' is clicked on

2022-01-12 21:59:08 - [TEST_STEP][PASSED] - click(findTestObject("Object Repository/Page_Moodle Testing/a_Log in")): Object: 'Object Repository/Page_Moodle Testing/a_Log in' is clicked on

2022-01-12 21:59:09 - [MESSAGE][PASSED] - Object: 'Object Repository/Page_Moodle Testing/a_Log in' is clicked on

2022-01-12 21:59:09 - [TEST_STEP][PASSED] - setText(findTestObject("Object Repository/Page_Moodle Testing Log in to the site/input_Username_username"), "student1"): Text 'student1' is set on object 'Object Repository/Page_Moodle Testing Log in to the site/input_Username_username'

2022-01-12 21:59:10 - [MESSAGE][PASSED] - Text 'student1' is set on object 'Object Repository/Page_Moodle Testing Log in to the site/input_Username_username'

2022-01-12 21:59:10 - [TEST_STEP][PASSED] - setEncryptedText(findTestObject("Object Repository/Page_Moodle Testing Log in to the site/input_Password_password"), "HeCM15nHKBI="): Text ****** has been set on object 'Object Repository/Page_Moodle Testing Log in to the site/input_Password_password'

2022-01-12 21:59:10 - [MESSAGE][PASSED] - Text ****** has been set on object 'Object Repository/Page_Moodle Testing Log in to the site/input_Password_password'

2022-01-12 21:59:10 - [TEST_STEP][PASSED] - click(findTestObject("Object Repository/Page_Moodle Testing Log in to the site/button_Log in")): Object: 'Object Repository/Page_Moodle Testing Log in to the site/button_Log in' is clicked on

2022-01-12 21:59:11 - [MESSAGE][PASSED] - Object: 'Object Repository/Page_Moodle Testing Log in to the site/button_Log in' is clicked on

2022-01-12 21:59:11 - [TEST_STEP][PASSED] - click(findTestObject("Object Repository/Page_Dashboard/i_MT_icon fa fa-bell fa-fw")): Object: 'Object Repository/Page_Dashboard/i_MT_icon fa fa-bell fa-fw' is clicked on

2022-01-12 21:59:13 - [MESSAGE][PASSED] - Object: 'Object Repository/Page_Dashboard/i_MT_icon fa fa-bell fa-fw' is clicked on

2022-01-12 21:59:13 - [TEST_STEP][PASSED] - closeBrowser(): Browser is closed

2022-01-12 21:59:13 - [MESSAGE][PASSED] - Browser is closed]]></system-out>
         <system-err><![CDATA[]]></system-err>
      </testcase>
      <testcase name="Test Cases/Admin upload user wrong with csv" time="15.304" classname="Test Cases/Admin upload user wrong with csv" status="PASSED">
         <system-out><![CDATA[2022-01-12 21:59:13 - [TEST_CASE][PASSED] - Test Cases/Admin upload user wrong with csv: Test Cases/Admin upload user wrong with csv

2022-01-12 21:59:14 - [TEST_STEP][PASSED] - callTestCase(findTestCase("Login as admin"), [:], STOP_ON_FAILURE): Call Test Case 'Test Cases/Login as admin' successfully

2022-01-12 21:59:14 - [TEST_CASE][PASSED] - Test Cases/Login as admin: Test Cases/Login as admin

2022-01-12 21:59:14 - [TEST_STEP][PASSED] - openBrowser(""): Browser is opened with url: ''

2022-01-12 21:59:14 - [MESSAGE][INFO] - Starting 'Edge Chromium' driver

2022-01-12 21:59:16 - [MESSAGE][INFO] - Action delay is set to 0 milliseconds

2022-01-12 21:59:17 - [MESSAGE][PASSED] - Browser is opened with url: ''

2022-01-12 21:59:17 - [TEST_STEP][PASSED] - navigateToUrl("http://localhost/"): Navigate to 'http://localhost/' successfully

2022-01-12 21:59:18 - [MESSAGE][PASSED] - Navigate to 'http://localhost/' successfully

2022-01-12 21:59:18 - [TEST_STEP][PASSED] - click(findTestObject("Object Repository/Page_My Moodle/a_Log in")): Object: 'Object Repository/Page_My Moodle/a_Log in' is clicked on

2022-01-12 21:59:19 - [MESSAGE][PASSED] - Object: 'Object Repository/Page_My Moodle/a_Log in' is clicked on

2022-01-12 21:59:19 - [TEST_STEP][PASSED] - setText(findTestObject("Object Repository/Page_My Moodle Log in to the site/input_Username_username"), "admin"): Text 'admin' is set on object 'Object Repository/Page_My Moodle Log in to the site/input_Username_username'

2022-01-12 21:59:19 - [MESSAGE][PASSED] - Text 'admin' is set on object 'Object Repository/Page_My Moodle Log in to the site/input_Username_username'

2022-01-12 21:59:19 - [TEST_STEP][PASSED] - setEncryptedText(findTestObject("Object Repository/Page_My Moodle Log in to the site/input_Password_password"), "7Dxoto1EjKfQbGop/Ov+1g=="): Text ****** has been set on object 'Object Repository/Page_My Moodle Log in to the site/input_Password_password'

2022-01-12 21:59:20 - [MESSAGE][PASSED] - Text ****** has been set on object 'Object Repository/Page_My Moodle Log in to the site/input_Password_password'

2022-01-12 21:59:20 - [TEST_STEP][PASSED] - click(findTestObject("Object Repository/Page_My Moodle Log in to the site/button_Log in")): Object: 'Object Repository/Page_My Moodle Log in to the site/button_Log in' is clicked on

2022-01-12 21:59:21 - [MESSAGE][PASSED] - Object: 'Object Repository/Page_My Moodle Log in to the site/button_Log in' is clicked on

2022-01-12 21:59:21 - [MESSAGE][PASSED] - Call Test Case 'Test Cases/Login as admin' successfully

2022-01-12 21:59:21 - [TEST_STEP][PASSED] - click(findTestObject("Object Repository/Page_Dashboard/span_Site administration")): Object: 'Object Repository/Page_Dashboard/span_Site administration' is clicked on

2022-01-12 21:59:22 - [MESSAGE][PASSED] - Object: 'Object Repository/Page_Dashboard/span_Site administration' is clicked on

2022-01-12 21:59:22 - [TEST_STEP][PASSED] - click(findTestObject("Object Repository/Page_MT Administration Search/a_Users")): Object: 'Object Repository/Page_MT Administration Search/a_Users' is clicked on

2022-01-12 21:59:23 - [MESSAGE][PASSED] - Object: 'Object Repository/Page_MT Administration Search/a_Users' is clicked on

2022-01-12 21:59:23 - [TEST_STEP][PASSED] - click(findTestObject("Object Repository/Page_MT Administration Search/a_Upload users")): Object: 'Object Repository/Page_MT Administration Search/a_Upload users' is clicked on

2022-01-12 21:59:24 - [MESSAGE][PASSED] - Object: 'Object Repository/Page_MT Administration Search/a_Upload users' is clicked on

2022-01-12 21:59:24 - [TEST_STEP][PASSED] - click(findTestObject("Page_Moodle Administration Users Accounts Upload users/input_File_userfilechoose")): Object: 'Object Repository/Page_Moodle Administration Users Accounts Upload users/input_File_userfilechoose' is clicked on

2022-01-12 21:59:24 - [MESSAGE][PASSED] - Object: 'Object Repository/Page_Moodle Administration Users Accounts Upload users/input_File_userfilechoose' is clicked on

2022-01-12 21:59:24 - [TEST_STEP][PASSED] - click(findTestObject("Object Repository/Page_MT Administration Users Accounts Upload users/span_csv")): Object: 'Object Repository/Page_MT Administration Users Accounts Upload users/span_csv' is clicked on

2022-01-12 21:59:25 - [MESSAGE][PASSED] - Object: 'Object Repository/Page_MT Administration Users Accounts Upload users/span_csv' is clicked on

2022-01-12 21:59:25 - [TEST_STEP][PASSED] - click(findTestObject("Page_Moodle Administration Users Accounts Upload users/userwrong")): Object: 'Object Repository/Page_Moodle Administration Users Accounts Upload users/userwrong' is clicked on

2022-01-12 21:59:26 - [MESSAGE][PASSED] - Object: 'Object Repository/Page_Moodle Administration Users Accounts Upload users/userwrong' is clicked on

2022-01-12 21:59:26 - [TEST_STEP][PASSED] - click(findTestObject("Object Repository/Page_MT Administration Users Accounts Upload users/button_Select this file")): Object: 'Object Repository/Page_MT Administration Users Accounts Upload users/button_Select this file' is clicked on

2022-01-12 21:59:26 - [MESSAGE][PASSED] - Object: 'Object Repository/Page_MT Administration Users Accounts Upload users/button_Select this file' is clicked on

2022-01-12 21:59:26 - [TEST_STEP][PASSED] - click(findTestObject("Object Repository/Page_MT Administration Users Accounts Upload users/input_Preview rows_submitbutton")): Object: 'Object Repository/Page_MT Administration Users Accounts Upload users/input_Preview rows_submitbutton' is clicked on

2022-01-12 21:59:27 - [MESSAGE][PASSED] - Object: 'Object Repository/Page_MT Administration Users Accounts Upload users/input_Preview rows_submitbutton' is clicked on

2022-01-12 21:59:27 - [TEST_STEP][PASSED] - verifyEqual(getText(findTestObject("Object Repository/Page_Error/p_An error occurred while loading the CSV file Invalid CSV file format - number of columns is not constant")).toString(), "An error occurred while loading the CSV file: Invalid CSV file format - number of columns is not constant!"): Actual object 'An error occurred while loading the CSV file: Invalid CSV file format - number of columns is not constant!' and expected object 'An error occurred while loading the CSV file: Invalid CSV file format - number of columns is not constant!' are equal

2022-01-12 21:59:28 - [MESSAGE][PASSED] - Text of object 'Object Repository/Page_Error/p_An error occurred while loading the CSV file Invalid CSV file format - number of columns is not constant' is: 'An error occurred while loading the CSV file: Invalid CSV file format - number of columns is not constant!'

2022-01-12 21:59:28 - [MESSAGE][PASSED] - Actual object 'An error occurred while loading the CSV file: Invalid CSV file format - number of columns is not constant!' and expected object 'An error occurred while loading the CSV file: Invalid CSV file format - number of columns is not constant!' are equal

2022-01-12 21:59:28 - [TEST_STEP][PASSED] - closeBrowser(): Browser is closed

2022-01-12 21:59:29 - [MESSAGE][PASSED] - Browser is closed]]></system-out>
         <system-err><![CDATA[]]></system-err>
      </testcase>
      <testcase name="Test Cases/Admin create user" time="24.185" classname="Test Cases/Admin create user" status="PASSED">
         <system-out><![CDATA[2022-01-12 21:59:29 - [TEST_CASE][PASSED] - Test Cases/Admin create user: Test Cases/Admin create user

2022-01-12 21:59:29 - [TEST_STEP][PASSED] - callTestCase(findTestCase("Login as admin"), [:], STOP_ON_FAILURE): Call Test Case 'Test Cases/Login as admin' successfully

2022-01-12 21:59:29 - [TEST_CASE][PASSED] - Test Cases/Login as admin: Test Cases/Login as admin

2022-01-12 21:59:29 - [TEST_STEP][PASSED] - openBrowser(""): Browser is opened with url: ''

2022-01-12 21:59:29 - [MESSAGE][INFO] - Starting 'Edge Chromium' driver

2022-01-12 21:59:31 - [MESSAGE][INFO] - Action delay is set to 0 milliseconds

2022-01-12 21:59:33 - [MESSAGE][PASSED] - Browser is opened with url: ''

2022-01-12 21:59:33 - [TEST_STEP][PASSED] - navigateToUrl("http://localhost/"): Navigate to 'http://localhost/' successfully

2022-01-12 21:59:33 - [MESSAGE][PASSED] - Navigate to 'http://localhost/' successfully

2022-01-12 21:59:33 - [TEST_STEP][PASSED] - click(findTestObject("Object Repository/Page_My Moodle/a_Log in")): Object: 'Object Repository/Page_My Moodle/a_Log in' is clicked on

2022-01-12 21:59:34 - [MESSAGE][PASSED] - Object: 'Object Repository/Page_My Moodle/a_Log in' is clicked on

2022-01-12 21:59:34 - [TEST_STEP][PASSED] - setText(findTestObject("Object Repository/Page_My Moodle Log in to the site/input_Username_username"), "admin"): Text 'admin' is set on object 'Object Repository/Page_My Moodle Log in to the site/input_Username_username'

2022-01-12 21:59:35 - [MESSAGE][PASSED] - Text 'admin' is set on object 'Object Repository/Page_My Moodle Log in to the site/input_Username_username'

2022-01-12 21:59:35 - [TEST_STEP][PASSED] - setEncryptedText(findTestObject("Object Repository/Page_My Moodle Log in to the site/input_Password_password"), "7Dxoto1EjKfQbGop/Ov+1g=="): Text ****** has been set on object 'Object Repository/Page_My Moodle Log in to the site/input_Password_password'

2022-01-12 21:59:35 - [MESSAGE][PASSED] - Text ****** has been set on object 'Object Repository/Page_My Moodle Log in to the site/input_Password_password'

2022-01-12 21:59:35 - [TEST_STEP][PASSED] - click(findTestObject("Object Repository/Page_My Moodle Log in to the site/button_Log in")): Object: 'Object Repository/Page_My Moodle Log in to the site/button_Log in' is clicked on

2022-01-12 21:59:36 - [MESSAGE][PASSED] - Object: 'Object Repository/Page_My Moodle Log in to the site/button_Log in' is clicked on

2022-01-12 21:59:36 - [MESSAGE][PASSED] - Call Test Case 'Test Cases/Login as admin' successfully

2022-01-12 21:59:36 - [TEST_STEP][PASSED] - click(findTestObject("Object Repository/Page_Dashboard/a_Site administration")): Object: 'Object Repository/Page_Dashboard/a_Site administration' is clicked on

2022-01-12 21:59:38 - [MESSAGE][PASSED] - Object: 'Object Repository/Page_Dashboard/a_Site administration' is clicked on

2022-01-12 21:59:38 - [TEST_STEP][PASSED] - navigateToUrl("http://localhost/admin/search.php"): Navigate to 'http://localhost/admin/search.php' successfully

2022-01-12 21:59:38 - [MESSAGE][PASSED] - Navigate to 'http://localhost/admin/search.php' successfully

2022-01-12 21:59:38 - [TEST_STEP][PASSED] - click(findTestObject("Object Repository/Page_Moodle Administration Search/a_Users")): Object: 'Object Repository/Page_Moodle Administration Search/a_Users' is clicked on

2022-01-12 21:59:39 - [MESSAGE][PASSED] - Object: 'Object Repository/Page_Moodle Administration Search/a_Users' is clicked on

2022-01-12 21:59:39 - [TEST_STEP][PASSED] - click(findTestObject("Object Repository/Page_Moodle Administration Search/a_Add a new user")): Object: 'Object Repository/Page_Moodle Administration Search/a_Add a new user' is clicked on

2022-01-12 21:59:40 - [MESSAGE][PASSED] - Object: 'Object Repository/Page_Moodle Administration Search/a_Add a new user' is clicked on

2022-01-12 21:59:40 - [TEST_STEP][PASSED] - setText(findTestObject("Object Repository/Page_Moodle Administration Users Accounts A_0fbd97/input_Username_username"), "trongle"): Text 'trongle' is set on object 'Object Repository/Page_Moodle Administration Users Accounts A_0fbd97/input_Username_username'

2022-01-12 21:59:41 - [MESSAGE][PASSED] - Text 'trongle' is set on object 'Object Repository/Page_Moodle Administration Users Accounts A_0fbd97/input_Username_username'

2022-01-12 21:59:41 - [TEST_STEP][PASSED] - click(findTestObject("Page_Moodle Administration Users Accounts Add a new user/a_Click to enter text")): Object: 'Object Repository/Page_Moodle Administration Users Accounts Add a new user/a_Click to enter text' is clicked on

2022-01-12 21:59:42 - [MESSAGE][PASSED] - Object: 'Object Repository/Page_Moodle Administration Users Accounts Add a new user/a_Click to enter text' is clicked on

2022-01-12 21:59:42 - [TEST_STEP][PASSED] - setEncryptedText(findTestObject("Object Repository/Page_Moodle Administration Users Accounts A_0fbd97/input_New password_newpassword"), "Ta6u/19GniC0jLl2J4N0KA=="): Text ****** has been set on object 'Object Repository/Page_Moodle Administration Users Accounts A_0fbd97/input_New password_newpassword'

2022-01-12 21:59:42 - [MESSAGE][PASSED] - Text ****** has been set on object 'Object Repository/Page_Moodle Administration Users Accounts A_0fbd97/input_New password_newpassword'

2022-01-12 21:59:42 - [TEST_STEP][PASSED] - setText(findTestObject("Object Repository/Page_Moodle Administration Users Accounts A_0fbd97/input_First name_firstname"), "Trong"): Text 'Trong' is set on object 'Object Repository/Page_Moodle Administration Users Accounts A_0fbd97/input_First name_firstname'

2022-01-12 21:59:43 - [MESSAGE][PASSED] - Text 'Trong' is set on object 'Object Repository/Page_Moodle Administration Users Accounts A_0fbd97/input_First name_firstname'

2022-01-12 21:59:43 - [TEST_STEP][PASSED] - setText(findTestObject("Object Repository/Page_Moodle Administration Users Accounts A_0fbd97/input_Surname_lastname"), "Le"): Text 'Le' is set on object 'Object Repository/Page_Moodle Administration Users Accounts A_0fbd97/input_Surname_lastname'

2022-01-12 21:59:44 - [MESSAGE][PASSED] - Text 'Le' is set on object 'Object Repository/Page_Moodle Administration Users Accounts A_0fbd97/input_Surname_lastname'

2022-01-12 21:59:44 - [TEST_STEP][PASSED] - setText(findTestObject("Object Repository/Page_Moodle Administration Users Accounts A_0fbd97/input_Email address_email"), "quoctrongle2001@gmail.com"): Text 'quoctrongle2001@gmail.com' is set on object 'Object Repository/Page_Moodle Administration Users Accounts A_0fbd97/input_Email address_email'

2022-01-12 21:59:45 - [MESSAGE][PASSED] - Text 'quoctrongle2001@gmail.com' is set on object 'Object Repository/Page_Moodle Administration Users Accounts A_0fbd97/input_Email address_email'

2022-01-12 21:59:45 - [TEST_STEP][PASSED] - click(findTestObject("Object Repository/Page_Moodle Administration Users Accounts A_0fbd97/input_Address_submitbutton")): Object: 'Object Repository/Page_Moodle Administration Users Accounts A_0fbd97/input_Address_submitbutton' is clicked on

2022-01-12 21:59:46 - [MESSAGE][PASSED] - Object: 'Object Repository/Page_Moodle Administration Users Accounts A_0fbd97/input_Address_submitbutton' is clicked on

2022-01-12 21:59:46 - [TEST_STEP][PASSED] - click(findTestObject("Object Repository/Page_Moodle Administration Users Accounts B_4543d8/div_Changes saved")): Object: 'Object Repository/Page_Moodle Administration Users Accounts B_4543d8/div_Changes saved' is clicked on

2022-01-12 21:59:47 - [MESSAGE][PASSED] - Object: 'Object Repository/Page_Moodle Administration Users Accounts B_4543d8/div_Changes saved' is clicked on

2022-01-12 21:59:47 - [TEST_STEP][PASSED] - click(findTestObject("Object Repository/Page_MT Administration Users Accounts Upload users/a_Admin User")): Object: 'Object Repository/Page_MT Administration Users Accounts Upload users/a_Admin User' is clicked on

2022-01-12 21:59:47 - [MESSAGE][PASSED] - Object: 'Object Repository/Page_MT Administration Users Accounts Upload users/a_Admin User' is clicked on

2022-01-12 21:59:47 - [TEST_STEP][PASSED] - click(findTestObject("Object Repository/Page_MT Administration Users Accounts Upload users/span_Log out")): Object: 'Object Repository/Page_MT Administration Users Accounts Upload users/span_Log out' is clicked on

2022-01-12 21:59:48 - [MESSAGE][PASSED] - Object: 'Object Repository/Page_MT Administration Users Accounts Upload users/span_Log out' is clicked on

2022-01-12 21:59:48 - [TEST_STEP][PASSED] - click(findTestObject("Object Repository/Page_Moodle Testing/a_Log in")): Object: 'Object Repository/Page_Moodle Testing/a_Log in' is clicked on

2022-01-12 21:59:49 - [MESSAGE][PASSED] - Object: 'Object Repository/Page_Moodle Testing/a_Log in' is clicked on

2022-01-12 21:59:49 - [TEST_STEP][PASSED] - setText(findTestObject("Object Repository/Page_Moodle Testing Log in to the site/input_Username_username"), "trongle"): Text 'trongle' is set on object 'Object Repository/Page_Moodle Testing Log in to the site/input_Username_username'

2022-01-12 21:59:50 - [MESSAGE][PASSED] - Text 'trongle' is set on object 'Object Repository/Page_Moodle Testing Log in to the site/input_Username_username'

2022-01-12 21:59:50 - [TEST_STEP][PASSED] - setEncryptedText(findTestObject("Object Repository/Page_Moodle Testing Log in to the site/input_Password_password"), "Ta6u/19GniC0jLl2J4N0KA=="): Text ****** has been set on object 'Object Repository/Page_Moodle Testing Log in to the site/input_Password_password'

2022-01-12 21:59:50 - [MESSAGE][PASSED] - Text ****** has been set on object 'Object Repository/Page_Moodle Testing Log in to the site/input_Password_password'

2022-01-12 21:59:50 - [TEST_STEP][PASSED] - click(findTestObject("Object Repository/Page_Moodle Testing Log in to the site/button_Log in")): Object: 'Object Repository/Page_Moodle Testing Log in to the site/button_Log in' is clicked on

2022-01-12 21:59:51 - [MESSAGE][PASSED] - Object: 'Object Repository/Page_Moodle Testing Log in to the site/button_Log in' is clicked on

2022-01-12 21:59:51 - [TEST_STEP][PASSED] - click(findTestObject("Object Repository/Page_Dashboard/i_MT_icon fa fa-bell fa-fw")): Object: 'Object Repository/Page_Dashboard/i_MT_icon fa fa-bell fa-fw' is clicked on

2022-01-12 21:59:53 - [MESSAGE][PASSED] - Object: 'Object Repository/Page_Dashboard/i_MT_icon fa fa-bell fa-fw' is clicked on]]></system-out>
         <system-err><![CDATA[]]></system-err>
      </testcase>
      <testcase name="Test Cases/Admin create user (already exist)" time="19.211" classname="Test Cases/Admin create user (already exist)" status="PASSED">
         <system-out><![CDATA[2022-01-12 21:59:53 - [TEST_CASE][PASSED] - Test Cases/Admin create user (already exist): Test Cases/Admin create user (already exist)

2022-01-12 21:59:53 - [TEST_STEP][PASSED] - callTestCase(findTestCase("Login as admin"), [:], STOP_ON_FAILURE): Call Test Case 'Test Cases/Login as admin' successfully

2022-01-12 21:59:53 - [TEST_CASE][PASSED] - Test Cases/Login as admin: Test Cases/Login as admin

2022-01-12 21:59:53 - [TEST_STEP][PASSED] - openBrowser(""): Browser is opened with url: ''

2022-01-12 21:59:53 - [MESSAGE][WARNING] - A browser is already opened. Closing browser and opening a new one

2022-01-12 21:59:54 - [MESSAGE][INFO] - Starting 'Edge Chromium' driver

2022-01-12 21:59:56 - [MESSAGE][INFO] - Action delay is set to 0 milliseconds

2022-01-12 21:59:58 - [MESSAGE][PASSED] - Browser is opened with url: ''

2022-01-12 21:59:58 - [TEST_STEP][PASSED] - navigateToUrl("http://localhost/"): Navigate to 'http://localhost/' successfully

2022-01-12 21:59:58 - [MESSAGE][PASSED] - Navigate to 'http://localhost/' successfully

2022-01-12 21:59:58 - [TEST_STEP][PASSED] - click(findTestObject("Object Repository/Page_My Moodle/a_Log in")): Object: 'Object Repository/Page_My Moodle/a_Log in' is clicked on

2022-01-12 21:59:59 - [MESSAGE][PASSED] - Object: 'Object Repository/Page_My Moodle/a_Log in' is clicked on

2022-01-12 21:59:59 - [TEST_STEP][PASSED] - setText(findTestObject("Object Repository/Page_My Moodle Log in to the site/input_Username_username"), "admin"): Text 'admin' is set on object 'Object Repository/Page_My Moodle Log in to the site/input_Username_username'

2022-01-12 22:00:00 - [MESSAGE][PASSED] - Text 'admin' is set on object 'Object Repository/Page_My Moodle Log in to the site/input_Username_username'

2022-01-12 22:00:00 - [TEST_STEP][PASSED] - setEncryptedText(findTestObject("Object Repository/Page_My Moodle Log in to the site/input_Password_password"), "7Dxoto1EjKfQbGop/Ov+1g=="): Text ****** has been set on object 'Object Repository/Page_My Moodle Log in to the site/input_Password_password'

2022-01-12 22:00:00 - [MESSAGE][PASSED] - Text ****** has been set on object 'Object Repository/Page_My Moodle Log in to the site/input_Password_password'

2022-01-12 22:00:00 - [TEST_STEP][PASSED] - click(findTestObject("Object Repository/Page_My Moodle Log in to the site/button_Log in")): Object: 'Object Repository/Page_My Moodle Log in to the site/button_Log in' is clicked on

2022-01-12 22:00:01 - [MESSAGE][PASSED] - Object: 'Object Repository/Page_My Moodle Log in to the site/button_Log in' is clicked on

2022-01-12 22:00:01 - [MESSAGE][PASSED] - Call Test Case 'Test Cases/Login as admin' successfully

2022-01-12 22:00:01 - [TEST_STEP][PASSED] - click(findTestObject("Object Repository/Page_Dashboard/span_Site administration")): Object: 'Object Repository/Page_Dashboard/span_Site administration' is clicked on

2022-01-12 22:00:03 - [MESSAGE][PASSED] - Object: 'Object Repository/Page_Dashboard/span_Site administration' is clicked on

2022-01-12 22:00:03 - [TEST_STEP][PASSED] - navigateToUrl("http://localhost/admin/search.php"): Navigate to 'http://localhost/admin/search.php' successfully

2022-01-12 22:00:03 - [MESSAGE][PASSED] - Navigate to 'http://localhost/admin/search.php' successfully

2022-01-12 22:00:03 - [TEST_STEP][PASSED] - click(findTestObject("Object Repository/Page_Moodle Administration Search/a_Users")): Object: 'Object Repository/Page_Moodle Administration Search/a_Users' is clicked on

2022-01-12 22:00:04 - [MESSAGE][PASSED] - Object: 'Object Repository/Page_Moodle Administration Search/a_Users' is clicked on

2022-01-12 22:00:04 - [TEST_STEP][PASSED] - click(findTestObject("Object Repository/Page_Moodle Administration Search/a_Add a new user")): Object: 'Object Repository/Page_Moodle Administration Search/a_Add a new user' is clicked on

2022-01-12 22:00:05 - [MESSAGE][PASSED] - Object: 'Object Repository/Page_Moodle Administration Search/a_Add a new user' is clicked on

2022-01-12 22:00:05 - [TEST_STEP][PASSED] - setText(findTestObject("Object Repository/Page_Moodle Administration Users Accounts A_0fbd97/input_Username_username"), "trongle"): Text 'trongle' is set on object 'Object Repository/Page_Moodle Administration Users Accounts A_0fbd97/input_Username_username'

2022-01-12 22:00:06 - [MESSAGE][PASSED] - Text 'trongle' is set on object 'Object Repository/Page_Moodle Administration Users Accounts A_0fbd97/input_Username_username'

2022-01-12 22:00:06 - [TEST_STEP][PASSED] - click(findTestObject("Object Repository/Page_Moodle Administration Users Accounts Add a new user/a_Click to enter text")): Object: 'Object Repository/Page_Moodle Administration Users Accounts Add a new user/a_Click to enter text' is clicked on

2022-01-12 22:00:07 - [MESSAGE][PASSED] - Object: 'Object Repository/Page_Moodle Administration Users Accounts Add a new user/a_Click to enter text' is clicked on

2022-01-12 22:00:07 - [TEST_STEP][PASSED] - setEncryptedText(findTestObject("Object Repository/Page_Moodle Administration Users Accounts A_0fbd97/input_New password_newpassword"), "Ta6u/19GniC0jLl2J4N0KA=="): Text ****** has been set on object 'Object Repository/Page_Moodle Administration Users Accounts A_0fbd97/input_New password_newpassword'

2022-01-12 22:00:07 - [MESSAGE][PASSED] - Text ****** has been set on object 'Object Repository/Page_Moodle Administration Users Accounts A_0fbd97/input_New password_newpassword'

2022-01-12 22:00:07 - [TEST_STEP][PASSED] - setText(findTestObject("Object Repository/Page_Moodle Administration Users Accounts A_0fbd97/input_First name_firstname"), "Trong"): Text 'Trong' is set on object 'Object Repository/Page_Moodle Administration Users Accounts A_0fbd97/input_First name_firstname'

2022-01-12 22:00:08 - [MESSAGE][PASSED] - Text 'Trong' is set on object 'Object Repository/Page_Moodle Administration Users Accounts A_0fbd97/input_First name_firstname'

2022-01-12 22:00:08 - [TEST_STEP][PASSED] - setText(findTestObject("Object Repository/Page_Moodle Administration Users Accounts A_0fbd97/input_Surname_lastname"), "Le"): Text 'Le' is set on object 'Object Repository/Page_Moodle Administration Users Accounts A_0fbd97/input_Surname_lastname'

2022-01-12 22:00:09 - [MESSAGE][PASSED] - Text 'Le' is set on object 'Object Repository/Page_Moodle Administration Users Accounts A_0fbd97/input_Surname_lastname'

2022-01-12 22:00:09 - [TEST_STEP][PASSED] - setText(findTestObject("Object Repository/Page_Moodle Administration Users Accounts A_0fbd97/input_Email address_email"), "quoctrongle2001@gmail.com"): Text 'quoctrongle2001@gmail.com' is set on object 'Object Repository/Page_Moodle Administration Users Accounts A_0fbd97/input_Email address_email'

2022-01-12 22:00:10 - [MESSAGE][PASSED] - Text 'quoctrongle2001@gmail.com' is set on object 'Object Repository/Page_Moodle Administration Users Accounts A_0fbd97/input_Email address_email'

2022-01-12 22:00:10 - [TEST_STEP][PASSED] - click(findTestObject("Object Repository/Page_Moodle Administration Users Accounts A_0fbd97/input_Address_submitbutton")): Object: 'Object Repository/Page_Moodle Administration Users Accounts A_0fbd97/input_Address_submitbutton' is clicked on

2022-01-12 22:00:11 - [MESSAGE][PASSED] - Object: 'Object Repository/Page_Moodle Administration Users Accounts A_0fbd97/input_Address_submitbutton' is clicked on

2022-01-12 22:00:11 - [TEST_STEP][PASSED] - click(findTestObject("Object Repository/Page_Moodle Administration Users Accounts A_0fbd97/div_This username already exists, choose another")): Object: 'Object Repository/Page_Moodle Administration Users Accounts A_0fbd97/div_This username already exists, choose another' is clicked on

2022-01-12 22:00:12 - [MESSAGE][PASSED] - Object: 'Object Repository/Page_Moodle Administration Users Accounts A_0fbd97/div_This username already exists, choose another' is clicked on]]></system-out>
         <system-err><![CDATA[]]></system-err>
      </testcase>
      <testcase name="Test Cases/Admin create user (invalid password)" time="20.492" classname="Test Cases/Admin create user (invalid password)" status="PASSED">
         <system-out><![CDATA[2022-01-12 22:00:12 - [TEST_CASE][PASSED] - Test Cases/Admin create user (invalid password): Test Cases/Admin create user (invalid password)

2022-01-12 22:00:12 - [TEST_STEP][PASSED] - callTestCase(findTestCase("Login as admin"), [:], STOP_ON_FAILURE): Call Test Case 'Test Cases/Login as admin' successfully

2022-01-12 22:00:13 - [TEST_CASE][PASSED] - Test Cases/Login as admin: Test Cases/Login as admin

2022-01-12 22:00:13 - [TEST_STEP][PASSED] - openBrowser(""): Browser is opened with url: ''

2022-01-12 22:00:13 - [MESSAGE][WARNING] - A browser is already opened. Closing browser and opening a new one

2022-01-12 22:00:13 - [MESSAGE][INFO] - Starting 'Edge Chromium' driver

2022-01-12 22:00:16 - [MESSAGE][INFO] - Action delay is set to 0 milliseconds

2022-01-12 22:00:17 - [MESSAGE][PASSED] - Browser is opened with url: ''

2022-01-12 22:00:17 - [TEST_STEP][PASSED] - navigateToUrl("http://localhost/"): Navigate to 'http://localhost/' successfully

2022-01-12 22:00:18 - [MESSAGE][PASSED] - Navigate to 'http://localhost/' successfully

2022-01-12 22:00:18 - [TEST_STEP][PASSED] - click(findTestObject("Object Repository/Page_My Moodle/a_Log in")): Object: 'Object Repository/Page_My Moodle/a_Log in' is clicked on

2022-01-12 22:00:18 - [MESSAGE][PASSED] - Object: 'Object Repository/Page_My Moodle/a_Log in' is clicked on

2022-01-12 22:00:18 - [TEST_STEP][PASSED] - setText(findTestObject("Object Repository/Page_My Moodle Log in to the site/input_Username_username"), "admin"): Text 'admin' is set on object 'Object Repository/Page_My Moodle Log in to the site/input_Username_username'

2022-01-12 22:00:19 - [MESSAGE][PASSED] - Text 'admin' is set on object 'Object Repository/Page_My Moodle Log in to the site/input_Username_username'

2022-01-12 22:00:19 - [TEST_STEP][PASSED] - setEncryptedText(findTestObject("Object Repository/Page_My Moodle Log in to the site/input_Password_password"), "7Dxoto1EjKfQbGop/Ov+1g=="): Text ****** has been set on object 'Object Repository/Page_My Moodle Log in to the site/input_Password_password'

2022-01-12 22:00:20 - [MESSAGE][PASSED] - Text ****** has been set on object 'Object Repository/Page_My Moodle Log in to the site/input_Password_password'

2022-01-12 22:00:20 - [TEST_STEP][PASSED] - click(findTestObject("Object Repository/Page_My Moodle Log in to the site/button_Log in")): Object: 'Object Repository/Page_My Moodle Log in to the site/button_Log in' is clicked on

2022-01-12 22:00:21 - [MESSAGE][PASSED] - Object: 'Object Repository/Page_My Moodle Log in to the site/button_Log in' is clicked on

2022-01-12 22:00:21 - [MESSAGE][PASSED] - Call Test Case 'Test Cases/Login as admin' successfully

2022-01-12 22:00:21 - [TEST_STEP][PASSED] - click(findTestObject("Object Repository/Page_Dashboard/span_Site administration")): Object: 'Object Repository/Page_Dashboard/span_Site administration' is clicked on

2022-01-12 22:00:23 - [MESSAGE][PASSED] - Object: 'Object Repository/Page_Dashboard/span_Site administration' is clicked on

2022-01-12 22:00:23 - [TEST_STEP][PASSED] - navigateToUrl("http://localhost/admin/search.php"): Navigate to 'http://localhost/admin/search.php' successfully

2022-01-12 22:00:23 - [MESSAGE][PASSED] - Navigate to 'http://localhost/admin/search.php' successfully

2022-01-12 22:00:23 - [TEST_STEP][PASSED] - click(findTestObject("Object Repository/Page_Moodle Administration Search/a_Users")): Object: 'Object Repository/Page_Moodle Administration Search/a_Users' is clicked on

2022-01-12 22:00:24 - [MESSAGE][PASSED] - Object: 'Object Repository/Page_Moodle Administration Search/a_Users' is clicked on

2022-01-12 22:00:24 - [TEST_STEP][PASSED] - click(findTestObject("Object Repository/Page_Moodle Administration Search/a_Add a new user")): Object: 'Object Repository/Page_Moodle Administration Search/a_Add a new user' is clicked on

2022-01-12 22:00:25 - [MESSAGE][PASSED] - Object: 'Object Repository/Page_Moodle Administration Search/a_Add a new user' is clicked on

2022-01-12 22:00:25 - [TEST_STEP][PASSED] - setText(findTestObject("Object Repository/Page_Moodle Administration Users Accounts A_0fbd97/input_Username_username"), "trongle"): Text 'trongle' is set on object 'Object Repository/Page_Moodle Administration Users Accounts A_0fbd97/input_Username_username'

2022-01-12 22:00:26 - [MESSAGE][PASSED] - Text 'trongle' is set on object 'Object Repository/Page_Moodle Administration Users Accounts A_0fbd97/input_Username_username'

2022-01-12 22:00:26 - [TEST_STEP][PASSED] - click(findTestObject("Page_Moodle Administration Users Accounts Add a new user/a_Click to enter text")): Object: 'Object Repository/Page_Moodle Administration Users Accounts Add a new user/a_Click to enter text' is clicked on

2022-01-12 22:00:27 - [MESSAGE][PASSED] - Object: 'Object Repository/Page_Moodle Administration Users Accounts Add a new user/a_Click to enter text' is clicked on

2022-01-12 22:00:27 - [TEST_STEP][PASSED] - setEncryptedText(findTestObject("Object Repository/Page_Moodle Administration Users Accounts A_0fbd97/input_New password_newpassword"), "CsLZwaoQGhsWdKVDaGOwGg=="): Text ****** has been set on object 'Object Repository/Page_Moodle Administration Users Accounts A_0fbd97/input_New password_newpassword'

2022-01-12 22:00:27 - [MESSAGE][PASSED] - Text ****** has been set on object 'Object Repository/Page_Moodle Administration Users Accounts A_0fbd97/input_New password_newpassword'

2022-01-12 22:00:27 - [TEST_STEP][PASSED] - setText(findTestObject("Object Repository/Page_Moodle Administration Users Accounts A_0fbd97/input_First name_firstname"), "Trong"): Text 'Trong' is set on object 'Object Repository/Page_Moodle Administration Users Accounts A_0fbd97/input_First name_firstname'

2022-01-12 22:00:28 - [MESSAGE][PASSED] - Text 'Trong' is set on object 'Object Repository/Page_Moodle Administration Users Accounts A_0fbd97/input_First name_firstname'

2022-01-12 22:00:28 - [TEST_STEP][PASSED] - setText(findTestObject("Object Repository/Page_Moodle Administration Users Accounts A_0fbd97/input_Surname_lastname"), "Le"): Text 'Le' is set on object 'Object Repository/Page_Moodle Administration Users Accounts A_0fbd97/input_Surname_lastname'

2022-01-12 22:00:29 - [MESSAGE][PASSED] - Text 'Le' is set on object 'Object Repository/Page_Moodle Administration Users Accounts A_0fbd97/input_Surname_lastname'

2022-01-12 22:00:29 - [TEST_STEP][PASSED] - setText(findTestObject("Object Repository/Page_Moodle Administration Users Accounts A_0fbd97/input_Email address_email"), "quoctrongle2001@gmail.com"): Text 'quoctrongle2001@gmail.com' is set on object 'Object Repository/Page_Moodle Administration Users Accounts A_0fbd97/input_Email address_email'

2022-01-12 22:00:30 - [MESSAGE][PASSED] - Text 'quoctrongle2001@gmail.com' is set on object 'Object Repository/Page_Moodle Administration Users Accounts A_0fbd97/input_Email address_email'

2022-01-12 22:00:30 - [TEST_STEP][PASSED] - click(findTestObject("Object Repository/Page_Moodle Administration Users Accounts A_0fbd97/input_Address_submitbutton")): Object: 'Object Repository/Page_Moodle Administration Users Accounts A_0fbd97/input_Address_submitbutton' is clicked on

2022-01-12 22:00:31 - [MESSAGE][PASSED] - Object: 'Object Repository/Page_Moodle Administration Users Accounts A_0fbd97/input_Address_submitbutton' is clicked on

2022-01-12 22:00:31 - [TEST_STEP][PASSED] - click(findTestObject("Object Repository/Page_Moodle Administration Users Accounts A_0fbd97/div_Passwords must have at least 1 upper ca_8e926f")): Object: 'Object Repository/Page_Moodle Administration Users Accounts A_0fbd97/div_Passwords must have at least 1 upper ca_8e926f' is clicked on

2022-01-12 22:00:33 - [MESSAGE][PASSED] - Object: 'Object Repository/Page_Moodle Administration Users Accounts A_0fbd97/div_Passwords must have at least 1 upper ca_8e926f' is clicked on]]></system-out>
         <system-err><![CDATA[]]></system-err>
      </testcase>
      <testcase name="Test Cases/Admin create user (without special character)" time="20.146" classname="Test Cases/Admin create user (without special character)" status="PASSED">
         <system-out><![CDATA[2022-01-12 22:00:33 - [TEST_CASE][PASSED] - Test Cases/Admin create user (without special character): Test Cases/Admin create user (without special character)

2022-01-12 22:00:33 - [TEST_STEP][PASSED] - callTestCase(findTestCase("Login as admin"), [:], STOP_ON_FAILURE): Call Test Case 'Test Cases/Login as admin' successfully

2022-01-12 22:00:33 - [TEST_CASE][PASSED] - Test Cases/Login as admin: Test Cases/Login as admin

2022-01-12 22:00:33 - [TEST_STEP][PASSED] - openBrowser(""): Browser is opened with url: ''

2022-01-12 22:00:33 - [MESSAGE][WARNING] - A browser is already opened. Closing browser and opening a new one

2022-01-12 22:00:34 - [MESSAGE][INFO] - Starting 'Edge Chromium' driver

2022-01-12 22:00:36 - [MESSAGE][INFO] - Action delay is set to 0 milliseconds

2022-01-12 22:00:37 - [MESSAGE][PASSED] - Browser is opened with url: ''

2022-01-12 22:00:37 - [TEST_STEP][PASSED] - navigateToUrl("http://localhost/"): Navigate to 'http://localhost/' successfully

2022-01-12 22:00:38 - [MESSAGE][PASSED] - Navigate to 'http://localhost/' successfully

2022-01-12 22:00:38 - [TEST_STEP][PASSED] - click(findTestObject("Object Repository/Page_My Moodle/a_Log in")): Object: 'Object Repository/Page_My Moodle/a_Log in' is clicked on

2022-01-12 22:00:39 - [MESSAGE][PASSED] - Object: 'Object Repository/Page_My Moodle/a_Log in' is clicked on

2022-01-12 22:00:39 - [TEST_STEP][PASSED] - setText(findTestObject("Object Repository/Page_My Moodle Log in to the site/input_Username_username"), "admin"): Text 'admin' is set on object 'Object Repository/Page_My Moodle Log in to the site/input_Username_username'

2022-01-12 22:00:39 - [MESSAGE][PASSED] - Text 'admin' is set on object 'Object Repository/Page_My Moodle Log in to the site/input_Username_username'

2022-01-12 22:00:39 - [TEST_STEP][PASSED] - setEncryptedText(findTestObject("Object Repository/Page_My Moodle Log in to the site/input_Password_password"), "7Dxoto1EjKfQbGop/Ov+1g=="): Text ****** has been set on object 'Object Repository/Page_My Moodle Log in to the site/input_Password_password'

2022-01-12 22:00:40 - [MESSAGE][PASSED] - Text ****** has been set on object 'Object Repository/Page_My Moodle Log in to the site/input_Password_password'

2022-01-12 22:00:40 - [TEST_STEP][PASSED] - click(findTestObject("Object Repository/Page_My Moodle Log in to the site/button_Log in")): Object: 'Object Repository/Page_My Moodle Log in to the site/button_Log in' is clicked on

2022-01-12 22:00:41 - [MESSAGE][PASSED] - Object: 'Object Repository/Page_My Moodle Log in to the site/button_Log in' is clicked on

2022-01-12 22:00:41 - [MESSAGE][PASSED] - Call Test Case 'Test Cases/Login as admin' successfully

2022-01-12 22:00:41 - [TEST_STEP][PASSED] - click(findTestObject("Object Repository/Page_Dashboard/span_Site administration")): Object: 'Object Repository/Page_Dashboard/span_Site administration' is clicked on

2022-01-12 22:00:43 - [MESSAGE][PASSED] - Object: 'Object Repository/Page_Dashboard/span_Site administration' is clicked on

2022-01-12 22:00:43 - [TEST_STEP][PASSED] - navigateToUrl("http://localhost/admin/search.php"): Navigate to 'http://localhost/admin/search.php' successfully

2022-01-12 22:00:43 - [MESSAGE][PASSED] - Navigate to 'http://localhost/admin/search.php' successfully

2022-01-12 22:00:43 - [TEST_STEP][PASSED] - click(findTestObject("Object Repository/Page_Moodle Administration Search/a_Users")): Object: 'Object Repository/Page_Moodle Administration Search/a_Users' is clicked on

2022-01-12 22:00:44 - [MESSAGE][PASSED] - Object: 'Object Repository/Page_Moodle Administration Search/a_Users' is clicked on

2022-01-12 22:00:44 - [TEST_STEP][PASSED] - click(findTestObject("Object Repository/Page_Moodle Administration Search/a_Add a new user")): Object: 'Object Repository/Page_Moodle Administration Search/a_Add a new user' is clicked on

2022-01-12 22:00:45 - [MESSAGE][PASSED] - Object: 'Object Repository/Page_Moodle Administration Search/a_Add a new user' is clicked on

2022-01-12 22:00:45 - [TEST_STEP][PASSED] - setText(findTestObject("Object Repository/Page_Moodle Administration Users Accounts A_0fbd97/input_Username_username"), "trongle"): Text 'trongle' is set on object 'Object Repository/Page_Moodle Administration Users Accounts A_0fbd97/input_Username_username'

2022-01-12 22:00:46 - [MESSAGE][PASSED] - Text 'trongle' is set on object 'Object Repository/Page_Moodle Administration Users Accounts A_0fbd97/input_Username_username'

2022-01-12 22:00:46 - [TEST_STEP][PASSED] - click(findTestObject("Page_Moodle Administration Users Accounts Add a new user/a_Click to enter text")): Object: 'Object Repository/Page_Moodle Administration Users Accounts Add a new user/a_Click to enter text' is clicked on

2022-01-12 22:00:47 - [MESSAGE][PASSED] - Object: 'Object Repository/Page_Moodle Administration Users Accounts Add a new user/a_Click to enter text' is clicked on

2022-01-12 22:00:47 - [TEST_STEP][PASSED] - setEncryptedText(findTestObject("Object Repository/Page_Moodle Administration Users Accounts A_0fbd97/input_New password_newpassword"), "mCo/tqFMQKuexH2GqaxtIQ=="): Text ****** has been set on object 'Object Repository/Page_Moodle Administration Users Accounts A_0fbd97/input_New password_newpassword'

2022-01-12 22:00:47 - [MESSAGE][PASSED] - Text ****** has been set on object 'Object Repository/Page_Moodle Administration Users Accounts A_0fbd97/input_New password_newpassword'

2022-01-12 22:00:47 - [TEST_STEP][PASSED] - setText(findTestObject("Object Repository/Page_Moodle Administration Users Accounts A_0fbd97/input_First name_firstname"), "Trong"): Text 'Trong' is set on object 'Object Repository/Page_Moodle Administration Users Accounts A_0fbd97/input_First name_firstname'

2022-01-12 22:00:48 - [MESSAGE][PASSED] - Text 'Trong' is set on object 'Object Repository/Page_Moodle Administration Users Accounts A_0fbd97/input_First name_firstname'

2022-01-12 22:00:48 - [TEST_STEP][PASSED] - setText(findTestObject("Object Repository/Page_Moodle Administration Users Accounts A_0fbd97/input_Surname_lastname"), "Le"): Text 'Le' is set on object 'Object Repository/Page_Moodle Administration Users Accounts A_0fbd97/input_Surname_lastname'

2022-01-12 22:00:49 - [MESSAGE][PASSED] - Text 'Le' is set on object 'Object Repository/Page_Moodle Administration Users Accounts A_0fbd97/input_Surname_lastname'

2022-01-12 22:00:49 - [TEST_STEP][PASSED] - setText(findTestObject("Object Repository/Page_Moodle Administration Users Accounts A_0fbd97/input_Email address_email"), "quoctrongle2001@gmail.com"): Text 'quoctrongle2001@gmail.com' is set on object 'Object Repository/Page_Moodle Administration Users Accounts A_0fbd97/input_Email address_email'

2022-01-12 22:00:50 - [MESSAGE][PASSED] - Text 'quoctrongle2001@gmail.com' is set on object 'Object Repository/Page_Moodle Administration Users Accounts A_0fbd97/input_Email address_email'

2022-01-12 22:00:50 - [TEST_STEP][PASSED] - click(findTestObject("Object Repository/Page_Moodle Administration Users Accounts A_0fbd97/input_Address_submitbutton")): Object: 'Object Repository/Page_Moodle Administration Users Accounts A_0fbd97/input_Address_submitbutton' is clicked on

2022-01-12 22:00:52 - [MESSAGE][PASSED] - Object: 'Object Repository/Page_Moodle Administration Users Accounts A_0fbd97/input_Address_submitbutton' is clicked on

2022-01-12 22:00:52 - [TEST_STEP][PASSED] - click(findTestObject("Object Repository/Page_Moodle Administration Users Accounts A_0fbd97/div_The password must have at least 1 speci_80717b")): Object: 'Object Repository/Page_Moodle Administration Users Accounts A_0fbd97/div_The password must have at least 1 speci_80717b' is clicked on

2022-01-12 22:00:53 - [MESSAGE][PASSED] - Object: 'Object Repository/Page_Moodle Administration Users Accounts A_0fbd97/div_The password must have at least 1 speci_80717b' is clicked on]]></system-out>
         <system-err><![CDATA[]]></system-err>
      </testcase>
      <testcase name="Test Cases/Assgin system role" time="21.297" classname="Test Cases/Assgin system role" status="PASSED">
         <system-out><![CDATA[2022-01-12 22:00:53 - [TEST_CASE][PASSED] - Test Cases/Assgin system role: Test Cases/Assgin system role

2022-01-12 22:00:53 - [TEST_STEP][PASSED] - callTestCase(findTestCase("Login as admin"), [:], STOP_ON_FAILURE): Call Test Case 'Test Cases/Login as admin' successfully

2022-01-12 22:00:53 - [TEST_CASE][PASSED] - Test Cases/Login as admin: Test Cases/Login as admin

2022-01-12 22:00:53 - [TEST_STEP][PASSED] - openBrowser(""): Browser is opened with url: ''

2022-01-12 22:00:53 - [MESSAGE][WARNING] - A browser is already opened. Closing browser and opening a new one

2022-01-12 22:00:54 - [MESSAGE][INFO] - Starting 'Edge Chromium' driver

2022-01-12 22:00:56 - [MESSAGE][INFO] - Action delay is set to 0 milliseconds

2022-01-12 22:00:58 - [MESSAGE][PASSED] - Browser is opened with url: ''

2022-01-12 22:00:58 - [TEST_STEP][PASSED] - navigateToUrl("http://localhost/"): Navigate to 'http://localhost/' successfully

2022-01-12 22:00:58 - [MESSAGE][PASSED] - Navigate to 'http://localhost/' successfully

2022-01-12 22:00:58 - [TEST_STEP][PASSED] - click(findTestObject("Object Repository/Page_My Moodle/a_Log in")): Object: 'Object Repository/Page_My Moodle/a_Log in' is clicked on

2022-01-12 22:00:59 - [MESSAGE][PASSED] - Object: 'Object Repository/Page_My Moodle/a_Log in' is clicked on

2022-01-12 22:00:59 - [TEST_STEP][PASSED] - setText(findTestObject("Object Repository/Page_My Moodle Log in to the site/input_Username_username"), "admin"): Text 'admin' is set on object 'Object Repository/Page_My Moodle Log in to the site/input_Username_username'

2022-01-12 22:01:00 - [MESSAGE][PASSED] - Text 'admin' is set on object 'Object Repository/Page_My Moodle Log in to the site/input_Username_username'

2022-01-12 22:01:00 - [TEST_STEP][PASSED] - setEncryptedText(findTestObject("Object Repository/Page_My Moodle Log in to the site/input_Password_password"), "7Dxoto1EjKfQbGop/Ov+1g=="): Text ****** has been set on object 'Object Repository/Page_My Moodle Log in to the site/input_Password_password'

2022-01-12 22:01:00 - [MESSAGE][PASSED] - Text ****** has been set on object 'Object Repository/Page_My Moodle Log in to the site/input_Password_password'

2022-01-12 22:01:00 - [TEST_STEP][PASSED] - click(findTestObject("Object Repository/Page_My Moodle Log in to the site/button_Log in")): Object: 'Object Repository/Page_My Moodle Log in to the site/button_Log in' is clicked on

2022-01-12 22:01:01 - [MESSAGE][PASSED] - Object: 'Object Repository/Page_My Moodle Log in to the site/button_Log in' is clicked on

2022-01-12 22:01:01 - [MESSAGE][PASSED] - Call Test Case 'Test Cases/Login as admin' successfully

2022-01-12 22:01:01 - [TEST_STEP][PASSED] - click(findTestObject("Object Repository/Page_Dashboard/span_Site administration")): Object: 'Object Repository/Page_Dashboard/span_Site administration' is clicked on

2022-01-12 22:01:03 - [MESSAGE][PASSED] - Object: 'Object Repository/Page_Dashboard/span_Site administration' is clicked on

2022-01-12 22:01:03 - [TEST_STEP][PASSED] - navigateToUrl("http://localhost/admin/search.php"): Navigate to 'http://localhost/admin/search.php' successfully

2022-01-12 22:01:03 - [MESSAGE][PASSED] - Navigate to 'http://localhost/admin/search.php' successfully

2022-01-12 22:01:03 - [TEST_STEP][PASSED] - click(findTestObject("Object Repository/Page_Moodle Administration Search/a_Users")): Object: 'Object Repository/Page_Moodle Administration Search/a_Users' is clicked on

2022-01-12 22:01:04 - [MESSAGE][PASSED] - Object: 'Object Repository/Page_Moodle Administration Search/a_Users' is clicked on

2022-01-12 22:01:04 - [TEST_STEP][PASSED] - click(findTestObject("Object Repository/Page_Moodle Administration Search/a_Assign system roles")): Object: 'Object Repository/Page_Moodle Administration Search/a_Assign system roles' is clicked on

2022-01-12 22:01:05 - [MESSAGE][PASSED] - Object: 'Object Repository/Page_Moodle Administration Search/a_Assign system roles' is clicked on

2022-01-12 22:01:05 - [TEST_STEP][PASSED] - click(findTestObject("Object Repository/Page_Moodle Administration Users Permission_6fdc16/a_Manager")): Object: 'Object Repository/Page_Moodle Administration Users Permission_6fdc16/a_Manager' is clicked on

2022-01-12 22:01:06 - [MESSAGE][PASSED] - Object: 'Object Repository/Page_Moodle Administration Users Permission_6fdc16/a_Manager' is clicked on

2022-01-12 22:01:06 - [TEST_STEP][PASSED] - selectOptionByValue(findTestObject("Object Repository/Page_Moodle Administration Users Permission_6fdc16/select_V Duy (vhbaoduy0808gmail.com)    Adm_1c62ef"), "2", true): All options with value '2' are selected in object 'Object Repository/Page_Moodle Administration Users Permission_6fdc16/select_V Duy (vhbaoduy0808gmail.com)    Adm_1c62ef'  using regular expression

2022-01-12 22:01:07 - [MESSAGE][PASSED] - All options with value '2' are selected in object 'Object Repository/Page_Moodle Administration Users Permission_6fdc16/select_V Duy (vhbaoduy0808gmail.com)    Adm_1c62ef'  using regular expression

2022-01-12 22:01:07 - [TEST_STEP][PASSED] - click(findTestObject("Object Repository/Page_Moodle Administration Users Permission_6fdc16/input_Match the search text anywhere in the_89f7b5")): Object: 'Object Repository/Page_Moodle Administration Users Permission_6fdc16/input_Match the search text anywhere in the_89f7b5' is clicked on

2022-01-12 22:01:08 - [MESSAGE][PASSED] - Object: 'Object Repository/Page_Moodle Administration Users Permission_6fdc16/input_Match the search text anywhere in the_89f7b5' is clicked on

2022-01-12 22:01:08 - [TEST_STEP][PASSED] - click(findTestObject("Object Repository/Page_Moodle Administration Users Permission_6fdc16/a_Site administration")): Object: 'Object Repository/Page_Moodle Administration Users Permission_6fdc16/a_Site administration' is clicked on

2022-01-12 22:01:09 - [MESSAGE][PASSED] - Object: 'Object Repository/Page_Moodle Administration Users Permission_6fdc16/a_Site administration' is clicked on

2022-01-12 22:01:09 - [TEST_STEP][PASSED] - click(findTestObject("Object Repository/Page_Moodle Administration Search/a_Users")): Object: 'Object Repository/Page_Moodle Administration Search/a_Users' is clicked on

2022-01-12 22:01:10 - [MESSAGE][PASSED] - Object: 'Object Repository/Page_Moodle Administration Search/a_Users' is clicked on

2022-01-12 22:01:10 - [TEST_STEP][PASSED] - click(findTestObject("Object Repository/Page_Moodle Administration Search/a_Assign system roles")): Object: 'Object Repository/Page_Moodle Administration Search/a_Assign system roles' is clicked on

2022-01-12 22:01:11 - [MESSAGE][PASSED] - Object: 'Object Repository/Page_Moodle Administration Search/a_Assign system roles' is clicked on

2022-01-12 22:01:11 - [TEST_STEP][PASSED] - click(findTestObject("Object Repository/Page_Moodle Administration Users Permission_6fdc16/a_Course creator")): Object: 'Object Repository/Page_Moodle Administration Users Permission_6fdc16/a_Course creator' is clicked on

2022-01-12 22:01:12 - [MESSAGE][PASSED] - Object: 'Object Repository/Page_Moodle Administration Users Permission_6fdc16/a_Course creator' is clicked on

2022-01-12 22:01:12 - [TEST_STEP][PASSED] - selectOptionByValue(findTestObject("Object Repository/Page_Moodle Administration Users Permission_6fdc16/select_V Duy (vhbaoduy0808gmail.com)    Adm_1c62ef"), "2", true): All options with value '2' are selected in object 'Object Repository/Page_Moodle Administration Users Permission_6fdc16/select_V Duy (vhbaoduy0808gmail.com)    Adm_1c62ef'  using regular expression

2022-01-12 22:01:13 - [MESSAGE][PASSED] - All options with value '2' are selected in object 'Object Repository/Page_Moodle Administration Users Permission_6fdc16/select_V Duy (vhbaoduy0808gmail.com)    Adm_1c62ef'  using regular expression

2022-01-12 22:01:13 - [TEST_STEP][PASSED] - click(findTestObject("Object Repository/Page_Moodle Administration Users Permission_6fdc16/input_Match the search text anywhere in the_89f7b5")): Object: 'Object Repository/Page_Moodle Administration Users Permission_6fdc16/input_Match the search text anywhere in the_89f7b5' is clicked on

2022-01-12 22:01:14 - [MESSAGE][PASSED] - Object: 'Object Repository/Page_Moodle Administration Users Permission_6fdc16/input_Match the search text anywhere in the_89f7b5' is clicked on]]></system-out>
         <system-err><![CDATA[]]></system-err>
      </testcase>
      <testcase name="Test Cases/Admin assign system administrators" time="22.182" classname="Test Cases/Admin assign system administrators" status="PASSED">
         <system-out><![CDATA[2022-01-12 22:01:14 - [TEST_CASE][PASSED] - Test Cases/Admin assign system administrators: Test Cases/Admin assign system administrators

2022-01-12 22:01:14 - [TEST_STEP][PASSED] - callTestCase(findTestCase("Login as admin"), [:], STOP_ON_FAILURE): Call Test Case 'Test Cases/Login as admin' successfully

2022-01-12 22:01:14 - [TEST_CASE][PASSED] - Test Cases/Login as admin: Test Cases/Login as admin

2022-01-12 22:01:14 - [TEST_STEP][PASSED] - openBrowser(""): Browser is opened with url: ''

2022-01-12 22:01:14 - [MESSAGE][WARNING] - A browser is already opened. Closing browser and opening a new one

2022-01-12 22:01:15 - [MESSAGE][INFO] - Starting 'Edge Chromium' driver

2022-01-12 22:01:18 - [MESSAGE][INFO] - Action delay is set to 0 milliseconds

2022-01-12 22:01:19 - [MESSAGE][PASSED] - Browser is opened with url: ''

2022-01-12 22:01:19 - [TEST_STEP][PASSED] - navigateToUrl("http://localhost/"): Navigate to 'http://localhost/' successfully

2022-01-12 22:01:19 - [MESSAGE][PASSED] - Navigate to 'http://localhost/' successfully

2022-01-12 22:01:19 - [TEST_STEP][PASSED] - click(findTestObject("Object Repository/Page_My Moodle/a_Log in")): Object: 'Object Repository/Page_My Moodle/a_Log in' is clicked on

2022-01-12 22:01:20 - [MESSAGE][PASSED] - Object: 'Object Repository/Page_My Moodle/a_Log in' is clicked on

2022-01-12 22:01:20 - [TEST_STEP][PASSED] - setText(findTestObject("Object Repository/Page_My Moodle Log in to the site/input_Username_username"), "admin"): Text 'admin' is set on object 'Object Repository/Page_My Moodle Log in to the site/input_Username_username'

2022-01-12 22:01:21 - [MESSAGE][PASSED] - Text 'admin' is set on object 'Object Repository/Page_My Moodle Log in to the site/input_Username_username'

2022-01-12 22:01:21 - [TEST_STEP][PASSED] - setEncryptedText(findTestObject("Object Repository/Page_My Moodle Log in to the site/input_Password_password"), "7Dxoto1EjKfQbGop/Ov+1g=="): Text ****** has been set on object 'Object Repository/Page_My Moodle Log in to the site/input_Password_password'

2022-01-12 22:01:21 - [MESSAGE][PASSED] - Text ****** has been set on object 'Object Repository/Page_My Moodle Log in to the site/input_Password_password'

2022-01-12 22:01:21 - [TEST_STEP][PASSED] - click(findTestObject("Object Repository/Page_My Moodle Log in to the site/button_Log in")): Object: 'Object Repository/Page_My Moodle Log in to the site/button_Log in' is clicked on

2022-01-12 22:01:23 - [MESSAGE][PASSED] - Object: 'Object Repository/Page_My Moodle Log in to the site/button_Log in' is clicked on

2022-01-12 22:01:23 - [MESSAGE][PASSED] - Call Test Case 'Test Cases/Login as admin' successfully

2022-01-12 22:01:23 - [TEST_STEP][PASSED] - click(findTestObject("Object Repository/Page_Dashboard/span_Site administration")): Object: 'Object Repository/Page_Dashboard/span_Site administration' is clicked on

2022-01-12 22:01:24 - [MESSAGE][PASSED] - Object: 'Object Repository/Page_Dashboard/span_Site administration' is clicked on

2022-01-12 22:01:24 - [TEST_STEP][PASSED] - navigateToUrl("http://localhost/admin/search.php"): Navigate to 'http://localhost/admin/search.php' successfully

2022-01-12 22:01:25 - [MESSAGE][PASSED] - Navigate to 'http://localhost/admin/search.php' successfully

2022-01-12 22:01:25 - [TEST_STEP][PASSED] - click(findTestObject("Object Repository/Page_Moodle Administration Search/a_Users")): Object: 'Object Repository/Page_Moodle Administration Search/a_Users' is clicked on

2022-01-12 22:01:25 - [MESSAGE][PASSED] - Object: 'Object Repository/Page_Moodle Administration Search/a_Users' is clicked on

2022-01-12 22:01:25 - [TEST_STEP][PASSED] - click(findTestObject("Object Repository/Page_Moodle Administration Search/a_Site administrators")): Object: 'Object Repository/Page_Moodle Administration Search/a_Site administrators' is clicked on

2022-01-12 22:01:26 - [MESSAGE][PASSED] - Object: 'Object Repository/Page_Moodle Administration Search/a_Site administrators' is clicked on

2022-01-12 22:01:26 - [TEST_STEP][PASSED] - selectOptionByValue(findTestObject("Object Repository/Page_Moodle Administration Users Permission_a5c101/select_V Duy (vhbaoduy0808gmail.com)    Tro_952a8e"), "3", true): All options with value '3' are selected in object 'Object Repository/Page_Moodle Administration Users Permission_a5c101/select_V Duy (vhbaoduy0808gmail.com)    Tro_952a8e'  using regular expression

2022-01-12 22:01:27 - [MESSAGE][PASSED] - All options with value '3' are selected in object 'Object Repository/Page_Moodle Administration Users Permission_a5c101/select_V Duy (vhbaoduy0808gmail.com)    Tro_952a8e'  using regular expression

2022-01-12 22:01:27 - [TEST_STEP][PASSED] - click(findTestObject("Object Repository/Page_Moodle Administration Users Permission_a5c101/input_Match the search text anywhere in the_89f7b5")): Object: 'Object Repository/Page_Moodle Administration Users Permission_a5c101/input_Match the search text anywhere in the_89f7b5' is clicked on

2022-01-12 22:01:28 - [MESSAGE][PASSED] - Object: 'Object Repository/Page_Moodle Administration Users Permission_a5c101/input_Match the search text anywhere in the_89f7b5' is clicked on

2022-01-12 22:01:28 - [TEST_STEP][PASSED] - click(findTestObject("Object Repository/Page_Moodle Administration Users Permission_a5c101/button_Continue")): Object: 'Object Repository/Page_Moodle Administration Users Permission_a5c101/button_Continue' is clicked on

2022-01-12 22:01:30 - [MESSAGE][PASSED] - Object: 'Object Repository/Page_Moodle Administration Users Permission_a5c101/button_Continue' is clicked on

2022-01-12 22:01:30 - [TEST_STEP][PASSED] - click(findTestObject("Object Repository/Page_Moodle Administration Users Permission_a5c101/a_Admin Team")): Object: 'Object Repository/Page_Moodle Administration Users Permission_a5c101/a_Admin Team' is clicked on

2022-01-12 22:01:30 - [MESSAGE][PASSED] - Object: 'Object Repository/Page_Moodle Administration Users Permission_a5c101/a_Admin Team' is clicked on

2022-01-12 22:01:30 - [TEST_STEP][PASSED] - click(findTestObject("Object Repository/Page_Moodle Administration Users Permission_a5c101/span_Log out")): Object: 'Object Repository/Page_Moodle Administration Users Permission_a5c101/span_Log out' is clicked on

2022-01-12 22:01:31 - [MESSAGE][PASSED] - Object: 'Object Repository/Page_Moodle Administration Users Permission_a5c101/span_Log out' is clicked on

2022-01-12 22:01:31 - [TEST_STEP][PASSED] - click(findTestObject("Object Repository/Page_My Moodle/a_Log in")): Object: 'Object Repository/Page_My Moodle/a_Log in' is clicked on

2022-01-12 22:01:32 - [MESSAGE][PASSED] - Object: 'Object Repository/Page_My Moodle/a_Log in' is clicked on

2022-01-12 22:01:32 - [TEST_STEP][PASSED] - setText(findTestObject("Object Repository/Page_My Moodle Log in to the site/input_Username_username"), "voduy"): Text 'voduy' is set on object 'Object Repository/Page_My Moodle Log in to the site/input_Username_username'

2022-01-12 22:01:32 - [MESSAGE][PASSED] - Text 'voduy' is set on object 'Object Repository/Page_My Moodle Log in to the site/input_Username_username'

2022-01-12 22:01:32 - [TEST_STEP][PASSED] - setEncryptedText(findTestObject("Object Repository/Page_My Moodle Log in to the site/input_Password_password"), "j1ZzzeKf8NiE21d5rsNRrQ=="): Text ****** has been set on object 'Object Repository/Page_My Moodle Log in to the site/input_Password_password'

2022-01-12 22:01:33 - [MESSAGE][PASSED] - Text ****** has been set on object 'Object Repository/Page_My Moodle Log in to the site/input_Password_password'

2022-01-12 22:01:33 - [TEST_STEP][PASSED] - click(findTestObject("Object Repository/Page_My Moodle Log in to the site/button_Log in")): Object: 'Object Repository/Page_My Moodle Log in to the site/button_Log in' is clicked on

2022-01-12 22:01:34 - [MESSAGE][PASSED] - Object: 'Object Repository/Page_My Moodle Log in to the site/button_Log in' is clicked on

2022-01-12 22:01:34 - [TEST_STEP][PASSED] - click(findTestObject("Object Repository/Page_Dashboard/span_Site administration")): Object: 'Object Repository/Page_Dashboard/span_Site administration' is clicked on

2022-01-12 22:01:36 - [MESSAGE][PASSED] - Object: 'Object Repository/Page_Dashboard/span_Site administration' is clicked on

2022-01-12 22:01:36 - [TEST_STEP][PASSED] - click(findTestObject("Object Repository/Page_Moodle Administration Search/a_Users")): Object: 'Object Repository/Page_Moodle Administration Search/a_Users' is clicked on

2022-01-12 22:01:36 - [MESSAGE][PASSED] - Object: 'Object Repository/Page_Moodle Administration Search/a_Users' is clicked on]]></system-out>
         <system-err><![CDATA[]]></system-err>
      </testcase>
      <testcase name="Test Cases/Admin add new cohort (user)" time="21.387" classname="Test Cases/Admin add new cohort (user)" status="PASSED">
         <system-out><![CDATA[2022-01-12 22:01:36 - [TEST_CASE][PASSED] - Test Cases/Admin add new cohort (user): Test Cases/Admin add new cohort (user)

2022-01-12 22:01:36 - [TEST_STEP][PASSED] - callTestCase(findTestCase("Login as admin"), [:], STOP_ON_FAILURE): Call Test Case 'Test Cases/Login as admin' successfully

2022-01-12 22:01:37 - [TEST_CASE][PASSED] - Test Cases/Login as admin: Test Cases/Login as admin

2022-01-12 22:01:37 - [TEST_STEP][PASSED] - openBrowser(""): Browser is opened with url: ''

2022-01-12 22:01:37 - [MESSAGE][WARNING] - A browser is already opened. Closing browser and opening a new one

2022-01-12 22:01:37 - [MESSAGE][INFO] - Starting 'Edge Chromium' driver

2022-01-12 22:01:40 - [MESSAGE][INFO] - Action delay is set to 0 milliseconds

2022-01-12 22:01:41 - [MESSAGE][PASSED] - Browser is opened with url: ''

2022-01-12 22:01:41 - [TEST_STEP][PASSED] - navigateToUrl("http://localhost/"): Navigate to 'http://localhost/' successfully

2022-01-12 22:01:42 - [MESSAGE][PASSED] - Navigate to 'http://localhost/' successfully

2022-01-12 22:01:42 - [TEST_STEP][PASSED] - click(findTestObject("Object Repository/Page_My Moodle/a_Log in")): Object: 'Object Repository/Page_My Moodle/a_Log in' is clicked on

2022-01-12 22:01:42 - [MESSAGE][PASSED] - Object: 'Object Repository/Page_My Moodle/a_Log in' is clicked on

2022-01-12 22:01:42 - [TEST_STEP][PASSED] - setText(findTestObject("Object Repository/Page_My Moodle Log in to the site/input_Username_username"), "admin"): Text 'admin' is set on object 'Object Repository/Page_My Moodle Log in to the site/input_Username_username'

2022-01-12 22:01:43 - [MESSAGE][PASSED] - Text 'admin' is set on object 'Object Repository/Page_My Moodle Log in to the site/input_Username_username'

2022-01-12 22:01:43 - [TEST_STEP][PASSED] - setEncryptedText(findTestObject("Object Repository/Page_My Moodle Log in to the site/input_Password_password"), "7Dxoto1EjKfQbGop/Ov+1g=="): Text ****** has been set on object 'Object Repository/Page_My Moodle Log in to the site/input_Password_password'

2022-01-12 22:01:44 - [MESSAGE][PASSED] - Text ****** has been set on object 'Object Repository/Page_My Moodle Log in to the site/input_Password_password'

2022-01-12 22:01:44 - [TEST_STEP][PASSED] - click(findTestObject("Object Repository/Page_My Moodle Log in to the site/button_Log in")): Object: 'Object Repository/Page_My Moodle Log in to the site/button_Log in' is clicked on

2022-01-12 22:01:45 - [MESSAGE][PASSED] - Object: 'Object Repository/Page_My Moodle Log in to the site/button_Log in' is clicked on

2022-01-12 22:01:45 - [MESSAGE][PASSED] - Call Test Case 'Test Cases/Login as admin' successfully

2022-01-12 22:01:45 - [TEST_STEP][PASSED] - click(findTestObject("Object Repository/Page_Dashboard/a_Site administration")): Object: 'Object Repository/Page_Dashboard/a_Site administration' is clicked on

2022-01-12 22:01:47 - [MESSAGE][PASSED] - Object: 'Object Repository/Page_Dashboard/a_Site administration' is clicked on

2022-01-12 22:01:47 - [TEST_STEP][PASSED] - navigateToUrl("http://localhost/admin/search.php"): Navigate to 'http://localhost/admin/search.php' successfully

2022-01-12 22:01:47 - [MESSAGE][PASSED] - Navigate to 'http://localhost/admin/search.php' successfully

2022-01-12 22:01:47 - [TEST_STEP][PASSED] - click(findTestObject("Object Repository/Page_Moodle Administration Search/a_Users")): Object: 'Object Repository/Page_Moodle Administration Search/a_Users' is clicked on

2022-01-12 22:01:48 - [MESSAGE][PASSED] - Object: 'Object Repository/Page_Moodle Administration Search/a_Users' is clicked on

2022-01-12 22:01:48 - [TEST_STEP][PASSED] - click(findTestObject("Object Repository/Page_Moodle Administration Search/a_Cohorts")): Object: 'Object Repository/Page_Moodle Administration Search/a_Cohorts' is clicked on

2022-01-12 22:01:48 - [MESSAGE][PASSED] - Object: 'Object Repository/Page_Moodle Administration Search/a_Cohorts' is clicked on

2022-01-12 22:01:48 - [TEST_STEP][PASSED] - click(findTestObject("Object Repository/Page_Moodle Administration Users Accounts Cohorts/a_Add new cohort")): Object: 'Object Repository/Page_Moodle Administration Users Accounts Cohorts/a_Add new cohort' is clicked on

2022-01-12 22:01:50 - [MESSAGE][PASSED] - Object: 'Object Repository/Page_Moodle Administration Users Accounts Cohorts/a_Add new cohort' is clicked on

2022-01-12 22:01:50 - [TEST_STEP][PASSED] - setText(findTestObject("Object Repository/Page_Add new cohort/input_Name_name"), "Teachers"): Text 'Teachers' is set on object 'Object Repository/Page_Add new cohort/input_Name_name'

2022-01-12 22:01:51 - [MESSAGE][PASSED] - Text 'Teachers' is set on object 'Object Repository/Page_Add new cohort/input_Name_name'

2022-01-12 22:01:51 - [TEST_STEP][PASSED] - setText(findTestObject("Object Repository/Page_Add new cohort/input_Cohort ID_idnumber"), "01"): Text '01' is set on object 'Object Repository/Page_Add new cohort/input_Cohort ID_idnumber'

2022-01-12 22:01:52 - [MESSAGE][PASSED] - Text '01' is set on object 'Object Repository/Page_Add new cohort/input_Cohort ID_idnumber'

2022-01-12 22:01:52 - [TEST_STEP][PASSED] - click(findTestObject("Object Repository/Page_Add new cohort/input_Description_submitbutton")): Object: 'Object Repository/Page_Add new cohort/input_Description_submitbutton' is clicked on

2022-01-12 22:01:53 - [MESSAGE][PASSED] - Object: 'Object Repository/Page_Add new cohort/input_Description_submitbutton' is clicked on

2022-01-12 22:01:53 - [TEST_STEP][PASSED] - click(findTestObject("Object Repository/Page_Moodle Administration Users Accounts Cohorts/a_Add new cohort")): Object: 'Object Repository/Page_Moodle Administration Users Accounts Cohorts/a_Add new cohort' is clicked on

2022-01-12 22:01:54 - [MESSAGE][PASSED] - Object: 'Object Repository/Page_Moodle Administration Users Accounts Cohorts/a_Add new cohort' is clicked on

2022-01-12 22:01:54 - [TEST_STEP][PASSED] - setText(findTestObject("Object Repository/Page_Add new cohort/input_Name_name"), "Students"): Text 'Students' is set on object 'Object Repository/Page_Add new cohort/input_Name_name'

2022-01-12 22:01:56 - [MESSAGE][PASSED] - Text 'Students' is set on object 'Object Repository/Page_Add new cohort/input_Name_name'

2022-01-12 22:01:56 - [TEST_STEP][PASSED] - setText(findTestObject("Object Repository/Page_Add new cohort/input_Cohort ID_idnumber"), "02"): Text '02' is set on object 'Object Repository/Page_Add new cohort/input_Cohort ID_idnumber'

2022-01-12 22:01:57 - [MESSAGE][PASSED] - Text '02' is set on object 'Object Repository/Page_Add new cohort/input_Cohort ID_idnumber'

2022-01-12 22:01:57 - [TEST_STEP][PASSED] - click(findTestObject("Object Repository/Page_Add new cohort/input_Description_submitbutton")): Object: 'Object Repository/Page_Add new cohort/input_Description_submitbutton' is clicked on

2022-01-12 22:01:58 - [MESSAGE][PASSED] - Object: 'Object Repository/Page_Add new cohort/input_Description_submitbutton' is clicked on]]></system-out>
         <system-err><![CDATA[]]></system-err>
      </testcase>
      <testcase name="Test Cases/Admin assign cohorts" time="31.309" classname="Test Cases/Admin assign cohorts" status="PASSED">
         <system-out><![CDATA[2022-01-12 22:01:58 - [TEST_CASE][PASSED] - Test Cases/Admin assign cohorts: Test Cases/Admin assign cohorts

2022-01-12 22:01:58 - [TEST_STEP][PASSED] - callTestCase(findTestCase("Login as admin"), [:], STOP_ON_FAILURE): Call Test Case 'Test Cases/Login as admin' successfully

2022-01-12 22:01:58 - [TEST_CASE][PASSED] - Test Cases/Login as admin: Test Cases/Login as admin

2022-01-12 22:01:58 - [TEST_STEP][PASSED] - openBrowser(""): Browser is opened with url: ''

2022-01-12 22:01:58 - [MESSAGE][WARNING] - A browser is already opened. Closing browser and opening a new one

2022-01-12 22:01:59 - [MESSAGE][INFO] - Starting 'Edge Chromium' driver

2022-01-12 22:02:01 - [MESSAGE][INFO] - Action delay is set to 0 milliseconds

2022-01-12 22:02:03 - [MESSAGE][PASSED] - Browser is opened with url: ''

2022-01-12 22:02:03 - [TEST_STEP][PASSED] - navigateToUrl("http://localhost/"): Navigate to 'http://localhost/' successfully

2022-01-12 22:02:03 - [MESSAGE][PASSED] - Navigate to 'http://localhost/' successfully

2022-01-12 22:02:03 - [TEST_STEP][PASSED] - click(findTestObject("Object Repository/Page_My Moodle/a_Log in")): Object: 'Object Repository/Page_My Moodle/a_Log in' is clicked on

2022-01-12 22:02:04 - [MESSAGE][PASSED] - Object: 'Object Repository/Page_My Moodle/a_Log in' is clicked on

2022-01-12 22:02:04 - [TEST_STEP][PASSED] - setText(findTestObject("Object Repository/Page_My Moodle Log in to the site/input_Username_username"), "admin"): Text 'admin' is set on object 'Object Repository/Page_My Moodle Log in to the site/input_Username_username'

2022-01-12 22:02:05 - [MESSAGE][PASSED] - Text 'admin' is set on object 'Object Repository/Page_My Moodle Log in to the site/input_Username_username'

2022-01-12 22:02:05 - [TEST_STEP][PASSED] - setEncryptedText(findTestObject("Object Repository/Page_My Moodle Log in to the site/input_Password_password"), "7Dxoto1EjKfQbGop/Ov+1g=="): Text ****** has been set on object 'Object Repository/Page_My Moodle Log in to the site/input_Password_password'

2022-01-12 22:02:05 - [MESSAGE][PASSED] - Text ****** has been set on object 'Object Repository/Page_My Moodle Log in to the site/input_Password_password'

2022-01-12 22:02:05 - [TEST_STEP][PASSED] - click(findTestObject("Object Repository/Page_My Moodle Log in to the site/button_Log in")): Object: 'Object Repository/Page_My Moodle Log in to the site/button_Log in' is clicked on

2022-01-12 22:02:06 - [MESSAGE][PASSED] - Object: 'Object Repository/Page_My Moodle Log in to the site/button_Log in' is clicked on

2022-01-12 22:02:06 - [MESSAGE][PASSED] - Call Test Case 'Test Cases/Login as admin' successfully

2022-01-12 22:02:06 - [TEST_STEP][PASSED] - click(findTestObject("Object Repository/Page_Dashboard/a_Site administration")): Object: 'Object Repository/Page_Dashboard/a_Site administration' is clicked on

2022-01-12 22:02:08 - [MESSAGE][PASSED] - Object: 'Object Repository/Page_Dashboard/a_Site administration' is clicked on

2022-01-12 22:02:08 - [TEST_STEP][PASSED] - navigateToUrl("http://localhost/admin/search.php"): Navigate to 'http://localhost/admin/search.php' successfully

2022-01-12 22:02:09 - [MESSAGE][PASSED] - Navigate to 'http://localhost/admin/search.php' successfully

2022-01-12 22:02:09 - [TEST_STEP][PASSED] - click(findTestObject("Object Repository/Page_Moodle Administration Search/a_Users")): Object: 'Object Repository/Page_Moodle Administration Search/a_Users' is clicked on

2022-01-12 22:02:09 - [MESSAGE][PASSED] - Object: 'Object Repository/Page_Moodle Administration Search/a_Users' is clicked on

2022-01-12 22:02:09 - [TEST_STEP][PASSED] - click(findTestObject("Object Repository/Page_Moodle Administration Search/a_Cohorts")): Object: 'Object Repository/Page_Moodle Administration Search/a_Cohorts' is clicked on

2022-01-12 22:02:10 - [MESSAGE][PASSED] - Object: 'Object Repository/Page_Moodle Administration Search/a_Cohorts' is clicked on

2022-01-12 22:02:10 - [TEST_STEP][PASSED] - click(findTestObject("Object Repository/Page_Moodle Administration Users Accounts Cohorts/i_Created manually_icon fa fa-users fa-fw")): Object: 'Object Repository/Page_Moodle Administration Users Accounts Cohorts/i_Created manually_icon fa fa-users fa-fw' is clicked on

2022-01-12 22:02:11 - [MESSAGE][PASSED] - Object: 'Object Repository/Page_Moodle Administration Users Accounts Cohorts/i_Created manually_icon fa fa-users fa-fw' is clicked on

2022-01-12 22:02:11 - [TEST_STEP][PASSED] - selectOptionByValue(findTestObject("Object Repository/Page_Assign cohort members/select_V Duy (vhbaoduy0808gmail.com)    Stu_203805"), "7", true): All options with value '7' are selected in object 'Object Repository/Page_Assign cohort members/select_V Duy (vhbaoduy0808gmail.com)    Stu_203805'  using regular expression

2022-01-12 22:02:12 - [MESSAGE][PASSED] - All options with value '7' are selected in object 'Object Repository/Page_Assign cohort members/select_V Duy (vhbaoduy0808gmail.com)    Stu_203805'  using regular expression

2022-01-12 22:02:12 - [TEST_STEP][PASSED] - selectOptionByValue(findTestObject("Object Repository/Page_Assign cohort members/select_V Duy (vhbaoduy0808gmail.com)    Stu_203805"), "6", true): All options with value '6' are selected in object 'Object Repository/Page_Assign cohort members/select_V Duy (vhbaoduy0808gmail.com)    Stu_203805'  using regular expression

2022-01-12 22:02:13 - [MESSAGE][PASSED] - All options with value '6' are selected in object 'Object Repository/Page_Assign cohort members/select_V Duy (vhbaoduy0808gmail.com)    Stu_203805'  using regular expression

2022-01-12 22:02:13 - [TEST_STEP][PASSED] - click(findTestObject("Object Repository/Page_Assign cohort members/input_Match the search text anywhere in the_89f7b5")): Object: 'Object Repository/Page_Assign cohort members/input_Match the search text anywhere in the_89f7b5' is clicked on

2022-01-12 22:02:14 - [MESSAGE][PASSED] - Object: 'Object Repository/Page_Assign cohort members/input_Match the search text anywhere in the_89f7b5' is clicked on

2022-01-12 22:02:14 - [TEST_STEP][PASSED] - selectOptionByValue(findTestObject("Object Repository/Page_Assign cohort members/select_Teacher One (t1example.com)    Teach_962300"), "6", true): All options with value '6' are selected in object 'Object Repository/Page_Assign cohort members/select_Teacher One (t1example.com)    Teach_962300'  using regular expression

2022-01-12 22:02:16 - [MESSAGE][PASSED] - All options with value '6' are selected in object 'Object Repository/Page_Assign cohort members/select_Teacher One (t1example.com)    Teach_962300'  using regular expression

2022-01-12 22:02:16 - [TEST_STEP][PASSED] - selectOptionByValue(findTestObject("Object Repository/Page_Assign cohort members/select_Teacher One (t1example.com)    Teach_962300"), "7", true): All options with value '7' are selected in object 'Object Repository/Page_Assign cohort members/select_Teacher One (t1example.com)    Teach_962300'  using regular expression

2022-01-12 22:02:17 - [MESSAGE][PASSED] - All options with value '7' are selected in object 'Object Repository/Page_Assign cohort members/select_Teacher One (t1example.com)    Teach_962300'  using regular expression

2022-01-12 22:02:17 - [TEST_STEP][PASSED] - selectOptionByValue(findTestObject("Object Repository/Page_Assign cohort members/select_Teacher One (t1example.com)    Teach_962300"), "7", true): All options with value '7' are selected in object 'Object Repository/Page_Assign cohort members/select_Teacher One (t1example.com)    Teach_962300'  using regular expression

2022-01-12 22:02:18 - [MESSAGE][PASSED] - All options with value '7' are selected in object 'Object Repository/Page_Assign cohort members/select_Teacher One (t1example.com)    Teach_962300'  using regular expression

2022-01-12 22:02:18 - [TEST_STEP][PASSED] - click(findTestObject("Object Repository/Page_Assign cohort members/input_Search_cancel")): Object: 'Object Repository/Page_Assign cohort members/input_Search_cancel' is clicked on

2022-01-12 22:02:19 - [MESSAGE][PASSED] - Object: 'Object Repository/Page_Assign cohort members/input_Search_cancel' is clicked on

2022-01-12 22:02:19 - [TEST_STEP][PASSED] - click(findTestObject("Object Repository/Page_Moodle Administration Users Accounts Cohorts/i_Created manually_icon fa fa-users fa-fw")): Object: 'Object Repository/Page_Moodle Administration Users Accounts Cohorts/i_Created manually_icon fa fa-users fa-fw' is clicked on

2022-01-12 22:02:20 - [MESSAGE][PASSED] - Object: 'Object Repository/Page_Moodle Administration Users Accounts Cohorts/i_Created manually_icon fa fa-users fa-fw' is clicked on

2022-01-12 22:02:20 - [TEST_STEP][PASSED] - selectOptionByValue(findTestObject("Object Repository/Page_Assign cohort members/select_V Duy (vhbaoduy0808gmail.com)    Stu_203805"), "4", true): All options with value '4' are selected in object 'Object Repository/Page_Assign cohort members/select_V Duy (vhbaoduy0808gmail.com)    Stu_203805'  using regular expression

2022-01-12 22:02:21 - [MESSAGE][PASSED] - All options with value '4' are selected in object 'Object Repository/Page_Assign cohort members/select_V Duy (vhbaoduy0808gmail.com)    Stu_203805'  using regular expression

2022-01-12 22:02:21 - [TEST_STEP][PASSED] - selectOptionByValue(findTestObject("Object Repository/Page_Assign cohort members/select_V Duy (vhbaoduy0808gmail.com)    Stu_203805"), "8", true): All options with value '8' are selected in object 'Object Repository/Page_Assign cohort members/select_V Duy (vhbaoduy0808gmail.com)    Stu_203805'  using regular expression

2022-01-12 22:02:22 - [MESSAGE][PASSED] - All options with value '8' are selected in object 'Object Repository/Page_Assign cohort members/select_V Duy (vhbaoduy0808gmail.com)    Stu_203805'  using regular expression

2022-01-12 22:02:22 - [TEST_STEP][PASSED] - selectOptionByValue(findTestObject("Object Repository/Page_Assign cohort members/select_V Duy (vhbaoduy0808gmail.com)    Stu_203805"), "5", true): All options with value '5' are selected in object 'Object Repository/Page_Assign cohort members/select_V Duy (vhbaoduy0808gmail.com)    Stu_203805'  using regular expression

2022-01-12 22:02:23 - [MESSAGE][PASSED] - All options with value '5' are selected in object 'Object Repository/Page_Assign cohort members/select_V Duy (vhbaoduy0808gmail.com)    Stu_203805'  using regular expression

2022-01-12 22:02:23 - [TEST_STEP][PASSED] - click(findTestObject("Object Repository/Page_Assign cohort members/input_Match the search text anywhere in the_89f7b5")): Object: 'Object Repository/Page_Assign cohort members/input_Match the search text anywhere in the_89f7b5' is clicked on

2022-01-12 22:02:24 - [MESSAGE][PASSED] - Object: 'Object Repository/Page_Assign cohort members/input_Match the search text anywhere in the_89f7b5' is clicked on

2022-01-12 22:02:24 - [TEST_STEP][PASSED] - selectOptionByValue(findTestObject("Object Repository/Page_Assign cohort members/select_Student One (s1example.com)    Stude_8b3338"), "4", true): All options with value '4' are selected in object 'Object Repository/Page_Assign cohort members/select_Student One (s1example.com)    Stude_8b3338'  using regular expression

2022-01-12 22:02:26 - [MESSAGE][PASSED] - All options with value '4' are selected in object 'Object Repository/Page_Assign cohort members/select_Student One (s1example.com)    Stude_8b3338'  using regular expression

2022-01-12 22:02:26 - [TEST_STEP][PASSED] - selectOptionByValue(findTestObject("Object Repository/Page_Assign cohort members/select_Student One (s1example.com)    Stude_8b3338"), "8", true): All options with value '8' are selected in object 'Object Repository/Page_Assign cohort members/select_Student One (s1example.com)    Stude_8b3338'  using regular expression

2022-01-12 22:02:27 - [MESSAGE][PASSED] - All options with value '8' are selected in object 'Object Repository/Page_Assign cohort members/select_Student One (s1example.com)    Stude_8b3338'  using regular expression

2022-01-12 22:02:27 - [TEST_STEP][PASSED] - selectOptionByValue(findTestObject("Object Repository/Page_Assign cohort members/select_Student One (s1example.com)    Stude_8b3338"), "5", true): All options with value '5' are selected in object 'Object Repository/Page_Assign cohort members/select_Student One (s1example.com)    Stude_8b3338'  using regular expression

2022-01-12 22:02:28 - [MESSAGE][PASSED] - All options with value '5' are selected in object 'Object Repository/Page_Assign cohort members/select_Student One (s1example.com)    Stude_8b3338'  using regular expression

2022-01-12 22:02:28 - [TEST_STEP][PASSED] - click(findTestObject("Object Repository/Page_Assign cohort members/input_Search_cancel")): Object: 'Object Repository/Page_Assign cohort members/input_Search_cancel' is clicked on

2022-01-12 22:02:29 - [MESSAGE][PASSED] - Object: 'Object Repository/Page_Assign cohort members/input_Search_cancel' is clicked on]]></system-out>
         <system-err><![CDATA[]]></system-err>
      </testcase>
      <testcase name="Test Cases/Admin create course parent category" time="16.65" classname="Test Cases/Admin create course parent category" status="PASSED">
         <system-out><![CDATA[2022-01-12 22:02:29 - [TEST_CASE][PASSED] - Test Cases/Admin create course parent category: Test Cases/Admin create course parent category

2022-01-12 22:02:29 - [TEST_STEP][PASSED] - callTestCase(findTestCase("Login as admin"), [:], STOP_ON_FAILURE): Call Test Case 'Test Cases/Login as admin' successfully

2022-01-12 22:02:29 - [TEST_CASE][PASSED] - Test Cases/Login as admin: Test Cases/Login as admin

2022-01-12 22:02:29 - [TEST_STEP][PASSED] - openBrowser(""): Browser is opened with url: ''

2022-01-12 22:02:29 - [MESSAGE][WARNING] - A browser is already opened. Closing browser and opening a new one

2022-01-12 22:02:30 - [MESSAGE][INFO] - Starting 'Edge Chromium' driver

2022-01-12 22:02:33 - [MESSAGE][INFO] - Action delay is set to 0 milliseconds

2022-01-12 22:02:34 - [MESSAGE][PASSED] - Browser is opened with url: ''

2022-01-12 22:02:34 - [TEST_STEP][PASSED] - navigateToUrl("http://localhost/"): Navigate to 'http://localhost/' successfully

2022-01-12 22:02:34 - [MESSAGE][PASSED] - Navigate to 'http://localhost/' successfully

2022-01-12 22:02:34 - [TEST_STEP][PASSED] - click(findTestObject("Object Repository/Page_My Moodle/a_Log in")): Object: 'Object Repository/Page_My Moodle/a_Log in' is clicked on

2022-01-12 22:02:35 - [MESSAGE][PASSED] - Object: 'Object Repository/Page_My Moodle/a_Log in' is clicked on

2022-01-12 22:02:35 - [TEST_STEP][PASSED] - setText(findTestObject("Object Repository/Page_My Moodle Log in to the site/input_Username_username"), "admin"): Text 'admin' is set on object 'Object Repository/Page_My Moodle Log in to the site/input_Username_username'

2022-01-12 22:02:36 - [MESSAGE][PASSED] - Text 'admin' is set on object 'Object Repository/Page_My Moodle Log in to the site/input_Username_username'

2022-01-12 22:02:36 - [TEST_STEP][PASSED] - setEncryptedText(findTestObject("Object Repository/Page_My Moodle Log in to the site/input_Password_password"), "7Dxoto1EjKfQbGop/Ov+1g=="): Text ****** has been set on object 'Object Repository/Page_My Moodle Log in to the site/input_Password_password'

2022-01-12 22:02:36 - [MESSAGE][PASSED] - Text ****** has been set on object 'Object Repository/Page_My Moodle Log in to the site/input_Password_password'

2022-01-12 22:02:36 - [TEST_STEP][PASSED] - click(findTestObject("Object Repository/Page_My Moodle Log in to the site/button_Log in")): Object: 'Object Repository/Page_My Moodle Log in to the site/button_Log in' is clicked on

2022-01-12 22:02:38 - [MESSAGE][PASSED] - Object: 'Object Repository/Page_My Moodle Log in to the site/button_Log in' is clicked on

2022-01-12 22:02:38 - [MESSAGE][PASSED] - Call Test Case 'Test Cases/Login as admin' successfully

2022-01-12 22:02:38 - [TEST_STEP][PASSED] - click(findTestObject("Object Repository/Page_Dashboard/span_Site administration")): Object: 'Object Repository/Page_Dashboard/span_Site administration' is clicked on

2022-01-12 22:02:39 - [MESSAGE][PASSED] - Object: 'Object Repository/Page_Dashboard/span_Site administration' is clicked on

2022-01-12 22:02:39 - [TEST_STEP][PASSED] - navigateToUrl("http://localhost/admin/search.php"): Navigate to 'http://localhost/admin/search.php' successfully

2022-01-12 22:02:40 - [MESSAGE][PASSED] - Navigate to 'http://localhost/admin/search.php' successfully

2022-01-12 22:02:40 - [TEST_STEP][PASSED] - click(findTestObject("Object Repository/Page_Moodle Administration Search/a_Courses")): Object: 'Object Repository/Page_Moodle Administration Search/a_Courses' is clicked on

2022-01-12 22:02:40 - [MESSAGE][PASSED] - Object: 'Object Repository/Page_Moodle Administration Search/a_Courses' is clicked on

2022-01-12 22:02:40 - [TEST_STEP][PASSED] - click(findTestObject("Object Repository/Page_Moodle Administration Search/a_Add a category")): Object: 'Object Repository/Page_Moodle Administration Search/a_Add a category' is clicked on

2022-01-12 22:02:41 - [MESSAGE][PASSED] - Object: 'Object Repository/Page_Moodle Administration Search/a_Add a category' is clicked on

2022-01-12 22:02:41 - [TEST_STEP][PASSED] - setText(findTestObject("Object Repository/Page_Moodle Add new category/input_Category name_name"), "Công nghệ thông tin"): Text 'Công nghệ thông tin' is set on object 'Object Repository/Page_Moodle Add new category/input_Category name_name'

2022-01-12 22:02:43 - [MESSAGE][PASSED] - Text 'Công nghệ thông tin' is set on object 'Object Repository/Page_Moodle Add new category/input_Category name_name'

2022-01-12 22:02:43 - [TEST_STEP][PASSED] - setText(findTestObject("Object Repository/Page_Moodle Add new category/input_Category ID number_idnumber"), "1"): Text '1' is set on object 'Object Repository/Page_Moodle Add new category/input_Category ID number_idnumber'

2022-01-12 22:02:43 - [MESSAGE][PASSED] - Text '1' is set on object 'Object Repository/Page_Moodle Add new category/input_Category ID number_idnumber'

2022-01-12 22:02:43 - [TEST_STEP][PASSED] - click(findTestObject("Object Repository/Page_Moodle Add new category/input_Description_submitbutton")): Object: 'Object Repository/Page_Moodle Add new category/input_Description_submitbutton' is clicked on

2022-01-12 22:02:45 - [MESSAGE][PASSED] - Object: 'Object Repository/Page_Moodle Add new category/input_Description_submitbutton' is clicked on

2022-01-12 22:02:45 - [TEST_STEP][PASSED] - click(findTestObject("Object Repository/Page_Course and category management/h2_Course and category management")): Object: 'Object Repository/Page_Course and category management/h2_Course and category management' is clicked on

2022-01-12 22:02:46 - [MESSAGE][PASSED] - Object: 'Object Repository/Page_Course and category management/h2_Course and category management' is clicked on]]></system-out>
         <system-err><![CDATA[]]></system-err>
      </testcase>
      <testcase name="Test Cases/Admin create course child category" time="19.411" classname="Test Cases/Admin create course child category" status="PASSED">
         <system-out><![CDATA[2022-01-12 22:02:46 - [TEST_CASE][PASSED] - Test Cases/Admin create course child category: Test Cases/Admin create course child category

2022-01-12 22:02:46 - [TEST_STEP][PASSED] - callTestCase(findTestCase("Login as admin"), [:], STOP_ON_FAILURE): Call Test Case 'Test Cases/Login as admin' successfully

2022-01-12 22:02:46 - [TEST_CASE][PASSED] - Test Cases/Login as admin: Test Cases/Login as admin

2022-01-12 22:02:46 - [TEST_STEP][PASSED] - openBrowser(""): Browser is opened with url: ''

2022-01-12 22:02:46 - [MESSAGE][WARNING] - A browser is already opened. Closing browser and opening a new one

2022-01-12 22:02:47 - [MESSAGE][INFO] - Starting 'Edge Chromium' driver

2022-01-12 22:02:49 - [MESSAGE][INFO] - Action delay is set to 0 milliseconds

2022-01-12 22:02:50 - [MESSAGE][PASSED] - Browser is opened with url: ''

2022-01-12 22:02:50 - [TEST_STEP][PASSED] - navigateToUrl("http://localhost/"): Navigate to 'http://localhost/' successfully

2022-01-12 22:02:51 - [MESSAGE][PASSED] - Navigate to 'http://localhost/' successfully

2022-01-12 22:02:51 - [TEST_STEP][PASSED] - click(findTestObject("Object Repository/Page_My Moodle/a_Log in")): Object: 'Object Repository/Page_My Moodle/a_Log in' is clicked on

2022-01-12 22:02:52 - [MESSAGE][PASSED] - Object: 'Object Repository/Page_My Moodle/a_Log in' is clicked on

2022-01-12 22:02:52 - [TEST_STEP][PASSED] - setText(findTestObject("Object Repository/Page_My Moodle Log in to the site/input_Username_username"), "admin"): Text 'admin' is set on object 'Object Repository/Page_My Moodle Log in to the site/input_Username_username'

2022-01-12 22:02:52 - [MESSAGE][PASSED] - Text 'admin' is set on object 'Object Repository/Page_My Moodle Log in to the site/input_Username_username'

2022-01-12 22:02:52 - [TEST_STEP][PASSED] - setEncryptedText(findTestObject("Object Repository/Page_My Moodle Log in to the site/input_Password_password"), "7Dxoto1EjKfQbGop/Ov+1g=="): Text ****** has been set on object 'Object Repository/Page_My Moodle Log in to the site/input_Password_password'

2022-01-12 22:02:53 - [MESSAGE][PASSED] - Text ****** has been set on object 'Object Repository/Page_My Moodle Log in to the site/input_Password_password'

2022-01-12 22:02:53 - [TEST_STEP][PASSED] - click(findTestObject("Object Repository/Page_My Moodle Log in to the site/button_Log in")): Object: 'Object Repository/Page_My Moodle Log in to the site/button_Log in' is clicked on

2022-01-12 22:02:54 - [MESSAGE][PASSED] - Object: 'Object Repository/Page_My Moodle Log in to the site/button_Log in' is clicked on

2022-01-12 22:02:54 - [MESSAGE][PASSED] - Call Test Case 'Test Cases/Login as admin' successfully

2022-01-12 22:02:54 - [TEST_STEP][PASSED] - click(findTestObject("Object Repository/Page_Dashboard/span_Site administration")): Object: 'Object Repository/Page_Dashboard/span_Site administration' is clicked on

2022-01-12 22:02:56 - [MESSAGE][PASSED] - Object: 'Object Repository/Page_Dashboard/span_Site administration' is clicked on

2022-01-12 22:02:56 - [TEST_STEP][PASSED] - navigateToUrl("http://localhost/admin/search.php"): Navigate to 'http://localhost/admin/search.php' successfully

2022-01-12 22:02:57 - [MESSAGE][PASSED] - Navigate to 'http://localhost/admin/search.php' successfully

2022-01-12 22:02:57 - [TEST_STEP][PASSED] - click(findTestObject("Object Repository/Page_Moodle Administration Search/a_Courses")): Object: 'Object Repository/Page_Moodle Administration Search/a_Courses' is clicked on

2022-01-12 22:02:57 - [MESSAGE][PASSED] - Object: 'Object Repository/Page_Moodle Administration Search/a_Courses' is clicked on

2022-01-12 22:02:57 - [TEST_STEP][PASSED] - click(findTestObject("Object Repository/Page_Moodle Administration Search/a_Add a category")): Object: 'Object Repository/Page_Moodle Administration Search/a_Add a category' is clicked on

2022-01-12 22:02:58 - [MESSAGE][PASSED] - Object: 'Object Repository/Page_Moodle Administration Search/a_Add a category' is clicked on

2022-01-12 22:02:58 - [TEST_STEP][PASSED] - click(findTestObject("Object Repository/Page_Moodle Add new category/span_")): Object: 'Object Repository/Page_Moodle Add new category/span_' is clicked on

2022-01-12 22:03:00 - [MESSAGE][PASSED] - Object: 'Object Repository/Page_Moodle Add new category/span_' is clicked on

2022-01-12 22:03:00 - [TEST_STEP][PASSED] - click(findTestObject("Object Repository/Page_Moodle Add new category/li_Cng ngh thng tin")): Object: 'Object Repository/Page_Moodle Add new category/li_Cng ngh thng tin' is clicked on

2022-01-12 22:03:00 - [MESSAGE][PASSED] - Object: 'Object Repository/Page_Moodle Add new category/li_Cng ngh thng tin' is clicked on

2022-01-12 22:03:00 - [TEST_STEP][PASSED] - selectOptionByValue(findTestObject("Object Repository/Page_Moodle Add new category/select_Top            Miscellaneous        _a56d48"), "2", true, OPTIONAL): All options with value '2' are selected in object 'Object Repository/Page_Moodle Add new category/select_Top            Miscellaneous        _a56d48'  using regular expression

2022-01-12 22:03:02 - [MESSAGE][PASSED] - All options with value '2' are selected in object 'Object Repository/Page_Moodle Add new category/select_Top            Miscellaneous        _a56d48'  using regular expression

2022-01-12 22:03:02 - [TEST_STEP][PASSED] - setText(findTestObject("Object Repository/Page_Moodle Add new category/input_Category name_name"), "Kỹ thuật phần mềm"): Text 'Kỹ thuật phần mềm' is set on object 'Object Repository/Page_Moodle Add new category/input_Category name_name'

2022-01-12 22:03:02 - [MESSAGE][PASSED] - Text 'Kỹ thuật phần mềm' is set on object 'Object Repository/Page_Moodle Add new category/input_Category name_name'

2022-01-12 22:03:02 - [TEST_STEP][PASSED] - setText(findTestObject("Object Repository/Page_Moodle Add new category/input_Category ID number_idnumber"), "2"): Text '2' is set on object 'Object Repository/Page_Moodle Add new category/input_Category ID number_idnumber'

2022-01-12 22:03:03 - [MESSAGE][PASSED] - Text '2' is set on object 'Object Repository/Page_Moodle Add new category/input_Category ID number_idnumber'

2022-01-12 22:03:03 - [TEST_STEP][PASSED] - click(findTestObject("Object Repository/Page_Moodle Add new category/input_Description_submitbutton")): Object: 'Object Repository/Page_Moodle Add new category/input_Description_submitbutton' is clicked on

2022-01-12 22:03:04 - [MESSAGE][PASSED] - Object: 'Object Repository/Page_Moodle Add new category/input_Description_submitbutton' is clicked on

2022-01-12 22:03:04 - [TEST_STEP][PASSED] - click(findTestObject("Object Repository/Page_Course and category management/h2_Course and category management")): Object: 'Object Repository/Page_Course and category management/h2_Course and category management' is clicked on

2022-01-12 22:03:05 - [MESSAGE][PASSED] - Object: 'Object Repository/Page_Course and category management/h2_Course and category management' is clicked on]]></system-out>
         <system-err><![CDATA[]]></system-err>
      </testcase>
      <testcase name="Test Cases/Admin create course (with enddate)" time="19.889" classname="Test Cases/Admin create course (with enddate)" status="PASSED">
         <system-out><![CDATA[2022-01-12 22:03:05 - [TEST_CASE][PASSED] - Test Cases/Admin create course (with enddate): Test Cases/Admin create course (with enddate)

2022-01-12 22:03:05 - [TEST_STEP][PASSED] - callTestCase(findTestCase("Login as admin"), [:], STOP_ON_FAILURE): Call Test Case 'Test Cases/Login as admin' successfully

2022-01-12 22:03:05 - [TEST_CASE][PASSED] - Test Cases/Login as admin: Test Cases/Login as admin

2022-01-12 22:03:05 - [TEST_STEP][PASSED] - openBrowser(""): Browser is opened with url: ''

2022-01-12 22:03:05 - [MESSAGE][WARNING] - A browser is already opened. Closing browser and opening a new one

2022-01-12 22:03:06 - [MESSAGE][INFO] - Starting 'Edge Chromium' driver

2022-01-12 22:03:09 - [MESSAGE][INFO] - Action delay is set to 0 milliseconds

2022-01-12 22:03:10 - [MESSAGE][PASSED] - Browser is opened with url: ''

2022-01-12 22:03:10 - [TEST_STEP][PASSED] - navigateToUrl("http://localhost/"): Navigate to 'http://localhost/' successfully

2022-01-12 22:03:10 - [MESSAGE][PASSED] - Navigate to 'http://localhost/' successfully

2022-01-12 22:03:10 - [TEST_STEP][PASSED] - click(findTestObject("Object Repository/Page_My Moodle/a_Log in")): Object: 'Object Repository/Page_My Moodle/a_Log in' is clicked on

2022-01-12 22:03:11 - [MESSAGE][PASSED] - Object: 'Object Repository/Page_My Moodle/a_Log in' is clicked on

2022-01-12 22:03:11 - [TEST_STEP][PASSED] - setText(findTestObject("Object Repository/Page_My Moodle Log in to the site/input_Username_username"), "admin"): Text 'admin' is set on object 'Object Repository/Page_My Moodle Log in to the site/input_Username_username'

2022-01-12 22:03:12 - [MESSAGE][PASSED] - Text 'admin' is set on object 'Object Repository/Page_My Moodle Log in to the site/input_Username_username'

2022-01-12 22:03:12 - [TEST_STEP][PASSED] - setEncryptedText(findTestObject("Object Repository/Page_My Moodle Log in to the site/input_Password_password"), "7Dxoto1EjKfQbGop/Ov+1g=="): Text ****** has been set on object 'Object Repository/Page_My Moodle Log in to the site/input_Password_password'

2022-01-12 22:03:12 - [MESSAGE][PASSED] - Text ****** has been set on object 'Object Repository/Page_My Moodle Log in to the site/input_Password_password'

2022-01-12 22:03:12 - [TEST_STEP][PASSED] - click(findTestObject("Object Repository/Page_My Moodle Log in to the site/button_Log in")): Object: 'Object Repository/Page_My Moodle Log in to the site/button_Log in' is clicked on

2022-01-12 22:03:14 - [MESSAGE][PASSED] - Object: 'Object Repository/Page_My Moodle Log in to the site/button_Log in' is clicked on

2022-01-12 22:03:14 - [MESSAGE][PASSED] - Call Test Case 'Test Cases/Login as admin' successfully

2022-01-12 22:03:14 - [TEST_STEP][PASSED] - click(findTestObject("Object Repository/Page_Dashboard/span_Site administration")): Object: 'Object Repository/Page_Dashboard/span_Site administration' is clicked on

2022-01-12 22:03:15 - [MESSAGE][PASSED] - Object: 'Object Repository/Page_Dashboard/span_Site administration' is clicked on

2022-01-12 22:03:15 - [TEST_STEP][PASSED] - navigateToUrl("http://localhost/admin/search.php"): Navigate to 'http://localhost/admin/search.php' successfully

2022-01-12 22:03:16 - [MESSAGE][PASSED] - Navigate to 'http://localhost/admin/search.php' successfully

2022-01-12 22:03:16 - [TEST_STEP][PASSED] - click(findTestObject("Object Repository/Page_Moodle Administration Search/a_Courses")): Object: 'Object Repository/Page_Moodle Administration Search/a_Courses' is clicked on

2022-01-12 22:03:17 - [MESSAGE][PASSED] - Object: 'Object Repository/Page_Moodle Administration Search/a_Courses' is clicked on

2022-01-12 22:03:17 - [TEST_STEP][PASSED] - click(findTestObject("Object Repository/Page_Moodle Administration Search/a_Add a new course")): Object: 'Object Repository/Page_Moodle Administration Search/a_Add a new course' is clicked on

2022-01-12 22:03:18 - [MESSAGE][PASSED] - Object: 'Object Repository/Page_Moodle Administration Search/a_Add a new course' is clicked on

2022-01-12 22:03:18 - [TEST_STEP][PASSED] - setText(findTestObject("Object Repository/Page_Moodle Add a new course/input_Course full name_fullname"), "Phân tích và quản lý yêu cầu phần mềm"): Text 'Phân tích và quản lý yêu cầu phần mềm' is set on object 'Object Repository/Page_Moodle Add a new course/input_Course full name_fullname'

2022-01-12 22:03:19 - [MESSAGE][PASSED] - Text 'Phân tích và quản lý yêu cầu phần mềm' is set on object 'Object Repository/Page_Moodle Add a new course/input_Course full name_fullname'

2022-01-12 22:03:19 - [TEST_STEP][PASSED] - setText(findTestObject("Object Repository/Page_Moodle Add a new course/input_Course short name_shortname"), "CSC13005"): Text 'CSC13005' is set on object 'Object Repository/Page_Moodle Add a new course/input_Course short name_shortname'

2022-01-12 22:03:20 - [MESSAGE][PASSED] - Text 'CSC13005' is set on object 'Object Repository/Page_Moodle Add a new course/input_Course short name_shortname'

2022-01-12 22:03:20 - [TEST_STEP][PASSED] - click(findTestObject("Object Repository/Page_Moodle Add a new course/span_")): Object: 'Object Repository/Page_Moodle Add a new course/span_' is clicked on

2022-01-12 22:03:21 - [MESSAGE][PASSED] - Object: 'Object Repository/Page_Moodle Add a new course/span_' is clicked on

2022-01-12 22:03:21 - [TEST_STEP][PASSED] - click(findTestObject("Object Repository/Page_Moodle Add a new course/li_Cng ngh thng tin  K thut phn mm")): Object: 'Object Repository/Page_Moodle Add a new course/li_Cng ngh thng tin  K thut phn mm' is clicked on

2022-01-12 22:03:21 - [MESSAGE][PASSED] - Object: 'Object Repository/Page_Moodle Add a new course/li_Cng ngh thng tin  K thut phn mm' is clicked on

2022-01-12 22:03:21 - [TEST_STEP][PASSED] - selectOptionByValue(findTestObject("Object Repository/Page_Moodle Add a new course/select_Miscellaneous            Cng ngh thn_6d25f3"), "3", true, OPTIONAL): All options with value '3' are selected in object 'Object Repository/Page_Moodle Add a new course/select_Miscellaneous            Cng ngh thn_6d25f3'  using regular expression

2022-01-12 22:03:23 - [MESSAGE][PASSED] - All options with value '3' are selected in object 'Object Repository/Page_Moodle Add a new course/select_Miscellaneous            Cng ngh thn_6d25f3'  using regular expression

2022-01-12 22:03:23 - [TEST_STEP][PASSED] - click(findTestObject("Object Repository/Page_Moodle Add a new course/input__saveanddisplay")): Object: 'Object Repository/Page_Moodle Add a new course/input__saveanddisplay' is clicked on

2022-01-12 22:03:24 - [MESSAGE][PASSED] - Object: 'Object Repository/Page_Moodle Add a new course/input__saveanddisplay' is clicked on

2022-01-12 22:03:24 - [TEST_STEP][PASSED] - click(findTestObject("Object Repository/Page_CSC13005 Participants/h2_Participants")): Object: 'Object Repository/Page_CSC13005 Participants/h2_Participants' is clicked on

2022-01-12 22:03:25 - [MESSAGE][PASSED] - Object: 'Object Repository/Page_CSC13005 Participants/h2_Participants' is clicked on]]></system-out>
         <system-err><![CDATA[]]></system-err>
      </testcase>
      <testcase name="Test Cases/Admin create course (without enddate)" time="19.398" classname="Test Cases/Admin create course (without enddate)" status="PASSED">
         <system-out><![CDATA[2022-01-12 22:03:25 - [TEST_CASE][PASSED] - Test Cases/Admin create course (without enddate): Test Cases/Admin create course (without enddate)

2022-01-12 22:03:25 - [TEST_STEP][PASSED] - callTestCase(findTestCase("Login as admin"), [:], STOP_ON_FAILURE): Call Test Case 'Test Cases/Login as admin' successfully

2022-01-12 22:03:25 - [TEST_CASE][PASSED] - Test Cases/Login as admin: Test Cases/Login as admin

2022-01-12 22:03:25 - [TEST_STEP][PASSED] - openBrowser(""): Browser is opened with url: ''

2022-01-12 22:03:25 - [MESSAGE][WARNING] - A browser is already opened. Closing browser and opening a new one

2022-01-12 22:03:26 - [MESSAGE][INFO] - Starting 'Edge Chromium' driver

2022-01-12 22:03:28 - [MESSAGE][INFO] - Action delay is set to 0 milliseconds

2022-01-12 22:03:30 - [MESSAGE][PASSED] - Browser is opened with url: ''

2022-01-12 22:03:30 - [TEST_STEP][PASSED] - navigateToUrl("http://localhost/"): Navigate to 'http://localhost/' successfully

2022-01-12 22:03:30 - [MESSAGE][PASSED] - Navigate to 'http://localhost/' successfully

2022-01-12 22:03:30 - [TEST_STEP][PASSED] - click(findTestObject("Object Repository/Page_My Moodle/a_Log in")): Object: 'Object Repository/Page_My Moodle/a_Log in' is clicked on

2022-01-12 22:03:31 - [MESSAGE][PASSED] - Object: 'Object Repository/Page_My Moodle/a_Log in' is clicked on

2022-01-12 22:03:31 - [TEST_STEP][PASSED] - setText(findTestObject("Object Repository/Page_My Moodle Log in to the site/input_Username_username"), "admin"): Text 'admin' is set on object 'Object Repository/Page_My Moodle Log in to the site/input_Username_username'

2022-01-12 22:03:32 - [MESSAGE][PASSED] - Text 'admin' is set on object 'Object Repository/Page_My Moodle Log in to the site/input_Username_username'

2022-01-12 22:03:32 - [TEST_STEP][PASSED] - setEncryptedText(findTestObject("Object Repository/Page_My Moodle Log in to the site/input_Password_password"), "7Dxoto1EjKfQbGop/Ov+1g=="): Text ****** has been set on object 'Object Repository/Page_My Moodle Log in to the site/input_Password_password'

2022-01-12 22:03:32 - [MESSAGE][PASSED] - Text ****** has been set on object 'Object Repository/Page_My Moodle Log in to the site/input_Password_password'

2022-01-12 22:03:32 - [TEST_STEP][PASSED] - click(findTestObject("Object Repository/Page_My Moodle Log in to the site/button_Log in")): Object: 'Object Repository/Page_My Moodle Log in to the site/button_Log in' is clicked on

2022-01-12 22:03:33 - [MESSAGE][PASSED] - Object: 'Object Repository/Page_My Moodle Log in to the site/button_Log in' is clicked on

2022-01-12 22:03:33 - [MESSAGE][PASSED] - Call Test Case 'Test Cases/Login as admin' successfully

2022-01-12 22:03:33 - [TEST_STEP][PASSED] - click(findTestObject("Object Repository/Page_Dashboard/a_Site administration")): Object: 'Object Repository/Page_Dashboard/a_Site administration' is clicked on

2022-01-12 22:03:35 - [MESSAGE][PASSED] - Object: 'Object Repository/Page_Dashboard/a_Site administration' is clicked on

2022-01-12 22:03:35 - [TEST_STEP][PASSED] - navigateToUrl("http://localhost/admin/search.php"): Navigate to 'http://localhost/admin/search.php' successfully

2022-01-12 22:03:36 - [MESSAGE][PASSED] - Navigate to 'http://localhost/admin/search.php' successfully

2022-01-12 22:03:36 - [TEST_STEP][PASSED] - click(findTestObject("Object Repository/Page_Moodle Administration Search/a_Courses")): Object: 'Object Repository/Page_Moodle Administration Search/a_Courses' is clicked on

2022-01-12 22:03:36 - [MESSAGE][PASSED] - Object: 'Object Repository/Page_Moodle Administration Search/a_Courses' is clicked on

2022-01-12 22:03:36 - [TEST_STEP][PASSED] - click(findTestObject("Object Repository/Page_Moodle Administration Search/a_Add a new course")): Object: 'Object Repository/Page_Moodle Administration Search/a_Add a new course' is clicked on

2022-01-12 22:03:37 - [MESSAGE][PASSED] - Object: 'Object Repository/Page_Moodle Administration Search/a_Add a new course' is clicked on

2022-01-12 22:03:37 - [TEST_STEP][PASSED] - setText(findTestObject("Object Repository/Page_Moodle Add a new course/input_Course full name_fullname"), "Phát triển phần mềm cho thiết bị di động"): Text 'Phát triển phần mềm cho thiết bị di động' is set on object 'Object Repository/Page_Moodle Add a new course/input_Course full name_fullname'

2022-01-12 22:03:39 - [MESSAGE][PASSED] - Text 'Phát triển phần mềm cho thiết bị di động' is set on object 'Object Repository/Page_Moodle Add a new course/input_Course full name_fullname'

2022-01-12 22:03:39 - [TEST_STEP][PASSED] - setText(findTestObject("Object Repository/Page_Moodle Add a new course/input_Course short name_shortname"), "CSC13009"): Text 'CSC13009' is set on object 'Object Repository/Page_Moodle Add a new course/input_Course short name_shortname'

2022-01-12 22:03:40 - [MESSAGE][PASSED] - Text 'CSC13009' is set on object 'Object Repository/Page_Moodle Add a new course/input_Course short name_shortname'

2022-01-12 22:03:40 - [TEST_STEP][PASSED] - click(findTestObject("Object Repository/Page_Moodle Add a new course/span_")): Object: 'Object Repository/Page_Moodle Add a new course/span_' is clicked on

2022-01-12 22:03:40 - [MESSAGE][PASSED] - Object: 'Object Repository/Page_Moodle Add a new course/span_' is clicked on

2022-01-12 22:03:40 - [TEST_STEP][PASSED] - click(findTestObject("Object Repository/Page_Moodle Add a new course/li_Cng ngh thng tin  K thut phn mm")): Object: 'Object Repository/Page_Moodle Add a new course/li_Cng ngh thng tin  K thut phn mm' is clicked on

2022-01-12 22:03:41 - [MESSAGE][PASSED] - Object: 'Object Repository/Page_Moodle Add a new course/li_Cng ngh thng tin  K thut phn mm' is clicked on

2022-01-12 22:03:41 - [TEST_STEP][PASSED] - selectOptionByValue(findTestObject("Object Repository/Page_Moodle Add a new course/select_Miscellaneous            Cng ngh thn_6d25f3"), "3", true, OPTIONAL): All options with value '3' are selected in object 'Object Repository/Page_Moodle Add a new course/select_Miscellaneous            Cng ngh thn_6d25f3'  using regular expression

2022-01-12 22:03:42 - [MESSAGE][PASSED] - All options with value '3' are selected in object 'Object Repository/Page_Moodle Add a new course/select_Miscellaneous            Cng ngh thn_6d25f3'  using regular expression

2022-01-12 22:03:42 - [TEST_STEP][PASSED] - click(findTestObject("Object Repository/Page_Moodle Add a new course/input_Enable_enddateenabled")): Object: 'Object Repository/Page_Moodle Add a new course/input_Enable_enddateenabled' is clicked on

2022-01-12 22:03:43 - [MESSAGE][PASSED] - Object: 'Object Repository/Page_Moodle Add a new course/input_Enable_enddateenabled' is clicked on

2022-01-12 22:03:43 - [TEST_STEP][PASSED] - click(findTestObject("Object Repository/Page_Moodle Add a new course/input__saveanddisplay")): Object: 'Object Repository/Page_Moodle Add a new course/input__saveanddisplay' is clicked on

2022-01-12 22:03:44 - [MESSAGE][PASSED] - Object: 'Object Repository/Page_Moodle Add a new course/input__saveanddisplay' is clicked on

2022-01-12 22:03:44 - [TEST_STEP][PASSED] - click(findTestObject("Object Repository/Page_CSC13009 Participants/h2_Participants")): Object: 'Object Repository/Page_CSC13009 Participants/h2_Participants' is clicked on

2022-01-12 22:03:44 - [MESSAGE][PASSED] - Object: 'Object Repository/Page_CSC13009 Participants/h2_Participants' is clicked on]]></system-out>
         <system-err><![CDATA[]]></system-err>
      </testcase>
      <testcase name="Test Cases/Admin create course (invisible)" time="20.177" classname="Test Cases/Admin create course (invisible)" status="PASSED">
         <system-out><![CDATA[2022-01-12 22:03:44 - [TEST_CASE][PASSED] - Test Cases/Admin create course (invisible): Test Cases/Admin create course (invisible)

2022-01-12 22:03:45 - [TEST_STEP][PASSED] - callTestCase(findTestCase("Login as admin"), [:], STOP_ON_FAILURE): Call Test Case 'Test Cases/Login as admin' successfully

2022-01-12 22:03:45 - [TEST_CASE][PASSED] - Test Cases/Login as admin: Test Cases/Login as admin

2022-01-12 22:03:45 - [TEST_STEP][PASSED] - openBrowser(""): Browser is opened with url: ''

2022-01-12 22:03:45 - [MESSAGE][WARNING] - A browser is already opened. Closing browser and opening a new one

2022-01-12 22:03:45 - [MESSAGE][INFO] - Starting 'Edge Chromium' driver

2022-01-12 22:03:48 - [MESSAGE][INFO] - Action delay is set to 0 milliseconds

2022-01-12 22:03:49 - [MESSAGE][PASSED] - Browser is opened with url: ''

2022-01-12 22:03:49 - [TEST_STEP][PASSED] - navigateToUrl("http://localhost/"): Navigate to 'http://localhost/' successfully

2022-01-12 22:03:50 - [MESSAGE][PASSED] - Navigate to 'http://localhost/' successfully

2022-01-12 22:03:50 - [TEST_STEP][PASSED] - click(findTestObject("Object Repository/Page_My Moodle/a_Log in")): Object: 'Object Repository/Page_My Moodle/a_Log in' is clicked on

2022-01-12 22:03:50 - [MESSAGE][PASSED] - Object: 'Object Repository/Page_My Moodle/a_Log in' is clicked on

2022-01-12 22:03:50 - [TEST_STEP][PASSED] - setText(findTestObject("Object Repository/Page_My Moodle Log in to the site/input_Username_username"), "admin"): Text 'admin' is set on object 'Object Repository/Page_My Moodle Log in to the site/input_Username_username'

2022-01-12 22:03:51 - [MESSAGE][PASSED] - Text 'admin' is set on object 'Object Repository/Page_My Moodle Log in to the site/input_Username_username'

2022-01-12 22:03:51 - [TEST_STEP][PASSED] - setEncryptedText(findTestObject("Object Repository/Page_My Moodle Log in to the site/input_Password_password"), "7Dxoto1EjKfQbGop/Ov+1g=="): Text ****** has been set on object 'Object Repository/Page_My Moodle Log in to the site/input_Password_password'

2022-01-12 22:03:52 - [MESSAGE][PASSED] - Text ****** has been set on object 'Object Repository/Page_My Moodle Log in to the site/input_Password_password'

2022-01-12 22:03:52 - [TEST_STEP][PASSED] - click(findTestObject("Object Repository/Page_My Moodle Log in to the site/button_Log in")): Object: 'Object Repository/Page_My Moodle Log in to the site/button_Log in' is clicked on

2022-01-12 22:03:53 - [MESSAGE][PASSED] - Object: 'Object Repository/Page_My Moodle Log in to the site/button_Log in' is clicked on

2022-01-12 22:03:53 - [MESSAGE][PASSED] - Call Test Case 'Test Cases/Login as admin' successfully

2022-01-12 22:03:53 - [TEST_STEP][PASSED] - click(findTestObject("Object Repository/Page_Dashboard/span_Site administration")): Object: 'Object Repository/Page_Dashboard/span_Site administration' is clicked on

2022-01-12 22:03:54 - [MESSAGE][PASSED] - Object: 'Object Repository/Page_Dashboard/span_Site administration' is clicked on

2022-01-12 22:03:54 - [TEST_STEP][PASSED] - navigateToUrl("http://localhost/admin/search.php"): Navigate to 'http://localhost/admin/search.php' successfully

2022-01-12 22:03:55 - [MESSAGE][PASSED] - Navigate to 'http://localhost/admin/search.php' successfully

2022-01-12 22:03:55 - [TEST_STEP][PASSED] - click(findTestObject("Object Repository/Page_Moodle Administration Search/a_Courses")): Object: 'Object Repository/Page_Moodle Administration Search/a_Courses' is clicked on

2022-01-12 22:03:55 - [MESSAGE][PASSED] - Object: 'Object Repository/Page_Moodle Administration Search/a_Courses' is clicked on

2022-01-12 22:03:55 - [TEST_STEP][PASSED] - click(findTestObject("Object Repository/Page_Moodle Administration Search/a_Add a new course")): Object: 'Object Repository/Page_Moodle Administration Search/a_Add a new course' is clicked on

2022-01-12 22:03:57 - [MESSAGE][PASSED] - Object: 'Object Repository/Page_Moodle Administration Search/a_Add a new course' is clicked on

2022-01-12 22:03:57 - [TEST_STEP][PASSED] - setText(findTestObject("Object Repository/Page_Moodle Add a new course/input_Course full name_fullname"), "Thiết kế phần mềm"): Text 'Thiết kế phần mềm' is set on object 'Object Repository/Page_Moodle Add a new course/input_Course full name_fullname'

2022-01-12 22:03:58 - [MESSAGE][PASSED] - Text 'Thiết kế phần mềm' is set on object 'Object Repository/Page_Moodle Add a new course/input_Course full name_fullname'

2022-01-12 22:03:58 - [TEST_STEP][PASSED] - setText(findTestObject("Object Repository/Page_Moodle Add a new course/input_Course short name_shortname"), "CSC13010"): Text 'CSC13010' is set on object 'Object Repository/Page_Moodle Add a new course/input_Course short name_shortname'

2022-01-12 22:03:59 - [MESSAGE][PASSED] - Text 'CSC13010' is set on object 'Object Repository/Page_Moodle Add a new course/input_Course short name_shortname'

2022-01-12 22:03:59 - [TEST_STEP][PASSED] - click(findTestObject("Object Repository/Page_Moodle Add a new course/span_")): Object: 'Object Repository/Page_Moodle Add a new course/span_' is clicked on

2022-01-12 22:03:59 - [MESSAGE][PASSED] - Object: 'Object Repository/Page_Moodle Add a new course/span_' is clicked on

2022-01-12 22:03:59 - [TEST_STEP][PASSED] - click(findTestObject("Object Repository/Page_Moodle Add a new course/li_Cng ngh thng tin  K thut phn mm")): Object: 'Object Repository/Page_Moodle Add a new course/li_Cng ngh thng tin  K thut phn mm' is clicked on

2022-01-12 22:04:00 - [MESSAGE][PASSED] - Object: 'Object Repository/Page_Moodle Add a new course/li_Cng ngh thng tin  K thut phn mm' is clicked on

2022-01-12 22:04:00 - [TEST_STEP][PASSED] - selectOptionByValue(findTestObject("Object Repository/Page_Moodle Add a new course/select_Miscellaneous            Cng ngh thn_6d25f3"), "3", true, OPTIONAL): All options with value '3' are selected in object 'Object Repository/Page_Moodle Add a new course/select_Miscellaneous            Cng ngh thn_6d25f3'  using regular expression

2022-01-12 22:04:02 - [MESSAGE][PASSED] - All options with value '3' are selected in object 'Object Repository/Page_Moodle Add a new course/select_Miscellaneous            Cng ngh thn_6d25f3'  using regular expression

2022-01-12 22:04:02 - [TEST_STEP][PASSED] - selectOptionByValue(findTestObject("Object Repository/Page_Moodle Add a new course/select_Hide            Show"), "0", true): All options with value '0' are selected in object 'Object Repository/Page_Moodle Add a new course/select_Hide            Show'  using regular expression

2022-01-12 22:04:02 - [MESSAGE][PASSED] - All options with value '0' are selected in object 'Object Repository/Page_Moodle Add a new course/select_Hide            Show'  using regular expression

2022-01-12 22:04:02 - [TEST_STEP][PASSED] - click(findTestObject("Object Repository/Page_Moodle Add a new course/input__saveanddisplay")): Object: 'Object Repository/Page_Moodle Add a new course/input__saveanddisplay' is clicked on

2022-01-12 22:04:04 - [MESSAGE][PASSED] - Object: 'Object Repository/Page_Moodle Add a new course/input__saveanddisplay' is clicked on

2022-01-12 22:04:04 - [TEST_STEP][PASSED] - click(findTestObject("Object Repository/Page_CSC13010 Participants/h2_Participants")): Object: 'Object Repository/Page_CSC13010 Participants/h2_Participants' is clicked on

2022-01-12 22:04:04 - [MESSAGE][PASSED] - Object: 'Object Repository/Page_CSC13010 Participants/h2_Participants' is clicked on]]></system-out>
         <system-err><![CDATA[]]></system-err>
      </testcase>
      <testcase name="Test Cases/Admin create course (exists)" time="20.505" classname="Test Cases/Admin create course (exists)" status="PASSED">
         <system-out><![CDATA[2022-01-12 22:04:05 - [TEST_CASE][PASSED] - Test Cases/Admin create course (exists): Test Cases/Admin create course (exists)

2022-01-12 22:04:05 - [TEST_STEP][PASSED] - callTestCase(findTestCase("Login as admin"), [:], STOP_ON_FAILURE): Call Test Case 'Test Cases/Login as admin' successfully

2022-01-12 22:04:05 - [TEST_CASE][PASSED] - Test Cases/Login as admin: Test Cases/Login as admin

2022-01-12 22:04:05 - [TEST_STEP][PASSED] - openBrowser(""): Browser is opened with url: ''

2022-01-12 22:04:05 - [MESSAGE][WARNING] - A browser is already opened. Closing browser and opening a new one

2022-01-12 22:04:06 - [MESSAGE][INFO] - Starting 'Edge Chromium' driver

2022-01-12 22:04:08 - [MESSAGE][INFO] - Action delay is set to 0 milliseconds

2022-01-12 22:04:09 - [MESSAGE][PASSED] - Browser is opened with url: ''

2022-01-12 22:04:09 - [TEST_STEP][PASSED] - navigateToUrl("http://localhost/"): Navigate to 'http://localhost/' successfully

2022-01-12 22:04:10 - [MESSAGE][PASSED] - Navigate to 'http://localhost/' successfully

2022-01-12 22:04:10 - [TEST_STEP][PASSED] - click(findTestObject("Object Repository/Page_My Moodle/a_Log in")): Object: 'Object Repository/Page_My Moodle/a_Log in' is clicked on

2022-01-12 22:04:11 - [MESSAGE][PASSED] - Object: 'Object Repository/Page_My Moodle/a_Log in' is clicked on

2022-01-12 22:04:11 - [TEST_STEP][PASSED] - setText(findTestObject("Object Repository/Page_My Moodle Log in to the site/input_Username_username"), "admin"): Text 'admin' is set on object 'Object Repository/Page_My Moodle Log in to the site/input_Username_username'

2022-01-12 22:04:11 - [MESSAGE][PASSED] - Text 'admin' is set on object 'Object Repository/Page_My Moodle Log in to the site/input_Username_username'

2022-01-12 22:04:11 - [TEST_STEP][PASSED] - setEncryptedText(findTestObject("Object Repository/Page_My Moodle Log in to the site/input_Password_password"), "7Dxoto1EjKfQbGop/Ov+1g=="): Text ****** has been set on object 'Object Repository/Page_My Moodle Log in to the site/input_Password_password'

2022-01-12 22:04:12 - [MESSAGE][PASSED] - Text ****** has been set on object 'Object Repository/Page_My Moodle Log in to the site/input_Password_password'

2022-01-12 22:04:12 - [TEST_STEP][PASSED] - click(findTestObject("Object Repository/Page_My Moodle Log in to the site/button_Log in")): Object: 'Object Repository/Page_My Moodle Log in to the site/button_Log in' is clicked on

2022-01-12 22:04:13 - [MESSAGE][PASSED] - Object: 'Object Repository/Page_My Moodle Log in to the site/button_Log in' is clicked on

2022-01-12 22:04:13 - [MESSAGE][PASSED] - Call Test Case 'Test Cases/Login as admin' successfully

2022-01-12 22:04:13 - [TEST_STEP][PASSED] - click(findTestObject("Object Repository/Page_Dashboard/span_Site administration")): Object: 'Object Repository/Page_Dashboard/span_Site administration' is clicked on

2022-01-12 22:04:15 - [MESSAGE][PASSED] - Object: 'Object Repository/Page_Dashboard/span_Site administration' is clicked on

2022-01-12 22:04:15 - [TEST_STEP][PASSED] - navigateToUrl("http://localhost/admin/search.php"): Navigate to 'http://localhost/admin/search.php' successfully

2022-01-12 22:04:16 - [MESSAGE][PASSED] - Navigate to 'http://localhost/admin/search.php' successfully

2022-01-12 22:04:16 - [TEST_STEP][PASSED] - click(findTestObject("Object Repository/Page_Moodle Administration Search/a_Courses")): Object: 'Object Repository/Page_Moodle Administration Search/a_Courses' is clicked on

2022-01-12 22:04:16 - [MESSAGE][PASSED] - Object: 'Object Repository/Page_Moodle Administration Search/a_Courses' is clicked on

2022-01-12 22:04:16 - [TEST_STEP][PASSED] - click(findTestObject("Object Repository/Page_Moodle Administration Search/a_Add a new course")): Object: 'Object Repository/Page_Moodle Administration Search/a_Add a new course' is clicked on

2022-01-12 22:04:18 - [MESSAGE][PASSED] - Object: 'Object Repository/Page_Moodle Administration Search/a_Add a new course' is clicked on

2022-01-12 22:04:18 - [TEST_STEP][PASSED] - setText(findTestObject("Object Repository/Page_Moodle Add a new course/input_Course full name_fullname"), "Thiết kế phần mềm"): Text 'Thiết kế phần mềm' is set on object 'Object Repository/Page_Moodle Add a new course/input_Course full name_fullname'

2022-01-12 22:04:19 - [MESSAGE][PASSED] - Text 'Thiết kế phần mềm' is set on object 'Object Repository/Page_Moodle Add a new course/input_Course full name_fullname'

2022-01-12 22:04:19 - [TEST_STEP][PASSED] - setText(findTestObject("Object Repository/Page_Moodle Add a new course/input_Course short name_shortname"), "CSC13010"): Text 'CSC13010' is set on object 'Object Repository/Page_Moodle Add a new course/input_Course short name_shortname'

2022-01-12 22:04:20 - [MESSAGE][PASSED] - Text 'CSC13010' is set on object 'Object Repository/Page_Moodle Add a new course/input_Course short name_shortname'

2022-01-12 22:04:20 - [TEST_STEP][PASSED] - click(findTestObject("Object Repository/Page_Moodle Add a new course/span_")): Object: 'Object Repository/Page_Moodle Add a new course/span_' is clicked on

2022-01-12 22:04:20 - [MESSAGE][PASSED] - Object: 'Object Repository/Page_Moodle Add a new course/span_' is clicked on

2022-01-12 22:04:20 - [TEST_STEP][PASSED] - click(findTestObject("Object Repository/Page_Moodle Add a new course/li_Cng ngh thng tin  K thut phn mm")): Object: 'Object Repository/Page_Moodle Add a new course/li_Cng ngh thng tin  K thut phn mm' is clicked on

2022-01-12 22:04:21 - [MESSAGE][PASSED] - Object: 'Object Repository/Page_Moodle Add a new course/li_Cng ngh thng tin  K thut phn mm' is clicked on

2022-01-12 22:04:21 - [TEST_STEP][PASSED] - selectOptionByValue(findTestObject("Object Repository/Page_Moodle Add a new course/select_Miscellaneous            Cng ngh thn_6d25f3"), "3", true, OPTIONAL): All options with value '3' are selected in object 'Object Repository/Page_Moodle Add a new course/select_Miscellaneous            Cng ngh thn_6d25f3'  using regular expression

2022-01-12 22:04:23 - [MESSAGE][PASSED] - All options with value '3' are selected in object 'Object Repository/Page_Moodle Add a new course/select_Miscellaneous            Cng ngh thn_6d25f3'  using regular expression

2022-01-12 22:04:23 - [TEST_STEP][PASSED] - click(findTestObject("Object Repository/Page_Moodle Add a new course/input__saveanddisplay")): Object: 'Object Repository/Page_Moodle Add a new course/input__saveanddisplay' is clicked on

2022-01-12 22:04:24 - [MESSAGE][PASSED] - Object: 'Object Repository/Page_Moodle Add a new course/input__saveanddisplay' is clicked on

2022-01-12 22:04:24 - [TEST_STEP][PASSED] - click(findTestObject("Object Repository/Page_Moodle Add a new course/div_Short name is already used for another _588d57")): Object: 'Object Repository/Page_Moodle Add a new course/div_Short name is already used for another _588d57' is clicked on

2022-01-12 22:04:25 - [MESSAGE][PASSED] - Object: 'Object Repository/Page_Moodle Add a new course/div_Short name is already used for another _588d57' is clicked on]]></system-out>
         <system-err><![CDATA[]]></system-err>
      </testcase>
      <testcase name="Test Cases/Admin suspend user account" time="18.597" classname="Test Cases/Admin suspend user account" status="PASSED">
         <system-out><![CDATA[2022-01-12 22:04:25 - [TEST_CASE][PASSED] - Test Cases/Admin suspend user account: Test Cases/Admin suspend user account

2022-01-12 22:04:25 - [TEST_STEP][PASSED] - callTestCase(findTestCase("Login as admin"), [:], STOP_ON_FAILURE): Call Test Case 'Test Cases/Login as admin' successfully

2022-01-12 22:04:25 - [TEST_CASE][PASSED] - Test Cases/Login as admin: Test Cases/Login as admin

2022-01-12 22:04:25 - [TEST_STEP][PASSED] - openBrowser(""): Browser is opened with url: ''

2022-01-12 22:04:25 - [MESSAGE][WARNING] - A browser is already opened. Closing browser and opening a new one

2022-01-12 22:04:26 - [MESSAGE][INFO] - Starting 'Edge Chromium' driver

2022-01-12 22:04:29 - [MESSAGE][INFO] - Action delay is set to 0 milliseconds

2022-01-12 22:04:30 - [MESSAGE][PASSED] - Browser is opened with url: ''

2022-01-12 22:04:30 - [TEST_STEP][PASSED] - navigateToUrl("http://localhost/"): Navigate to 'http://localhost/' successfully

2022-01-12 22:04:30 - [MESSAGE][PASSED] - Navigate to 'http://localhost/' successfully

2022-01-12 22:04:30 - [TEST_STEP][PASSED] - click(findTestObject("Object Repository/Page_My Moodle/a_Log in")): Object: 'Object Repository/Page_My Moodle/a_Log in' is clicked on

2022-01-12 22:04:31 - [MESSAGE][PASSED] - Object: 'Object Repository/Page_My Moodle/a_Log in' is clicked on

2022-01-12 22:04:31 - [TEST_STEP][PASSED] - setText(findTestObject("Object Repository/Page_My Moodle Log in to the site/input_Username_username"), "admin"): Text 'admin' is set on object 'Object Repository/Page_My Moodle Log in to the site/input_Username_username'

2022-01-12 22:04:32 - [MESSAGE][PASSED] - Text 'admin' is set on object 'Object Repository/Page_My Moodle Log in to the site/input_Username_username'

2022-01-12 22:04:32 - [TEST_STEP][PASSED] - setEncryptedText(findTestObject("Object Repository/Page_My Moodle Log in to the site/input_Password_password"), "7Dxoto1EjKfQbGop/Ov+1g=="): Text ****** has been set on object 'Object Repository/Page_My Moodle Log in to the site/input_Password_password'

2022-01-12 22:04:32 - [MESSAGE][PASSED] - Text ****** has been set on object 'Object Repository/Page_My Moodle Log in to the site/input_Password_password'

2022-01-12 22:04:32 - [TEST_STEP][PASSED] - click(findTestObject("Object Repository/Page_My Moodle Log in to the site/button_Log in")): Object: 'Object Repository/Page_My Moodle Log in to the site/button_Log in' is clicked on

2022-01-12 22:04:34 - [MESSAGE][PASSED] - Object: 'Object Repository/Page_My Moodle Log in to the site/button_Log in' is clicked on

2022-01-12 22:04:34 - [MESSAGE][PASSED] - Call Test Case 'Test Cases/Login as admin' successfully

2022-01-12 22:04:34 - [TEST_STEP][PASSED] - click(findTestObject("Object Repository/Page_Dashboard/span_Site administration")): Object: 'Object Repository/Page_Dashboard/span_Site administration' is clicked on

2022-01-12 22:04:35 - [MESSAGE][PASSED] - Object: 'Object Repository/Page_Dashboard/span_Site administration' is clicked on

2022-01-12 22:04:35 - [TEST_STEP][PASSED] - navigateToUrl("http://localhost/admin/search.php"): Navigate to 'http://localhost/admin/search.php' successfully

2022-01-12 22:04:36 - [MESSAGE][PASSED] - Navigate to 'http://localhost/admin/search.php' successfully

2022-01-12 22:04:36 - [TEST_STEP][PASSED] - click(findTestObject("Object Repository/Page_Moodle Administration Search/a_Users")): Object: 'Object Repository/Page_Moodle Administration Search/a_Users' is clicked on

2022-01-12 22:04:36 - [MESSAGE][PASSED] - Object: 'Object Repository/Page_Moodle Administration Search/a_Users' is clicked on

2022-01-12 22:04:36 - [TEST_STEP][PASSED] - click(findTestObject("Object Repository/Page_Moodle Administration Search/a_Browse list of users")): Object: 'Object Repository/Page_Moodle Administration Search/a_Browse list of users' is clicked on

2022-01-12 22:04:37 - [MESSAGE][PASSED] - Object: 'Object Repository/Page_Moodle Administration Search/a_Browse list of users' is clicked on

2022-01-12 22:04:38 - [TEST_STEP][PASSED] - click(findTestObject("Object Repository/Page_Moodle Administration Users Accounts B_4543d8/i_vhbaoduy0808gmail.com_icon fa fa-eye fa-fw")): Object: 'Object Repository/Page_Moodle Administration Users Accounts B_4543d8/i_vhbaoduy0808gmail.com_icon fa fa-eye fa-fw' is clicked on

2022-01-12 22:04:39 - [MESSAGE][PASSED] - Object: 'Object Repository/Page_Moodle Administration Users Accounts B_4543d8/i_vhbaoduy0808gmail.com_icon fa fa-eye fa-fw' is clicked on

2022-01-12 22:04:39 - [TEST_STEP][PASSED] - click(findTestObject("Object Repository/Page_Moodle Administration Users Accounts B_4543d8/a_Admin Team")): Object: 'Object Repository/Page_Moodle Administration Users Accounts B_4543d8/a_Admin Team' is clicked on

2022-01-12 22:04:39 - [MESSAGE][PASSED] - Object: 'Object Repository/Page_Moodle Administration Users Accounts B_4543d8/a_Admin Team' is clicked on

2022-01-12 22:04:39 - [TEST_STEP][PASSED] - click(findTestObject("Object Repository/Page_Moodle Administration Users Accounts B_4543d8/span_Log out")): Object: 'Object Repository/Page_Moodle Administration Users Accounts B_4543d8/span_Log out' is clicked on

2022-01-12 22:04:40 - [MESSAGE][PASSED] - Object: 'Object Repository/Page_Moodle Administration Users Accounts B_4543d8/span_Log out' is clicked on

2022-01-12 22:04:40 - [TEST_STEP][PASSED] - click(findTestObject("Object Repository/Page_My Moodle/a_Log in")): Object: 'Object Repository/Page_My Moodle/a_Log in' is clicked on

2022-01-12 22:04:41 - [MESSAGE][PASSED] - Object: 'Object Repository/Page_My Moodle/a_Log in' is clicked on

2022-01-12 22:04:41 - [TEST_STEP][PASSED] - setText(findTestObject("Object Repository/Page_My Moodle Log in to the site/input_Username_username"), "student1"): Text 'student1' is set on object 'Object Repository/Page_My Moodle Log in to the site/input_Username_username'

2022-01-12 22:04:42 - [MESSAGE][PASSED] - Text 'student1' is set on object 'Object Repository/Page_My Moodle Log in to the site/input_Username_username'

2022-01-12 22:04:42 - [TEST_STEP][PASSED] - setEncryptedText(findTestObject("Object Repository/Page_My Moodle Log in to the site/input_Password_password"), "HeCM15nHKBI="): Text ****** has been set on object 'Object Repository/Page_My Moodle Log in to the site/input_Password_password'

2022-01-12 22:04:42 - [MESSAGE][PASSED] - Text ****** has been set on object 'Object Repository/Page_My Moodle Log in to the site/input_Password_password'

2022-01-12 22:04:42 - [TEST_STEP][PASSED] - click(findTestObject("Object Repository/Page_My Moodle Log in to the site/button_Log in")): Object: 'Object Repository/Page_My Moodle Log in to the site/button_Log in' is clicked on

2022-01-12 22:04:43 - [MESSAGE][PASSED] - Object: 'Object Repository/Page_My Moodle Log in to the site/button_Log in' is clicked on

2022-01-12 22:04:43 - [TEST_STEP][PASSED] - click(findTestObject("Object Repository/Page_My Moodle Log in to the site/button_Log in")): Object: 'Object Repository/Page_My Moodle Log in to the site/button_Log in' is clicked on

2022-01-12 22:04:44 - [MESSAGE][PASSED] - Object: 'Object Repository/Page_My Moodle Log in to the site/button_Log in' is clicked on]]></system-out>
         <system-err><![CDATA[]]></system-err>
      </testcase>
      <testcase name="Test Cases/Admin create event on a course" time="34.792" classname="Test Cases/Admin create event on a course" status="PASSED">
         <system-out><![CDATA[2022-01-12 22:04:44 - [TEST_CASE][PASSED] - Test Cases/Admin create event on a course: Test Cases/Admin create event on a course

2022-01-12 22:04:44 - [TEST_STEP][PASSED] - callTestCase(findTestCase("Login as admin"), [:], STOP_ON_FAILURE): Call Test Case 'Test Cases/Login as admin' successfully

2022-01-12 22:04:44 - [TEST_CASE][PASSED] - Test Cases/Login as admin: Test Cases/Login as admin

2022-01-12 22:04:44 - [TEST_STEP][PASSED] - openBrowser(""): Browser is opened with url: ''

2022-01-12 22:04:44 - [MESSAGE][WARNING] - A browser is already opened. Closing browser and opening a new one

2022-01-12 22:04:45 - [MESSAGE][INFO] - Starting 'Edge Chromium' driver

2022-01-12 22:04:47 - [MESSAGE][INFO] - Action delay is set to 0 milliseconds

2022-01-12 22:04:49 - [MESSAGE][PASSED] - Browser is opened with url: ''

2022-01-12 22:04:49 - [TEST_STEP][PASSED] - navigateToUrl("http://localhost/"): Navigate to 'http://localhost/' successfully

2022-01-12 22:04:49 - [MESSAGE][PASSED] - Navigate to 'http://localhost/' successfully

2022-01-12 22:04:49 - [TEST_STEP][PASSED] - click(findTestObject("Object Repository/Page_My Moodle/a_Log in")): Object: 'Object Repository/Page_My Moodle/a_Log in' is clicked on

2022-01-12 22:04:50 - [MESSAGE][PASSED] - Object: 'Object Repository/Page_My Moodle/a_Log in' is clicked on

2022-01-12 22:04:50 - [TEST_STEP][PASSED] - setText(findTestObject("Object Repository/Page_My Moodle Log in to the site/input_Username_username"), "admin"): Text 'admin' is set on object 'Object Repository/Page_My Moodle Log in to the site/input_Username_username'

2022-01-12 22:04:51 - [MESSAGE][PASSED] - Text 'admin' is set on object 'Object Repository/Page_My Moodle Log in to the site/input_Username_username'

2022-01-12 22:04:51 - [TEST_STEP][PASSED] - setEncryptedText(findTestObject("Object Repository/Page_My Moodle Log in to the site/input_Password_password"), "7Dxoto1EjKfQbGop/Ov+1g=="): Text ****** has been set on object 'Object Repository/Page_My Moodle Log in to the site/input_Password_password'

2022-01-12 22:04:51 - [MESSAGE][PASSED] - Text ****** has been set on object 'Object Repository/Page_My Moodle Log in to the site/input_Password_password'

2022-01-12 22:04:51 - [TEST_STEP][PASSED] - click(findTestObject("Object Repository/Page_My Moodle Log in to the site/button_Log in")): Object: 'Object Repository/Page_My Moodle Log in to the site/button_Log in' is clicked on

2022-01-12 22:04:52 - [MESSAGE][PASSED] - Object: 'Object Repository/Page_My Moodle Log in to the site/button_Log in' is clicked on

2022-01-12 22:04:52 - [MESSAGE][PASSED] - Call Test Case 'Test Cases/Login as admin' successfully

2022-01-12 22:04:52 - [TEST_STEP][PASSED] - click(findTestObject("Object Repository/Page_Dashboard/a_Site home")): Object: 'Object Repository/Page_Dashboard/a_Site home' is clicked on

2022-01-12 22:04:54 - [MESSAGE][PASSED] - Object: 'Object Repository/Page_Dashboard/a_Site home' is clicked on

2022-01-12 22:04:54 - [TEST_STEP][PASSED] - navigateToUrl("http://localhost/?redirect=0"): Navigate to 'http://localhost/?redirect=0' successfully

2022-01-12 22:04:54 - [MESSAGE][PASSED] - Navigate to 'http://localhost/?redirect=0' successfully

2022-01-12 22:04:54 - [TEST_STEP][PASSED] - click(findTestObject("Object Repository/Page_My Moodle/a_Phn tch v qun l yu cu phn mm")): Object: 'Object Repository/Page_My Moodle/a_Phn tch v qun l yu cu phn mm' is clicked on

2022-01-12 22:04:55 - [MESSAGE][PASSED] - Object: 'Object Repository/Page_My Moodle/a_Phn tch v qun l yu cu phn mm' is clicked on

2022-01-12 22:04:55 - [TEST_STEP][PASSED] - click(findTestObject("Object Repository/Page_Course Phn tch v qun l yu cu phn mm/a_Calendar")): Object: 'Object Repository/Page_Course Phn tch v qun l yu cu phn mm/a_Calendar' is clicked on

2022-01-12 22:04:56 - [MESSAGE][PASSED] - Object: 'Object Repository/Page_Course Phn tch v qun l yu cu phn mm/a_Calendar' is clicked on

2022-01-12 22:04:56 - [TEST_STEP][PASSED] - click(findTestObject("Object Repository/Page_CSC13005 Calendar Detailed month view _53704a/button_New event")): Object: 'Object Repository/Page_CSC13005 Calendar Detailed month view _53704a/button_New event' is clicked on

2022-01-12 22:04:57 - [MESSAGE][PASSED] - Object: 'Object Repository/Page_CSC13005 Calendar Detailed month view _53704a/button_New event' is clicked on

2022-01-12 22:04:57 - [TEST_STEP][PASSED] - setText(findTestObject("Page_CSC13005 Calendar Detailed month view _53704a/input_Event title_name"), "Các bạn sẽ thi vào ngày 20/02/2022"): Text 'Các bạn sẽ thi vào ngày 20/02/2022' is set on object 'Object Repository/Page_CSC13005 Calendar Detailed month view _53704a/input_Event title_name'

2022-01-12 22:04:59 - [MESSAGE][PASSED] - Text 'Các bạn sẽ thi vào ngày 20/02/2022' is set on object 'Object Repository/Page_CSC13005 Calendar Detailed month view _53704a/input_Event title_name'

2022-01-12 22:04:59 - [TEST_STEP][PASSED] - selectOptionByValue(findTestObject("Object Repository/Page_CSC13005 Calendar Detailed month view _53704a/select_1        2        3        4        _45ea30"), "20", true): All options with value '20' are selected in object 'Object Repository/Page_CSC13005 Calendar Detailed month view _53704a/select_1        2        3        4        _45ea30'  using regular expression

2022-01-12 22:05:01 - [MESSAGE][PASSED] - All options with value '20' are selected in object 'Object Repository/Page_CSC13005 Calendar Detailed month view _53704a/select_1        2        3        4        _45ea30'  using regular expression

2022-01-12 22:05:01 - [TEST_STEP][PASSED] - selectOptionByValue(findTestObject("Object Repository/Page_CSC13005 Calendar Detailed month view _53704a/select_January        February        March_78ea2e"), "2", true): All options with value '2' are selected in object 'Object Repository/Page_CSC13005 Calendar Detailed month view _53704a/select_January        February        March_78ea2e'  using regular expression

2022-01-12 22:05:02 - [MESSAGE][PASSED] - All options with value '2' are selected in object 'Object Repository/Page_CSC13005 Calendar Detailed month view _53704a/select_January        February        March_78ea2e'  using regular expression

2022-01-12 22:05:02 - [TEST_STEP][PASSED] - selectOptionByValue(findTestObject("Object Repository/Page_CSC13005 Calendar Detailed month view _53704a/select_00        01        02        03    _f6e37b"), "7", true): All options with value '7' are selected in object 'Object Repository/Page_CSC13005 Calendar Detailed month view _53704a/select_00        01        02        03    _f6e37b'  using regular expression

2022-01-12 22:05:03 - [MESSAGE][PASSED] - All options with value '7' are selected in object 'Object Repository/Page_CSC13005 Calendar Detailed month view _53704a/select_00        01        02        03    _f6e37b'  using regular expression

2022-01-12 22:05:03 - [TEST_STEP][PASSED] - selectOptionByValue(findTestObject("Object Repository/Page_CSC13005 Calendar Detailed month view _53704a/select_00        01        02        03    _f6e37b_1"), "0", true): All options with value '0' are selected in object 'Object Repository/Page_CSC13005 Calendar Detailed month view _53704a/select_00        01        02        03    _f6e37b_1'  using regular expression

2022-01-12 22:05:05 - [MESSAGE][PASSED] - All options with value '0' are selected in object 'Object Repository/Page_CSC13005 Calendar Detailed month view _53704a/select_00        01        02        03    _f6e37b_1'  using regular expression

2022-01-12 22:05:05 - [TEST_STEP][PASSED] - click(findTestObject("Object Repository/Page_CSC13005 Calendar Detailed month view _53704a/button_Save")): Object: 'Object Repository/Page_CSC13005 Calendar Detailed month view _53704a/button_Save' is clicked on

2022-01-12 22:05:05 - [MESSAGE][PASSED] - Object: 'Object Repository/Page_CSC13005 Calendar Detailed month view _53704a/button_Save' is clicked on

2022-01-12 22:05:05 - [TEST_STEP][PASSED] - closeBrowser(): Browser is closed

2022-01-12 22:05:06 - [MESSAGE][PASSED] - Browser is closed

2022-01-12 22:05:06 - [TEST_STEP][PASSED] - callTestCase(findTestCase("Login as user (student)"), [:], STOP_ON_FAILURE): Call Test Case 'Test Cases/Login as user (student)' successfully

2022-01-12 22:05:06 - [TEST_CASE][PASSED] - Test Cases/Login as user (student): Test Cases/Login as user (student)

2022-01-12 22:05:07 - [TEST_STEP][PASSED] - openBrowser(""): Browser is opened with url: ''

2022-01-12 22:05:07 - [MESSAGE][INFO] - Starting 'Edge Chromium' driver

2022-01-12 22:05:09 - [MESSAGE][INFO] - Action delay is set to 0 milliseconds

2022-01-12 22:05:10 - [MESSAGE][PASSED] - Browser is opened with url: ''

2022-01-12 22:05:10 - [TEST_STEP][PASSED] - maximizeWindow(): Current window maximized

2022-01-12 22:05:10 - [MESSAGE][PASSED] - Current window maximized

2022-01-12 22:05:10 - [TEST_STEP][PASSED] - navigateToUrl("http://localhost/"): Navigate to 'http://localhost/' successfully

2022-01-12 22:05:11 - [MESSAGE][PASSED] - Navigate to 'http://localhost/' successfully

2022-01-12 22:05:11 - [TEST_STEP][PASSED] - click(findTestObject("Object Repository/Page_My Moodle/a_Log in")): Object: 'Object Repository/Page_My Moodle/a_Log in' is clicked on

2022-01-12 22:05:12 - [MESSAGE][PASSED] - Object: 'Object Repository/Page_My Moodle/a_Log in' is clicked on

2022-01-12 22:05:12 - [TEST_STEP][PASSED] - setText(findTestObject("Object Repository/Page_My Moodle Log in to the site/input_Username_username"), "student"): Text 'student' is set on object 'Object Repository/Page_My Moodle Log in to the site/input_Username_username'

2022-01-12 22:05:13 - [MESSAGE][PASSED] - Text 'student' is set on object 'Object Repository/Page_My Moodle Log in to the site/input_Username_username'

2022-01-12 22:05:13 - [TEST_STEP][PASSED] - setEncryptedText(findTestObject("Object Repository/Page_My Moodle Log in to the site/input_Password_password"), "3t5OwH/+bwwlEvOXGw7/rg=="): Text ****** has been set on object 'Object Repository/Page_My Moodle Log in to the site/input_Password_password'

2022-01-12 22:05:13 - [MESSAGE][PASSED] - Text ****** has been set on object 'Object Repository/Page_My Moodle Log in to the site/input_Password_password'

2022-01-12 22:05:13 - [TEST_STEP][PASSED] - click(findTestObject("Object Repository/Page_My Moodle Log in to the site/button_Log in")): Object: 'Object Repository/Page_My Moodle Log in to the site/button_Log in' is clicked on

2022-01-12 22:05:14 - [MESSAGE][PASSED] - Object: 'Object Repository/Page_My Moodle Log in to the site/button_Log in' is clicked on

2022-01-12 22:05:14 - [MESSAGE][PASSED] - Call Test Case 'Test Cases/Login as user (student)' successfully

2022-01-12 22:05:14 - [TEST_STEP][PASSED] - click(findTestObject("Object Repository/Page_Dashboard/a_Go to calendar")): Object: 'Object Repository/Page_Dashboard/a_Go to calendar' is clicked on

2022-01-12 22:05:16 - [MESSAGE][PASSED] - Object: 'Object Repository/Page_Dashboard/a_Go to calendar' is clicked on

2022-01-12 22:05:16 - [TEST_STEP][PASSED] - navigateToUrl("http://localhost/calendar/view.php?view=upcoming"): Navigate to 'http://localhost/calendar/view.php?view=upcoming' successfully

2022-01-12 22:05:16 - [MESSAGE][PASSED] - Navigate to 'http://localhost/calendar/view.php?view=upcoming' successfully

2022-01-12 22:05:16 - [TEST_STEP][PASSED] - click(findTestObject("Object Repository/Page_Moodle Calendar Upcoming events/a_February 2022")): Object: 'Object Repository/Page_Moodle Calendar Upcoming events/a_February 2022' is clicked on

2022-01-12 22:05:18 - [MESSAGE][PASSED] - Object: 'Object Repository/Page_Moodle Calendar Upcoming events/a_February 2022' is clicked on

2022-01-12 22:05:18 - [TEST_STEP][PASSED] - click(findTestObject("Page_Moodle Calendar Detailed month view February 2022/span_Cc bn s thi vo ngy 20022022")): Object: 'Object Repository/Page_Moodle Calendar Detailed month view February 2022/span_Cc bn s thi vo ngy 20022022' is clicked on

2022-01-12 22:05:18 - [MESSAGE][PASSED] - Object: 'Object Repository/Page_Moodle Calendar Detailed month view February 2022/span_Cc bn s thi vo ngy 20022022' is clicked on]]></system-out>
         <system-err><![CDATA[]]></system-err>
      </testcase>
      <testcase name="Test Cases/Admin assign course teacher" time="21.616" classname="Test Cases/Admin assign course teacher" status="PASSED">
         <system-out><![CDATA[2022-01-12 22:05:18 - [TEST_CASE][PASSED] - Test Cases/Admin assign course teacher: Test Cases/Admin assign course teacher

2022-01-12 22:05:19 - [TEST_STEP][PASSED] - callTestCase(findTestCase("Login as admin"), [:], STOP_ON_FAILURE): Call Test Case 'Test Cases/Login as admin' successfully

2022-01-12 22:05:19 - [TEST_CASE][PASSED] - Test Cases/Login as admin: Test Cases/Login as admin

2022-01-12 22:05:19 - [TEST_STEP][PASSED] - openBrowser(""): Browser is opened with url: ''

2022-01-12 22:05:19 - [MESSAGE][WARNING] - A browser is already opened. Closing browser and opening a new one

2022-01-12 22:05:20 - [MESSAGE][INFO] - Starting 'Edge Chromium' driver

2022-01-12 22:05:22 - [MESSAGE][INFO] - Action delay is set to 0 milliseconds

2022-01-12 22:05:23 - [MESSAGE][PASSED] - Browser is opened with url: ''

2022-01-12 22:05:23 - [TEST_STEP][PASSED] - navigateToUrl("http://localhost/"): Navigate to 'http://localhost/' successfully

2022-01-12 22:05:24 - [MESSAGE][PASSED] - Navigate to 'http://localhost/' successfully

2022-01-12 22:05:24 - [TEST_STEP][PASSED] - click(findTestObject("Object Repository/Page_My Moodle/a_Log in")): Object: 'Object Repository/Page_My Moodle/a_Log in' is clicked on

2022-01-12 22:05:25 - [MESSAGE][PASSED] - Object: 'Object Repository/Page_My Moodle/a_Log in' is clicked on

2022-01-12 22:05:25 - [TEST_STEP][PASSED] - setText(findTestObject("Object Repository/Page_My Moodle Log in to the site/input_Username_username"), "admin"): Text 'admin' is set on object 'Object Repository/Page_My Moodle Log in to the site/input_Username_username'

2022-01-12 22:05:25 - [MESSAGE][PASSED] - Text 'admin' is set on object 'Object Repository/Page_My Moodle Log in to the site/input_Username_username'

2022-01-12 22:05:25 - [TEST_STEP][PASSED] - setEncryptedText(findTestObject("Object Repository/Page_My Moodle Log in to the site/input_Password_password"), "7Dxoto1EjKfQbGop/Ov+1g=="): Text ****** has been set on object 'Object Repository/Page_My Moodle Log in to the site/input_Password_password'

2022-01-12 22:05:26 - [MESSAGE][PASSED] - Text ****** has been set on object 'Object Repository/Page_My Moodle Log in to the site/input_Password_password'

2022-01-12 22:05:26 - [TEST_STEP][PASSED] - click(findTestObject("Object Repository/Page_My Moodle Log in to the site/button_Log in")): Object: 'Object Repository/Page_My Moodle Log in to the site/button_Log in' is clicked on

2022-01-12 22:05:27 - [MESSAGE][PASSED] - Object: 'Object Repository/Page_My Moodle Log in to the site/button_Log in' is clicked on

2022-01-12 22:05:27 - [MESSAGE][PASSED] - Call Test Case 'Test Cases/Login as admin' successfully

2022-01-12 22:05:27 - [TEST_STEP][PASSED] - click(findTestObject("Object Repository/Page_Dashboard/a_Site home")): Object: 'Object Repository/Page_Dashboard/a_Site home' is clicked on

2022-01-12 22:05:29 - [MESSAGE][PASSED] - Object: 'Object Repository/Page_Dashboard/a_Site home' is clicked on

2022-01-12 22:05:29 - [TEST_STEP][PASSED] - navigateToUrl("http://localhost/?redirect=0"): Navigate to 'http://localhost/?redirect=0' successfully

2022-01-12 22:05:29 - [MESSAGE][PASSED] - Navigate to 'http://localhost/?redirect=0' successfully

2022-01-12 22:05:29 - [TEST_STEP][PASSED] - click(findTestObject("Object Repository/Page_My Moodle/a_Phn tch v qun l yu cu phn mm")): Object: 'Object Repository/Page_My Moodle/a_Phn tch v qun l yu cu phn mm' is clicked on

2022-01-12 22:05:30 - [MESSAGE][PASSED] - Object: 'Object Repository/Page_My Moodle/a_Phn tch v qun l yu cu phn mm' is clicked on

2022-01-12 22:05:30 - [TEST_STEP][PASSED] - click(findTestObject("Object Repository/Page_Course Phn tch v qun l yu cu phn mm/span_Participants")): Object: 'Object Repository/Page_Course Phn tch v qun l yu cu phn mm/span_Participants' is clicked on

2022-01-12 22:05:30 - [MESSAGE][PASSED] - Object: 'Object Repository/Page_Course Phn tch v qun l yu cu phn mm/span_Participants' is clicked on

2022-01-12 22:05:30 - [TEST_STEP][PASSED] - click(findTestObject("Object Repository/Page_CSC13005 Participants/input_Participants_btn btn-secondary my-1")): Object: 'Object Repository/Page_CSC13005 Participants/input_Participants_btn btn-secondary my-1' is clicked on

2022-01-12 22:05:31 - [MESSAGE][PASSED] - Object: 'Object Repository/Page_CSC13005 Participants/input_Participants_btn btn-secondary my-1' is clicked on

2022-01-12 22:05:31 - [TEST_STEP][PASSED] - setText(findTestObject("Object Repository/Page_CSC13005 Participants/input_No selection_form_autocomplete_input-_86ed1a"), "teacher"): Text 'teacher' is set on object 'Object Repository/Page_CSC13005 Participants/input_No selection_form_autocomplete_input-_86ed1a'

2022-01-12 22:05:33 - [MESSAGE][PASSED] - Text 'teacher' is set on object 'Object Repository/Page_CSC13005 Participants/input_No selection_form_autocomplete_input-_86ed1a'

2022-01-12 22:05:33 - [TEST_STEP][PASSED] - click(findTestObject("Object Repository/Page_CSC13005 Participants/span_Teacher Testing")): Object: 'Object Repository/Page_CSC13005 Participants/span_Teacher Testing' is clicked on

2022-01-12 22:05:34 - [MESSAGE][PASSED] - Object: 'Object Repository/Page_CSC13005 Participants/span_Teacher Testing' is clicked on

2022-01-12 22:05:34 - [TEST_STEP][PASSED] - selectOptionByValue(findTestObject("Object Repository/Page_CSC13005 Participants/select_Teacher One    t1example.com        _0fad96"), "7", true): All options with value '7' are selected in object 'Object Repository/Page_CSC13005 Participants/select_Teacher One    t1example.com        _0fad96'  using regular expression

2022-01-12 22:05:36 - [MESSAGE][PASSED] - All options with value '7' are selected in object 'Object Repository/Page_CSC13005 Participants/select_Teacher One    t1example.com        _0fad96'  using regular expression

2022-01-12 22:05:36 - [TEST_STEP][PASSED] - selectOptionByValue(findTestObject("Object Repository/Page_CSC13005 Participants/select_Teacher One    t1example.com        _0fad96"), "7", true): All options with value '7' are selected in object 'Object Repository/Page_CSC13005 Participants/select_Teacher One    t1example.com        _0fad96'  using regular expression

2022-01-12 22:05:37 - [MESSAGE][PASSED] - All options with value '7' are selected in object 'Object Repository/Page_CSC13005 Participants/select_Teacher One    t1example.com        _0fad96'  using regular expression

2022-01-12 22:05:37 - [TEST_STEP][PASSED] - click(findTestObject("Object Repository/Page_CSC13005 Participants/span_Teacher One")): Object: 'Object Repository/Page_CSC13005 Participants/span_Teacher One' is clicked on

2022-01-12 22:05:37 - [MESSAGE][PASSED] - Object: 'Object Repository/Page_CSC13005 Participants/span_Teacher One' is clicked on

2022-01-12 22:05:37 - [TEST_STEP][PASSED] - selectOptionByValue(findTestObject("Object Repository/Page_CSC13005 Participants/select_Teacher One    t1example.com        _0fad96"), "6", true): All options with value '6' are selected in object 'Object Repository/Page_CSC13005 Participants/select_Teacher One    t1example.com        _0fad96'  using regular expression

2022-01-12 22:05:38 - [MESSAGE][PASSED] - All options with value '6' are selected in object 'Object Repository/Page_CSC13005 Participants/select_Teacher One    t1example.com        _0fad96'  using regular expression

2022-01-12 22:05:38 - [TEST_STEP][PASSED] - selectOptionByValue(findTestObject("Object Repository/Page_CSC13005 Participants/select_Manager            Teacher          _ffc00f"), "3", true): All options with value '3' are selected in object 'Object Repository/Page_CSC13005 Participants/select_Manager            Teacher          _ffc00f'  using regular expression

2022-01-12 22:05:39 - [MESSAGE][PASSED] - All options with value '3' are selected in object 'Object Repository/Page_CSC13005 Participants/select_Manager            Teacher          _ffc00f'  using regular expression

2022-01-12 22:05:39 - [TEST_STEP][PASSED] - click(findTestObject("Object Repository/Page_CSC13005 Participants/button_Enrol users")): Object: 'Object Repository/Page_CSC13005 Participants/button_Enrol users' is clicked on

2022-01-12 22:05:40 - [MESSAGE][PASSED] - Object: 'Object Repository/Page_CSC13005 Participants/button_Enrol users' is clicked on]]></system-out>
         <system-err><![CDATA[]]></system-err>
      </testcase>
      <testcase name="Test Cases/Admin assign student to course" time="28.025" classname="Test Cases/Admin assign student to course" status="PASSED">
         <system-out><![CDATA[2022-01-12 22:05:40 - [TEST_CASE][PASSED] - Test Cases/Admin assign student to course: Test Cases/Admin assign student to course

2022-01-12 22:05:40 - [TEST_STEP][PASSED] - callTestCase(findTestCase("Login as admin"), [:], STOP_ON_FAILURE): Call Test Case 'Test Cases/Login as admin' successfully

2022-01-12 22:05:40 - [TEST_CASE][PASSED] - Test Cases/Login as admin: Test Cases/Login as admin

2022-01-12 22:05:40 - [TEST_STEP][PASSED] - openBrowser(""): Browser is opened with url: ''

2022-01-12 22:05:40 - [MESSAGE][WARNING] - A browser is already opened. Closing browser and opening a new one

2022-01-12 22:05:41 - [MESSAGE][INFO] - Starting 'Edge Chromium' driver

2022-01-12 22:05:43 - [MESSAGE][INFO] - Action delay is set to 0 milliseconds

2022-01-12 22:05:44 - [MESSAGE][PASSED] - Browser is opened with url: ''

2022-01-12 22:05:44 - [TEST_STEP][PASSED] - navigateToUrl("http://localhost/"): Navigate to 'http://localhost/' successfully

2022-01-12 22:05:45 - [MESSAGE][PASSED] - Navigate to 'http://localhost/' successfully

2022-01-12 22:05:45 - [TEST_STEP][PASSED] - click(findTestObject("Object Repository/Page_My Moodle/a_Log in")): Object: 'Object Repository/Page_My Moodle/a_Log in' is clicked on

2022-01-12 22:05:46 - [MESSAGE][PASSED] - Object: 'Object Repository/Page_My Moodle/a_Log in' is clicked on

2022-01-12 22:05:46 - [TEST_STEP][PASSED] - setText(findTestObject("Object Repository/Page_My Moodle Log in to the site/input_Username_username"), "admin"): Text 'admin' is set on object 'Object Repository/Page_My Moodle Log in to the site/input_Username_username'

2022-01-12 22:05:46 - [MESSAGE][PASSED] - Text 'admin' is set on object 'Object Repository/Page_My Moodle Log in to the site/input_Username_username'

2022-01-12 22:05:46 - [TEST_STEP][PASSED] - setEncryptedText(findTestObject("Object Repository/Page_My Moodle Log in to the site/input_Password_password"), "7Dxoto1EjKfQbGop/Ov+1g=="): Text ****** has been set on object 'Object Repository/Page_My Moodle Log in to the site/input_Password_password'

2022-01-12 22:05:47 - [MESSAGE][PASSED] - Text ****** has been set on object 'Object Repository/Page_My Moodle Log in to the site/input_Password_password'

2022-01-12 22:05:47 - [TEST_STEP][PASSED] - click(findTestObject("Object Repository/Page_My Moodle Log in to the site/button_Log in")): Object: 'Object Repository/Page_My Moodle Log in to the site/button_Log in' is clicked on

2022-01-12 22:05:48 - [MESSAGE][PASSED] - Object: 'Object Repository/Page_My Moodle Log in to the site/button_Log in' is clicked on

2022-01-12 22:05:48 - [MESSAGE][PASSED] - Call Test Case 'Test Cases/Login as admin' successfully

2022-01-12 22:05:48 - [TEST_STEP][PASSED] - click(findTestObject("Object Repository/Page_Dashboard/span_Site home")): Object: 'Object Repository/Page_Dashboard/span_Site home' is clicked on

2022-01-12 22:05:50 - [MESSAGE][PASSED] - Object: 'Object Repository/Page_Dashboard/span_Site home' is clicked on

2022-01-12 22:05:50 - [TEST_STEP][PASSED] - navigateToUrl("http://localhost/?redirect=0"): Navigate to 'http://localhost/?redirect=0' successfully

2022-01-12 22:05:50 - [MESSAGE][PASSED] - Navigate to 'http://localhost/?redirect=0' successfully

2022-01-12 22:05:50 - [TEST_STEP][PASSED] - click(findTestObject("Object Repository/Page_My Moodle/a_Phn tch v qun l yu cu phn mm")): Object: 'Object Repository/Page_My Moodle/a_Phn tch v qun l yu cu phn mm' is clicked on

2022-01-12 22:05:51 - [MESSAGE][PASSED] - Object: 'Object Repository/Page_My Moodle/a_Phn tch v qun l yu cu phn mm' is clicked on

2022-01-12 22:05:51 - [TEST_STEP][PASSED] - click(findTestObject("Object Repository/Page_Course Phn tch v qun l yu cu phn mm/span_Participants")): Object: 'Object Repository/Page_Course Phn tch v qun l yu cu phn mm/span_Participants' is clicked on

2022-01-12 22:05:52 - [MESSAGE][PASSED] - Object: 'Object Repository/Page_Course Phn tch v qun l yu cu phn mm/span_Participants' is clicked on

2022-01-12 22:05:52 - [TEST_STEP][PASSED] - click(findTestObject("Object Repository/Page_CSC13005 Participants/input_Participants_yui_3_17_2_1_1641633890081_20")): Object: 'Object Repository/Page_CSC13005 Participants/input_Participants_yui_3_17_2_1_1641633890081_20' is clicked on

2022-01-12 22:05:52 - [MESSAGE][PASSED] - Object: 'Object Repository/Page_CSC13005 Participants/input_Participants_yui_3_17_2_1_1641633890081_20' is clicked on

2022-01-12 22:05:52 - [TEST_STEP][PASSED] - setText(findTestObject("Object Repository/Page_CSC13005 Participants/input_No selection_form_autocomplete_input-_2ce59e"), "student"): Text 'student' is set on object 'Object Repository/Page_CSC13005 Participants/input_No selection_form_autocomplete_input-_2ce59e'

2022-01-12 22:05:54 - [MESSAGE][PASSED] - Text 'student' is set on object 'Object Repository/Page_CSC13005 Participants/input_No selection_form_autocomplete_input-_2ce59e'

2022-01-12 22:05:54 - [TEST_STEP][PASSED] - click(findTestObject("Object Repository/Page_CSC13005 Participants/li_Student Testing    student.testingmail.com")): Object: 'Object Repository/Page_CSC13005 Participants/li_Student Testing    student.testingmail.com' is clicked on

2022-01-12 22:05:56 - [MESSAGE][PASSED] - Object: 'Object Repository/Page_CSC13005 Participants/li_Student Testing    student.testingmail.com' is clicked on

2022-01-12 22:05:56 - [TEST_STEP][PASSED] - selectOptionByValue(findTestObject("Object Repository/Page_CSC13005 Participants/select_Student One    s1example.com        _958eb3"), "8", true): All options with value '8' are selected in object 'Object Repository/Page_CSC13005 Participants/select_Student One    s1example.com        _958eb3'  using regular expression

2022-01-12 22:05:57 - [MESSAGE][PASSED] - All options with value '8' are selected in object 'Object Repository/Page_CSC13005 Participants/select_Student One    s1example.com        _958eb3'  using regular expression

2022-01-12 22:05:57 - [TEST_STEP][PASSED] - selectOptionByValue(findTestObject("Object Repository/Page_CSC13005 Participants/select_Student One    s1example.com        _958eb3"), "8", true): All options with value '8' are selected in object 'Object Repository/Page_CSC13005 Participants/select_Student One    s1example.com        _958eb3'  using regular expression

2022-01-12 22:05:58 - [MESSAGE][PASSED] - All options with value '8' are selected in object 'Object Repository/Page_CSC13005 Participants/select_Student One    s1example.com        _958eb3'  using regular expression

2022-01-12 22:05:58 - [TEST_STEP][PASSED] - selectOptionByValue(findTestObject("Object Repository/Page_CSC13005 Participants/select_Student One    s1example.com        _958eb3"), "8", true): All options with value '8' are selected in object 'Object Repository/Page_CSC13005 Participants/select_Student One    s1example.com        _958eb3'  using regular expression

2022-01-12 22:05:59 - [MESSAGE][PASSED] - All options with value '8' are selected in object 'Object Repository/Page_CSC13005 Participants/select_Student One    s1example.com        _958eb3'  using regular expression

2022-01-12 22:05:59 - [TEST_STEP][PASSED] - click(findTestObject("Object Repository/Page_CSC13005 Participants/li_Student One    s1example.com")): Object: 'Object Repository/Page_CSC13005 Participants/li_Student One    s1example.com' is clicked on

2022-01-12 22:05:59 - [MESSAGE][PASSED] - Object: 'Object Repository/Page_CSC13005 Participants/li_Student One    s1example.com' is clicked on

2022-01-12 22:05:59 - [TEST_STEP][PASSED] - selectOptionByValue(findTestObject("Object Repository/Page_CSC13005 Participants/select_Student One    s1example.com        _958eb3"), "4", true): All options with value '4' are selected in object 'Object Repository/Page_CSC13005 Participants/select_Student One    s1example.com        _958eb3'  using regular expression

2022-01-12 22:06:01 - [MESSAGE][PASSED] - All options with value '4' are selected in object 'Object Repository/Page_CSC13005 Participants/select_Student One    s1example.com        _958eb3'  using regular expression

2022-01-12 22:06:01 - [TEST_STEP][PASSED] - click(findTestObject("Object Repository/Page_CSC13005 Participants/li_Student Two    s2example.com")): Object: 'Object Repository/Page_CSC13005 Participants/li_Student Two    s2example.com' is clicked on

2022-01-12 22:06:01 - [MESSAGE][PASSED] - Object: 'Object Repository/Page_CSC13005 Participants/li_Student Two    s2example.com' is clicked on

2022-01-12 22:06:01 - [TEST_STEP][PASSED] - selectOptionByValue(findTestObject("Object Repository/Page_CSC13005 Participants/select_Student One    s1example.com        _958eb3"), "5", true): All options with value '5' are selected in object 'Object Repository/Page_CSC13005 Participants/select_Student One    s1example.com        _958eb3'  using regular expression

2022-01-12 22:06:03 - [MESSAGE][PASSED] - All options with value '5' are selected in object 'Object Repository/Page_CSC13005 Participants/select_Student One    s1example.com        _958eb3'  using regular expression

2022-01-12 22:06:03 - [TEST_STEP][PASSED] - click(findTestObject("Object Repository/Page_CSC13005 Participants/button_Enrol users")): Object: 'Object Repository/Page_CSC13005 Participants/button_Enrol users' is clicked on

2022-01-12 22:06:03 - [MESSAGE][PASSED] - Object: 'Object Repository/Page_CSC13005 Participants/button_Enrol users' is clicked on

2022-01-12 22:06:03 - [TEST_STEP][PASSED] - click(findTestObject("Object Repository/Page_CSC13005 Participants/a_Admin Team")): Object: 'Object Repository/Page_CSC13005 Participants/a_Admin Team' is clicked on

2022-01-12 22:06:04 - [MESSAGE][PASSED] - Object: 'Object Repository/Page_CSC13005 Participants/a_Admin Team' is clicked on

2022-01-12 22:06:04 - [TEST_STEP][PASSED] - click(findTestObject("Object Repository/Page_CSC13005 Participants/span_Log out")): Object: 'Object Repository/Page_CSC13005 Participants/span_Log out' is clicked on

2022-01-12 22:06:05 - [MESSAGE][PASSED] - Object: 'Object Repository/Page_CSC13005 Participants/span_Log out' is clicked on

2022-01-12 22:06:05 - [TEST_STEP][PASSED] - click(findTestObject("Object Repository/Page_My Moodle/a_Phn tch v qun l yu cu phn mm")): Object: 'Object Repository/Page_My Moodle/a_Phn tch v qun l yu cu phn mm' is clicked on

2022-01-12 22:06:06 - [MESSAGE][PASSED] - Object: 'Object Repository/Page_My Moodle/a_Phn tch v qun l yu cu phn mm' is clicked on

2022-01-12 22:06:06 - [TEST_STEP][PASSED] - setText(findTestObject("Object Repository/Page_My Moodle Log in to the site/input_Username_username"), "student"): Text 'student' is set on object 'Object Repository/Page_My Moodle Log in to the site/input_Username_username'

2022-01-12 22:06:06 - [MESSAGE][PASSED] - Text 'student' is set on object 'Object Repository/Page_My Moodle Log in to the site/input_Username_username'

2022-01-12 22:06:06 - [TEST_STEP][PASSED] - setEncryptedText(findTestObject("Object Repository/Page_My Moodle Log in to the site/input_Password_password"), "3t5OwH/+bwwlEvOXGw7/rg=="): Text ****** has been set on object 'Object Repository/Page_My Moodle Log in to the site/input_Password_password'

2022-01-12 22:06:07 - [MESSAGE][PASSED] - Text ****** has been set on object 'Object Repository/Page_My Moodle Log in to the site/input_Password_password'

2022-01-12 22:06:07 - [TEST_STEP][PASSED] - click(findTestObject("Object Repository/Page_My Moodle Log in to the site/button_Log in")): Object: 'Object Repository/Page_My Moodle Log in to the site/button_Log in' is clicked on

2022-01-12 22:06:08 - [MESSAGE][PASSED] - Object: 'Object Repository/Page_My Moodle Log in to the site/button_Log in' is clicked on]]></system-out>
         <system-err><![CDATA[]]></system-err>
      </testcase>
      <testcase name="Test Cases/Admin view grade of course" time="12.504" classname="Test Cases/Admin view grade of course" status="PASSED">
         <system-out><![CDATA[2022-01-12 22:06:08 - [TEST_CASE][PASSED] - Test Cases/Admin view grade of course: Test Cases/Admin view grade of course

2022-01-12 22:06:08 - [TEST_STEP][PASSED] - callTestCase(findTestCase("Login as admin"), [:], STOP_ON_FAILURE): Call Test Case 'Test Cases/Login as admin' successfully

2022-01-12 22:06:08 - [TEST_CASE][PASSED] - Test Cases/Login as admin: Test Cases/Login as admin

2022-01-12 22:06:08 - [TEST_STEP][PASSED] - openBrowser(""): Browser is opened with url: ''

2022-01-12 22:06:08 - [MESSAGE][WARNING] - A browser is already opened. Closing browser and opening a new one

2022-01-12 22:06:09 - [MESSAGE][INFO] - Starting 'Edge Chromium' driver

2022-01-12 22:06:12 - [MESSAGE][INFO] - Action delay is set to 0 milliseconds

2022-01-12 22:06:13 - [MESSAGE][PASSED] - Browser is opened with url: ''

2022-01-12 22:06:13 - [TEST_STEP][PASSED] - navigateToUrl("http://localhost/"): Navigate to 'http://localhost/' successfully

2022-01-12 22:06:14 - [MESSAGE][PASSED] - Navigate to 'http://localhost/' successfully

2022-01-12 22:06:14 - [TEST_STEP][PASSED] - click(findTestObject("Object Repository/Page_My Moodle/a_Log in")): Object: 'Object Repository/Page_My Moodle/a_Log in' is clicked on

2022-01-12 22:06:14 - [MESSAGE][PASSED] - Object: 'Object Repository/Page_My Moodle/a_Log in' is clicked on

2022-01-12 22:06:14 - [TEST_STEP][PASSED] - setText(findTestObject("Object Repository/Page_My Moodle Log in to the site/input_Username_username"), "admin"): Text 'admin' is set on object 'Object Repository/Page_My Moodle Log in to the site/input_Username_username'

2022-01-12 22:06:15 - [MESSAGE][PASSED] - Text 'admin' is set on object 'Object Repository/Page_My Moodle Log in to the site/input_Username_username'

2022-01-12 22:06:15 - [TEST_STEP][PASSED] - setEncryptedText(findTestObject("Object Repository/Page_My Moodle Log in to the site/input_Password_password"), "7Dxoto1EjKfQbGop/Ov+1g=="): Text ****** has been set on object 'Object Repository/Page_My Moodle Log in to the site/input_Password_password'

2022-01-12 22:06:15 - [MESSAGE][PASSED] - Text ****** has been set on object 'Object Repository/Page_My Moodle Log in to the site/input_Password_password'

2022-01-12 22:06:15 - [TEST_STEP][PASSED] - click(findTestObject("Object Repository/Page_My Moodle Log in to the site/button_Log in")): Object: 'Object Repository/Page_My Moodle Log in to the site/button_Log in' is clicked on

2022-01-12 22:06:17 - [MESSAGE][PASSED] - Object: 'Object Repository/Page_My Moodle Log in to the site/button_Log in' is clicked on

2022-01-12 22:06:17 - [MESSAGE][PASSED] - Call Test Case 'Test Cases/Login as admin' successfully

2022-01-12 22:06:17 - [TEST_STEP][PASSED] - click(findTestObject("Object Repository/Page_Dashboard/span_Site home")): Object: 'Object Repository/Page_Dashboard/span_Site home' is clicked on

2022-01-12 22:06:18 - [MESSAGE][PASSED] - Object: 'Object Repository/Page_Dashboard/span_Site home' is clicked on

2022-01-12 22:06:18 - [TEST_STEP][PASSED] - navigateToUrl("http://localhost/?redirect=0"): Navigate to 'http://localhost/?redirect=0' successfully

2022-01-12 22:06:18 - [MESSAGE][PASSED] - Navigate to 'http://localhost/?redirect=0' successfully

2022-01-12 22:06:18 - [TEST_STEP][PASSED] - click(findTestObject("Object Repository/Page_My Moodle/a_Phn tch v qun l yu cu phn mm")): Object: 'Object Repository/Page_My Moodle/a_Phn tch v qun l yu cu phn mm' is clicked on

2022-01-12 22:06:19 - [MESSAGE][PASSED] - Object: 'Object Repository/Page_My Moodle/a_Phn tch v qun l yu cu phn mm' is clicked on

2022-01-12 22:06:19 - [TEST_STEP][PASSED] - click(findTestObject("Object Repository/Page_Course Phn tch v qun l yu cu phn mm/span_Grades")): Object: 'Object Repository/Page_Course Phn tch v qun l yu cu phn mm/span_Grades' is clicked on

2022-01-12 22:06:21 - [MESSAGE][PASSED] - Object: 'Object Repository/Page_Course Phn tch v qun l yu cu phn mm/span_Grades' is clicked on]]></system-out>
         <system-err><![CDATA[]]></system-err>
      </testcase>
      <testcase name="Test Cases/Login as user (teacher)" time="8.489" classname="Test Cases/Login as user (teacher)" status="PASSED">
         <system-out><![CDATA[2022-01-12 22:06:21 - [TEST_CASE][PASSED] - Test Cases/Login as user (teacher): Test Cases/Login as user (teacher)

2022-01-12 22:06:21 - [TEST_STEP][PASSED] - openBrowser(""): Browser is opened with url: ''

2022-01-12 22:06:21 - [MESSAGE][WARNING] - A browser is already opened. Closing browser and opening a new one

2022-01-12 22:06:22 - [MESSAGE][INFO] - Starting 'Edge Chromium' driver

2022-01-12 22:06:24 - [MESSAGE][INFO] - Action delay is set to 0 milliseconds

2022-01-12 22:06:25 - [MESSAGE][PASSED] - Browser is opened with url: ''

2022-01-12 22:06:25 - [TEST_STEP][PASSED] - maximizeWindow(): Current window maximized

2022-01-12 22:06:25 - [MESSAGE][PASSED] - Current window maximized

2022-01-12 22:06:25 - [TEST_STEP][PASSED] - navigateToUrl("http://localhost/"): Navigate to 'http://localhost/' successfully

2022-01-12 22:06:26 - [MESSAGE][PASSED] - Navigate to 'http://localhost/' successfully

2022-01-12 22:06:26 - [TEST_STEP][PASSED] - click(findTestObject("Object Repository/Page_My Moodle/a_Log in")): Object: 'Object Repository/Page_My Moodle/a_Log in' is clicked on

2022-01-12 22:06:27 - [MESSAGE][PASSED] - Object: 'Object Repository/Page_My Moodle/a_Log in' is clicked on

2022-01-12 22:06:27 - [TEST_STEP][PASSED] - setText(findTestObject("Object Repository/Page_My Moodle Log in to the site/input_Username_username"), "teacher"): Text 'teacher' is set on object 'Object Repository/Page_My Moodle Log in to the site/input_Username_username'

2022-01-12 22:06:28 - [MESSAGE][PASSED] - Text 'teacher' is set on object 'Object Repository/Page_My Moodle Log in to the site/input_Username_username'

2022-01-12 22:06:28 - [TEST_STEP][PASSED] - setEncryptedText(findTestObject("Object Repository/Page_My Moodle Log in to the site/input_Password_password"), "3fJEwIvstDDnFTEIk7299A=="): Text ****** has been set on object 'Object Repository/Page_My Moodle Log in to the site/input_Password_password'

2022-01-12 22:06:28 - [MESSAGE][PASSED] - Text ****** has been set on object 'Object Repository/Page_My Moodle Log in to the site/input_Password_password'

2022-01-12 22:06:28 - [TEST_STEP][PASSED] - click(findTestObject("Object Repository/Page_My Moodle Log in to the site/button_Log in")): Object: 'Object Repository/Page_My Moodle Log in to the site/button_Log in' is clicked on

2022-01-12 22:06:29 - [MESSAGE][PASSED] - Object: 'Object Repository/Page_My Moodle Log in to the site/button_Log in' is clicked on]]></system-out>
         <system-err><![CDATA[]]></system-err>
      </testcase>
      <testcase name="Test Cases/Teacher create announcement" time="18.168" classname="Test Cases/Teacher create announcement" status="PASSED">
         <system-out><![CDATA[2022-01-12 22:06:29 - [TEST_CASE][PASSED] - Test Cases/Teacher create announcement: Test Cases/Teacher create announcement

2022-01-12 22:06:29 - [TEST_STEP][PASSED] - callTestCase(findTestCase("Login as user (teacher)"), [:], STOP_ON_FAILURE): Call Test Case 'Test Cases/Login as user (teacher)' successfully

2022-01-12 22:06:30 - [TEST_CASE][PASSED] - Test Cases/Login as user (teacher): Test Cases/Login as user (teacher)

2022-01-12 22:06:30 - [TEST_STEP][PASSED] - openBrowser(""): Browser is opened with url: ''

2022-01-12 22:06:30 - [MESSAGE][WARNING] - A browser is already opened. Closing browser and opening a new one

2022-01-12 22:06:30 - [MESSAGE][INFO] - Starting 'Edge Chromium' driver

2022-01-12 22:06:33 - [MESSAGE][INFO] - Action delay is set to 0 milliseconds

2022-01-12 22:06:34 - [MESSAGE][PASSED] - Browser is opened with url: ''

2022-01-12 22:06:34 - [TEST_STEP][PASSED] - maximizeWindow(): Current window maximized

2022-01-12 22:06:34 - [MESSAGE][PASSED] - Current window maximized

2022-01-12 22:06:34 - [TEST_STEP][PASSED] - navigateToUrl("http://localhost/"): Navigate to 'http://localhost/' successfully

2022-01-12 22:06:35 - [MESSAGE][PASSED] - Navigate to 'http://localhost/' successfully

2022-01-12 22:06:35 - [TEST_STEP][PASSED] - click(findTestObject("Object Repository/Page_My Moodle/a_Log in")): Object: 'Object Repository/Page_My Moodle/a_Log in' is clicked on

2022-01-12 22:06:36 - [MESSAGE][PASSED] - Object: 'Object Repository/Page_My Moodle/a_Log in' is clicked on

2022-01-12 22:06:36 - [TEST_STEP][PASSED] - setText(findTestObject("Object Repository/Page_My Moodle Log in to the site/input_Username_username"), "teacher"): Text 'teacher' is set on object 'Object Repository/Page_My Moodle Log in to the site/input_Username_username'

2022-01-12 22:06:36 - [MESSAGE][PASSED] - Text 'teacher' is set on object 'Object Repository/Page_My Moodle Log in to the site/input_Username_username'

2022-01-12 22:06:36 - [TEST_STEP][PASSED] - setEncryptedText(findTestObject("Object Repository/Page_My Moodle Log in to the site/input_Password_password"), "3fJEwIvstDDnFTEIk7299A=="): Text ****** has been set on object 'Object Repository/Page_My Moodle Log in to the site/input_Password_password'

2022-01-12 22:06:37 - [MESSAGE][PASSED] - Text ****** has been set on object 'Object Repository/Page_My Moodle Log in to the site/input_Password_password'

2022-01-12 22:06:37 - [TEST_STEP][PASSED] - click(findTestObject("Object Repository/Page_My Moodle Log in to the site/button_Log in")): Object: 'Object Repository/Page_My Moodle Log in to the site/button_Log in' is clicked on

2022-01-12 22:06:38 - [MESSAGE][PASSED] - Object: 'Object Repository/Page_My Moodle Log in to the site/button_Log in' is clicked on

2022-01-12 22:06:38 - [MESSAGE][PASSED] - Call Test Case 'Test Cases/Login as user (teacher)' successfully

2022-01-12 22:06:38 - [TEST_STEP][PASSED] - click(findTestObject("Object Repository/Page_Dashboard/span_Site home")): Object: 'Object Repository/Page_Dashboard/span_Site home' is clicked on

2022-01-12 22:06:40 - [MESSAGE][PASSED] - Object: 'Object Repository/Page_Dashboard/span_Site home' is clicked on

2022-01-12 22:06:40 - [TEST_STEP][PASSED] - navigateToUrl("http://localhost/?redirect=0"): Navigate to 'http://localhost/?redirect=0' successfully

2022-01-12 22:06:40 - [MESSAGE][PASSED] - Navigate to 'http://localhost/?redirect=0' successfully

2022-01-12 22:06:40 - [TEST_STEP][PASSED] - click(findTestObject("Object Repository/Page_My Moodle/a_Phn tch v qun l yu cu phn mm")): Object: 'Object Repository/Page_My Moodle/a_Phn tch v qun l yu cu phn mm' is clicked on

2022-01-12 22:06:41 - [MESSAGE][PASSED] - Object: 'Object Repository/Page_My Moodle/a_Phn tch v qun l yu cu phn mm' is clicked on

2022-01-12 22:06:41 - [TEST_STEP][PASSED] - click(findTestObject("Object Repository/Page_Course Phn tch v qun l yu cu phn mm/span_Announcements Forum")): Object: 'Object Repository/Page_Course Phn tch v qun l yu cu phn mm/span_Announcements Forum' is clicked on

2022-01-12 22:06:43 - [MESSAGE][PASSED] - Object: 'Object Repository/Page_Course Phn tch v qun l yu cu phn mm/span_Announcements Forum' is clicked on

2022-01-12 22:06:43 - [TEST_STEP][PASSED] - click(findTestObject("Object Repository/Page_Announcements/a_Add a new topic")): Object: 'Object Repository/Page_Announcements/a_Add a new topic' is clicked on

2022-01-12 22:06:43 - [MESSAGE][PASSED] - Object: 'Object Repository/Page_Announcements/a_Add a new topic' is clicked on

2022-01-12 22:06:43 - [TEST_STEP][PASSED] - setText(findTestObject("Object Repository/Page_Announcements/input_Subject_subject"), "Testing"): Text 'Testing' is set on object 'Object Repository/Page_Announcements/input_Subject_subject'

2022-01-12 22:06:44 - [MESSAGE][PASSED] - Text 'Testing' is set on object 'Object Repository/Page_Announcements/input_Subject_subject'

2022-01-12 22:06:44 - [TEST_STEP][PASSED] - setText(findTestObject("Object Repository/Page_Announcements/div_Testing"), "<p dir="ltr" style="text-align: left;">Testing</p>"): Text '<p dir="ltr" style="text-align: left;">Testing</p>' is set on object 'Object Repository/Page_Announcements/div_Testing'

2022-01-12 22:06:45 - [MESSAGE][PASSED] - Text '<p dir="ltr" style="text-align: left;">Testing</p>' is set on object 'Object Repository/Page_Announcements/div_Testing'

2022-01-12 22:06:45 - [TEST_STEP][PASSED] - click(findTestObject("Object Repository/Page_Announcements/input_Message_submitbutton")): Object: 'Object Repository/Page_Announcements/input_Message_submitbutton' is clicked on

2022-01-12 22:06:47 - [MESSAGE][PASSED] - Object: 'Object Repository/Page_Announcements/input_Message_submitbutton' is clicked on

2022-01-12 22:06:47 - [TEST_STEP][PASSED] - click(findTestObject("Object Repository/Page_Announcements/p_Your post was successfully added")): Object: 'Object Repository/Page_Announcements/p_Your post was successfully added' is clicked on

2022-01-12 22:06:47 - [MESSAGE][PASSED] - Object: 'Object Repository/Page_Announcements/p_Your post was successfully added' is clicked on]]></system-out>
         <system-err><![CDATA[]]></system-err>
      </testcase>
      <testcase name="Test Cases/Teacher create announcement (image)" time="20.751" classname="Test Cases/Teacher create announcement (image)" status="PASSED">
         <system-out><![CDATA[2022-01-12 22:06:47 - [TEST_CASE][PASSED] - Test Cases/Teacher create announcement (image): Test Cases/Teacher create announcement (image)

2022-01-12 22:06:48 - [TEST_STEP][PASSED] - callTestCase(findTestCase("Login as user (teacher)"), [:], STOP_ON_FAILURE): Call Test Case 'Test Cases/Login as user (teacher)' successfully

2022-01-12 22:06:48 - [TEST_CASE][PASSED] - Test Cases/Login as user (teacher): Test Cases/Login as user (teacher)

2022-01-12 22:06:48 - [TEST_STEP][PASSED] - openBrowser(""): Browser is opened with url: ''

2022-01-12 22:06:48 - [MESSAGE][WARNING] - A browser is already opened. Closing browser and opening a new one

2022-01-12 22:06:49 - [MESSAGE][INFO] - Starting 'Edge Chromium' driver

2022-01-12 22:06:51 - [MESSAGE][INFO] - Action delay is set to 0 milliseconds

2022-01-12 22:06:52 - [MESSAGE][PASSED] - Browser is opened with url: ''

2022-01-12 22:06:52 - [TEST_STEP][PASSED] - maximizeWindow(): Current window maximized

2022-01-12 22:06:52 - [MESSAGE][PASSED] - Current window maximized

2022-01-12 22:06:52 - [TEST_STEP][PASSED] - navigateToUrl("http://localhost/"): Navigate to 'http://localhost/' successfully

2022-01-12 22:06:53 - [MESSAGE][PASSED] - Navigate to 'http://localhost/' successfully

2022-01-12 22:06:53 - [TEST_STEP][PASSED] - click(findTestObject("Object Repository/Page_My Moodle/a_Log in")): Object: 'Object Repository/Page_My Moodle/a_Log in' is clicked on

2022-01-12 22:06:54 - [MESSAGE][PASSED] - Object: 'Object Repository/Page_My Moodle/a_Log in' is clicked on

2022-01-12 22:06:54 - [TEST_STEP][PASSED] - setText(findTestObject("Object Repository/Page_My Moodle Log in to the site/input_Username_username"), "teacher"): Text 'teacher' is set on object 'Object Repository/Page_My Moodle Log in to the site/input_Username_username'

2022-01-12 22:06:55 - [MESSAGE][PASSED] - Text 'teacher' is set on object 'Object Repository/Page_My Moodle Log in to the site/input_Username_username'

2022-01-12 22:06:55 - [TEST_STEP][PASSED] - setEncryptedText(findTestObject("Object Repository/Page_My Moodle Log in to the site/input_Password_password"), "3fJEwIvstDDnFTEIk7299A=="): Text ****** has been set on object 'Object Repository/Page_My Moodle Log in to the site/input_Password_password'

2022-01-12 22:06:55 - [MESSAGE][PASSED] - Text ****** has been set on object 'Object Repository/Page_My Moodle Log in to the site/input_Password_password'

2022-01-12 22:06:55 - [TEST_STEP][PASSED] - click(findTestObject("Object Repository/Page_My Moodle Log in to the site/button_Log in")): Object: 'Object Repository/Page_My Moodle Log in to the site/button_Log in' is clicked on

2022-01-12 22:06:56 - [MESSAGE][PASSED] - Object: 'Object Repository/Page_My Moodle Log in to the site/button_Log in' is clicked on

2022-01-12 22:06:56 - [MESSAGE][PASSED] - Call Test Case 'Test Cases/Login as user (teacher)' successfully

2022-01-12 22:06:56 - [TEST_STEP][PASSED] - click(findTestObject("Object Repository/Page_Dashboard/a_Site home")): Object: 'Object Repository/Page_Dashboard/a_Site home' is clicked on

2022-01-12 22:06:58 - [MESSAGE][PASSED] - Object: 'Object Repository/Page_Dashboard/a_Site home' is clicked on

2022-01-12 22:06:58 - [TEST_STEP][PASSED] - navigateToUrl("http://localhost/?redirect=0"): Navigate to 'http://localhost/?redirect=0' successfully

2022-01-12 22:06:58 - [MESSAGE][PASSED] - Navigate to 'http://localhost/?redirect=0' successfully

2022-01-12 22:06:58 - [TEST_STEP][PASSED] - click(findTestObject("Page_My Moodle/a_Phn tch v qun l yu cu phn mm")): Object: 'Object Repository/Page_My Moodle/a_Phn tch v qun l yu cu phn mm' is clicked on

2022-01-12 22:06:59 - [MESSAGE][PASSED] - Object: 'Object Repository/Page_My Moodle/a_Phn tch v qun l yu cu phn mm' is clicked on

2022-01-12 22:06:59 - [TEST_STEP][PASSED] - click(findTestObject("Object Repository/Page_Course Phn tch v qun l yu cu phn mm/a_Announcements Forum")): Object: 'Object Repository/Page_Course Phn tch v qun l yu cu phn mm/a_Announcements Forum' is clicked on

2022-01-12 22:07:00 - [MESSAGE][PASSED] - Object: 'Object Repository/Page_Course Phn tch v qun l yu cu phn mm/a_Announcements Forum' is clicked on

2022-01-12 22:07:00 - [TEST_STEP][PASSED] - click(findTestObject("Object Repository/Page_Announcements/a_Add a new topic")): Object: 'Object Repository/Page_Announcements/a_Add a new topic' is clicked on

2022-01-12 22:07:01 - [MESSAGE][PASSED] - Object: 'Object Repository/Page_Announcements/a_Add a new topic' is clicked on

2022-01-12 22:07:01 - [TEST_STEP][PASSED] - setText(findTestObject("Object Repository/Page_Announcements/input_Subject_subject"), "Testing image"): Text 'Testing image' is set on object 'Object Repository/Page_Announcements/input_Subject_subject'

2022-01-12 22:07:02 - [MESSAGE][PASSED] - Text 'Testing image' is set on object 'Object Repository/Page_Announcements/input_Subject_subject'

2022-01-12 22:07:02 - [TEST_STEP][PASSED] - click(findTestObject("Object Repository/Page_Announcements/i_Message_icon fa fa-picture-o fa-fw")): Object: 'Object Repository/Page_Announcements/i_Message_icon fa fa-picture-o fa-fw' is clicked on

2022-01-12 22:07:02 - [MESSAGE][PASSED] - Object: 'Object Repository/Page_Announcements/i_Message_icon fa fa-picture-o fa-fw' is clicked on

2022-01-12 22:07:02 - [TEST_STEP][PASSED] - click(findTestObject("Object Repository/Page_Announcements/button_Browse repositories")): Object: 'Object Repository/Page_Announcements/button_Browse repositories' is clicked on

2022-01-12 22:07:03 - [MESSAGE][PASSED] - Object: 'Object Repository/Page_Announcements/button_Browse repositories' is clicked on

2022-01-12 22:07:03 - [TEST_STEP][PASSED] - click(findTestObject("Object Repository/Page_Announcements/a_csv")): Object: 'Object Repository/Page_Announcements/a_csv' is clicked on

2022-01-12 22:07:03 - [MESSAGE][PASSED] - Object: 'Object Repository/Page_Announcements/a_csv' is clicked on

2022-01-12 22:07:03 - [TEST_STEP][PASSED] - click(findTestObject("Object Repository/Page_Announcements/p_image.png")): Object: 'Object Repository/Page_Announcements/p_image.png' is clicked on

2022-01-12 22:07:04 - [MESSAGE][PASSED] - Object: 'Object Repository/Page_Announcements/p_image.png' is clicked on

2022-01-12 22:07:04 - [TEST_STEP][PASSED] - click(findTestObject("Object Repository/Page_Announcements/button_Select this file")): Object: 'Object Repository/Page_Announcements/button_Select this file' is clicked on

2022-01-12 22:07:05 - [MESSAGE][PASSED] - Object: 'Object Repository/Page_Announcements/button_Select this file' is clicked on

2022-01-12 22:07:05 - [TEST_STEP][PASSED] - click(findTestObject("Object Repository/Page_Announcements/input_125_id_message_atto_image_presentation")): Object: 'Object Repository/Page_Announcements/input_125_id_message_atto_image_presentation' is clicked on

2022-01-12 22:07:05 - [MESSAGE][PASSED] - Object: 'Object Repository/Page_Announcements/input_125_id_message_atto_image_presentation' is clicked on

2022-01-12 22:07:05 - [TEST_STEP][PASSED] - click(findTestObject("Object Repository/Page_Announcements/button_Save image")): Object: 'Object Repository/Page_Announcements/button_Save image' is clicked on

2022-01-12 22:07:06 - [MESSAGE][PASSED] - Object: 'Object Repository/Page_Announcements/button_Save image' is clicked on

2022-01-12 22:07:06 - [TEST_STEP][PASSED] - click(findTestObject("Object Repository/Page_Announcements/input_Message_submitbutton")): Object: 'Object Repository/Page_Announcements/input_Message_submitbutton' is clicked on

2022-01-12 22:07:07 - [MESSAGE][PASSED] - Object: 'Object Repository/Page_Announcements/input_Message_submitbutton' is clicked on

2022-01-12 22:07:07 - [TEST_STEP][PASSED] - click(findTestObject("Object Repository/Page_Announcements/p_Your post was successfully added")): Object: 'Object Repository/Page_Announcements/p_Your post was successfully added' is clicked on

2022-01-12 22:07:08 - [MESSAGE][PASSED] - Object: 'Object Repository/Page_Announcements/p_Your post was successfully added' is clicked on]]></system-out>
         <system-err><![CDATA[]]></system-err>
      </testcase>
      <testcase name="Test Cases/Teacher create announcement (video)" time="21.067" classname="Test Cases/Teacher create announcement (video)" status="PASSED">
         <system-out><![CDATA[2022-01-12 22:07:08 - [TEST_CASE][PASSED] - Test Cases/Teacher create announcement (video): Test Cases/Teacher create announcement (video)

2022-01-12 22:07:08 - [TEST_STEP][PASSED] - callTestCase(findTestCase("Login as user (teacher)"), [:], STOP_ON_FAILURE): Call Test Case 'Test Cases/Login as user (teacher)' successfully

2022-01-12 22:07:08 - [TEST_CASE][PASSED] - Test Cases/Login as user (teacher): Test Cases/Login as user (teacher)

2022-01-12 22:07:08 - [TEST_STEP][PASSED] - openBrowser(""): Browser is opened with url: ''

2022-01-12 22:07:08 - [MESSAGE][WARNING] - A browser is already opened. Closing browser and opening a new one

2022-01-12 22:07:09 - [MESSAGE][INFO] - Starting 'Edge Chromium' driver

2022-01-12 22:07:11 - [MESSAGE][INFO] - Action delay is set to 0 milliseconds

2022-01-12 22:07:13 - [MESSAGE][PASSED] - Browser is opened with url: ''

2022-01-12 22:07:13 - [TEST_STEP][PASSED] - maximizeWindow(): Current window maximized

2022-01-12 22:07:13 - [MESSAGE][PASSED] - Current window maximized

2022-01-12 22:07:13 - [TEST_STEP][PASSED] - navigateToUrl("http://localhost/"): Navigate to 'http://localhost/' successfully

2022-01-12 22:07:14 - [MESSAGE][PASSED] - Navigate to 'http://localhost/' successfully

2022-01-12 22:07:14 - [TEST_STEP][PASSED] - click(findTestObject("Object Repository/Page_My Moodle/a_Log in")): Object: 'Object Repository/Page_My Moodle/a_Log in' is clicked on

2022-01-12 22:07:14 - [MESSAGE][PASSED] - Object: 'Object Repository/Page_My Moodle/a_Log in' is clicked on

2022-01-12 22:07:14 - [TEST_STEP][PASSED] - setText(findTestObject("Object Repository/Page_My Moodle Log in to the site/input_Username_username"), "teacher"): Text 'teacher' is set on object 'Object Repository/Page_My Moodle Log in to the site/input_Username_username'

2022-01-12 22:07:15 - [MESSAGE][PASSED] - Text 'teacher' is set on object 'Object Repository/Page_My Moodle Log in to the site/input_Username_username'

2022-01-12 22:07:15 - [TEST_STEP][PASSED] - setEncryptedText(findTestObject("Object Repository/Page_My Moodle Log in to the site/input_Password_password"), "3fJEwIvstDDnFTEIk7299A=="): Text ****** has been set on object 'Object Repository/Page_My Moodle Log in to the site/input_Password_password'

2022-01-12 22:07:16 - [MESSAGE][PASSED] - Text ****** has been set on object 'Object Repository/Page_My Moodle Log in to the site/input_Password_password'

2022-01-12 22:07:16 - [TEST_STEP][PASSED] - click(findTestObject("Object Repository/Page_My Moodle Log in to the site/button_Log in")): Object: 'Object Repository/Page_My Moodle Log in to the site/button_Log in' is clicked on

2022-01-12 22:07:17 - [MESSAGE][PASSED] - Object: 'Object Repository/Page_My Moodle Log in to the site/button_Log in' is clicked on

2022-01-12 22:07:17 - [MESSAGE][PASSED] - Call Test Case 'Test Cases/Login as user (teacher)' successfully

2022-01-12 22:07:17 - [TEST_STEP][PASSED] - click(findTestObject("Object Repository/Page_Dashboard/a_Site home")): Object: 'Object Repository/Page_Dashboard/a_Site home' is clicked on

2022-01-12 22:07:19 - [MESSAGE][PASSED] - Object: 'Object Repository/Page_Dashboard/a_Site home' is clicked on

2022-01-12 22:07:19 - [TEST_STEP][PASSED] - navigateToUrl("http://localhost/?redirect=0"): Navigate to 'http://localhost/?redirect=0' successfully

2022-01-12 22:07:19 - [MESSAGE][PASSED] - Navigate to 'http://localhost/?redirect=0' successfully

2022-01-12 22:07:19 - [TEST_STEP][PASSED] - click(findTestObject("Object Repository/Page_My Moodle/a_Phn tch v qun l yu cu phn mm")): Object: 'Object Repository/Page_My Moodle/a_Phn tch v qun l yu cu phn mm' is clicked on

2022-01-12 22:07:20 - [MESSAGE][PASSED] - Object: 'Object Repository/Page_My Moodle/a_Phn tch v qun l yu cu phn mm' is clicked on

2022-01-12 22:07:20 - [TEST_STEP][PASSED] - click(findTestObject("Object Repository/Page_Course Phn tch v qun l yu cu phn mm/span_Announcements Forum")): Object: 'Object Repository/Page_Course Phn tch v qun l yu cu phn mm/span_Announcements Forum' is clicked on

2022-01-12 22:07:21 - [MESSAGE][PASSED] - Object: 'Object Repository/Page_Course Phn tch v qun l yu cu phn mm/span_Announcements Forum' is clicked on

2022-01-12 22:07:21 - [TEST_STEP][PASSED] - click(findTestObject("Object Repository/Page_Announcements/a_Add a new topic")): Object: 'Object Repository/Page_Announcements/a_Add a new topic' is clicked on

2022-01-12 22:07:22 - [MESSAGE][PASSED] - Object: 'Object Repository/Page_Announcements/a_Add a new topic' is clicked on

2022-01-12 22:07:22 - [TEST_STEP][PASSED] - click(findTestObject("Object Repository/Page_Announcements/i_Message_icon fa fa-file-video-o fa-fw")): Object: 'Object Repository/Page_Announcements/i_Message_icon fa fa-file-video-o fa-fw' is clicked on

2022-01-12 22:07:23 - [MESSAGE][PASSED] - Object: 'Object Repository/Page_Announcements/i_Message_icon fa fa-file-video-o fa-fw' is clicked on

2022-01-12 22:07:23 - [TEST_STEP][PASSED] - click(findTestObject("Object Repository/Page_Announcements/button_Browse repositories")): Object: 'Object Repository/Page_Announcements/button_Browse repositories' is clicked on

2022-01-12 22:07:23 - [MESSAGE][PASSED] - Object: 'Object Repository/Page_Announcements/button_Browse repositories' is clicked on

2022-01-12 22:07:23 - [TEST_STEP][PASSED] - click(findTestObject("Object Repository/Page_Announcements/a_csv")): Object: 'Object Repository/Page_Announcements/a_csv' is clicked on

2022-01-12 22:07:24 - [MESSAGE][PASSED] - Object: 'Object Repository/Page_Announcements/a_csv' is clicked on

2022-01-12 22:07:24 - [TEST_STEP][PASSED] - click(findTestObject("Object Repository/Page_Announcements/div_Search repository_yui_3_17_2_1_16416081_a9d5b1")): Object: 'Object Repository/Page_Announcements/div_Search repository_yui_3_17_2_1_16416081_a9d5b1' is clicked on

2022-01-12 22:07:25 - [MESSAGE][PASSED] - Object: 'Object Repository/Page_Announcements/div_Search repository_yui_3_17_2_1_16416081_a9d5b1' is clicked on

2022-01-12 22:07:25 - [TEST_STEP][PASSED] - click(findTestObject("Object Repository/Page_Announcements/button_Select this file")): Object: 'Object Repository/Page_Announcements/button_Select this file' is clicked on

2022-01-12 22:07:25 - [MESSAGE][PASSED] - Object: 'Object Repository/Page_Announcements/button_Select this file' is clicked on

2022-01-12 22:07:25 - [TEST_STEP][PASSED] - click(findTestObject("Object Repository/Page_Announcements/button_Insert media")): Object: 'Object Repository/Page_Announcements/button_Insert media' is clicked on

2022-01-12 22:07:26 - [MESSAGE][PASSED] - Object: 'Object Repository/Page_Announcements/button_Insert media' is clicked on

2022-01-12 22:07:26 - [TEST_STEP][PASSED] - setText(findTestObject("Object Repository/Page_Announcements/input_Subject_subject"), "Video testing"): Text 'Video testing' is set on object 'Object Repository/Page_Announcements/input_Subject_subject'

2022-01-12 22:07:27 - [MESSAGE][PASSED] - Text 'Video testing' is set on object 'Object Repository/Page_Announcements/input_Subject_subject'

2022-01-12 22:07:27 - [TEST_STEP][PASSED] - click(findTestObject("Object Repository/Page_Announcements/input_file_example_MP4_480_1_5MG.mp4_submitbutton")): Object: 'Object Repository/Page_Announcements/input_file_example_MP4_480_1_5MG.mp4_submitbutton' is clicked on

2022-01-12 22:07:28 - [MESSAGE][PASSED] - Object: 'Object Repository/Page_Announcements/input_file_example_MP4_480_1_5MG.mp4_submitbutton' is clicked on

2022-01-12 22:07:28 - [TEST_STEP][PASSED] - click(findTestObject("Object Repository/Page_Announcements/p_Your post was successfully added")): Object: 'Object Repository/Page_Announcements/p_Your post was successfully added' is clicked on

2022-01-12 22:07:29 - [MESSAGE][PASSED] - Object: 'Object Repository/Page_Announcements/p_Your post was successfully added' is clicked on]]></system-out>
         <system-err><![CDATA[]]></system-err>
      </testcase>
      <testcase name="Test Cases/Teacher create assignment" time="56.375" classname="Test Cases/Teacher create assignment" status="PASSED">
         <system-out><![CDATA[2022-01-12 22:07:29 - [TEST_CASE][PASSED] - Test Cases/Teacher create assignment: Test Cases/Teacher create assignment

2022-01-12 22:07:29 - [TEST_STEP][PASSED] - callTestCase(findTestCase("Login as user (teacher)"), [:], STOP_ON_FAILURE): Call Test Case 'Test Cases/Login as user (teacher)' successfully

2022-01-12 22:07:29 - [TEST_CASE][PASSED] - Test Cases/Login as user (teacher): Test Cases/Login as user (teacher)

2022-01-12 22:07:29 - [TEST_STEP][PASSED] - openBrowser(""): Browser is opened with url: ''

2022-01-12 22:07:29 - [MESSAGE][WARNING] - A browser is already opened. Closing browser and opening a new one

2022-01-12 22:07:31 - [MESSAGE][INFO] - Starting 'Edge Chromium' driver

2022-01-12 22:07:33 - [MESSAGE][INFO] - Action delay is set to 0 milliseconds

2022-01-12 22:07:34 - [MESSAGE][PASSED] - Browser is opened with url: ''

2022-01-12 22:07:34 - [TEST_STEP][PASSED] - maximizeWindow(): Current window maximized

2022-01-12 22:07:34 - [MESSAGE][PASSED] - Current window maximized

2022-01-12 22:07:34 - [TEST_STEP][PASSED] - navigateToUrl("http://localhost/"): Navigate to 'http://localhost/' successfully

2022-01-12 22:07:35 - [MESSAGE][PASSED] - Navigate to 'http://localhost/' successfully

2022-01-12 22:07:35 - [TEST_STEP][PASSED] - click(findTestObject("Object Repository/Page_My Moodle/a_Log in")): Object: 'Object Repository/Page_My Moodle/a_Log in' is clicked on

2022-01-12 22:07:36 - [MESSAGE][PASSED] - Object: 'Object Repository/Page_My Moodle/a_Log in' is clicked on

2022-01-12 22:07:36 - [TEST_STEP][PASSED] - setText(findTestObject("Object Repository/Page_My Moodle Log in to the site/input_Username_username"), "teacher"): Text 'teacher' is set on object 'Object Repository/Page_My Moodle Log in to the site/input_Username_username'

2022-01-12 22:07:36 - [MESSAGE][PASSED] - Text 'teacher' is set on object 'Object Repository/Page_My Moodle Log in to the site/input_Username_username'

2022-01-12 22:07:36 - [TEST_STEP][PASSED] - setEncryptedText(findTestObject("Object Repository/Page_My Moodle Log in to the site/input_Password_password"), "3fJEwIvstDDnFTEIk7299A=="): Text ****** has been set on object 'Object Repository/Page_My Moodle Log in to the site/input_Password_password'

2022-01-12 22:07:37 - [MESSAGE][PASSED] - Text ****** has been set on object 'Object Repository/Page_My Moodle Log in to the site/input_Password_password'

2022-01-12 22:07:37 - [TEST_STEP][PASSED] - click(findTestObject("Object Repository/Page_My Moodle Log in to the site/button_Log in")): Object: 'Object Repository/Page_My Moodle Log in to the site/button_Log in' is clicked on

2022-01-12 22:07:38 - [MESSAGE][PASSED] - Object: 'Object Repository/Page_My Moodle Log in to the site/button_Log in' is clicked on

2022-01-12 22:07:38 - [MESSAGE][PASSED] - Call Test Case 'Test Cases/Login as user (teacher)' successfully

2022-01-12 22:07:38 - [TEST_STEP][PASSED] - click(findTestObject("Object Repository/Page_Dashboard/a_Site home")): Object: 'Object Repository/Page_Dashboard/a_Site home' is clicked on

2022-01-12 22:07:40 - [MESSAGE][PASSED] - Object: 'Object Repository/Page_Dashboard/a_Site home' is clicked on

2022-01-12 22:07:40 - [TEST_STEP][PASSED] - navigateToUrl("http://localhost/?redirect=0"): Navigate to 'http://localhost/?redirect=0' successfully

2022-01-12 22:07:40 - [MESSAGE][PASSED] - Navigate to 'http://localhost/?redirect=0' successfully

2022-01-12 22:07:40 - [TEST_STEP][PASSED] - click(findTestObject("Object Repository/Page_My Moodle/a_Phn tch v qun l yu cu phn mm")): Object: 'Object Repository/Page_My Moodle/a_Phn tch v qun l yu cu phn mm' is clicked on

2022-01-12 22:07:41 - [MESSAGE][PASSED] - Object: 'Object Repository/Page_My Moodle/a_Phn tch v qun l yu cu phn mm' is clicked on

2022-01-12 22:07:41 - [TEST_STEP][PASSED] - click(findTestObject("Page_Course Phn tch v qun l yu cu phn mm/button_End tour"), OPTIONAL): Unable to click on object 'Object Repository/Page_Course Phn tch v qun l yu cu phn mm/button_End tour' (Root cause: com.kms.katalon.core.exception.StepFailedException: Unable to click on object 'Object Repository/Page_Course Phn tch v qun l yu cu phn mm/button_End tour'
	at com.kms.katalon.core.webui.keyword.internal.WebUIKeywordMain.stepFailed(WebUIKeywordMain.groovy:64)
	at com.kms.katalon.core.webui.keyword.internal.WebUIKeywordMain.runKeyword(WebUIKeywordMain.groovy:26)
	at com.kms.katalon.core.webui.keyword.builtin.ClickKeyword.click(ClickKeyword.groovy:74)
	at com.kms.katalon.core.webui.keyword.builtin.ClickKeyword.execute(ClickKeyword.groovy:40)
	at com.kms.katalon.core.keyword.internal.KeywordExecutor.executeKeywordForPlatform(KeywordExecutor.groovy:74)
	at com.kms.katalon.core.webui.keyword.WebUiBuiltInKeywords.click(WebUiBuiltInKeywords.groovy:608)
	at com.kms.katalon.core.webui.keyword.WebUiBuiltInKeywords$click$9.call(Unknown Source)
	at Teacher create assignment.run(Teacher create assignment:28)
	at com.kms.katalon.core.main.ScriptEngine.run(ScriptEngine.java:194)
	at com.kms.katalon.core.main.ScriptEngine.runScriptAsRawText(ScriptEngine.java:119)
	at com.kms.katalon.core.main.TestCaseExecutor.runScript(TestCaseExecutor.java:442)
	at com.kms.katalon.core.main.TestCaseExecutor.doExecute(TestCaseExecutor.java:433)
	at com.kms.katalon.core.main.TestCaseExecutor.processExecutionPhase(TestCaseExecutor.java:412)
	at com.kms.katalon.core.main.TestCaseExecutor.accessMainPhase(TestCaseExecutor.java:404)
	at com.kms.katalon.core.main.TestCaseExecutor.execute(TestCaseExecutor.java:281)
	at com.kms.katalon.core.main.TestSuiteExecutor.accessTestCaseMainPhase(TestSuiteExecutor.java:202)
	at com.kms.katalon.core.main.TestSuiteExecutor.accessTestSuiteMainPhase(TestSuiteExecutor.java:164)
	at com.kms.katalon.core.main.TestSuiteExecutor.execute(TestSuiteExecutor.java:105)
	at com.kms.katalon.core.main.TestCaseMain.startTestSuite(TestCaseMain.java:181)
	at com.kms.katalon.core.main.TestCaseMain$startTestSuite$0.call(Unknown Source)
	at TempTestSuite1641999428088.run(TempTestSuite1641999428088.groovy:36)
Caused by: com.kms.katalon.core.webui.exception.WebElementNotFoundException: Web element with id: 'Object Repository/Page_Course Phn tch v qun l yu cu phn mm/button_End tour' located by '(.//*[normalize-space(text()) and normalize-space(.)='Next'])[1]/following::button[1]' not found
	at com.kms.katalon.core.webui.common.WebUiCommonHelper.findWebElement(WebUiCommonHelper.java:1368)
	at com.kms.katalon.core.webui.keyword.internal.WebUIAbstractKeyword.findWebElement(WebUIAbstractKeyword.groovy:27)
	at com.kms.katalon.core.webui.keyword.builtin.ClickKeyword$_click_closure1.doCall(ClickKeyword.groovy:65)
	at com.kms.katalon.core.webui.keyword.builtin.ClickKeyword$_click_closure1.call(ClickKeyword.groovy)
	at com.kms.katalon.core.webui.keyword.internal.WebUIKeywordMain.runKeyword(WebUIKeywordMain.groovy:20)
	at com.kms.katalon.core.webui.keyword.builtin.ClickKeyword.click(ClickKeyword.groovy:74)
	at com.kms.katalon.core.webui.keyword.builtin.ClickKeyword.execute(ClickKeyword.groovy:40)
	at com.kms.katalon.core.keyword.internal.KeywordExecutor.executeKeywordForPlatform(KeywordExecutor.groovy:74)
	at com.kms.katalon.core.webui.keyword.WebUiBuiltInKeywords.click(WebUiBuiltInKeywords.groovy:608)
	at com.kms.katalon.core.webui.keyword.WebUiBuiltInKeywords$click$9.call(Unknown Source)
	at Script1641610973707.run(Script1641610973707.groovy:28)
	... 13 more
)

2022-01-12 22:08:12 - [MESSAGE][INFO] - Unable to find the element located by 'By.xpath: (.//*[normalize-space(text()) and normalize-space(.)='Next'])[1]/following::button[1]'. Please recheck the objects properties to make sure the desired element is located. 

2022-01-12 22:08:12 - [MESSAGE][WARNING] - Unable to click on object 'Object Repository/Page_Course Phn tch v qun l yu cu phn mm/button_End tour' (Root cause: com.kms.katalon.core.exception.StepFailedException: Unable to click on object 'Object Repository/Page_Course Phn tch v qun l yu cu phn mm/button_End tour'
	at com.kms.katalon.core.webui.keyword.internal.WebUIKeywordMain.stepFailed(WebUIKeywordMain.groovy:64)
	at com.kms.katalon.core.webui.keyword.internal.WebUIKeywordMain.runKeyword(WebUIKeywordMain.groovy:26)
	at com.kms.katalon.core.webui.keyword.builtin.ClickKeyword.click(ClickKeyword.groovy:74)
	at com.kms.katalon.core.webui.keyword.builtin.ClickKeyword.execute(ClickKeyword.groovy:40)
	at com.kms.katalon.core.keyword.internal.KeywordExecutor.executeKeywordForPlatform(KeywordExecutor.groovy:74)
	at com.kms.katalon.core.webui.keyword.WebUiBuiltInKeywords.click(WebUiBuiltInKeywords.groovy:608)
	at com.kms.katalon.core.webui.keyword.WebUiBuiltInKeywords$click$9.call(Unknown Source)
	at Teacher create assignment.run(Teacher create assignment:28)
	at com.kms.katalon.core.main.ScriptEngine.run(ScriptEngine.java:194)
	at com.kms.katalon.core.main.ScriptEngine.runScriptAsRawText(ScriptEngine.java:119)
	at com.kms.katalon.core.main.TestCaseExecutor.runScript(TestCaseExecutor.java:442)
	at com.kms.katalon.core.main.TestCaseExecutor.doExecute(TestCaseExecutor.java:433)
	at com.kms.katalon.core.main.TestCaseExecutor.processExecutionPhase(TestCaseExecutor.java:412)
	at com.kms.katalon.core.main.TestCaseExecutor.accessMainPhase(TestCaseExecutor.java:404)
	at com.kms.katalon.core.main.TestCaseExecutor.execute(TestCaseExecutor.java:281)
	at com.kms.katalon.core.main.TestSuiteExecutor.accessTestCaseMainPhase(TestSuiteExecutor.java:202)
	at com.kms.katalon.core.main.TestSuiteExecutor.accessTestSuiteMainPhase(TestSuiteExecutor.java:164)
	at com.kms.katalon.core.main.TestSuiteExecutor.execute(TestSuiteExecutor.java:105)
	at com.kms.katalon.core.main.TestCaseMain.startTestSuite(TestCaseMain.java:181)
	at com.kms.katalon.core.main.TestCaseMain$startTestSuite$0.call(Unknown Source)
	at TempTestSuite1641999428088.run(TempTestSuite1641999428088.groovy:36)
Caused by: com.kms.katalon.core.webui.exception.WebElementNotFoundException: Web element with id: 'Object Repository/Page_Course Phn tch v qun l yu cu phn mm/button_End tour' located by '(.//*[normalize-space(text()) and normalize-space(.)='Next'])[1]/following::button[1]' not found
	at com.kms.katalon.core.webui.common.WebUiCommonHelper.findWebElement(WebUiCommonHelper.java:1368)
	at com.kms.katalon.core.webui.keyword.internal.WebUIAbstractKeyword.findWebElement(WebUIAbstractKeyword.groovy:27)
	at com.kms.katalon.core.webui.keyword.builtin.ClickKeyword$_click_closure1.doCall(ClickKeyword.groovy:65)
	at com.kms.katalon.core.webui.keyword.builtin.ClickKeyword$_click_closure1.call(ClickKeyword.groovy)
	at com.kms.katalon.core.webui.keyword.internal.WebUIKeywordMain.runKeyword(WebUIKeywordMain.groovy:20)
	at com.kms.katalon.core.webui.keyword.builtin.ClickKeyword.click(ClickKeyword.groovy:74)
	at com.kms.katalon.core.webui.keyword.builtin.ClickKeyword.execute(ClickKeyword.groovy:40)
	at com.kms.katalon.core.keyword.internal.KeywordExecutor.executeKeywordForPlatform(KeywordExecutor.groovy:74)
	at com.kms.katalon.core.webui.keyword.WebUiBuiltInKeywords.click(WebUiBuiltInKeywords.groovy:608)
	at com.kms.katalon.core.webui.keyword.WebUiBuiltInKeywords$click$9.call(Unknown Source)
	at Script1641610973707.run(Script1641610973707.groovy:28)
	... 13 more
)
[[ATTACHMENT|D:\\Test-Automation---SE-Bonus\\Reports\\20220112_215708\\Run all test cases\\20220112_215708\\1642000092692.png]]

2022-01-12 22:08:12 - [TEST_STEP][PASSED] - click(findTestObject("Page_Course Thit k phn mm/button_Turn editing on")): Object: 'Object Repository/Page_Course Thit k phn mm/button_Turn editing on' is clicked on

2022-01-12 22:08:13 - [MESSAGE][PASSED] - Object: 'Object Repository/Page_Course Thit k phn mm/button_Turn editing on' is clicked on

2022-01-12 22:08:13 - [TEST_STEP][PASSED] - click(findTestObject("Object Repository/Page_Course Phn tch v qun l yu cu phn mm/span_Add an activity or resource")): Object: 'Object Repository/Page_Course Phn tch v qun l yu cu phn mm/span_Add an activity or resource' is clicked on

2022-01-12 22:08:14 - [MESSAGE][PASSED] - Object: 'Object Repository/Page_Course Phn tch v qun l yu cu phn mm/span_Add an activity or resource' is clicked on

2022-01-12 22:08:14 - [TEST_STEP][PASSED] - click(findTestObject("Page_Course Thit k phn mm/a_Assignment")): Object: 'Object Repository/Page_Course Thit k phn mm/a_Assignment' is clicked on

2022-01-12 22:08:17 - [MESSAGE][PASSED] - Object: 'Object Repository/Page_Course Thit k phn mm/a_Assignment' is clicked on

2022-01-12 22:08:17 - [TEST_STEP][PASSED] - setText(findTestObject("Object Repository/Page_Editing Assignment/input_Assignment name_name"), "Assignment #1"): Text 'Assignment #1' is set on object 'Object Repository/Page_Editing Assignment/input_Assignment name_name'

2022-01-12 22:08:18 - [MESSAGE][PASSED] - Text 'Assignment #1' is set on object 'Object Repository/Page_Editing Assignment/input_Assignment name_name'

2022-01-12 22:08:18 - [TEST_STEP][PASSED] - click(findTestObject("Object Repository/Page_Editing Assignment/input_Upon activity completion_submitbutton2")): Object: 'Object Repository/Page_Editing Assignment/input_Upon activity completion_submitbutton2' is clicked on

2022-01-12 22:08:20 - [MESSAGE][PASSED] - Object: 'Object Repository/Page_Editing Assignment/input_Upon activity completion_submitbutton2' is clicked on

2022-01-12 22:08:20 - [TEST_STEP][PASSED] - click(findTestObject("Page_Course Phn tch v qun l yu cu phn mm/button_End tour"), OPTIONAL): Object: 'Object Repository/Page_Course Phn tch v qun l yu cu phn mm/button_End tour' is clicked on

2022-01-12 22:08:21 - [MESSAGE][PASSED] - Object: 'Object Repository/Page_Course Phn tch v qun l yu cu phn mm/button_End tour' is clicked on

2022-01-12 22:08:21 - [TEST_STEP][PASSED] - click(findTestObject("Object Repository/Page_Course Phn tch v qun l yu cu phn mm/a_Trong Le")): Object: 'Object Repository/Page_Course Phn tch v qun l yu cu phn mm/a_Trong Le' is clicked on

2022-01-12 22:08:22 - [MESSAGE][PASSED] - Object: 'Object Repository/Page_Course Phn tch v qun l yu cu phn mm/a_Trong Le' is clicked on

2022-01-12 22:08:22 - [TEST_STEP][PASSED] - click(findTestObject("Object Repository/Page_Course Phn tch v qun l yu cu phn mm/span_Switch role to")): Object: 'Object Repository/Page_Course Phn tch v qun l yu cu phn mm/span_Switch role to' is clicked on

2022-01-12 22:08:23 - [MESSAGE][PASSED] - Object: 'Object Repository/Page_Course Phn tch v qun l yu cu phn mm/span_Switch role to' is clicked on

2022-01-12 22:08:23 - [TEST_STEP][PASSED] - click(findTestObject("Object Repository/Page_Switch role to/button_Student")): Object: 'Object Repository/Page_Switch role to/button_Student' is clicked on

2022-01-12 22:08:25 - [MESSAGE][PASSED] - Object: 'Object Repository/Page_Switch role to/button_Student' is clicked on

2022-01-12 22:08:25 - [TEST_STEP][PASSED] - click(findTestObject("Object Repository/Page_Course Phn tch v qun l yu cu phn mm/span_Assignment 1")): Object: 'Object Repository/Page_Course Phn tch v qun l yu cu phn mm/span_Assignment 1' is clicked on

2022-01-12 22:08:25 - [MESSAGE][PASSED] - Object: 'Object Repository/Page_Course Phn tch v qun l yu cu phn mm/span_Assignment 1' is clicked on]]></system-out>
         <system-err><![CDATA[]]></system-err>
      </testcase>
      <testcase name="Test Cases/Teacher create assignment ( with file attached )" time="26.493" classname="Test Cases/Teacher create assignment ( with file attached )" status="PASSED">
         <system-out><![CDATA[2022-01-12 22:08:25 - [TEST_CASE][PASSED] - Test Cases/Teacher create assignment ( with file attached ): Test Cases/Teacher create assignment ( with file attached )

2022-01-12 22:08:26 - [TEST_STEP][PASSED] - callTestCase(findTestCase("Login as user (teacher)"), [:], STOP_ON_FAILURE): Call Test Case 'Test Cases/Login as user (teacher)' successfully

2022-01-12 22:08:26 - [TEST_CASE][PASSED] - Test Cases/Login as user (teacher): Test Cases/Login as user (teacher)

2022-01-12 22:08:26 - [TEST_STEP][PASSED] - openBrowser(""): Browser is opened with url: ''

2022-01-12 22:08:26 - [MESSAGE][WARNING] - A browser is already opened. Closing browser and opening a new one

2022-01-12 22:08:27 - [MESSAGE][INFO] - Starting 'Edge Chromium' driver

2022-01-12 22:08:29 - [MESSAGE][INFO] - Action delay is set to 0 milliseconds

2022-01-12 22:08:30 - [MESSAGE][PASSED] - Browser is opened with url: ''

2022-01-12 22:08:30 - [TEST_STEP][PASSED] - maximizeWindow(): Current window maximized

2022-01-12 22:08:31 - [MESSAGE][PASSED] - Current window maximized

2022-01-12 22:08:31 - [TEST_STEP][PASSED] - navigateToUrl("http://localhost/"): Navigate to 'http://localhost/' successfully

2022-01-12 22:08:31 - [MESSAGE][PASSED] - Navigate to 'http://localhost/' successfully

2022-01-12 22:08:31 - [TEST_STEP][PASSED] - click(findTestObject("Object Repository/Page_My Moodle/a_Log in")): Object: 'Object Repository/Page_My Moodle/a_Log in' is clicked on

2022-01-12 22:08:32 - [MESSAGE][PASSED] - Object: 'Object Repository/Page_My Moodle/a_Log in' is clicked on

2022-01-12 22:08:32 - [TEST_STEP][PASSED] - setText(findTestObject("Object Repository/Page_My Moodle Log in to the site/input_Username_username"), "teacher"): Text 'teacher' is set on object 'Object Repository/Page_My Moodle Log in to the site/input_Username_username'

2022-01-12 22:08:33 - [MESSAGE][PASSED] - Text 'teacher' is set on object 'Object Repository/Page_My Moodle Log in to the site/input_Username_username'

2022-01-12 22:08:33 - [TEST_STEP][PASSED] - setEncryptedText(findTestObject("Object Repository/Page_My Moodle Log in to the site/input_Password_password"), "3fJEwIvstDDnFTEIk7299A=="): Text ****** has been set on object 'Object Repository/Page_My Moodle Log in to the site/input_Password_password'

2022-01-12 22:08:33 - [MESSAGE][PASSED] - Text ****** has been set on object 'Object Repository/Page_My Moodle Log in to the site/input_Password_password'

2022-01-12 22:08:33 - [TEST_STEP][PASSED] - click(findTestObject("Object Repository/Page_My Moodle Log in to the site/button_Log in")): Object: 'Object Repository/Page_My Moodle Log in to the site/button_Log in' is clicked on

2022-01-12 22:08:35 - [MESSAGE][PASSED] - Object: 'Object Repository/Page_My Moodle Log in to the site/button_Log in' is clicked on

2022-01-12 22:08:35 - [MESSAGE][PASSED] - Call Test Case 'Test Cases/Login as user (teacher)' successfully

2022-01-12 22:08:35 - [TEST_STEP][PASSED] - click(findTestObject("Object Repository/Page_Dashboard/span_Site home")): Object: 'Object Repository/Page_Dashboard/span_Site home' is clicked on

2022-01-12 22:08:37 - [MESSAGE][PASSED] - Object: 'Object Repository/Page_Dashboard/span_Site home' is clicked on

2022-01-12 22:08:37 - [TEST_STEP][PASSED] - navigateToUrl("http://localhost/?redirect=0"): Navigate to 'http://localhost/?redirect=0' successfully

2022-01-12 22:08:37 - [MESSAGE][PASSED] - Navigate to 'http://localhost/?redirect=0' successfully

2022-01-12 22:08:37 - [TEST_STEP][PASSED] - click(findTestObject("Object Repository/Page_My Moodle/a_Phn tch v qun l yu cu phn mm")): Object: 'Object Repository/Page_My Moodle/a_Phn tch v qun l yu cu phn mm' is clicked on

2022-01-12 22:08:38 - [MESSAGE][PASSED] - Object: 'Object Repository/Page_My Moodle/a_Phn tch v qun l yu cu phn mm' is clicked on

2022-01-12 22:08:38 - [TEST_STEP][NOT_RUN] - click(findTestObject("Page_Course Phn tch v qun l yu cu phn mm/button_End tour"), OPTIONAL): NOT_RUN: click(findTestObject("Page_Course Phn tch v qun l yu cu phn mm/button_End tour"), OPTIONAL)

2022-01-12 22:08:38 - [MESSAGE][NOT_RUN] - NOT_RUN: click(findTestObject("Page_Course Phn tch v qun l yu cu phn mm/button_End tour"), OPTIONAL)

2022-01-12 22:08:38 - [TEST_STEP][PASSED] - click(findTestObject("Object Repository/Page_Course Phn tch v qun l yu cu phn mm/button_Turn editing on")): Object: 'Object Repository/Page_Course Phn tch v qun l yu cu phn mm/button_Turn editing on' is clicked on

2022-01-12 22:08:39 - [MESSAGE][PASSED] - Object: 'Object Repository/Page_Course Phn tch v qun l yu cu phn mm/button_Turn editing on' is clicked on

2022-01-12 22:08:39 - [TEST_STEP][PASSED] - click(findTestObject("Object Repository/Page_Course Phn tch v qun l yu cu phn mm/span_Add an activity or resource")): Object: 'Object Repository/Page_Course Phn tch v qun l yu cu phn mm/span_Add an activity or resource' is clicked on

2022-01-12 22:08:40 - [MESSAGE][PASSED] - Object: 'Object Repository/Page_Course Phn tch v qun l yu cu phn mm/span_Add an activity or resource' is clicked on

2022-01-12 22:08:40 - [TEST_STEP][PASSED] - click(findTestObject("Page_Course Thit k phn mm/a_Assignment")): Object: 'Object Repository/Page_Course Thit k phn mm/a_Assignment' is clicked on

2022-01-12 22:08:43 - [MESSAGE][PASSED] - Object: 'Object Repository/Page_Course Thit k phn mm/a_Assignment' is clicked on

2022-01-12 22:08:43 - [TEST_STEP][PASSED] - setText(findTestObject("Object Repository/Page_Editing Assignment/input_Assignment name_name"), "Assignment with file"): Text 'Assignment with file' is set on object 'Object Repository/Page_Editing Assignment/input_Assignment name_name'

2022-01-12 22:08:44 - [MESSAGE][PASSED] - Text 'Assignment with file' is set on object 'Object Repository/Page_Editing Assignment/input_Assignment name_name'

2022-01-12 22:08:44 - [TEST_STEP][PASSED] - click(findTestObject("Object Repository/Page_Editing Assignment/a_- drag and drop not supported_yui_3_17_2__950dc8")): Object: 'Object Repository/Page_Editing Assignment/a_- drag and drop not supported_yui_3_17_2__950dc8' is clicked on

2022-01-12 22:08:45 - [MESSAGE][PASSED] - Object: 'Object Repository/Page_Editing Assignment/a_- drag and drop not supported_yui_3_17_2__950dc8' is clicked on

2022-01-12 22:08:45 - [TEST_STEP][PASSED] - click(findTestObject("Object Repository/Page_Editing Assignment/a_csv")): Object: 'Object Repository/Page_Editing Assignment/a_csv' is clicked on

2022-01-12 22:08:45 - [MESSAGE][PASSED] - Object: 'Object Repository/Page_Editing Assignment/a_csv' is clicked on

2022-01-12 22:08:45 - [TEST_STEP][PASSED] - click(findTestObject("Object Repository/Page_Editing Assignment/div_Search repository_yui_3_17_2_1_16416116_f5771b")): Object: 'Object Repository/Page_Editing Assignment/div_Search repository_yui_3_17_2_1_16416116_f5771b' is clicked on

2022-01-12 22:08:46 - [MESSAGE][PASSED] - Object: 'Object Repository/Page_Editing Assignment/div_Search repository_yui_3_17_2_1_16416116_f5771b' is clicked on

2022-01-12 22:08:46 - [TEST_STEP][PASSED] - click(findTestObject("Object Repository/Page_Editing Assignment/button_Select this file")): Object: 'Object Repository/Page_Editing Assignment/button_Select this file' is clicked on

2022-01-12 22:08:47 - [MESSAGE][PASSED] - Object: 'Object Repository/Page_Editing Assignment/button_Select this file' is clicked on

2022-01-12 22:08:47 - [TEST_STEP][PASSED] - click(findTestObject("Object Repository/Page_Editing Assignment/input_Upon activity completion_submitbutton2")): Object: 'Object Repository/Page_Editing Assignment/input_Upon activity completion_submitbutton2' is clicked on

2022-01-12 22:08:48 - [MESSAGE][PASSED] - Object: 'Object Repository/Page_Editing Assignment/input_Upon activity completion_submitbutton2' is clicked on

2022-01-12 22:08:48 - [TEST_STEP][PASSED] - click(findTestObject("Object Repository/Page_Course Phn tch v qun l yu cu phn mm/a_Trong Le")): Object: 'Object Repository/Page_Course Phn tch v qun l yu cu phn mm/a_Trong Le' is clicked on

2022-01-12 22:08:49 - [MESSAGE][PASSED] - Object: 'Object Repository/Page_Course Phn tch v qun l yu cu phn mm/a_Trong Le' is clicked on

2022-01-12 22:08:49 - [TEST_STEP][PASSED] - click(findTestObject("Object Repository/Page_Course Phn tch v qun l yu cu phn mm/a_Switch role to")): Object: 'Object Repository/Page_Course Phn tch v qun l yu cu phn mm/a_Switch role to' is clicked on

2022-01-12 22:08:50 - [MESSAGE][PASSED] - Object: 'Object Repository/Page_Course Phn tch v qun l yu cu phn mm/a_Switch role to' is clicked on

2022-01-12 22:08:50 - [TEST_STEP][PASSED] - click(findTestObject("Object Repository/Page_Switch role to/button_Student")): Object: 'Object Repository/Page_Switch role to/button_Student' is clicked on

2022-01-12 22:08:51 - [MESSAGE][PASSED] - Object: 'Object Repository/Page_Switch role to/button_Student' is clicked on

2022-01-12 22:08:51 - [TEST_STEP][PASSED] - click(findTestObject("Object Repository/Page_Course Phn tch v qun l yu cu phn mm/span_Assignment with file")): Object: 'Object Repository/Page_Course Phn tch v qun l yu cu phn mm/span_Assignment with file' is clicked on

2022-01-12 22:08:52 - [MESSAGE][PASSED] - Object: 'Object Repository/Page_Course Phn tch v qun l yu cu phn mm/span_Assignment with file' is clicked on]]></system-out>
         <system-err><![CDATA[]]></system-err>
      </testcase>
      <testcase name="Test Cases/Teacher create forum" time="20.458" classname="Test Cases/Teacher create forum" status="PASSED">
         <system-out><![CDATA[2022-01-12 22:08:52 - [TEST_CASE][PASSED] - Test Cases/Teacher create forum: Test Cases/Teacher create forum

2022-01-12 22:08:52 - [TEST_STEP][PASSED] - callTestCase(findTestCase("Login as user (teacher)"), [:], STOP_ON_FAILURE): Call Test Case 'Test Cases/Login as user (teacher)' successfully

2022-01-12 22:08:52 - [TEST_CASE][PASSED] - Test Cases/Login as user (teacher): Test Cases/Login as user (teacher)

2022-01-12 22:08:52 - [TEST_STEP][PASSED] - openBrowser(""): Browser is opened with url: ''

2022-01-12 22:08:52 - [MESSAGE][WARNING] - A browser is already opened. Closing browser and opening a new one

2022-01-12 22:08:53 - [MESSAGE][INFO] - Starting 'Edge Chromium' driver

2022-01-12 22:08:56 - [MESSAGE][INFO] - Action delay is set to 0 milliseconds

2022-01-12 22:08:57 - [MESSAGE][PASSED] - Browser is opened with url: ''

2022-01-12 22:08:57 - [TEST_STEP][PASSED] - maximizeWindow(): Current window maximized

2022-01-12 22:08:57 - [MESSAGE][PASSED] - Current window maximized

2022-01-12 22:08:57 - [TEST_STEP][PASSED] - navigateToUrl("http://localhost/"): Navigate to 'http://localhost/' successfully

2022-01-12 22:08:58 - [MESSAGE][PASSED] - Navigate to 'http://localhost/' successfully

2022-01-12 22:08:58 - [TEST_STEP][PASSED] - click(findTestObject("Object Repository/Page_My Moodle/a_Log in")): Object: 'Object Repository/Page_My Moodle/a_Log in' is clicked on

2022-01-12 22:08:58 - [MESSAGE][PASSED] - Object: 'Object Repository/Page_My Moodle/a_Log in' is clicked on

2022-01-12 22:08:58 - [TEST_STEP][PASSED] - setText(findTestObject("Object Repository/Page_My Moodle Log in to the site/input_Username_username"), "teacher"): Text 'teacher' is set on object 'Object Repository/Page_My Moodle Log in to the site/input_Username_username'

2022-01-12 22:08:59 - [MESSAGE][PASSED] - Text 'teacher' is set on object 'Object Repository/Page_My Moodle Log in to the site/input_Username_username'

2022-01-12 22:08:59 - [TEST_STEP][PASSED] - setEncryptedText(findTestObject("Object Repository/Page_My Moodle Log in to the site/input_Password_password"), "3fJEwIvstDDnFTEIk7299A=="): Text ****** has been set on object 'Object Repository/Page_My Moodle Log in to the site/input_Password_password'

2022-01-12 22:09:00 - [MESSAGE][PASSED] - Text ****** has been set on object 'Object Repository/Page_My Moodle Log in to the site/input_Password_password'

2022-01-12 22:09:00 - [TEST_STEP][PASSED] - click(findTestObject("Object Repository/Page_My Moodle Log in to the site/button_Log in")): Object: 'Object Repository/Page_My Moodle Log in to the site/button_Log in' is clicked on

2022-01-12 22:09:01 - [MESSAGE][PASSED] - Object: 'Object Repository/Page_My Moodle Log in to the site/button_Log in' is clicked on

2022-01-12 22:09:01 - [MESSAGE][PASSED] - Call Test Case 'Test Cases/Login as user (teacher)' successfully

2022-01-12 22:09:01 - [TEST_STEP][PASSED] - click(findTestObject("Object Repository/Page_Dashboard/span_Site home")): Object: 'Object Repository/Page_Dashboard/span_Site home' is clicked on

2022-01-12 22:09:03 - [MESSAGE][PASSED] - Object: 'Object Repository/Page_Dashboard/span_Site home' is clicked on

2022-01-12 22:09:03 - [TEST_STEP][PASSED] - navigateToUrl("http://localhost/?redirect=0"): Navigate to 'http://localhost/?redirect=0' successfully

2022-01-12 22:09:03 - [MESSAGE][PASSED] - Navigate to 'http://localhost/?redirect=0' successfully

2022-01-12 22:09:03 - [TEST_STEP][PASSED] - click(findTestObject("Object Repository/Page_My Moodle/a_Phn tch v qun l yu cu phn mm")): Object: 'Object Repository/Page_My Moodle/a_Phn tch v qun l yu cu phn mm' is clicked on

2022-01-12 22:09:04 - [MESSAGE][PASSED] - Object: 'Object Repository/Page_My Moodle/a_Phn tch v qun l yu cu phn mm' is clicked on

2022-01-12 22:09:04 - [TEST_STEP][PASSED] - click(findTestObject("Object Repository/Page_Course Phn tch v qun l yu cu phn mm/button_Turn editing on")): Object: 'Object Repository/Page_Course Phn tch v qun l yu cu phn mm/button_Turn editing on' is clicked on

2022-01-12 22:09:05 - [MESSAGE][PASSED] - Object: 'Object Repository/Page_Course Phn tch v qun l yu cu phn mm/button_Turn editing on' is clicked on

2022-01-12 22:09:05 - [TEST_STEP][PASSED] - click(findTestObject("Object Repository/Page_Course Phn tch v qun l yu cu phn mm/span_Add an activity or resource")): Object: 'Object Repository/Page_Course Phn tch v qun l yu cu phn mm/span_Add an activity or resource' is clicked on

2022-01-12 22:09:06 - [MESSAGE][PASSED] - Object: 'Object Repository/Page_Course Phn tch v qun l yu cu phn mm/span_Add an activity or resource' is clicked on

2022-01-12 22:09:06 - [TEST_STEP][PASSED] - click(findTestObject("Object Repository/Page_Course Phn tch v qun l yu cu phn mm/img_Information about the Folder activity_i_e12f9c")): Object: 'Object Repository/Page_Course Phn tch v qun l yu cu phn mm/img_Information about the Folder activity_i_e12f9c' is clicked on

2022-01-12 22:09:09 - [MESSAGE][PASSED] - Object: 'Object Repository/Page_Course Phn tch v qun l yu cu phn mm/img_Information about the Folder activity_i_e12f9c' is clicked on

2022-01-12 22:09:09 - [TEST_STEP][PASSED] - setText(findTestObject("Object Repository/Page_Editing Forum/input_Forum name_name"), "New Forum"): Text 'New Forum' is set on object 'Object Repository/Page_Editing Forum/input_Forum name_name'

2022-01-12 22:09:10 - [MESSAGE][PASSED] - Text 'New Forum' is set on object 'Object Repository/Page_Editing Forum/input_Forum name_name'

2022-01-12 22:09:10 - [TEST_STEP][PASSED] - click(findTestObject("Object Repository/Page_Editing Forum/input_Upon activity completion_submitbutton2")): Object: 'Object Repository/Page_Editing Forum/input_Upon activity completion_submitbutton2' is clicked on

2022-01-12 22:09:12 - [MESSAGE][PASSED] - Object: 'Object Repository/Page_Editing Forum/input_Upon activity completion_submitbutton2' is clicked on

2022-01-12 22:09:12 - [TEST_STEP][PASSED] - click(findTestObject("Object Repository/Page_Course Phn tch v qun l yu cu phn mm/span_New Forum")): Object: 'Object Repository/Page_Course Phn tch v qun l yu cu phn mm/span_New Forum' is clicked on

2022-01-12 22:09:12 - [MESSAGE][PASSED] - Object: 'Object Repository/Page_Course Phn tch v qun l yu cu phn mm/span_New Forum' is clicked on]]></system-out>
         <system-err><![CDATA[]]></system-err>
      </testcase>
      <testcase name="Test Cases/Teacher create group in course" time="28.575" classname="Test Cases/Teacher create group in course" status="PASSED">
         <system-out><![CDATA[2022-01-12 22:09:12 - [TEST_CASE][PASSED] - Test Cases/Teacher create group in course: Test Cases/Teacher create group in course

2022-01-12 22:09:13 - [TEST_STEP][PASSED] - callTestCase(findTestCase("Login as user (teacher)"), [:], STOP_ON_FAILURE): Call Test Case 'Test Cases/Login as user (teacher)' successfully

2022-01-12 22:09:13 - [TEST_CASE][PASSED] - Test Cases/Login as user (teacher): Test Cases/Login as user (teacher)

2022-01-12 22:09:13 - [TEST_STEP][PASSED] - openBrowser(""): Browser is opened with url: ''

2022-01-12 22:09:13 - [MESSAGE][WARNING] - A browser is already opened. Closing browser and opening a new one

2022-01-12 22:09:14 - [MESSAGE][INFO] - Starting 'Edge Chromium' driver

2022-01-12 22:09:16 - [MESSAGE][INFO] - Action delay is set to 0 milliseconds

2022-01-12 22:09:17 - [MESSAGE][PASSED] - Browser is opened with url: ''

2022-01-12 22:09:17 - [TEST_STEP][PASSED] - maximizeWindow(): Current window maximized

2022-01-12 22:09:18 - [MESSAGE][PASSED] - Current window maximized

2022-01-12 22:09:18 - [TEST_STEP][PASSED] - navigateToUrl("http://localhost/"): Navigate to 'http://localhost/' successfully

2022-01-12 22:09:18 - [MESSAGE][PASSED] - Navigate to 'http://localhost/' successfully

2022-01-12 22:09:18 - [TEST_STEP][PASSED] - click(findTestObject("Object Repository/Page_My Moodle/a_Log in")): Object: 'Object Repository/Page_My Moodle/a_Log in' is clicked on

2022-01-12 22:09:19 - [MESSAGE][PASSED] - Object: 'Object Repository/Page_My Moodle/a_Log in' is clicked on

2022-01-12 22:09:19 - [TEST_STEP][PASSED] - setText(findTestObject("Object Repository/Page_My Moodle Log in to the site/input_Username_username"), "teacher"): Text 'teacher' is set on object 'Object Repository/Page_My Moodle Log in to the site/input_Username_username'

2022-01-12 22:09:20 - [MESSAGE][PASSED] - Text 'teacher' is set on object 'Object Repository/Page_My Moodle Log in to the site/input_Username_username'

2022-01-12 22:09:20 - [TEST_STEP][PASSED] - setEncryptedText(findTestObject("Object Repository/Page_My Moodle Log in to the site/input_Password_password"), "3fJEwIvstDDnFTEIk7299A=="): Text ****** has been set on object 'Object Repository/Page_My Moodle Log in to the site/input_Password_password'

2022-01-12 22:09:20 - [MESSAGE][PASSED] - Text ****** has been set on object 'Object Repository/Page_My Moodle Log in to the site/input_Password_password'

2022-01-12 22:09:20 - [TEST_STEP][PASSED] - click(findTestObject("Object Repository/Page_My Moodle Log in to the site/button_Log in")): Object: 'Object Repository/Page_My Moodle Log in to the site/button_Log in' is clicked on

2022-01-12 22:09:21 - [MESSAGE][PASSED] - Object: 'Object Repository/Page_My Moodle Log in to the site/button_Log in' is clicked on

2022-01-12 22:09:21 - [MESSAGE][PASSED] - Call Test Case 'Test Cases/Login as user (teacher)' successfully

2022-01-12 22:09:21 - [TEST_STEP][PASSED] - click(findTestObject("Object Repository/Page_Dashboard/span_Site home")): Object: 'Object Repository/Page_Dashboard/span_Site home' is clicked on

2022-01-12 22:09:23 - [MESSAGE][PASSED] - Object: 'Object Repository/Page_Dashboard/span_Site home' is clicked on

2022-01-12 22:09:23 - [TEST_STEP][PASSED] - navigateToUrl("http://localhost/?redirect=0"): Navigate to 'http://localhost/?redirect=0' successfully

2022-01-12 22:09:23 - [MESSAGE][PASSED] - Navigate to 'http://localhost/?redirect=0' successfully

2022-01-12 22:09:23 - [TEST_STEP][PASSED] - click(findTestObject("Object Repository/Page_My Moodle/a_Phn tch v qun l yu cu phn mm")): Object: 'Object Repository/Page_My Moodle/a_Phn tch v qun l yu cu phn mm' is clicked on

2022-01-12 22:09:24 - [MESSAGE][PASSED] - Object: 'Object Repository/Page_My Moodle/a_Phn tch v qun l yu cu phn mm' is clicked on

2022-01-12 22:09:24 - [TEST_STEP][PASSED] - click(findTestObject("Object Repository/Page_Course Phn tch v qun l yu cu phn mm/span_Participants")): Object: 'Object Repository/Page_Course Phn tch v qun l yu cu phn mm/span_Participants' is clicked on

2022-01-12 22:09:25 - [MESSAGE][PASSED] - Object: 'Object Repository/Page_Course Phn tch v qun l yu cu phn mm/span_Participants' is clicked on

2022-01-12 22:09:25 - [TEST_STEP][PASSED] - click(findTestObject("Object Repository/Page_CSC13005 Participants/a_Participants_action-menu-toggle-3")): Object: 'Object Repository/Page_CSC13005 Participants/a_Participants_action-menu-toggle-3' is clicked on

2022-01-12 22:09:26 - [MESSAGE][PASSED] - Object: 'Object Repository/Page_CSC13005 Participants/a_Participants_action-menu-toggle-3' is clicked on

2022-01-12 22:09:26 - [TEST_STEP][PASSED] - click(findTestObject("Object Repository/Page_CSC13005 Participants/a_Groups")): Object: 'Object Repository/Page_CSC13005 Participants/a_Groups' is clicked on

2022-01-12 22:09:27 - [MESSAGE][PASSED] - Object: 'Object Repository/Page_CSC13005 Participants/a_Groups' is clicked on

2022-01-12 22:09:27 - [TEST_STEP][PASSED] - click(findTestObject("Object Repository/Page_Groups/input_Groups_act_showcreateorphangroupform")): Object: 'Object Repository/Page_Groups/input_Groups_act_showcreateorphangroupform' is clicked on

2022-01-12 22:09:28 - [MESSAGE][PASSED] - Object: 'Object Repository/Page_Groups/input_Groups_act_showcreateorphangroupform' is clicked on

2022-01-12 22:09:28 - [TEST_STEP][PASSED] - setText(findTestObject("Object Repository/Page_Groups/input_Group name_name"), "Group Testing"): Text 'Group Testing' is set on object 'Object Repository/Page_Groups/input_Group name_name'

2022-01-12 22:09:29 - [MESSAGE][PASSED] - Text 'Group Testing' is set on object 'Object Repository/Page_Groups/input_Group name_name'

2022-01-12 22:09:29 - [TEST_STEP][PASSED] - setText(findTestObject("Object Repository/Page_Groups/input_Group ID number_idnumber"), "01"): Text '01' is set on object 'Object Repository/Page_Groups/input_Group ID number_idnumber'

2022-01-12 22:09:30 - [MESSAGE][PASSED] - Text '01' is set on object 'Object Repository/Page_Groups/input_Group ID number_idnumber'

2022-01-12 22:09:30 - [TEST_STEP][PASSED] - click(findTestObject("Object Repository/Page_Groups/input_Drop files here to upload_submitbutton")): Object: 'Object Repository/Page_Groups/input_Drop files here to upload_submitbutton' is clicked on

2022-01-12 22:09:31 - [MESSAGE][PASSED] - Object: 'Object Repository/Page_Groups/input_Drop files here to upload_submitbutton' is clicked on

2022-01-12 22:09:31 - [TEST_STEP][PASSED] - click(findTestObject("Object Repository/Page_Groups/input_Group Testing (0)_act_showaddmembersform")): Object: 'Object Repository/Page_Groups/input_Group Testing (0)_act_showaddmembersform' is clicked on

2022-01-12 22:09:32 - [MESSAGE][PASSED] - Object: 'Object Repository/Page_Groups/input_Group Testing (0)_act_showaddmembersform' is clicked on

2022-01-12 22:09:32 - [TEST_STEP][PASSED] - selectOptionByValue(findTestObject("Object Repository/Page_CSC13005 Groups/select_Student One (s1example.com) (0)    S_fbd5dc"), "7", true): All options with value '7' are selected in object 'Object Repository/Page_CSC13005 Groups/select_Student One (s1example.com) (0)    S_fbd5dc'  using regular expression

2022-01-12 22:09:33 - [MESSAGE][PASSED] - All options with value '7' are selected in object 'Object Repository/Page_CSC13005 Groups/select_Student One (s1example.com) (0)    S_fbd5dc'  using regular expression

2022-01-12 22:09:33 - [TEST_STEP][PASSED] - selectOptionByValue(findTestObject("Object Repository/Page_CSC13005 Groups/select_Student One (s1example.com) (0)    S_fbd5dc"), "8", true): All options with value '8' are selected in object 'Object Repository/Page_CSC13005 Groups/select_Student One (s1example.com) (0)    S_fbd5dc'  using regular expression

2022-01-12 22:09:34 - [MESSAGE][PASSED] - All options with value '8' are selected in object 'Object Repository/Page_CSC13005 Groups/select_Student One (s1example.com) (0)    S_fbd5dc'  using regular expression

2022-01-12 22:09:34 - [TEST_STEP][PASSED] - selectOptionByValue(findTestObject("Object Repository/Page_CSC13005 Groups/select_Student One (s1example.com) (0)    S_fbd5dc"), "4", true): All options with value '4' are selected in object 'Object Repository/Page_CSC13005 Groups/select_Student One (s1example.com) (0)    S_fbd5dc'  using regular expression

2022-01-12 22:09:36 - [MESSAGE][PASSED] - All options with value '4' are selected in object 'Object Repository/Page_CSC13005 Groups/select_Student One (s1example.com) (0)    S_fbd5dc'  using regular expression

2022-01-12 22:09:36 - [TEST_STEP][PASSED] - click(findTestObject("Object Repository/Page_CSC13005 Groups/input_Match the search text anywhere in the_89f7b5")): Object: 'Object Repository/Page_CSC13005 Groups/input_Match the search text anywhere in the_89f7b5' is clicked on

2022-01-12 22:09:37 - [MESSAGE][PASSED] - Object: 'Object Repository/Page_CSC13005 Groups/input_Match the search text anywhere in the_89f7b5' is clicked on

2022-01-12 22:09:37 - [TEST_STEP][PASSED] - selectOptionByValue(findTestObject("Object Repository/Page_CSC13005 Groups/select_Teacher Testing (teacher.testingmail_a817a3"), "8", true): All options with value '8' are selected in object 'Object Repository/Page_CSC13005 Groups/select_Teacher Testing (teacher.testingmail_a817a3'  using regular expression

2022-01-12 22:09:38 - [MESSAGE][PASSED] - All options with value '8' are selected in object 'Object Repository/Page_CSC13005 Groups/select_Teacher Testing (teacher.testingmail_a817a3'  using regular expression

2022-01-12 22:09:38 - [TEST_STEP][PASSED] - selectOptionByValue(findTestObject("Object Repository/Page_CSC13005 Groups/select_Teacher Testing (teacher.testingmail_a817a3"), "4", true): All options with value '4' are selected in object 'Object Repository/Page_CSC13005 Groups/select_Teacher Testing (teacher.testingmail_a817a3'  using regular expression

2022-01-12 22:09:39 - [MESSAGE][PASSED] - All options with value '4' are selected in object 'Object Repository/Page_CSC13005 Groups/select_Teacher Testing (teacher.testingmail_a817a3'  using regular expression

2022-01-12 22:09:39 - [TEST_STEP][PASSED] - selectOptionByValue(findTestObject("Object Repository/Page_CSC13005 Groups/select_Teacher Testing (teacher.testingmail_a817a3"), "7", true): All options with value '7' are selected in object 'Object Repository/Page_CSC13005 Groups/select_Teacher Testing (teacher.testingmail_a817a3'  using regular expression

2022-01-12 22:09:40 - [MESSAGE][PASSED] - All options with value '7' are selected in object 'Object Repository/Page_CSC13005 Groups/select_Teacher Testing (teacher.testingmail_a817a3'  using regular expression

2022-01-12 22:09:40 - [TEST_STEP][PASSED] - click(findTestObject("Object Repository/Page_CSC13005 Groups/input_Search_cancel")): Object: 'Object Repository/Page_CSC13005 Groups/input_Search_cancel' is clicked on

2022-01-12 22:09:41 - [MESSAGE][PASSED] - Object: 'Object Repository/Page_CSC13005 Groups/input_Search_cancel' is clicked on]]></system-out>
         <system-err><![CDATA[]]></system-err>
      </testcase>
      <testcase name="Test Cases/Teacher create new badge" time="20.591" classname="Test Cases/Teacher create new badge" status="PASSED">
         <system-out><![CDATA[2022-01-12 22:09:41 - [TEST_CASE][PASSED] - Test Cases/Teacher create new badge: Test Cases/Teacher create new badge

2022-01-12 22:09:41 - [TEST_STEP][PASSED] - callTestCase(findTestCase("Login as user (teacher)"), [:], STOP_ON_FAILURE): Call Test Case 'Test Cases/Login as user (teacher)' successfully

2022-01-12 22:09:41 - [TEST_CASE][PASSED] - Test Cases/Login as user (teacher): Test Cases/Login as user (teacher)

2022-01-12 22:09:41 - [TEST_STEP][PASSED] - openBrowser(""): Browser is opened with url: ''

2022-01-12 22:09:41 - [MESSAGE][WARNING] - A browser is already opened. Closing browser and opening a new one

2022-01-12 22:09:42 - [MESSAGE][INFO] - Starting 'Edge Chromium' driver

2022-01-12 22:09:45 - [MESSAGE][INFO] - Action delay is set to 0 milliseconds

2022-01-12 22:09:46 - [MESSAGE][PASSED] - Browser is opened with url: ''

2022-01-12 22:09:46 - [TEST_STEP][PASSED] - maximizeWindow(): Current window maximized

2022-01-12 22:09:46 - [MESSAGE][PASSED] - Current window maximized

2022-01-12 22:09:46 - [TEST_STEP][PASSED] - navigateToUrl("http://localhost/"): Navigate to 'http://localhost/' successfully

2022-01-12 22:09:47 - [MESSAGE][PASSED] - Navigate to 'http://localhost/' successfully

2022-01-12 22:09:47 - [TEST_STEP][PASSED] - click(findTestObject("Object Repository/Page_My Moodle/a_Log in")): Object: 'Object Repository/Page_My Moodle/a_Log in' is clicked on

2022-01-12 22:09:48 - [MESSAGE][PASSED] - Object: 'Object Repository/Page_My Moodle/a_Log in' is clicked on

2022-01-12 22:09:48 - [TEST_STEP][PASSED] - setText(findTestObject("Object Repository/Page_My Moodle Log in to the site/input_Username_username"), "teacher"): Text 'teacher' is set on object 'Object Repository/Page_My Moodle Log in to the site/input_Username_username'

2022-01-12 22:09:48 - [MESSAGE][PASSED] - Text 'teacher' is set on object 'Object Repository/Page_My Moodle Log in to the site/input_Username_username'

2022-01-12 22:09:48 - [TEST_STEP][PASSED] - setEncryptedText(findTestObject("Object Repository/Page_My Moodle Log in to the site/input_Password_password"), "3fJEwIvstDDnFTEIk7299A=="): Text ****** has been set on object 'Object Repository/Page_My Moodle Log in to the site/input_Password_password'

2022-01-12 22:09:49 - [MESSAGE][PASSED] - Text ****** has been set on object 'Object Repository/Page_My Moodle Log in to the site/input_Password_password'

2022-01-12 22:09:49 - [TEST_STEP][PASSED] - click(findTestObject("Object Repository/Page_My Moodle Log in to the site/button_Log in")): Object: 'Object Repository/Page_My Moodle Log in to the site/button_Log in' is clicked on

2022-01-12 22:09:50 - [MESSAGE][PASSED] - Object: 'Object Repository/Page_My Moodle Log in to the site/button_Log in' is clicked on

2022-01-12 22:09:50 - [MESSAGE][PASSED] - Call Test Case 'Test Cases/Login as user (teacher)' successfully

2022-01-12 22:09:50 - [TEST_STEP][PASSED] - click(findTestObject("Object Repository/Page_Dashboard/span_Site home")): Object: 'Object Repository/Page_Dashboard/span_Site home' is clicked on

2022-01-12 22:09:52 - [MESSAGE][PASSED] - Object: 'Object Repository/Page_Dashboard/span_Site home' is clicked on

2022-01-12 22:09:52 - [TEST_STEP][PASSED] - navigateToUrl("http://localhost/?redirect=0"): Navigate to 'http://localhost/?redirect=0' successfully

2022-01-12 22:09:52 - [MESSAGE][PASSED] - Navigate to 'http://localhost/?redirect=0' successfully

2022-01-12 22:09:52 - [TEST_STEP][PASSED] - click(findTestObject("Object Repository/Page_My Moodle/a_Phn tch v qun l yu cu phn mm")): Object: 'Object Repository/Page_My Moodle/a_Phn tch v qun l yu cu phn mm' is clicked on

2022-01-12 22:09:53 - [MESSAGE][PASSED] - Object: 'Object Repository/Page_My Moodle/a_Phn tch v qun l yu cu phn mm' is clicked on

2022-01-12 22:09:53 - [TEST_STEP][PASSED] - click(findTestObject("Object Repository/Page_Course Phn tch v qun l yu cu phn mm/span_Badges")): Object: 'Object Repository/Page_Course Phn tch v qun l yu cu phn mm/span_Badges' is clicked on

2022-01-12 22:09:54 - [MESSAGE][PASSED] - Object: 'Object Repository/Page_Course Phn tch v qun l yu cu phn mm/span_Badges' is clicked on

2022-01-12 22:09:54 - [TEST_STEP][PASSED] - click(findTestObject("Object Repository/Page_Phn tch v qun l yu cu phn mm Badges/button_Add a new badge")): Object: 'Object Repository/Page_Phn tch v qun l yu cu phn mm Badges/button_Add a new badge' is clicked on

2022-01-12 22:09:55 - [MESSAGE][PASSED] - Object: 'Object Repository/Page_Phn tch v qun l yu cu phn mm Badges/button_Add a new badge' is clicked on

2022-01-12 22:09:55 - [TEST_STEP][PASSED] - setText(findTestObject("Object Repository/Page_Phn tch v qun l yu cu phn mm New badge/input_Name_name"), "Badge"): Text 'Badge' is set on object 'Object Repository/Page_Phn tch v qun l yu cu phn mm New badge/input_Name_name'

2022-01-12 22:09:56 - [MESSAGE][PASSED] - Text 'Badge' is set on object 'Object Repository/Page_Phn tch v qun l yu cu phn mm New badge/input_Name_name'

2022-01-12 22:09:56 - [TEST_STEP][PASSED] - setText(findTestObject("Object Repository/Page_Phn tch v qun l yu cu phn mm New badge/textarea_Description_description"), "Badge for good students"): Text 'Badge for good students' is set on object 'Object Repository/Page_Phn tch v qun l yu cu phn mm New badge/textarea_Description_description'

2022-01-12 22:09:57 - [MESSAGE][PASSED] - Text 'Badge for good students' is set on object 'Object Repository/Page_Phn tch v qun l yu cu phn mm New badge/textarea_Description_description'

2022-01-12 22:09:57 - [TEST_STEP][PASSED] - click(findTestObject("Object Repository/Page_Phn tch v qun l yu cu phn mm New badge/input_Image_imagechoose")): Object: 'Object Repository/Page_Phn tch v qun l yu cu phn mm New badge/input_Image_imagechoose' is clicked on

2022-01-12 22:09:58 - [MESSAGE][PASSED] - Object: 'Object Repository/Page_Phn tch v qun l yu cu phn mm New badge/input_Image_imagechoose' is clicked on

2022-01-12 22:09:58 - [TEST_STEP][PASSED] - click(findTestObject("Object Repository/Page_Phn tch v qun l yu cu phn mm New badge/a_csv")): Object: 'Object Repository/Page_Phn tch v qun l yu cu phn mm New badge/a_csv' is clicked on

2022-01-12 22:09:59 - [MESSAGE][PASSED] - Object: 'Object Repository/Page_Phn tch v qun l yu cu phn mm New badge/a_csv' is clicked on

2022-01-12 22:09:59 - [TEST_STEP][PASSED] - click(findTestObject("Object Repository/Page_Phn tch v qun l yu cu phn mm New badge/div_Search repository_yui_3_17_2_1_16417349_9d5124")): Object: 'Object Repository/Page_Phn tch v qun l yu cu phn mm New badge/div_Search repository_yui_3_17_2_1_16417349_9d5124' is clicked on

2022-01-12 22:09:59 - [MESSAGE][PASSED] - Object: 'Object Repository/Page_Phn tch v qun l yu cu phn mm New badge/div_Search repository_yui_3_17_2_1_16417349_9d5124' is clicked on

2022-01-12 22:09:59 - [TEST_STEP][PASSED] - click(findTestObject("Object Repository/Page_Phn tch v qun l yu cu phn mm New badge/button_Select this file")): Object: 'Object Repository/Page_Phn tch v qun l yu cu phn mm New badge/button_Select this file' is clicked on

2022-01-12 22:10:00 - [MESSAGE][PASSED] - Object: 'Object Repository/Page_Phn tch v qun l yu cu phn mm New badge/button_Select this file' is clicked on

2022-01-12 22:10:00 - [TEST_STEP][PASSED] - click(findTestObject("Object Repository/Page_Phn tch v qun l yu cu phn mm New badge/input_Time unit_submitbutton")): Object: 'Object Repository/Page_Phn tch v qun l yu cu phn mm New badge/input_Time unit_submitbutton' is clicked on

2022-01-12 22:10:01 - [MESSAGE][PASSED] - Object: 'Object Repository/Page_Phn tch v qun l yu cu phn mm New badge/input_Time unit_submitbutton' is clicked on

2022-01-12 22:10:01 - [TEST_STEP][PASSED] - click(findTestObject("Object Repository/Page_Badge/h2_Badge")): Object: 'Object Repository/Page_Badge/h2_Badge' is clicked on

2022-01-12 22:10:02 - [MESSAGE][PASSED] - Object: 'Object Repository/Page_Badge/h2_Badge' is clicked on]]></system-out>
         <system-err><![CDATA[]]></system-err>
      </testcase>
      <testcase name="Test Cases/Admin edit course setting" time="19.077" classname="Test Cases/Admin edit course setting" status="PASSED">
         <system-out><![CDATA[2022-01-12 22:10:02 - [TEST_CASE][PASSED] - Test Cases/Admin edit course setting: Test Cases/Admin edit course setting

2022-01-12 22:10:02 - [TEST_STEP][PASSED] - callTestCase(findTestCase("Login as admin"), [:], STOP_ON_FAILURE): Call Test Case 'Test Cases/Login as admin' successfully

2022-01-12 22:10:02 - [TEST_CASE][PASSED] - Test Cases/Login as admin: Test Cases/Login as admin

2022-01-12 22:10:02 - [TEST_STEP][PASSED] - openBrowser(""): Browser is opened with url: ''

2022-01-12 22:10:02 - [MESSAGE][WARNING] - A browser is already opened. Closing browser and opening a new one

2022-01-12 22:10:03 - [MESSAGE][INFO] - Starting 'Edge Chromium' driver

2022-01-12 22:10:05 - [MESSAGE][INFO] - Action delay is set to 0 milliseconds

2022-01-12 22:10:06 - [MESSAGE][PASSED] - Browser is opened with url: ''

2022-01-12 22:10:06 - [TEST_STEP][PASSED] - navigateToUrl("http://localhost/"): Navigate to 'http://localhost/' successfully

2022-01-12 22:10:07 - [MESSAGE][PASSED] - Navigate to 'http://localhost/' successfully

2022-01-12 22:10:07 - [TEST_STEP][PASSED] - click(findTestObject("Object Repository/Page_My Moodle/a_Log in")): Object: 'Object Repository/Page_My Moodle/a_Log in' is clicked on

2022-01-12 22:10:08 - [MESSAGE][PASSED] - Object: 'Object Repository/Page_My Moodle/a_Log in' is clicked on

2022-01-12 22:10:08 - [TEST_STEP][PASSED] - setText(findTestObject("Object Repository/Page_My Moodle Log in to the site/input_Username_username"), "admin"): Text 'admin' is set on object 'Object Repository/Page_My Moodle Log in to the site/input_Username_username'

2022-01-12 22:10:09 - [MESSAGE][PASSED] - Text 'admin' is set on object 'Object Repository/Page_My Moodle Log in to the site/input_Username_username'

2022-01-12 22:10:09 - [TEST_STEP][PASSED] - setEncryptedText(findTestObject("Object Repository/Page_My Moodle Log in to the site/input_Password_password"), "7Dxoto1EjKfQbGop/Ov+1g=="): Text ****** has been set on object 'Object Repository/Page_My Moodle Log in to the site/input_Password_password'

2022-01-12 22:10:09 - [MESSAGE][PASSED] - Text ****** has been set on object 'Object Repository/Page_My Moodle Log in to the site/input_Password_password'

2022-01-12 22:10:09 - [TEST_STEP][PASSED] - click(findTestObject("Object Repository/Page_My Moodle Log in to the site/button_Log in")): Object: 'Object Repository/Page_My Moodle Log in to the site/button_Log in' is clicked on

2022-01-12 22:10:10 - [MESSAGE][PASSED] - Object: 'Object Repository/Page_My Moodle Log in to the site/button_Log in' is clicked on

2022-01-12 22:10:10 - [MESSAGE][PASSED] - Call Test Case 'Test Cases/Login as admin' successfully

2022-01-12 22:10:10 - [TEST_STEP][PASSED] - click(findTestObject("Object Repository/Page_Dashboard/span_Site administration (1)")): Object: 'Object Repository/Page_Dashboard/span_Site administration (1)' is clicked on

2022-01-12 22:10:12 - [MESSAGE][PASSED] - Object: 'Object Repository/Page_Dashboard/span_Site administration (1)' is clicked on

2022-01-12 22:10:12 - [TEST_STEP][PASSED] - navigateToUrl("http://localhost/admin/search.php"): Navigate to 'http://localhost/admin/search.php' successfully

2022-01-12 22:10:12 - [MESSAGE][PASSED] - Navigate to 'http://localhost/admin/search.php' successfully

2022-01-12 22:10:12 - [TEST_STEP][PASSED] - click(findTestObject("Object Repository/Page_Moodle Administration Search/a_Courses (1)")): Object: 'Object Repository/Page_Moodle Administration Search/a_Courses (1)' is clicked on

2022-01-12 22:10:13 - [MESSAGE][PASSED] - Object: 'Object Repository/Page_Moodle Administration Search/a_Courses (1)' is clicked on

2022-01-12 22:10:13 - [TEST_STEP][PASSED] - click(findTestObject("Object Repository/Page_Moodle Administration Search/a_Manage courses and categories")): Object: 'Object Repository/Page_Moodle Administration Search/a_Manage courses and categories' is clicked on

2022-01-12 22:10:14 - [MESSAGE][PASSED] - Object: 'Object Repository/Page_Moodle Administration Search/a_Manage courses and categories' is clicked on

2022-01-12 22:10:14 - [TEST_STEP][PASSED] - click(findTestObject("Object Repository/Page_Course and category management/a_Cng ngh thng tin")): Object: 'Object Repository/Page_Course and category management/a_Cng ngh thng tin' is clicked on

2022-01-12 22:10:15 - [MESSAGE][PASSED] - Object: 'Object Repository/Page_Course and category management/a_Cng ngh thng tin' is clicked on

2022-01-12 22:10:15 - [TEST_STEP][PASSED] - click(findTestObject("Object Repository/Page_Course and category management/a_K thut phn mm")): Object: 'Object Repository/Page_Course and category management/a_K thut phn mm' is clicked on

2022-01-12 22:10:16 - [MESSAGE][PASSED] - Object: 'Object Repository/Page_Course and category management/a_K thut phn mm' is clicked on

2022-01-12 22:10:16 - [TEST_STEP][PASSED] - click(findTestObject("Object Repository/Page_Course and category management/i_Thit k phn mm_yui_3_17_2_1_1641987529450_340")): Object: 'Object Repository/Page_Course and category management/i_Thit k phn mm_yui_3_17_2_1_1641987529450_340' is clicked on

2022-01-12 22:10:18 - [MESSAGE][PASSED] - Object: 'Object Repository/Page_Course and category management/i_Thit k phn mm_yui_3_17_2_1_1641987529450_340' is clicked on

2022-01-12 22:10:18 - [TEST_STEP][PASSED] - selectOptionByValue(findTestObject("Object Repository/Page_Edit course settings/select_Hide            Show (1)"), "1", true): All options with value '1' are selected in object 'Object Repository/Page_Edit course settings/select_Hide            Show (1)'  using regular expression

2022-01-12 22:10:19 - [MESSAGE][PASSED] - All options with value '1' are selected in object 'Object Repository/Page_Edit course settings/select_Hide            Show (1)'  using regular expression

2022-01-12 22:10:19 - [TEST_STEP][PASSED] - click(findTestObject("Object Repository/Page_Edit course settings/input__saveandreturn")): Object: 'Object Repository/Page_Edit course settings/input__saveandreturn' is clicked on

2022-01-12 22:10:21 - [MESSAGE][PASSED] - Object: 'Object Repository/Page_Edit course settings/input__saveandreturn' is clicked on]]></system-out>
         <system-err><![CDATA[]]></system-err>
      </testcase>
      <testcase name="Test Cases/Teacher create quiz" time="24.47" classname="Test Cases/Teacher create quiz" status="PASSED">
         <system-out><![CDATA[2022-01-12 22:10:21 - [TEST_CASE][PASSED] - Test Cases/Teacher create quiz: Test Cases/Teacher create quiz

2022-01-12 22:10:21 - [TEST_STEP][PASSED] - callTestCase(findTestCase("Login as user (teacher)"), [:], STOP_ON_FAILURE): Call Test Case 'Test Cases/Login as user (teacher)' successfully

2022-01-12 22:10:21 - [TEST_CASE][PASSED] - Test Cases/Login as user (teacher): Test Cases/Login as user (teacher)

2022-01-12 22:10:21 - [TEST_STEP][PASSED] - openBrowser(""): Browser is opened with url: ''

2022-01-12 22:10:21 - [MESSAGE][WARNING] - A browser is already opened. Closing browser and opening a new one

2022-01-12 22:10:22 - [MESSAGE][INFO] - Starting 'Edge Chromium' driver

2022-01-12 22:10:24 - [MESSAGE][INFO] - Action delay is set to 0 milliseconds

2022-01-12 22:10:25 - [MESSAGE][PASSED] - Browser is opened with url: ''

2022-01-12 22:10:25 - [TEST_STEP][PASSED] - maximizeWindow(): Current window maximized

2022-01-12 22:10:26 - [MESSAGE][PASSED] - Current window maximized

2022-01-12 22:10:26 - [TEST_STEP][PASSED] - navigateToUrl("http://localhost/"): Navigate to 'http://localhost/' successfully

2022-01-12 22:10:26 - [MESSAGE][PASSED] - Navigate to 'http://localhost/' successfully

2022-01-12 22:10:26 - [TEST_STEP][PASSED] - click(findTestObject("Object Repository/Page_My Moodle/a_Log in")): Object: 'Object Repository/Page_My Moodle/a_Log in' is clicked on

2022-01-12 22:10:27 - [MESSAGE][PASSED] - Object: 'Object Repository/Page_My Moodle/a_Log in' is clicked on

2022-01-12 22:10:27 - [TEST_STEP][PASSED] - setText(findTestObject("Object Repository/Page_My Moodle Log in to the site/input_Username_username"), "teacher"): Text 'teacher' is set on object 'Object Repository/Page_My Moodle Log in to the site/input_Username_username'

2022-01-12 22:10:28 - [MESSAGE][PASSED] - Text 'teacher' is set on object 'Object Repository/Page_My Moodle Log in to the site/input_Username_username'

2022-01-12 22:10:28 - [TEST_STEP][PASSED] - setEncryptedText(findTestObject("Object Repository/Page_My Moodle Log in to the site/input_Password_password"), "3fJEwIvstDDnFTEIk7299A=="): Text ****** has been set on object 'Object Repository/Page_My Moodle Log in to the site/input_Password_password'

2022-01-12 22:10:28 - [MESSAGE][PASSED] - Text ****** has been set on object 'Object Repository/Page_My Moodle Log in to the site/input_Password_password'

2022-01-12 22:10:28 - [TEST_STEP][PASSED] - click(findTestObject("Object Repository/Page_My Moodle Log in to the site/button_Log in")): Object: 'Object Repository/Page_My Moodle Log in to the site/button_Log in' is clicked on

2022-01-12 22:10:30 - [MESSAGE][PASSED] - Object: 'Object Repository/Page_My Moodle Log in to the site/button_Log in' is clicked on

2022-01-12 22:10:30 - [MESSAGE][PASSED] - Call Test Case 'Test Cases/Login as user (teacher)' successfully

2022-01-12 22:10:30 - [TEST_STEP][PASSED] - click(findTestObject("Object Repository/Page_Dashboard/span_Site home")): Object: 'Object Repository/Page_Dashboard/span_Site home' is clicked on

2022-01-12 22:10:32 - [MESSAGE][PASSED] - Object: 'Object Repository/Page_Dashboard/span_Site home' is clicked on

2022-01-12 22:10:32 - [TEST_STEP][PASSED] - navigateToUrl("http://localhost/?redirect=0"): Navigate to 'http://localhost/?redirect=0' successfully

2022-01-12 22:10:32 - [MESSAGE][PASSED] - Navigate to 'http://localhost/?redirect=0' successfully

2022-01-12 22:10:32 - [TEST_STEP][PASSED] - click(findTestObject("Object Repository/Page_My Moodle/a_Phn tch v qun l yu cu phn mm")): Object: 'Object Repository/Page_My Moodle/a_Phn tch v qun l yu cu phn mm' is clicked on

2022-01-12 22:10:33 - [MESSAGE][PASSED] - Object: 'Object Repository/Page_My Moodle/a_Phn tch v qun l yu cu phn mm' is clicked on

2022-01-12 22:10:33 - [TEST_STEP][PASSED] - click(findTestObject("Object Repository/Page_Course Phn tch v qun l yu cu phn mm/button_Turn editing on")): Object: 'Object Repository/Page_Course Phn tch v qun l yu cu phn mm/button_Turn editing on' is clicked on

2022-01-12 22:10:34 - [MESSAGE][PASSED] - Object: 'Object Repository/Page_Course Phn tch v qun l yu cu phn mm/button_Turn editing on' is clicked on

2022-01-12 22:10:34 - [TEST_STEP][PASSED] - click(findTestObject("Object Repository/Page_Course Thit k phn mm/span_Add an activity or resource")): Object: 'Object Repository/Page_Course Thit k phn mm/span_Add an activity or resource' is clicked on

2022-01-12 22:10:35 - [MESSAGE][PASSED] - Object: 'Object Repository/Page_Course Thit k phn mm/span_Add an activity or resource' is clicked on

2022-01-12 22:10:35 - [TEST_STEP][PASSED] - click(findTestObject("Object Repository/Page_Course Thit k phn mm/a_Quiz")): Object: 'Object Repository/Page_Course Thit k phn mm/a_Quiz' is clicked on

2022-01-12 22:10:38 - [MESSAGE][PASSED] - Object: 'Object Repository/Page_Course Thit k phn mm/a_Quiz' is clicked on

2022-01-12 22:10:38 - [TEST_STEP][PASSED] - navigateToUrl("http://localhost/course/modedit.php?add=quiz&type=&course=4&section=0&return=0&sr=0"): Navigate to 'http://localhost/course/modedit.php?add=quiz&type=&course=4&section=0&return=0&sr=0' successfully

2022-01-12 22:10:39 - [MESSAGE][PASSED] - Navigate to 'http://localhost/course/modedit.php?add=quiz&type=&course=4&section=0&return=0&sr=0' successfully

2022-01-12 22:10:39 - [TEST_STEP][PASSED] - setText(findTestObject("Object Repository/Page_Editing Quiz/input_Name_name"), "Quiz 1"): Text 'Quiz 1' is set on object 'Object Repository/Page_Editing Quiz/input_Name_name'

2022-01-12 22:10:40 - [MESSAGE][PASSED] - Text 'Quiz 1' is set on object 'Object Repository/Page_Editing Quiz/input_Name_name'

2022-01-12 22:10:40 - [TEST_STEP][PASSED] - click(findTestObject("Object Repository/Page_Editing Quiz/input_Upon activity completion_submitbutton2")): Object: 'Object Repository/Page_Editing Quiz/input_Upon activity completion_submitbutton2' is clicked on

2022-01-12 22:10:42 - [MESSAGE][PASSED] - Object: 'Object Repository/Page_Editing Quiz/input_Upon activity completion_submitbutton2' is clicked on

2022-01-12 22:10:42 - [TEST_STEP][PASSED] - click(findTestObject("Object Repository/Page_Course Thit k phn mm/a_Teacher Testing")): Object: 'Object Repository/Page_Course Thit k phn mm/a_Teacher Testing' is clicked on

2022-01-12 22:10:42 - [MESSAGE][PASSED] - Object: 'Object Repository/Page_Course Thit k phn mm/a_Teacher Testing' is clicked on

2022-01-12 22:10:42 - [TEST_STEP][PASSED] - click(findTestObject("Object Repository/Page_Course Thit k phn mm/span_Switch role to")): Object: 'Object Repository/Page_Course Thit k phn mm/span_Switch role to' is clicked on

2022-01-12 22:10:43 - [MESSAGE][PASSED] - Object: 'Object Repository/Page_Course Thit k phn mm/span_Switch role to' is clicked on

2022-01-12 22:10:43 - [TEST_STEP][PASSED] - click(findTestObject("Object Repository/Page_Switch role to/button_Student")): Object: 'Object Repository/Page_Switch role to/button_Student' is clicked on

2022-01-12 22:10:44 - [MESSAGE][PASSED] - Object: 'Object Repository/Page_Switch role to/button_Student' is clicked on

2022-01-12 22:10:44 - [TEST_STEP][PASSED] - click(findTestObject("Object Repository/Page_Course Thit k phn mm/span_Quiz 1")): Object: 'Object Repository/Page_Course Thit k phn mm/span_Quiz 1' is clicked on

2022-01-12 22:10:45 - [MESSAGE][PASSED] - Object: 'Object Repository/Page_Course Thit k phn mm/span_Quiz 1' is clicked on]]></system-out>
         <system-err><![CDATA[]]></system-err>
      </testcase>
      <testcase name="Test Cases/Teacher edit topic" time="18.003" classname="Test Cases/Teacher edit topic" status="PASSED">
         <system-out><![CDATA[2022-01-12 22:10:45 - [TEST_CASE][PASSED] - Test Cases/Teacher edit topic: Test Cases/Teacher edit topic

2022-01-12 22:10:45 - [TEST_STEP][PASSED] - callTestCase(findTestCase("Login as user (teacher)"), [:], STOP_ON_FAILURE): Call Test Case 'Test Cases/Login as user (teacher)' successfully

2022-01-12 22:10:45 - [TEST_CASE][PASSED] - Test Cases/Login as user (teacher): Test Cases/Login as user (teacher)

2022-01-12 22:10:45 - [TEST_STEP][PASSED] - openBrowser(""): Browser is opened with url: ''

2022-01-12 22:10:45 - [MESSAGE][WARNING] - A browser is already opened. Closing browser and opening a new one

2022-01-12 22:10:46 - [MESSAGE][INFO] - Starting 'Edge Chromium' driver

2022-01-12 22:10:49 - [MESSAGE][INFO] - Action delay is set to 0 milliseconds

2022-01-12 22:10:50 - [MESSAGE][PASSED] - Browser is opened with url: ''

2022-01-12 22:10:50 - [TEST_STEP][PASSED] - maximizeWindow(): Current window maximized

2022-01-12 22:10:50 - [MESSAGE][PASSED] - Current window maximized

2022-01-12 22:10:50 - [TEST_STEP][PASSED] - navigateToUrl("http://localhost/"): Navigate to 'http://localhost/' successfully

2022-01-12 22:10:51 - [MESSAGE][PASSED] - Navigate to 'http://localhost/' successfully

2022-01-12 22:10:51 - [TEST_STEP][PASSED] - click(findTestObject("Object Repository/Page_My Moodle/a_Log in")): Object: 'Object Repository/Page_My Moodle/a_Log in' is clicked on

2022-01-12 22:10:52 - [MESSAGE][PASSED] - Object: 'Object Repository/Page_My Moodle/a_Log in' is clicked on

2022-01-12 22:10:52 - [TEST_STEP][PASSED] - setText(findTestObject("Object Repository/Page_My Moodle Log in to the site/input_Username_username"), "teacher"): Text 'teacher' is set on object 'Object Repository/Page_My Moodle Log in to the site/input_Username_username'

2022-01-12 22:10:52 - [MESSAGE][PASSED] - Text 'teacher' is set on object 'Object Repository/Page_My Moodle Log in to the site/input_Username_username'

2022-01-12 22:10:52 - [TEST_STEP][PASSED] - setEncryptedText(findTestObject("Object Repository/Page_My Moodle Log in to the site/input_Password_password"), "3fJEwIvstDDnFTEIk7299A=="): Text ****** has been set on object 'Object Repository/Page_My Moodle Log in to the site/input_Password_password'

2022-01-12 22:10:53 - [MESSAGE][PASSED] - Text ****** has been set on object 'Object Repository/Page_My Moodle Log in to the site/input_Password_password'

2022-01-12 22:10:53 - [TEST_STEP][PASSED] - click(findTestObject("Object Repository/Page_My Moodle Log in to the site/button_Log in")): Object: 'Object Repository/Page_My Moodle Log in to the site/button_Log in' is clicked on

2022-01-12 22:10:54 - [MESSAGE][PASSED] - Object: 'Object Repository/Page_My Moodle Log in to the site/button_Log in' is clicked on

2022-01-12 22:10:54 - [MESSAGE][PASSED] - Call Test Case 'Test Cases/Login as user (teacher)' successfully

2022-01-12 22:10:54 - [TEST_STEP][PASSED] - click(findTestObject("Object Repository/Page_Dashboard/span_Site home")): Object: 'Object Repository/Page_Dashboard/span_Site home' is clicked on

2022-01-12 22:10:56 - [MESSAGE][PASSED] - Object: 'Object Repository/Page_Dashboard/span_Site home' is clicked on

2022-01-12 22:10:56 - [TEST_STEP][PASSED] - navigateToUrl("http://localhost/?redirect=0"): Navigate to 'http://localhost/?redirect=0' successfully

2022-01-12 22:10:56 - [MESSAGE][PASSED] - Navigate to 'http://localhost/?redirect=0' successfully

2022-01-12 22:10:56 - [TEST_STEP][PASSED] - click(findTestObject("Object Repository/Page_My Moodle/a_Phn tch v qun l yu cu phn mm")): Object: 'Object Repository/Page_My Moodle/a_Phn tch v qun l yu cu phn mm' is clicked on

2022-01-12 22:10:57 - [MESSAGE][PASSED] - Object: 'Object Repository/Page_My Moodle/a_Phn tch v qun l yu cu phn mm' is clicked on

2022-01-12 22:10:57 - [TEST_STEP][PASSED] - click(findTestObject("Object Repository/Page_Course Phn tch v qun l yu cu phn mm/button_Turn editing on")): Object: 'Object Repository/Page_Course Phn tch v qun l yu cu phn mm/button_Turn editing on' is clicked on

2022-01-12 22:10:58 - [MESSAGE][PASSED] - Object: 'Object Repository/Page_Course Phn tch v qun l yu cu phn mm/button_Turn editing on' is clicked on

2022-01-12 22:10:58 - [TEST_STEP][PASSED] - click(findTestObject("Object Repository/Page_Course Thit k phn mm/a_Edit")): Object: 'Object Repository/Page_Course Thit k phn mm/a_Edit' is clicked on

2022-01-12 22:10:59 - [MESSAGE][PASSED] - Object: 'Object Repository/Page_Course Thit k phn mm/a_Edit' is clicked on

2022-01-12 22:10:59 - [TEST_STEP][PASSED] - click(findTestObject("Object Repository/Page_Course Thit k phn mm/span_Edit topic")): Object: 'Object Repository/Page_Course Thit k phn mm/span_Edit topic' is clicked on

2022-01-12 22:11:00 - [MESSAGE][PASSED] - Object: 'Object Repository/Page_Course Thit k phn mm/span_Edit topic' is clicked on

2022-01-12 22:11:00 - [TEST_STEP][PASSED] - navigateToUrl("http://localhost/course/editsection.php?id=12&sr"): Navigate to 'http://localhost/course/editsection.php?id=12&sr' successfully

2022-01-12 22:11:01 - [MESSAGE][PASSED] - Navigate to 'http://localhost/course/editsection.php?id=12&sr' successfully

2022-01-12 22:11:01 - [TEST_STEP][PASSED] - click(findTestObject("Object Repository/Page_Edit Topic 1/input_Custom_namecustomize")): Object: 'Object Repository/Page_Edit Topic 1/input_Custom_namecustomize' is clicked on

2022-01-12 22:11:01 - [MESSAGE][PASSED] - Object: 'Object Repository/Page_Edit Topic 1/input_Custom_namecustomize' is clicked on

2022-01-12 22:11:01 - [TEST_STEP][PASSED] - setText(findTestObject("Object Repository/Page_Edit Topic 1/input_New value for Section name_namevalue"), "Lecture 1"): Text 'Lecture 1' is set on object 'Object Repository/Page_Edit Topic 1/input_New value for Section name_namevalue'

2022-01-12 22:11:02 - [MESSAGE][PASSED] - Text 'Lecture 1' is set on object 'Object Repository/Page_Edit Topic 1/input_New value for Section name_namevalue'

2022-01-12 22:11:02 - [TEST_STEP][PASSED] - click(findTestObject("Object Repository/Page_Edit Topic 1/input_Add restriction_submitbutton")): Object: 'Object Repository/Page_Edit Topic 1/input_Add restriction_submitbutton' is clicked on

2022-01-12 22:11:03 - [MESSAGE][PASSED] - Object: 'Object Repository/Page_Edit Topic 1/input_Add restriction_submitbutton' is clicked on]]></system-out>
         <system-err><![CDATA[]]></system-err>
      </testcase>
      <testcase name="Test Cases/User change password" time="15.617" classname="Test Cases/User change password" status="PASSED">
         <system-out><![CDATA[2022-01-12 22:11:03 - [TEST_CASE][PASSED] - Test Cases/User change password: Test Cases/User change password

2022-01-12 22:11:03 - [TEST_STEP][PASSED] - openBrowser(""): Browser is opened with url: ''

2022-01-12 22:11:03 - [MESSAGE][WARNING] - A browser is already opened. Closing browser and opening a new one

2022-01-12 22:11:04 - [MESSAGE][INFO] - Starting 'Edge Chromium' driver

2022-01-12 22:11:07 - [MESSAGE][INFO] - Action delay is set to 0 milliseconds

2022-01-12 22:11:08 - [MESSAGE][PASSED] - Browser is opened with url: ''

2022-01-12 22:11:08 - [TEST_STEP][PASSED] - navigateToUrl("http://localhost/"): Navigate to 'http://localhost/' successfully

2022-01-12 22:11:09 - [MESSAGE][PASSED] - Navigate to 'http://localhost/' successfully

2022-01-12 22:11:09 - [TEST_STEP][PASSED] - click(findTestObject("Object Repository/Page_My Moodle/a_Log in")): Object: 'Object Repository/Page_My Moodle/a_Log in' is clicked on

2022-01-12 22:11:09 - [MESSAGE][PASSED] - Object: 'Object Repository/Page_My Moodle/a_Log in' is clicked on

2022-01-12 22:11:09 - [TEST_STEP][PASSED] - setText(findTestObject("Object Repository/Page_My Moodle Log in to the site/input_Username_username"), "trongle"): Text 'trongle' is set on object 'Object Repository/Page_My Moodle Log in to the site/input_Username_username'

2022-01-12 22:11:10 - [MESSAGE][PASSED] - Text 'trongle' is set on object 'Object Repository/Page_My Moodle Log in to the site/input_Username_username'

2022-01-12 22:11:10 - [TEST_STEP][PASSED] - setEncryptedText(findTestObject("Object Repository/Page_My Moodle Log in to the site/input_Password_password"), "Ta6u/19GniC0jLl2J4N0KA=="): Text ****** has been set on object 'Object Repository/Page_My Moodle Log in to the site/input_Password_password'

2022-01-12 22:11:11 - [MESSAGE][PASSED] - Text ****** has been set on object 'Object Repository/Page_My Moodle Log in to the site/input_Password_password'

2022-01-12 22:11:11 - [TEST_STEP][PASSED] - click(findTestObject("Object Repository/Page_My Moodle Log in to the site/button_Log in")): Object: 'Object Repository/Page_My Moodle Log in to the site/button_Log in' is clicked on

2022-01-12 22:11:12 - [MESSAGE][PASSED] - Object: 'Object Repository/Page_My Moodle Log in to the site/button_Log in' is clicked on

2022-01-12 22:11:12 - [TEST_STEP][PASSED] - click(findTestObject("Object Repository/Page_Dashboard/span_Trong Le")): Object: 'Object Repository/Page_Dashboard/span_Trong Le' is clicked on

2022-01-12 22:11:13 - [MESSAGE][PASSED] - Object: 'Object Repository/Page_Dashboard/span_Trong Le' is clicked on

2022-01-12 22:11:13 - [TEST_STEP][PASSED] - click(findTestObject("Object Repository/Page_Dashboard/span_Profile")): Object: 'Object Repository/Page_Dashboard/span_Profile' is clicked on

2022-01-12 22:11:14 - [MESSAGE][PASSED] - Object: 'Object Repository/Page_Dashboard/span_Profile' is clicked on

2022-01-12 22:11:14 - [TEST_STEP][PASSED] - click(findTestObject("Object Repository/Page_Trong Le Public profile/a_Message_action-menu-toggle-2")): Object: 'Object Repository/Page_Trong Le Public profile/a_Message_action-menu-toggle-2' is clicked on

2022-01-12 22:11:14 - [MESSAGE][PASSED] - Object: 'Object Repository/Page_Trong Le Public profile/a_Message_action-menu-toggle-2' is clicked on

2022-01-12 22:11:14 - [TEST_STEP][PASSED] - click(findTestObject("Object Repository/Page_Trong Le Public profile/a_Change password")): Object: 'Object Repository/Page_Trong Le Public profile/a_Change password' is clicked on

2022-01-12 22:11:15 - [MESSAGE][PASSED] - Object: 'Object Repository/Page_Trong Le Public profile/a_Change password' is clicked on

2022-01-12 22:11:15 - [TEST_STEP][PASSED] - setEncryptedText(findTestObject("Object Repository/Page_Change password/input_Current password_password"), "Ta6u/19GniC0jLl2J4N0KA=="): Text ****** has been set on object 'Object Repository/Page_Change password/input_Current password_password'

2022-01-12 22:11:16 - [MESSAGE][PASSED] - Text ****** has been set on object 'Object Repository/Page_Change password/input_Current password_password'

2022-01-12 22:11:16 - [TEST_STEP][PASSED] - setEncryptedText(findTestObject("Object Repository/Page_Change password/input_New password_newpassword1"), "cvW8qx4B2o3F4VwP/kNsqA=="): Text ****** has been set on object 'Object Repository/Page_Change password/input_New password_newpassword1'

2022-01-12 22:11:16 - [MESSAGE][PASSED] - Text ****** has been set on object 'Object Repository/Page_Change password/input_New password_newpassword1'

2022-01-12 22:11:16 - [TEST_STEP][PASSED] - setEncryptedText(findTestObject("Object Repository/Page_Change password/input_New password (again)_newpassword2"), "cvW8qx4B2o3F4VwP/kNsqA=="): Text ****** has been set on object 'Object Repository/Page_Change password/input_New password (again)_newpassword2'

2022-01-12 22:11:17 - [MESSAGE][PASSED] - Text ****** has been set on object 'Object Repository/Page_Change password/input_New password (again)_newpassword2'

2022-01-12 22:11:17 - [TEST_STEP][PASSED] - click(findTestObject("Object Repository/Page_Change password/input_New password (again)_submitbutton")): Object: 'Object Repository/Page_Change password/input_New password (again)_submitbutton' is clicked on

2022-01-12 22:11:18 - [MESSAGE][PASSED] - Object: 'Object Repository/Page_Change password/input_New password (again)_submitbutton' is clicked on

2022-01-12 22:11:18 - [TEST_STEP][PASSED] - click(findTestObject("Object Repository/Page_Password has been changed/button_Continue")): Object: 'Object Repository/Page_Password has been changed/button_Continue' is clicked on

2022-01-12 22:11:19 - [MESSAGE][PASSED] - Object: 'Object Repository/Page_Password has been changed/button_Continue' is clicked on]]></system-out>
         <system-err><![CDATA[]]></system-err>
      </testcase>
      <testcase name="Test Cases/Teacher upload rescourse" time="23.494" classname="Test Cases/Teacher upload rescourse" status="PASSED">
         <system-out><![CDATA[2022-01-12 22:11:19 - [TEST_CASE][PASSED] - Test Cases/Teacher upload rescourse: Test Cases/Teacher upload rescourse

2022-01-12 22:11:19 - [TEST_STEP][PASSED] - callTestCase(findTestCase("Login as user (teacher)"), [:], STOP_ON_FAILURE): Call Test Case 'Test Cases/Login as user (teacher)' successfully

2022-01-12 22:11:19 - [TEST_CASE][PASSED] - Test Cases/Login as user (teacher): Test Cases/Login as user (teacher)

2022-01-12 22:11:19 - [TEST_STEP][PASSED] - openBrowser(""): Browser is opened with url: ''

2022-01-12 22:11:19 - [MESSAGE][WARNING] - A browser is already opened. Closing browser and opening a new one

2022-01-12 22:11:20 - [MESSAGE][INFO] - Starting 'Edge Chromium' driver

2022-01-12 22:11:22 - [MESSAGE][INFO] - Action delay is set to 0 milliseconds

2022-01-12 22:11:24 - [MESSAGE][PASSED] - Browser is opened with url: ''

2022-01-12 22:11:24 - [TEST_STEP][PASSED] - maximizeWindow(): Current window maximized

2022-01-12 22:11:24 - [MESSAGE][PASSED] - Current window maximized

2022-01-12 22:11:24 - [TEST_STEP][PASSED] - navigateToUrl("http://localhost/"): Navigate to 'http://localhost/' successfully

2022-01-12 22:11:25 - [MESSAGE][PASSED] - Navigate to 'http://localhost/' successfully

2022-01-12 22:11:25 - [TEST_STEP][PASSED] - click(findTestObject("Object Repository/Page_My Moodle/a_Log in")): Object: 'Object Repository/Page_My Moodle/a_Log in' is clicked on

2022-01-12 22:11:25 - [MESSAGE][PASSED] - Object: 'Object Repository/Page_My Moodle/a_Log in' is clicked on

2022-01-12 22:11:25 - [TEST_STEP][PASSED] - setText(findTestObject("Object Repository/Page_My Moodle Log in to the site/input_Username_username"), "teacher"): Text 'teacher' is set on object 'Object Repository/Page_My Moodle Log in to the site/input_Username_username'

2022-01-12 22:11:26 - [MESSAGE][PASSED] - Text 'teacher' is set on object 'Object Repository/Page_My Moodle Log in to the site/input_Username_username'

2022-01-12 22:11:26 - [TEST_STEP][PASSED] - setEncryptedText(findTestObject("Object Repository/Page_My Moodle Log in to the site/input_Password_password"), "3fJEwIvstDDnFTEIk7299A=="): Text ****** has been set on object 'Object Repository/Page_My Moodle Log in to the site/input_Password_password'

2022-01-12 22:11:27 - [MESSAGE][PASSED] - Text ****** has been set on object 'Object Repository/Page_My Moodle Log in to the site/input_Password_password'

2022-01-12 22:11:27 - [TEST_STEP][PASSED] - click(findTestObject("Object Repository/Page_My Moodle Log in to the site/button_Log in")): Object: 'Object Repository/Page_My Moodle Log in to the site/button_Log in' is clicked on

2022-01-12 22:11:28 - [MESSAGE][PASSED] - Object: 'Object Repository/Page_My Moodle Log in to the site/button_Log in' is clicked on

2022-01-12 22:11:28 - [MESSAGE][PASSED] - Call Test Case 'Test Cases/Login as user (teacher)' successfully

2022-01-12 22:11:28 - [TEST_STEP][PASSED] - click(findTestObject("Object Repository/Page_Dashboard/span_Site home")): Object: 'Object Repository/Page_Dashboard/span_Site home' is clicked on

2022-01-12 22:11:29 - [MESSAGE][PASSED] - Object: 'Object Repository/Page_Dashboard/span_Site home' is clicked on

2022-01-12 22:11:29 - [TEST_STEP][PASSED] - navigateToUrl("http://localhost/?redirect=0"): Navigate to 'http://localhost/?redirect=0' successfully

2022-01-12 22:11:30 - [MESSAGE][PASSED] - Navigate to 'http://localhost/?redirect=0' successfully

2022-01-12 22:11:30 - [TEST_STEP][PASSED] - click(findTestObject("Object Repository/Page_My Moodle/a_Phn tch v qun l yu cu phn mm")): Object: 'Object Repository/Page_My Moodle/a_Phn tch v qun l yu cu phn mm' is clicked on

2022-01-12 22:11:31 - [MESSAGE][PASSED] - Object: 'Object Repository/Page_My Moodle/a_Phn tch v qun l yu cu phn mm' is clicked on

2022-01-12 22:11:31 - [TEST_STEP][PASSED] - click(findTestObject("Object Repository/Page_Course Phn tch v qun l yu cu phn mm/button_Turn editing on")): Object: 'Object Repository/Page_Course Phn tch v qun l yu cu phn mm/button_Turn editing on' is clicked on

2022-01-12 22:11:32 - [MESSAGE][PASSED] - Object: 'Object Repository/Page_Course Phn tch v qun l yu cu phn mm/button_Turn editing on' is clicked on

2022-01-12 22:11:32 - [TEST_STEP][PASSED] - click(findTestObject("Object Repository/Page_Course Phn tch v qun l yu cu phn mm/span_Add an activity or resource")): Object: 'Object Repository/Page_Course Phn tch v qun l yu cu phn mm/span_Add an activity or resource' is clicked on

2022-01-12 22:11:33 - [MESSAGE][PASSED] - Object: 'Object Repository/Page_Course Phn tch v qun l yu cu phn mm/span_Add an activity or resource' is clicked on

2022-01-12 22:11:33 - [TEST_STEP][PASSED] - click(findTestObject("Object Repository/Page_Course Phn tch v qun l yu cu phn mm/img_Information about the Feedback activity_193521")): Object: 'Object Repository/Page_Course Phn tch v qun l yu cu phn mm/img_Information about the Feedback activity_193521' is clicked on

2022-01-12 22:11:35 - [MESSAGE][PASSED] - Object: 'Object Repository/Page_Course Phn tch v qun l yu cu phn mm/img_Information about the Feedback activity_193521' is clicked on

2022-01-12 22:11:35 - [TEST_STEP][PASSED] - setText(findTestObject("Object Repository/Page_Editing File/input_Name_name"), "Document #1"): Text 'Document #1' is set on object 'Object Repository/Page_Editing File/input_Name_name'

2022-01-12 22:11:36 - [MESSAGE][PASSED] - Text 'Document #1' is set on object 'Object Repository/Page_Editing File/input_Name_name'

2022-01-12 22:11:36 - [TEST_STEP][PASSED] - click(findTestObject("Object Repository/Page_Editing File/a_- drag and drop not supported_yui_3_17_2__e13c54")): Object: 'Object Repository/Page_Editing File/a_- drag and drop not supported_yui_3_17_2__e13c54' is clicked on

2022-01-12 22:11:37 - [MESSAGE][PASSED] - Object: 'Object Repository/Page_Editing File/a_- drag and drop not supported_yui_3_17_2__e13c54' is clicked on

2022-01-12 22:11:37 - [TEST_STEP][PASSED] - click(findTestObject("Object Repository/Page_Editing File/a_csv")): Object: 'Object Repository/Page_Editing File/a_csv' is clicked on

2022-01-12 22:11:38 - [MESSAGE][PASSED] - Object: 'Object Repository/Page_Editing File/a_csv' is clicked on

2022-01-12 22:11:38 - [TEST_STEP][PASSED] - click(findTestObject("Object Repository/Page_Editing File/div_Search repository_yui_3_17_2_1_16416105_4c72fb")): Object: 'Object Repository/Page_Editing File/div_Search repository_yui_3_17_2_1_16416105_4c72fb' is clicked on

2022-01-12 22:11:39 - [MESSAGE][PASSED] - Object: 'Object Repository/Page_Editing File/div_Search repository_yui_3_17_2_1_16416105_4c72fb' is clicked on

2022-01-12 22:11:39 - [TEST_STEP][PASSED] - click(findTestObject("Object Repository/Page_Editing File/button_Select this file")): Object: 'Object Repository/Page_Editing File/button_Select this file' is clicked on

2022-01-12 22:11:39 - [MESSAGE][PASSED] - Object: 'Object Repository/Page_Editing File/button_Select this file' is clicked on

2022-01-12 22:11:39 - [TEST_STEP][PASSED] - click(findTestObject("Object Repository/Page_Editing File/input_Upon activity completion_submitbutton2")): Object: 'Object Repository/Page_Editing File/input_Upon activity completion_submitbutton2' is clicked on

2022-01-12 22:11:40 - [MESSAGE][PASSED] - Object: 'Object Repository/Page_Editing File/input_Upon activity completion_submitbutton2' is clicked on

2022-01-12 22:11:40 - [TEST_STEP][PASSED] - click(findTestObject("Object Repository/Page_Course Phn tch v qun l yu cu phn mm/div_Topic outline                          _a66451")): Object: 'Object Repository/Page_Course Phn tch v qun l yu cu phn mm/div_Topic outline                          _a66451' is clicked on

2022-01-12 22:11:41 - [MESSAGE][PASSED] - Object: 'Object Repository/Page_Course Phn tch v qun l yu cu phn mm/div_Topic outline                          _a66451' is clicked on

2022-01-12 22:11:41 - [TEST_STEP][PASSED] - click(findTestObject("Object Repository/Page_Course Phn tch v qun l yu cu phn mm/span_Document 1 File")): Object: 'Object Repository/Page_Course Phn tch v qun l yu cu phn mm/span_Document 1 File' is clicked on

2022-01-12 22:11:42 - [MESSAGE][PASSED] - Object: 'Object Repository/Page_Course Phn tch v qun l yu cu phn mm/span_Document 1 File' is clicked on]]></system-out>
         <system-err><![CDATA[]]></system-err>
      </testcase>
      <testcase name="Test Cases/Teacher change type of assignment" time="18.254" classname="Test Cases/Teacher change type of assignment" status="PASSED">
         <system-out><![CDATA[2022-01-12 22:11:42 - [TEST_CASE][PASSED] - Test Cases/Teacher change type of assignment: Test Cases/Teacher change type of assignment

2022-01-12 22:11:43 - [TEST_STEP][PASSED] - callTestCase(findTestCase("Login as user (teacher)"), [:], STOP_ON_FAILURE): Call Test Case 'Test Cases/Login as user (teacher)' successfully

2022-01-12 22:11:43 - [TEST_CASE][PASSED] - Test Cases/Login as user (teacher): Test Cases/Login as user (teacher)

2022-01-12 22:11:43 - [TEST_STEP][PASSED] - openBrowser(""): Browser is opened with url: ''

2022-01-12 22:11:43 - [MESSAGE][WARNING] - A browser is already opened. Closing browser and opening a new one

2022-01-12 22:11:44 - [MESSAGE][INFO] - Starting 'Edge Chromium' driver

2022-01-12 22:11:46 - [MESSAGE][INFO] - Action delay is set to 0 milliseconds

2022-01-12 22:11:47 - [MESSAGE][PASSED] - Browser is opened with url: ''

2022-01-12 22:11:47 - [TEST_STEP][PASSED] - maximizeWindow(): Current window maximized

2022-01-12 22:11:47 - [MESSAGE][PASSED] - Current window maximized

2022-01-12 22:11:47 - [TEST_STEP][PASSED] - navigateToUrl("http://localhost/"): Navigate to 'http://localhost/' successfully

2022-01-12 22:11:48 - [MESSAGE][PASSED] - Navigate to 'http://localhost/' successfully

2022-01-12 22:11:48 - [TEST_STEP][PASSED] - click(findTestObject("Object Repository/Page_My Moodle/a_Log in")): Object: 'Object Repository/Page_My Moodle/a_Log in' is clicked on

2022-01-12 22:11:49 - [MESSAGE][PASSED] - Object: 'Object Repository/Page_My Moodle/a_Log in' is clicked on

2022-01-12 22:11:49 - [TEST_STEP][PASSED] - setText(findTestObject("Object Repository/Page_My Moodle Log in to the site/input_Username_username"), "teacher"): Text 'teacher' is set on object 'Object Repository/Page_My Moodle Log in to the site/input_Username_username'

2022-01-12 22:11:50 - [MESSAGE][PASSED] - Text 'teacher' is set on object 'Object Repository/Page_My Moodle Log in to the site/input_Username_username'

2022-01-12 22:11:50 - [TEST_STEP][PASSED] - setEncryptedText(findTestObject("Object Repository/Page_My Moodle Log in to the site/input_Password_password"), "3fJEwIvstDDnFTEIk7299A=="): Text ****** has been set on object 'Object Repository/Page_My Moodle Log in to the site/input_Password_password'

2022-01-12 22:11:50 - [MESSAGE][PASSED] - Text ****** has been set on object 'Object Repository/Page_My Moodle Log in to the site/input_Password_password'

2022-01-12 22:11:50 - [TEST_STEP][PASSED] - click(findTestObject("Object Repository/Page_My Moodle Log in to the site/button_Log in")): Object: 'Object Repository/Page_My Moodle Log in to the site/button_Log in' is clicked on

2022-01-12 22:11:51 - [MESSAGE][PASSED] - Object: 'Object Repository/Page_My Moodle Log in to the site/button_Log in' is clicked on

2022-01-12 22:11:51 - [MESSAGE][PASSED] - Call Test Case 'Test Cases/Login as user (teacher)' successfully

2022-01-12 22:11:51 - [TEST_STEP][PASSED] - click(findTestObject("Object Repository/Page_Dashboard/span_Site home")): Object: 'Object Repository/Page_Dashboard/span_Site home' is clicked on

2022-01-12 22:11:53 - [MESSAGE][PASSED] - Object: 'Object Repository/Page_Dashboard/span_Site home' is clicked on

2022-01-12 22:11:53 - [TEST_STEP][PASSED] - navigateToUrl("http://localhost/?redirect=0"): Navigate to 'http://localhost/?redirect=0' successfully

2022-01-12 22:11:53 - [MESSAGE][PASSED] - Navigate to 'http://localhost/?redirect=0' successfully

2022-01-12 22:11:53 - [TEST_STEP][PASSED] - click(findTestObject("Object Repository/Page_My Moodle/a_Phn tch v qun l yu cu phn mm")): Object: 'Object Repository/Page_My Moodle/a_Phn tch v qun l yu cu phn mm' is clicked on

2022-01-12 22:11:54 - [MESSAGE][PASSED] - Object: 'Object Repository/Page_My Moodle/a_Phn tch v qun l yu cu phn mm' is clicked on

2022-01-12 22:11:54 - [TEST_STEP][PASSED] - click(findTestObject("Object Repository/Page_Course Phn tch v qun l yu cu phn mm/button_Turn editing on")): Object: 'Object Repository/Page_Course Phn tch v qun l yu cu phn mm/button_Turn editing on' is clicked on

2022-01-12 22:11:55 - [MESSAGE][PASSED] - Object: 'Object Repository/Page_Course Phn tch v qun l yu cu phn mm/button_Turn editing on' is clicked on

2022-01-12 22:11:55 - [TEST_STEP][PASSED] - click(findTestObject("Page_Course Thit k phn mm/a_Edit (1)")): Object: 'Object Repository/Page_Course Thit k phn mm/a_Edit (1)' is clicked on

2022-01-12 22:11:56 - [MESSAGE][PASSED] - Object: 'Object Repository/Page_Course Thit k phn mm/a_Edit (1)' is clicked on

2022-01-12 22:11:56 - [TEST_STEP][PASSED] - click(findTestObject("Page_Course Thit k phn mm/span_Edit settings (1)")): Object: 'Object Repository/Page_Course Thit k phn mm/span_Edit settings (1)' is clicked on

2022-01-12 22:11:58 - [MESSAGE][PASSED] - Object: 'Object Repository/Page_Course Thit k phn mm/span_Edit settings (1)' is clicked on

2022-01-12 22:11:58 - [TEST_STEP][PASSED] - click(findTestObject("Object Repository/Page_Editing Assignment/input_Online text_assignsubmission_onlinete_900d47")): Object: 'Object Repository/Page_Editing Assignment/input_Online text_assignsubmission_onlinete_900d47' is clicked on

2022-01-12 22:11:59 - [MESSAGE][PASSED] - Object: 'Object Repository/Page_Editing Assignment/input_Online text_assignsubmission_onlinete_900d47' is clicked on

2022-01-12 22:11:59 - [TEST_STEP][PASSED] - click(findTestObject("Object Repository/Page_Editing Assignment/input_Enable_assignsubmission_onlinetext_wo_0d4c71")): Object: 'Object Repository/Page_Editing Assignment/input_Enable_assignsubmission_onlinetext_wo_0d4c71' is clicked on

2022-01-12 22:11:59 - [MESSAGE][PASSED] - Object: 'Object Repository/Page_Editing Assignment/input_Enable_assignsubmission_onlinetext_wo_0d4c71' is clicked on

2022-01-12 22:11:59 - [TEST_STEP][PASSED] - click(findTestObject("Object Repository/Page_Editing Assignment/input_Upon activity completion_submitbutton2")): Object: 'Object Repository/Page_Editing Assignment/input_Upon activity completion_submitbutton2' is clicked on

2022-01-12 22:12:01 - [MESSAGE][PASSED] - Object: 'Object Repository/Page_Editing Assignment/input_Upon activity completion_submitbutton2' is clicked on]]></system-out>
         <system-err><![CDATA[]]></system-err>
      </testcase>
      <testcase name="Test Cases/Student view recently event" time="42.583" classname="Test Cases/Student view recently event" status="FAILED">
         <failure type="FAILED" message="Test Cases/Student view recently event FAILED.
Reason:
com.kms.katalon.core.exception.StepFailedException: Unable to click on object 'Object Repository/Page_Dashboard/a_Phn tch v qun l yu cu phn mm'
	at com.kms.katalon.core.webui.keyword.internal.WebUIKeywordMain.stepFailed(WebUIKeywordMain.groovy:64)
	at com.kms.katalon.core.webui.keyword.internal.WebUIKeywordMain.runKeyword(WebUIKeywordMain.groovy:26)
	at com.kms.katalon.core.webui.keyword.builtin.ClickKeyword.click(ClickKeyword.groovy:74)
	at com.kms.katalon.core.webui.keyword.builtin.ClickKeyword.execute(ClickKeyword.groovy:40)
	at com.kms.katalon.core.keyword.internal.KeywordExecutor.executeKeywordForPlatform(KeywordExecutor.groovy:74)
	at com.kms.katalon.core.webui.keyword.WebUiBuiltInKeywords.click(WebUiBuiltInKeywords.groovy:620)
	at com.kms.katalon.core.webui.keyword.WebUiBuiltInKeywords$click$1.call(Unknown Source)
	at Student view recently event.run(Student view recently event:24)
	at com.kms.katalon.core.main.ScriptEngine.run(ScriptEngine.java:194)
	at com.kms.katalon.core.main.ScriptEngine.runScriptAsRawText(ScriptEngine.java:119)
	at com.kms.katalon.core.main.TestCaseExecutor.runScript(TestCaseExecutor.java:442)
	at com.kms.katalon.core.main.TestCaseExecutor.doExecute(TestCaseExecutor.java:433)
	at com.kms.katalon.core.main.TestCaseExecutor.processExecutionPhase(TestCaseExecutor.java:412)
	at com.kms.katalon.core.main.TestCaseExecutor.accessMainPhase(TestCaseExecutor.java:404)
	at com.kms.katalon.core.main.TestCaseExecutor.execute(TestCaseExecutor.java:281)
	at com.kms.katalon.core.main.TestSuiteExecutor.accessTestCaseMainPhase(TestSuiteExecutor.java:202)
	at com.kms.katalon.core.main.TestSuiteExecutor.accessTestSuiteMainPhase(TestSuiteExecutor.java:164)
	at com.kms.katalon.core.main.TestSuiteExecutor.execute(TestSuiteExecutor.java:105)
	at com.kms.katalon.core.main.TestCaseMain.startTestSuite(TestCaseMain.java:181)
	at com.kms.katalon.core.main.TestCaseMain$startTestSuite$0.call(Unknown Source)
	at TempTestSuite1641999428088.run(TempTestSuite1641999428088.groovy:36)
Caused by: com.kms.katalon.core.webui.exception.WebElementNotFoundException: Web element with id: 'Object Repository/Page_Dashboard/a_Phn tch v qun l yu cu phn mm' located by '(.//*[normalize-space(text()) and normalize-space(.)='Course event'])[1]/following::a[1]' not found
	at com.kms.katalon.core.webui.common.WebUiCommonHelper.findWebElement(WebUiCommonHelper.java:1368)
	at com.kms.katalon.core.webui.keyword.internal.WebUIAbstractKeyword.findWebElement(WebUIAbstractKeyword.groovy:27)
	at com.kms.katalon.core.webui.keyword.builtin.ClickKeyword$_click_closure1.doCall(ClickKeyword.groovy:65)
	at com.kms.katalon.core.webui.keyword.builtin.ClickKeyword$_click_closure1.call(ClickKeyword.groovy)
	at com.kms.katalon.core.webui.keyword.internal.WebUIKeywordMain.runKeyword(WebUIKeywordMain.groovy:20)
	... 19 more
"/>
         <system-out><![CDATA[2022-01-12 22:12:01 - [TEST_CASE][FAILED] - Test Cases/Student view recently event: Test Cases/Student view recently event FAILED.
Reason:
com.kms.katalon.core.exception.StepFailedException: Unable to click on object 'Object Repository/Page_Dashboard/a_Phn tch v qun l yu cu phn mm'
	at com.kms.katalon.core.webui.keyword.internal.WebUIKeywordMain.stepFailed(WebUIKeywordMain.groovy:64)
	at com.kms.katalon.core.webui.keyword.internal.WebUIKeywordMain.runKeyword(WebUIKeywordMain.groovy:26)
	at com.kms.katalon.core.webui.keyword.builtin.ClickKeyword.click(ClickKeyword.groovy:74)
	at com.kms.katalon.core.webui.keyword.builtin.ClickKeyword.execute(ClickKeyword.groovy:40)
	at com.kms.katalon.core.keyword.internal.KeywordExecutor.executeKeywordForPlatform(KeywordExecutor.groovy:74)
	at com.kms.katalon.core.webui.keyword.WebUiBuiltInKeywords.click(WebUiBuiltInKeywords.groovy:620)
	at com.kms.katalon.core.webui.keyword.WebUiBuiltInKeywords$click$1.call(Unknown Source)
	at Student view recently event.run(Student view recently event:24)
	at com.kms.katalon.core.main.ScriptEngine.run(ScriptEngine.java:194)
	at com.kms.katalon.core.main.ScriptEngine.runScriptAsRawText(ScriptEngine.java:119)
	at com.kms.katalon.core.main.TestCaseExecutor.runScript(TestCaseExecutor.java:442)
	at com.kms.katalon.core.main.TestCaseExecutor.doExecute(TestCaseExecutor.java:433)
	at com.kms.katalon.core.main.TestCaseExecutor.processExecutionPhase(TestCaseExecutor.java:412)
	at com.kms.katalon.core.main.TestCaseExecutor.accessMainPhase(TestCaseExecutor.java:404)
	at com.kms.katalon.core.main.TestCaseExecutor.execute(TestCaseExecutor.java:281)
	at com.kms.katalon.core.main.TestSuiteExecutor.accessTestCaseMainPhase(TestSuiteExecutor.java:202)
	at com.kms.katalon.core.main.TestSuiteExecutor.accessTestSuiteMainPhase(TestSuiteExecutor.java:164)
	at com.kms.katalon.core.main.TestSuiteExecutor.execute(TestSuiteExecutor.java:105)
	at com.kms.katalon.core.main.TestCaseMain.startTestSuite(TestCaseMain.java:181)
	at com.kms.katalon.core.main.TestCaseMain$startTestSuite$0.call(Unknown Source)
	at TempTestSuite1641999428088.run(TempTestSuite1641999428088.groovy:36)
Caused by: com.kms.katalon.core.webui.exception.WebElementNotFoundException: Web element with id: 'Object Repository/Page_Dashboard/a_Phn tch v qun l yu cu phn mm' located by '(.//*[normalize-space(text()) and normalize-space(.)='Course event'])[1]/following::a[1]' not found
	at com.kms.katalon.core.webui.common.WebUiCommonHelper.findWebElement(WebUiCommonHelper.java:1368)
	at com.kms.katalon.core.webui.keyword.internal.WebUIAbstractKeyword.findWebElement(WebUIAbstractKeyword.groovy:27)
	at com.kms.katalon.core.webui.keyword.builtin.ClickKeyword$_click_closure1.doCall(ClickKeyword.groovy:65)
	at com.kms.katalon.core.webui.keyword.builtin.ClickKeyword$_click_closure1.call(ClickKeyword.groovy)
	at com.kms.katalon.core.webui.keyword.internal.WebUIKeywordMain.runKeyword(WebUIKeywordMain.groovy:20)
	... 19 more


2022-01-12 22:12:01 - [TEST_STEP][PASSED] - callTestCase(findTestCase("Login as user (student)"), [:], STOP_ON_FAILURE): Call Test Case 'Test Cases/Login as user (student)' successfully

2022-01-12 22:12:01 - [TEST_CASE][PASSED] - Test Cases/Login as user (student): Test Cases/Login as user (student)

2022-01-12 22:12:01 - [TEST_STEP][PASSED] - openBrowser(""): Browser is opened with url: ''

2022-01-12 22:12:01 - [MESSAGE][WARNING] - A browser is already opened. Closing browser and opening a new one

2022-01-12 22:12:02 - [MESSAGE][INFO] - Starting 'Edge Chromium' driver

2022-01-12 22:12:04 - [MESSAGE][INFO] - Action delay is set to 0 milliseconds

2022-01-12 22:12:06 - [MESSAGE][PASSED] - Browser is opened with url: ''

2022-01-12 22:12:06 - [TEST_STEP][PASSED] - maximizeWindow(): Current window maximized

2022-01-12 22:12:06 - [MESSAGE][PASSED] - Current window maximized

2022-01-12 22:12:06 - [TEST_STEP][PASSED] - navigateToUrl("http://localhost/"): Navigate to 'http://localhost/' successfully

2022-01-12 22:12:06 - [MESSAGE][PASSED] - Navigate to 'http://localhost/' successfully

2022-01-12 22:12:06 - [TEST_STEP][PASSED] - click(findTestObject("Object Repository/Page_My Moodle/a_Log in")): Object: 'Object Repository/Page_My Moodle/a_Log in' is clicked on

2022-01-12 22:12:07 - [MESSAGE][PASSED] - Object: 'Object Repository/Page_My Moodle/a_Log in' is clicked on

2022-01-12 22:12:07 - [TEST_STEP][PASSED] - setText(findTestObject("Object Repository/Page_My Moodle Log in to the site/input_Username_username"), "student"): Text 'student' is set on object 'Object Repository/Page_My Moodle Log in to the site/input_Username_username'

2022-01-12 22:12:08 - [MESSAGE][PASSED] - Text 'student' is set on object 'Object Repository/Page_My Moodle Log in to the site/input_Username_username'

2022-01-12 22:12:08 - [TEST_STEP][PASSED] - setEncryptedText(findTestObject("Object Repository/Page_My Moodle Log in to the site/input_Password_password"), "3t5OwH/+bwwlEvOXGw7/rg=="): Text ****** has been set on object 'Object Repository/Page_My Moodle Log in to the site/input_Password_password'

2022-01-12 22:12:08 - [MESSAGE][PASSED] - Text ****** has been set on object 'Object Repository/Page_My Moodle Log in to the site/input_Password_password'

2022-01-12 22:12:08 - [TEST_STEP][PASSED] - click(findTestObject("Object Repository/Page_My Moodle Log in to the site/button_Log in")): Object: 'Object Repository/Page_My Moodle Log in to the site/button_Log in' is clicked on

2022-01-12 22:12:10 - [MESSAGE][PASSED] - Object: 'Object Repository/Page_My Moodle Log in to the site/button_Log in' is clicked on

2022-01-12 22:12:10 - [MESSAGE][PASSED] - Call Test Case 'Test Cases/Login as user (student)' successfully

2022-01-12 22:12:10 - [TEST_STEP][PASSED] - click(findTestObject("Object Repository/Page_Dashboard/a_Assignment 1 is due")): Object: 'Object Repository/Page_Dashboard/a_Assignment 1 is due' is clicked on

2022-01-12 22:12:12 - [MESSAGE][PASSED] - Object: 'Object Repository/Page_Dashboard/a_Assignment 1 is due' is clicked on

2022-01-12 22:12:12 - [TEST_STEP][FAILED] - click(findTestObject("Object Repository/Page_Dashboard/a_Phn tch v qun l yu cu phn mm")): Unable to click on object 'Object Repository/Page_Dashboard/a_Phn tch v qun l yu cu phn mm' (Root cause: com.kms.katalon.core.exception.StepFailedException: Unable to click on object 'Object Repository/Page_Dashboard/a_Phn tch v qun l yu cu phn mm'
	at com.kms.katalon.core.webui.keyword.internal.WebUIKeywordMain.stepFailed(WebUIKeywordMain.groovy:64)
	at com.kms.katalon.core.webui.keyword.internal.WebUIKeywordMain.runKeyword(WebUIKeywordMain.groovy:26)
	at com.kms.katalon.core.webui.keyword.builtin.ClickKeyword.click(ClickKeyword.groovy:74)
	at com.kms.katalon.core.webui.keyword.builtin.ClickKeyword.execute(ClickKeyword.groovy:40)
	at com.kms.katalon.core.keyword.internal.KeywordExecutor.executeKeywordForPlatform(KeywordExecutor.groovy:74)
	at com.kms.katalon.core.webui.keyword.WebUiBuiltInKeywords.click(WebUiBuiltInKeywords.groovy:620)
	at com.kms.katalon.core.webui.keyword.WebUiBuiltInKeywords$click$1.call(Unknown Source)
	at Student view recently event.run(Student view recently event:24)
	at com.kms.katalon.core.main.ScriptEngine.run(ScriptEngine.java:194)
	at com.kms.katalon.core.main.ScriptEngine.runScriptAsRawText(ScriptEngine.java:119)
	at com.kms.katalon.core.main.TestCaseExecutor.runScript(TestCaseExecutor.java:442)
	at com.kms.katalon.core.main.TestCaseExecutor.doExecute(TestCaseExecutor.java:433)
	at com.kms.katalon.core.main.TestCaseExecutor.processExecutionPhase(TestCaseExecutor.java:412)
	at com.kms.katalon.core.main.TestCaseExecutor.accessMainPhase(TestCaseExecutor.java:404)
	at com.kms.katalon.core.main.TestCaseExecutor.execute(TestCaseExecutor.java:281)
	at com.kms.katalon.core.main.TestSuiteExecutor.accessTestCaseMainPhase(TestSuiteExecutor.java:202)
	at com.kms.katalon.core.main.TestSuiteExecutor.accessTestSuiteMainPhase(TestSuiteExecutor.java:164)
	at com.kms.katalon.core.main.TestSuiteExecutor.execute(TestSuiteExecutor.java:105)
	at com.kms.katalon.core.main.TestCaseMain.startTestSuite(TestCaseMain.java:181)
	at com.kms.katalon.core.main.TestCaseMain$startTestSuite$0.call(Unknown Source)
	at TempTestSuite1641999428088.run(TempTestSuite1641999428088.groovy:36)
Caused by: com.kms.katalon.core.webui.exception.WebElementNotFoundException: Web element with id: 'Object Repository/Page_Dashboard/a_Phn tch v qun l yu cu phn mm' located by '(.//*[normalize-space(text()) and normalize-space(.)='Course event'])[1]/following::a[1]' not found
	at com.kms.katalon.core.webui.common.WebUiCommonHelper.findWebElement(WebUiCommonHelper.java:1368)
	at com.kms.katalon.core.webui.keyword.internal.WebUIAbstractKeyword.findWebElement(WebUIAbstractKeyword.groovy:27)
	at com.kms.katalon.core.webui.keyword.builtin.ClickKeyword$_click_closure1.doCall(ClickKeyword.groovy:65)
	at com.kms.katalon.core.webui.keyword.builtin.ClickKeyword$_click_closure1.call(ClickKeyword.groovy)
	at com.kms.katalon.core.webui.keyword.internal.WebUIKeywordMain.runKeyword(WebUIKeywordMain.groovy:20)
	at com.kms.katalon.core.webui.keyword.builtin.ClickKeyword.click(ClickKeyword.groovy:74)
	at com.kms.katalon.core.webui.keyword.builtin.ClickKeyword.execute(ClickKeyword.groovy:40)
	at com.kms.katalon.core.keyword.internal.KeywordExecutor.executeKeywordForPlatform(KeywordExecutor.groovy:74)
	at com.kms.katalon.core.webui.keyword.WebUiBuiltInKeywords.click(WebUiBuiltInKeywords.groovy:620)
	at com.kms.katalon.core.webui.keyword.WebUiBuiltInKeywords$click$1.call(Unknown Source)
	at Script1641737062137.run(Script1641737062137.groovy:24)
	... 13 more
)

2022-01-12 22:12:43 - [MESSAGE][INFO] - Unable to find the element located by 'By.xpath: (.//*[normalize-space(text()) and normalize-space(.)='Course event'])[1]/following::a[1]'. Please recheck the objects properties to make sure the desired element is located. 

2022-01-12 22:12:43 - [MESSAGE][FAILED] - Unable to click on object 'Object Repository/Page_Dashboard/a_Phn tch v qun l yu cu phn mm' (Root cause: com.kms.katalon.core.exception.StepFailedException: Unable to click on object 'Object Repository/Page_Dashboard/a_Phn tch v qun l yu cu phn mm'
	at com.kms.katalon.core.webui.keyword.internal.WebUIKeywordMain.stepFailed(WebUIKeywordMain.groovy:64)
	at com.kms.katalon.core.webui.keyword.internal.WebUIKeywordMain.runKeyword(WebUIKeywordMain.groovy:26)
	at com.kms.katalon.core.webui.keyword.builtin.ClickKeyword.click(ClickKeyword.groovy:74)
	at com.kms.katalon.core.webui.keyword.builtin.ClickKeyword.execute(ClickKeyword.groovy:40)
	at com.kms.katalon.core.keyword.internal.KeywordExecutor.executeKeywordForPlatform(KeywordExecutor.groovy:74)
	at com.kms.katalon.core.webui.keyword.WebUiBuiltInKeywords.click(WebUiBuiltInKeywords.groovy:620)
	at com.kms.katalon.core.webui.keyword.WebUiBuiltInKeywords$click$1.call(Unknown Source)
	at Student view recently event.run(Student view recently event:24)
	at com.kms.katalon.core.main.ScriptEngine.run(ScriptEngine.java:194)
	at com.kms.katalon.core.main.ScriptEngine.runScriptAsRawText(ScriptEngine.java:119)
	at com.kms.katalon.core.main.TestCaseExecutor.runScript(TestCaseExecutor.java:442)
	at com.kms.katalon.core.main.TestCaseExecutor.doExecute(TestCaseExecutor.java:433)
	at com.kms.katalon.core.main.TestCaseExecutor.processExecutionPhase(TestCaseExecutor.java:412)
	at com.kms.katalon.core.main.TestCaseExecutor.accessMainPhase(TestCaseExecutor.java:404)
	at com.kms.katalon.core.main.TestCaseExecutor.execute(TestCaseExecutor.java:281)
	at com.kms.katalon.core.main.TestSuiteExecutor.accessTestCaseMainPhase(TestSuiteExecutor.java:202)
	at com.kms.katalon.core.main.TestSuiteExecutor.accessTestSuiteMainPhase(TestSuiteExecutor.java:164)
	at com.kms.katalon.core.main.TestSuiteExecutor.execute(TestSuiteExecutor.java:105)
	at com.kms.katalon.core.main.TestCaseMain.startTestSuite(TestCaseMain.java:181)
	at com.kms.katalon.core.main.TestCaseMain$startTestSuite$0.call(Unknown Source)
	at TempTestSuite1641999428088.run(TempTestSuite1641999428088.groovy:36)
Caused by: com.kms.katalon.core.webui.exception.WebElementNotFoundException: Web element with id: 'Object Repository/Page_Dashboard/a_Phn tch v qun l yu cu phn mm' located by '(.//*[normalize-space(text()) and normalize-space(.)='Course event'])[1]/following::a[1]' not found
	at com.kms.katalon.core.webui.common.WebUiCommonHelper.findWebElement(WebUiCommonHelper.java:1368)
	at com.kms.katalon.core.webui.keyword.internal.WebUIAbstractKeyword.findWebElement(WebUIAbstractKeyword.groovy:27)
	at com.kms.katalon.core.webui.keyword.builtin.ClickKeyword$_click_closure1.doCall(ClickKeyword.groovy:65)
	at com.kms.katalon.core.webui.keyword.builtin.ClickKeyword$_click_closure1.call(ClickKeyword.groovy)
	at com.kms.katalon.core.webui.keyword.internal.WebUIKeywordMain.runKeyword(WebUIKeywordMain.groovy:20)
	at com.kms.katalon.core.webui.keyword.builtin.ClickKeyword.click(ClickKeyword.groovy:74)
	at com.kms.katalon.core.webui.keyword.builtin.ClickKeyword.execute(ClickKeyword.groovy:40)
	at com.kms.katalon.core.keyword.internal.KeywordExecutor.executeKeywordForPlatform(KeywordExecutor.groovy:74)
	at com.kms.katalon.core.webui.keyword.WebUiBuiltInKeywords.click(WebUiBuiltInKeywords.groovy:620)
	at com.kms.katalon.core.webui.keyword.WebUiBuiltInKeywords$click$1.call(Unknown Source)
	at Script1641737062137.run(Script1641737062137.groovy:24)
	... 13 more
)
[[ATTACHMENT|D:\\Test-Automation---SE-Bonus\\Reports\\20220112_215708\\Run all test cases\\20220112_215708\\1642000363442.png]]]]></system-out>
         <system-err><![CDATA[2022-01-12 22:12:01 - [TEST_CASE][FAILED] - Test Cases/Student view recently event: Test Cases/Student view recently event FAILED.
Reason:
com.kms.katalon.core.exception.StepFailedException: Unable to click on object 'Object Repository/Page_Dashboard/a_Phn tch v qun l yu cu phn mm'
	at com.kms.katalon.core.webui.keyword.internal.WebUIKeywordMain.stepFailed(WebUIKeywordMain.groovy:64)
	at com.kms.katalon.core.webui.keyword.internal.WebUIKeywordMain.runKeyword(WebUIKeywordMain.groovy:26)
	at com.kms.katalon.core.webui.keyword.builtin.ClickKeyword.click(ClickKeyword.groovy:74)
	at com.kms.katalon.core.webui.keyword.builtin.ClickKeyword.execute(ClickKeyword.groovy:40)
	at com.kms.katalon.core.keyword.internal.KeywordExecutor.executeKeywordForPlatform(KeywordExecutor.groovy:74)
	at com.kms.katalon.core.webui.keyword.WebUiBuiltInKeywords.click(WebUiBuiltInKeywords.groovy:620)
	at com.kms.katalon.core.webui.keyword.WebUiBuiltInKeywords$click$1.call(Unknown Source)
	at Student view recently event.run(Student view recently event:24)
	at com.kms.katalon.core.main.ScriptEngine.run(ScriptEngine.java:194)
	at com.kms.katalon.core.main.ScriptEngine.runScriptAsRawText(ScriptEngine.java:119)
	at com.kms.katalon.core.main.TestCaseExecutor.runScript(TestCaseExecutor.java:442)
	at com.kms.katalon.core.main.TestCaseExecutor.doExecute(TestCaseExecutor.java:433)
	at com.kms.katalon.core.main.TestCaseExecutor.processExecutionPhase(TestCaseExecutor.java:412)
	at com.kms.katalon.core.main.TestCaseExecutor.accessMainPhase(TestCaseExecutor.java:404)
	at com.kms.katalon.core.main.TestCaseExecutor.execute(TestCaseExecutor.java:281)
	at com.kms.katalon.core.main.TestSuiteExecutor.accessTestCaseMainPhase(TestSuiteExecutor.java:202)
	at com.kms.katalon.core.main.TestSuiteExecutor.accessTestSuiteMainPhase(TestSuiteExecutor.java:164)
	at com.kms.katalon.core.main.TestSuiteExecutor.execute(TestSuiteExecutor.java:105)
	at com.kms.katalon.core.main.TestCaseMain.startTestSuite(TestCaseMain.java:181)
	at com.kms.katalon.core.main.TestCaseMain$startTestSuite$0.call(Unknown Source)
	at TempTestSuite1641999428088.run(TempTestSuite1641999428088.groovy:36)
Caused by: com.kms.katalon.core.webui.exception.WebElementNotFoundException: Web element with id: 'Object Repository/Page_Dashboard/a_Phn tch v qun l yu cu phn mm' located by '(.//*[normalize-space(text()) and normalize-space(.)='Course event'])[1]/following::a[1]' not found
	at com.kms.katalon.core.webui.common.WebUiCommonHelper.findWebElement(WebUiCommonHelper.java:1368)
	at com.kms.katalon.core.webui.keyword.internal.WebUIAbstractKeyword.findWebElement(WebUIAbstractKeyword.groovy:27)
	at com.kms.katalon.core.webui.keyword.builtin.ClickKeyword$_click_closure1.doCall(ClickKeyword.groovy:65)
	at com.kms.katalon.core.webui.keyword.builtin.ClickKeyword$_click_closure1.call(ClickKeyword.groovy)
	at com.kms.katalon.core.webui.keyword.internal.WebUIKeywordMain.runKeyword(WebUIKeywordMain.groovy:20)
	... 19 more]]></system-err>
      </testcase>
      <testcase name="Test Cases/Student submit assignment" time="46.903" classname="Test Cases/Student submit assignment" status="FAILED">
         <failure type="FAILED" message="Test Cases/Student submit assignment FAILED.
Reason:
com.kms.katalon.core.exception.StepFailedException: Unable to click on object 'Object Repository/Page_Course Thit k phn mm/span_Assignment with file'
	at com.kms.katalon.core.webui.keyword.internal.WebUIKeywordMain.stepFailed(WebUIKeywordMain.groovy:64)
	at com.kms.katalon.core.webui.keyword.internal.WebUIKeywordMain.runKeyword(WebUIKeywordMain.groovy:26)
	at com.kms.katalon.core.webui.keyword.builtin.ClickKeyword.click(ClickKeyword.groovy:74)
	at com.kms.katalon.core.webui.keyword.builtin.ClickKeyword.execute(ClickKeyword.groovy:40)
	at com.kms.katalon.core.keyword.internal.KeywordExecutor.executeKeywordForPlatform(KeywordExecutor.groovy:74)
	at com.kms.katalon.core.webui.keyword.WebUiBuiltInKeywords.click(WebUiBuiltInKeywords.groovy:620)
	at com.kms.katalon.core.webui.keyword.WebUiBuiltInKeywords$click$1.call(Unknown Source)
	at Student submit assignment.run(Student submit assignment:30)
	at com.kms.katalon.core.main.ScriptEngine.run(ScriptEngine.java:194)
	at com.kms.katalon.core.main.ScriptEngine.runScriptAsRawText(ScriptEngine.java:119)
	at com.kms.katalon.core.main.TestCaseExecutor.runScript(TestCaseExecutor.java:442)
	at com.kms.katalon.core.main.TestCaseExecutor.doExecute(TestCaseExecutor.java:433)
	at com.kms.katalon.core.main.TestCaseExecutor.processExecutionPhase(TestCaseExecutor.java:412)
	at com.kms.katalon.core.main.TestCaseExecutor.accessMainPhase(TestCaseExecutor.java:404)
	at com.kms.katalon.core.main.TestCaseExecutor.execute(TestCaseExecutor.java:281)
	at com.kms.katalon.core.main.TestSuiteExecutor.accessTestCaseMainPhase(TestSuiteExecutor.java:202)
	at com.kms.katalon.core.main.TestSuiteExecutor.accessTestSuiteMainPhase(TestSuiteExecutor.java:164)
	at com.kms.katalon.core.main.TestSuiteExecutor.execute(TestSuiteExecutor.java:105)
	at com.kms.katalon.core.main.TestCaseMain.startTestSuite(TestCaseMain.java:181)
	at com.kms.katalon.core.main.TestCaseMain$startTestSuite$0.call(Unknown Source)
	at TempTestSuite1641999428088.run(TempTestSuite1641999428088.groovy:36)
Caused by: com.kms.katalon.core.webui.exception.WebElementNotFoundException: Web element with id: 'Object Repository/Page_Course Thit k phn mm/span_Assignment with file' located by '//li[@id='module-5']/div/div/div[2]/div/a/span' not found
	at com.kms.katalon.core.webui.common.WebUiCommonHelper.findWebElement(WebUiCommonHelper.java:1368)
	at com.kms.katalon.core.webui.keyword.internal.WebUIAbstractKeyword.findWebElement(WebUIAbstractKeyword.groovy:27)
	at com.kms.katalon.core.webui.keyword.builtin.ClickKeyword$_click_closure1.doCall(ClickKeyword.groovy:65)
	at com.kms.katalon.core.webui.keyword.builtin.ClickKeyword$_click_closure1.call(ClickKeyword.groovy)
	at com.kms.katalon.core.webui.keyword.internal.WebUIKeywordMain.runKeyword(WebUIKeywordMain.groovy:20)
	... 19 more
"/>
         <system-out><![CDATA[2022-01-12 22:12:43 - [TEST_CASE][FAILED] - Test Cases/Student submit assignment: Test Cases/Student submit assignment FAILED.
Reason:
com.kms.katalon.core.exception.StepFailedException: Unable to click on object 'Object Repository/Page_Course Thit k phn mm/span_Assignment with file'
	at com.kms.katalon.core.webui.keyword.internal.WebUIKeywordMain.stepFailed(WebUIKeywordMain.groovy:64)
	at com.kms.katalon.core.webui.keyword.internal.WebUIKeywordMain.runKeyword(WebUIKeywordMain.groovy:26)
	at com.kms.katalon.core.webui.keyword.builtin.ClickKeyword.click(ClickKeyword.groovy:74)
	at com.kms.katalon.core.webui.keyword.builtin.ClickKeyword.execute(ClickKeyword.groovy:40)
	at com.kms.katalon.core.keyword.internal.KeywordExecutor.executeKeywordForPlatform(KeywordExecutor.groovy:74)
	at com.kms.katalon.core.webui.keyword.WebUiBuiltInKeywords.click(WebUiBuiltInKeywords.groovy:620)
	at com.kms.katalon.core.webui.keyword.WebUiBuiltInKeywords$click$1.call(Unknown Source)
	at Student submit assignment.run(Student submit assignment:30)
	at com.kms.katalon.core.main.ScriptEngine.run(ScriptEngine.java:194)
	at com.kms.katalon.core.main.ScriptEngine.runScriptAsRawText(ScriptEngine.java:119)
	at com.kms.katalon.core.main.TestCaseExecutor.runScript(TestCaseExecutor.java:442)
	at com.kms.katalon.core.main.TestCaseExecutor.doExecute(TestCaseExecutor.java:433)
	at com.kms.katalon.core.main.TestCaseExecutor.processExecutionPhase(TestCaseExecutor.java:412)
	at com.kms.katalon.core.main.TestCaseExecutor.accessMainPhase(TestCaseExecutor.java:404)
	at com.kms.katalon.core.main.TestCaseExecutor.execute(TestCaseExecutor.java:281)
	at com.kms.katalon.core.main.TestSuiteExecutor.accessTestCaseMainPhase(TestSuiteExecutor.java:202)
	at com.kms.katalon.core.main.TestSuiteExecutor.accessTestSuiteMainPhase(TestSuiteExecutor.java:164)
	at com.kms.katalon.core.main.TestSuiteExecutor.execute(TestSuiteExecutor.java:105)
	at com.kms.katalon.core.main.TestCaseMain.startTestSuite(TestCaseMain.java:181)
	at com.kms.katalon.core.main.TestCaseMain$startTestSuite$0.call(Unknown Source)
	at TempTestSuite1641999428088.run(TempTestSuite1641999428088.groovy:36)
Caused by: com.kms.katalon.core.webui.exception.WebElementNotFoundException: Web element with id: 'Object Repository/Page_Course Thit k phn mm/span_Assignment with file' located by '//li[@id='module-5']/div/div/div[2]/div/a/span' not found
	at com.kms.katalon.core.webui.common.WebUiCommonHelper.findWebElement(WebUiCommonHelper.java:1368)
	at com.kms.katalon.core.webui.keyword.internal.WebUIAbstractKeyword.findWebElement(WebUIAbstractKeyword.groovy:27)
	at com.kms.katalon.core.webui.keyword.builtin.ClickKeyword$_click_closure1.doCall(ClickKeyword.groovy:65)
	at com.kms.katalon.core.webui.keyword.builtin.ClickKeyword$_click_closure1.call(ClickKeyword.groovy)
	at com.kms.katalon.core.webui.keyword.internal.WebUIKeywordMain.runKeyword(WebUIKeywordMain.groovy:20)
	... 19 more


2022-01-12 22:12:43 - [TEST_STEP][PASSED] - callTestCase(findTestCase("Login as user (student)"), [:], STOP_ON_FAILURE): Call Test Case 'Test Cases/Login as user (student)' successfully

2022-01-12 22:12:43 - [TEST_CASE][PASSED] - Test Cases/Login as user (student): Test Cases/Login as user (student)

2022-01-12 22:12:44 - [TEST_STEP][PASSED] - openBrowser(""): Browser is opened with url: ''

2022-01-12 22:12:44 - [MESSAGE][WARNING] - A browser is already opened. Closing browser and opening a new one

2022-01-12 22:12:45 - [MESSAGE][INFO] - Starting 'Edge Chromium' driver

2022-01-12 22:12:47 - [MESSAGE][INFO] - Action delay is set to 0 milliseconds

2022-01-12 22:12:48 - [MESSAGE][PASSED] - Browser is opened with url: ''

2022-01-12 22:12:48 - [TEST_STEP][PASSED] - maximizeWindow(): Current window maximized

2022-01-12 22:12:48 - [MESSAGE][PASSED] - Current window maximized

2022-01-12 22:12:48 - [TEST_STEP][PASSED] - navigateToUrl("http://localhost/"): Navigate to 'http://localhost/' successfully

2022-01-12 22:12:49 - [MESSAGE][PASSED] - Navigate to 'http://localhost/' successfully

2022-01-12 22:12:49 - [TEST_STEP][PASSED] - click(findTestObject("Object Repository/Page_My Moodle/a_Log in")): Object: 'Object Repository/Page_My Moodle/a_Log in' is clicked on

2022-01-12 22:12:50 - [MESSAGE][PASSED] - Object: 'Object Repository/Page_My Moodle/a_Log in' is clicked on

2022-01-12 22:12:50 - [TEST_STEP][PASSED] - setText(findTestObject("Object Repository/Page_My Moodle Log in to the site/input_Username_username"), "student"): Text 'student' is set on object 'Object Repository/Page_My Moodle Log in to the site/input_Username_username'

2022-01-12 22:12:51 - [MESSAGE][PASSED] - Text 'student' is set on object 'Object Repository/Page_My Moodle Log in to the site/input_Username_username'

2022-01-12 22:12:51 - [TEST_STEP][PASSED] - setEncryptedText(findTestObject("Object Repository/Page_My Moodle Log in to the site/input_Password_password"), "3t5OwH/+bwwlEvOXGw7/rg=="): Text ****** has been set on object 'Object Repository/Page_My Moodle Log in to the site/input_Password_password'

2022-01-12 22:12:51 - [MESSAGE][PASSED] - Text ****** has been set on object 'Object Repository/Page_My Moodle Log in to the site/input_Password_password'

2022-01-12 22:12:51 - [TEST_STEP][PASSED] - click(findTestObject("Object Repository/Page_My Moodle Log in to the site/button_Log in")): Object: 'Object Repository/Page_My Moodle Log in to the site/button_Log in' is clicked on

2022-01-12 22:12:52 - [MESSAGE][PASSED] - Object: 'Object Repository/Page_My Moodle Log in to the site/button_Log in' is clicked on

2022-01-12 22:12:52 - [MESSAGE][PASSED] - Call Test Case 'Test Cases/Login as user (student)' successfully

2022-01-12 22:12:52 - [TEST_STEP][PASSED] - click(findTestObject("Object Repository/Page_Dashboard/span_Site home (1)")): Object: 'Object Repository/Page_Dashboard/span_Site home (1)' is clicked on

2022-01-12 22:12:54 - [MESSAGE][PASSED] - Object: 'Object Repository/Page_Dashboard/span_Site home (1)' is clicked on

2022-01-12 22:12:54 - [TEST_STEP][PASSED] - click(findTestObject("Object Repository/Page_My Moodle/a_Thit k phn mm (1)")): Object: 'Object Repository/Page_My Moodle/a_Thit k phn mm (1)' is clicked on

2022-01-12 22:12:55 - [MESSAGE][PASSED] - Object: 'Object Repository/Page_My Moodle/a_Thit k phn mm (1)' is clicked on

2022-01-12 22:12:55 - [TEST_STEP][PASSED] - click(findTestObject("Page_Course Phn tch v qun l yu cu phn mm/button_End tour"), OPTIONAL): Object: 'Object Repository/Page_Course Phn tch v qun l yu cu phn mm/button_End tour' is clicked on

2022-01-12 22:12:57 - [MESSAGE][PASSED] - Object: 'Object Repository/Page_Course Phn tch v qun l yu cu phn mm/button_End tour' is clicked on

2022-01-12 22:12:57 - [TEST_STEP][PASSED] - scrollToPosition(0, 0): Browser is scrolled to position x = 0, y = 0

2022-01-12 22:12:57 - [MESSAGE][PASSED] - Browser is scrolled to position x = 0, y = 0

2022-01-12 22:12:57 - [TEST_STEP][FAILED] - click(findTestObject("Object Repository/Page_Course Thit k phn mm/span_Assignment with file")): Unable to click on object 'Object Repository/Page_Course Thit k phn mm/span_Assignment with file' (Root cause: com.kms.katalon.core.exception.StepFailedException: Unable to click on object 'Object Repository/Page_Course Thit k phn mm/span_Assignment with file'
	at com.kms.katalon.core.webui.keyword.internal.WebUIKeywordMain.stepFailed(WebUIKeywordMain.groovy:64)
	at com.kms.katalon.core.webui.keyword.internal.WebUIKeywordMain.runKeyword(WebUIKeywordMain.groovy:26)
	at com.kms.katalon.core.webui.keyword.builtin.ClickKeyword.click(ClickKeyword.groovy:74)
	at com.kms.katalon.core.webui.keyword.builtin.ClickKeyword.execute(ClickKeyword.groovy:40)
	at com.kms.katalon.core.keyword.internal.KeywordExecutor.executeKeywordForPlatform(KeywordExecutor.groovy:74)
	at com.kms.katalon.core.webui.keyword.WebUiBuiltInKeywords.click(WebUiBuiltInKeywords.groovy:620)
	at com.kms.katalon.core.webui.keyword.WebUiBuiltInKeywords$click$1.call(Unknown Source)
	at Student submit assignment.run(Student submit assignment:30)
	at com.kms.katalon.core.main.ScriptEngine.run(ScriptEngine.java:194)
	at com.kms.katalon.core.main.ScriptEngine.runScriptAsRawText(ScriptEngine.java:119)
	at com.kms.katalon.core.main.TestCaseExecutor.runScript(TestCaseExecutor.java:442)
	at com.kms.katalon.core.main.TestCaseExecutor.doExecute(TestCaseExecutor.java:433)
	at com.kms.katalon.core.main.TestCaseExecutor.processExecutionPhase(TestCaseExecutor.java:412)
	at com.kms.katalon.core.main.TestCaseExecutor.accessMainPhase(TestCaseExecutor.java:404)
	at com.kms.katalon.core.main.TestCaseExecutor.execute(TestCaseExecutor.java:281)
	at com.kms.katalon.core.main.TestSuiteExecutor.accessTestCaseMainPhase(TestSuiteExecutor.java:202)
	at com.kms.katalon.core.main.TestSuiteExecutor.accessTestSuiteMainPhase(TestSuiteExecutor.java:164)
	at com.kms.katalon.core.main.TestSuiteExecutor.execute(TestSuiteExecutor.java:105)
	at com.kms.katalon.core.main.TestCaseMain.startTestSuite(TestCaseMain.java:181)
	at com.kms.katalon.core.main.TestCaseMain$startTestSuite$0.call(Unknown Source)
	at TempTestSuite1641999428088.run(TempTestSuite1641999428088.groovy:36)
Caused by: com.kms.katalon.core.webui.exception.WebElementNotFoundException: Web element with id: 'Object Repository/Page_Course Thit k phn mm/span_Assignment with file' located by '//li[@id='module-5']/div/div/div[2]/div/a/span' not found
	at com.kms.katalon.core.webui.common.WebUiCommonHelper.findWebElement(WebUiCommonHelper.java:1368)
	at com.kms.katalon.core.webui.keyword.internal.WebUIAbstractKeyword.findWebElement(WebUIAbstractKeyword.groovy:27)
	at com.kms.katalon.core.webui.keyword.builtin.ClickKeyword$_click_closure1.doCall(ClickKeyword.groovy:65)
	at com.kms.katalon.core.webui.keyword.builtin.ClickKeyword$_click_closure1.call(ClickKeyword.groovy)
	at com.kms.katalon.core.webui.keyword.internal.WebUIKeywordMain.runKeyword(WebUIKeywordMain.groovy:20)
	at com.kms.katalon.core.webui.keyword.builtin.ClickKeyword.click(ClickKeyword.groovy:74)
	at com.kms.katalon.core.webui.keyword.builtin.ClickKeyword.execute(ClickKeyword.groovy:40)
	at com.kms.katalon.core.keyword.internal.KeywordExecutor.executeKeywordForPlatform(KeywordExecutor.groovy:74)
	at com.kms.katalon.core.webui.keyword.WebUiBuiltInKeywords.click(WebUiBuiltInKeywords.groovy:620)
	at com.kms.katalon.core.webui.keyword.WebUiBuiltInKeywords$click$1.call(Unknown Source)
	at Script1641657223958.run(Script1641657223958.groovy:30)
	... 13 more
)

2022-01-12 22:13:30 - [MESSAGE][INFO] - Unable to find the element located by 'By.xpath: //li[@id='module-5']/div/div/div[2]/div/a/span'. Please recheck the objects properties to make sure the desired element is located. 

2022-01-12 22:13:30 - [MESSAGE][FAILED] - Unable to click on object 'Object Repository/Page_Course Thit k phn mm/span_Assignment with file' (Root cause: com.kms.katalon.core.exception.StepFailedException: Unable to click on object 'Object Repository/Page_Course Thit k phn mm/span_Assignment with file'
	at com.kms.katalon.core.webui.keyword.internal.WebUIKeywordMain.stepFailed(WebUIKeywordMain.groovy:64)
	at com.kms.katalon.core.webui.keyword.internal.WebUIKeywordMain.runKeyword(WebUIKeywordMain.groovy:26)
	at com.kms.katalon.core.webui.keyword.builtin.ClickKeyword.click(ClickKeyword.groovy:74)
	at com.kms.katalon.core.webui.keyword.builtin.ClickKeyword.execute(ClickKeyword.groovy:40)
	at com.kms.katalon.core.keyword.internal.KeywordExecutor.executeKeywordForPlatform(KeywordExecutor.groovy:74)
	at com.kms.katalon.core.webui.keyword.WebUiBuiltInKeywords.click(WebUiBuiltInKeywords.groovy:620)
	at com.kms.katalon.core.webui.keyword.WebUiBuiltInKeywords$click$1.call(Unknown Source)
	at Student submit assignment.run(Student submit assignment:30)
	at com.kms.katalon.core.main.ScriptEngine.run(ScriptEngine.java:194)
	at com.kms.katalon.core.main.ScriptEngine.runScriptAsRawText(ScriptEngine.java:119)
	at com.kms.katalon.core.main.TestCaseExecutor.runScript(TestCaseExecutor.java:442)
	at com.kms.katalon.core.main.TestCaseExecutor.doExecute(TestCaseExecutor.java:433)
	at com.kms.katalon.core.main.TestCaseExecutor.processExecutionPhase(TestCaseExecutor.java:412)
	at com.kms.katalon.core.main.TestCaseExecutor.accessMainPhase(TestCaseExecutor.java:404)
	at com.kms.katalon.core.main.TestCaseExecutor.execute(TestCaseExecutor.java:281)
	at com.kms.katalon.core.main.TestSuiteExecutor.accessTestCaseMainPhase(TestSuiteExecutor.java:202)
	at com.kms.katalon.core.main.TestSuiteExecutor.accessTestSuiteMainPhase(TestSuiteExecutor.java:164)
	at com.kms.katalon.core.main.TestSuiteExecutor.execute(TestSuiteExecutor.java:105)
	at com.kms.katalon.core.main.TestCaseMain.startTestSuite(TestCaseMain.java:181)
	at com.kms.katalon.core.main.TestCaseMain$startTestSuite$0.call(Unknown Source)
	at TempTestSuite1641999428088.run(TempTestSuite1641999428088.groovy:36)
Caused by: com.kms.katalon.core.webui.exception.WebElementNotFoundException: Web element with id: 'Object Repository/Page_Course Thit k phn mm/span_Assignment with file' located by '//li[@id='module-5']/div/div/div[2]/div/a/span' not found
	at com.kms.katalon.core.webui.common.WebUiCommonHelper.findWebElement(WebUiCommonHelper.java:1368)
	at com.kms.katalon.core.webui.keyword.internal.WebUIAbstractKeyword.findWebElement(WebUIAbstractKeyword.groovy:27)
	at com.kms.katalon.core.webui.keyword.builtin.ClickKeyword$_click_closure1.doCall(ClickKeyword.groovy:65)
	at com.kms.katalon.core.webui.keyword.builtin.ClickKeyword$_click_closure1.call(ClickKeyword.groovy)
	at com.kms.katalon.core.webui.keyword.internal.WebUIKeywordMain.runKeyword(WebUIKeywordMain.groovy:20)
	at com.kms.katalon.core.webui.keyword.builtin.ClickKeyword.click(ClickKeyword.groovy:74)
	at com.kms.katalon.core.webui.keyword.builtin.ClickKeyword.execute(ClickKeyword.groovy:40)
	at com.kms.katalon.core.keyword.internal.KeywordExecutor.executeKeywordForPlatform(KeywordExecutor.groovy:74)
	at com.kms.katalon.core.webui.keyword.WebUiBuiltInKeywords.click(WebUiBuiltInKeywords.groovy:620)
	at com.kms.katalon.core.webui.keyword.WebUiBuiltInKeywords$click$1.call(Unknown Source)
	at Script1641657223958.run(Script1641657223958.groovy:30)
	... 13 more
)
[[ATTACHMENT|D:\\Test-Automation---SE-Bonus\\Reports\\20220112_215708\\Run all test cases\\20220112_215708\\1642000410172.png]]]]></system-out>
         <system-err><![CDATA[2022-01-12 22:12:43 - [TEST_CASE][FAILED] - Test Cases/Student submit assignment: Test Cases/Student submit assignment FAILED.
Reason:
com.kms.katalon.core.exception.StepFailedException: Unable to click on object 'Object Repository/Page_Course Thit k phn mm/span_Assignment with file'
	at com.kms.katalon.core.webui.keyword.internal.WebUIKeywordMain.stepFailed(WebUIKeywordMain.groovy:64)
	at com.kms.katalon.core.webui.keyword.internal.WebUIKeywordMain.runKeyword(WebUIKeywordMain.groovy:26)
	at com.kms.katalon.core.webui.keyword.builtin.ClickKeyword.click(ClickKeyword.groovy:74)
	at com.kms.katalon.core.webui.keyword.builtin.ClickKeyword.execute(ClickKeyword.groovy:40)
	at com.kms.katalon.core.keyword.internal.KeywordExecutor.executeKeywordForPlatform(KeywordExecutor.groovy:74)
	at com.kms.katalon.core.webui.keyword.WebUiBuiltInKeywords.click(WebUiBuiltInKeywords.groovy:620)
	at com.kms.katalon.core.webui.keyword.WebUiBuiltInKeywords$click$1.call(Unknown Source)
	at Student submit assignment.run(Student submit assignment:30)
	at com.kms.katalon.core.main.ScriptEngine.run(ScriptEngine.java:194)
	at com.kms.katalon.core.main.ScriptEngine.runScriptAsRawText(ScriptEngine.java:119)
	at com.kms.katalon.core.main.TestCaseExecutor.runScript(TestCaseExecutor.java:442)
	at com.kms.katalon.core.main.TestCaseExecutor.doExecute(TestCaseExecutor.java:433)
	at com.kms.katalon.core.main.TestCaseExecutor.processExecutionPhase(TestCaseExecutor.java:412)
	at com.kms.katalon.core.main.TestCaseExecutor.accessMainPhase(TestCaseExecutor.java:404)
	at com.kms.katalon.core.main.TestCaseExecutor.execute(TestCaseExecutor.java:281)
	at com.kms.katalon.core.main.TestSuiteExecutor.accessTestCaseMainPhase(TestSuiteExecutor.java:202)
	at com.kms.katalon.core.main.TestSuiteExecutor.accessTestSuiteMainPhase(TestSuiteExecutor.java:164)
	at com.kms.katalon.core.main.TestSuiteExecutor.execute(TestSuiteExecutor.java:105)
	at com.kms.katalon.core.main.TestCaseMain.startTestSuite(TestCaseMain.java:181)
	at com.kms.katalon.core.main.TestCaseMain$startTestSuite$0.call(Unknown Source)
	at TempTestSuite1641999428088.run(TempTestSuite1641999428088.groovy:36)
Caused by: com.kms.katalon.core.webui.exception.WebElementNotFoundException: Web element with id: 'Object Repository/Page_Course Thit k phn mm/span_Assignment with file' located by '//li[@id='module-5']/div/div/div[2]/div/a/span' not found
	at com.kms.katalon.core.webui.common.WebUiCommonHelper.findWebElement(WebUiCommonHelper.java:1368)
	at com.kms.katalon.core.webui.keyword.internal.WebUIAbstractKeyword.findWebElement(WebUIAbstractKeyword.groovy:27)
	at com.kms.katalon.core.webui.keyword.builtin.ClickKeyword$_click_closure1.doCall(ClickKeyword.groovy:65)
	at com.kms.katalon.core.webui.keyword.builtin.ClickKeyword$_click_closure1.call(ClickKeyword.groovy)
	at com.kms.katalon.core.webui.keyword.internal.WebUIKeywordMain.runKeyword(WebUIKeywordMain.groovy:20)
	... 19 more]]></system-err>
      </testcase>
      <testcase name="Test Cases/Student attempt quiz" time="75.464" classname="Test Cases/Student attempt quiz" status="FAILED">
         <failure type="FAILED" message="Test Cases/Student attempt quiz FAILED.
Reason:
com.kms.katalon.core.exception.StepFailedException: Unable to click on object 'Object Repository/Page_Course Thit k phn mm/span_Quiz 1'
	at com.kms.katalon.core.webui.keyword.internal.WebUIKeywordMain.stepFailed(WebUIKeywordMain.groovy:64)
	at com.kms.katalon.core.webui.keyword.internal.WebUIKeywordMain.runKeyword(WebUIKeywordMain.groovy:26)
	at com.kms.katalon.core.webui.keyword.builtin.ClickKeyword.click(ClickKeyword.groovy:74)
	at com.kms.katalon.core.webui.keyword.builtin.ClickKeyword.execute(ClickKeyword.groovy:40)
	at com.kms.katalon.core.keyword.internal.KeywordExecutor.executeKeywordForPlatform(KeywordExecutor.groovy:74)
	at com.kms.katalon.core.webui.keyword.WebUiBuiltInKeywords.click(WebUiBuiltInKeywords.groovy:620)
	at com.kms.katalon.core.webui.keyword.WebUiBuiltInKeywords$click$1.call(Unknown Source)
	at Student attempt quiz.run(Student attempt quiz:30)
	at com.kms.katalon.core.main.ScriptEngine.run(ScriptEngine.java:194)
	at com.kms.katalon.core.main.ScriptEngine.runScriptAsRawText(ScriptEngine.java:119)
	at com.kms.katalon.core.main.TestCaseExecutor.runScript(TestCaseExecutor.java:442)
	at com.kms.katalon.core.main.TestCaseExecutor.doExecute(TestCaseExecutor.java:433)
	at com.kms.katalon.core.main.TestCaseExecutor.processExecutionPhase(TestCaseExecutor.java:412)
	at com.kms.katalon.core.main.TestCaseExecutor.accessMainPhase(TestCaseExecutor.java:404)
	at com.kms.katalon.core.main.TestCaseExecutor.execute(TestCaseExecutor.java:281)
	at com.kms.katalon.core.main.TestSuiteExecutor.accessTestCaseMainPhase(TestSuiteExecutor.java:202)
	at com.kms.katalon.core.main.TestSuiteExecutor.accessTestSuiteMainPhase(TestSuiteExecutor.java:164)
	at com.kms.katalon.core.main.TestSuiteExecutor.execute(TestSuiteExecutor.java:105)
	at com.kms.katalon.core.main.TestCaseMain.startTestSuite(TestCaseMain.java:181)
	at com.kms.katalon.core.main.TestCaseMain$startTestSuite$0.call(Unknown Source)
	at TempTestSuite1641999428088.run(TempTestSuite1641999428088.groovy:36)
Caused by: com.kms.katalon.core.webui.exception.WebElementNotFoundException: Web element with id: 'Object Repository/Page_Course Thit k phn mm/span_Quiz 1' located by '(.//*[normalize-space(text()) and normalize-space(.)='Mark as done'])[4]/following::span[1]' not found
	at com.kms.katalon.core.webui.common.WebUiCommonHelper.findWebElement(WebUiCommonHelper.java:1368)
	at com.kms.katalon.core.webui.keyword.internal.WebUIAbstractKeyword.findWebElement(WebUIAbstractKeyword.groovy:27)
	at com.kms.katalon.core.webui.keyword.builtin.ClickKeyword$_click_closure1.doCall(ClickKeyword.groovy:65)
	at com.kms.katalon.core.webui.keyword.builtin.ClickKeyword$_click_closure1.call(ClickKeyword.groovy)
	at com.kms.katalon.core.webui.keyword.internal.WebUIKeywordMain.runKeyword(WebUIKeywordMain.groovy:20)
	... 19 more
"/>
         <system-out><![CDATA[2022-01-12 22:13:30 - [TEST_CASE][FAILED] - Test Cases/Student attempt quiz: Test Cases/Student attempt quiz FAILED.
Reason:
com.kms.katalon.core.exception.StepFailedException: Unable to click on object 'Object Repository/Page_Course Thit k phn mm/span_Quiz 1'
	at com.kms.katalon.core.webui.keyword.internal.WebUIKeywordMain.stepFailed(WebUIKeywordMain.groovy:64)
	at com.kms.katalon.core.webui.keyword.internal.WebUIKeywordMain.runKeyword(WebUIKeywordMain.groovy:26)
	at com.kms.katalon.core.webui.keyword.builtin.ClickKeyword.click(ClickKeyword.groovy:74)
	at com.kms.katalon.core.webui.keyword.builtin.ClickKeyword.execute(ClickKeyword.groovy:40)
	at com.kms.katalon.core.keyword.internal.KeywordExecutor.executeKeywordForPlatform(KeywordExecutor.groovy:74)
	at com.kms.katalon.core.webui.keyword.WebUiBuiltInKeywords.click(WebUiBuiltInKeywords.groovy:620)
	at com.kms.katalon.core.webui.keyword.WebUiBuiltInKeywords$click$1.call(Unknown Source)
	at Student attempt quiz.run(Student attempt quiz:30)
	at com.kms.katalon.core.main.ScriptEngine.run(ScriptEngine.java:194)
	at com.kms.katalon.core.main.ScriptEngine.runScriptAsRawText(ScriptEngine.java:119)
	at com.kms.katalon.core.main.TestCaseExecutor.runScript(TestCaseExecutor.java:442)
	at com.kms.katalon.core.main.TestCaseExecutor.doExecute(TestCaseExecutor.java:433)
	at com.kms.katalon.core.main.TestCaseExecutor.processExecutionPhase(TestCaseExecutor.java:412)
	at com.kms.katalon.core.main.TestCaseExecutor.accessMainPhase(TestCaseExecutor.java:404)
	at com.kms.katalon.core.main.TestCaseExecutor.execute(TestCaseExecutor.java:281)
	at com.kms.katalon.core.main.TestSuiteExecutor.accessTestCaseMainPhase(TestSuiteExecutor.java:202)
	at com.kms.katalon.core.main.TestSuiteExecutor.accessTestSuiteMainPhase(TestSuiteExecutor.java:164)
	at com.kms.katalon.core.main.TestSuiteExecutor.execute(TestSuiteExecutor.java:105)
	at com.kms.katalon.core.main.TestCaseMain.startTestSuite(TestCaseMain.java:181)
	at com.kms.katalon.core.main.TestCaseMain$startTestSuite$0.call(Unknown Source)
	at TempTestSuite1641999428088.run(TempTestSuite1641999428088.groovy:36)
Caused by: com.kms.katalon.core.webui.exception.WebElementNotFoundException: Web element with id: 'Object Repository/Page_Course Thit k phn mm/span_Quiz 1' located by '(.//*[normalize-space(text()) and normalize-space(.)='Mark as done'])[4]/following::span[1]' not found
	at com.kms.katalon.core.webui.common.WebUiCommonHelper.findWebElement(WebUiCommonHelper.java:1368)
	at com.kms.katalon.core.webui.keyword.internal.WebUIAbstractKeyword.findWebElement(WebUIAbstractKeyword.groovy:27)
	at com.kms.katalon.core.webui.keyword.builtin.ClickKeyword$_click_closure1.doCall(ClickKeyword.groovy:65)
	at com.kms.katalon.core.webui.keyword.builtin.ClickKeyword$_click_closure1.call(ClickKeyword.groovy)
	at com.kms.katalon.core.webui.keyword.internal.WebUIKeywordMain.runKeyword(WebUIKeywordMain.groovy:20)
	... 19 more


2022-01-12 22:13:30 - [TEST_STEP][PASSED] - callTestCase(findTestCase("Login as user (student)"), [:], STOP_ON_FAILURE): Call Test Case 'Test Cases/Login as user (student)' successfully

2022-01-12 22:13:30 - [TEST_CASE][PASSED] - Test Cases/Login as user (student): Test Cases/Login as user (student)

2022-01-12 22:13:30 - [TEST_STEP][PASSED] - openBrowser(""): Browser is opened with url: ''

2022-01-12 22:13:30 - [MESSAGE][WARNING] - A browser is already opened. Closing browser and opening a new one

2022-01-12 22:13:31 - [MESSAGE][INFO] - Starting 'Edge Chromium' driver

2022-01-12 22:13:34 - [MESSAGE][INFO] - Action delay is set to 0 milliseconds

2022-01-12 22:13:35 - [MESSAGE][PASSED] - Browser is opened with url: ''

2022-01-12 22:13:35 - [TEST_STEP][PASSED] - maximizeWindow(): Current window maximized

2022-01-12 22:13:35 - [MESSAGE][PASSED] - Current window maximized

2022-01-12 22:13:35 - [TEST_STEP][PASSED] - navigateToUrl("http://localhost/"): Navigate to 'http://localhost/' successfully

2022-01-12 22:13:36 - [MESSAGE][PASSED] - Navigate to 'http://localhost/' successfully

2022-01-12 22:13:36 - [TEST_STEP][PASSED] - click(findTestObject("Object Repository/Page_My Moodle/a_Log in")): Object: 'Object Repository/Page_My Moodle/a_Log in' is clicked on

2022-01-12 22:13:37 - [MESSAGE][PASSED] - Object: 'Object Repository/Page_My Moodle/a_Log in' is clicked on

2022-01-12 22:13:37 - [TEST_STEP][PASSED] - setText(findTestObject("Object Repository/Page_My Moodle Log in to the site/input_Username_username"), "student"): Text 'student' is set on object 'Object Repository/Page_My Moodle Log in to the site/input_Username_username'

2022-01-12 22:13:38 - [MESSAGE][PASSED] - Text 'student' is set on object 'Object Repository/Page_My Moodle Log in to the site/input_Username_username'

2022-01-12 22:13:38 - [TEST_STEP][PASSED] - setEncryptedText(findTestObject("Object Repository/Page_My Moodle Log in to the site/input_Password_password"), "3t5OwH/+bwwlEvOXGw7/rg=="): Text ****** has been set on object 'Object Repository/Page_My Moodle Log in to the site/input_Password_password'

2022-01-12 22:13:38 - [MESSAGE][PASSED] - Text ****** has been set on object 'Object Repository/Page_My Moodle Log in to the site/input_Password_password'

2022-01-12 22:13:38 - [TEST_STEP][PASSED] - click(findTestObject("Object Repository/Page_My Moodle Log in to the site/button_Log in")): Object: 'Object Repository/Page_My Moodle Log in to the site/button_Log in' is clicked on

2022-01-12 22:13:39 - [MESSAGE][PASSED] - Object: 'Object Repository/Page_My Moodle Log in to the site/button_Log in' is clicked on

2022-01-12 22:13:39 - [MESSAGE][PASSED] - Call Test Case 'Test Cases/Login as user (student)' successfully

2022-01-12 22:13:39 - [TEST_STEP][PASSED] - click(findTestObject("Object Repository/Page_Dashboard/a_Site home")): Object: 'Object Repository/Page_Dashboard/a_Site home' is clicked on

2022-01-12 22:13:42 - [MESSAGE][PASSED] - Object: 'Object Repository/Page_Dashboard/a_Site home' is clicked on

2022-01-12 22:13:42 - [TEST_STEP][PASSED] - navigateToUrl("http://localhost/?redirect=0"): Navigate to 'http://localhost/?redirect=0' successfully

2022-01-12 22:13:42 - [MESSAGE][PASSED] - Navigate to 'http://localhost/?redirect=0' successfully

2022-01-12 22:13:42 - [TEST_STEP][PASSED] - click(findTestObject("Object Repository/Page_My Moodle/a_Phn tch v qun l yu cu phn mm")): Object: 'Object Repository/Page_My Moodle/a_Phn tch v qun l yu cu phn mm' is clicked on

2022-01-12 22:13:43 - [MESSAGE][PASSED] - Object: 'Object Repository/Page_My Moodle/a_Phn tch v qun l yu cu phn mm' is clicked on

2022-01-12 22:13:43 - [TEST_STEP][PASSED] - click(findTestObject("Object Repository/Page_Course Thit k phn mm/button_End tour"), OPTIONAL): Unable to click on object 'Object Repository/Page_Course Thit k phn mm/button_End tour' (Root cause: com.kms.katalon.core.exception.StepFailedException: Unable to click on object 'Object Repository/Page_Course Thit k phn mm/button_End tour'
	at com.kms.katalon.core.webui.keyword.internal.WebUIKeywordMain.stepFailed(WebUIKeywordMain.groovy:64)
	at com.kms.katalon.core.webui.keyword.internal.WebUIKeywordMain.runKeyword(WebUIKeywordMain.groovy:26)
	at com.kms.katalon.core.webui.keyword.builtin.ClickKeyword.click(ClickKeyword.groovy:74)
	at com.kms.katalon.core.webui.keyword.builtin.ClickKeyword.execute(ClickKeyword.groovy:40)
	at com.kms.katalon.core.keyword.internal.KeywordExecutor.executeKeywordForPlatform(KeywordExecutor.groovy:74)
	at com.kms.katalon.core.webui.keyword.WebUiBuiltInKeywords.click(WebUiBuiltInKeywords.groovy:608)
	at com.kms.katalon.core.webui.keyword.WebUiBuiltInKeywords$click$9.call(Unknown Source)
	at Student attempt quiz.run(Student attempt quiz:28)
	at com.kms.katalon.core.main.ScriptEngine.run(ScriptEngine.java:194)
	at com.kms.katalon.core.main.ScriptEngine.runScriptAsRawText(ScriptEngine.java:119)
	at com.kms.katalon.core.main.TestCaseExecutor.runScript(TestCaseExecutor.java:442)
	at com.kms.katalon.core.main.TestCaseExecutor.doExecute(TestCaseExecutor.java:433)
	at com.kms.katalon.core.main.TestCaseExecutor.processExecutionPhase(TestCaseExecutor.java:412)
	at com.kms.katalon.core.main.TestCaseExecutor.accessMainPhase(TestCaseExecutor.java:404)
	at com.kms.katalon.core.main.TestCaseExecutor.execute(TestCaseExecutor.java:281)
	at com.kms.katalon.core.main.TestSuiteExecutor.accessTestCaseMainPhase(TestSuiteExecutor.java:202)
	at com.kms.katalon.core.main.TestSuiteExecutor.accessTestSuiteMainPhase(TestSuiteExecutor.java:164)
	at com.kms.katalon.core.main.TestSuiteExecutor.execute(TestSuiteExecutor.java:105)
	at com.kms.katalon.core.main.TestCaseMain.startTestSuite(TestCaseMain.java:181)
	at com.kms.katalon.core.main.TestCaseMain$startTestSuite$0.call(Unknown Source)
	at TempTestSuite1641999428088.run(TempTestSuite1641999428088.groovy:36)
Caused by: com.kms.katalon.core.webui.exception.WebElementNotFoundException: Web element with id: 'Object Repository/Page_Course Thit k phn mm/button_End tour' located by '//span[@id='tour-step-tool_usertours_8_2_1620109487-0']/div/div/div[4]/button[3]' not found
	at com.kms.katalon.core.webui.common.WebUiCommonHelper.findWebElement(WebUiCommonHelper.java:1368)
	at com.kms.katalon.core.webui.keyword.internal.WebUIAbstractKeyword.findWebElement(WebUIAbstractKeyword.groovy:27)
	at com.kms.katalon.core.webui.keyword.builtin.ClickKeyword$_click_closure1.doCall(ClickKeyword.groovy:65)
	at com.kms.katalon.core.webui.keyword.builtin.ClickKeyword$_click_closure1.call(ClickKeyword.groovy)
	at com.kms.katalon.core.webui.keyword.internal.WebUIKeywordMain.runKeyword(WebUIKeywordMain.groovy:20)
	at com.kms.katalon.core.webui.keyword.builtin.ClickKeyword.click(ClickKeyword.groovy:74)
	at com.kms.katalon.core.webui.keyword.builtin.ClickKeyword.execute(ClickKeyword.groovy:40)
	at com.kms.katalon.core.keyword.internal.KeywordExecutor.executeKeywordForPlatform(KeywordExecutor.groovy:74)
	at com.kms.katalon.core.webui.keyword.WebUiBuiltInKeywords.click(WebUiBuiltInKeywords.groovy:608)
	at com.kms.katalon.core.webui.keyword.WebUiBuiltInKeywords$click$9.call(Unknown Source)
	at Script1641633821080.run(Script1641633821080.groovy:28)
	... 13 more
)

2022-01-12 22:14:14 - [MESSAGE][INFO] - Unable to find the element located by 'By.xpath: //span[@id='tour-step-tool_usertours_8_2_1620109487-0']/div/div/div[4]/button[3]'. Please recheck the objects properties to make sure the desired element is located. 

2022-01-12 22:14:14 - [MESSAGE][WARNING] - Unable to click on object 'Object Repository/Page_Course Thit k phn mm/button_End tour' (Root cause: com.kms.katalon.core.exception.StepFailedException: Unable to click on object 'Object Repository/Page_Course Thit k phn mm/button_End tour'
	at com.kms.katalon.core.webui.keyword.internal.WebUIKeywordMain.stepFailed(WebUIKeywordMain.groovy:64)
	at com.kms.katalon.core.webui.keyword.internal.WebUIKeywordMain.runKeyword(WebUIKeywordMain.groovy:26)
	at com.kms.katalon.core.webui.keyword.builtin.ClickKeyword.click(ClickKeyword.groovy:74)
	at com.kms.katalon.core.webui.keyword.builtin.ClickKeyword.execute(ClickKeyword.groovy:40)
	at com.kms.katalon.core.keyword.internal.KeywordExecutor.executeKeywordForPlatform(KeywordExecutor.groovy:74)
	at com.kms.katalon.core.webui.keyword.WebUiBuiltInKeywords.click(WebUiBuiltInKeywords.groovy:608)
	at com.kms.katalon.core.webui.keyword.WebUiBuiltInKeywords$click$9.call(Unknown Source)
	at Student attempt quiz.run(Student attempt quiz:28)
	at com.kms.katalon.core.main.ScriptEngine.run(ScriptEngine.java:194)
	at com.kms.katalon.core.main.ScriptEngine.runScriptAsRawText(ScriptEngine.java:119)
	at com.kms.katalon.core.main.TestCaseExecutor.runScript(TestCaseExecutor.java:442)
	at com.kms.katalon.core.main.TestCaseExecutor.doExecute(TestCaseExecutor.java:433)
	at com.kms.katalon.core.main.TestCaseExecutor.processExecutionPhase(TestCaseExecutor.java:412)
	at com.kms.katalon.core.main.TestCaseExecutor.accessMainPhase(TestCaseExecutor.java:404)
	at com.kms.katalon.core.main.TestCaseExecutor.execute(TestCaseExecutor.java:281)
	at com.kms.katalon.core.main.TestSuiteExecutor.accessTestCaseMainPhase(TestSuiteExecutor.java:202)
	at com.kms.katalon.core.main.TestSuiteExecutor.accessTestSuiteMainPhase(TestSuiteExecutor.java:164)
	at com.kms.katalon.core.main.TestSuiteExecutor.execute(TestSuiteExecutor.java:105)
	at com.kms.katalon.core.main.TestCaseMain.startTestSuite(TestCaseMain.java:181)
	at com.kms.katalon.core.main.TestCaseMain$startTestSuite$0.call(Unknown Source)
	at TempTestSuite1641999428088.run(TempTestSuite1641999428088.groovy:36)
Caused by: com.kms.katalon.core.webui.exception.WebElementNotFoundException: Web element with id: 'Object Repository/Page_Course Thit k phn mm/button_End tour' located by '//span[@id='tour-step-tool_usertours_8_2_1620109487-0']/div/div/div[4]/button[3]' not found
	at com.kms.katalon.core.webui.common.WebUiCommonHelper.findWebElement(WebUiCommonHelper.java:1368)
	at com.kms.katalon.core.webui.keyword.internal.WebUIAbstractKeyword.findWebElement(WebUIAbstractKeyword.groovy:27)
	at com.kms.katalon.core.webui.keyword.builtin.ClickKeyword$_click_closure1.doCall(ClickKeyword.groovy:65)
	at com.kms.katalon.core.webui.keyword.builtin.ClickKeyword$_click_closure1.call(ClickKeyword.groovy)
	at com.kms.katalon.core.webui.keyword.internal.WebUIKeywordMain.runKeyword(WebUIKeywordMain.groovy:20)
	at com.kms.katalon.core.webui.keyword.builtin.ClickKeyword.click(ClickKeyword.groovy:74)
	at com.kms.katalon.core.webui.keyword.builtin.ClickKeyword.execute(ClickKeyword.groovy:40)
	at com.kms.katalon.core.keyword.internal.KeywordExecutor.executeKeywordForPlatform(KeywordExecutor.groovy:74)
	at com.kms.katalon.core.webui.keyword.WebUiBuiltInKeywords.click(WebUiBuiltInKeywords.groovy:608)
	at com.kms.katalon.core.webui.keyword.WebUiBuiltInKeywords$click$9.call(Unknown Source)
	at Script1641633821080.run(Script1641633821080.groovy:28)
	... 13 more
)
[[ATTACHMENT|D:\\Test-Automation---SE-Bonus\\Reports\\20220112_215708\\Run all test cases\\20220112_215708\\1642000454568.png]]

2022-01-12 22:14:14 - [TEST_STEP][FAILED] - click(findTestObject("Object Repository/Page_Course Thit k phn mm/span_Quiz 1")): Unable to click on object 'Object Repository/Page_Course Thit k phn mm/span_Quiz 1' (Root cause: com.kms.katalon.core.exception.StepFailedException: Unable to click on object 'Object Repository/Page_Course Thit k phn mm/span_Quiz 1'
	at com.kms.katalon.core.webui.keyword.internal.WebUIKeywordMain.stepFailed(WebUIKeywordMain.groovy:64)
	at com.kms.katalon.core.webui.keyword.internal.WebUIKeywordMain.runKeyword(WebUIKeywordMain.groovy:26)
	at com.kms.katalon.core.webui.keyword.builtin.ClickKeyword.click(ClickKeyword.groovy:74)
	at com.kms.katalon.core.webui.keyword.builtin.ClickKeyword.execute(ClickKeyword.groovy:40)
	at com.kms.katalon.core.keyword.internal.KeywordExecutor.executeKeywordForPlatform(KeywordExecutor.groovy:74)
	at com.kms.katalon.core.webui.keyword.WebUiBuiltInKeywords.click(WebUiBuiltInKeywords.groovy:620)
	at com.kms.katalon.core.webui.keyword.WebUiBuiltInKeywords$click$1.call(Unknown Source)
	at Student attempt quiz.run(Student attempt quiz:30)
	at com.kms.katalon.core.main.ScriptEngine.run(ScriptEngine.java:194)
	at com.kms.katalon.core.main.ScriptEngine.runScriptAsRawText(ScriptEngine.java:119)
	at com.kms.katalon.core.main.TestCaseExecutor.runScript(TestCaseExecutor.java:442)
	at com.kms.katalon.core.main.TestCaseExecutor.doExecute(TestCaseExecutor.java:433)
	at com.kms.katalon.core.main.TestCaseExecutor.processExecutionPhase(TestCaseExecutor.java:412)
	at com.kms.katalon.core.main.TestCaseExecutor.accessMainPhase(TestCaseExecutor.java:404)
	at com.kms.katalon.core.main.TestCaseExecutor.execute(TestCaseExecutor.java:281)
	at com.kms.katalon.core.main.TestSuiteExecutor.accessTestCaseMainPhase(TestSuiteExecutor.java:202)
	at com.kms.katalon.core.main.TestSuiteExecutor.accessTestSuiteMainPhase(TestSuiteExecutor.java:164)
	at com.kms.katalon.core.main.TestSuiteExecutor.execute(TestSuiteExecutor.java:105)
	at com.kms.katalon.core.main.TestCaseMain.startTestSuite(TestCaseMain.java:181)
	at com.kms.katalon.core.main.TestCaseMain$startTestSuite$0.call(Unknown Source)
	at TempTestSuite1641999428088.run(TempTestSuite1641999428088.groovy:36)
Caused by: com.kms.katalon.core.webui.exception.WebElementNotFoundException: Web element with id: 'Object Repository/Page_Course Thit k phn mm/span_Quiz 1' located by '(.//*[normalize-space(text()) and normalize-space(.)='Mark as done'])[4]/following::span[1]' not found
	at com.kms.katalon.core.webui.common.WebUiCommonHelper.findWebElement(WebUiCommonHelper.java:1368)
	at com.kms.katalon.core.webui.keyword.internal.WebUIAbstractKeyword.findWebElement(WebUIAbstractKeyword.groovy:27)
	at com.kms.katalon.core.webui.keyword.builtin.ClickKeyword$_click_closure1.doCall(ClickKeyword.groovy:65)
	at com.kms.katalon.core.webui.keyword.builtin.ClickKeyword$_click_closure1.call(ClickKeyword.groovy)
	at com.kms.katalon.core.webui.keyword.internal.WebUIKeywordMain.runKeyword(WebUIKeywordMain.groovy:20)
	at com.kms.katalon.core.webui.keyword.builtin.ClickKeyword.click(ClickKeyword.groovy:74)
	at com.kms.katalon.core.webui.keyword.builtin.ClickKeyword.execute(ClickKeyword.groovy:40)
	at com.kms.katalon.core.keyword.internal.KeywordExecutor.executeKeywordForPlatform(KeywordExecutor.groovy:74)
	at com.kms.katalon.core.webui.keyword.WebUiBuiltInKeywords.click(WebUiBuiltInKeywords.groovy:620)
	at com.kms.katalon.core.webui.keyword.WebUiBuiltInKeywords$click$1.call(Unknown Source)
	at Script1641633821080.run(Script1641633821080.groovy:30)
	... 13 more
)

2022-01-12 22:14:45 - [MESSAGE][INFO] - Unable to find the element located by 'By.xpath: (.//*[normalize-space(text()) and normalize-space(.)='Mark as done'])[4]/following::span[1]'. Please recheck the objects properties to make sure the desired element is located. 

2022-01-12 22:14:46 - [MESSAGE][FAILED] - Unable to click on object 'Object Repository/Page_Course Thit k phn mm/span_Quiz 1' (Root cause: com.kms.katalon.core.exception.StepFailedException: Unable to click on object 'Object Repository/Page_Course Thit k phn mm/span_Quiz 1'
	at com.kms.katalon.core.webui.keyword.internal.WebUIKeywordMain.stepFailed(WebUIKeywordMain.groovy:64)
	at com.kms.katalon.core.webui.keyword.internal.WebUIKeywordMain.runKeyword(WebUIKeywordMain.groovy:26)
	at com.kms.katalon.core.webui.keyword.builtin.ClickKeyword.click(ClickKeyword.groovy:74)
	at com.kms.katalon.core.webui.keyword.builtin.ClickKeyword.execute(ClickKeyword.groovy:40)
	at com.kms.katalon.core.keyword.internal.KeywordExecutor.executeKeywordForPlatform(KeywordExecutor.groovy:74)
	at com.kms.katalon.core.webui.keyword.WebUiBuiltInKeywords.click(WebUiBuiltInKeywords.groovy:620)
	at com.kms.katalon.core.webui.keyword.WebUiBuiltInKeywords$click$1.call(Unknown Source)
	at Student attempt quiz.run(Student attempt quiz:30)
	at com.kms.katalon.core.main.ScriptEngine.run(ScriptEngine.java:194)
	at com.kms.katalon.core.main.ScriptEngine.runScriptAsRawText(ScriptEngine.java:119)
	at com.kms.katalon.core.main.TestCaseExecutor.runScript(TestCaseExecutor.java:442)
	at com.kms.katalon.core.main.TestCaseExecutor.doExecute(TestCaseExecutor.java:433)
	at com.kms.katalon.core.main.TestCaseExecutor.processExecutionPhase(TestCaseExecutor.java:412)
	at com.kms.katalon.core.main.TestCaseExecutor.accessMainPhase(TestCaseExecutor.java:404)
	at com.kms.katalon.core.main.TestCaseExecutor.execute(TestCaseExecutor.java:281)
	at com.kms.katalon.core.main.TestSuiteExecutor.accessTestCaseMainPhase(TestSuiteExecutor.java:202)
	at com.kms.katalon.core.main.TestSuiteExecutor.accessTestSuiteMainPhase(TestSuiteExecutor.java:164)
	at com.kms.katalon.core.main.TestSuiteExecutor.execute(TestSuiteExecutor.java:105)
	at com.kms.katalon.core.main.TestCaseMain.startTestSuite(TestCaseMain.java:181)
	at com.kms.katalon.core.main.TestCaseMain$startTestSuite$0.call(Unknown Source)
	at TempTestSuite1641999428088.run(TempTestSuite1641999428088.groovy:36)
Caused by: com.kms.katalon.core.webui.exception.WebElementNotFoundException: Web element with id: 'Object Repository/Page_Course Thit k phn mm/span_Quiz 1' located by '(.//*[normalize-space(text()) and normalize-space(.)='Mark as done'])[4]/following::span[1]' not found
	at com.kms.katalon.core.webui.common.WebUiCommonHelper.findWebElement(WebUiCommonHelper.java:1368)
	at com.kms.katalon.core.webui.keyword.internal.WebUIAbstractKeyword.findWebElement(WebUIAbstractKeyword.groovy:27)
	at com.kms.katalon.core.webui.keyword.builtin.ClickKeyword$_click_closure1.doCall(ClickKeyword.groovy:65)
	at com.kms.katalon.core.webui.keyword.builtin.ClickKeyword$_click_closure1.call(ClickKeyword.groovy)
	at com.kms.katalon.core.webui.keyword.internal.WebUIKeywordMain.runKeyword(WebUIKeywordMain.groovy:20)
	at com.kms.katalon.core.webui.keyword.builtin.ClickKeyword.click(ClickKeyword.groovy:74)
	at com.kms.katalon.core.webui.keyword.builtin.ClickKeyword.execute(ClickKeyword.groovy:40)
	at com.kms.katalon.core.keyword.internal.KeywordExecutor.executeKeywordForPlatform(KeywordExecutor.groovy:74)
	at com.kms.katalon.core.webui.keyword.WebUiBuiltInKeywords.click(WebUiBuiltInKeywords.groovy:620)
	at com.kms.katalon.core.webui.keyword.WebUiBuiltInKeywords$click$1.call(Unknown Source)
	at Script1641633821080.run(Script1641633821080.groovy:30)
	... 13 more
)
[[ATTACHMENT|D:\\Test-Automation---SE-Bonus\\Reports\\20220112_215708\\Run all test cases\\20220112_215708\\1642000485868.png]]]]></system-out>
         <system-err><![CDATA[2022-01-12 22:13:30 - [TEST_CASE][FAILED] - Test Cases/Student attempt quiz: Test Cases/Student attempt quiz FAILED.
Reason:
com.kms.katalon.core.exception.StepFailedException: Unable to click on object 'Object Repository/Page_Course Thit k phn mm/span_Quiz 1'
	at com.kms.katalon.core.webui.keyword.internal.WebUIKeywordMain.stepFailed(WebUIKeywordMain.groovy:64)
	at com.kms.katalon.core.webui.keyword.internal.WebUIKeywordMain.runKeyword(WebUIKeywordMain.groovy:26)
	at com.kms.katalon.core.webui.keyword.builtin.ClickKeyword.click(ClickKeyword.groovy:74)
	at com.kms.katalon.core.webui.keyword.builtin.ClickKeyword.execute(ClickKeyword.groovy:40)
	at com.kms.katalon.core.keyword.internal.KeywordExecutor.executeKeywordForPlatform(KeywordExecutor.groovy:74)
	at com.kms.katalon.core.webui.keyword.WebUiBuiltInKeywords.click(WebUiBuiltInKeywords.groovy:620)
	at com.kms.katalon.core.webui.keyword.WebUiBuiltInKeywords$click$1.call(Unknown Source)
	at Student attempt quiz.run(Student attempt quiz:30)
	at com.kms.katalon.core.main.ScriptEngine.run(ScriptEngine.java:194)
	at com.kms.katalon.core.main.ScriptEngine.runScriptAsRawText(ScriptEngine.java:119)
	at com.kms.katalon.core.main.TestCaseExecutor.runScript(TestCaseExecutor.java:442)
	at com.kms.katalon.core.main.TestCaseExecutor.doExecute(TestCaseExecutor.java:433)
	at com.kms.katalon.core.main.TestCaseExecutor.processExecutionPhase(TestCaseExecutor.java:412)
	at com.kms.katalon.core.main.TestCaseExecutor.accessMainPhase(TestCaseExecutor.java:404)
	at com.kms.katalon.core.main.TestCaseExecutor.execute(TestCaseExecutor.java:281)
	at com.kms.katalon.core.main.TestSuiteExecutor.accessTestCaseMainPhase(TestSuiteExecutor.java:202)
	at com.kms.katalon.core.main.TestSuiteExecutor.accessTestSuiteMainPhase(TestSuiteExecutor.java:164)
	at com.kms.katalon.core.main.TestSuiteExecutor.execute(TestSuiteExecutor.java:105)
	at com.kms.katalon.core.main.TestCaseMain.startTestSuite(TestCaseMain.java:181)
	at com.kms.katalon.core.main.TestCaseMain$startTestSuite$0.call(Unknown Source)
	at TempTestSuite1641999428088.run(TempTestSuite1641999428088.groovy:36)
Caused by: com.kms.katalon.core.webui.exception.WebElementNotFoundException: Web element with id: 'Object Repository/Page_Course Thit k phn mm/span_Quiz 1' located by '(.//*[normalize-space(text()) and normalize-space(.)='Mark as done'])[4]/following::span[1]' not found
	at com.kms.katalon.core.webui.common.WebUiCommonHelper.findWebElement(WebUiCommonHelper.java:1368)
	at com.kms.katalon.core.webui.keyword.internal.WebUIAbstractKeyword.findWebElement(WebUIAbstractKeyword.groovy:27)
	at com.kms.katalon.core.webui.keyword.builtin.ClickKeyword$_click_closure1.doCall(ClickKeyword.groovy:65)
	at com.kms.katalon.core.webui.keyword.builtin.ClickKeyword$_click_closure1.call(ClickKeyword.groovy)
	at com.kms.katalon.core.webui.keyword.internal.WebUIKeywordMain.runKeyword(WebUIKeywordMain.groovy:20)
	... 19 more]]></system-err>
      </testcase>
      <testcase name="Test Cases/Student group chat" time="15.79" classname="Test Cases/Student group chat" status="PASSED">
         <system-out><![CDATA[2022-01-12 22:14:46 - [TEST_CASE][PASSED] - Test Cases/Student group chat: Test Cases/Student group chat

2022-01-12 22:14:46 - [TEST_STEP][PASSED] - callTestCase(findTestCase("Login as user (student)"), [:], STOP_ON_FAILURE): Call Test Case 'Test Cases/Login as user (student)' successfully

2022-01-12 22:14:46 - [TEST_CASE][PASSED] - Test Cases/Login as user (student): Test Cases/Login as user (student)

2022-01-12 22:14:46 - [TEST_STEP][PASSED] - openBrowser(""): Browser is opened with url: ''

2022-01-12 22:14:46 - [MESSAGE][WARNING] - A browser is already opened. Closing browser and opening a new one

2022-01-12 22:14:47 - [MESSAGE][INFO] - Starting 'Edge Chromium' driver

2022-01-12 22:14:49 - [MESSAGE][INFO] - Action delay is set to 0 milliseconds

2022-01-12 22:14:51 - [MESSAGE][PASSED] - Browser is opened with url: ''

2022-01-12 22:14:51 - [TEST_STEP][PASSED] - maximizeWindow(): Current window maximized

2022-01-12 22:14:51 - [MESSAGE][PASSED] - Current window maximized

2022-01-12 22:14:51 - [TEST_STEP][PASSED] - navigateToUrl("http://localhost/"): Navigate to 'http://localhost/' successfully

2022-01-12 22:14:51 - [MESSAGE][PASSED] - Navigate to 'http://localhost/' successfully

2022-01-12 22:14:51 - [TEST_STEP][PASSED] - click(findTestObject("Object Repository/Page_My Moodle/a_Log in")): Object: 'Object Repository/Page_My Moodle/a_Log in' is clicked on

2022-01-12 22:14:52 - [MESSAGE][PASSED] - Object: 'Object Repository/Page_My Moodle/a_Log in' is clicked on

2022-01-12 22:14:52 - [TEST_STEP][PASSED] - setText(findTestObject("Object Repository/Page_My Moodle Log in to the site/input_Username_username"), "student"): Text 'student' is set on object 'Object Repository/Page_My Moodle Log in to the site/input_Username_username'

2022-01-12 22:14:53 - [MESSAGE][PASSED] - Text 'student' is set on object 'Object Repository/Page_My Moodle Log in to the site/input_Username_username'

2022-01-12 22:14:53 - [TEST_STEP][PASSED] - setEncryptedText(findTestObject("Object Repository/Page_My Moodle Log in to the site/input_Password_password"), "3t5OwH/+bwwlEvOXGw7/rg=="): Text ****** has been set on object 'Object Repository/Page_My Moodle Log in to the site/input_Password_password'

2022-01-12 22:14:53 - [MESSAGE][PASSED] - Text ****** has been set on object 'Object Repository/Page_My Moodle Log in to the site/input_Password_password'

2022-01-12 22:14:53 - [TEST_STEP][PASSED] - click(findTestObject("Object Repository/Page_My Moodle Log in to the site/button_Log in")): Object: 'Object Repository/Page_My Moodle Log in to the site/button_Log in' is clicked on

2022-01-12 22:14:54 - [MESSAGE][PASSED] - Object: 'Object Repository/Page_My Moodle Log in to the site/button_Log in' is clicked on

2022-01-12 22:14:54 - [MESSAGE][PASSED] - Call Test Case 'Test Cases/Login as user (student)' successfully

2022-01-12 22:14:54 - [TEST_STEP][PASSED] - click(findTestObject("Object Repository/Page_Dashboard/a_0_1")): Object: 'Object Repository/Page_Dashboard/a_0_1' is clicked on

2022-01-12 22:14:56 - [MESSAGE][PASSED] - Object: 'Object Repository/Page_Dashboard/a_0_1' is clicked on

2022-01-12 22:14:56 - [TEST_STEP][PASSED] - click(findTestObject("Object Repository/Page_Dashboard/strong_Student Testing")): Object: 'Object Repository/Page_Dashboard/strong_Student Testing' is clicked on

2022-01-12 22:14:57 - [MESSAGE][PASSED] - Object: 'Object Repository/Page_Dashboard/strong_Student Testing' is clicked on

2022-01-12 22:14:57 - [TEST_STEP][PASSED] - setText(findTestObject("Object Repository/Page_Dashboard/textarea_Use enter to send_yui_3_17_2_1_164_ee0ab2"), "Hello bạn "): Text 'Hello bạn ' is set on object 'Object Repository/Page_Dashboard/textarea_Use enter to send_yui_3_17_2_1_164_ee0ab2'

2022-01-12 22:14:58 - [MESSAGE][PASSED] - Text 'Hello bạn ' is set on object 'Object Repository/Page_Dashboard/textarea_Use enter to send_yui_3_17_2_1_164_ee0ab2'

2022-01-12 22:14:58 - [TEST_STEP][PASSED] - click(findTestObject("Object Repository/Page_Dashboard/i__icon fa fa-smile-o fa-fw")): Object: 'Object Repository/Page_Dashboard/i__icon fa fa-smile-o fa-fw' is clicked on

2022-01-12 22:14:59 - [MESSAGE][PASSED] - Object: 'Object Repository/Page_Dashboard/i__icon fa fa-smile-o fa-fw' is clicked on

2022-01-12 22:14:59 - [TEST_STEP][PASSED] - click(findTestObject("Object Repository/Page_Dashboard/button_")): Object: 'Object Repository/Page_Dashboard/button_' is clicked on

2022-01-12 22:14:59 - [MESSAGE][PASSED] - Object: 'Object Repository/Page_Dashboard/button_' is clicked on

2022-01-12 22:14:59 - [TEST_STEP][PASSED] - click(findTestObject("Object Repository/Page_Dashboard/i__icon fa fa-paper-plane fa-fw")): Object: 'Object Repository/Page_Dashboard/i__icon fa fa-paper-plane fa-fw' is clicked on

2022-01-12 22:15:00 - [MESSAGE][PASSED] - Object: 'Object Repository/Page_Dashboard/i__icon fa fa-paper-plane fa-fw' is clicked on

2022-01-12 22:15:00 - [TEST_STEP][PASSED] - setText(findTestObject("Object Repository/Page_Dashboard/textarea_Use enter to send_yui_3_17_2_1_164_ee0ab2"), "Cho mình test chức năng ở đây nha"): Text 'Cho mình test chức năng ở đây nha' is set on object 'Object Repository/Page_Dashboard/textarea_Use enter to send_yui_3_17_2_1_164_ee0ab2'

2022-01-12 22:15:01 - [MESSAGE][PASSED] - Text 'Cho mình test chức năng ở đây nha' is set on object 'Object Repository/Page_Dashboard/textarea_Use enter to send_yui_3_17_2_1_164_ee0ab2'

2022-01-12 22:15:01 - [TEST_STEP][PASSED] - click(findTestObject("Object Repository/Page_Dashboard/i__yui_3_17_2_1_1641658068963_232")): Object: 'Object Repository/Page_Dashboard/i__yui_3_17_2_1_1641658068963_232' is clicked on

2022-01-12 22:15:01 - [MESSAGE][PASSED] - Object: 'Object Repository/Page_Dashboard/i__yui_3_17_2_1_1641658068963_232' is clicked on]]></system-out>
         <system-err><![CDATA[]]></system-err>
      </testcase>
      <testcase name="Test Cases/Teacher delete topic" time="14.434" classname="Test Cases/Teacher delete topic" status="PASSED">
         <system-out><![CDATA[2022-01-12 22:15:01 - [TEST_CASE][PASSED] - Test Cases/Teacher delete topic: Test Cases/Teacher delete topic

2022-01-12 22:15:02 - [TEST_STEP][PASSED] - callTestCase(findTestCase("Login as user (teacher)"), [:], STOP_ON_FAILURE): Call Test Case 'Test Cases/Login as user (teacher)' successfully

2022-01-12 22:15:02 - [TEST_CASE][PASSED] - Test Cases/Login as user (teacher): Test Cases/Login as user (teacher)

2022-01-12 22:15:02 - [TEST_STEP][PASSED] - openBrowser(""): Browser is opened with url: ''

2022-01-12 22:15:02 - [MESSAGE][WARNING] - A browser is already opened. Closing browser and opening a new one

2022-01-12 22:15:03 - [MESSAGE][INFO] - Starting 'Edge Chromium' driver

2022-01-12 22:15:05 - [MESSAGE][INFO] - Action delay is set to 0 milliseconds

2022-01-12 22:15:06 - [MESSAGE][PASSED] - Browser is opened with url: ''

2022-01-12 22:15:06 - [TEST_STEP][PASSED] - maximizeWindow(): Current window maximized

2022-01-12 22:15:06 - [MESSAGE][PASSED] - Current window maximized

2022-01-12 22:15:06 - [TEST_STEP][PASSED] - navigateToUrl("http://localhost/"): Navigate to 'http://localhost/' successfully

2022-01-12 22:15:07 - [MESSAGE][PASSED] - Navigate to 'http://localhost/' successfully

2022-01-12 22:15:07 - [TEST_STEP][PASSED] - click(findTestObject("Object Repository/Page_My Moodle/a_Log in")): Object: 'Object Repository/Page_My Moodle/a_Log in' is clicked on

2022-01-12 22:15:08 - [MESSAGE][PASSED] - Object: 'Object Repository/Page_My Moodle/a_Log in' is clicked on

2022-01-12 22:15:08 - [TEST_STEP][PASSED] - setText(findTestObject("Object Repository/Page_My Moodle Log in to the site/input_Username_username"), "teacher"): Text 'teacher' is set on object 'Object Repository/Page_My Moodle Log in to the site/input_Username_username'

2022-01-12 22:15:09 - [MESSAGE][PASSED] - Text 'teacher' is set on object 'Object Repository/Page_My Moodle Log in to the site/input_Username_username'

2022-01-12 22:15:09 - [TEST_STEP][PASSED] - setEncryptedText(findTestObject("Object Repository/Page_My Moodle Log in to the site/input_Password_password"), "3fJEwIvstDDnFTEIk7299A=="): Text ****** has been set on object 'Object Repository/Page_My Moodle Log in to the site/input_Password_password'

2022-01-12 22:15:09 - [MESSAGE][PASSED] - Text ****** has been set on object 'Object Repository/Page_My Moodle Log in to the site/input_Password_password'

2022-01-12 22:15:09 - [TEST_STEP][PASSED] - click(findTestObject("Object Repository/Page_My Moodle Log in to the site/button_Log in")): Object: 'Object Repository/Page_My Moodle Log in to the site/button_Log in' is clicked on

2022-01-12 22:15:10 - [MESSAGE][PASSED] - Object: 'Object Repository/Page_My Moodle Log in to the site/button_Log in' is clicked on

2022-01-12 22:15:10 - [MESSAGE][PASSED] - Call Test Case 'Test Cases/Login as user (teacher)' successfully

2022-01-12 22:15:10 - [TEST_STEP][PASSED] - click(findTestObject("Object Repository/Page_Dashboard/span_Site home")): Object: 'Object Repository/Page_Dashboard/span_Site home' is clicked on

2022-01-12 22:15:12 - [MESSAGE][PASSED] - Object: 'Object Repository/Page_Dashboard/span_Site home' is clicked on

2022-01-12 22:15:12 - [TEST_STEP][PASSED] - navigateToUrl("http://localhost/?redirect=0"): Navigate to 'http://localhost/?redirect=0' successfully

2022-01-12 22:15:12 - [MESSAGE][PASSED] - Navigate to 'http://localhost/?redirect=0' successfully

2022-01-12 22:15:12 - [TEST_STEP][PASSED] - click(findTestObject("Object Repository/Page_My Moodle/a_Phn tch v qun l yu cu phn mm")): Object: 'Object Repository/Page_My Moodle/a_Phn tch v qun l yu cu phn mm' is clicked on

2022-01-12 22:15:13 - [MESSAGE][PASSED] - Object: 'Object Repository/Page_My Moodle/a_Phn tch v qun l yu cu phn mm' is clicked on

2022-01-12 22:15:13 - [TEST_STEP][PASSED] - click(findTestObject("Object Repository/Page_Course Phn tch v qun l yu cu phn mm/button_Turn editing on")): Object: 'Object Repository/Page_Course Phn tch v qun l yu cu phn mm/button_Turn editing on' is clicked on

2022-01-12 22:15:14 - [MESSAGE][PASSED] - Object: 'Object Repository/Page_Course Phn tch v qun l yu cu phn mm/button_Turn editing on' is clicked on

2022-01-12 22:15:14 - [TEST_STEP][PASSED] - click(findTestObject("Object Repository/Page_Course Phn tch v qun l yu cu phn mm/a_Edit")): Object: 'Object Repository/Page_Course Phn tch v qun l yu cu phn mm/a_Edit' is clicked on

2022-01-12 22:15:15 - [MESSAGE][PASSED] - Object: 'Object Repository/Page_Course Phn tch v qun l yu cu phn mm/a_Edit' is clicked on

2022-01-12 22:15:15 - [TEST_STEP][PASSED] - click(findTestObject("Object Repository/Page_Course Phn tch v qun l yu cu phn mm/span_Delete topic")): Object: 'Object Repository/Page_Course Phn tch v qun l yu cu phn mm/span_Delete topic' is clicked on

2022-01-12 22:15:16 - [MESSAGE][PASSED] - Object: 'Object Repository/Page_Course Phn tch v qun l yu cu phn mm/span_Delete topic' is clicked on]]></system-out>
         <system-err><![CDATA[]]></system-err>
      </testcase>
      <testcase name="Test Cases/User change password (with wrong format)" time="16.366" classname="Test Cases/User change password (with wrong format)" status="PASSED">
         <system-out><![CDATA[2022-01-12 22:15:16 - [TEST_CASE][PASSED] - Test Cases/User change password (with wrong format): Test Cases/User change password (with wrong format)

2022-01-12 22:15:16 - [TEST_STEP][PASSED] - callTestCase(findTestCase("Login as user (student)"), [:], STOP_ON_FAILURE): Call Test Case 'Test Cases/Login as user (student)' successfully

2022-01-12 22:15:16 - [TEST_CASE][PASSED] - Test Cases/Login as user (student): Test Cases/Login as user (student)

2022-01-12 22:15:16 - [TEST_STEP][PASSED] - openBrowser(""): Browser is opened with url: ''

2022-01-12 22:15:16 - [MESSAGE][WARNING] - A browser is already opened. Closing browser and opening a new one

2022-01-12 22:15:17 - [MESSAGE][INFO] - Starting 'Edge Chromium' driver

2022-01-12 22:15:19 - [MESSAGE][INFO] - Action delay is set to 0 milliseconds

2022-01-12 22:15:20 - [MESSAGE][PASSED] - Browser is opened with url: ''

2022-01-12 22:15:20 - [TEST_STEP][PASSED] - maximizeWindow(): Current window maximized

2022-01-12 22:15:21 - [MESSAGE][PASSED] - Current window maximized

2022-01-12 22:15:21 - [TEST_STEP][PASSED] - navigateToUrl("http://localhost/"): Navigate to 'http://localhost/' successfully

2022-01-12 22:15:21 - [MESSAGE][PASSED] - Navigate to 'http://localhost/' successfully

2022-01-12 22:15:21 - [TEST_STEP][PASSED] - click(findTestObject("Object Repository/Page_My Moodle/a_Log in")): Object: 'Object Repository/Page_My Moodle/a_Log in' is clicked on

2022-01-12 22:15:22 - [MESSAGE][PASSED] - Object: 'Object Repository/Page_My Moodle/a_Log in' is clicked on

2022-01-12 22:15:22 - [TEST_STEP][PASSED] - setText(findTestObject("Object Repository/Page_My Moodle Log in to the site/input_Username_username"), "student"): Text 'student' is set on object 'Object Repository/Page_My Moodle Log in to the site/input_Username_username'

2022-01-12 22:15:23 - [MESSAGE][PASSED] - Text 'student' is set on object 'Object Repository/Page_My Moodle Log in to the site/input_Username_username'

2022-01-12 22:15:23 - [TEST_STEP][PASSED] - setEncryptedText(findTestObject("Object Repository/Page_My Moodle Log in to the site/input_Password_password"), "3t5OwH/+bwwlEvOXGw7/rg=="): Text ****** has been set on object 'Object Repository/Page_My Moodle Log in to the site/input_Password_password'

2022-01-12 22:15:23 - [MESSAGE][PASSED] - Text ****** has been set on object 'Object Repository/Page_My Moodle Log in to the site/input_Password_password'

2022-01-12 22:15:23 - [TEST_STEP][PASSED] - click(findTestObject("Object Repository/Page_My Moodle Log in to the site/button_Log in")): Object: 'Object Repository/Page_My Moodle Log in to the site/button_Log in' is clicked on

2022-01-12 22:15:25 - [MESSAGE][PASSED] - Object: 'Object Repository/Page_My Moodle Log in to the site/button_Log in' is clicked on

2022-01-12 22:15:25 - [MESSAGE][PASSED] - Call Test Case 'Test Cases/Login as user (student)' successfully

2022-01-12 22:15:25 - [TEST_STEP][PASSED] - click(findTestObject("Object Repository/Page_Dashboard/img_Trong Le_userpicture defaultuserpic")): Object: 'Object Repository/Page_Dashboard/img_Trong Le_userpicture defaultuserpic' is clicked on

2022-01-12 22:15:26 - [MESSAGE][PASSED] - Object: 'Object Repository/Page_Dashboard/img_Trong Le_userpicture defaultuserpic' is clicked on

2022-01-12 22:15:26 - [TEST_STEP][PASSED] - click(findTestObject("Object Repository/Page_Dashboard/span_Profile")): Object: 'Object Repository/Page_Dashboard/span_Profile' is clicked on

2022-01-12 22:15:27 - [MESSAGE][PASSED] - Object: 'Object Repository/Page_Dashboard/span_Profile' is clicked on

2022-01-12 22:15:27 - [TEST_STEP][PASSED] - click(findTestObject("Object Repository/Page_Trong Le Public profile/a_Message_action-menu-toggle-2")): Object: 'Object Repository/Page_Trong Le Public profile/a_Message_action-menu-toggle-2' is clicked on

2022-01-12 22:15:28 - [MESSAGE][PASSED] - Object: 'Object Repository/Page_Trong Le Public profile/a_Message_action-menu-toggle-2' is clicked on

2022-01-12 22:15:28 - [TEST_STEP][PASSED] - click(findTestObject("Object Repository/Page_Trong Le Public profile/a_Change password")): Object: 'Object Repository/Page_Trong Le Public profile/a_Change password' is clicked on

2022-01-12 22:15:29 - [MESSAGE][PASSED] - Object: 'Object Repository/Page_Trong Le Public profile/a_Change password' is clicked on

2022-01-12 22:15:29 - [TEST_STEP][PASSED] - setEncryptedText(findTestObject("Object Repository/Page_Change password/input_Current password_password"), "3t5OwH/+bwwlEvOXGw7/rg=="): Text ****** has been set on object 'Object Repository/Page_Change password/input_Current password_password'

2022-01-12 22:15:29 - [MESSAGE][PASSED] - Text ****** has been set on object 'Object Repository/Page_Change password/input_Current password_password'

2022-01-12 22:15:29 - [TEST_STEP][PASSED] - setEncryptedText(findTestObject("Object Repository/Page_Change password/input_New password_newpassword1"), "QJblfja5Cso="): Text ****** has been set on object 'Object Repository/Page_Change password/input_New password_newpassword1'

2022-01-12 22:15:30 - [MESSAGE][PASSED] - Text ****** has been set on object 'Object Repository/Page_Change password/input_New password_newpassword1'

2022-01-12 22:15:30 - [TEST_STEP][PASSED] - setEncryptedText(findTestObject("Object Repository/Page_Change password/input_New password (again)_newpassword2"), "QJblfja5Cso="): Text ****** has been set on object 'Object Repository/Page_Change password/input_New password (again)_newpassword2'

2022-01-12 22:15:30 - [MESSAGE][PASSED] - Text ****** has been set on object 'Object Repository/Page_Change password/input_New password (again)_newpassword2'

2022-01-12 22:15:30 - [TEST_STEP][PASSED] - click(findTestObject("Object Repository/Page_Change password/input_New password (again)_submitbutton")): Object: 'Object Repository/Page_Change password/input_New password (again)_submitbutton' is clicked on

2022-01-12 22:15:32 - [MESSAGE][PASSED] - Object: 'Object Repository/Page_Change password/input_New password (again)_submitbutton' is clicked on

2022-01-12 22:15:32 - [TEST_STEP][PASSED] - click(findTestObject("Object Repository/Page_Change password/div_The password must have at least 1 speci_80717b")): Object: 'Object Repository/Page_Change password/div_The password must have at least 1 speci_80717b' is clicked on

2022-01-12 22:15:32 - [MESSAGE][PASSED] - Object: 'Object Repository/Page_Change password/div_The password must have at least 1 speci_80717b' is clicked on]]></system-out>
         <system-err><![CDATA[]]></system-err>
      </testcase>
      <testcase name="Test Cases/User change password (with wrong re-password)" time="16.098" classname="Test Cases/User change password (with wrong re-password)" status="PASSED">
         <system-out><![CDATA[2022-01-12 22:15:32 - [TEST_CASE][PASSED] - Test Cases/User change password (with wrong re-password): Test Cases/User change password (with wrong re-password)

2022-01-12 22:15:32 - [TEST_STEP][PASSED] - callTestCase(findTestCase("Login as user (student)"), [:], STOP_ON_FAILURE): Call Test Case 'Test Cases/Login as user (student)' successfully

2022-01-12 22:15:32 - [TEST_CASE][PASSED] - Test Cases/Login as user (student): Test Cases/Login as user (student)

2022-01-12 22:15:33 - [TEST_STEP][PASSED] - openBrowser(""): Browser is opened with url: ''

2022-01-12 22:15:33 - [MESSAGE][WARNING] - A browser is already opened. Closing browser and opening a new one

2022-01-12 22:15:33 - [MESSAGE][INFO] - Starting 'Edge Chromium' driver

2022-01-12 22:15:36 - [MESSAGE][INFO] - Action delay is set to 0 milliseconds

2022-01-12 22:15:37 - [MESSAGE][PASSED] - Browser is opened with url: ''

2022-01-12 22:15:37 - [TEST_STEP][PASSED] - maximizeWindow(): Current window maximized

2022-01-12 22:15:37 - [MESSAGE][PASSED] - Current window maximized

2022-01-12 22:15:37 - [TEST_STEP][PASSED] - navigateToUrl("http://localhost/"): Navigate to 'http://localhost/' successfully

2022-01-12 22:15:38 - [MESSAGE][PASSED] - Navigate to 'http://localhost/' successfully

2022-01-12 22:15:38 - [TEST_STEP][PASSED] - click(findTestObject("Object Repository/Page_My Moodle/a_Log in")): Object: 'Object Repository/Page_My Moodle/a_Log in' is clicked on

2022-01-12 22:15:39 - [MESSAGE][PASSED] - Object: 'Object Repository/Page_My Moodle/a_Log in' is clicked on

2022-01-12 22:15:39 - [TEST_STEP][PASSED] - setText(findTestObject("Object Repository/Page_My Moodle Log in to the site/input_Username_username"), "student"): Text 'student' is set on object 'Object Repository/Page_My Moodle Log in to the site/input_Username_username'

2022-01-12 22:15:39 - [MESSAGE][PASSED] - Text 'student' is set on object 'Object Repository/Page_My Moodle Log in to the site/input_Username_username'

2022-01-12 22:15:39 - [TEST_STEP][PASSED] - setEncryptedText(findTestObject("Object Repository/Page_My Moodle Log in to the site/input_Password_password"), "3t5OwH/+bwwlEvOXGw7/rg=="): Text ****** has been set on object 'Object Repository/Page_My Moodle Log in to the site/input_Password_password'

2022-01-12 22:15:40 - [MESSAGE][PASSED] - Text ****** has been set on object 'Object Repository/Page_My Moodle Log in to the site/input_Password_password'

2022-01-12 22:15:40 - [TEST_STEP][PASSED] - click(findTestObject("Object Repository/Page_My Moodle Log in to the site/button_Log in")): Object: 'Object Repository/Page_My Moodle Log in to the site/button_Log in' is clicked on

2022-01-12 22:15:41 - [MESSAGE][PASSED] - Object: 'Object Repository/Page_My Moodle Log in to the site/button_Log in' is clicked on

2022-01-12 22:15:41 - [MESSAGE][PASSED] - Call Test Case 'Test Cases/Login as user (student)' successfully

2022-01-12 22:15:41 - [TEST_STEP][PASSED] - click(findTestObject("Object Repository/Page_Dashboard/span_Trong Le_avatar current")): Object: 'Object Repository/Page_Dashboard/span_Trong Le_avatar current' is clicked on

2022-01-12 22:15:43 - [MESSAGE][PASSED] - Object: 'Object Repository/Page_Dashboard/span_Trong Le_avatar current' is clicked on

2022-01-12 22:15:43 - [TEST_STEP][PASSED] - click(findTestObject("Object Repository/Page_Dashboard/span_Profile")): Object: 'Object Repository/Page_Dashboard/span_Profile' is clicked on

2022-01-12 22:15:44 - [MESSAGE][PASSED] - Object: 'Object Repository/Page_Dashboard/span_Profile' is clicked on

2022-01-12 22:15:44 - [TEST_STEP][PASSED] - click(findTestObject("Object Repository/Page_Trong Le Public profile/i_Message_icon fa fa-cog fa-fw")): Object: 'Object Repository/Page_Trong Le Public profile/i_Message_icon fa fa-cog fa-fw' is clicked on

2022-01-12 22:15:44 - [MESSAGE][PASSED] - Object: 'Object Repository/Page_Trong Le Public profile/i_Message_icon fa fa-cog fa-fw' is clicked on

2022-01-12 22:15:44 - [TEST_STEP][PASSED] - click(findTestObject("Object Repository/Page_Trong Le Public profile/a_Change password")): Object: 'Object Repository/Page_Trong Le Public profile/a_Change password' is clicked on

2022-01-12 22:15:45 - [MESSAGE][PASSED] - Object: 'Object Repository/Page_Trong Le Public profile/a_Change password' is clicked on

2022-01-12 22:15:45 - [TEST_STEP][PASSED] - setEncryptedText(findTestObject("Object Repository/Page_Change password/input_Current password_password"), "3t5OwH/+bwwlEvOXGw7/rg=="): Text ****** has been set on object 'Object Repository/Page_Change password/input_Current password_password'

2022-01-12 22:15:46 - [MESSAGE][PASSED] - Text ****** has been set on object 'Object Repository/Page_Change password/input_Current password_password'

2022-01-12 22:15:46 - [TEST_STEP][PASSED] - setEncryptedText(findTestObject("Object Repository/Page_Change password/input_New password_newpassword1"), "qKcRfOo2JT0RHRey+Jl3+Q=="): Text ****** has been set on object 'Object Repository/Page_Change password/input_New password_newpassword1'

2022-01-12 22:15:46 - [MESSAGE][PASSED] - Text ****** has been set on object 'Object Repository/Page_Change password/input_New password_newpassword1'

2022-01-12 22:15:46 - [TEST_STEP][PASSED] - setEncryptedText(findTestObject("Object Repository/Page_Change password/input_New password (again)_newpassword2"), "xIMlKdBFRc8="): Text ****** has been set on object 'Object Repository/Page_Change password/input_New password (again)_newpassword2'

2022-01-12 22:15:47 - [MESSAGE][PASSED] - Text ****** has been set on object 'Object Repository/Page_Change password/input_New password (again)_newpassword2'

2022-01-12 22:15:47 - [TEST_STEP][PASSED] - click(findTestObject("Object Repository/Page_Change password/input_New password (again)_submitbutton")): Object: 'Object Repository/Page_Change password/input_New password (again)_submitbutton' is clicked on

2022-01-12 22:15:48 - [MESSAGE][PASSED] - Object: 'Object Repository/Page_Change password/input_New password (again)_submitbutton' is clicked on

2022-01-12 22:15:48 - [TEST_STEP][PASSED] - click(findTestObject("Object Repository/Page_Change password/div_These passwords do not match")): Object: 'Object Repository/Page_Change password/div_These passwords do not match' is clicked on

2022-01-12 22:15:48 - [MESSAGE][PASSED] - Object: 'Object Repository/Page_Change password/div_These passwords do not match' is clicked on]]></system-out>
         <system-err><![CDATA[]]></system-err>
      </testcase>
      <testcase name="Test Cases/User change password (with wrong old password)" time="15.424" classname="Test Cases/User change password (with wrong old password)" status="PASSED">
         <system-out><![CDATA[2022-01-12 22:15:48 - [TEST_CASE][PASSED] - Test Cases/User change password (with wrong old password): Test Cases/User change password (with wrong old password)

2022-01-12 22:15:48 - [TEST_STEP][PASSED] - callTestCase(findTestCase("Login as user (student)"), [:], STOP_ON_FAILURE): Call Test Case 'Test Cases/Login as user (student)' successfully

2022-01-12 22:15:49 - [TEST_CASE][PASSED] - Test Cases/Login as user (student): Test Cases/Login as user (student)

2022-01-12 22:15:49 - [TEST_STEP][PASSED] - openBrowser(""): Browser is opened with url: ''

2022-01-12 22:15:49 - [MESSAGE][WARNING] - A browser is already opened. Closing browser and opening a new one

2022-01-12 22:15:49 - [MESSAGE][INFO] - Starting 'Edge Chromium' driver

2022-01-12 22:15:52 - [MESSAGE][INFO] - Action delay is set to 0 milliseconds

2022-01-12 22:15:53 - [MESSAGE][PASSED] - Browser is opened with url: ''

2022-01-12 22:15:53 - [TEST_STEP][PASSED] - maximizeWindow(): Current window maximized

2022-01-12 22:15:53 - [MESSAGE][PASSED] - Current window maximized

2022-01-12 22:15:53 - [TEST_STEP][PASSED] - navigateToUrl("http://localhost/"): Navigate to 'http://localhost/' successfully

2022-01-12 22:15:54 - [MESSAGE][PASSED] - Navigate to 'http://localhost/' successfully

2022-01-12 22:15:54 - [TEST_STEP][PASSED] - click(findTestObject("Object Repository/Page_My Moodle/a_Log in")): Object: 'Object Repository/Page_My Moodle/a_Log in' is clicked on

2022-01-12 22:15:54 - [MESSAGE][PASSED] - Object: 'Object Repository/Page_My Moodle/a_Log in' is clicked on

2022-01-12 22:15:54 - [TEST_STEP][PASSED] - setText(findTestObject("Object Repository/Page_My Moodle Log in to the site/input_Username_username"), "student"): Text 'student' is set on object 'Object Repository/Page_My Moodle Log in to the site/input_Username_username'

2022-01-12 22:15:55 - [MESSAGE][PASSED] - Text 'student' is set on object 'Object Repository/Page_My Moodle Log in to the site/input_Username_username'

2022-01-12 22:15:55 - [TEST_STEP][PASSED] - setEncryptedText(findTestObject("Object Repository/Page_My Moodle Log in to the site/input_Password_password"), "3t5OwH/+bwwlEvOXGw7/rg=="): Text ****** has been set on object 'Object Repository/Page_My Moodle Log in to the site/input_Password_password'

2022-01-12 22:15:56 - [MESSAGE][PASSED] - Text ****** has been set on object 'Object Repository/Page_My Moodle Log in to the site/input_Password_password'

2022-01-12 22:15:56 - [TEST_STEP][PASSED] - click(findTestObject("Object Repository/Page_My Moodle Log in to the site/button_Log in")): Object: 'Object Repository/Page_My Moodle Log in to the site/button_Log in' is clicked on

2022-01-12 22:15:57 - [MESSAGE][PASSED] - Object: 'Object Repository/Page_My Moodle Log in to the site/button_Log in' is clicked on

2022-01-12 22:15:57 - [MESSAGE][PASSED] - Call Test Case 'Test Cases/Login as user (student)' successfully

2022-01-12 22:15:57 - [TEST_STEP][PASSED] - click(findTestObject("Object Repository/Page_Dashboard/a_Trong Le")): Object: 'Object Repository/Page_Dashboard/a_Trong Le' is clicked on

2022-01-12 22:15:59 - [MESSAGE][PASSED] - Object: 'Object Repository/Page_Dashboard/a_Trong Le' is clicked on

2022-01-12 22:15:59 - [TEST_STEP][PASSED] - click(findTestObject("Object Repository/Page_Dashboard/span_Profile")): Object: 'Object Repository/Page_Dashboard/span_Profile' is clicked on

2022-01-12 22:15:59 - [MESSAGE][PASSED] - Object: 'Object Repository/Page_Dashboard/span_Profile' is clicked on

2022-01-12 22:15:59 - [TEST_STEP][PASSED] - click(findTestObject("Object Repository/Page_Trong Le Public profile/a_Message_action-menu-toggle-2")): Object: 'Object Repository/Page_Trong Le Public profile/a_Message_action-menu-toggle-2' is clicked on

2022-01-12 22:16:00 - [MESSAGE][PASSED] - Object: 'Object Repository/Page_Trong Le Public profile/a_Message_action-menu-toggle-2' is clicked on

2022-01-12 22:16:00 - [TEST_STEP][PASSED] - click(findTestObject("Object Repository/Page_Trong Le Public profile/a_Change password")): Object: 'Object Repository/Page_Trong Le Public profile/a_Change password' is clicked on

2022-01-12 22:16:01 - [MESSAGE][PASSED] - Object: 'Object Repository/Page_Trong Le Public profile/a_Change password' is clicked on

2022-01-12 22:16:01 - [TEST_STEP][PASSED] - setEncryptedText(findTestObject("Object Repository/Page_Change password/input_Current password_password"), "3t5OwH/+bwwlEvOXGw7/rg=="): Text ****** has been set on object 'Object Repository/Page_Change password/input_Current password_password'

2022-01-12 22:16:02 - [MESSAGE][PASSED] - Text ****** has been set on object 'Object Repository/Page_Change password/input_Current password_password'

2022-01-12 22:16:02 - [TEST_STEP][PASSED] - setEncryptedText(findTestObject("Object Repository/Page_Change password/input_New password_newpassword1"), "3t5OwH/+bwwlEvOXGw7/rg=="): Text ****** has been set on object 'Object Repository/Page_Change password/input_New password_newpassword1'

2022-01-12 22:16:02 - [MESSAGE][PASSED] - Text ****** has been set on object 'Object Repository/Page_Change password/input_New password_newpassword1'

2022-01-12 22:16:02 - [TEST_STEP][PASSED] - setEncryptedText(findTestObject("Object Repository/Page_Change password/input_New password (again)_newpassword2"), "3t5OwH/+bwwlEvOXGw7/rg=="): Text ****** has been set on object 'Object Repository/Page_Change password/input_New password (again)_newpassword2'

2022-01-12 22:16:03 - [MESSAGE][PASSED] - Text ****** has been set on object 'Object Repository/Page_Change password/input_New password (again)_newpassword2'

2022-01-12 22:16:03 - [TEST_STEP][PASSED] - click(findTestObject("Object Repository/Page_Change password/input_New password (again)_submitbutton")): Object: 'Object Repository/Page_Change password/input_New password (again)_submitbutton' is clicked on

2022-01-12 22:16:04 - [MESSAGE][PASSED] - Object: 'Object Repository/Page_Change password/input_New password (again)_submitbutton' is clicked on]]></system-out>
         <system-err><![CDATA[]]></system-err>
      </testcase>
      <testcase name="Test Cases/Admin upload course (with csv)" time="43.847" classname="Test Cases/Admin upload course (with csv)" status="FAILED">
         <failure type="FAILED" message="Test Cases/Admin upload course (with csv) FAILED.
Reason:
com.kms.katalon.core.exception.StepFailedException: Unable to click on object 'Object Repository/Page_Moodle Administration Search/a_Courses'
	at com.kms.katalon.core.webui.keyword.internal.WebUIKeywordMain.stepFailed(WebUIKeywordMain.groovy:64)
	at com.kms.katalon.core.webui.keyword.internal.WebUIKeywordMain.runKeyword(WebUIKeywordMain.groovy:26)
	at com.kms.katalon.core.webui.keyword.builtin.ClickKeyword.click(ClickKeyword.groovy:74)
	at com.kms.katalon.core.webui.keyword.builtin.ClickKeyword.execute(ClickKeyword.groovy:40)
	at com.kms.katalon.core.keyword.internal.KeywordExecutor.executeKeywordForPlatform(KeywordExecutor.groovy:74)
	at com.kms.katalon.core.webui.keyword.WebUiBuiltInKeywords.click(WebUiBuiltInKeywords.groovy:620)
	at com.kms.katalon.core.webui.keyword.WebUiBuiltInKeywords$click$1.call(Unknown Source)
	at Admin upload course (with csv).run(Admin upload course (with csv):26)
	at com.kms.katalon.core.main.ScriptEngine.run(ScriptEngine.java:194)
	at com.kms.katalon.core.main.ScriptEngine.runScriptAsRawText(ScriptEngine.java:119)
	at com.kms.katalon.core.main.TestCaseExecutor.runScript(TestCaseExecutor.java:442)
	at com.kms.katalon.core.main.TestCaseExecutor.doExecute(TestCaseExecutor.java:433)
	at com.kms.katalon.core.main.TestCaseExecutor.processExecutionPhase(TestCaseExecutor.java:412)
	at com.kms.katalon.core.main.TestCaseExecutor.accessMainPhase(TestCaseExecutor.java:404)
	at com.kms.katalon.core.main.TestCaseExecutor.execute(TestCaseExecutor.java:281)
	at com.kms.katalon.core.main.TestSuiteExecutor.accessTestCaseMainPhase(TestSuiteExecutor.java:202)
	at com.kms.katalon.core.main.TestSuiteExecutor.accessTestSuiteMainPhase(TestSuiteExecutor.java:164)
	at com.kms.katalon.core.main.TestSuiteExecutor.execute(TestSuiteExecutor.java:105)
	at com.kms.katalon.core.main.TestCaseMain.startTestSuite(TestCaseMain.java:181)
	at com.kms.katalon.core.main.TestCaseMain$startTestSuite$0.call(Unknown Source)
	at TempTestSuite1641999428088.run(TempTestSuite1641999428088.groovy:36)
Caused by: com.kms.katalon.core.webui.exception.WebElementNotFoundException: Web element with id: 'Object Repository/Page_Moodle Administration Search/a_Courses' located by '//section[@id='region-main']/div/ul/li[3]/a' not found
	at com.kms.katalon.core.webui.common.WebUiCommonHelper.findWebElement(WebUiCommonHelper.java:1368)
	at com.kms.katalon.core.webui.keyword.internal.WebUIAbstractKeyword.findWebElement(WebUIAbstractKeyword.groovy:27)
	at com.kms.katalon.core.webui.keyword.builtin.ClickKeyword$_click_closure1.doCall(ClickKeyword.groovy:65)
	at com.kms.katalon.core.webui.keyword.builtin.ClickKeyword$_click_closure1.call(ClickKeyword.groovy)
	at com.kms.katalon.core.webui.keyword.internal.WebUIKeywordMain.runKeyword(WebUIKeywordMain.groovy:20)
	... 19 more
"/>
         <system-out><![CDATA[2022-01-12 22:16:04 - [TEST_CASE][FAILED] - Test Cases/Admin upload course (with csv): Test Cases/Admin upload course (with csv) FAILED.
Reason:
com.kms.katalon.core.exception.StepFailedException: Unable to click on object 'Object Repository/Page_Moodle Administration Search/a_Courses'
	at com.kms.katalon.core.webui.keyword.internal.WebUIKeywordMain.stepFailed(WebUIKeywordMain.groovy:64)
	at com.kms.katalon.core.webui.keyword.internal.WebUIKeywordMain.runKeyword(WebUIKeywordMain.groovy:26)
	at com.kms.katalon.core.webui.keyword.builtin.ClickKeyword.click(ClickKeyword.groovy:74)
	at com.kms.katalon.core.webui.keyword.builtin.ClickKeyword.execute(ClickKeyword.groovy:40)
	at com.kms.katalon.core.keyword.internal.KeywordExecutor.executeKeywordForPlatform(KeywordExecutor.groovy:74)
	at com.kms.katalon.core.webui.keyword.WebUiBuiltInKeywords.click(WebUiBuiltInKeywords.groovy:620)
	at com.kms.katalon.core.webui.keyword.WebUiBuiltInKeywords$click$1.call(Unknown Source)
	at Admin upload course (with csv).run(Admin upload course (with csv):26)
	at com.kms.katalon.core.main.ScriptEngine.run(ScriptEngine.java:194)
	at com.kms.katalon.core.main.ScriptEngine.runScriptAsRawText(ScriptEngine.java:119)
	at com.kms.katalon.core.main.TestCaseExecutor.runScript(TestCaseExecutor.java:442)
	at com.kms.katalon.core.main.TestCaseExecutor.doExecute(TestCaseExecutor.java:433)
	at com.kms.katalon.core.main.TestCaseExecutor.processExecutionPhase(TestCaseExecutor.java:412)
	at com.kms.katalon.core.main.TestCaseExecutor.accessMainPhase(TestCaseExecutor.java:404)
	at com.kms.katalon.core.main.TestCaseExecutor.execute(TestCaseExecutor.java:281)
	at com.kms.katalon.core.main.TestSuiteExecutor.accessTestCaseMainPhase(TestSuiteExecutor.java:202)
	at com.kms.katalon.core.main.TestSuiteExecutor.accessTestSuiteMainPhase(TestSuiteExecutor.java:164)
	at com.kms.katalon.core.main.TestSuiteExecutor.execute(TestSuiteExecutor.java:105)
	at com.kms.katalon.core.main.TestCaseMain.startTestSuite(TestCaseMain.java:181)
	at com.kms.katalon.core.main.TestCaseMain$startTestSuite$0.call(Unknown Source)
	at TempTestSuite1641999428088.run(TempTestSuite1641999428088.groovy:36)
Caused by: com.kms.katalon.core.webui.exception.WebElementNotFoundException: Web element with id: 'Object Repository/Page_Moodle Administration Search/a_Courses' located by '//section[@id='region-main']/div/ul/li[3]/a' not found
	at com.kms.katalon.core.webui.common.WebUiCommonHelper.findWebElement(WebUiCommonHelper.java:1368)
	at com.kms.katalon.core.webui.keyword.internal.WebUIAbstractKeyword.findWebElement(WebUIAbstractKeyword.groovy:27)
	at com.kms.katalon.core.webui.keyword.builtin.ClickKeyword$_click_closure1.doCall(ClickKeyword.groovy:65)
	at com.kms.katalon.core.webui.keyword.builtin.ClickKeyword$_click_closure1.call(ClickKeyword.groovy)
	at com.kms.katalon.core.webui.keyword.internal.WebUIKeywordMain.runKeyword(WebUIKeywordMain.groovy:20)
	... 19 more


2022-01-12 22:16:04 - [TEST_STEP][PASSED] - callTestCase(findTestCase("Login as admin"), [:], STOP_ON_FAILURE): Call Test Case 'Test Cases/Login as admin' successfully

2022-01-12 22:16:04 - [TEST_CASE][PASSED] - Test Cases/Login as admin: Test Cases/Login as admin

2022-01-12 22:16:04 - [TEST_STEP][PASSED] - openBrowser(""): Browser is opened with url: ''

2022-01-12 22:16:04 - [MESSAGE][WARNING] - A browser is already opened. Closing browser and opening a new one

2022-01-12 22:16:05 - [MESSAGE][INFO] - Starting 'Edge Chromium' driver

2022-01-12 22:16:07 - [MESSAGE][INFO] - Action delay is set to 0 milliseconds

2022-01-12 22:16:08 - [MESSAGE][PASSED] - Browser is opened with url: ''

2022-01-12 22:16:08 - [TEST_STEP][PASSED] - navigateToUrl("http://localhost/"): Navigate to 'http://localhost/' successfully

2022-01-12 22:16:09 - [MESSAGE][PASSED] - Navigate to 'http://localhost/' successfully

2022-01-12 22:16:09 - [TEST_STEP][PASSED] - click(findTestObject("Object Repository/Page_My Moodle/a_Log in")): Object: 'Object Repository/Page_My Moodle/a_Log in' is clicked on

2022-01-12 22:16:10 - [MESSAGE][PASSED] - Object: 'Object Repository/Page_My Moodle/a_Log in' is clicked on

2022-01-12 22:16:10 - [TEST_STEP][PASSED] - setText(findTestObject("Object Repository/Page_My Moodle Log in to the site/input_Username_username"), "admin"): Text 'admin' is set on object 'Object Repository/Page_My Moodle Log in to the site/input_Username_username'

2022-01-12 22:16:11 - [MESSAGE][PASSED] - Text 'admin' is set on object 'Object Repository/Page_My Moodle Log in to the site/input_Username_username'

2022-01-12 22:16:11 - [TEST_STEP][PASSED] - setEncryptedText(findTestObject("Object Repository/Page_My Moodle Log in to the site/input_Password_password"), "7Dxoto1EjKfQbGop/Ov+1g=="): Text ****** has been set on object 'Object Repository/Page_My Moodle Log in to the site/input_Password_password'

2022-01-12 22:16:11 - [MESSAGE][PASSED] - Text ****** has been set on object 'Object Repository/Page_My Moodle Log in to the site/input_Password_password'

2022-01-12 22:16:11 - [TEST_STEP][PASSED] - click(findTestObject("Object Repository/Page_My Moodle Log in to the site/button_Log in")): Object: 'Object Repository/Page_My Moodle Log in to the site/button_Log in' is clicked on

2022-01-12 22:16:12 - [MESSAGE][PASSED] - Object: 'Object Repository/Page_My Moodle Log in to the site/button_Log in' is clicked on

2022-01-12 22:16:12 - [MESSAGE][PASSED] - Call Test Case 'Test Cases/Login as admin' successfully

2022-01-12 22:16:12 - [TEST_STEP][PASSED] - click(findTestObject("Object Repository/Page_Dashboard/span_Site administration")): Object: 'Object Repository/Page_Dashboard/span_Site administration' is clicked on

2022-01-12 22:16:15 - [MESSAGE][PASSED] - Object: 'Object Repository/Page_Dashboard/span_Site administration' is clicked on

2022-01-12 22:16:15 - [TEST_STEP][PASSED] - navigateToUrl("http://localhost/admin/search.php"): Navigate to 'http://localhost/admin/search.php' successfully

2022-01-12 22:16:16 - [MESSAGE][PASSED] - Navigate to 'http://localhost/admin/search.php' successfully

2022-01-12 22:16:16 - [TEST_STEP][FAILED] - click(findTestObject("Object Repository/Page_Moodle Administration Search/a_Courses")): Unable to click on object 'Object Repository/Page_Moodle Administration Search/a_Courses' (Root cause: com.kms.katalon.core.exception.StepFailedException: Unable to click on object 'Object Repository/Page_Moodle Administration Search/a_Courses'
	at com.kms.katalon.core.webui.keyword.internal.WebUIKeywordMain.stepFailed(WebUIKeywordMain.groovy:64)
	at com.kms.katalon.core.webui.keyword.internal.WebUIKeywordMain.runKeyword(WebUIKeywordMain.groovy:26)
	at com.kms.katalon.core.webui.keyword.builtin.ClickKeyword.click(ClickKeyword.groovy:74)
	at com.kms.katalon.core.webui.keyword.builtin.ClickKeyword.execute(ClickKeyword.groovy:40)
	at com.kms.katalon.core.keyword.internal.KeywordExecutor.executeKeywordForPlatform(KeywordExecutor.groovy:74)
	at com.kms.katalon.core.webui.keyword.WebUiBuiltInKeywords.click(WebUiBuiltInKeywords.groovy:620)
	at com.kms.katalon.core.webui.keyword.WebUiBuiltInKeywords$click$1.call(Unknown Source)
	at Admin upload course (with csv).run(Admin upload course (with csv):26)
	at com.kms.katalon.core.main.ScriptEngine.run(ScriptEngine.java:194)
	at com.kms.katalon.core.main.ScriptEngine.runScriptAsRawText(ScriptEngine.java:119)
	at com.kms.katalon.core.main.TestCaseExecutor.runScript(TestCaseExecutor.java:442)
	at com.kms.katalon.core.main.TestCaseExecutor.doExecute(TestCaseExecutor.java:433)
	at com.kms.katalon.core.main.TestCaseExecutor.processExecutionPhase(TestCaseExecutor.java:412)
	at com.kms.katalon.core.main.TestCaseExecutor.accessMainPhase(TestCaseExecutor.java:404)
	at com.kms.katalon.core.main.TestCaseExecutor.execute(TestCaseExecutor.java:281)
	at com.kms.katalon.core.main.TestSuiteExecutor.accessTestCaseMainPhase(TestSuiteExecutor.java:202)
	at com.kms.katalon.core.main.TestSuiteExecutor.accessTestSuiteMainPhase(TestSuiteExecutor.java:164)
	at com.kms.katalon.core.main.TestSuiteExecutor.execute(TestSuiteExecutor.java:105)
	at com.kms.katalon.core.main.TestCaseMain.startTestSuite(TestCaseMain.java:181)
	at com.kms.katalon.core.main.TestCaseMain$startTestSuite$0.call(Unknown Source)
	at TempTestSuite1641999428088.run(TempTestSuite1641999428088.groovy:36)
Caused by: com.kms.katalon.core.webui.exception.WebElementNotFoundException: Web element with id: 'Object Repository/Page_Moodle Administration Search/a_Courses' located by '//section[@id='region-main']/div/ul/li[3]/a' not found
	at com.kms.katalon.core.webui.common.WebUiCommonHelper.findWebElement(WebUiCommonHelper.java:1368)
	at com.kms.katalon.core.webui.keyword.internal.WebUIAbstractKeyword.findWebElement(WebUIAbstractKeyword.groovy:27)
	at com.kms.katalon.core.webui.keyword.builtin.ClickKeyword$_click_closure1.doCall(ClickKeyword.groovy:65)
	at com.kms.katalon.core.webui.keyword.builtin.ClickKeyword$_click_closure1.call(ClickKeyword.groovy)
	at com.kms.katalon.core.webui.keyword.internal.WebUIKeywordMain.runKeyword(WebUIKeywordMain.groovy:20)
	at com.kms.katalon.core.webui.keyword.builtin.ClickKeyword.click(ClickKeyword.groovy:74)
	at com.kms.katalon.core.webui.keyword.builtin.ClickKeyword.execute(ClickKeyword.groovy:40)
	at com.kms.katalon.core.keyword.internal.KeywordExecutor.executeKeywordForPlatform(KeywordExecutor.groovy:74)
	at com.kms.katalon.core.webui.keyword.WebUiBuiltInKeywords.click(WebUiBuiltInKeywords.groovy:620)
	at com.kms.katalon.core.webui.keyword.WebUiBuiltInKeywords$click$1.call(Unknown Source)
	at Script1641567394524.run(Script1641567394524.groovy:26)
	... 13 more
)

2022-01-12 22:16:47 - [MESSAGE][INFO] - Unable to find the element located by 'By.xpath: //section[@id='region-main']/div/ul/li[3]/a'. Please recheck the objects properties to make sure the desired element is located. 

2022-01-12 22:16:47 - [MESSAGE][FAILED] - Unable to click on object 'Object Repository/Page_Moodle Administration Search/a_Courses' (Root cause: com.kms.katalon.core.exception.StepFailedException: Unable to click on object 'Object Repository/Page_Moodle Administration Search/a_Courses'
	at com.kms.katalon.core.webui.keyword.internal.WebUIKeywordMain.stepFailed(WebUIKeywordMain.groovy:64)
	at com.kms.katalon.core.webui.keyword.internal.WebUIKeywordMain.runKeyword(WebUIKeywordMain.groovy:26)
	at com.kms.katalon.core.webui.keyword.builtin.ClickKeyword.click(ClickKeyword.groovy:74)
	at com.kms.katalon.core.webui.keyword.builtin.ClickKeyword.execute(ClickKeyword.groovy:40)
	at com.kms.katalon.core.keyword.internal.KeywordExecutor.executeKeywordForPlatform(KeywordExecutor.groovy:74)
	at com.kms.katalon.core.webui.keyword.WebUiBuiltInKeywords.click(WebUiBuiltInKeywords.groovy:620)
	at com.kms.katalon.core.webui.keyword.WebUiBuiltInKeywords$click$1.call(Unknown Source)
	at Admin upload course (with csv).run(Admin upload course (with csv):26)
	at com.kms.katalon.core.main.ScriptEngine.run(ScriptEngine.java:194)
	at com.kms.katalon.core.main.ScriptEngine.runScriptAsRawText(ScriptEngine.java:119)
	at com.kms.katalon.core.main.TestCaseExecutor.runScript(TestCaseExecutor.java:442)
	at com.kms.katalon.core.main.TestCaseExecutor.doExecute(TestCaseExecutor.java:433)
	at com.kms.katalon.core.main.TestCaseExecutor.processExecutionPhase(TestCaseExecutor.java:412)
	at com.kms.katalon.core.main.TestCaseExecutor.accessMainPhase(TestCaseExecutor.java:404)
	at com.kms.katalon.core.main.TestCaseExecutor.execute(TestCaseExecutor.java:281)
	at com.kms.katalon.core.main.TestSuiteExecutor.accessTestCaseMainPhase(TestSuiteExecutor.java:202)
	at com.kms.katalon.core.main.TestSuiteExecutor.accessTestSuiteMainPhase(TestSuiteExecutor.java:164)
	at com.kms.katalon.core.main.TestSuiteExecutor.execute(TestSuiteExecutor.java:105)
	at com.kms.katalon.core.main.TestCaseMain.startTestSuite(TestCaseMain.java:181)
	at com.kms.katalon.core.main.TestCaseMain$startTestSuite$0.call(Unknown Source)
	at TempTestSuite1641999428088.run(TempTestSuite1641999428088.groovy:36)
Caused by: com.kms.katalon.core.webui.exception.WebElementNotFoundException: Web element with id: 'Object Repository/Page_Moodle Administration Search/a_Courses' located by '//section[@id='region-main']/div/ul/li[3]/a' not found
	at com.kms.katalon.core.webui.common.WebUiCommonHelper.findWebElement(WebUiCommonHelper.java:1368)
	at com.kms.katalon.core.webui.keyword.internal.WebUIAbstractKeyword.findWebElement(WebUIAbstractKeyword.groovy:27)
	at com.kms.katalon.core.webui.keyword.builtin.ClickKeyword$_click_closure1.doCall(ClickKeyword.groovy:65)
	at com.kms.katalon.core.webui.keyword.builtin.ClickKeyword$_click_closure1.call(ClickKeyword.groovy)
	at com.kms.katalon.core.webui.keyword.internal.WebUIKeywordMain.runKeyword(WebUIKeywordMain.groovy:20)
	at com.kms.katalon.core.webui.keyword.builtin.ClickKeyword.click(ClickKeyword.groovy:74)
	at com.kms.katalon.core.webui.keyword.builtin.ClickKeyword.execute(ClickKeyword.groovy:40)
	at com.kms.katalon.core.keyword.internal.KeywordExecutor.executeKeywordForPlatform(KeywordExecutor.groovy:74)
	at com.kms.katalon.core.webui.keyword.WebUiBuiltInKeywords.click(WebUiBuiltInKeywords.groovy:620)
	at com.kms.katalon.core.webui.keyword.WebUiBuiltInKeywords$click$1.call(Unknown Source)
	at Script1641567394524.run(Script1641567394524.groovy:26)
	... 13 more
)
[[ATTACHMENT|D:\\Test-Automation---SE-Bonus\\Reports\\20220112_215708\\Run all test cases\\20220112_215708\\1642000607855.png]]]]></system-out>
         <system-err><![CDATA[2022-01-12 22:16:04 - [TEST_CASE][FAILED] - Test Cases/Admin upload course (with csv): Test Cases/Admin upload course (with csv) FAILED.
Reason:
com.kms.katalon.core.exception.StepFailedException: Unable to click on object 'Object Repository/Page_Moodle Administration Search/a_Courses'
	at com.kms.katalon.core.webui.keyword.internal.WebUIKeywordMain.stepFailed(WebUIKeywordMain.groovy:64)
	at com.kms.katalon.core.webui.keyword.internal.WebUIKeywordMain.runKeyword(WebUIKeywordMain.groovy:26)
	at com.kms.katalon.core.webui.keyword.builtin.ClickKeyword.click(ClickKeyword.groovy:74)
	at com.kms.katalon.core.webui.keyword.builtin.ClickKeyword.execute(ClickKeyword.groovy:40)
	at com.kms.katalon.core.keyword.internal.KeywordExecutor.executeKeywordForPlatform(KeywordExecutor.groovy:74)
	at com.kms.katalon.core.webui.keyword.WebUiBuiltInKeywords.click(WebUiBuiltInKeywords.groovy:620)
	at com.kms.katalon.core.webui.keyword.WebUiBuiltInKeywords$click$1.call(Unknown Source)
	at Admin upload course (with csv).run(Admin upload course (with csv):26)
	at com.kms.katalon.core.main.ScriptEngine.run(ScriptEngine.java:194)
	at com.kms.katalon.core.main.ScriptEngine.runScriptAsRawText(ScriptEngine.java:119)
	at com.kms.katalon.core.main.TestCaseExecutor.runScript(TestCaseExecutor.java:442)
	at com.kms.katalon.core.main.TestCaseExecutor.doExecute(TestCaseExecutor.java:433)
	at com.kms.katalon.core.main.TestCaseExecutor.processExecutionPhase(TestCaseExecutor.java:412)
	at com.kms.katalon.core.main.TestCaseExecutor.accessMainPhase(TestCaseExecutor.java:404)
	at com.kms.katalon.core.main.TestCaseExecutor.execute(TestCaseExecutor.java:281)
	at com.kms.katalon.core.main.TestSuiteExecutor.accessTestCaseMainPhase(TestSuiteExecutor.java:202)
	at com.kms.katalon.core.main.TestSuiteExecutor.accessTestSuiteMainPhase(TestSuiteExecutor.java:164)
	at com.kms.katalon.core.main.TestSuiteExecutor.execute(TestSuiteExecutor.java:105)
	at com.kms.katalon.core.main.TestCaseMain.startTestSuite(TestCaseMain.java:181)
	at com.kms.katalon.core.main.TestCaseMain$startTestSuite$0.call(Unknown Source)
	at TempTestSuite1641999428088.run(TempTestSuite1641999428088.groovy:36)
Caused by: com.kms.katalon.core.webui.exception.WebElementNotFoundException: Web element with id: 'Object Repository/Page_Moodle Administration Search/a_Courses' located by '//section[@id='region-main']/div/ul/li[3]/a' not found
	at com.kms.katalon.core.webui.common.WebUiCommonHelper.findWebElement(WebUiCommonHelper.java:1368)
	at com.kms.katalon.core.webui.keyword.internal.WebUIAbstractKeyword.findWebElement(WebUIAbstractKeyword.groovy:27)
	at com.kms.katalon.core.webui.keyword.builtin.ClickKeyword$_click_closure1.doCall(ClickKeyword.groovy:65)
	at com.kms.katalon.core.webui.keyword.builtin.ClickKeyword$_click_closure1.call(ClickKeyword.groovy)
	at com.kms.katalon.core.webui.keyword.internal.WebUIKeywordMain.runKeyword(WebUIKeywordMain.groovy:20)
	... 19 more]]></system-err>
      </testcase>
      <testcase name="Test Cases/Admin upload course (with wrong csv)" time="19.708" classname="Test Cases/Admin upload course (with wrong csv)" status="PASSED">
         <system-out><![CDATA[2022-01-12 22:16:47 - [TEST_CASE][PASSED] - Test Cases/Admin upload course (with wrong csv): Test Cases/Admin upload course (with wrong csv)

2022-01-12 22:16:48 - [TEST_STEP][PASSED] - callTestCase(findTestCase("Login as admin"), [:], STOP_ON_FAILURE): Call Test Case 'Test Cases/Login as admin' successfully

2022-01-12 22:16:48 - [TEST_CASE][PASSED] - Test Cases/Login as admin: Test Cases/Login as admin

2022-01-12 22:16:48 - [TEST_STEP][PASSED] - openBrowser(""): Browser is opened with url: ''

2022-01-12 22:16:48 - [MESSAGE][WARNING] - A browser is already opened. Closing browser and opening a new one

2022-01-12 22:16:49 - [MESSAGE][INFO] - Starting 'Edge Chromium' driver

2022-01-12 22:16:51 - [MESSAGE][INFO] - Action delay is set to 0 milliseconds

2022-01-12 22:16:52 - [MESSAGE][PASSED] - Browser is opened with url: ''

2022-01-12 22:16:52 - [TEST_STEP][PASSED] - navigateToUrl("http://localhost/"): Navigate to 'http://localhost/' successfully

2022-01-12 22:16:53 - [MESSAGE][PASSED] - Navigate to 'http://localhost/' successfully

2022-01-12 22:16:53 - [TEST_STEP][PASSED] - click(findTestObject("Object Repository/Page_My Moodle/a_Log in")): Object: 'Object Repository/Page_My Moodle/a_Log in' is clicked on

2022-01-12 22:16:54 - [MESSAGE][PASSED] - Object: 'Object Repository/Page_My Moodle/a_Log in' is clicked on

2022-01-12 22:16:54 - [TEST_STEP][PASSED] - setText(findTestObject("Object Repository/Page_My Moodle Log in to the site/input_Username_username"), "admin"): Text 'admin' is set on object 'Object Repository/Page_My Moodle Log in to the site/input_Username_username'

2022-01-12 22:16:55 - [MESSAGE][PASSED] - Text 'admin' is set on object 'Object Repository/Page_My Moodle Log in to the site/input_Username_username'

2022-01-12 22:16:55 - [TEST_STEP][PASSED] - setEncryptedText(findTestObject("Object Repository/Page_My Moodle Log in to the site/input_Password_password"), "7Dxoto1EjKfQbGop/Ov+1g=="): Text ****** has been set on object 'Object Repository/Page_My Moodle Log in to the site/input_Password_password'

2022-01-12 22:16:55 - [MESSAGE][PASSED] - Text ****** has been set on object 'Object Repository/Page_My Moodle Log in to the site/input_Password_password'

2022-01-12 22:16:55 - [TEST_STEP][PASSED] - click(findTestObject("Object Repository/Page_My Moodle Log in to the site/button_Log in")): Object: 'Object Repository/Page_My Moodle Log in to the site/button_Log in' is clicked on

2022-01-12 22:16:56 - [MESSAGE][PASSED] - Object: 'Object Repository/Page_My Moodle Log in to the site/button_Log in' is clicked on

2022-01-12 22:16:56 - [MESSAGE][PASSED] - Call Test Case 'Test Cases/Login as admin' successfully

2022-01-12 22:16:56 - [TEST_STEP][PASSED] - click(findTestObject("Object Repository/Page_Dashboard/span_Site administration")): Object: 'Object Repository/Page_Dashboard/span_Site administration' is clicked on

2022-01-12 22:16:59 - [MESSAGE][PASSED] - Object: 'Object Repository/Page_Dashboard/span_Site administration' is clicked on

2022-01-12 22:16:59 - [TEST_STEP][PASSED] - navigateToUrl("http://localhost/admin/search.php"): Navigate to 'http://localhost/admin/search.php' successfully

2022-01-12 22:16:59 - [MESSAGE][PASSED] - Navigate to 'http://localhost/admin/search.php' successfully

2022-01-12 22:16:59 - [TEST_STEP][PASSED] - click(findTestObject("Object Repository/Page_Moodle Administration Search/a_Courses")): Object: 'Object Repository/Page_Moodle Administration Search/a_Courses' is clicked on

2022-01-12 22:17:00 - [MESSAGE][PASSED] - Object: 'Object Repository/Page_Moodle Administration Search/a_Courses' is clicked on

2022-01-12 22:17:00 - [TEST_STEP][PASSED] - click(findTestObject("Object Repository/Page_Moodle Administration Search/a_Upload courses")): Object: 'Object Repository/Page_Moodle Administration Search/a_Upload courses' is clicked on

2022-01-12 22:17:01 - [MESSAGE][PASSED] - Object: 'Object Repository/Page_Moodle Administration Search/a_Upload courses' is clicked on

2022-01-12 22:17:01 - [TEST_STEP][PASSED] - click(findTestObject("Object Repository/Page_Moodle Administration Courses Upload courses/input_File_coursefilechoose")): Object: 'Object Repository/Page_Moodle Administration Courses Upload courses/input_File_coursefilechoose' is clicked on

2022-01-12 22:17:01 - [MESSAGE][PASSED] - Object: 'Object Repository/Page_Moodle Administration Courses Upload courses/input_File_coursefilechoose' is clicked on

2022-01-12 22:17:01 - [TEST_STEP][PASSED] - click(findTestObject("Object Repository/Page_Moodle Administration Courses Upload courses/div_Search repository_yui_3_17_2_1_16415695_8aacf9")): Object: 'Object Repository/Page_Moodle Administration Courses Upload courses/div_Search repository_yui_3_17_2_1_16415695_8aacf9' is clicked on

2022-01-12 22:17:02 - [MESSAGE][PASSED] - Object: 'Object Repository/Page_Moodle Administration Courses Upload courses/div_Search repository_yui_3_17_2_1_16415695_8aacf9' is clicked on

2022-01-12 22:17:02 - [TEST_STEP][PASSED] - click(findTestObject("Object Repository/Page_Moodle Administration Courses Upload courses/button_Select this file")): Object: 'Object Repository/Page_Moodle Administration Courses Upload courses/button_Select this file' is clicked on

2022-01-12 22:17:03 - [MESSAGE][PASSED] - Object: 'Object Repository/Page_Moodle Administration Courses Upload courses/button_Select this file' is clicked on

2022-01-12 22:17:03 - [TEST_STEP][PASSED] - click(findTestObject("Object Repository/Page_Moodle Administration Courses Upload courses/input_Allow resets_submitbutton")): Object: 'Object Repository/Page_Moodle Administration Courses Upload courses/input_Allow resets_submitbutton' is clicked on

2022-01-12 22:17:04 - [MESSAGE][PASSED] - Object: 'Object Repository/Page_Moodle Administration Courses Upload courses/input_Allow resets_submitbutton' is clicked on

2022-01-12 22:17:04 - [TEST_STEP][PASSED] - click(findTestObject("Object Repository/Page_Moodle Administration Courses Upload courses/input_Allow resets_submitbutton")): Object: 'Object Repository/Page_Moodle Administration Courses Upload courses/input_Allow resets_submitbutton' is clicked on

2022-01-12 22:17:06 - [MESSAGE][PASSED] - Object: 'Object Repository/Page_Moodle Administration Courses Upload courses/input_Allow resets_submitbutton' is clicked on

2022-01-12 22:17:06 - [TEST_STEP][PASSED] - click(findTestObject("Object Repository/Page_Moodle Administration Courses Upload courses/td_Missing value for mandatory fields fullname")): Object: 'Object Repository/Page_Moodle Administration Courses Upload courses/td_Missing value for mandatory fields fullname' is clicked on

2022-01-12 22:17:06 - [MESSAGE][PASSED] - Object: 'Object Repository/Page_Moodle Administration Courses Upload courses/td_Missing value for mandatory fields fullname' is clicked on

2022-01-12 22:17:06 - [TEST_STEP][PASSED] - click(findTestObject("Object Repository/Page_Moodle Administration Courses Upload courses/button_Continue")): Object: 'Object Repository/Page_Moodle Administration Courses Upload courses/button_Continue' is clicked on

2022-01-12 22:17:07 - [MESSAGE][PASSED] - Object: 'Object Repository/Page_Moodle Administration Courses Upload courses/button_Continue' is clicked on]]></system-out>
         <system-err><![CDATA[]]></system-err>
      </testcase>
      <system-out><![CDATA[2022-01-12 21:57:18 - [TEST_SUITE][FAILED] - Run all test cases: Test Cases/Admin edit profile (change email) FAILED.
Reason:
com.kms.katalon.core.exception.StepFailedException: Unable to click on object 'Object Repository/Page_Preferences/a_Edit profile'
	at com.kms.katalon.core.webui.keyword.internal.WebUIKeywordMain.stepFailed(WebUIKeywordMain.groovy:64)
	at com.kms.katalon.core.webui.keyword.internal.WebUIKeywordMain.runKeyword(WebUIKeywordMain.groovy:26)
	at com.kms.katalon.core.webui.keyword.builtin.ClickKeyword.click(ClickKeyword.groovy:74)
	at com.kms.katalon.core.webui.keyword.builtin.ClickKeyword.execute(ClickKeyword.groovy:40)
	at com.kms.katalon.core.keyword.internal.KeywordExecutor.executeKeywordForPlatform(KeywordExecutor.groovy:74)
	at com.kms.katalon.core.webui.keyword.WebUiBuiltInKeywords.click(WebUiBuiltInKeywords.groovy:620)
	at com.kms.katalon.core.webui.keyword.WebUiBuiltInKeywords$click$1.call(Unknown Source)
	at Admin edit profile (change email).run(Admin edit profile (change email):28)
	at com.kms.katalon.core.main.ScriptEngine.run(ScriptEngine.java:194)
	at com.kms.katalon.core.main.ScriptEngine.runScriptAsRawText(ScriptEngine.java:119)
	at com.kms.katalon.core.main.TestCaseExecutor.runScript(TestCaseExecutor.java:442)
	at com.kms.katalon.core.main.TestCaseExecutor.doExecute(TestCaseExecutor.java:433)
	at com.kms.katalon.core.main.TestCaseExecutor.processExecutionPhase(TestCaseExecutor.java:412)
	at com.kms.katalon.core.main.TestCaseExecutor.accessMainPhase(TestCaseExecutor.java:404)
	at com.kms.katalon.core.main.TestCaseExecutor.execute(TestCaseExecutor.java:281)
	at com.kms.katalon.core.main.TestSuiteExecutor.accessTestCaseMainPhase(TestSuiteExecutor.java:202)
	at com.kms.katalon.core.main.TestSuiteExecutor.accessTestSuiteMainPhase(TestSuiteExecutor.java:164)
	at com.kms.katalon.core.main.TestSuiteExecutor.execute(TestSuiteExecutor.java:105)
	at com.kms.katalon.core.main.TestCaseMain.startTestSuite(TestCaseMain.java:181)
	at com.kms.katalon.core.main.TestCaseMain$startTestSuite$0.call(Unknown Source)
	at TempTestSuite1641999428088.run(TempTestSuite1641999428088.groovy:36)
Caused by: com.kms.katalon.core.webui.exception.WebElementNotFoundException: Web element with id: 'Object Repository/Page_Preferences/a_Edit profile' located by '//section[@id='region-main']/div/div/div/div/div/div/div/div/a' not found
	at com.kms.katalon.core.webui.common.WebUiCommonHelper.findWebElement(WebUiCommonHelper.java:1368)
	at com.kms.katalon.core.webui.keyword.internal.WebUIAbstractKeyword.findWebElement(WebUIAbstractKeyword.groovy:27)
	at com.kms.katalon.core.webui.keyword.builtin.ClickKeyword$_click_closure1.doCall(ClickKeyword.groovy:65)
	at com.kms.katalon.core.webui.keyword.builtin.ClickKeyword$_click_closure1.call(ClickKeyword.groovy)
	at com.kms.katalon.core.webui.keyword.internal.WebUIKeywordMain.runKeyword(WebUIKeywordMain.groovy:20)
	... 19 more]]></system-out>
      <system-err><![CDATA[2022-01-12 21:57:18 - [TEST_SUITE][FAILED] - Run all test cases: Test Cases/Admin edit profile (change email) FAILED.
Reason:
com.kms.katalon.core.exception.StepFailedException: Unable to click on object 'Object Repository/Page_Preferences/a_Edit profile'
	at com.kms.katalon.core.webui.keyword.internal.WebUIKeywordMain.stepFailed(WebUIKeywordMain.groovy:64)
	at com.kms.katalon.core.webui.keyword.internal.WebUIKeywordMain.runKeyword(WebUIKeywordMain.groovy:26)
	at com.kms.katalon.core.webui.keyword.builtin.ClickKeyword.click(ClickKeyword.groovy:74)
	at com.kms.katalon.core.webui.keyword.builtin.ClickKeyword.execute(ClickKeyword.groovy:40)
	at com.kms.katalon.core.keyword.internal.KeywordExecutor.executeKeywordForPlatform(KeywordExecutor.groovy:74)
	at com.kms.katalon.core.webui.keyword.WebUiBuiltInKeywords.click(WebUiBuiltInKeywords.groovy:620)
	at com.kms.katalon.core.webui.keyword.WebUiBuiltInKeywords$click$1.call(Unknown Source)
	at Admin edit profile (change email).run(Admin edit profile (change email):28)
	at com.kms.katalon.core.main.ScriptEngine.run(ScriptEngine.java:194)
	at com.kms.katalon.core.main.ScriptEngine.runScriptAsRawText(ScriptEngine.java:119)
	at com.kms.katalon.core.main.TestCaseExecutor.runScript(TestCaseExecutor.java:442)
	at com.kms.katalon.core.main.TestCaseExecutor.doExecute(TestCaseExecutor.java:433)
	at com.kms.katalon.core.main.TestCaseExecutor.processExecutionPhase(TestCaseExecutor.java:412)
	at com.kms.katalon.core.main.TestCaseExecutor.accessMainPhase(TestCaseExecutor.java:404)
	at com.kms.katalon.core.main.TestCaseExecutor.execute(TestCaseExecutor.java:281)
	at com.kms.katalon.core.main.TestSuiteExecutor.accessTestCaseMainPhase(TestSuiteExecutor.java:202)
	at com.kms.katalon.core.main.TestSuiteExecutor.accessTestSuiteMainPhase(TestSuiteExecutor.java:164)
	at com.kms.katalon.core.main.TestSuiteExecutor.execute(TestSuiteExecutor.java:105)
	at com.kms.katalon.core.main.TestCaseMain.startTestSuite(TestCaseMain.java:181)
	at com.kms.katalon.core.main.TestCaseMain$startTestSuite$0.call(Unknown Source)
	at TempTestSuite1641999428088.run(TempTestSuite1641999428088.groovy:36)
Caused by: com.kms.katalon.core.webui.exception.WebElementNotFoundException: Web element with id: 'Object Repository/Page_Preferences/a_Edit profile' located by '//section[@id='region-main']/div/div/div/div/div/div/div/div/a' not found
	at com.kms.katalon.core.webui.common.WebUiCommonHelper.findWebElement(WebUiCommonHelper.java:1368)
	at com.kms.katalon.core.webui.keyword.internal.WebUIAbstractKeyword.findWebElement(WebUIAbstractKeyword.groovy:27)
	at com.kms.katalon.core.webui.keyword.builtin.ClickKeyword$_click_closure1.doCall(ClickKeyword.groovy:65)
	at com.kms.katalon.core.webui.keyword.builtin.ClickKeyword$_click_closure1.call(ClickKeyword.groovy)
	at com.kms.katalon.core.webui.keyword.internal.WebUIKeywordMain.runKeyword(WebUIKeywordMain.groovy:20)
	... 19 more]]></system-err>
   </testsuite>
</testsuites>
